1630834427.358 46 41 38 31 28 25 23
1630834427.645 46 40 39 30 27 26 24
1630834427.857 47 40 40 33 28 24 26
1630834428.107 48 39 42 32 27 25 24
1630834428.357 46 41 38 30 28 27 24
1630834428.609 49 39 39 31 29 25 24
1630834428.856 46 38 38 31 28 23 24
1630834429.107 47 41 39 33 28 24 24
1630834429.356 48 40 38 31 31 23 25
1630834429.606 48 39 39 30 28 25 25
1630834429.856 49 37 40 29 30 26 24
1630834430.106 48 41 39 31 29 24 23
1630834430.356 47 40 38 30 28 24 25
1630834430.607 47 39 38 30 28 25 24
1630834430.857 46 40 38 31 28 25 25
1630834431.107 47 40 38 30 30 25 25
1630834431.356 47 41 39 30 29 25 24
1630834431.606 47 38 39 31 30 24 25
1630834431.856 46 41 39 30 29 27 24
1630834432.107 48 41 38 32 29 25 25
1630834432.356 45 40 39 30 28 24 26
1630834432.608 51 42 39 32 28 23 24
1630834432.858 49 42 39 33 31 24 24
1630834433.107 48 42 41 31 28 24 24
1630834433.357 48 41 37 33 28 26 25
1630834433.608 49 40 40 31 28 24 23
1630834433.861 47 41 38 31 30 24 23
1630834434.112 47 39 40 33 28 24 24
1630834434.358 49 40 39 31 29 25 25
1630834434.607 49 41 38 32 30 22 24
1630834434.858 46 40 38 32 31 24 22
1630834435.107 46 43 37 30 29 24 23
1630834435.357 46 39 38 31 31 23 24
1630834435.608 45 40 37 33 29 24 23
1630834435.858 47 40 39 32 27 25 24
1630834436.107 45 39 40 30 26 23 23
1630834436.359 47 42 36 32 30 27 23
1630834436.606 49 40 38 29 28 24 24
1630834436.859 46 38 40 30 30 24 24
1630834437.106 48 41 37 30 28 23 24
1630834437.359 49 40 36 32 28 24 22
1630834437.609 46 41 39 31 26 26 22
1630834437.857 46 40 38 29 29 23 25
1630834438.110 46 40 39 32 29 26 24
1630834438.360 48 41 38 32 26 24 23
1630834438.607 46 39 38 34 29 24 24
1630834438.859 48 41 39 31 29 24 22
1630834439.110 48 41 39 33 29 24 23
1630834439.360 46 40 39 33 31 23 24
1630834439.606 47 39 37 31 28 24 24
1630834439.857 49 39 39 31 28 25 24
1630834440.109 47 40 39 31 26 25 24
1630834440.357 47 40 39 32 27 25 24
1630834440.606 47 42 41 30 28 26 24
1630834440.856 44 41 40 31 27 23 26
1630834441.107 46 40 40 32 28 27 24
1630834441.357 47 39 40 30 28 25 24
1630834441.607 48 40 38 31 28 26 23
1630834441.856 44 40 40 32 27 26 26
1630834442.108 47 40 41 32 29 24 25
1630834442.357 48 41 39 34 29 25 24
1630834442.607 49 39 41 32 28 24 23
1630834442.857 46 40 39 31 28 23 25
1630834443.109 47 38 39 31 28 24 23
1630834443.358 45 40 39 31 27 23 25
1630834443.606 49 39 38 31 27 23 23
1630834443.857 47 42 41 32 27 24 26
1630834444.111 47 41 39 32 27 23 24
1630834444.359 48 39 39 30 28 26 27
1630834444.608 48 40 39 32 28 23 24
1630834444.859 47 38 38 33 28 25 23
1630834445.106 47 40 39 30 28 26 23
1630834445.356 47 41 40 32 28 25 23
1630834445.608 47 43 41 34 28 25 23
1630834445.856 47 39 39 32 26 24 26
1630834446.107 47 40 40 31 27 24 23
1630834446.357 46 41 37 32 28 25 23
1630834446.608 47 39 38 32 29 26 24
1630834446.858 48 41 40 32 27 25 24
1630834447.108 45 39 40 32 28 25 25
1630834447.357 46 39 40 32 29 24 25
1630834447.607 46 39 39 31 27 25 26
1630834447.857 46 39 38 29 27 24 26
1630834448.107 47 41 40 31 28 25 23
1630834448.357 48 39 40 29 28 26 25
1630834448.607 45 40 39 31 28 26 26
1630834448.857 47 42 40 32 30 25 25
1630834449.106 48 39 39 33 28 24 24
1630834449.357 48 41 40 32 29 24 23
1630834449.607 46 39 39 31 28 24 26
1630834449.863 47 40 38 32 27 24 23
1630834450.108 47 40 40 33 30 25 24
1630834450.357 47 39 39 30 28 25 24
1630834450.607 46 42 38 32 29 24 24
1630834450.858 47 40 38 30 30 26 24
1630834451.109 48 39 38 30 26 25 26
1630834451.357 48 40 37 32 28 27 23
1630834451.607 47 39 38 32 29 24 28
1630834451.856 50 38 40 31 28 25 23
1630834452.112 48 41 37 32 29 25 27
1630834452.358 47 40 38 32 30 25 24
1630834452.607 48 41 40 31 28 24 24
1630834452.857 48 39 37 31 30 24 24
1630834453.107 46 42 39 29 28 25 24
1630834453.359 46 40 39 30 29 25 25
1630834453.608 45 39 38 29 30 23 25
1630834453.863 47 39 38 30 31 26 26
1630834454.107 46 39 38 30 28 25 25
1630834454.357 47 40 40 28 31 24 25
1630834454.612 48 40 38 29 28 26 25
1630834454.856 45 40 38 32 29 24 25
1630834455.106 47 42 39 32 28 25 24
1630834455.357 46 42 38 32 29 26 25
1630834455.607 47 39 38 31 27 25 26
1630834455.857 49 40 40 31 29 24 23
1630834456.107 46 40 41 36 28 26 25
1630834456.357 48 40 40 32 31 25 25
1630834456.607 48 41 39 31 29 25 23
1630834456.857 47 39 38 31 28 25 24
1630834457.108 46 42 37 32 29 25 25
1630834457.356 47 39 39 30 31 28 25
1630834457.607 46 40 39 31 28 24 25
1630834457.862 47 40 40 31 29 28 24
1630834458.110 48 40 39 33 28 24 23
1630834458.357 47 39 41 32 27 27 24
1630834458.607 47 41 41 32 28 26 24
1630834458.864 49 41 37 31 28 27 25
1630834459.111 46 39 39 31 29 26 27
1630834459.358 47 41 36 30 28 26 24
1630834459.609 49 41 39 32 31 26 25
1630834459.861 48 40 39 31 28 25 23
1630834460.109 47 40 40 32 29 25 24
1630834460.362 45 42 38 33 28 25 25
1630834460.608 47 41 38 32 27 25 24
1630834460.859 46 40 38 32 29 23 22
1630834461.109 47 43 41 32 30 24 25
1630834461.357 46 40 41 30 28 24 24
1630834461.608 47 41 38 34 29 26 24
1630834461.857 46 41 39 31 27 26 24
1630834462.109 49 41 39 32 28 24 24
1630834462.357 46 41 39 30 28 25 25
1630834462.607 49 41 39 29 27 26 23
1630834462.857 48 39 37 32 29 25 23
1630834463.107 47 43 39 33 26 24 24
1630834463.357 46 41 40 32 28 24 24
1630834463.606 48 41 40 32 28 22 26
1630834463.860 46 41 38 35 28 26 26
1630834464.106 46 41 39 31 28 25 25
1630834464.357 50 40 37 31 29 25 25
1630834464.607 46 40 39 32 27 24 23
1630834464.857 46 39 40 33 28 24 25
1630834465.107 46 39 39 31 30 24 23
1630834465.358 47 41 40 31 27 25 24
1630834465.609 47 40 38 32 27 24 26
1630834465.858 49 40 38 32 29 25 24
1630834466.107 46 40 39 33 27 26 25
1630834466.357 47 41 38 30 26 23 22
1630834466.607 46 40 41 32 26 25 24
1630834466.857 47 40 40 30 27 25 24
1630834467.107 48 41 43 31 29 26 24
1630834467.360 46 43 41 32 26 26 24
1630834467.609 47 39 41 31 29 26 25
1630834467.860 46 39 39 33 28 25 24
1630834468.111 49 41 38 30 27 23 24
1630834468.359 48 40 41 33 28 24 24
1630834468.608 47 41 39 32 29 25 24
1630834468.858 49 39 40 31 30 25 24
1630834469.108 48 39 37 34 29 24 24
1630834469.360 48 41 39 33 30 25 22
1630834469.608 47 39 39 32 29 24 24
1630834469.857 48 39 39 32 28 26 24
1630834470.107 48 40 37 34 28 25 25
1630834470.358 48 41 40 32 27 25 25
1630834470.608 49 42 38 31 29 24 24
1630834470.862 49 40 37 33 29 26 24
1630834471.111 47 40 40 31 29 25 23
1630834471.357 47 40 40 32 30 26 24
1630834471.607 46 38 41 33 26 25 24
1630834471.858 47 41 39 32 29 25 24
1630834472.107 47 42 38 33 28 24 23
1630834472.358 48 42 39 33 31 25 24
1630834472.607 47 43 39 31 31 24 23
1630834472.857 47 39 38 32 26 24 24
1630834473.107 51 40 40 32 27 23 23
1630834473.357 48 41 42 31 29 26 23
1630834473.608 48 44 39 32 28 24 23
1630834473.858 48 44 40 34 28 25 25
1630834474.108 47 40 38 31 28 28 26
1630834474.358 48 39 42 32 27 25 25
1630834474.608 47 42 40 32 27 25 23
1630834474.859 46 41 40 34 29 26 25
1630834475.107 46 42 39 34 27 26 24
1630834475.360 49 41 39 32 26 27 24
1630834475.608 46 40 39 33 28 27 24
1630834475.858 47 39 41 31 28 26 24
1630834476.109 50 42 39 31 28 24 24
1630834476.359 47 41 40 33 27 24 26
1630834476.609 46 39 39 31 27 24 26
1630834476.857 47 40 38 34 31 25 23
1630834477.108 46 40 38 31 29 25 24
1630834477.359 47 42 39 31 27 25 23
1630834477.607 47 40 39 30 29 26 25
1630834477.857 47 41 39 30 27 24 25
1630834478.109 46 41 39 32 27 24 23
1630834478.358 47 41 39 31 29 25 23
1630834478.607 47 41 38 31 28 24 24
1630834478.857 45 42 40 31 28 26 25
1630834479.107 47 42 39 31 28 24 26
1630834479.358 46 42 41 32 29 23 28
1630834479.610 46 42 39 32 28 25 24
1630834479.857 46 42 41 32 30 25 23
1630834480.108 47 42 41 31 28 26 22
1630834480.357 46 42 40 32 30 24 23
1630834480.608 47 42 38 33 28 24 23
1630834480.858 49 40 39 31 28 26 25
1630834481.108 44 39 39 32 29 26 24
1630834481.357 48 40 39 33 30 24 25
1630834481.610 47 40 40 31 26 27 24
1630834481.858 47 44 38 33 27 25 25
1630834482.108 48 40 39 32 28 25 24
1630834482.358 47 40 37 32 27 25 23
1630834482.615 46 40 42 32 27 26 23
1630834482.858 48 40 39 34 28 24 24
1630834483.108 48 40 39 34 28 27 24
1630834483.358 48 41 41 31 28 24 26
1630834483.609 49 41 40 33 26 24 22
1630834483.858 47 40 38 33 26 25 23
1630834484.109 48 40 39 33 27 24 24
1630834484.358 46 40 38 31 28 24 24
1630834484.607 48 39 39 34 29 25 23
1630834484.858 47 42 41 32 27 24 26
1630834485.112 48 40 38 29 28 26 25
1630834485.361 46 40 39 31 27 27 24
1630834485.609 47 41 38 32 27 25 25
1630834485.859 46 39 42 35 28 26 23
1630834486.109 47 41 39 32 28 25 25
1630834486.358 48 41 39 31 27 25 23
1630834486.609 48 39 42 32 28 26 24
1630834486.859 47 41 39 30 28 29 23
1630834487.108 47 41 39 32 27 24 23
1630834487.359 47 39 39 31 26 24 24
1630834487.610 48 40 39 31 27 26 25
1630834487.862 48 40 38 31 28 27 24
1630834488.109 46 39 39 31 28 25 24
1630834488.358 48 38 40 31 28 24 24
1630834488.611 46 38 39 32 27 25 24
1630834488.859 46 40 40 33 25 24 24
1630834489.109 50 40 38 30 27 24 25
1630834489.359 47 40 41 30 26 26 24
1630834489.609 46 39 37 32 27 24 24
1630834489.858 48 40 36 24 26 25 23
1630834490.108 46 41 39 31 26 25 24
1630834490.358 45 39 38 30 21 21 24
1630834490.609 47 40 40 30 27 24 22
1630834490.858 48 40 37 32 22 23 23
1630834491.108 47 39 38 32 27 26 26
1630834491.358 47 40 39 32 25 22 22
1630834491.610 47 41 38 33 29 23 25
1630834491.860 46 41 41 31 28 23 23
1630834492.114 49 42 38 32 26 25 23
1630834492.360 46 40 39 32 28 23 22
1630834492.610 46 41 41 31 27 25 24
1630834492.860 49 42 37 32 28 25 24
1630834493.110 48 39 40 30 26 26 25
1630834493.360 47 42 38 31 27 23 24
1630834493.609 46 39 39 31 27 24 24
1630834493.861 50 39 41 32 28 24 23
1630834494.108 47 40 40 31 31 23 22
1630834494.361 50 41 38 32 28 23 24
1630834494.609 49 41 40 31 25 23 23
1630834494.858 48 40 40 33 27 26 23
1630834495.108 48 38 39 31 26 23 23
1630834495.358 48 40 39 31 27 25 23
1630834495.609 46 40 40 34 25 25 23
1630834495.858 46 41 39 31 27 26 24
1630834496.112 47 40 39 32 26 24 24
1630834496.360 46 40 37 32 28 24 24
1630834496.613 47 39 38 32 26 23 24
1630834496.861 48 40 39 34 27 24 25
1630834497.108 46 41 42 32 28 24 25
1630834497.359 49 39 38 31 27 25 23
1630834497.609 47 41 39 33 28 26 25
1630834497.858 49 42 40 34 27 25 23
1630834498.111 47 40 39 29 26 25 23
1630834498.362 47 40 38 31 28 25 24
1630834498.610 47 39 38 31 29 25 24
1630834498.861 48 42 39 31 28 25 23
1630834499.111 46 41 39 31 29 25 24
1630834499.360 48 39 40 31 27 24 23
1630834499.610 49 42 39 32 27 24 23
1630834499.864 48 41 39 32 26 24 24
1630834500.109 48 38 40 31 26 25 25
1630834500.359 46 40 38 32 28 23 24
1630834500.609 46 40 37 32 28 24 25
1630834500.859 47 39 39 31 25 23 25
1630834501.109 44 43 39 32 28 25 24
1630834501.358 49 40 36 32 26 24 23
1630834501.608 46 41 39 33 27 25 22
1630834501.858 48 40 37 31 28 25 24
1630834502.109 46 41 38 31 25 25 22
1630834502.359 47 41 38 31 27 25 22
1630834502.608 47 40 38 30 28 24 24
1630834502.859 46 43 37 32 28 24 24
1630834503.109 47 40 39 31 26 23 24
1630834503.358 47 42 39 33 28 23 24
1630834503.608 47 40 39 32 26 28 24
1630834503.859 46 41 40 32 26 24 26
1630834504.109 47 43 37 33 24 23 24
1630834504.358 49 41 38 33 28 26 23
1630834504.609 46 43 39 32 26 23 23
1630834504.858 46 41 38 34 25 25 24
1630834505.108 47 41 38 35 24 25 24
1630834505.359 49 40 38 32 28 24 24
1630834505.624 49 40 39 31 27 23 26
1630834505.860 47 41 38 33 28 24 24
1630834506.110 47 42 38 32 27 23 24
1630834506.362 46 40 38 31 28 22 24
1630834506.608 46 40 37 32 26 26 24
1630834506.858 49 40 39 32 27 25 24
1630834507.109 45 41 39 32 27 24 25
1630834507.359 47 40 39 32 27 26 23
1630834507.609 47 42 39 31 26 26 26
1630834507.860 46 42 39 33 28 24 24
1630834508.109 47 39 38 32 27 24 26
1630834508.361 50 41 39 34 26 26 23
1630834508.612 45 40 41 34 29 25 23
1630834508.861 49 42 38 35 27 25 25
1630834509.111 46 41 41 33 28 25 23
1630834509.360 49 41 40 33 26 25 24
1630834509.611 47 41 38 33 28 23 24
1630834509.859 45 41 38 33 27 25 24
1630834510.109 48 40 38 32 26 24 23
1630834510.359 46 40 39 33 27 23 23
1630834510.610 47 42 38 34 29 24 24
1630834510.858 47 39 39 31 27 26 24
1630834511.109 46 41 38 33 27 22 23
1630834511.360 46 39 40 32 29 24 24
1630834511.610 46 41 37 31 28 26 23
1630834511.860 46 40 40 33 25 24 23
1630834512.110 47 40 39 31 26 25 24
1630834512.360 49 41 38 33 26 23 26
1630834512.611 45 42 39 33 28 25 23
1630834512.860 46 40 39 33 26 24 25
1630834513.110 46 39 39 34 25 24 23
1630834513.359 49 41 38 32 25 25 23
1630834513.608 48 40 39 35 27 25 23
1630834513.859 46 40 40 35 27 26 24
1630834514.109 45 39 40 32 26 24 23
1630834514.360 49 38 40 32 27 25 25
1630834514.610 47 42 39 33 27 24 23
1630834514.865 46 40 40 34 25 25 25
1630834515.110 45 39 37 33 26 25 24
1630834515.359 48 40 37 30 26 25 25
1630834515.609 47 40 39 32 27 25 25
1630834515.859 46 40 38 32 25 24 25
1630834516.112 45 41 39 33 26 26 23
1630834516.360 46 40 40 30 26 24 24
1630834516.610 47 40 40 31 27 26 23
1630834516.859 49 39 38 33 28 25 24
1630834517.109 47 40 38 32 27 24 24
1630834517.359 46 40 39 32 28 23 26
1630834517.611 47 38 39 31 27 25 23
1630834517.859 46 41 38 33 26 24 24
1630834518.109 47 41 39 32 28 26 24
1630834518.360 46 39 38 33 28 24 23
1630834518.610 46 38 39 33 25 24 24
1630834518.863 46 40 38 34 26 25 24
1630834519.113 49 42 38 32 27 25 23
1630834519.361 48 40 38 32 28 23 24
1630834519.609 47 40 36 32 28 24 23
1630834519.859 49 41 41 31 26 26 22
1630834520.110 47 41 39 33 27 25 23
1630834520.359 46 40 39 32 30 23 25
1630834520.609 47 40 39 33 29 25 26
1630834520.859 46 41 38 31 27 25 26
1630834521.109 47 39 38 31 28 24 24
1630834521.359 48 39 38 32 26 24 24
1630834521.609 47 40 38 31 29 24 24
1630834521.858 48 40 39 33 28 23 24
1630834522.109 47 39 38 32 27 24 23
1630834522.359 47 41 39 34 27 24 24
1630834522.611 47 38 39 33 28 24 22
1630834522.860 49 41 36 30 28 23 24
1630834523.109 46 41 38 33 27 24 23
1630834523.359 45 41 38 31 27 24 26
1630834523.609 48 44 39 32 28 23 23
1630834523.859 46 42 39 30 27 23 25
1630834524.109 46 40 37 33 28 26 22
1630834524.360 47 43 38 31 25 25 24
1630834524.609 48 41 39 31 29 25 22
1630834524.860 49 39 38 32 27 24 24
1630834525.109 49 41 40 31 27 24 23
1630834525.359 48 41 38 33 27 24 23
1630834525.611 49 38 38 32 27 25 25
1630834525.859 47 42 39 33 26 27 22
1630834526.109 46 40 39 32 26 25 23
1630834526.359 46 39 39 31 29 26 24
1630834526.609 48 41 37 32 27 26 23
1630834526.859 48 41 40 34 27 25 23
1630834527.108 47 40 38 31 27 27 23
1630834527.359 47 41 39 31 26 26 25
1630834527.608 46 41 38 32 27 26 25
1630834527.858 49 40 40 32 27 26 23
1630834528.109 46 40 41 31 28 25 23
1630834528.359 48 40 39 32 27 27 26
1630834528.610 48 42 37 31 27 24 22
1630834528.860 46 40 39 32 29 26 25
1630834529.110 49 40 38 34 28 24 24
1630834529.360 45 42 39 31 28 25 25
1630834529.610 45 40 38 32 27 26 24
1630834529.860 47 43 39 33 27 23 23
1630834530.109 47 42 40 32 28 23 23
1630834530.360 48 40 38 33 29 24 23
1630834530.610 48 42 38 30 27 24 25
1630834530.861 46 41 41 31 27 23 24
1630834531.113 48 42 38 31 29 24 25
1630834531.363 46 39 38 31 29 24 22
1630834531.610 48 39 37 30 27 25 24
1630834531.859 48 41 42 33 27 25 25
1630834532.110 46 41 37 32 28 26 23
1630834532.360 47 40 38 32 28 24 25
1630834532.609 49 41 39 32 28 24 25
1630834532.859 47 40 39 31 28 23 24
1630834533.109 48 42 38 32 26 25 24
1630834533.360 46 39 40 33 26 25 24
1630834533.610 48 42 37 32 27 23 24
1630834533.863 46 39 39 31 25 23 24
1630834534.111 49 39 38 34 28 25 24
1630834534.360 47 39 39 32 26 25 24
1630834534.609 49 40 40 31 27 24 23
1630834534.859 49 40 38 32 29 23 24
1630834535.109 47 41 37 34 27 25 25
1630834535.362 46 40 36 32 29 24 23
1630834535.612 47 42 38 33 27 25 23
1630834535.859 49 43 39 31 29 26 24
1630834536.108 48 40 39 32 28 23 24
1630834536.360 47 40 39 34 27 23 24
1630834536.610 44 42 39 32 29 23 24
1630834536.863 49 42 39 33 28 23 23
1630834537.115 47 40 39 31 27 25 24
1630834537.360 46 40 41 31 29 23 23
1630834537.610 48 41 38 31 28 23 23
1630834537.859 44 40 38 31 28 24 24
1630834538.110 47 40 37 33 31 26 23
1630834538.359 47 39 41 33 28 26 24
1630834538.609 47 41 38 32 28 25 23
1630834538.860 47 41 37 31 29 25 25
1630834539.113 49 40 39 33 28 26 23
1630834539.366 48 41 38 32 26 26 25
1630834539.613 48 41 39 30 28 26 23
1630834539.859 48 40 38 33 27 25 23
1630834540.109 48 43 40 34 28 25 26
1630834540.359 49 40 38 30 27 25 25
1630834540.615 46 39 38 32 27 25 23
1630834540.864 47 42 38 30 28 26 25
1630834541.112 49 40 40 31 28 23 23
1630834541.362 47 41 39 32 28 25 23
1630834541.610 48 41 36 32 29 23 23
1630834541.860 47 41 36 30 28 24 25
1630834542.110 48 41 37 33 27 25 25
1630834542.360 47 41 37 33 29 24 23
1630834542.610 49 40 39 33 28 25 24
1630834542.859 45 42 41 32 27 23 24
1630834543.110 45 41 40 33 29 25 25
1630834543.361 46 41 38 33 27 24 25
1630834543.611 51 42 38 33 30 25 22
1630834543.860 47 40 40 34 28 25 25
1630834544.110 50 39 39 31 28 26 23
1630834544.364 48 42 39 35 30 27 23
1630834544.610 46 40 40 31 29 25 25
1630834544.859 48 41 38 32 28 25 24
1630834545.111 48 40 39 33 28 28 23
1630834545.360 46 40 39 32 28 25 23
1630834545.610 46 43 39 32 28 25 25
1630834545.862 48 40 37 32 27 24 23
1630834546.109 45 40 42 34 28 25 23
1630834546.359 48 38 38 32 26 24 24
1630834546.609 47 40 40 34 28 24 23
1630834546.859 47 42 39 33 27 24 24
1630834547.110 49 40 38 32 27 25 23
1630834547.360 47 41 37 32 28 25 26
1630834547.609 45 41 39 32 28 26 23
1630834547.860 48 41 38 31 28 25 24
1630834548.110 47 40 38 33 28 24 24
1630834548.360 48 40 38 31 27 23 25
1630834548.610 47 39 38 34 29 23 23
1630834548.859 47 40 39 31 27 25 26
1630834549.110 46 41 38 30 28 24 23
1630834549.359 47 42 38 33 29 24 24
1630834549.609 49 39 38 31 27 23 23
1630834549.863 46 41 41 32 28 23 24
1630834550.111 48 40 39 30 28 25 24
1630834550.361 48 41 39 31 28 24 24
1630834550.609 46 41 39 32 27 25 23
1630834550.859 48 40 38 32 26 25 24
1630834551.109 46 40 38 32 28 25 25
1630834551.359 47 41 38 32 29 24 22
1630834551.609 50 39 41 32 26 25 24
1630834551.861 47 39 38 32 29 25 25
1630834552.109 48 39 38 30 28 26 22
1630834552.359 46 41 40 32 27 25 22
1630834552.610 50 42 39 31 27 25 23
1630834552.860 49 40 39 31 29 24 26
1630834553.110 47 44 38 31 30 26 25
1630834553.359 47 41 39 32 28 26 22
1630834553.611 47 40 37 33 29 26 24
1630834553.861 49 40 41 32 27 24 24
1630834554.111 48 43 37 31 27 24 23
1630834554.361 45 40 38 32 30 27 25
1630834554.610 47 39 42 31 26 25 24
1630834554.863 46 40 39 31 28 26 23
1630834555.109 48 40 38 31 28 26 23
1630834555.360 46 41 39 32 29 22 24
1630834555.612 45 42 39 30 28 26 23
1630834555.866 45 41 38 31 28 27 23
1630834556.116 49 41 39 32 27 24 23
1630834556.365 47 39 37 31 30 25 24
1630834556.613 48 39 36 31 28 26 25
1630834556.863 47 43 38 32 28 25 22
1630834557.110 48 40 38 32 27 24 23
1630834557.361 47 40 38 33 27 24 24
1630834557.610 46 40 39 32 27 24 24
1630834557.860 49 40 38 35 31 25 23
1630834558.109 48 40 40 32 27 24 25
1630834558.363 48 39 39 31 27 26 23
1630834558.612 45 40 38 32 27 25 24
1630834558.864 48 41 39 31 29 26 22
1630834559.111 49 39 38 31 28 25 22
1630834559.361 47 41 38 31 28 27 24
1630834559.610 47 41 40 34 27 25 23
1630834559.860 46 41 39 32 28 24 23
1630834560.110 49 39 39 34 28 28 23
1630834560.361 46 39 39 30 29 25 24
1630834560.610 48 40 37 33 31 24 26
1630834560.860 48 43 40 33 30 24 24
1630834561.110 46 40 39 31 26 25 26
1630834561.364 46 40 39 33 28 25 23
1630834561.610 48 41 39 32 28 25 25
1630834561.861 48 40 39 32 28 25 27
1630834562.110 48 40 36 31 28 25 25
1630834562.362 46 39 37 32 29 23 27
1630834562.612 48 42 38 32 29 25 23
1630834562.862 47 39 38 32 28 25 24
1630834563.114 47 41 39 33 30 25 23
1630834563.364 48 41 38 34 28 28 23
1630834563.611 50 40 38 32 29 25 25
1630834563.861 48 41 40 33 28 25 24
1630834564.111 48 43 38 31 29 25 23
1630834564.360 46 43 39 32 27 24 24
1630834564.611 47 40 40 32 28 27 25
1630834564.860 49 40 40 34 27 26 22
1630834565.110 47 40 40 32 28 27 24
1630834565.362 47 40 39 31 26 24 22
1630834565.613 47 43 37 32 27 26 24
1630834565.865 47 39 39 32 30 25 27
1630834566.113 46 40 37 34 30 24 23
1630834566.361 47 41 40 32 28 23 26
1630834566.611 48 40 39 34 29 26 24
1630834566.861 45 41 39 32 29 25 25
1630834567.109 47 39 39 35 26 25 26
1630834567.361 47 42 40 32 29 27 24
1630834567.613 46 41 39 33 26 24 24
1630834567.860 46 40 38 32 28 26 25
1630834568.110 47 41 39 31 30 25 24
1630834568.360 48 43 39 33 28 24 22
1630834568.611 49 39 39 32 29 24 25
1630834568.860 47 40 40 34 26 24 23
1630834569.110 46 42 40 34 27 24 24
1630834569.360 46 40 39 31 28 27 27
1630834569.611 49 40 38 32 26 25 24
1630834569.860 47 40 38 32 26 24 25
1630834570.116 45 41 39 31 25 26 25
1630834570.361 45 40 39 32 28 26 24
1630834570.612 47 39 36 31 28 25 25
1630834570.860 47 39 42 30 27 26 24
1630834571.110 50 40 40 31 29 25 25
1630834571.360 46 39 40 31 28 27 24
1630834571.611 47 42 38 32 27 24 25
1630834571.861 49 40 41 33 26 24 23
1630834572.110 48 39 38 33 27 23 23
1630834572.360 47 42 40 31 27 26 25
1630834572.610 46 39 38 32 28 24 24
1630834572.860 47 39 38 33 26 24 25
1630834573.110 47 39 39 33 29 25 22
1630834573.360 49 41 39 32 30 26 23
1630834573.611 46 40 37 33 28 26 24
1630834573.861 46 40 37 31 27 23 22
1630834574.110 47 41 40 33 28 25 24
1630834574.361 46 40 38 33 29 24 24
1630834574.611 48 39 39 31 27 24 23
1630834574.862 47 41 39 33 26 25 24
1630834575.117 47 40 40 32 26 25 23
1630834575.362 47 41 39 33 26 25 25
1630834575.611 47 41 38 31 26 25 26
1630834575.861 47 41 37 31 28 24 22
1630834576.111 47 42 39 31 29 24 23
1630834576.361 48 40 38 30 26 25 23
1630834576.612 47 39 40 33 26 26 23
1630834576.867 47 41 39 31 27 24 25
1630834577.110 47 39 39 33 26 24 23
1630834577.361 47 41 39 34 28 25 23
1630834577.611 47 40 37 31 27 24 24
1630834577.861 48 40 40 33 26 23 24
1630834578.111 48 40 39 32 26 24 23
1630834578.363 47 40 38 33 26 25 24
1630834578.611 51 40 39 31 25 24 24
1630834578.863 47 41 37 33 28 24 23
1630834579.112 47 40 40 32 26 24 24
1630834579.362 48 40 37 30 29 24 25
1630834579.613 47 41 41 33 27 25 24
1630834579.863 48 41 39 32 28 25 24
1630834580.113 47 40 39 32 28 27 27
1630834580.362 47 41 38 32 28 27 23
1630834580.613 48 40 38 32 29 25 26
1630834580.865 46 42 41 31 28 25 24
1630834581.111 46 40 38 32 28 25 24
1630834581.361 48 40 38 31 27 23 23
1630834581.611 46 41 38 33 27 23 24
1630834581.861 47 41 37 30 28 26 24
1630834582.111 47 44 38 33 27 26 25
1630834582.364 47 41 38 34 29 24 23
1630834582.615 48 40 37 32 28 25 23
1630834582.863 48 39 39 31 27 25 24
1630834583.111 48 39 38 31 28 25 24
1630834583.361 47 39 38 32 28 25 25
1630834583.613 47 40 40 31 26 27 23
1630834583.861 47 43 39 31 28 25 23
1630834584.111 47 40 38 30 27 23 25
1630834584.361 49 41 39 33 28 25 24
1630834584.611 48 40 39 36 29 25 24
1630834584.861 49 42 39 32 30 27 25
1630834585.113 46 41 38 31 28 26 23
1630834585.364 47 39 38 32 26 25 24
1630834585.615 50 41 38 32 27 25 24
1630834585.861 46 39 38 33 27 25 23
1630834586.111 46 39 39 33 28 24 22
1630834586.362 47 40 38 33 28 24 24
1630834586.612 48 41 39 32 28 25 25
1630834586.862 47 42 37 29 29 25 23
1630834587.111 47 39 37 35 26 25 24
1630834587.361 49 39 39 32 28 25 25
1630834587.611 48 40 37 31 26 25 23
1630834587.861 48 40 40 32 27 25 23
1630834588.111 47 39 37 33 28 25 25
1630834588.361 47 42 38 31 27 24 24
1630834588.610 47 39 37 33 26 25 24
1630834588.861 46 40 39 30 27 25 23
1630834589.111 47 40 39 31 27 24 23
1630834589.361 47 42 39 33 30 24 25
1630834589.611 48 40 40 33 28 27 23
1630834589.861 48 39 39 32 26 24 23
1630834590.111 47 41 39 30 27 25 24
1630834590.361 49 40 39 32 28 23 24
1630834590.612 45 40 38 32 27 24 24
1630834590.861 47 39 40 32 28 27 22
1630834591.112 47 42 40 31 26 26 24
1630834591.362 47 42 39 32 28 25 24
1630834591.612 47 41 40 32 29 26 25
1630834591.862 47 41 39 31 26 26 22
1630834592.112 47 42 39 30 28 24 23
1630834592.361 47 41 38 32 28 25 23
1630834592.613 48 41 38 31 28 26 23
1630834592.860 46 40 38 31 29 24 25
1630834593.111 47 40 39 32 27 26 23
1630834593.362 49 39 37 33 26 25 24
1630834593.612 45 40 38 33 27 25 23
1630834593.861 47 39 37 34 27 26 25
1630834594.111 48 41 38 33 30 26 24
1630834594.360 48 40 38 33 27 26 24
1630834594.611 47 41 40 32 27 26 25
1630834594.861 49 40 41 33 31 26 24
1630834595.110 49 40 39 33 28 24 24
1630834595.360 46 41 39 31 28 26 24
1630834595.611 46 42 38 32 29 25 27
1630834595.861 47 40 41 32 29 22 24
1630834596.110 48 40 38 32 26 27 24
1630834596.361 46 40 39 32 31 25 23
1630834596.611 46 42 40 33 29 25 24
1630834596.862 48 41 38 33 29 24 26
1630834597.111 47 44 38 31 29 24 23
1630834597.362 48 40 38 33 30 25 24
1630834597.611 46 39 39 33 29 25 23
1630834597.861 48 41 37 32 28 26 23
1630834598.111 48 41 38 32 29 25 25
1630834598.361 47 44 39 33 27 25 22
1630834598.611 48 40 37 33 27 25 25
1630834598.862 47 39 39 33 28 25 23
1630834599.112 47 40 41 32 26 28 25
1630834599.361 47 40 38 31 29 25 25
1630834599.613 46 42 37 34 26 26 23
1630834599.861 47 41 40 33 26 24 23
1630834600.112 48 42 38 33 27 26 22
1630834600.361 46 42 39 33 28 25 24
1630834600.611 46 38 41 32 30 25 23
1630834600.861 44 42 39 33 29 25 23
1630834601.111 48 40 39 31 27 23 24
1630834601.361 46 39 38 32 27 24 23
1630834601.612 47 41 37 33 27 24 24
1630834601.863 47 40 39 32 27 25 23
1630834602.113 47 41 37 32 27 25 22
1630834602.362 45 40 38 31 28 26 26
1630834602.612 46 42 38 31 28 24 23
1630834602.861 49 41 37 31 27 26 24
1630834603.111 47 42 38 31 26 25 24
1630834603.371 46 40 40 32 30 25 24
1630834603.616 48 40 39 32 26 28 23
1630834603.861 49 39 39 32 28 24 23
1630834604.112 46 40 40 31 29 25 24
1630834604.361 48 39 41 33 28 25 23
1630834604.615 46 40 38 32 27 26 24
1630834604.862 49 42 39 33 28 24 25
1630834605.111 47 40 39 33 27 24 23
1630834605.365 47 40 39 30 25 25 24
1630834605.614 46 41 38 32 25 24 23
1630834605.862 47 40 37 34 28 25 25
1630834606.112 48 44 39 31 30 25 26
1630834606.365 46 42 39 33 28 24 23
1630834606.611 48 41 38 31 27 26 23
1630834606.862 47 41 38 35 29 26 24
1630834607.113 46 40 38 33 25 23 25
1630834607.363 48 40 39 32 27 29 23
1630834607.611 49 40 37 32 27 27 24
1630834607.864 47 40 38 32 27 25 23
1630834608.111 49 42 40 32 26 23 27
1630834608.361 47 39 39 33 27 25 23
1630834608.611 47 39 37 34 29 27 24
1630834608.861 48 40 39 32 28 26 23
1630834609.111 47 39 40 34 29 24 23
1630834609.361 46 41 39 31 26 26 22
1630834609.613 48 41 40 30 27 25 22
1630834609.862 47 41 40 31 28 25 24
1630834610.113 48 40 41 31 27 25 25
1630834610.363 47 42 39 33 26 23 23
1630834610.615 48 39 42 32 27 28 25
1630834610.863 45 40 39 32 26 26 24
1630834611.114 47 41 39 32 26 25 25
1630834611.364 47 40 37 33 28 24 25
1630834611.614 46 41 39 32 26 25 25
1630834611.861 49 42 39 31 28 25 25
1630834612.111 48 40 37 31 27 25 25
1630834612.361 48 39 39 31 26 25 24
1630834612.611 46 41 37 31 26 24 25
1630834612.861 48 41 39 32 28 24 23
1630834613.112 45 40 38 32 26 25 23
1630834613.363 46 42 40 32 28 24 24
1630834613.615 46 41 40 33 28 25 23
1630834613.868 50 43 38 33 29 25 24
1630834614.114 49 40 38 33 26 26 24
1630834614.362 48 41 39 32 26 25 25
1630834614.612 46 40 39 32 28 24 24
1630834614.864 47 41 38 31 27 25 24
1630834615.112 50 41 37 30 28 28 22
1630834615.364 46 43 37 32 26 25 23
1630834615.612 47 40 39 31 26 24 23
1630834615.862 49 40 38 34 26 25 23
1630834616.112 48 39 40 31 27 27 25
1630834616.363 45 40 39 32 26 25 23
1630834616.611 47 41 38 32 27 25 23
1630834616.862 46 39 39 34 26 24 24
1630834617.112 48 42 37 33 27 24 24
1630834617.361 49 39 38 31 27 27 24
1630834617.612 47 40 39 31 29 25 23
1630834617.861 47 38 41 34 28 26 22
1630834618.113 48 40 37 30 27 24 25
1630834618.361 48 41 40 32 26 24 23
1630834618.612 47 40 37 33 29 26 23
1630834618.861 47 40 38 33 28 23 25
1630834619.112 47 40 39 33 27 27 24
1630834619.362 47 40 40 32 27 26 25
1630834619.617 48 40 40 32 27 26 24
1630834619.868 49 39 38 33 28 24 23
1630834620.112 48 41 39 34 28 24 25
1630834620.365 47 40 37 35 27 24 24
1630834620.612 47 40 39 32 28 24 23
1630834620.862 46 41 39 31 28 25 23
1630834621.111 47 41 38 32 27 23 25
1630834621.361 46 41 39 31 29 25 25
1630834621.612 48 39 38 30 27 25 23
1630834621.865 48 40 39 32 26 25 23
1630834622.112 47 41 40 31 27 25 24
1630834622.361 47 40 38 32 26 26 25
1630834622.611 48 40 39 35 26 25 25
1630834622.862 47 44 38 31 29 26 23
1630834623.113 46 39 39 31 28 25 25
1630834623.363 47 43 39 31 27 24 23
1630834623.615 48 44 40 31 27 24 23
1630834623.866 47 40 38 31 28 24 24
1630834624.116 45 40 38 32 27 26 24
1630834624.364 47 40 40 32 26 26 24
1630834624.614 51 42 38 30 28 26 24
1630834624.863 47 39 39 31 29 26 24
1630834625.112 47 41 38 31 29 25 24
1630834625.362 47 40 41 30 29 26 23
1630834625.613 47 40 37 32 26 25 24
1630834625.862 46 41 39 31 26 25 24
1630834626.113 48 40 40 32 26 24 23
1630834626.364 46 40 41 32 25 25 24
1630834626.617 47 41 38 32 27 25 24
1630834626.863 48 42 40 31 27 24 24
1630834627.112 46 42 39 32 27 25 24
1630834627.363 48 40 38 30 28 25 24
1630834627.612 49 42 41 32 29 25 24
1630834627.862 47 40 41 32 27 26 25
1630834628.111 48 39 39 34 28 28 23
1630834628.361 47 41 38 33 29 25 24
1630834628.615 46 41 40 32 28 25 23
1630834628.862 48 41 38 33 28 25 24
1630834629.112 48 42 39 32 28 23 25
1630834629.362 46 44 40 34 28 25 24
1630834629.612 46 40 38 32 27 25 23
1630834629.864 50 40 38 32 27 25 23
1630834630.115 48 40 38 30 27 25 25
1630834630.365 50 40 38 32 27 24 22
1630834630.613 48 42 38 32 28 25 26
1630834630.864 47 41 38 31 27 24 24
1630834631.117 46 42 39 31 29 25 22
1630834631.362 47 40 38 32 27 26 25
1630834631.612 46 40 41 31 29 25 23
1630834631.863 48 40 38 35 26 25 24
1630834632.116 45 40 37 32 29 26 23
1630834632.364 43 41 39 32 28 25 23
1630834632.613 47 39 38 32 28 26 24
1630834632.866 48 42 39 31 27 26 23
1630834633.112 47 41 37 33 27 24 24
1630834633.362 46 41 37 34 29 25 23
1630834633.612 48 41 39 33 28 26 25
1630834633.862 45 41 39 33 27 25 22
1630834634.112 46 41 37 35 30 25 23
1630834634.361 50 41 38 34 27 26 24
1630834634.613 47 40 39 32 29 24 24
1630834634.865 45 42 39 34 28 26 25
1630834635.114 48 40 38 33 28 25 24
1630834635.365 46 41 39 33 29 26 22
1630834635.613 47 40 37 33 28 24 23
1630834635.863 48 42 40 34 29 27 23
1630834636.114 46 40 40 30 26 29 23
1630834636.363 48 40 37 33 30 25 23
1630834636.612 47 42 39 31 28 27 25
1630834636.862 49 41 38 32 28 25 23
1630834637.112 47 41 38 33 29 25 23
1630834637.362 50 41 38 32 28 25 24
1630834637.613 49 43 39 33 31 24 24
1630834637.862 44 40 40 34 29 23 23
1630834638.113 47 40 40 33 30 25 24
1630834638.362 46 40 39 32 29 24 26
1630834638.612 47 40 38 32 28 26 23
1630834638.862 48 41 36 35 30 25 23
1630834639.113 46 41 38 33 29 25 22
1630834639.362 47 40 40 32 27 24 22
1630834639.612 47 43 37 32 30 24 23
1630834639.862 48 41 39 34 27 25 25
1630834640.113 47 39 41 34 31 25 25
1630834640.362 48 40 37 31 28 23 23
1630834640.612 51 41 38 35 31 25 24
1630834640.863 47 40 37 32 29 25 22
1630834641.112 48 42 39 31 30 23 22
1630834641.362 47 41 37 33 30 26 23
1630834641.613 49 41 39 33 29 25 24
1630834641.863 46 41 39 31 30 25 25
1630834642.114 47 42 38 31 30 24 23
1630834642.367 48 41 39 31 29 26 23
1630834642.615 47 41 38 30 29 24 24
1630834642.864 45 45 39 33 30 25 22
1630834643.113 47 41 38 30 29 26 24
1630834643.362 48 41 39 31 28 25 22
1630834643.612 47 44 39 32 27 27 23
1630834643.863 47 39 39 33 30 26 24
1630834644.113 46 44 40 34 29 24 24
1630834644.363 50 44 38 31 26 24 22
1630834644.614 46 40 38 33 27 24 27
1630834644.863 47 41 39 34 27 25 23
1630834645.113 47 41 38 33 28 24 25
1630834645.362 49 41 39 32 27 25 21
1630834645.613 47 41 39 34 26 26 26
1630834645.863 44 41 40 32 29 25 24
1630834646.114 47 44 40 32 28 27 24
1630834646.362 46 41 37 35 27 25 23
1630834646.617 47 41 38 33 29 23 22
1630834646.863 49 42 37 30 27 24 24
1630834647.112 46 40 38 32 28 24 24
1630834647.363 48 42 40 32 28 24 22
1630834647.612 47 39 37 32 28 25 23
1630834647.862 46 42 38 32 28 27 24
1630834648.113 47 41 38 30 28 25 23
1630834648.363 48 40 38 34 28 27 25
1630834648.616 45 41 38 32 29 27 23
1630834648.869 47 42 39 32 27 24 25
1630834649.116 47 44 39 34 27 27 24
1630834649.369 47 42 39 30 29 25 24
1630834649.617 48 43 36 33 28 26 23
1630834649.863 49 41 38 32 26 28 23
1630834650.113 47 42 39 32 26 25 24
1630834650.362 48 40 39 32 27 25 24
1630834650.612 48 42 40 32 26 29 23
1630834650.862 47 42 41 32 28 25 24
1630834651.113 48 41 39 31 28 26 22
1630834651.362 48 40 39 31 26 25 25
1630834651.614 46 39 37 32 29 25 24
1630834651.864 49 40 38 31 27 24 23
1630834652.117 47 40 38 31 28 25 23
1630834652.365 46 39 37 31 25 26 25
1630834652.616 48 40 39 34 28 23 24
1630834652.863 48 41 37 33 28 28 25
1630834653.113 48 39 40 30 27 26 23
1630834653.363 47 40 42 31 27 26 24
1630834653.613 48 40 40 32 28 26 24
1630834653.862 48 40 40 31 27 29 24
1630834654.112 47 40 39 31 28 24 23
1630834654.363 46 39 40 31 27 25 23
1630834654.613 48 39 40 31 27 24 25
1630834654.863 48 40 38 33 31 26 24
1630834655.113 48 42 39 31 26 27 24
1630834655.364 46 40 41 32 27 25 23
1630834655.613 49 39 38 33 27 27 24
1630834655.863 47 41 40 32 26 25 23
1630834656.113 48 41 38 32 26 25 24
1630834656.363 46 41 40 32 29 26 24
1630834656.612 47 42 38 32 27 25 22
1630834656.864 46 42 39 33 26 24 24
1630834657.114 46 40 38 30 28 25 23
1630834657.365 48 41 38 34 27 27 26
1630834657.613 49 39 38 30 27 24 23
1630834657.865 48 39 38 31 27 26 24
1630834658.114 47 40 38 30 29 25 23
1630834658.365 47 41 38 31 27 25 24
1630834658.615 46 40 39 30 27 26 23
1630834658.863 48 44 37 33 29 26 22
1630834659.113 47 40 40 32 28 25 24
1630834659.364 48 40 37 32 29 26 24
1630834659.612 46 40 37 31 26 24 24
1630834659.863 46 42 39 32 29 25 24
1630834660.113 48 41 40 30 28 24 25
1630834660.362 46 42 39 31 29 25 23
1630834660.613 46 42 41 32 29 24 26
1630834660.863 46 42 39 34 28 26 24
1630834661.113 46 40 39 32 28 26 25
1630834661.363 46 42 39 33 27 25 24
1630834661.613 46 44 39 32 28 26 24
1630834661.862 48 41 36 31 29 24 25
1630834662.113 46 41 40 35 28 26 25
1630834662.362 47 40 38 32 28 25 24
1630834662.612 47 40 39 34 26 24 23
1630834662.863 49 42 40 33 28 25 24
1630834663.112 46 40 40 31 27 23 24
1630834663.362 51 42 38 33 28 25 22
1630834663.612 48 39 38 32 28 26 23
1630834663.862 49 41 39 33 27 25 23
1630834664.113 46 41 38 31 26 24 24
1630834664.362 48 41 39 32 27 24 23
1630834664.613 48 40 36 34 28 25 25
1630834664.864 47 41 39 31 27 25 24
1630834665.112 47 39 38 32 28 25 23
1630834665.363 46 41 37 31 29 25 23
1630834665.613 48 39 40 33 26 24 26
1630834665.864 46 42 39 31 26 25 23
1630834666.116 48 42 40 33 27 25 23
1630834666.366 45 39 40 32 27 25 23
1630834666.614 47 42 38 33 29 26 24
1630834666.863 46 42 39 31 29 27 24
1630834667.114 49 42 38 34 28 26 23
1630834667.365 47 40 39 30 28 27 23
1630834667.613 46 40 37 32 28 24 25
1630834667.864 48 42 40 31 26 25 26
1630834668.114 48 42 39 33 28 24 24
1630834668.370 49 40 37 32 28 27 24
1630834668.614 47 40 40 32 27 25 24
1630834668.864 47 42 37 33 27 25 23
1630834669.118 47 42 39 33 27 23 24
1630834669.365 47 39 37 32 27 26 24
1630834669.615 48 40 41 32 28 26 23
1630834669.864 48 40 40 32 28 25 24
1630834670.113 48 40 39 33 26 26 25
1630834670.365 47 42 39 33 28 23 23
1630834670.613 48 41 42 31 27 24 23
1630834670.863 46 41 39 32 29 25 24
1630834671.114 47 41 39 32 29 25 24
1630834671.364 48 39 39 32 27 26 23
1630834671.615 46 39 40 33 29 25 25
1630834671.864 47 41 38 31 29 27 23
1630834672.113 47 41 38 33 28 24 23
1630834672.363 49 40 38 32 27 25 24
1630834672.615 48 39 36 32 28 26 22
1630834672.865 47 41 37 33 28 26 24
1630834673.113 48 42 40 36 29 25 23
1630834673.364 46 43 38 32 29 23 27
1630834673.614 49 42 38 31 27 24 23
1630834673.866 48 40 40 32 25 25 23
1630834674.114 47 41 40 32 27 25 25
1630834674.365 46 42 39 31 27 26 23
1630834674.616 48 40 38 30 29 26 23
1630834674.865 50 40 38 35 29 24 24
1630834675.114 48 41 39 31 27 27 24
1630834675.366 46 40 38 33 27 24 24
1630834675.614 48 41 37 33 27 25 24
1630834675.866 47 40 37 32 28 26 24
1630834676.113 48 40 40 31 28 26 24
1630834676.364 47 43 36 32 29 26 23
1630834676.613 48 41 38 32 28 24 23
1630834676.863 46 40 38 34 29 25 24
1630834677.113 45 39 39 34 27 26 23
1630834677.364 47 45 38 33 29 24 23
1630834677.614 48 39 39 33 29 26 23
1630834677.866 47 40 39 33 28 24 23
1630834678.116 46 40 40 32 27 25 23
1630834678.367 49 40 39 33 27 26 24
1630834678.617 50 41 40 33 28 25 26
1630834678.864 48 40 37 33 27 24 24
1630834679.116 48 40 39 33 28 27 24
1630834679.363 45 42 37 32 27 26 23
1630834679.614 48 41 38 33 29 26 24
1630834679.864 51 45 39 33 25 28 22
1630834680.114 47 40 38 30 27 25 22
1630834680.363 47 40 39 32 26 28 22
1630834680.617 48 41 41 31 27 25 24
1630834680.865 46 39 37 31 29 25 23
1630834681.115 48 42 37 33 28 24 26
1630834681.365 48 39 36 30 27 24 24
1630834681.615 46 39 37 31 29 27 25
1630834681.866 46 39 38 30 31 25 25
1630834682.115 48 40 38 33 27 27 22
1630834682.366 47 41 38 32 27 26 22
1630834682.615 47 40 39 30 27 26 25
1630834682.864 49 41 40 31 28 25 23
1630834683.114 48 40 39 31 28 24 24
1630834683.364 48 40 37 32 27 25 23
1630834683.613 47 41 38 32 29 26 23
1630834683.864 47 38 37 34 26 26 23
1630834684.113 47 40 39 35 27 24 24
1630834684.363 49 40 39 32 27 24 23
1630834684.613 49 39 40 30 28 25 23
1630834684.864 48 41 38 32 27 24 24
1630834685.115 48 40 40 34 28 25 24
1630834685.364 49 41 39 32 30 25 22
1630834685.614 48 40 39 32 27 24 23
1630834685.863 49 39 40 34 27 25 23
1630834686.114 46 42 38 31 25 25 23
1630834686.364 46 41 39 30 26 26 23
1630834686.616 48 41 38 31 29 25 24
1630834686.868 48 40 39 31 28 24 23
1630834687.120 46 43 38 32 27 24 22
1630834687.366 48 42 39 33 26 24 25
1630834687.614 48 41 39 32 27 25 24
1630834687.864 48 39 39 31 27 26 24
1630834688.114 46 40 38 33 28 24 25
1630834688.366 49 39 39 33 27 26 24
1630834688.615 46 42 38 31 26 26 23
1630834688.866 48 41 38 32 32 25 23
1630834689.113 46 39 39 33 27 23 25
1630834689.364 48 40 39 32 28 26 23
1630834689.613 48 48 40 34 27 28 26
1630834689.864 47 47 41 34 26 26 25
1630834690.113 47 41 40 33 28 28 22
1630834690.364 46 41 39 33 27 26 24
1630834690.616 49 40 41 32 27 26 23
1630834690.866 48 42 40 35 30 28 25
1630834691.114 46 41 38 32 27 25 22
1630834691.363 47 40 39 33 27 22 25
1630834691.616 46 39 39 34 28 28 23
1630834691.867 45 40 38 32 27 27 22
1630834692.115 48 42 39 32 29 23 22
1630834692.364 45 39 40 30 27 26 23
1630834692.614 49 46 40 32 27 26 26
1630834692.864 46 42 38 32 30 24 24
1630834693.114 48 44 38 32 26 26 24
1630834693.364 46 44 39 33 26 25 23
1630834693.613 48 45 38 32 29 25 25
1630834693.863 47 45 40 32 26 27 24
1630834694.113 46 46 40 31 27 27 23
1630834694.363 47 43 42 30 27 25 24
1630834694.614 47 42 39 33 30 27 22
1630834694.864 48 42 40 32 29 26 25
1630834695.113 49 45 38 34 27 25 25
1630834695.363 51 44 38 32 27 28 24
1630834695.614 47 44 41 31 29 25 26
1630834695.864 48 43 38 32 29 24 24
1630834696.115 47 43 39 32 27 25 24
1630834696.366 48 44 41 32 26 28 23
1630834696.617 48 45 41 34 28 25 25
1630834696.868 48 44 39 31 28 25 25
1630834697.119 48 45 39 32 30 26 25
1630834697.365 48 44 40 32 29 27 23
1630834697.615 48 45 39 32 27 25 23
1630834697.864 46 46 40 32 27 23 23
1630834698.114 48 48 40 32 28 26 22
1630834698.368 47 46 42 33 25 27 23
1630834698.615 46 42 38 33 27 27 23
1630834698.864 48 45 40 35 28 27 26
1630834699.114 45 44 40 32 27 25 23
1630834699.364 47 45 41 32 26 28 26
1630834699.615 47 44 40 32 27 25 24
1630834699.865 48 47 40 33 27 25 22
1630834700.116 48 44 38 34 27 27 24
1630834700.364 48 45 39 32 27 24 25
1630834700.619 46 44 40 34 26 25 25
1630834700.865 48 45 38 31 28 26 23
1630834701.114 47 42 38 33 27 24 23
1630834701.364 47 41 40 33 27 28 23
1630834701.614 47 41 40 31 29 24 25
1630834701.864 48 41 39 32 28 26 23
1630834702.114 48 40 38 32 28 25 25
1630834702.365 46 42 38 31 28 24 24
1630834702.619 47 38 39 32 27 25 24
1630834702.865 48 39 39 32 26 23 25
1630834703.118 48 40 36 32 27 24 25
1630834703.364 48 41 39 32 29 25 25
1630834703.614 47 40 38 32 29 26 25
1630834703.865 46 40 37 33 27 24 24
1630834704.114 47 41 38 32 27 26 22
1630834704.364 47 40 38 31 27 25 23
1630834704.614 47 39 40 33 27 25 24
1630834704.864 47 40 38 31 28 26 23
1630834705.115 48 39 39 30 28 25 23
1630834705.364 47 41 39 31 26 25 24
1630834705.615 47 39 39 31 26 24 24
1630834705.865 49 37 40 31 26 25 24
1630834706.114 46 40 40 34 27 26 23
1630834706.364 47 40 39 33 28 27 23
1630834706.615 48 40 37 32 27 25 25
1630834706.865 51 40 38 32 28 25 23
1630834707.115 48 39 39 31 28 25 23
1630834707.364 48 42 40 32 27 25 25
1630834707.614 49 41 38 32 26 24 24
1630834707.864 45 39 37 31 26 25 25
1630834708.114 48 39 38 33 27 24 22
1630834708.365 47 40 40 33 26 26 23
1630834708.613 47 40 37 31 26 25 24
1630834708.865 47 40 38 31 27 25 22
1630834709.115 46 39 40 32 27 26 22
1630834709.366 47 41 38 31 28 28 25
1630834709.615 48 38 36 28 25 27 25
1630834709.865 46 40 37 33 25 25 25
1630834710.114 48 42 39 30 26 26 22
1630834710.364 45 40 41 32 28 26 23
1630834710.614 48 42 39 32 27 24 25
1630834710.865 47 41 39 33 28 27 24
1630834711.115 46 41 40 31 27 25 25
1630834711.365 46 39 37 33 28 25 23
1630834711.615 46 39 37 31 26 24 22
1630834711.865 47 40 39 33 27 26 24
1630834712.116 48 40 40 30 25 25 23
1630834712.364 45 40 38 31 30 25 23
1630834712.615 48 39 38 31 25 24 25
1630834712.864 47 42 38 32 28 25 22
1630834713.114 47 40 37 31 24 24 23
1630834713.366 48 39 38 32 26 24 23
1630834713.614 47 41 39 34 24 26 22
1630834713.865 47 39 38 33 26 25 25
1630834714.114 48 42 39 33 26 25 27
1630834714.364 49 41 39 31 25 25 24
1630834714.614 48 44 38 31 26 25 25
1630834714.864 47 40 38 31 27 25 25
1630834715.114 49 43 37 34 25 25 23
1630834715.365 49 39 37 33 26 25 24
1630834715.614 48 45 38 35 26 26 24
1630834715.865 47 39 39 32 27 27 24
1630834716.114 46 42 39 33 27 24 22
1630834716.366 49 39 36 31 25 24 23
1630834716.618 48 41 39 34 25 26 24
1630834716.871 49 39 38 32 28 25 23
1630834717.115 47 40 38 31 26 24 23
1630834717.365 50 41 39 32 27 24 22
1630834717.614 49 41 39 31 28 25 22
1630834717.866 48 40 36 33 28 24 25
1630834718.115 47 39 40 31 28 25 26
1630834718.370 49 43 38 34 28 27 23
1630834718.618 49 38 38 32 27 26 24
1630834718.870 47 42 39 30 26 23 24
1630834719.122 48 39 38 30 26 28 23
1630834719.364 46 40 39 30 28 25 23
1630834719.614 50 42 39 30 27 28 24
1630834719.865 49 38 37 33 28 24 22
1630834720.115 48 41 40 30 26 25 23
1630834720.366 50 40 39 32 27 26 23
1630834720.616 47 38 37 32 26 25 23
1630834720.865 49 42 41 33 28 25 24
1630834721.115 47 38 38 31 26 23 23
1630834721.364 49 39 39 29 28 24 23
1630834721.615 46 38 39 31 27 29 23
1630834721.865 46 42 40 31 27 25 22
1630834722.115 49 41 38 31 26 26 22
1630834722.365 47 39 37 32 27 25 24
1630834722.614 46 40 38 31 28 24 23
1630834722.865 48 38 37 32 25 25 23
1630834723.115 47 40 40 32 27 24 25
1630834723.364 49 40 40 30 26 24 23
1630834723.615 51 38 39 33 29 26 23
1630834723.865 47 40 39 31 26 26 23
1630834724.114 46 39 39 32 28 25 23
1630834724.365 47 40 39 30 27 27 24
1630834724.615 48 41 37 32 26 26 23
1630834724.865 48 39 40 31 26 23 23
1630834725.115 48 41 40 33 27 25 24
1630834725.367 46 39 37 32 26 25 22
1630834725.614 47 38 41 33 28 26 24
1630834725.868 48 40 38 33 26 26 25
1630834726.116 47 40 39 31 28 25 22
1630834726.366 46 42 38 34 27 28 23
1630834726.619 49 39 37 31 26 24 24
1630834726.867 47 44 40 33 26 27 23
1630834727.115 47 37 37 34 26 24 24
1630834727.366 49 43 41 34 27 25 24
1630834727.619 47 40 38 34 27 24 23
1630834727.864 47 39 36 32 26 26 24
1630834728.115 49 40 38 34 27 24 23
1630834728.367 50 39 38 32 25 26 26
1630834728.617 45 40 40 34 27 26 22
1630834728.867 47 41 37 33 27 24 24
1630834729.116 47 42 39 32 27 25 22
1630834729.366 48 38 39 32 29 26 23
1630834729.616 46 40 38 31 25 23 25
1630834729.865 48 42 40 33 26 25 23
1630834730.115 47 39 38 30 27 25 24
1630834730.366 47 41 37 32 28 26 23
1630834730.617 48 39 38 32 27 25 23
1630834730.866 46 40 37 29 26 27 23
1630834731.117 46 39 38 33 28 25 23
1630834731.365 48 39 39 33 26 26 24
1630834731.616 49 42 39 29 29 25 26
1630834731.865 46 40 40 30 25 26 23
1630834732.114 46 40 38 30 26 25 24
1630834732.365 49 38 38 34 26 25 24
1630834732.616 47 39 39 31 27 25 24
1630834732.865 49 41 39 32 26 24 24
1630834733.117 49 40 38 32 25 26 24
1630834733.365 49 41 38 32 26 27 25
1630834733.615 45 41 40 31 25 24 25
1630834733.865 47 42 39 33 25 26 23
1630834734.115 46 40 38 32 25 24 23
1630834734.365 46 39 38 31 27 25 22
1630834734.615 47 41 38 32 25 24 23
1630834734.865 46 40 38 31 27 24 24
1630834735.116 47 43 40 32 26 23 23
1630834735.367 47 39 39 34 25 24 25
1630834735.616 47 40 37 33 25 24 22
1630834735.870 48 40 39 33 25 25 23
1630834736.117 47 39 38 32 27 24 22
1630834736.366 48 39 39 33 26 24 24
1630834736.616 50 40 37 32 27 24 25
1630834736.865 47 42 38 33 27 24 26
1630834737.115 49 39 39 31 25 24 26
1630834737.365 46 44 38 31 26 25 26
1630834737.616 48 38 38 32 26 25 23
1630834737.865 45 40 40 33 26 24 24
1630834738.116 46 39 39 32 26 26 25
1630834738.365 48 40 40 32 26 23 24
1630834738.615 48 40 38 32 26 24 24
1630834738.864 45 38 39 33 26 26 23
1630834739.115 50 42 38 33 28 24 24
1630834739.366 48 39 39 32 26 25 22
1630834739.614 49 42 41 32 28 25 22
1630834739.866 46 41 39 32 27 24 24
1630834740.115 46 41 39 32 26 25 24
1630834740.366 50 39 40 33 27 28 24
1630834740.618 46 42 41 31 28 26 23
1630834740.866 46 39 39 32 26 25 25
1630834741.118 46 39 40 31 26 24 24
1630834741.367 48 42 41 31 25 26 26
1630834741.616 48 38 38 33 27 25 24
1630834741.868 46 39 37 34 28 25 23
1630834742.116 46 40 39 32 27 25 25
1630834742.367 49 39 40 31 25 25 24
1630834742.616 46 41 39 31 24 27 24
1630834742.868 48 39 37 31 26 26 25
1630834743.117 47 41 38 33 26 26 23
1630834743.368 47 39 37 33 26 26 24
1630834743.616 47 40 40 31 27 25 23
1630834743.865 49 40 41 33 25 24 24
1630834744.117 48 39 41 32 29 25 23
1630834744.367 46 41 38 32 27 24 22
1630834744.616 48 40 39 33 27 25 25
1630834744.865 48 39 38 32 26 25 23
1630834745.116 47 41 41 31 26 25 23
1630834745.366 47 40 38 33 25 25 23
1630834745.617 46 40 38 32 24 25 23
1630834745.865 48 40 38 32 27 26 25
1630834746.115 46 39 37 34 26 23 23
1630834746.368 47 40 38 32 27 23 24
1630834746.616 49 39 36 34 26 25 22
1630834746.865 49 41 39 32 26 24 24
1630834747.114 48 40 40 32 26 24 23
1630834747.366 47 39 40 31 25 26 24
1630834747.616 50 41 40 32 26 25 24
1630834747.867 48 39 41 31 27 26 22
1630834748.117 49 40 38 33 27 26 23
1630834748.366 49 39 41 31 27 24 24
1630834748.615 48 41 39 34 25 24 25
1630834748.865 49 40 38 32 27 26 23
1630834749.116 46 39 40 31 25 26 24
1630834749.366 49 41 38 33 27 25 24
1630834749.616 47 40 38 32 28 27 24
1630834749.868 47 40 39 31 27 26 23
1630834750.115 48 40 40 32 25 26 24
1630834750.366 47 41 38 31 26 26 24
1630834750.615 47 42 39 33 27 25 22
1630834750.865 47 38 38 31 25 29 23
1630834751.118 49 42 38 32 27 24 23
1630834751.367 48 40 38 33 26 26 25
1630834751.617 49 40 38 33 25 26 24
1630834751.865 47 40 38 32 25 24 23
1630834752.116 45 40 37 31 25 26 23
1630834752.366 48 40 40 33 26 24 27
1630834752.616 49 40 39 32 25 28 25
1630834752.867 45 40 40 33 25 26 21
1630834753.116 49 40 40 34 28 23 23
1630834753.366 48 38 39 31 26 24 28
1630834753.616 47 39 37 32 25 25 24
1630834753.867 48 41 38 32 26 25 24
1630834754.115 46 42 41 34 25 26 24
1630834754.367 47 42 39 31 27 24 22
1630834754.616 47 42 39 30 27 24 22
1630834754.865 46 40 39 32 26 24 23
1630834755.116 47 39 40 33 26 25 24
1630834755.366 49 39 40 32 26 23 24
1630834755.620 46 41 39 31 25 23 25
1630834755.865 47 41 39 32 28 25 22
1630834756.116 48 40 39 32 25 28 23
1630834756.366 47 42 38 31 25 25 23
1630834756.616 46 40 40 32 27 25 23
1630834756.868 44 40 40 31 27 25 25
1630834757.116 47 40 40 31 27 25 23
1630834757.370 46 40 37 30 26 27 24
1630834757.619 45 38 36 31 25 26 23
1630834757.867 46 42 39 31 26 24 23
1630834758.116 47 40 38 30 26 27 22
1630834758.366 47 40 39 31 27 28 23
1630834758.616 47 40 40 31 26 27 23
1630834758.866 49 40 40 31 25 23 24
1630834759.116 46 42 38 32 26 26 24
1630834759.366 45 41 37 30 26 26 26
1630834759.617 47 39 41 32 26 25 24
1630834759.867 46 38 39 34 26 26 24
1630834760.118 46 41 38 33 26 23 23
1630834760.367 46 39 38 32 25 26 24
1630834760.616 51 38 39 33 28 24 24
1630834760.868 46 40 39 31 25 23 23
1630834761.117 49 39 42 32 26 25 25
1630834761.366 47 41 39 31 26 27 23
1630834761.616 47 40 38 32 28 26 24
1630834761.866 46 39 38 32 24 23 22
1630834762.115 47 40 37 30 25 27 23
1630834762.367 48 40 37 31 25 25 22
1630834762.617 47 41 36 31 25 23 25
1630834762.867 47 39 37 33 28 27 23
1630834763.117 47 40 40 31 25 24 23
1630834763.367 47 41 39 33 25 28 22
1630834763.617 46 39 41 32 25 26 23
1630834763.866 45 41 36 33 27 26 23
1630834764.123 48 39 42 33 26 26 24
1630834764.369 46 41 38 34 25 26 24
1630834764.616 46 42 38 31 26 24 23
1630834764.865 47 40 38 31 27 24 23
1630834765.119 45 39 39 30 25 24 25
1630834765.372 49 41 37 30 26 26 24
1630834765.617 46 39 38 32 27 26 22
1630834765.871 46 40 38 31 26 26 24
1630834766.117 47 39 39 31 27 26 24
1630834766.367 46 40 39 31 27 25 24
1630834766.616 49 40 38 34 25 24 24
1630834766.867 46 39 39 29 25 26 23
1630834767.117 48 40 38 30 26 24 24
1630834767.367 48 40 40 30 24 27 23
1630834767.617 47 41 41 30 26 25 23
1630834767.868 47 43 37 32 25 28 26
1630834768.116 47 39 38 31 26 26 23
1630834768.366 48 41 38 32 24 25 24
1630834768.616 48 42 37 34 24 26 24
1630834768.867 48 40 41 31 26 25 24
1630834769.119 46 40 38 30 28 23 24
1630834769.367 48 40 41 31 28 25 24
1630834769.618 48 40 38 33 26 24 24
1630834769.867 50 41 39 33 26 26 24
1630834770.118 47 39 39 33 27 25 22
1630834770.368 48 40 39 31 27 23 22
1630834770.621 48 41 38 32 27 27 23
1630834770.867 48 40 39 32 28 24 23
1630834771.117 47 42 37 32 27 25 22
1630834771.366 49 40 39 33 24 26 22
1630834771.617 48 38 39 32 27 25 26
1630834771.867 49 43 37 33 25 27 24
1630834772.116 48 39 39 33 25 27 24
1630834772.365 45 41 38 32 26 25 23
1630834772.623 47 41 38 31 27 26 23
1630834772.866 49 40 42 34 26 26 23
1630834773.119 48 41 41 34 30 25 23
1630834773.367 50 39 38 29 27 24 24
1630834773.617 48 40 38 31 28 26 24
1630834773.866 48 41 38 32 26 24 25
1630834774.118 51 41 39 31 26 26 23
1630834774.366 48 41 39 34 28 26 22
1630834774.615 47 38 41 31 30 28 25
1630834774.866 46 40 38 32 29 26 24
1630834775.116 50 40 39 33 26 24 25
1630834775.367 46 39 38 30 26 24 25
1630834775.618 50 41 37 31 28 24 22
1630834775.868 47 41 40 32 26 24 25
1630834776.119 48 42 39 33 28 24 25
1630834776.367 47 40 39 33 28 26 23
1630834776.617 50 40 40 34 25 24 24
1630834776.867 48 43 39 31 27 27 24
1630834777.116 46 42 40 32 30 27 22
1630834777.367 47 40 37 32 28 27 25
1630834777.619 48 39 39 32 28 24 23
1630834777.867 46 40 39 33 24 26 26
1630834778.117 48 40 38 32 26 24 23
1630834778.368 47 39 41 32 28 25 22
1630834778.618 48 44 41 34 25 24 24
1630834778.869 48 39 37 33 27 24 25
1630834779.117 47 39 42 34 27 27 23
1630834779.366 48 41 40 31 27 23 23
1630834779.617 46 39 37 35 27 26 24
1630834779.870 46 41 39 32 28 26 25
1630834780.116 46 41 41 32 26 26 22
1630834780.366 47 39 38 32 28 24 23
1630834780.617 46 41 38 31 25 25 22
1630834780.867 47 41 40 32 27 27 24
1630834781.117 47 41 39 34 26 26 23
1630834781.366 48 40 41 31 26 25 23
1630834781.617 50 42 38 32 26 25 23
1630834781.867 46 41 38 31 25 26 26
1630834782.118 47 40 40 33 27 25 24
1630834782.368 47 40 40 31 27 25 24
1630834782.618 46 44 39 34 27 27 24
1630834782.867 46 40 41 31 27 27 27
1630834783.117 50 40 39 32 28 25 24
1630834783.366 47 40 39 33 28 24 24
1630834783.617 46 42 39 32 25 24 23
1630834783.865 48 40 39 32 27 25 26
1630834784.116 49 41 38 33 26 25 24
1630834784.366 44 41 41 34 28 25 23
1630834784.619 48 39 39 31 26 25 26
1630834784.867 46 40 38 33 26 26 23
1630834785.117 47 41 40 32 27 25 23
1630834785.368 48 38 39 32 25 24 24
1630834785.617 47 40 39 32 27 24 24
1630834785.868 46 41 39 32 25 24 24
1630834786.117 46 39 38 36 27 25 23
1630834786.367 44 39 39 33 29 24 22
1630834786.617 49 40 38 32 26 26 24
1630834786.867 49 38 40 32 28 26 27
1630834787.116 47 42 38 32 29 24 24
1630834787.367 48 42 40 35 26 25 24
1630834787.621 47 40 39 33 28 26 24
1630834787.867 47 40 37 34 27 23 24
1630834788.118 45 38 39 33 26 25 24
1630834788.367 46 40 40 32 27 23 24
1630834788.619 48 42 39 34 27 24 24
1630834788.867 50 40 37 33 28 26 22
1630834789.117 46 42 38 36 27 24 23
1630834789.367 48 38 37 32 26 27 24
1630834789.617 47 41 37 32 26 26 24
1630834789.867 47 41 39 33 26 23 22
1630834790.117 45 39 40 32 26 26 25
1630834790.367 47 40 40 32 28 26 25
1630834790.617 46 40 40 32 28 26 26
1630834790.866 48 40 37 31 30 26 24
1630834791.118 47 40 38 32 28 25 22
1630834791.375 46 40 39 31 25 27 22
1630834791.618 47 41 39 31 26 26 23
1630834791.867 47 42 41 33 28 24 26
1630834792.119 45 39 37 32 25 25 24
1630834792.367 49 41 39 31 26 26 23
1630834792.619 48 43 40 31 28 24 21
1630834792.867 48 38 39 31 27 24 24
1630834793.117 46 41 39 32 28 25 22
1630834793.367 47 40 39 33 27 24 23
1630834793.617 45 40 40 33 27 24 24
1630834793.867 46 40 39 33 28 27 23
1630834794.117 46 40 40 31 26 26 25
1630834794.368 47 40 39 33 26 24 23
1630834794.618 47 41 39 34 28 24 24
1630834794.869 46 40 38 32 28 25 24
1630834795.117 47 43 39 30 30 27 23
1630834795.366 48 42 40 31 29 25 23
1630834795.619 47 40 38 31 27 25 25
1630834795.866 49 39 39 32 27 27 24
1630834796.117 47 41 39 32 25 26 23
1630834796.367 46 37 38 34 25 26 23
1630834796.618 48 40 39 34 26 24 24
1630834796.867 46 43 38 31 30 26 26
1630834797.119 46 39 40 33 26 26 25
1630834797.367 49 40 39 34 25 24 23
1630834797.617 47 42 37 34 28 24 23
1630834797.867 47 40 38 33 27 26 25
1630834798.117 48 40 38 32 26 25 24
1630834798.367 49 39 38 33 28 26 23
1630834798.618 48 40 38 31 26 26 23
1630834798.866 47 41 38 33 27 26 24
1630834799.123 48 40 37 32 26 25 24
1630834799.370 48 40 40 34 27 25 25
1630834799.620 46 40 37 31 27 28 25
1630834799.869 46 39 39 32 26 25 24
1630834800.119 50 40 38 31 27 24 22
1630834800.368 46 38 43 31 26 24 24
1630834800.617 48 39 38 32 27 26 24
1630834800.868 48 39 38 30 28 25 24
1630834801.117 48 39 40 31 25 24 23
1630834801.369 50 42 40 31 27 24 23
1630834801.619 48 40 39 32 28 26 23
1630834801.869 47 40 39 31 27 26 24
1630834802.118 48 41 40 31 28 26 22
1630834802.367 46 40 38 33 25 27 27
1630834802.617 47 43 40 32 27 24 22
1630834802.867 45 41 40 31 27 28 23
1630834803.117 48 42 40 31 27 26 24
1630834803.368 48 42 41 31 26 26 23
1630834803.617 51 40 39 31 26 27 25
1630834803.867 49 42 38 32 27 28 24
1630834804.119 47 42 39 33 27 25 24
1630834804.367 46 39 40 30 26 25 25
1630834804.617 48 40 39 32 29 26 25
1630834804.868 52 40 39 32 27 26 24
1630834805.117 49 40 40 30 27 25 25
1630834805.368 47 41 38 33 28 26 24
1630834805.617 47 40 40 33 27 26 24
1630834805.866 46 40 41 32 27 26 23
1630834806.116 48 41 40 32 26 25 23
1630834806.372 47 41 39 33 28 26 24
1630834806.617 48 42 39 33 29 24 24
1630834806.867 47 39 39 32 26 27 24
1630834807.116 47 40 37 35 27 25 25
1630834807.366 49 40 39 33 25 26 23
1630834807.617 46 42 39 31 25 26 24
1630834807.867 50 41 40 34 26 26 23
1630834808.116 48 40 38 33 25 25 23
1630834808.368 48 41 39 32 29 23 26
1630834808.618 46 40 37 32 27 24 23
1630834808.869 47 39 38 34 27 25 23
1630834809.120 47 40 38 33 26 24 25
1630834809.369 47 41 38 32 26 26 24
1630834809.617 47 39 38 31 28 24 24
1630834809.867 47 42 39 31 28 25 22
1630834810.117 47 39 36 30 26 25 25
1630834810.368 50 39 38 35 28 26 22
1630834810.618 49 38 38 35 26 25 23
1630834810.868 46 39 39 32 28 27 25
1630834811.118 47 41 39 32 29 26 23
1630834811.367 48 41 40 33 27 27 23
1630834811.618 48 41 38 32 30 25 23
1630834811.868 47 41 40 29 27 26 22
1630834812.118 48 38 37 31 25 26 26
1630834812.367 51 39 39 30 28 24 23
1630834812.617 46 41 39 31 28 26 24
1630834812.868 45 40 38 31 25 25 22
1630834813.117 47 41 40 29 28 25 22
1630834813.367 50 39 37 33 26 26 23
1630834813.618 47 40 39 30 27 24 23
1630834813.870 47 43 37 31 27 25 24
1630834814.123 48 39 38 32 31 24 24
1630834814.369 48 40 38 32 28 25 24
1630834814.617 47 41 37 35 26 24 24
1630834814.867 48 40 39 32 28 26 23
1630834815.117 46 41 38 30 26 25 23
1630834815.367 47 41 38 33 27 26 24
1630834815.618 45 42 38 34 28 25 23
1630834815.871 48 41 38 33 27 24 26
1630834816.119 45 40 39 33 25 24 23
1630834816.370 48 39 40 34 26 25 25
1630834816.620 46 41 39 35 26 28 23
1630834816.867 48 41 41 34 28 25 23
1630834817.118 47 40 39 33 26 24 24
1630834817.368 48 42 38 31 27 26 23
1630834817.617 45 40 40 31 27 26 23
1630834817.867 46 41 39 31 27 25 25
1630834818.119 45 39 39 31 27 25 24
1630834818.370 49 41 40 32 28 24 23
1630834818.620 47 41 37 31 27 25 24
1630834818.867 48 40 39 32 27 25 25
1630834819.118 48 41 39 33 28 25 24
1630834819.368 50 38 39 33 30 24 24
1630834819.621 48 41 39 33 27 26 24
1630834819.868 46 39 39 32 27 25 24
1630834820.117 45 42 40 31 27 26 22
1630834820.368 48 39 40 34 27 26 24
1630834820.618 47 39 39 33 26 24 23
1630834820.868 47 40 38 31 26 25 25
1630834821.118 45 43 38 32 26 26 22
1630834821.368 51 39 38 33 24 24 22
1630834821.618 48 41 39 33 29 23 24
1630834821.867 48 39 38 32 27 25 22
1630834822.117 47 40 39 33 27 26 22
1630834822.368 49 41 40 32 26 26 24
1630834822.617 45 37 40 36 29 26 23
1630834822.869 50 39 38 33 26 25 23
1630834823.119 46 39 39 31 26 27 24
1630834823.368 46 39 38 32 29 24 23
1630834823.620 48 39 39 33 26 26 23
1630834823.868 46 44 39 32 27 24 23
1630834824.120 46 38 39 34 27 25 23
1630834824.367 46 40 38 32 26 25 24
1630834824.618 46 40 40 31 29 25 23
1630834824.867 48 40 37 32 28 25 22
1630834825.117 46 39 39 32 31 24 25
1630834825.367 47 39 40 32 27 24 24
1630834825.621 50 39 38 32 25 25 23
1630834825.869 48 40 41 30 27 25 24
1630834826.119 47 40 39 31 25 24 24
1630834826.368 46 43 40 31 28 28 23
1630834826.619 48 41 40 31 25 25 24
1630834826.867 47 40 39 32 26 26 24
1630834827.118 47 42 39 32 25 23 22
1630834827.368 48 40 40 31 26 25 22
1630834827.617 48 39 40 32 28 24 23
1630834827.868 46 43 39 31 26 24 23
1630834828.118 50 43 40 31 27 25 24
1630834828.368 47 39 38 31 26 24 24
1630834828.623 46 41 38 31 29 24 24
1630834828.871 47 41 41 33 26 25 25
1630834829.117 47 39 38 34 25 26 22
1630834829.367 47 39 38 31 26 26 22
1630834829.618 48 42 39 31 28 25 22
1630834829.867 46 40 37 31 28 25 23
1630834830.117 49 40 39 32 25 23 23
1630834830.369 47 39 39 30 26 25 25
1630834830.618 46 40 40 32 26 24 24
1630834830.868 46 42 39 31 26 25 25
1630834831.118 49 39 39 31 26 25 24
1630834831.368 46 41 37 33 29 25 24
1630834831.618 47 37 40 31 27 24 24
1630834831.868 48 40 40 31 25 27 23
1630834832.117 48 40 37 32 27 25 22
1630834832.368 49 41 38 32 26 28 23
1630834832.618 48 43 40 31 26 25 24
1630834832.871 48 39 39 34 26 23 23
1630834833.121 45 40 38 33 27 25 24
1630834833.369 46 42 40 32 27 25 23
1630834833.618 48 39 39 31 28 24 23
1630834833.867 50 39 38 31 26 24 25
1630834834.118 46 39 37 31 27 26 22
1630834834.368 47 40 38 32 26 25 22
1630834834.618 45 40 36 31 25 24 24
1630834834.868 47 39 40 32 27 24 24
1630834835.119 49 42 40 32 28 27 24
1630834835.369 48 38 37 32 29 25 23
1630834835.618 47 39 39 31 26 24 23
1630834835.867 48 39 38 32 27 28 23
1630834836.117 49 40 39 32 25 25 24
1630834836.368 47 42 39 33 27 24 23
1630834836.619 48 39 40 31 26 26 23
1630834836.869 48 42 39 32 26 24 23
1630834837.120 46 39 38 31 26 25 23
1630834837.369 48 40 40 31 26 25 24
1630834837.618 48 42 40 32 25 24 24
1630834837.869 47 39 39 34 27 27 24
1630834838.118 47 39 40 33 26 26 22
1630834838.368 48 41 39 34 26 25 24
1630834838.619 48 40 39 33 27 25 22
1630834838.868 46 44 39 32 29 25 23
1630834839.118 48 38 39 31 26 26 22
1630834839.368 46 39 42 30 30 25 23
1630834839.618 47 40 38 31 29 24 24
1630834839.868 48 39 37 33 28 25 25
1630834840.117 48 41 39 31 26 25 23
1630834840.369 47 38 37 31 25 25 24
1630834840.618 47 39 39 33 26 25 24
1630834840.869 48 40 41 31 27 23 24
1630834841.119 49 38 38 35 28 27 24
1630834841.368 48 42 37 31 28 26 21
1630834841.618 48 37 38 32 28 25 23
1630834841.868 46 40 38 34 26 25 24
1630834842.118 48 40 39 34 27 26 24
1630834842.368 47 40 38 33 30 24 23
1630834842.618 46 41 41 34 29 26 23
1630834842.868 47 42 38 34 26 26 23
1630834843.119 47 40 40 34 28 23 23
1630834843.371 46 41 40 33 28 26 25
1630834843.622 47 40 41 32 27 26 24
1630834843.868 48 41 40 35 26 25 23
1630834844.119 46 39 39 31 25 24 25
1630834844.368 51 42 40 33 29 25 24
1630834844.618 47 40 41 32 26 26 22
1630834844.868 45 39 40 33 26 25 22
1630834845.118 47 41 40 32 28 24 25
1630834845.367 47 39 41 32 25 23 22
1630834845.618 47 41 39 35 27 25 25
1630834845.869 47 38 37 33 26 25 22
1630834846.122 46 42 41 34 27 24 25
1630834846.374 47 39 38 32 25 26 26
1630834846.619 47 41 41 33 28 23 23
1630834846.868 47 40 38 32 25 26 22
1630834847.118 46 38 39 34 26 24 22
1630834847.368 45 39 40 34 27 24 22
1630834847.618 46 38 37 32 27 26 24
1630834847.868 47 40 37 34 27 23 23
1630834848.118 47 42 39 33 25 25 25
1630834848.369 45 40 37 33 27 24 24
1630834848.622 49 41 39 33 26 24 25
1630834848.870 47 39 37 35 27 24 23
1630834849.119 48 40 38 33 25 23 23
1630834849.369 46 40 39 33 26 25 24
1630834849.619 47 39 40 34 27 24 26
1630834849.869 49 39 39 31 27 25 24
1630834850.118 46 40 37 32 28 25 24
1630834850.368 48 40 40 31 26 27 23
1630834850.618 47 42 37 31 25 25 24
1630834850.868 47 38 38 32 26 26 23
1630834851.119 48 42 39 31 28 25 25
1630834851.368 47 41 37 31 28 25 24
1630834851.618 48 40 40 31 28 24 23
1630834851.869 47 40 38 32 27 25 23
1630834852.119 47 38 37 31 26 25 23
1630834852.368 46 40 39 32 26 24 24
1630834852.618 49 39 39 33 26 25 23
1630834852.869 48 39 38 30 26 24 23
1630834853.123 47 42 39 31 26 25 25
1630834853.368 46 38 39 31 28 25 23
1630834853.618 49 41 39 33 27 25 22
1630834853.868 47 40 39 34 28 26 23
1630834854.120 45 39 39 33 26 26 24
1630834854.368 48 41 41 31 26 26 22
1630834854.618 46 39 38 32 25 25 24
1630834854.868 46 41 39 33 27 26 24
1630834855.118 48 40 40 31 30 24 24
1630834855.369 46 41 40 30 28 25 24
1630834855.619 47 41 38 33 27 24 24
1630834855.869 49 39 37 32 27 27 27
1630834856.118 47 39 39 33 28 23 23
1630834856.368 48 40 38 32 28 24 22
1630834856.618 47 38 40 32 28 25 23
1630834856.868 47 40 38 32 28 24 23
1630834857.118 48 42 40 32 28 24 24
1630834857.367 48 40 39 33 27 26 24
1630834857.617 47 40 39 30 26 26 22
1630834857.868 47 41 40 31 32 26 24
1630834858.118 48 40 39 33 27 27 23
1630834858.369 45 38 38 32 28 26 24
1630834858.619 47 43 41 33 29 27 22
1630834858.868 49 39 39 32 25 25 23
1630834859.118 49 41 39 31 28 25 25
1630834859.368 48 41 39 30 29 25 23
1630834859.618 48 39 38 29 27 24 25
1630834859.868 49 43 38 31 27 25 23
1630834860.118 49 40 38 31 31 26 24
1630834860.369 47 41 39 34 28 24 25
1630834860.618 48 38 39 32 27 24 25
1630834860.869 50 40 38 31 26 25 22
1630834861.118 47 40 38 30 25 27 23
1630834861.369 49 40 38 31 29 25 24
1630834861.618 46 42 39 32 29 25 26
1630834861.868 48 40 41 30 28 24 23
1630834862.118 48 41 40 31 28 26 23
1630834862.368 46 39 37 31 28 24 26
1630834862.619 49 42 42 36 28 24 24
1630834862.869 45 40 37 32 26 25 22
1630834863.119 46 42 39 32 28 27 24
1630834863.368 45 39 39 32 27 25 23
1630834863.618 48 41 40 31 27 25 24
1630834863.876 47 38 38 32 28 28 22
1630834864.129 47 39 40 34 27 27 25
1630834864.381 47 42 37 30 24 25 23
1630834864.620 46 40 38 32 28 25 23
1630834864.871 47 42 40 31 28 26 24
1630834865.127 47 39 40 34 28 25 24
1630834865.370 47 42 40 32 29 25 24
1630834865.620 47 40 38 32 26 26 23
1630834865.869 47 42 38 31 30 27 23
1630834866.122 49 41 40 33 30 25 25
1630834866.370 46 41 38 33 28 25 24
1630834866.621 47 39 38 33 26 25 25
1630834866.872 46 44 40 32 27 26 24
1630834867.121 47 39 39 31 27 28 26
1630834867.370 49 40 38 32 27 26 24
1630834867.619 50 38 38 31 28 24 23
1630834867.869 47 40 40 35 26 25 23
1630834868.120 51 41 37 33 28 26 24
1630834868.368 46 41 40 33 27 25 24
1630834868.619 46 41 37 30 27 25 24
1630834868.869 46 41 40 31 32 27 24
1630834869.119 46 41 38 30 27 25 24
1630834869.369 45 41 37 31 28 25 26
1630834869.618 47 43 39 33 26 24 23
1630834869.869 47 41 37 31 29 25 24
1630834870.119 47 40 40 32 28 26 24
1630834870.369 46 37 36 32 29 25 25
1630834870.622 47 40 39 32 26 24 24
1630834870.871 49 39 39 31 27 24 24
1630834871.119 46 40 38 31 27 28 24
1630834871.368 46 42 38 33 27 23 23
1630834871.619 46 39 40 32 26 26 23
1630834871.869 47 41 40 33 27 27 23
1630834872.119 49 38 38 33 29 26 24
1630834872.371 50 40 39 31 28 25 25
1630834872.619 50 39 39 32 28 25 26
1630834872.869 49 42 36 33 28 29 26
1630834873.119 48 39 39 31 28 25 23
1630834873.369 49 41 39 31 26 26 23
1630834873.619 47 39 40 33 27 25 24
1630834873.869 45 41 38 37 27 25 24
1630834874.119 47 42 37 36 26 26 24
1630834874.370 49 38 38 32 26 28 23
1630834874.619 47 42 40 32 27 25 23
1630834874.869 50 38 38 32 26 24 24
1630834875.119 48 39 37 31 27 26 25
1630834875.370 47 38 39 35 27 26 24
1630834875.621 48 41 37 31 27 23 23
1630834875.871 46 41 38 32 27 26 24
1630834876.120 46 39 38 32 28 26 23
1630834876.370 50 40 40 33 27 27 24
1630834876.624 47 38 37 32 28 24 23
1630834876.872 47 41 40 31 28 26 25
1630834877.119 48 39 38 32 26 25 25
1630834877.370 49 40 40 33 27 24 22
1630834877.621 46 38 37 31 26 24 23
1630834877.869 48 40 38 31 27 26 25
1630834878.119 46 42 38 33 27 25 25
1630834878.372 47 40 39 33 28 25 24
1630834878.622 47 40 36 33 29 26 24
1630834878.869 47 39 39 33 28 25 23
1630834879.118 47 43 39 29 28 23 23
1630834879.369 50 40 40 33 26 24 23
1630834879.619 48 42 38 32 28 23 23
1630834879.869 49 39 38 32 27 24 24
1630834880.120 48 42 38 31 26 26 24
1630834880.369 47 40 37 31 29 27 24
1630834880.620 46 41 38 33 26 26 24
1630834880.870 48 41 41 32 28 26 24
1630834881.120 46 41 39 33 29 26 24
1630834881.370 49 40 38 32 28 24 24
1630834881.625 47 40 39 33 30 26 24
1630834881.869 46 39 37 33 27 24 24
1630834882.120 47 40 41 32 26 26 23
1630834882.369 49 41 37 32 28 26 24
1630834882.619 48 39 38 30 27 26 23
1630834882.870 49 40 37 32 29 25 23
1630834883.119 49 40 39 31 28 25 23
1630834883.372 48 43 39 32 28 25 25
1630834883.619 46 38 40 32 26 25 24
1630834883.869 48 41 36 31 29 25 25
1630834884.120 47 39 38 31 27 27 24
1630834884.370 45 40 39 31 26 25 25
1630834884.620 47 41 37 32 27 27 24
1630834884.869 48 41 38 32 29 25 23
1630834885.118 49 41 41 33 25 26 24
1630834885.369 46 40 37 32 27 26 24
1630834885.619 47 40 39 32 27 24 26
1630834885.869 49 39 39 32 26 25 25
1630834886.119 47 39 38 32 27 24 23
1630834886.370 46 39 39 31 27 26 25
1630834886.621 48 38 38 32 28 24 24
1630834886.872 46 40 37 32 28 27 23
1630834887.122 47 39 38 31 26 26 25
1630834887.369 46 39 38 30 26 25 24
1630834887.618 48 39 39 30 26 25 23
1630834887.870 48 38 37 34 27 24 22
1630834888.119 44 39 40 31 29 25 24
1630834888.370 48 38 37 32 28 25 24
1630834888.620 50 42 40 33 27 26 23
1630834888.870 47 39 37 30 29 25 24
1630834889.120 46 39 37 33 27 26 23
1630834889.370 48 42 37 31 28 26 27
1630834889.620 48 39 39 31 27 26 24
1630834889.871 48 40 38 31 27 25 26
1630834890.128 47 40 39 30 28 23 24
1630834890.370 47 37 38 33 26 25 23
1630834890.625 47 43 38 31 28 25 25
1630834890.871 46 39 38 33 27 27 24
1630834891.128 47 42 39 32 27 25 23
1630834891.370 50 40 38 34 26 27 24
1630834891.622 47 39 39 32 27 26 24
1630834891.871 47 42 39 31 28 27 23
1630834892.122 47 38 37 32 28 26 23
1630834892.372 48 41 40 31 26 25 24
1630834892.620 47 39 39 32 28 24 23
1630834892.874 48 40 41 31 28 27 23
1630834893.123 46 41 38 34 28 27 23
1630834893.370 46 39 38 32 27 24 25
1630834893.623 46 41 40 30 27 25 24
1630834893.871 49 40 38 33 31 24 23
1630834894.120 48 38 39 33 27 24 23
1630834894.370 49 44 37 31 27 26 24
1630834894.619 47 39 38 31 29 26 24
1630834894.870 46 41 37 32 26 26 24
1630834895.119 49 39 39 31 29 27 24
1630834895.370 48 40 38 33 29 24 21
1630834895.621 49 42 37 35 30 24 25
1630834895.873 47 39 39 33 28 25 23
1630834896.121 47 41 41 30 28 25 23
1630834896.369 48 40 37 33 27 27 26
1630834896.619 48 39 38 33 26 27 25
1630834896.870 48 40 39 34 29 25 24
1630834897.119 47 39 37 32 27 24 23
1630834897.371 48 42 38 33 29 25 24
1630834897.620 48 40 38 33 27 25 26
1630834897.869 48 40 40 34 28 24 24
1630834898.119 48 39 39 32 26 25 25
1630834898.369 47 41 39 33 28 24 24
1630834898.619 48 40 37 33 29 26 24
1630834898.871 48 39 37 33 28 27 25
1630834899.119 49 44 39 31 29 25 24
1630834899.369 48 38 38 33 26 24 24
1630834899.620 47 40 39 32 27 24 24
1630834899.871 49 40 41 31 27 27 24
1630834900.120 46 39 37 31 27 25 24
1630834900.371 47 43 40 32 27 28 25
1630834900.620 48 39 37 34 27 26 25
1630834900.870 48 39 37 31 27 25 25
1630834901.120 47 40 39 32 26 25 23
1630834901.369 48 39 38 31 28 24 24
1630834901.620 48 41 40 31 27 25 24
1630834901.870 47 39 37 31 28 25 23
1630834902.123 48 43 38 32 28 26 23
1630834902.370 49 39 38 33 28 26 24
1630834902.620 45 38 37 31 26 26 25
1630834902.870 46 40 40 34 28 27 25
1630834903.121 46 40 38 35 28 27 22
1630834903.371 46 43 38 35 29 25 24
1630834903.620 47 39 36 35 26 24 25
1630834903.870 49 40 40 32 26 27 23
1630834904.119 48 39 38 35 27 26 24
1630834904.370 47 38 40 34 28 26 23
1630834904.620 46 43 38 32 28 25 22
1630834904.870 46 40 39 33 28 25 23
1630834905.120 46 40 39 33 26 25 23
1630834905.369 47 40 38 34 30 24 25
1630834905.620 49 40 38 32 27 25 23
1630834905.870 46 41 39 32 29 24 28
1630834906.120 47 38 38 32 28 25 25
1630834906.370 52 44 39 32 27 25 23
1630834906.619 45 40 40 33 26 25 23
1630834906.869 49 40 40 34 28 25 23
1630834907.120 47 41 39 31 28 24 23
1630834907.371 47 40 39 34 28 25 23
1630834907.621 46 41 39 33 28 24 23
1630834907.870 49 41 39 32 27 23 22
1630834908.119 47 44 39 32 28 26 26
1630834908.369 46 40 38 32 26 26 23
1630834908.620 48 40 37 33 27 24 25
1630834908.869 48 40 40 32 29 25 26
1630834909.119 47 41 39 31 27 26 22
1630834909.369 47 45 37 31 28 26 25
1630834909.619 48 38 39 33 27 27 23
1630834909.870 47 41 40 32 28 25 23
1630834910.119 47 41 38 31 27 25 22
1630834910.371 45 39 37 33 30 25 23
1630834910.620 46 40 38 32 26 25 22
1630834910.871 45 40 39 32 29 25 26
1630834911.120 47 40 41 33 28 26 25
1630834911.372 46 39 38 33 26 24 26
1630834911.620 48 40 40 33 28 23 24
1630834911.869 45 44 41 34 28 25 25
1630834912.121 49 39 39 33 26 26 23
1630834912.373 46 41 38 32 28 24 23
1630834912.623 47 39 38 31 28 26 23
1630834912.872 47 40 38 31 29 27 23
1630834913.121 48 41 38 33 28 25 24
1630834913.379 46 39 38 32 26 24 23
1630834913.623 47 41 38 31 29 24 24
1630834913.873 50 41 42 31 27 26 24
1630834914.120 48 41 39 31 27 25 26
1630834914.371 47 39 38 32 27 26 23
1630834914.619 47 39 40 32 27 26 25
1630834914.870 51 42 41 30 29 28 24
1630834915.120 47 40 37 31 27 26 25
1630834915.371 48 42 38 32 28 25 24
1630834915.620 49 40 39 30 27 24 24
1630834915.872 47 38 39 31 29 27 26
1630834916.124 49 40 37 31 27 25 25
1630834916.370 47 39 39 30 28 27 24
1630834916.621 46 40 37 32 27 27 23
1630834916.871 46 40 38 31 29 28 23
1630834917.119 51 40 38 31 27 26 23
1630834917.370 47 40 38 30 28 25 23
1630834917.620 49 42 37 31 27 28 24
1630834917.870 47 41 38 31 27 25 24
1630834918.120 48 40 38 29 26 28 24
1630834918.370 46 39 38 32 28 25 22
1630834918.619 47 41 38 32 28 27 22
1630834918.870 48 39 39 32 27 27 23
1630834919.120 47 39 37 31 27 25 24
1630834919.370 46 39 40 33 26 24 23
1630834919.620 47 40 40 32 28 26 24
1630834919.871 47 43 40 32 27 22 25
1630834920.125 47 39 39 33 29 26 23
1630834920.370 46 39 37 32 30 26 23
1630834920.621 50 39 39 34 27 26 25
1630834920.871 46 39 39 34 28 26 23
1630834921.123 47 40 38 34 28 26 23
1630834921.374 46 42 39 35 28 25 24
1630834921.623 47 41 38 33 27 24 24
1630834921.870 50 41 39 34 27 24 26
1630834922.121 46 40 39 33 28 24 24
1630834922.370 50 40 39 35 26 26 24
1630834922.620 46 40 39 32 27 26 25
1630834922.870 47 42 40 33 27 26 22
1630834923.119 48 40 38 32 28 24 24
1630834923.370 49 40 42 32 26 25 23
1630834923.620 47 42 39 34 27 25 23
1630834923.871 47 40 37 33 27 25 24
1630834924.120 46 41 40 32 28 26 23
1630834924.373 47 39 39 33 27 25 23
1630834924.621 47 40 39 33 29 25 25
1630834924.873 48 41 40 33 27 24 23
1630834925.121 47 41 38 33 26 26 24
1630834925.371 48 40 38 32 29 25 23
1630834925.620 46 39 39 32 28 25 25
1630834925.870 47 39 38 31 27 26 24
1630834926.121 50 42 39 31 29 24 25
1630834926.371 46 38 40 31 28 23 22
1630834926.620 46 39 40 33 28 25 25
1630834926.870 49 41 38 33 26 25 23
1630834927.120 47 41 38 33 25 25 26
1630834927.374 48 42 40 33 27 26 26
1630834927.620 48 40 39 33 26 26 25
1630834927.870 48 39 38 33 27 26 23
1630834928.120 46 39 37 32 27 25 25
1630834928.370 46 40 42 32 26 26 23
1630834928.620 47 41 40 32 27 26 23
1630834928.870 46 39 40 32 27 25 25
1630834929.120 48 41 40 31 27 25 22
1630834929.370 46 38 37 30 28 25 23
1630834929.620 47 41 38 32 29 26 23
1630834929.870 49 39 39 32 28 25 24
1630834930.121 47 39 40 32 26 25 25
1630834930.370 46 39 39 31 26 26 23
1630834930.621 48 39 39 33 26 24 24
1630834930.870 50 43 38 32 29 27 24
1630834931.121 48 39 38 33 26 27 26
1630834931.371 47 42 38 29 28 26 24
1630834931.621 47 40 39 31 29 27 25
1630834931.870 46 40 38 31 28 25 24
1630834932.121 46 41 40 32 27 25 24
1630834932.374 47 39 38 34 28 25 23
1630834932.623 46 44 41 31 28 25 24
1630834932.874 48 39 39 33 30 26 25
1630834933.121 47 40 38 33 26 27 22
1630834933.372 47 40 38 34 27 24 24
1630834933.623 46 41 41 34 27 26 25
1630834933.875 48 42 39 33 27 24 25
1630834934.123 47 41 38 34 26 26 23
1630834934.372 47 42 39 34 27 24 24
1630834934.621 47 39 38 32 28 26 24
1630834934.871 48 46 42 34 26 26 23
1630834935.121 48 41 38 32 27 25 26
1630834935.370 47 39 39 32 25 29 25
1630834935.625 47 40 39 34 26 25 23
1630834935.873 49 39 39 33 29 23 23
1630834936.123 46 40 36 34 27 25 23
1630834936.373 49 38 38 34 26 24 25
1630834936.622 47 40 41 33 28 25 24
1630834936.872 46 41 38 36 26 27 24
1630834937.120 47 40 41 32 27 24 24
1630834937.371 46 43 40 32 28 24 23
1630834937.622 46 40 37 36 27 27 24
1630834937.871 47 42 38 34 27 25 24
1630834938.121 46 40 39 34 28 25 27
1630834938.375 46 41 39 32 29 26 23
1630834938.621 49 40 39 34 27 26 22
1630834938.871 48 39 39 34 27 24 24
1630834939.120 47 40 41 32 27 25 23
1630834939.373 46 41 39 30 28 27 26
1630834939.621 46 38 40 33 27 25 23
1630834939.870 48 44 38 32 29 26 25
1630834940.121 48 39 39 32 28 26 24
1630834940.372 48 40 38 32 28 26 24
1630834940.622 46 42 40 31 26 26 25
1630834940.874 49 40 38 31 27 25 25
1630834941.121 48 40 37 32 27 25 23
1630834941.373 47 41 38 32 29 26 24
1630834941.625 49 39 38 31 26 25 23
1630834941.872 47 42 39 32 28 25 24
1630834942.125 49 39 38 33 27 24 22
1630834942.371 49 39 37 33 27 25 23
1630834942.621 48 39 38 33 27 25 22
1630834942.871 48 39 38 34 26 25 26
1630834943.121 48 41 39 35 26 26 24
1630834943.374 48 39 38 34 27 25 24
1630834943.622 47 43 39 32 27 26 24
1630834943.873 45 40 38 35 29 27 24
1630834944.122 48 40 39 33 26 25 24
1630834944.370 46 39 39 32 28 27 25
1630834944.621 48 38 38 33 26 26 24
1630834944.870 45 42 40 31 27 24 23
1630834945.120 48 41 39 33 27 26 23
1630834945.372 49 41 39 33 28 24 24
1630834945.622 46 41 40 32 26 28 24
1630834945.872 47 40 38 35 26 26 23
1630834946.122 47 41 37 32 26 27 24
1630834946.371 48 39 38 34 25 26 25
1630834946.620 48 38 39 32 27 28 25
1630834946.871 47 40 38 33 28 26 23
1630834947.121 48 38 39 33 27 25 24
1630834947.371 47 40 40 34 26 24 25
1630834947.623 48 41 39 37 26 26 26
1630834947.872 47 40 41 35 26 26 24
1630834948.121 47 40 39 32 27 25 24
1630834948.370 47 40 39 35 27 26 22
1630834948.621 46 42 37 33 26 24 24
1630834948.873 47 40 39 32 26 27 23
1630834949.121 45 42 39 30 26 26 23
1630834949.370 47 41 39 33 28 25 24
1630834949.621 48 42 38 33 27 24 25
1630834949.871 48 40 39 31 25 24 25
1630834950.121 47 40 38 34 29 27 22
1630834950.370 47 40 39 33 27 25 26
1630834950.621 46 42 39 33 28 26 25
1630834950.871 48 39 38 33 30 25 22
1630834951.120 47 40 38 32 28 25 23
1630834951.371 50 40 38 31 26 25 25
1630834951.622 48 41 38 32 29 25 25
1630834951.870 46 40 40 33 26 26 22
1630834952.121 49 40 37 31 27 26 24
1630834952.370 46 39 37 33 28 25 27
1630834952.621 46 39 37 31 27 26 23
1630834952.871 46 41 37 32 31 24 25
1630834953.121 48 40 40 32 29 24 24
1630834953.371 50 40 38 30 28 26 23
1630834953.622 47 39 38 32 28 24 24
1630834953.871 49 42 38 30 29 26 25
1630834954.121 47 38 37 31 29 25 25
1630834954.371 47 39 38 33 28 26 23
1630834954.621 47 38 39 29 29 29 23
1630834954.871 46 40 41 32 28 25 24
1630834955.121 48 40 38 32 29 27 23
1630834955.371 47 40 38 32 28 26 23
1630834955.621 48 41 38 31 28 25 25
1630834955.871 47 40 39 30 26 26 25
1630834956.121 47 41 39 30 28 26 23
1630834956.372 48 39 38 30 26 28 23
1630834956.622 48 40 42 32 28 28 25
1630834956.871 49 39 37 33 28 25 22
1630834957.121 45 41 39 31 28 24 25
1630834957.373 47 39 38 30 30 26 24
1630834957.622 48 39 39 30 28 26 22
1630834957.871 46 40 37 31 27 23 24
1630834958.122 47 38 40 31 29 27 24
1630834958.372 47 40 38 32 28 26 23
1630834958.621 46 39 38 32 27 25 25
1630834958.871 44 41 38 33 26 25 23
1630834959.122 49 39 37 32 25 27 23
1630834959.372 46 39 39 33 26 24 25
1630834959.623 49 40 38 33 26 25 23
1630834959.874 49 42 38 33 27 25 24
1630834960.126 47 41 39 31 28 24 24
1630834960.374 48 39 37 32 28 25 23
1630834960.623 47 39 41 34 27 25 25
1630834960.872 46 41 39 31 27 26 23
1630834961.123 47 38 39 32 26 26 23
1630834961.373 46 41 39 32 26 24 23
1630834961.622 49 40 38 34 28 26 23
1630834961.872 47 40 39 34 28 25 23
1630834962.122 46 42 39 36 26 24 24
1630834962.373 47 40 40 33 29 26 23
1630834962.622 48 42 40 32 27 26 22
1630834962.871 50 39 39 32 28 24 22
1630834963.121 47 39 38 32 27 25 24
1630834963.374 48 40 40 34 27 26 24
1630834963.622 47 40 39 33 27 28 22
1630834963.871 47 41 39 32 27 27 23
1630834964.122 49 39 39 33 27 25 22
1630834964.371 51 39 38 32 27 25 23
1630834964.623 46 41 38 33 27 23 22
1630834964.872 49 40 41 33 28 25 24
1630834965.122 47 41 40 31 27 24 24
1630834965.371 49 39 37 33 27 25 22
1630834965.621 45 40 40 31 25 26 22
1630834965.871 47 40 40 33 26 26 25
1630834966.121 47 40 40 32 29 26 23
1630834966.372 47 39 38 35 28 25 24
1630834966.621 46 40 39 31 27 25 24
1630834966.872 48 39 38 31 26 25 23
1630834967.120 47 40 39 32 27 26 24
1630834967.372 48 41 38 33 28 26 24
1630834967.623 50 39 39 31 26 25 25
1630834967.872 46 40 39 33 27 27 25
1630834968.124 45 40 41 33 29 24 26
1630834968.373 47 40 39 30 27 25 24
1630834968.623 46 41 39 31 27 25 22
1630834968.872 46 40 39 32 27 26 23
1630834969.122 48 41 38 32 28 24 24
1630834969.371 47 40 38 32 28 24 22
1630834969.621 50 40 39 32 27 25 24
1630834969.871 47 42 38 32 27 26 23
1630834970.121 47 40 40 32 26 26 24
1630834970.371 45 40 37 33 27 27 24
1630834970.623 47 42 39 33 26 24 24
1630834970.872 47 40 39 31 27 25 24
1630834971.123 49 42 36 32 28 25 25
1630834971.375 47 41 39 34 26 24 23
1630834971.624 47 41 41 33 26 26 22
1630834971.872 46 40 39 34 25 24 23
1630834972.122 47 40 39 33 26 25 25
1630834972.373 45 40 39 32 27 25 23
1630834972.622 47 39 38 35 30 26 24
1630834972.873 48 41 39 30 27 25 24
1630834973.123 45 42 39 30 26 25 23
1630834973.371 47 39 39 32 29 26 25
1630834973.622 45 41 40 32 27 26 25
1630834973.872 47 42 38 33 27 25 24
1630834974.122 46 39 38 31 26 24 23
1630834974.372 47 40 38 32 26 26 24
1630834974.622 48 40 39 32 26 25 23
1630834974.871 47 39 41 32 28 25 23
1630834975.122 48 41 38 32 27 26 24
1630834975.372 46 39 40 32 27 24 22
1630834975.622 49 41 41 30 27 25 24
1630834975.872 47 41 41 31 26 25 24
1630834976.122 46 39 40 32 26 25 23
1630834976.372 48 42 40 32 27 24 25
1630834976.624 49 39 40 34 28 26 24
1630834976.874 49 42 39 32 26 26 24
1630834977.122 49 41 39 33 26 24 22
1630834977.374 46 41 41 33 25 26 25
1630834977.623 48 43 39 35 25 25 23
1630834977.872 49 40 39 31 27 25 24
1630834978.121 47 41 37 33 28 26 24
1630834978.371 48 41 39 32 27 24 24
1630834978.621 47 39 39 31 27 25 24
1630834978.872 45 40 40 33 27 27 23
1630834979.122 47 41 37 32 28 25 23
1630834979.371 47 39 38 31 26 24 25
1630834979.623 49 39 38 33 28 25 24
1630834979.872 47 40 38 32 25 26 23
1630834980.122 47 41 39 33 26 25 23
1630834980.375 48 39 39 34 26 25 22
1630834980.623 48 40 38 34 26 23 25
1630834980.873 47 40 38 34 28 25 26
1630834981.122 47 40 38 33 28 25 25
1630834981.372 47 41 38 32 28 25 25
1630834981.622 47 38 39 32 27 25 22
1630834981.874 46 38 38 33 26 25 24
1630834982.122 50 40 38 32 27 27 23
1630834982.373 48 38 38 33 27 24 25
1630834982.623 47 40 40 33 27 24 23
1630834982.872 46 40 38 33 26 26 24
1630834983.123 48 40 41 34 28 26 25
1630834983.372 46 44 41 33 27 27 24
1630834983.623 47 39 39 32 25 25 24
1630834983.875 47 39 38 34 27 26 22
1630834984.123 46 40 39 36 28 26 23
1630834984.373 49 40 39 33 27 23 22
1630834984.623 48 42 37 34 26 23 25
1630834984.871 46 39 39 34 26 24 24
1630834985.122 48 40 38 33 26 24 23
1630834985.372 46 43 39 32 27 25 24
1630834985.622 48 40 40 33 25 26 24
1630834985.874 48 41 39 32 28 26 24
1630834986.123 48 39 40 31 25 25 23
1630834986.377 50 39 38 32 25 25 24
1630834986.622 46 41 39 31 26 23 24
1630834986.873 51 39 38 30 26 25 23
1630834987.123 48 42 39 32 27 25 23
1630834987.372 47 41 40 35 26 25 23
1630834987.625 48 40 38 31 28 26 22
1630834987.873 45 41 40 32 26 22 22
1630834988.128 47 38 38 33 27 23 25
1630834988.372 47 40 39 32 26 27 23
1630834988.622 50 40 37 33 27 26 22
1630834988.872 48 39 38 32 25 24 25
1630834989.123 47 40 40 33 26 25 25
1630834989.373 49 40 38 32 28 26 22
1630834989.623 47 40 38 32 25 25 25
1630834989.872 46 42 37 32 27 24 24
1630834990.121 47 41 39 33 27 25 23
1630834990.373 49 40 38 33 28 24 24
1630834990.625 48 40 41 34 26 26 25
1630834990.874 48 38 38 32 26 26 23
1630834991.127 45 40 39 33 26 24 24
1630834991.374 49 40 39 33 26 26 23
1630834991.622 46 39 39 34 28 25 24
1630834991.872 46 41 39 36 26 25 24
1630834992.122 48 40 37 32 27 26 23
1630834992.372 48 40 38 33 27 27 26
1630834992.622 47 41 39 34 26 26 25
1630834992.873 49 41 38 35 26 23 25
1630834993.122 47 40 39 33 27 25 26
1630834993.374 46 38 40 35 25 24 23
1630834993.624 48 38 40 33 27 26 20
1630834993.875 47 40 39 35 29 24 25
1630834994.122 47 40 38 33 27 24 23
1630834994.373 48 39 40 33 28 24 24
1630834994.623 46 42 39 36 27 25 24
1630834994.872 48 40 39 32 26 26 24
1630834995.123 47 40 38 32 27 26 22
1630834995.373 47 39 38 35 28 25 23
1630834995.622 46 41 37 35 25 26 23
1630834995.871 47 41 39 33 29 24 23
1630834996.122 47 39 39 34 26 24 22
1630834996.371 45 41 40 33 27 25 23
1630834996.622 50 41 39 34 28 24 22
1630834996.873 47 38 39 34 26 24 23
1630834997.123 46 40 37 34 25 26 23
1630834997.373 48 41 39 34 26 25 24
1630834997.622 45 42 38 32 27 25 25
1630834997.872 47 43 40 32 27 24 23
1630834998.125 48 40 37 35 27 25 23
1630834998.372 50 41 38 32 29 27 25
1630834998.622 46 41 40 33 28 25 24
1630834998.872 48 38 37 34 26 24 25
1630834999.123 47 40 38 33 26 27 25
1630834999.373 48 41 38 33 25 25 23
1630834999.622 48 39 39 32 27 25 25
1630834999.872 48 40 37 32 28 24 24
1630835000.122 50 39 40 30 27 24 24
1630835000.372 48 39 39 34 27 25 21
1630835000.622 48 41 39 32 29 26 24
1630835000.872 48 40 39 33 27 26 24
1630835001.122 46 40 38 31 27 27 23
1630835001.373 47 40 40 33 27 25 25
1630835001.623 46 41 37 33 25 25 23
1630835001.873 45 42 40 33 26 25 23
1630835002.123 47 40 39 33 26 24 24
1630835002.372 46 41 38 34 28 24 24
1630835002.623 49 42 38 34 28 24 23
1630835002.873 49 39 38 35 28 25 23
1630835003.122 50 43 40 34 27 25 23
1630835003.373 51 39 39 34 28 25 22
1630835003.622 47 40 40 34 26 24 26
1630835003.872 47 41 39 34 27 25 26
1630835004.124 49 39 39 32 26 25 23
1630835004.372 47 40 38 34 27 24 23
1630835004.622 46 40 38 33 26 25 25
1630835004.872 49 40 40 33 28 26 22
1630835005.122 46 40 37 34 28 24 24
1630835005.373 46 41 38 34 28 25 24
1630835005.622 49 43 38 32 27 24 23
1630835005.872 47 40 39 35 29 24 25
1630835006.124 48 40 40 33 28 25 24
1630835006.378 49 40 40 33 25 25 23
1630835006.625 47 41 38 32 29 23 22
1630835006.872 46 42 39 32 26 25 23
1630835007.122 45 40 38 34 29 25 22
1630835007.373 48 40 37 34 28 24 24
1630835007.624 46 41 40 34 28 25 24
1630835007.873 46 39 39 35 26 26 24
1630835008.123 46 44 39 33 28 25 22
1630835008.374 47 39 38 33 29 25 24
1630835008.627 47 43 38 33 27 25 22
1630835008.875 47 44 39 34 27 25 24
1630835009.124 48 39 39 33 27 26 24
1630835009.375 48 40 39 32 27 24 24
1630835009.625 47 37 38 34 27 25 25
1630835009.874 47 42 38 32 29 27 25
1630835010.126 47 40 39 33 27 26 22
1630835010.373 45 39 40 33 27 26 23
1630835010.624 47 42 39 33 30 24 24
1630835010.876 48 42 38 32 27 25 23
1630835011.125 46 39 38 33 26 25 24
1630835011.377 46 42 39 31 27 24 27
1630835011.623 46 40 39 31 28 25 24
1630835011.873 46 42 38 31 27 26 22
1630835012.123 46 38 40 34 27 27 23
1630835012.373 47 42 39 31 28 24 24
1630835012.623 47 38 38 32 28 27 22
1630835012.872 46 39 38 33 28 26 23
1630835013.124 48 42 38 32 26 25 25
1630835013.374 48 38 40 31 26 23 25
1630835013.623 48 42 40 31 25 28 22
1630835013.872 47 39 38 32 27 26 25
1630835014.123 46 40 39 31 28 26 25
1630835014.372 45 40 39 30 27 24 22
1630835014.623 47 37 39 32 27 25 23
1630835014.873 48 40 40 31 29 24 23
1630835015.122 49 39 39 33 27 26 26
1630835015.372 49 41 40 34 27 26 23
1630835015.625 46 41 39 33 25 26 25
1630835015.874 45 40 38 33 27 23 24
1630835016.124 46 39 38 30 27 27 25
1630835016.373 49 41 40 32 27 25 23
1630835016.623 47 39 39 30 28 26 25
1630835016.873 48 42 38 32 28 25 25
1630835017.122 50 41 38 32 27 25 25
1630835017.373 48 39 39 32 26 26 24
1630835017.624 49 41 39 33 28 25 23
1630835017.876 46 39 38 33 26 23 24
1630835018.126 50 40 40 34 27 23 22
1630835018.381 47 38 38 31 26 24 22
1630835018.623 47 42 39 34 28 24 24
1630835018.875 48 40 38 32 27 24 24
1630835019.124 47 40 38 33 27 26 24
1630835019.373 46 42 39 33 30 24 23
1630835019.623 47 40 39 35 26 24 25
1630835019.875 47 40 40 33 29 26 23
1630835020.123 47 40 39 34 27 24 24
1630835020.372 46 42 40 33 28 26 25
1630835020.624 48 40 39 31 28 25 23
1630835020.873 48 42 39 32 29 25 23
1630835021.123 47 40 39 30 26 25 23
1630835021.376 46 42 42 31 27 25 24
1630835021.626 47 42 40 32 28 26 26
1630835021.873 44 40 37 32 29 25 22
1630835022.125 48 41 40 32 29 25 24
1630835022.373 46 41 38 34 29 24 24
1630835022.625 48 42 42 34 27 26 23
1630835022.873 45 41 40 31 28 24 25
1630835023.123 50 40 40 34 26 25 24
1630835023.373 47 44 39 31 27 25 24
1630835023.624 47 40 40 34 28 28 23
1630835023.873 46 41 38 32 26 25 24
1630835024.123 46 41 39 33 27 25 23
1630835024.373 50 40 40 33 26 25 23
1630835024.622 47 40 38 32 28 25 24
1630835024.874 45 40 39 33 26 24 24
1630835025.124 46 39 37 32 26 26 23
1630835025.373 48 40 39 34 26 25 24
1630835025.622 47 43 39 33 26 26 25
1630835025.872 49 40 39 34 26 27 25
1630835026.122 47 41 38 34 25 25 25
1630835026.373 46 39 39 36 28 25 23
1630835026.625 47 43 39 33 26 27 23
1630835026.874 46 39 37 33 28 25 25
1630835027.124 48 38 37 33 28 25 23
1630835027.373 49 38 40 32 27 25 26
