1630835827.642 46 49 40 38 28 25 26
1630835827.901 44 47 39 37 30 25 27
1630835828.141 46 51 40 38 28 26 26
1630835828.391 48 50 38 36 28 24 26
1630835828.641 45 48 38 38 31 26 25
1630835828.891 45 49 39 37 31 28 27
1630835829.141 46 50 38 39 27 26 27
1630835829.391 46 49 40 37 31 25 24
1630835829.641 44 50 39 36 31 24 25
1630835829.892 46 48 40 37 29 24 25
1630835830.142 47 49 38 37 28 26 27
1630835830.391 47 51 39 37 31 24 26
1630835830.642 46 49 42 36 32 24 26
1630835830.891 45 48 39 35 31 24 25
1630835831.142 46 49 39 36 28 26 25
1630835831.391 47 47 39 35 29 29 26
1630835831.641 47 51 39 37 29 26 26
1630835831.891 46 48 39 38 30 26 25
1630835832.142 46 50 41 38 30 25 25
1630835832.392 44 50 41 37 30 23 25
1630835832.642 46 49 38 36 28 24 26
1630835832.891 46 49 40 37 29 26 26
1630835833.141 46 50 41 36 30 25 25
1630835833.391 46 52 42 37 29 24 24
1630835833.641 47 49 38 39 29 25 25
1630835833.891 44 51 39 37 28 25 24
1630835834.142 46 50 40 37 29 26 25
1630835834.392 45 49 39 36 28 25 25
1630835834.642 49 49 40 37 30 28 25
1630835834.891 44 49 39 37 29 25 27
1630835835.141 47 48 39 36 27 25 25
1630835835.393 45 49 40 36 31 24 24
1630835835.642 46 50 39 37 30 25 25
1630835835.891 45 50 39 39 29 25 24
1630835836.143 45 49 40 37 29 26 26
1630835836.391 44 49 39 37 29 27 25
1630835836.642 45 49 38 37 28 27 26
1630835836.892 45 48 40 38 31 26 26
1630835837.142 49 50 41 39 30 26 24
1630835837.392 48 50 42 37 29 25 26
1630835837.642 45 48 40 37 29 26 24
1630835837.893 45 49 39 39 28 27 26
1630835838.145 45 48 40 40 30 25 25
1630835838.394 47 49 39 37 30 25 23
1630835838.646 45 48 40 36 31 25 26
1630835838.892 46 47 41 38 30 25 25
1630835839.143 46 49 40 38 31 24 25
1630835839.391 46 51 40 35 29 25 25
1630835839.642 44 49 38 37 28 25 28
1630835839.892 47 49 40 38 30 23 27
1630835840.146 47 48 39 39 31 26 24
1630835840.392 44 50 39 37 30 25 25
1630835840.648 46 49 40 38 31 26 26
1630835840.896 45 51 40 37 29 25 27
1630835841.145 45 50 39 38 29 25 24
1630835841.395 45 49 38 36 30 26 25
1630835841.643 46 49 40 38 28 25 25
1630835841.895 46 49 38 40 29 27 24
1630835842.144 44 50 40 36 30 25 24
1630835842.393 48 49 40 38 29 26 27
1630835842.642 46 50 40 37 30 26 23
1630835842.896 46 49 40 39 30 25 26
1630835843.141 45 49 41 37 30 27 26
1630835843.393 45 50 41 38 30 24 25
1630835843.641 46 48 40 38 28 27 25
1630835843.891 46 52 39 38 29 26 26
1630835844.142 47 49 39 39 31 25 26
1630835844.392 45 48 40 39 29 27 24
1630835844.642 48 48 40 38 29 23 25
1630835844.892 46 49 39 36 29 26 24
1630835845.143 48 50 38 37 29 25 25
1630835845.394 44 50 39 37 29 28 26
1630835845.645 44 49 39 38 30 26 28
1630835845.893 47 50 41 37 31 25 26
1630835846.142 49 50 41 39 30 25 24
1630835846.392 46 49 40 39 29 25 24
1630835846.641 47 50 39 36 30 27 24
1630835846.892 47 50 39 38 29 25 27
1630835847.143 46 51 41 39 29 24 25
1630835847.393 48 48 39 37 29 28 25
1630835847.643 45 47 40 40 29 26 25
1630835847.892 46 49 39 36 30 26 26
1630835848.146 44 50 40 39 29 23 26
1630835848.392 45 49 40 37 29 26 26
1630835848.642 47 50 41 36 28 25 25
1630835848.893 46 49 40 38 30 26 27
1630835849.142 44 48 40 37 29 26 24
1630835849.392 47 49 38 36 31 25 24
1630835849.643 45 48 40 39 32 27 23
1630835849.892 44 49 41 39 30 26 26
1630835850.142 46 49 40 36 29 27 26
1630835850.392 46 50 40 37 29 25 26
1630835850.643 46 48 40 37 30 25 25
1630835850.892 46 49 39 37 29 25 26
1630835851.144 47 48 40 37 31 27 25
1630835851.392 45 50 40 36 28 26 25
1630835851.643 47 48 40 38 30 25 26
1630835851.892 47 48 40 38 31 24 25
1630835852.143 46 48 39 38 28 27 29
1630835852.392 48 50 38 38 30 26 25
1630835852.643 46 49 41 37 30 24 25
1630835852.892 44 50 39 37 28 27 25
1630835853.143 46 47 42 36 30 25 25
1630835853.392 46 49 39 38 30 26 25
1630835853.642 44 51 40 38 28 26 25
1630835853.894 45 49 39 38 31 24 23
1630835854.143 47 50 39 35 28 25 24
1630835854.392 44 51 40 38 29 25 24
1630835854.642 47 49 38 37 28 24 24
1630835854.893 47 51 39 37 27 26 27
1630835855.145 47 49 38 37 30 25 28
1630835855.392 44 51 39 37 30 25 26
1630835855.644 45 52 39 38 30 24 26
1630835855.892 47 51 40 38 33 25 26
1630835856.143 46 48 38 37 30 29 26
1630835856.393 46 49 40 36 30 25 25
1630835856.641 45 51 39 37 29 26 24
1630835856.892 44 49 38 37 30 25 25
1630835857.142 44 50 42 38 30 26 26
1630835857.392 45 49 40 37 31 25 27
1630835857.645 45 50 40 39 31 27 24
1630835857.893 46 50 41 38 31 25 26
1630835858.143 45 49 40 36 29 27 26
1630835858.400 46 50 39 39 29 25 28
1630835858.642 45 49 40 37 28 24 25
1630835858.893 47 50 38 36 30 26 25
1630835859.142 46 47 40 38 29 24 24
1630835859.394 45 46 39 36 28 27 25
1630835859.643 46 51 41 39 30 25 26
1630835859.894 46 50 42 38 29 24 26
1630835860.143 47 52 40 37 29 25 25
1630835860.393 46 49 40 36 30 23 26
1630835860.644 47 49 40 38 28 25 25
1630835860.894 45 50 38 38 32 25 25
1630835861.142 46 50 40 36 30 26 25
1630835861.394 45 49 41 37 30 25 26
1630835861.644 45 51 40 38 30 24 23
1630835861.893 46 50 38 39 31 25 25
1630835862.144 46 49 40 37 30 27 24
1630835862.394 48 49 40 37 30 25 25
1630835862.644 45 51 39 36 31 26 24
1630835862.896 46 47 39 38 28 26 26
1630835863.147 45 50 39 37 28 24 25
1630835863.395 46 49 41 38 29 24 22
1630835863.644 45 47 38 37 29 24 25
1630835863.894 45 48 39 36 29 25 26
1630835864.142 46 48 42 39 30 25 27
1630835864.392 48 49 40 37 28 24 26
1630835864.643 47 51 43 39 30 25 27
1630835864.892 46 48 39 38 33 25 26
1630835865.144 47 48 40 39 28 26 25
1630835865.393 46 49 38 36 28 26 25
1630835865.647 47 49 40 38 29 24 26
1630835865.897 46 48 40 38 29 25 24
1630835866.145 47 50 38 37 30 27 25
1630835866.393 46 50 38 39 28 27 23
1630835866.648 45 50 39 37 30 26 27
1630835866.894 45 49 40 40 31 26 26
1630835867.144 45 50 39 37 29 25 26
1630835867.393 46 53 39 40 29 27 25
1630835867.644 45 50 41 37 30 25 24
1630835867.893 43 49 38 39 29 25 24
1630835868.143 45 50 39 38 29 25 25
1630835868.393 48 50 38 37 29 26 24
1630835868.643 46 48 40 38 31 27 26
1630835868.894 45 47 39 36 29 26 25
1630835869.143 48 49 40 38 29 24 25
1630835869.393 47 50 39 39 32 26 25
1630835869.642 46 49 38 38 29 26 28
1630835869.893 47 49 39 38 28 26 26
1630835870.144 46 50 40 36 29 28 25
1630835870.392 47 48 39 38 29 26 23
1630835870.644 45 50 42 37 30 24 25
1630835870.893 47 49 41 36 30 27 27
1630835871.143 45 48 39 37 31 26 25
1630835871.393 45 48 40 36 29 25 24
1630835871.643 44 49 38 36 28 25 26
1630835871.893 46 48 38 37 32 25 25
1630835872.143 45 49 39 36 29 26 26
1630835872.394 49 49 41 37 30 25 27
1630835872.644 48 50 40 38 29 26 27
1630835872.893 46 50 39 38 30 26 24
1630835873.142 45 50 40 38 29 25 24
1630835873.394 45 48 39 37 30 26 25
1630835873.643 47 50 39 38 30 26 29
1630835873.893 46 48 38 37 29 25 24
1630835874.143 45 48 38 39 30 27 25
1630835874.393 45 49 42 36 29 26 25
1630835874.643 45 50 39 39 30 26 27
1630835874.893 48 48 39 37 29 23 25
1630835875.144 46 50 39 36 29 26 22
1630835875.393 46 49 37 38 30 25 24
1630835875.643 47 50 39 39 28 26 25
1630835875.893 46 49 39 36 30 28 25
1630835876.143 43 50 40 38 29 27 27
1630835876.395 47 49 40 36 29 25 25
1630835876.645 45 49 39 37 28 26 27
1630835876.893 44 49 40 38 29 25 25
1630835877.145 46 50 39 38 31 25 26
1630835877.393 47 48 39 38 30 25 24
1630835877.643 47 48 39 39 27 24 25
1630835877.892 47 48 40 37 29 25 23
1630835878.143 47 50 40 36 27 28 25
1630835878.392 44 49 40 38 28 29 27
1630835878.643 45 51 39 37 28 28 27
1630835878.894 44 49 39 37 30 25 26
1630835879.143 44 48 39 39 27 24 27
1630835879.393 47 49 38 36 30 26 25
1630835879.643 48 50 41 37 29 26 25
1630835879.893 46 50 40 36 30 26 25
1630835880.145 46 51 40 38 29 24 25
1630835880.393 45 49 40 38 29 24 25
1630835880.645 45 50 38 37 30 25 25
1630835880.894 44 51 40 38 30 26 24
1630835881.144 45 51 40 36 30 25 25
1630835881.395 47 50 40 37 30 27 25
1630835881.645 48 48 39 39 30 24 25
1630835881.894 50 49 41 41 30 24 25
1630835882.145 46 50 43 38 27 26 24
1630835882.397 45 50 39 38 29 27 25
1630835882.645 46 47 41 37 30 25 24
1630835882.899 46 51 39 39 29 28 26
1630835883.146 44 50 39 38 28 24 25
1630835883.394 46 49 37 38 27 25 26
1630835883.644 47 49 39 36 32 27 26
1630835883.894 44 49 39 37 30 28 27
1630835884.144 46 49 39 36 29 27 24
1630835884.395 46 50 41 36 30 25 25
1630835884.643 46 51 40 38 32 25 24
1630835884.894 46 49 39 37 30 25 28
1630835885.145 45 51 38 37 29 26 25
1630835885.394 45 48 39 38 28 26 26
1630835885.644 49 52 39 36 30 24 25
1630835885.894 47 49 39 37 30 24 25
1630835886.146 46 51 39 37 31 25 23
1630835886.395 49 49 40 36 29 24 26
1630835886.643 48 49 42 38 29 24 25
1630835886.894 48 49 41 36 28 24 26
1630835887.144 46 49 39 37 26 25 25
1630835887.394 46 51 41 37 30 25 25
1630835887.644 46 51 39 39 28 24 24
1630835887.893 46 50 40 38 29 25 25
1630835888.143 45 51 40 37 30 25 25
1630835888.393 46 49 39 37 28 26 24
1630835888.643 46 50 39 37 30 26 24
1630835888.893 46 49 39 37 28 25 25
1630835889.143 46 50 39 38 29 24 25
1630835889.393 45 50 39 38 29 26 24
1630835889.644 45 49 38 39 31 25 26
1630835889.894 45 46 39 37 29 27 26
1630835890.144 44 47 39 37 29 26 25
1630835890.393 43 49 41 36 30 27 23
1630835890.643 46 48 40 39 29 24 26
1630835890.892 47 50 38 37 29 25 26
1630835891.143 47 50 40 37 29 27 24
1630835891.393 47 49 39 37 30 25 25
1630835891.643 46 50 38 37 29 25 26
1630835891.893 48 50 39 38 28 25 25
1630835892.143 45 47 39 39 29 26 25
1630835892.393 47 50 39 37 29 24 26
1630835892.644 46 50 39 36 29 25 24
1630835892.893 45 51 39 38 30 25 25
1630835893.143 47 48 38 36 29 27 24
1630835893.393 45 51 39 38 28 24 24
1630835893.643 47 50 39 39 31 26 24
1630835893.893 46 48 40 36 30 26 25
1630835894.143 46 49 39 37 28 26 26
1630835894.393 46 50 40 37 29 25 24
1630835894.643 44 48 40 38 32 25 25
1630835894.893 46 52 40 38 29 28 26
1630835895.143 49 49 39 37 28 24 23
1630835895.393 47 50 41 39 29 26 25
1630835895.643 47 51 41 37 31 26 23
1630835895.895 44 49 40 39 29 25 26
1630835896.144 47 49 40 36 30 25 25
1630835896.394 46 49 40 38 29 25 25
1630835896.644 47 47 40 37 29 28 23
1630835896.894 45 49 38 38 28 24 28
1630835897.144 47 50 43 39 30 26 26
1630835897.394 46 49 40 35 29 24 26
1630835897.644 46 49 39 38 28 25 24
1630835897.895 44 48 41 37 31 24 23
1630835898.145 46 49 40 37 30 25 25
1630835898.396 46 50 40 38 30 27 26
1630835898.644 46 48 40 36 30 27 24
1630835898.894 45 48 39 39 32 25 25
1630835899.145 46 50 38 37 30 25 26
1630835899.396 45 51 40 39 30 27 25
1630835899.646 44 50 40 37 29 26 25
1630835899.897 46 49 39 39 29 25 25
1630835900.146 46 48 40 39 29 25 25
1630835900.394 45 51 43 38 30 26 27
1630835900.645 48 49 39 38 29 25 26
1630835900.897 45 48 41 38 29 25 27
1630835901.145 47 49 40 37 29 23 23
1630835901.395 47 51 41 38 29 25 24
1630835901.646 47 46 40 37 30 25 24
1630835901.895 45 49 41 38 27 25 27
1630835902.145 47 47 38 39 30 25 24
1630835902.395 44 51 42 37 28 26 27
1630835902.646 47 47 39 37 30 26 26
1630835902.895 46 52 39 37 31 23 25
1630835903.145 47 48 39 37 29 27 26
1630835903.395 48 49 41 38 32 27 25
1630835903.645 46 51 40 36 31 26 25
1630835903.895 46 49 40 37 29 25 25
1630835904.146 46 50 40 38 29 24 25
1630835904.395 46 49 37 37 28 26 25
1630835904.645 45 50 40 39 28 26 26
1630835904.895 46 48 39 40 30 23 25
1630835905.145 47 50 41 37 30 25 26
1630835905.395 43 50 39 37 29 24 25
1630835905.645 45 48 38 36 30 26 24
1630835905.895 45 51 40 37 29 24 29
1630835906.145 46 47 39 38 28 24 25
1630835906.395 48 51 40 36 28 27 25
1630835906.644 45 48 42 39 30 26 25
1630835906.894 46 50 39 38 30 25 24
1630835907.144 46 48 40 39 29 27 24
1630835907.395 46 47 40 38 30 25 26
1630835907.645 47 49 39 36 28 25 24
1630835907.894 47 50 39 38 28 24 24
1630835908.145 47 48 40 36 29 24 24
1630835908.394 47 49 40 39 29 24 24
1630835908.644 46 49 41 38 29 25 27
1630835908.894 47 49 41 38 29 26 25
1630835909.143 46 49 40 37 28 25 25
1630835909.393 47 50 40 38 31 25 24
1630835909.643 46 48 42 37 31 26 25
1630835909.893 48 48 41 38 31 26 25
1630835910.143 49 48 39 38 29 26 26
1630835910.394 45 49 40 36 29 24 26
1630835910.644 47 50 39 38 29 24 25
1630835910.894 46 49 41 38 27 25 24
1630835911.144 50 48 39 37 29 26 26
1630835911.394 48 48 41 37 30 25 24
1630835911.644 46 48 40 37 31 24 26
1630835911.895 47 48 40 36 28 24 24
1630835912.145 46 49 39 38 32 25 22
1630835912.396 47 50 40 36 30 24 24
1630835912.646 46 50 41 38 30 26 25
1630835912.898 45 50 40 35 31 25 25
1630835913.145 47 49 40 37 30 24 25
1630835913.396 47 50 38 37 29 25 28
1630835913.645 45 49 41 37 29 24 25
1630835913.893 45 48 43 38 29 25 26
1630835914.144 46 49 40 38 30 26 24
1630835914.393 47 49 39 37 30 25 26
1630835914.644 45 49 39 35 28 25 27
1630835914.894 43 49 40 38 28 25 25
1630835915.144 46 49 41 38 29 26 25
1630835915.393 48 49 40 36 29 23 25
1630835915.643 44 48 40 36 28 29 28
1630835915.894 45 49 39 38 29 25 28
1630835916.145 45 50 40 38 30 25 28
1630835916.395 44 50 39 38 30 26 26
1630835916.645 47 48 40 38 30 24 24
1630835916.894 45 48 39 36 29 25 25
1630835917.144 48 49 40 39 30 24 26
1630835917.394 46 49 39 37 31 24 27
1630835917.644 45 50 40 37 28 25 24
1630835917.894 46 49 38 34 27 24 26
1630835918.146 44 49 40 37 27 25 25
1630835918.395 44 49 40 37 30 25 26
1630835918.645 44 48 41 38 30 26 25
1630835918.895 45 49 38 37 28 25 28
1630835919.146 45 49 39 37 29 23 24
1630835919.396 49 49 40 38 29 24 25
1630835919.646 46 48 41 38 27 25 25
1630835919.896 45 47 40 36 29 24 26
1630835920.145 47 49 39 37 29 24 25
1630835920.396 46 49 39 37 30 23 25
1630835920.646 46 49 39 40 27 26 26
1630835920.895 45 48 40 37 28 26 25
1630835921.145 48 47 41 37 28 24 28
1630835921.395 45 48 40 37 29 24 25
1630835921.646 44 47 41 36 30 25 29
1630835921.896 44 49 40 37 29 25 25
1630835922.146 45 48 40 37 30 27 24
1630835922.396 46 49 40 38 30 24 25
1630835922.646 46 49 42 37 29 22 24
1630835922.896 45 49 39 35 28 27 24
1630835923.146 45 48 40 36 28 23 27
1630835923.396 44 51 40 38 30 25 26
1630835923.646 46 50 41 38 29 27 26
1630835923.896 46 51 42 36 29 26 26
1630835924.146 46 50 38 37 29 25 26
1630835924.396 46 51 39 37 29 23 25
1630835924.646 45 51 39 36 29 25 25
1630835924.896 46 51 41 37 29 25 26
1630835925.147 44 50 40 38 30 26 27
1630835925.396 47 49 39 36 31 26 25
1630835925.647 45 49 39 38 29 25 24
1630835925.896 47 48 39 39 29 25 26
1630835926.146 46 49 39 37 30 28 26
1630835926.396 48 49 40 37 28 26 25
1630835926.646 44 48 39 36 28 27 25
1630835926.896 46 48 40 38 31 24 26
1630835927.146 47 50 41 37 29 25 27
1630835927.396 46 49 41 39 29 24 25
1630835927.646 49 52 38 37 28 25 25
1630835927.897 47 47 41 38 31 25 25
1630835928.146 47 49 40 36 29 22 24
1630835928.397 45 49 39 38 29 27 25
1630835928.646 46 47 40 37 29 25 27
1630835928.897 47 52 39 37 31 25 27
1630835929.147 46 50 39 38 30 25 24
1630835929.396 45 51 38 37 29 23 26
1630835929.646 46 51 39 38 28 25 26
1630835929.896 46 50 40 37 30 25 25
1630835930.146 47 52 39 38 29 24 24
1630835930.396 49 48 39 36 30 25 24
1630835930.646 48 49 40 36 28 24 24
1630835930.895 46 48 40 37 29 24 25
1630835931.146 46 50 39 37 28 25 25
1630835931.396 45 49 40 37 31 24 27
1630835931.645 47 51 38 37 27 25 24
1630835931.895 47 50 41 36 30 26 26
1630835932.145 44 50 39 37 30 26 25
1630835932.395 46 49 38 37 29 24 26
1630835932.645 48 50 40 37 30 26 24
1630835932.895 46 49 39 36 32 25 26
1630835933.145 47 48 39 37 28 26 24
1630835933.395 47 49 38 37 29 26 25
1630835933.645 47 50 39 39 30 25 28
1630835933.895 47 49 40 38 29 23 26
1630835934.145 46 48 39 38 29 26 25
1630835934.395 45 50 38 36 29 24 25
1630835934.645 47 49 41 39 29 25 26
1630835934.895 46 48 41 38 28 25 25
1630835935.145 46 50 39 37 31 26 24
1630835935.395 47 51 44 38 30 24 25
1630835935.645 45 49 43 38 31 26 25
1630835935.895 45 48 38 36 30 26 25
1630835936.145 44 48 39 37 29 25 25
1630835936.395 46 50 40 36 29 26 25
1630835936.645 44 50 39 36 30 26 24
1630835936.895 45 49 41 37 29 25 23
1630835937.150 44 47 40 36 30 26 23
1630835937.398 45 48 38 37 28 24 24
1630835937.646 45 50 39 37 30 26 23
1630835937.895 47 51 40 36 29 23 23
1630835938.146 46 49 39 38 31 23 21
1630835938.398 46 50 38 36 29 26 21
1630835938.647 46 49 39 38 30 24 23
1630835938.895 46 49 39 38 30 23 26
1630835939.145 47 50 39 38 30 26 23
1630835939.396 45 51 42 37 29 25 26
1630835939.646 47 48 41 37 30 25 22
1630835939.896 45 51 42 38 29 26 23
1630835940.147 46 49 40 39 30 28 23
1630835940.395 45 50 40 38 31 25 23
1630835940.646 46 49 39 38 28 23 21
1630835940.896 45 48 39 37 31 24 23
1630835941.146 44 52 39 39 28 23 24
1630835941.398 45 49 40 37 30 23 26
1630835941.650 44 50 38 37 30 26 25
1630835941.899 48 50 41 36 27 27 26
1630835942.145 47 45 29 31 26 23 25
1630835942.397 47 50 33 31 26 24 25
1630835942.646 45 48 36 28 25 26 25
1630835942.897 46 51 38 38 24 26 24
1630835943.146 45 48 40 36 25 20 23
1630835943.398 44 48 39 35 29 25 23
1630835943.648 47 49 39 37 30 22 26
1630835943.898 45 49 40 37 30 24 28
1630835944.147 45 49 39 38 30 25 26
1630835944.397 46 49 40 37 29 26 25
1630835944.648 46 50 39 38 31 29 25
1630835944.897 46 51 40 37 29 27 25
1630835945.147 48 49 41 39 30 26 24
1630835945.398 46 51 39 37 30 25 27
1630835945.647 48 48 39 37 30 26 26
1630835945.897 46 48 42 37 29 25 26
1630835946.147 46 49 40 39 29 27 24
1630835946.397 47 47 40 38 31 23 28
1630835946.647 44 50 39 38 31 25 24
1630835946.897 46 49 39 40 29 26 27
1630835947.147 47 51 40 38 30 26 26
1630835947.397 47 48 38 38 28 25 26
1630835947.647 46 50 40 36 29 25 25
1630835947.898 45 48 39 37 31 26 25
1630835948.148 45 47 38 37 30 26 23
1630835948.397 46 49 39 38 29 27 25
1630835948.646 45 49 38 36 30 25 27
1630835948.897 46 48 40 39 29 26 25
1630835949.146 45 48 40 37 29 26 27
1630835949.396 46 48 40 38 29 25 25
1630835949.646 45 48 39 37 32 25 25
1630835949.896 46 49 41 37 29 26 25
1630835950.146 48 47 40 37 29 26 26
1630835950.396 48 49 39 39 29 28 24
1630835950.645 45 49 40 37 31 25 27
1630835950.895 46 50 39 38 31 25 27
1630835951.145 47 52 39 39 29 26 26
1630835951.395 46 47 39 39 29 27 25
1630835951.645 46 49 40 37 31 26 25
1630835951.895 48 48 39 37 28 26 26
1630835952.145 46 50 40 37 30 26 26
1630835952.395 49 48 40 35 29 25 25
1630835952.645 47 48 40 36 30 26 26
1630835952.896 46 49 39 37 30 25 26
1630835953.145 47 49 41 37 29 28 25
1630835953.397 45 50 41 38 30 26 26
1630835953.646 47 50 39 37 29 24 26
1630835953.898 46 50 40 37 29 27 24
1630835954.147 44 49 41 37 30 27 25
1630835954.398 46 49 39 37 28 27 25
1630835954.646 45 52 41 39 30 26 24
1630835954.897 48 51 39 37 30 27 26
1630835955.146 47 50 39 37 29 25 25
1630835955.396 45 50 40 38 30 25 25
1630835955.646 44 50 39 37 30 24 24
1630835955.897 46 49 39 36 29 27 25
1630835956.147 47 49 41 37 29 27 24
1630835956.397 45 51 39 35 31 24 24
1630835956.650 46 50 39 39 28 27 24
1630835956.899 45 48 41 37 28 24 25
1630835957.150 45 51 38 37 30 26 25
1630835957.400 46 48 39 37 29 26 27
1630835957.650 45 49 39 38 28 28 25
1630835957.900 48 49 40 38 29 27 24
1630835958.150 47 49 38 38 29 27 25
1630835958.397 45 49 40 37 29 26 26
1630835958.647 45 48 38 38 29 24 25
1630835958.896 45 49 39 37 29 26 26
1630835959.146 48 49 38 37 32 26 26
1630835959.396 46 49 38 37 30 27 26
1630835959.646 46 49 40 38 31 28 25
1630835959.899 46 49 40 36 30 26 23
1630835960.149 47 48 39 36 29 25 24
1630835960.397 46 51 39 38 29 24 26
1630835960.647 46 50 39 38 30 26 25
1630835960.897 48 50 38 38 30 26 24
1630835961.147 47 51 39 36 30 27 26
1630835961.398 45 49 39 37 28 24 25
1630835961.647 44 47 41 37 29 25 26
1630835961.898 46 49 38 38 30 28 25
1630835962.149 46 48 40 35 28 27 24
1630835962.397 46 53 40 36 30 25 24
1630835962.651 44 48 42 38 29 25 23
1630835962.899 47 48 42 36 29 25 27
1630835963.150 44 49 40 39 30 25 24
1630835963.397 45 49 39 38 29 28 25
1630835963.648 45 49 41 37 30 26 27
1630835963.899 45 48 37 38 29 25 24
1630835964.147 47 49 39 39 26 26 27
1630835964.398 45 50 38 36 30 26 26
1630835964.646 49 49 39 37 31 26 25
1630835964.898 46 51 40 38 29 27 26
1630835965.146 46 51 40 37 30 25 28
1630835965.396 45 50 40 38 30 27 24
1630835965.646 46 47 37 37 28 24 26
1630835965.896 45 50 39 39 27 26 26
1630835966.146 46 49 40 38 27 27 26
1630835966.396 46 49 40 37 27 25 25
1630835966.648 47 50 40 40 29 25 25
1630835966.898 47 49 37 37 29 26 23
1630835967.150 47 49 38 37 28 25 26
1630835967.397 46 49 38 39 29 25 25
1630835967.646 46 49 40 38 28 26 25
1630835967.896 47 49 39 39 29 26 26
1630835968.146 46 48 39 38 29 26 24
1630835968.396 46 52 40 38 29 25 24
1630835968.646 46 50 40 37 29 24 23
1630835968.896 46 48 39 36 28 24 24
1630835969.146 46 49 40 35 29 26 25
1630835969.395 46 50 39 37 31 26 24
1630835969.645 45 48 38 36 30 26 25
1630835969.896 47 47 39 38 28 27 26
1630835970.147 50 49 39 37 29 24 26
1630835970.396 47 48 40 37 28 28 25
1630835970.647 45 49 38 37 28 25 25
1630835970.897 44 52 39 37 28 26 26
1630835971.146 46 49 38 37 29 25 25
1630835971.397 45 50 38 37 29 26 24
1630835971.647 47 48 39 36 28 25 22
1630835971.899 44 48 39 36 29 24 26
1630835972.154 45 47 39 37 29 25 27
1630835972.397 47 49 38 37 28 27 25
1630835972.649 46 50 39 36 28 26 24
1630835972.897 47 48 38 38 29 26 23
1630835973.147 45 50 37 38 27 24 28
1630835973.398 47 49 40 37 29 24 25
1630835973.647 46 48 38 37 29 27 26
1630835973.898 45 48 38 37 29 26 22
1630835974.149 45 49 39 38 29 25 24
1630835974.397 44 51 38 41 28 27 26
1630835974.648 46 49 41 36 29 29 27
1630835974.899 46 51 40 38 29 28 26
1630835975.148 45 49 39 39 32 25 25
1630835975.398 46 48 40 36 29 26 24
1630835975.648 45 48 40 38 29 25 24
1630835975.898 46 49 40 40 29 26 26
1630835976.149 47 52 41 39 29 25 26
1630835976.398 46 49 39 35 28 26 26
1630835976.649 47 50 40 36 29 26 25
1630835976.898 46 49 40 38 28 25 26
1630835977.148 47 49 39 36 28 25 25
1630835977.398 45 50 39 37 29 26 25
1630835977.648 49 48 40 36 30 26 26
1630835977.898 48 49 41 38 29 26 24
1630835978.148 47 48 40 37 29 24 26
1630835978.398 47 49 38 37 28 26 27
1630835978.648 47 49 40 40 29 27 27
1630835978.898 46 50 38 37 30 26 25
1630835979.148 46 50 38 36 31 26 25
1630835979.398 47 50 41 36 28 27 26
1630835979.648 48 49 41 37 30 26 27
1630835979.898 45 50 40 37 31 28 25
1630835980.147 45 48 38 37 32 27 26
1630835980.397 46 48 40 36 30 26 25
1630835980.646 45 48 39 39 29 27 24
1630835980.896 45 48 41 37 30 28 27
1630835981.147 44 49 39 38 30 27 25
1630835981.396 45 48 39 40 29 26 25
1630835981.646 45 49 39 38 30 26 26
1630835981.896 45 50 39 36 30 28 26
1630835982.147 47 49 39 36 29 25 25
1630835982.396 46 50 39 38 31 26 26
1630835982.646 46 50 42 37 29 27 25
1630835982.897 47 49 40 37 28 27 25
1630835983.147 47 49 39 37 31 26 26
1630835983.396 45 47 40 36 29 25 26
1630835983.647 45 49 40 38 30 24 28
1630835983.897 45 49 40 37 28 24 26
1630835984.147 46 49 40 38 29 26 25
1630835984.396 47 50 40 38 30 25 26
1630835984.646 46 49 39 39 29 26 26
1630835984.896 46 49 40 36 30 24 25
1630835985.146 45 49 39 37 29 28 25
1630835985.396 45 49 41 38 28 27 25
1630835985.646 47 48 39 35 30 25 25
1630835985.896 48 49 40 40 30 26 23
1630835986.146 45 48 39 37 29 26 25
1630835986.396 46 50 39 36 29 24 24
1630835986.646 46 50 40 37 30 26 26
1630835986.896 48 49 39 37 29 28 25
1630835987.147 46 48 40 38 29 28 28
1630835987.396 48 52 41 39 29 25 24
1630835987.646 45 47 40 37 27 25 26
1630835987.896 46 49 41 38 30 24 26
1630835988.146 46 49 39 37 31 26 25
1630835988.396 43 48 40 39 30 27 24
1630835988.646 44 50 40 36 30 26 26
1630835988.896 47 49 39 39 29 25 26
1630835989.146 46 49 41 37 29 26 24
1630835989.396 46 48 38 38 30 25 26
1630835989.646 46 48 39 38 29 26 26
1630835989.896 46 51 39 37 29 27 25
1630835990.146 45 48 40 38 30 25 26
1630835990.396 46 48 39 38 29 27 28
1630835990.649 46 52 38 38 29 26 23
1630835990.901 45 50 40 38 29 26 26
1630835991.151 47 50 39 36 29 28 25
1630835991.401 45 49 40 37 30 25 25
1630835991.651 46 49 39 41 30 27 23
1630835991.901 46 49 39 37 29 26 27
1630835992.150 46 50 40 35 31 25 27
1630835992.399 46 49 38 38 29 27 27
1630835992.650 47 51 39 38 32 26 24
1630835992.900 47 50 40 37 29 26 25
1630835993.148 47 49 39 39 29 25 26
1630835993.398 47 50 39 37 29 28 23
1630835993.648 46 50 40 39 29 26 26
1630835993.898 47 50 38 39 28 26 26
1630835994.149 46 50 40 37 28 25 25
1630835994.399 47 49 38 37 30 27 25
1630835994.648 46 50 39 35 28 26 24
1630835994.899 46 50 38 36 27 25 24
1630835995.148 48 49 42 39 29 29 24
1630835995.399 49 48 39 38 29 25 24
1630835995.650 46 48 40 37 30 27 24
1630835995.901 47 48 38 38 29 25 23
1630835996.150 46 48 37 40 30 26 26
1630835996.399 44 49 40 39 29 26 26
1630835996.651 47 49 40 36 30 25 25
1630835996.899 44 48 38 38 29 28 24
1630835997.149 46 49 39 35 29 26 26
1630835997.400 44 52 39 37 30 23 24
1630835997.649 48 49 39 37 30 25 24
1630835997.899 46 50 39 35 28 28 26
1630835998.149 46 49 39 37 30 27 26
1630835998.399 45 49 39 38 29 27 26
1630835998.648 46 47 39 36 31 26 26
1630835998.899 45 50 39 37 31 26 24
1630835999.149 44 49 40 38 29 25 25
1630835999.397 46 49 38 37 32 28 25
1630835999.648 50 49 38 37 31 25 24
1630835999.898 45 49 39 38 28 25 25
1630836000.148 46 49 39 37 30 25 28
1630836000.397 47 50 39 37 30 28 27
1630836000.648 43 51 39 38 28 25 24
1630836000.899 44 48 40 37 29 25 24
1630836001.147 45 49 39 39 29 25 27
1630836001.397 47 47 40 38 30 26 25
1630836001.648 45 48 39 37 29 25 24
1630836001.898 46 49 42 36 29 26 25
1630836002.148 46 49 38 35 29 24 24
1630836002.397 49 49 39 38 29 25 26
1630836002.647 45 50 39 40 30 27 24
1630836002.897 44 48 40 37 30 26 23
1630836003.147 46 50 38 38 32 26 28
1630836003.397 44 49 39 37 30 25 27
1630836003.647 47 47 39 36 29 26 25
1630836003.897 46 49 39 38 31 26 26
1630836004.147 45 50 41 37 30 27 25
1630836004.397 47 49 39 36 30 27 24
1630836004.647 47 49 40 38 29 27 27
1630836004.897 48 47 40 37 29 25 27
1630836005.147 46 49 39 37 29 25 25
1630836005.397 47 49 39 40 30 27 26
1630836005.647 46 53 39 36 30 26 25
1630836005.897 46 48 39 36 32 26 26
1630836006.147 46 49 39 38 30 26 25
1630836006.397 46 50 39 38 29 26 24
1630836006.647 46 49 41 38 29 25 27
1630836006.897 47 50 38 38 30 27 26
1630836007.148 48 50 37 40 30 25 27
1630836007.403 46 49 40 38 31 26 26
1630836007.650 45 49 38 38 29 27 25
1630836007.903 45 50 38 38 28 25 26
1630836008.151 47 49 39 36 29 24 26
1630836008.402 47 48 38 39 28 25 25
1630836008.652 47 50 38 38 31 26 24
1630836008.899 45 48 39 37 28 28 25
1630836009.150 46 48 40 37 30 26 24
1630836009.402 47 49 39 38 32 26 25
1630836009.649 46 50 39 36 29 25 25
1630836009.900 46 49 39 36 29 25 26
1630836010.149 46 48 39 38 28 24 25
1630836010.399 45 48 40 38 30 27 24
1630836010.649 47 48 41 38 28 26 24
1630836010.899 45 52 39 36 30 25 25
1630836011.149 47 49 38 38 29 26 26
1630836011.398 45 49 41 40 29 27 24
1630836011.653 46 50 38 38 28 29 25
1630836011.901 46 50 41 38 29 26 25
1630836012.148 45 49 38 39 32 26 23
1630836012.398 48 49 38 38 30 27 27
1630836012.649 46 50 38 37 28 25 26
1630836012.897 45 49 38 40 29 27 26
1630836013.147 45 51 39 37 29 25 26
1630836013.397 46 48 39 37 29 26 25
1630836013.647 49 48 40 37 30 25 25
1630836013.897 44 48 39 39 30 27 25
1630836014.148 45 49 38 36 32 25 25
1630836014.399 46 50 41 39 29 28 25
1630836014.650 49 49 39 38 30 29 26
1630836014.900 46 50 38 36 30 25 26
1630836015.150 46 48 38 38 29 27 24
1630836015.400 44 48 39 39 29 28 26
1630836015.650 45 49 39 38 29 27 25
1630836015.898 45 49 40 37 32 25 25
1630836016.148 44 49 39 36 29 27 26
1630836016.398 46 48 40 38 30 27 26
1630836016.648 46 47 39 39 29 27 25
1630836016.898 45 50 39 37 30 25 25
1630836017.148 46 49 39 36 30 26 27
1630836017.397 45 49 40 37 30 27 24
1630836017.647 47 48 38 40 29 27 25
1630836017.897 44 50 39 38 30 27 26
1630836018.147 47 49 39 37 29 24 24
1630836018.397 46 51 38 38 30 25 25
1630836018.647 46 48 38 37 30 25 26
1630836018.897 47 49 41 37 29 26 24
1630836019.147 48 48 39 36 30 28 25
1630836019.397 47 49 42 35 30 26 25
1630836019.647 45 49 41 38 29 26 25
1630836019.897 47 49 42 37 29 26 24
1630836020.147 48 54 41 36 32 25 24
1630836020.397 47 50 39 36 31 25 23
1630836020.647 44 49 40 39 28 25 24
1630836020.897 45 51 40 36 30 26 26
1630836021.147 45 52 40 38 30 26 24
1630836021.397 45 48 42 39 29 25 24
1630836021.648 45 47 37 37 27 25 27
1630836021.897 47 49 38 38 31 26 24
1630836022.149 46 49 42 35 29 29 26
1630836022.399 47 50 38 37 29 26 24
1630836022.649 46 49 41 36 30 28 27
1630836022.901 44 48 40 35 29 25 25
1630836023.149 46 49 38 37 32 26 26
1630836023.400 44 48 39 36 28 27 25
1630836023.650 46 50 39 35 31 27 24
1630836023.902 46 51 38 36 30 28 25
1630836024.150 46 48 41 37 29 25 24
1630836024.402 46 49 40 35 30 25 28
1630836024.649 46 51 40 36 30 26 26
1630836024.899 46 49 40 38 28 26 27
1630836025.150 45 49 40 37 28 26 22
1630836025.402 45 52 40 37 30 26 26
1630836025.651 45 49 41 36 29 24 25
1630836025.905 44 50 40 35 28 25 28
1630836026.153 46 49 40 37 29 28 26
1630836026.402 47 51 39 39 31 26 25
1630836026.652 46 49 39 36 29 26 26
1630836026.902 46 50 39 38 30 25 25
1630836027.153 48 48 40 36 28 24 28
1630836027.400 45 51 38 36 30 26 26
1630836027.648 45 48 38 36 29 26 26
1630836027.899 46 49 40 38 29 24 26
1630836028.148 44 48 40 37 27 25 23
1630836028.400 47 52 40 36 31 24 24
1630836028.650 46 49 39 36 31 26 24
1630836028.898 45 48 39 37 31 26 24
1630836029.148 47 48 37 38 31 24 24
1630836029.398 46 48 39 37 31 25 24
1630836029.647 47 50 40 36 30 26 26
1630836029.898 48 50 39 38 30 26 25
1630836030.147 44 49 40 35 32 25 23
1630836030.397 46 48 40 37 28 23 24
1630836030.648 44 48 38 38 30 26 25
1630836030.898 46 48 40 38 30 24 25
1630836031.148 46 50 40 41 32 24 26
1630836031.398 45 50 38 38 30 24 25
1630836031.648 47 48 38 41 29 25 26
1630836031.898 47 50 41 36 29 25 25
1630836032.149 46 49 39 35 30 25 25
1630836032.399 45 47 42 37 30 24 23
1630836032.648 46 48 38 39 28 26 27
1630836032.898 47 48 40 38 31 24 25
1630836033.149 44 47 40 38 31 25 24
1630836033.399 46 49 38 37 28 26 24
1630836033.648 46 49 40 37 29 25 25
1630836033.898 46 49 39 36 30 24 24
1630836034.151 46 49 40 38 28 23 25
1630836034.398 46 48 41 37 30 25 25
1630836034.647 46 49 42 37 28 26 25
1630836034.898 47 48 39 38 29 26 24
1630836035.148 46 50 40 36 30 26 24
1630836035.398 45 48 40 38 29 26 25
1630836035.650 45 48 40 38 30 24 24
1630836035.899 47 49 38 38 28 26 26
1630836036.148 46 48 42 40 29 24 24
1630836036.398 45 49 39 38 29 26 25
1630836036.649 44 49 39 38 29 26 26
1630836036.900 44 49 39 37 29 26 22
1630836037.149 46 51 39 39 28 26 25
1630836037.399 47 49 40 37 28 25 25
1630836037.650 45 50 39 36 28 25 24
1630836037.898 45 48 39 38 32 25 26
1630836038.147 46 49 40 38 29 24 27
1630836038.398 47 50 41 37 28 25 23
1630836038.649 46 49 39 38 31 26 25
1630836038.898 46 49 41 38 29 27 25
1630836039.148 50 50 40 37 31 26 24
1630836039.399 47 50 40 37 29 26 25
1630836039.648 48 49 41 37 29 26 24
1630836039.898 45 50 39 36 29 27 24
1630836040.150 45 49 38 38 29 26 26
1630836040.398 45 50 41 39 30 26 24
1630836040.649 45 50 39 38 28 25 25
1630836040.900 45 50 38 37 31 26 24
1630836041.148 46 49 38 37 30 26 23
1630836041.400 46 48 39 39 31 27 25
1630836041.653 47 49 37 39 28 25 26
1630836041.909 46 51 39 35 30 25 23
1630836042.154 46 49 39 38 29 24 25
1630836042.401 44 50 41 36 27 27 23
1630836042.650 45 50 42 38 30 25 25
1630836042.900 46 49 39 38 29 26 25
1630836043.154 45 51 40 37 28 26 26
1630836043.403 45 49 38 39 29 26 25
1630836043.654 45 49 40 38 29 26 25
1630836043.903 45 49 39 40 29 25 24
1630836044.151 47 48 40 36 28 25 26
1630836044.400 44 49 39 38 31 24 25
1630836044.653 46 49 39 38 31 24 26
1630836044.902 46 52 40 36 29 27 25
1630836045.153 47 49 41 37 31 26 24
1630836045.401 45 50 39 38 29 26 27
1630836045.654 43 50 40 38 28 26 24
1630836045.899 46 49 41 37 31 25 24
1630836046.149 48 49 40 39 31 25 23
1630836046.401 48 49 40 38 28 25 28
1630836046.650 45 48 39 38 30 25 26
1630836046.899 46 50 38 37 30 24 25
1630836047.152 46 52 39 37 30 26 27
1630836047.400 46 51 41 36 29 24 24
1630836047.650 46 50 38 37 29 26 25
1630836047.899 48 49 40 38 30 25 24
1630836048.151 46 49 42 38 28 26 26
1630836048.402 46 49 41 37 31 26 25
1630836048.649 47 50 40 39 30 24 26
1630836048.902 45 48 39 37 29 24 27
1630836049.152 45 48 39 37 29 25 24
1630836049.401 48 47 40 38 30 27 26
1630836049.650 47 50 38 37 31 25 24
1630836049.899 46 50 38 38 31 25 25
1630836050.150 49 50 39 37 30 25 26
1630836050.399 46 51 40 40 29 25 24
1630836050.651 45 50 39 38 32 27 28
1630836050.899 46 50 38 35 29 24 27
1630836051.149 45 50 39 39 31 27 25
1630836051.401 46 50 40 37 29 26 25
1630836051.653 45 49 41 36 29 26 25
1630836051.903 44 49 39 37 31 26 26
1630836052.152 45 49 41 37 29 28 25
1630836052.400 45 50 41 40 31 25 25
1630836052.649 45 49 43 39 31 23 25
1630836052.899 44 50 39 37 31 26 28
1630836053.151 47 47 38 36 28 25 25
1630836053.401 45 47 38 38 30 25 25
1630836053.651 44 50 40 39 29 25 25
1630836053.900 45 50 41 39 30 26 23
1630836054.149 45 49 40 37 30 26 26
1630836054.400 48 49 39 37 30 26 25
1630836054.651 47 49 39 38 31 25 25
1630836054.901 46 50 38 37 29 24 26
1630836055.150 46 48 39 40 29 26 25
1630836055.399 46 50 38 37 30 26 25
1630836055.648 46 48 38 37 30 26 28
1630836055.901 45 48 42 37 29 25 27
1630836056.150 46 49 41 37 30 25 24
1630836056.401 46 50 38 38 29 24 23
1630836056.649 47 50 42 37 28 25 24
1630836056.900 45 50 43 41 28 27 26
1630836057.150 46 49 38 39 29 24 25
1630836057.400 48 48 40 37 30 25 25
1630836057.649 45 49 39 37 30 25 26
1630836057.898 48 48 40 38 29 24 24
1630836058.151 47 51 39 36 28 26 24
1630836058.398 46 49 38 36 30 25 24
1630836058.648 45 52 38 38 30 24 23
1630836058.898 46 49 38 39 29 25 24
1630836059.149 45 49 41 37 29 25 25
1630836059.398 47 48 42 37 30 26 24
1630836059.650 46 50 38 38 27 27 24
1630836059.898 46 47 40 39 30 25 23
1630836060.151 45 48 39 41 29 26 24
1630836060.398 45 50 38 40 31 25 23
1630836060.651 46 48 38 38 30 25 24
1630836060.898 45 48 39 36 30 26 24
1630836061.149 45 48 40 38 29 24 24
1630836061.400 45 50 39 38 31 25 24
1630836061.652 44 50 40 37 28 27 25
1630836061.902 44 49 39 39 29 24 26
1630836062.154 45 50 38 38 30 26 26
1630836062.401 46 48 40 37 31 26 25
1630836062.651 48 50 41 38 28 24 26
1630836062.903 45 49 39 37 30 26 24
1630836063.154 49 49 38 39 27 25 25
1630836063.401 45 48 38 36 29 23 26
1630836063.654 45 50 39 40 31 25 26
1630836063.900 45 50 39 39 29 25 24
1630836064.152 46 48 38 39 28 26 24
1630836064.398 46 52 39 37 31 25 24
1630836064.649 46 48 40 36 29 25 27
1630836064.901 46 51 39 38 29 24 26
1630836065.154 46 48 37 39 29 25 25
1630836065.400 46 51 38 37 28 27 25
1630836065.651 46 48 39 38 27 26 25
1630836065.902 45 49 38 36 28 25 26
1630836066.152 48 50 42 38 30 25 26
1630836066.402 45 51 39 38 29 25 26
1630836066.652 47 48 40 37 29 26 26
1630836066.902 45 50 39 39 30 25 25
1630836067.152 46 49 39 39 28 24 25
1630836067.402 47 49 39 38 29 25 24
1630836067.652 45 49 39 39 31 25 27
1630836067.902 44 49 39 40 30 26 25
1630836068.152 44 50 41 38 29 26 26
1630836068.402 46 49 40 37 30 22 24
1630836068.652 46 52 37 39 30 25 27
1630836068.903 45 50 38 36 30 24 25
1630836069.152 45 50 40 37 28 24 25
1630836069.402 46 50 42 37 29 25 25
1630836069.652 47 51 38 40 30 26 25
1630836069.902 44 50 38 37 29 26 25
1630836070.152 46 49 38 38 30 25 26
1630836070.402 45 49 40 36 29 25 26
1630836070.651 46 50 40 38 28 24 27
1630836070.903 46 48 40 37 29 26 27
1630836071.152 44 49 38 37 29 25 25
1630836071.401 48 47 39 39 29 25 30
1630836071.651 48 47 39 36 28 25 25
1630836071.902 48 49 40 36 31 25 23
1630836072.152 47 50 40 39 32 26 25
1630836072.400 45 49 39 38 32 23 27
1630836072.649 47 48 41 38 30 24 27
1630836072.901 44 49 38 39 30 25 26
1630836073.149 46 50 38 37 29 24 25
1630836073.400 46 48 43 36 28 23 26
1630836073.649 45 48 41 36 30 24 24
1630836073.901 47 50 39 39 28 26 28
1630836074.149 45 49 37 38 29 26 25
1630836074.399 46 50 40 38 28 25 26
1630836074.649 46 49 39 38 29 24 26
1630836074.899 49 49 39 37 30 26 23
1630836075.149 45 49 40 37 30 25 25
1630836075.399 47 48 39 37 30 26 26
1630836075.649 45 50 39 37 30 26 23
1630836075.900 46 49 38 38 29 25 25
1630836076.149 46 51 41 39 30 25 25
1630836076.399 45 48 40 40 29 24 25
1630836076.649 45 49 39 38 30 24 25
1630836076.901 47 50 40 36 29 24 25
1630836077.149 47 48 39 37 29 25 23
1630836077.401 47 47 38 37 28 26 26
1630836077.649 48 49 40 38 30 25 24
1630836077.899 45 49 38 37 30 25 26
1630836078.149 46 50 40 38 30 25 25
1630836078.399 45 50 38 36 29 26 25
1630836078.649 46 49 40 39 29 26 23
1630836078.899 45 50 38 38 28 25 23
1630836079.149 45 52 41 38 27 25 24
1630836079.399 45 50 40 39 31 27 25
1630836079.649 46 47 39 36 31 26 24
1630836079.899 46 48 39 37 28 26 27
1630836080.149 45 48 38 37 27 25 26
1630836080.402 45 50 39 37 31 26 27
1630836080.651 46 51 39 39 28 24 24
1630836080.899 44 49 38 37 28 26 27
1630836081.149 49 49 41 37 29 26 27
1630836081.400 45 49 39 37 29 26 25
1630836081.650 46 48 39 38 29 24 27
1630836081.901 47 50 41 36 29 25 25
1630836082.150 48 50 40 37 29 24 25
1630836082.403 46 48 39 37 29 24 28
1630836082.652 46 50 38 38 31 26 28
1630836082.902 47 49 39 37 29 26 27
1630836083.152 44 50 39 37 29 24 26
1630836083.402 45 50 40 37 33 25 27
1630836083.652 45 52 39 40 33 26 26
1630836083.902 47 50 39 38 32 25 24
1630836084.153 48 51 38 36 29 25 26
1630836084.402 46 51 38 35 30 25 25
1630836084.654 44 49 38 36 29 25 25
1630836084.904 47 49 39 39 30 27 25
1630836085.153 44 49 40 38 30 25 25
1630836085.403 50 48 41 38 29 25 24
1630836085.653 46 49 40 39 29 26 24
1630836085.903 45 49 41 38 31 24 25
1630836086.153 48 51 40 38 30 26 26
1630836086.403 46 49 39 37 31 27 25
1630836086.653 48 50 39 39 31 26 24
1630836086.902 45 49 37 38 32 27 26
1630836087.153 48 49 41 39 30 26 24
1630836087.403 47 49 41 37 30 24 29
1630836087.653 46 50 39 37 28 25 24
1630836087.902 46 49 39 37 29 26 26
1630836088.153 46 51 40 38 30 25 27
1630836088.403 46 49 39 38 30 28 27
1630836088.652 44 49 41 37 29 24 25
1630836088.903 45 49 39 39 30 24 24
1630836089.153 45 50 39 38 29 24 27
1630836089.404 46 48 40 36 29 26 24
1630836089.652 47 51 39 40 32 25 26
1630836089.904 47 49 40 38 29 27 25
1630836090.152 47 50 39 38 29 25 25
1630836090.400 47 47 39 38 30 25 23
1630836090.651 47 48 41 40 28 25 24
1630836090.902 46 48 40 36 33 26 25
1630836091.152 49 48 40 36 29 25 25
1630836091.401 45 49 40 39 28 27 26
1630836091.649 46 50 39 36 28 25 25
1630836091.902 45 49 39 38 30 26 26
1630836092.153 46 49 38 37 28 26 25
1630836092.400 45 49 38 38 29 26 26
1630836092.651 46 50 41 38 31 27 28
1630836092.901 47 48 39 38 29 25 26
1630836093.152 47 49 38 38 29 26 26
1630836093.401 47 50 39 38 29 25 25
1630836093.650 43 49 38 42 30 26 27
1630836093.900 45 51 40 39 29 26 24
1630836094.150 48 49 40 36 29 27 27
1630836094.402 45 51 42 37 30 25 25
1630836094.650 46 50 40 38 28 27 27
1630836094.900 48 49 38 38 29 25 26
1630836095.150 44 47 40 38 30 24 25
1630836095.400 45 49 39 40 28 26 25
1630836095.649 45 50 40 38 31 24 26
1630836095.900 47 49 41 39 30 25 27
1630836096.150 46 49 40 40 29 26 27
1630836096.400 45 51 39 40 29 25 25
1630836096.650 45 48 38 39 28 24 25
1630836096.901 47 51 39 38 28 26 25
1630836097.150 46 49 39 38 29 27 26
1630836097.400 45 49 39 37 28 25 28
1630836097.650 45 52 40 38 29 26 24
1630836097.900 45 50 38 38 29 27 24
1630836098.151 45 49 39 38 29 26 24
1630836098.400 46 48 41 38 31 26 24
1630836098.653 46 48 40 38 29 26 24
1630836098.901 46 48 42 37 29 25 25
1630836099.150 45 51 38 37 28 25 27
1630836099.401 45 48 37 37 27 25 26
1630836099.650 46 49 39 37 28 25 24
1630836099.900 47 50 39 38 29 25 25
1630836100.150 45 52 39 39 30 24 26
1630836100.401 47 47 38 40 29 26 24
1630836100.655 48 51 39 38 28 28 25
1630836100.903 44 50 40 42 29 25 25
1630836101.152 46 48 39 38 30 26 24
1630836101.404 47 49 39 40 30 25 25
1630836101.651 45 48 40 37 28 24 26
1630836101.901 47 51 39 37 30 24 27
1630836102.152 46 47 40 37 32 24 26
1630836102.405 46 47 43 38 31 25 25
1630836102.653 47 50 39 38 29 26 26
1630836102.902 46 48 40 38 30 24 26
1630836103.152 46 48 38 38 30 24 24
1630836103.404 45 48 41 37 28 26 25
1630836103.650 46 50 40 37 31 25 26
1630836103.903 47 51 42 39 30 27 24
1630836104.152 47 51 37 38 30 26 24
1630836104.401 45 48 40 39 29 25 28
1630836104.651 49 49 40 37 29 25 27
1630836104.903 48 49 41 39 28 25 26
1630836105.153 44 49 41 37 32 25 26
1630836105.402 47 49 38 38 29 26 26
1630836105.652 45 50 37 37 28 25 23
1630836105.901 49 50 39 39 28 26 24
1630836106.153 46 48 39 38 30 23 25
1630836106.403 46 49 39 38 29 26 25
1630836106.654 47 49 41 37 30 26 24
1630836106.903 47 49 39 37 28 26 26
1630836107.154 46 49 41 39 30 27 25
1630836107.403 45 52 40 40 29 26 25
1630836107.654 44 49 40 39 30 24 26
1630836107.903 46 49 40 39 30 25 27
1630836108.153 46 48 39 37 30 25 25
1630836108.403 47 51 40 37 28 26 24
1630836108.654 46 48 39 42 29 26 24
1630836108.906 45 51 42 38 29 26 26
1630836109.153 46 50 40 38 29 24 24
1630836109.403 46 49 39 38 29 25 26
1630836109.653 46 48 39 41 29 25 25
1630836109.903 47 49 42 37 33 24 23
1630836110.153 45 48 38 37 30 25 23
1630836110.404 49 49 39 37 30 26 27
1630836110.652 48 50 38 36 30 27 24
1630836110.902 48 49 39 38 30 25 26
1630836111.151 45 48 40 38 31 26 25
1630836111.401 46 49 41 37 30 27 24
1630836111.651 46 50 39 37 29 25 23
1630836111.900 51 47 40 36 30 24 24
1630836112.150 44 49 39 38 29 24 26
1630836112.401 47 49 40 39 30 25 24
1630836112.651 44 50 39 38 29 24 24
1630836112.900 48 51 39 38 31 24 25
1630836113.150 45 48 39 37 30 27 24
1630836113.401 46 48 38 38 29 24 23
1630836113.650 46 49 39 38 30 26 25
1630836113.901 46 49 39 38 28 25 25
1630836114.151 48 49 37 38 30 25 25
1630836114.400 46 49 39 37 29 25 25
1630836114.650 48 51 40 36 29 25 24
1630836114.900 47 49 38 38 31 24 24
1630836115.150 46 47 38 37 29 25 25
1630836115.402 47 48 39 38 32 25 23
1630836115.650 47 49 39 36 29 26 25
1630836115.901 47 49 41 40 30 27 27
1630836116.150 47 48 40 38 31 27 26
1630836116.400 50 50 39 38 29 24 24
1630836116.650 46 48 40 37 29 26 25
1630836116.900 48 50 39 40 29 25 25
1630836117.150 47 47 39 37 31 26 25
1630836117.400 44 48 38 37 30 25 24
1630836117.651 44 49 40 38 31 25 27
1630836117.901 45 48 38 38 28 25 24
1630836118.150 47 50 39 38 29 26 25
1630836118.402 45 49 39 37 28 24 25
1630836118.653 45 50 40 38 30 25 26
1630836118.902 45 48 40 39 28 24 26
1630836119.152 46 49 38 38 29 25 25
1630836119.403 45 50 39 38 31 25 24
1630836119.653 45 50 38 38 31 25 25
1630836119.905 46 49 38 37 29 24 24
1630836120.154 44 50 39 38 28 26 25
1630836120.404 46 49 39 38 29 25 25
1630836120.654 46 49 39 37 30 26 25
1630836120.904 46 48 38 38 30 25 25
1630836121.154 47 49 40 38 29 26 27
1630836121.404 46 51 40 39 29 24 27
1630836121.655 48 49 38 40 30 27 26
1630836121.904 45 48 38 40 29 28 24
1630836122.154 46 49 40 38 31 24 27
1630836122.404 45 48 39 38 29 26 26
1630836122.654 45 49 38 40 29 27 24
1630836122.903 44 50 38 39 29 24 24
1630836123.152 46 49 40 37 30 25 28
1630836123.404 46 49 38 37 29 24 26
1630836123.653 45 52 39 37 29 25 27
1630836123.903 44 50 40 37 30 25 26
1630836124.153 46 50 39 37 30 25 26
1630836124.403 46 49 37 39 30 25 25
1630836124.653 45 49 39 41 29 26 26
1630836124.903 45 51 38 36 30 26 25
1630836125.152 48 48 40 37 29 24 25
1630836125.402 46 48 38 37 31 25 27
1630836125.652 45 48 40 37 31 25 24
1630836125.902 46 48 38 37 31 24 24
1630836126.152 46 48 38 39 29 27 25
1630836126.404 45 50 40 36 31 24 25
1630836126.651 45 49 40 38 29 25 26
1630836126.903 46 49 41 40 29 25 23
1630836127.151 44 48 39 37 30 27 27
1630836127.403 46 50 40 38 30 23 26
1630836127.651 47 50 38 39 30 24 29
1630836127.901 48 48 39 37 28 23 26
1630836128.151 47 48 40 38 30 23 25
1630836128.401 45 49 38 37 28 24 24
1630836128.650 47 49 38 36 29 24 25
1630836128.901 46 49 40 38 29 25 26
1630836129.151 47 49 39 38 28 25 24
1630836129.401 47 48 38 37 27 24 23
1630836129.653 47 49 38 38 28 26 23
1630836129.901 45 50 38 37 29 23 23
1630836130.151 45 49 39 39 29 24 27
1630836130.403 48 49 39 37 32 24 26
1630836130.651 46 48 38 40 29 23 23
1630836130.902 46 50 40 36 29 25 26
1630836131.152 46 50 39 37 30 25 26
1630836131.401 45 49 41 38 30 24 25
1630836131.652 46 49 40 38 30 27 25
1630836131.903 49 50 40 39 29 26 29
1630836132.154 50 50 39 39 31 24 26
1630836132.404 46 48 40 38 30 25 24
1630836132.654 46 51 39 37 29 29 24
1630836132.905 46 50 40 37 30 24 26
1630836133.154 46 50 40 37 30 26 25
1630836133.402 46 49 39 37 30 26 24
1630836133.655 45 50 39 37 31 25 24
1630836133.904 46 50 38 38 30 26 25
1630836134.154 46 50 39 39 29 26 25
1630836134.402 47 49 38 38 29 25 28
1630836134.652 45 50 39 37 29 26 26
1630836134.904 46 49 41 38 30 26 23
1630836135.153 46 49 40 37 29 26 25
1630836135.402 47 49 40 38 29 25 24
1630836135.652 43 49 40 38 29 26 23
1630836135.902 47 49 38 37 30 25 24
1630836136.152 46 49 43 37 29 24 24
1630836136.402 45 49 41 40 28 25 27
1630836136.652 47 49 40 38 30 26 25
1630836136.902 48 48 39 36 31 26 26
1630836137.151 46 48 39 39 30 24 25
1630836137.402 44 49 40 38 29 25 24
1630836137.651 46 49 38 38 29 26 24
1630836137.901 44 51 39 38 28 26 24
1630836138.151 47 48 40 38 29 26 24
1630836138.402 45 50 41 38 31 25 24
1630836138.652 45 50 40 34 29 26 25
1630836138.901 46 49 40 39 31 26 23
1630836139.151 46 50 38 40 28 27 24
1630836139.403 45 47 38 36 28 27 24
1630836139.652 46 49 39 39 30 25 24
1630836139.901 43 48 39 37 27 25 23
1630836140.151 46 50 41 38 29 26 27
1630836140.402 45 51 41 37 29 26 23
1630836140.652 45 50 41 37 28 25 27
1630836140.901 46 48 39 40 31 24 24
1630836141.151 44 52 38 35 29 26 26
1630836141.401 46 48 40 36 27 24 25
1630836141.651 48 49 37 35 28 26 27
1630836141.901 46 49 40 37 28 25 26
1630836142.151 44 49 38 38 28 26 24
1630836142.401 44 50 39 38 30 25 27
1630836142.651 47 49 38 40 30 25 25
1630836142.901 47 48 40 36 30 25 23
1630836143.152 45 48 41 39 28 31 24
1630836143.402 45 51 39 37 30 26 24
1630836143.651 44 48 40 38 30 26 26
1630836143.902 45 48 39 37 30 23 24
1630836144.151 46 49 38 37 30 26 24
1630836144.401 46 49 39 38 29 24 24
1630836144.651 45 49 40 40 32 26 26
1630836144.901 45 50 40 35 30 25 24
1630836145.152 46 50 39 38 30 26 24
1630836145.401 48 47 39 36 30 25 27
1630836145.652 48 49 39 37 30 25 24
1630836145.901 45 47 41 38 30 25 24
1630836146.152 46 51 40 38 31 24 25
1630836146.402 46 49 39 37 29 24 28
1630836146.653 45 51 38 38 27 24 25
1630836146.905 46 51 38 36 30 23 26
1630836147.157 46 49 40 38 29 24 24
1630836147.404 46 49 40 37 29 25 24
1630836147.654 45 48 39 37 32 26 24
1630836147.907 47 49 39 38 31 26 24
1630836148.154 47 49 40 38 29 25 27
1630836148.403 46 49 40 38 29 24 24
1630836148.655 47 53 42 36 29 25 26
1630836148.904 47 49 41 39 30 25 24
1630836149.153 47 49 39 38 30 25 24
1630836149.403 46 48 40 37 30 27 25
1630836149.653 47 51 38 38 31 25 24
1630836149.903 47 49 40 38 31 25 24
1630836150.153 46 49 39 38 31 26 26
1630836150.402 45 51 40 38 28 25 25
1630836150.653 45 50 41 39 28 25 24
1630836150.902 45 51 39 37 29 25 25
1630836151.152 46 48 38 38 30 24 26
1630836151.402 45 49 39 37 29 25 25
1630836151.652 47 47 41 40 30 25 24
1630836151.902 46 50 38 38 30 25 26
1630836152.152 46 49 41 38 30 25 25
1630836152.402 47 49 40 37 28 24 24
1630836152.652 43 47 38 39 31 25 26
1630836152.902 44 51 39 38 30 26 28
1630836153.154 44 50 39 38 30 24 26
1630836153.402 45 51 40 39 29 25 25
1630836153.652 49 50 40 40 30 23 24
1630836153.902 48 50 40 38 29 25 25
1630836154.153 47 49 41 38 29 24 25
1630836154.402 45 48 38 37 30 24 25
1630836154.652 45 50 40 37 28 26 25
1630836154.902 45 48 38 38 30 25 25
1630836155.152 46 51 40 38 30 23 27
1630836155.402 44 48 40 37 29 26 26
1630836155.652 47 49 39 38 30 25 26
1630836155.902 46 49 38 38 31 25 24
1630836156.152 46 49 39 38 27 24 24
1630836156.402 45 49 38 37 29 24 24
1630836156.655 45 51 39 38 29 24 28
1630836156.906 46 51 40 37 30 23 24
1630836157.157 45 49 41 38 32 25 25
1630836157.405 45 51 40 37 28 24 24
1630836157.655 46 49 38 36 31 27 24
1630836157.904 45 48 39 37 29 25 26
1630836158.154 46 49 38 40 29 25 25
1630836158.404 45 49 40 39 30 25 25
1630836158.655 45 50 41 41 29 26 25
1630836158.904 49 51 39 37 29 24 24
1630836159.154 46 48 39 38 29 26 27
1630836159.404 47 52 39 39 29 25 25
1630836159.656 44 50 39 39 30 25 26
1630836159.905 45 51 41 39 30 25 26
1630836160.155 46 50 40 39 30 26 26
1630836160.405 46 49 38 38 30 28 24
1630836160.655 47 50 39 39 28 25 25
1630836160.906 46 52 40 38 28 24 27
1630836161.158 46 49 38 35 29 25 25
1630836161.407 45 49 39 37 28 25 25
1630836161.655 46 49 40 38 28 25 25
1630836161.904 46 50 40 37 29 25 26
1630836162.154 47 50 42 41 29 25 27
1630836162.405 47 50 40 38 29 26 23
1630836162.653 45 49 41 40 28 24 24
1630836162.906 46 50 39 39 29 25 26
1630836163.156 46 49 39 37 29 25 24
1630836163.406 47 51 40 38 30 26 25
1630836163.656 47 47 40 38 29 26 25
1630836163.905 45 50 38 37 29 25 26
1630836164.156 45 50 39 38 29 26 27
1630836164.405 48 50 41 36 30 25 26
1630836164.656 44 48 40 38 29 25 26
1630836164.905 45 49 39 38 30 27 25
1630836165.155 44 50 39 38 30 26 26
1630836165.405 47 50 40 38 31 26 25
1630836165.653 47 51 40 38 30 26 27
1630836165.903 46 50 39 37 29 26 25
1630836166.153 45 49 40 37 30 24 25
1630836166.403 46 49 40 38 30 27 24
1630836166.653 46 50 39 36 29 25 26
1630836166.904 46 53 39 39 32 25 23
1630836167.153 47 47 39 39 29 26 26
1630836167.403 49 50 38 39 31 27 25
1630836167.652 46 49 40 39 31 25 24
1630836167.903 46 50 39 37 31 26 24
1630836168.153 47 50 38 38 28 24 25
1630836168.402 45 51 38 38 28 26 25
1630836168.655 44 51 40 37 29 23 24
1630836168.903 46 49 39 38 32 27 24
1630836169.152 46 51 41 37 31 25 22
1630836169.402 45 52 40 39 31 25 26
1630836169.652 46 49 40 36 29 26 24
1630836169.902 47 51 39 38 29 25 25
1630836170.152 46 47 39 40 28 25 24
1630836170.402 47 48 41 38 31 26 27
1630836170.653 45 48 39 38 28 24 25
1630836170.902 46 48 38 37 28 25 24
1630836171.152 47 50 40 38 29 26 24
1630836171.402 46 48 39 38 28 26 26
1630836171.652 46 50 40 38 30 25 24
1630836171.902 46 49 40 38 29 26 25
1630836172.153 46 49 40 38 29 25 25
1630836172.403 46 49 39 36 29 24 27
1630836172.652 46 50 41 38 29 24 25
1630836172.903 47 49 40 37 30 26 25
1630836173.153 45 49 39 37 31 25 24
1630836173.404 46 51 40 39 29 26 25
1630836173.654 47 49 39 38 30 25 26
1630836173.904 45 50 39 37 32 27 25
1630836174.154 47 52 39 40 32 24 25
1630836174.403 45 50 40 37 29 27 22
1630836174.656 47 49 38 39 30 27 26
1630836174.907 47 49 39 36 29 24 26
1630836175.156 48 48 40 39 28 25 25
1630836175.405 45 48 38 38 29 26 26
1630836175.656 45 51 40 38 32 26 25
1630836175.906 47 50 40 37 29 25 26
1630836176.156 47 51 39 37 30 26 25
1630836176.407 44 49 39 39 29 26 26
1630836176.656 48 48 38 40 29 26 24
1630836176.906 45 47 39 40 31 25 24
1630836177.156 48 48 39 38 30 24 24
1630836177.406 46 49 38 36 28 25 24
1630836177.656 46 48 40 37 29 29 27
1630836177.906 44 49 38 38 31 26 25
1630836178.156 45 50 37 37 30 25 25
1630836178.406 47 50 38 37 29 25 26
1630836178.656 46 49 38 38 32 26 26
1630836178.906 46 52 41 37 32 25 24
1630836179.156 45 49 37 38 29 26 25
1630836179.406 48 49 38 38 31 26 27
1630836179.656 48 52 39 39 29 25 24
1630836179.903 47 50 39 38 29 25 25
1630836180.153 46 49 40 38 29 25 24
1630836180.403 45 49 40 38 31 26 27
1630836180.652 45 50 38 38 31 25 26
1630836180.902 47 48 40 36 28 25 26
1630836181.153 47 49 39 39 29 23 24
1630836181.403 45 48 39 38 30 24 25
1630836181.653 47 49 41 38 28 27 25
1630836181.902 47 50 39 38 30 24 25
1630836182.152 46 48 40 37 31 24 24
1630836182.403 44 49 40 36 30 25 27
1630836182.653 48 47 40 39 30 25 24
1630836182.903 47 49 38 38 29 26 25
1630836183.153 46 48 40 38 28 25 26
1630836183.402 46 48 39 38 29 27 27
1630836183.653 46 51 38 37 31 27 24
1630836183.902 45 50 41 38 31 26 26
1630836184.152 45 49 38 37 31 24 24
1630836184.402 46 49 38 36 30 25 27
1630836184.652 47 50 41 36 30 24 26
1630836184.903 47 51 42 40 29 24 26
1630836185.152 44 49 40 39 30 25 29
1630836185.402 47 48 41 37 30 25 24
1630836185.652 46 51 37 40 32 25 27
1630836185.903 48 49 39 38 29 25 25
1630836186.152 46 47 39 37 32 23 24
1630836186.403 45 49 41 40 30 25 25
1630836186.653 47 48 40 37 32 26 26
1630836186.903 47 50 40 38 29 23 25
1630836187.154 45 48 38 37 31 26 26
1630836187.404 46 49 39 38 30 25 26
1630836187.655 48 49 39 38 28 25 26
1630836187.905 46 51 42 37 29 25 25
1630836188.155 46 52 40 41 30 25 25
1630836188.406 46 49 39 39 30 24 23
1630836188.656 45 50 40 39 29 25 26
1630836188.906 46 47 39 39 30 24 27
1630836189.156 45 50 40 39 29 26 25
1630836189.406 47 49 39 36 28 26 26
1630836189.656 47 49 39 38 30 25 26
1630836189.906 46 48 38 38 30 24 25
1630836190.156 45 50 38 38 29 26 24
1630836190.405 49 50 42 40 31 24 26
1630836190.654 47 47 38 38 28 26 25
1630836190.904 47 48 38 38 30 26 25
1630836191.155 47 48 38 39 30 26 24
1630836191.406 46 50 40 37 30 27 27
1630836191.654 47 48 39 36 29 24 24
1630836191.904 46 51 39 39 29 25 23
1630836192.157 44 49 40 39 29 25 26
1630836192.406 47 49 40 39 30 26 26
1630836192.654 45 50 38 41 33 25 25
1630836192.906 47 49 40 39 32 25 26
1630836193.156 45 49 39 38 28 27 26
1630836193.404 49 48 39 38 29 24 25
1630836193.653 48 50 41 37 28 25 25
1630836193.904 46 49 40 37 30 25 24
1630836194.154 47 48 40 38 29 25 25
1630836194.404 46 51 41 38 29 25 27
1630836194.654 47 50 38 38 29 24 26
1630836194.903 48 49 40 39 30 26 26
1630836195.154 46 48 40 39 30 26 25
1630836195.403 47 48 38 37 29 27 27
1630836195.657 48 49 40 38 34 26 25
1630836195.903 47 50 39 36 30 26 25
1630836196.153 48 50 41 38 29 27 25
1630836196.403 45 48 40 37 30 25 25
1630836196.653 45 50 38 38 32 25 24
1630836196.905 47 48 37 39 29 27 26
1630836197.153 46 49 39 37 29 25 24
1630836197.403 46 50 39 37 29 26 25
1630836197.653 44 48 40 38 30 26 26
1630836197.904 45 50 39 40 30 27 25
1630836198.153 44 49 40 38 30 25 25
1630836198.404 45 49 39 39 30 26 23
1630836198.653 46 48 39 36 31 25 25
1630836198.903 46 50 38 38 28 26 26
1630836199.153 47 48 41 37 29 25 24
1630836199.403 47 50 41 37 30 24 24
1630836199.654 47 49 39 37 30 26 26
1630836199.904 47 49 37 38 29 25 23
1630836200.153 48 49 42 38 30 28 25
1630836200.404 47 49 38 37 30 25 24
1630836200.654 46 50 38 40 30 25 26
1630836200.904 45 49 39 38 31 26 25
1630836201.157 47 49 41 37 32 26 27
1630836201.405 44 48 40 40 30 28 24
1630836201.656 47 48 39 38 28 26 26
1630836201.906 45 50 40 36 30 23 24
1630836202.155 45 52 39 39 32 24 25
1630836202.406 46 50 39 39 31 24 27
1630836202.657 46 51 41 39 29 28 25
1630836202.906 45 49 39 37 29 25 26
1630836203.157 46 48 38 37 28 24 22
1630836203.407 46 50 38 37 31 25 26
1630836203.657 45 48 38 39 31 25 25
1630836203.907 46 50 40 38 30 26 24
1630836204.157 46 53 41 36 31 25 25
1630836204.407 48 48 40 37 31 28 26
1630836204.658 46 50 40 35 30 25 26
1630836204.907 44 47 38 39 29 23 25
1630836205.157 46 49 39 39 29 24 26
1630836205.407 46 51 43 38 29 26 24
1630836205.654 47 49 40 36 30 24 26
1630836205.904 45 49 41 38 30 26 28
1630836206.154 47 51 38 39 32 25 26
1630836206.407 44 48 40 39 29 25 24
1630836206.654 47 47 39 38 32 25 25
1630836206.906 47 50 38 37 30 26 26
1630836207.157 45 50 40 39 30 25 24
1630836207.407 46 48 39 39 30 23 24
1630836207.656 46 53 39 38 33 24 26
1630836207.906 47 49 40 39 29 25 25
1630836208.156 46 49 39 37 30 25 26
1630836208.406 46 49 40 37 28 26 23
1630836208.655 46 48 38 37 30 26 26
1630836208.906 47 51 38 35 30 25 25
1630836209.156 45 50 38 38 30 25 25
1630836209.404 44 50 41 36 29 25 27
1630836209.655 44 49 40 39 29 25 26
1630836209.904 45 49 39 38 29 25 23
1630836210.154 47 48 39 38 31 26 25
1630836210.404 46 48 38 38 30 25 24
1630836210.654 46 51 39 40 29 25 25
1630836210.904 45 51 40 39 31 26 24
1630836211.154 47 49 39 39 31 25 25
1630836211.408 45 48 40 38 29 25 26
1630836211.656 48 50 37 38 30 25 25
1630836211.907 48 52 37 38 30 23 23
1630836212.157 46 49 39 38 29 27 25
1630836212.407 45 51 38 40 29 25 25
1630836212.656 46 52 39 38 29 25 23
1630836212.906 47 50 40 39 27 27 27
1630836213.158 45 49 39 36 28 25 25
1630836213.406 49 48 40 38 30 24 25
1630836213.654 49 48 41 39 30 27 24
1630836213.904 44 49 38 35 29 23 26
1630836214.154 48 49 38 38 28 25 24
1630836214.404 45 49 39 38 30 25 23
1630836214.654 46 48 40 37 30 25 25
1630836214.905 47 50 40 38 31 25 23
1630836215.158 47 49 40 35 28 25 25
1630836215.407 46 49 37 40 32 25 25
1630836215.659 46 50 38 39 31 25 26
1630836215.906 45 47 39 37 29 24 24
1630836216.160 46 48 39 36 29 26 28
1630836216.408 46 48 39 38 30 27 23
1630836216.660 45 50 40 38 30 26 24
1630836216.908 46 50 39 38 30 24 24
1630836217.159 48 52 40 37 30 24 23
1630836217.407 47 50 39 37 31 25 24
1630836217.657 48 49 38 38 31 26 23
1630836217.908 45 47 39 38 29 24 26
1630836218.155 45 50 40 37 28 27 24
1630836218.405 44 50 39 38 28 24 25
1630836218.654 45 47 39 39 29 24 24
1630836218.904 44 52 41 38 30 26 24
1630836219.154 46 49 39 37 29 26 23
1630836219.404 46 51 40 39 29 25 25
1630836219.657 45 50 38 38 31 27 25
1630836219.906 46 51 39 38 31 28 26
1630836220.154 46 50 40 39 32 26 25
1630836220.404 48 49 39 36 29 26 25
1630836220.656 46 51 39 43 29 26 24
1630836220.904 46 49 37 39 30 25 25
1630836221.154 47 52 40 37 29 25 26
1630836221.404 45 50 40 38 30 27 26
1630836221.655 45 49 37 36 28 24 25
1630836221.905 48 50 40 38 29 25 24
1630836222.155 45 48 40 37 28 26 23
1630836222.405 47 50 39 39 29 27 25
1630836222.655 46 48 39 39 30 25 24
1630836222.904 45 51 40 39 28 27 24
1630836223.154 46 50 41 38 30 24 24
1630836223.404 47 49 40 38 30 25 23
1630836223.654 44 49 40 37 28 24 25
1630836223.904 46 50 41 36 30 25 26
1630836224.154 45 51 40 38 29 25 25
1630836224.404 45 49 39 36 27 26 23
1630836224.654 45 51 44 37 28 26 27
1630836224.904 47 50 40 36 30 23 25
1630836225.154 47 50 37 38 28 25 26
1630836225.404 45 49 40 39 29 25 25
1630836225.654 44 49 38 39 30 24 24
1630836225.904 47 48 39 38 29 25 23
1630836226.157 45 50 41 40 29 26 25
1630836226.406 45 49 39 38 32 24 25
1630836226.655 46 47 40 38 31 23 25
1630836226.904 47 49 39 36 30 27 25
1630836227.155 45 48 39 40 28 24 25
1630836227.406 48 49 38 39 29 26 25
1630836227.656 46 50 39 40 28 25 26
1630836227.909 46 51 39 39 29 25 25
1630836228.157 47 48 38 39 29 25 26
1630836228.407 46 50 41 38 28 25 26
1630836228.659 45 48 39 39 29 25 26
1630836228.907 47 48 40 39 30 25 24
1630836229.157 48 49 39 37 30 25 27
1630836229.407 44 50 39 38 29 25 24
1630836229.657 44 48 39 38 29 24 26
1630836229.909 45 49 40 38 30 25 25
1630836230.157 45 51 38 38 30 25 26
1630836230.409 45 50 39 39 29 25 26
1630836230.660 48 47 39 37 29 26 25
1630836230.906 47 48 40 39 29 27 25
1630836231.158 44 49 38 41 29 24 25
1630836231.406 45 50 41 38 28 24 24
1630836231.657 46 49 41 36 30 26 25
1630836231.909 46 47 38 39 30 26 27
1630836232.158 46 49 41 40 29 25 25
1630836232.408 48 50 38 39 29 26 24
1630836232.658 46 52 42 37 28 26 26
1630836232.908 45 48 40 38 30 25 27
1630836233.158 47 49 38 37 29 25 26
1630836233.409 45 49 39 37 30 25 26
1630836233.658 45 48 39 39 29 24 24
1630836233.907 46 51 39 41 29 25 24
1630836234.158 47 52 38 39 29 25 27
1630836234.408 46 49 40 37 31 24 24
1630836234.658 45 50 38 37 31 26 24
1630836234.908 46 50 40 37 30 24 24
1630836235.157 45 49 41 39 28 25 25
1630836235.408 47 50 39 38 30 25 24
1630836235.657 44 49 38 36 29 26 25
1630836235.908 44 49 39 40 30 24 25
1630836236.158 46 49 39 39 29 24 25
1630836236.408 48 51 39 36 31 26 25
1630836236.658 45 52 38 43 29 24 25
1630836236.907 47 49 40 40 30 26 25
1630836237.157 45 48 39 37 28 25 26
1630836237.408 47 49 38 37 30 28 25
1630836237.656 45 50 40 38 28 26 25
1630836237.906 45 48 38 37 30 26 24
1630836238.156 44 50 42 36 28 25 27
1630836238.406 48 50 38 39 28 28 25
1630836238.656 48 48 39 38 28 26 25
1630836238.905 49 49 39 40 30 26 26
1630836239.155 47 49 39 38 30 29 26
1630836239.405 44 49 38 37 28 26 26
1630836239.655 45 48 39 39 27 25 25
1630836239.905 47 49 38 37 28 26 26
1630836240.155 45 50 39 38 29 26 25
1630836240.405 47 50 40 38 28 25 24
1630836240.655 45 49 38 37 29 26 26
1630836240.905 47 50 41 37 29 25 26
1630836241.155 46 49 39 38 28 25 27
1630836241.405 49 49 39 38 30 25 27
1630836241.655 46 50 40 38 29 26 26
1630836241.905 47 47 39 37 29 26 25
1630836242.155 47 49 38 40 30 26 29
1630836242.404 44 48 39 39 28 25 27
1630836242.655 47 49 39 39 29 26 26
1630836242.905 47 50 38 37 32 28 25
1630836243.155 47 49 40 36 31 25 25
1630836243.404 46 49 38 38 30 26 24
1630836243.655 46 51 41 39 28 25 26
1630836243.905 45 48 39 38 30 24 28
1630836244.155 48 49 40 40 30 25 24
1630836244.405 47 50 38 38 30 26 24
1630836244.655 45 49 39 36 30 25 24
1630836244.905 48 49 40 37 29 26 22
1630836245.155 44 49 39 38 30 25 25
1630836245.405 44 49 39 38 28 27 26
1630836245.657 47 50 38 38 29 25 25
1630836245.906 44 50 39 39 28 26 26
1630836246.156 46 49 39 39 28 25 25
1630836246.407 46 50 38 38 30 25 25
1630836246.657 47 49 40 39 30 25 24
1630836246.907 47 49 39 38 29 24 26
1630836247.157 50 50 39 38 29 24 24
1630836247.408 46 48 39 37 30 27 25
1630836247.659 45 49 42 37 30 25 25
1630836247.909 45 49 38 39 28 26 23
1630836248.160 45 50 37 37 31 24 24
1630836248.408 45 48 40 38 29 25 25
1630836248.657 47 49 40 38 28 24 24
1630836248.907 46 49 38 39 29 25 26
1630836249.157 46 48 38 36 30 27 28
1630836249.407 46 50 40 38 29 28 23
1630836249.657 47 49 38 38 29 25 26
1630836249.908 46 47 39 36 28 25 25
1630836250.158 45 49 39 37 29 24 27
1630836250.408 47 49 39 36 29 26 26
1630836250.657 46 48 38 39 29 27 26
1630836250.908 45 49 39 39 27 25 27
1630836251.160 47 49 39 39 30 25 25
1630836251.405 48 49 38 38 32 27 28
1630836251.656 46 53 38 39 30 25 24
1630836251.905 44 48 41 38 29 24 24
1630836252.156 46 48 38 38 30 26 27
1630836252.405 45 48 39 37 27 25 24
1630836252.655 45 49 38 39 30 25 25
1630836252.905 47 49 38 38 30 26 25
1630836253.156 45 49 40 37 27 26 25
1630836253.406 46 48 39 37 32 24 25
1630836253.656 46 51 38 36 33 25 26
1630836253.908 48 50 41 37 28 26 26
1630836254.155 48 48 40 38 33 26 24
1630836254.405 45 48 41 39 29 26 25
1630836254.655 47 49 39 38 31 25 26
1630836254.905 47 48 39 39 29 25 23
1630836255.156 45 50 39 38 32 26 24
1630836255.405 46 51 39 36 29 27 25
1630836255.655 46 48 38 42 29 27 25
1630836255.905 44 51 39 38 30 25 23
1630836256.155 47 50 39 39 30 24 24
1630836256.405 46 49 40 38 32 24 24
1630836256.655 47 51 39 38 31 24 23
1630836256.905 46 50 39 38 31 24 26
1630836257.155 47 48 40 39 32 26 23
1630836257.405 48 50 38 38 29 28 24
1630836257.655 46 49 40 38 28 25 26
1630836257.905 47 50 39 39 30 24 27
1630836258.156 45 50 39 37 29 26 26
1630836258.405 46 49 39 37 29 27 24
1630836258.655 44 51 40 38 30 25 25
1630836258.905 46 50 38 40 30 25 27
1630836259.155 45 48 39 38 27 25 24
1630836259.406 46 49 39 42 30 27 25
1630836259.655 46 49 42 39 28 24 27
1630836259.905 46 50 40 38 29 26 29
1630836260.156 45 49 38 40 31 26 25
1630836260.406 45 50 40 38 28 26 25
1630836260.657 47 50 39 38 31 25 25
1630836260.907 46 48 40 39 30 24 25
1630836261.157 46 48 40 37 29 25 25
1630836261.407 47 51 39 37 30 26 25
1630836261.658 48 50 40 41 30 25 27
1630836261.908 44 47 40 40 28 25 25
1630836262.158 45 52 40 37 28 25 25
1630836262.409 46 51 39 38 30 27 25
1630836262.658 46 49 39 40 30 23 27
1630836262.907 47 49 38 37 30 25 26
1630836263.157 45 48 39 37 31 25 26
1630836263.407 46 47 40 37 30 25 25
1630836263.657 47 49 42 38 31 25 24
1630836263.907 46 50 39 38 30 24 25
1630836264.157 47 47 38 40 32 26 25
1630836264.407 47 49 39 36 31 25 26
1630836264.658 46 49 41 37 30 24 23
1630836264.909 46 50 40 38 31 23 24
1630836265.159 46 49 40 39 30 25 24
1630836265.409 44 52 39 37 29 25 25
1630836265.659 46 50 39 36 29 26 24
1630836265.907 47 49 40 37 31 24 23
1630836266.158 46 49 39 38 29 24 26
1630836266.407 44 49 39 38 29 25 25
1630836266.658 46 50 37 38 27 25 24
1630836266.906 44 50 39 39 29 25 25
1630836267.156 44 49 39 38 29 24 26
1630836267.406 47 51 41 38 30 25 25
1630836267.656 44 52 39 37 31 24 24
1630836267.906 47 47 38 39 31 27 24
1630836268.156 47 49 38 37 31 25 25
1630836268.406 48 51 38 37 30 26 24
1630836268.656 46 49 40 39 31 26 25
1630836268.909 46 49 39 39 31 28 25
1630836269.156 45 49 40 38 30 26 27
1630836269.406 45 49 38 38 30 25 27
1630836269.656 44 49 39 37 30 26 25
1630836269.906 49 49 38 39 31 26 25
1630836270.156 48 48 41 39 28 27 26
1630836270.406 50 49 37 38 28 26 26
1630836270.656 45 48 39 36 29 24 26
1630836270.906 48 48 40 38 30 25 27
1630836271.156 45 48 39 36 30 25 25
1630836271.406 46 51 39 38 29 25 26
1630836271.657 46 47 38 38 31 26 26
1630836271.906 47 49 40 39 30 26 24
1630836272.156 45 49 39 37 28 25 24
1630836272.410 45 49 38 38 28 24 23
1630836272.658 47 49 39 37 31 25 25
1630836272.909 46 48 39 38 27 26 25
1630836273.157 46 50 38 36 30 26 26
1630836273.412 47 50 40 37 28 26 25
1630836273.658 47 50 40 38 30 24 26
1630836273.907 48 49 39 36 30 25 25
1630836274.159 46 50 39 37 28 26 24
1630836274.409 44 50 39 39 30 26 25
1630836274.659 48 48 40 37 30 25 25
1630836274.909 47 50 38 38 30 25 26
1630836275.159 46 48 40 38 29 25 24
1630836275.409 46 51 38 39 29 26 25
1630836275.658 44 50 39 37 30 26 26
1630836275.908 46 49 37 39 31 25 26
1630836276.159 45 51 40 39 32 27 26
1630836276.409 46 49 39 37 29 26 24
1630836276.661 45 49 42 37 29 25 25
1630836276.912 45 48 39 38 28 24 25
1630836277.159 47 48 38 39 29 25 25
1630836277.410 44 50 39 37 28 26 27
1630836277.661 44 49 40 39 28 24 24
1630836277.909 45 49 39 38 30 27 26
1630836278.157 47 48 40 40 28 26 28
1630836278.409 45 50 41 39 28 25 25
1630836278.659 46 49 39 39 28 27 26
1630836278.908 48 49 39 38 29 26 24
1630836279.159 45 49 39 37 31 26 25
1630836279.410 47 48 39 38 30 25 25
1630836279.660 46 50 39 38 29 26 27
1630836279.911 47 51 38 38 32 25 26
1630836280.159 45 47 38 38 29 24 25
1630836280.410 45 49 39 39 29 27 28
1630836280.659 46 50 41 38 29 24 25
1630836280.909 45 50 38 38 30 25 28
1630836281.159 45 51 40 37 29 25 25
1630836281.409 46 51 38 41 30 26 25
1630836281.659 44 47 39 38 30 23 24
1630836281.910 47 50 39 39 29 28 25
1630836282.159 47 49 39 39 29 25 24
1630836282.409 46 50 41 40 29 25 26
1630836282.659 46 50 40 39 29 25 25
1630836282.909 44 50 38 37 30 25 25
1630836283.159 46 50 39 37 30 26 27
1630836283.409 45 52 39 38 29 26 27
1630836283.659 50 48 38 36 30 27 25
1630836283.908 44 49 38 39 29 25 23
1630836284.158 45 50 38 39 30 24 26
1630836284.408 45 50 41 37 29 26 25
1630836284.658 46 49 40 37 30 24 26
1630836284.908 46 48 39 38 29 25 23
1630836285.157 48 51 39 37 29 25 27
1630836285.407 45 49 39 38 30 26 25
1630836285.657 46 49 39 38 28 24 24
1630836285.907 48 50 41 38 28 25 27
1630836286.157 46 51 37 38 28 24 24
1630836286.407 45 48 38 37 29 25 24
1630836286.657 45 51 39 38 28 25 25
1630836286.908 47 49 38 39 30 25 25
1630836287.157 48 50 42 38 30 27 25
1630836287.407 45 49 39 37 30 26 28
1630836287.657 48 50 42 38 28 26 24
1630836287.907 47 49 39 39 31 26 26
1630836288.157 47 49 38 38 30 24 25
1630836288.407 45 48 39 39 29 26 27
1630836288.656 48 50 38 39 30 24 25
1630836288.906 46 48 40 38 30 25 24
1630836289.156 45 50 38 39 30 25 24
1630836289.408 47 49 38 39 29 25 25
1630836289.656 46 52 38 41 29 27 27
1630836289.906 46 51 41 37 29 23 24
1630836290.156 46 51 38 37 29 27 25
1630836290.406 47 49 40 39 30 25 24
1630836290.656 47 48 38 39 33 25 24
1630836290.906 47 49 39 38 28 26 24
1630836291.156 44 48 39 41 29 25 24
1630836291.406 45 48 40 38 30 24 23
1630836291.657 47 48 38 38 29 24 28
1630836291.906 43 50 39 39 29 24 25
1630836292.156 45 51 40 37 30 26 26
1630836292.406 45 49 39 37 28 24 25
1630836292.657 46 48 41 38 28 26 25
1630836292.906 46 47 40 39 30 24 25
1630836293.156 47 50 39 39 29 25 24
1630836293.406 45 49 40 38 29 25 24
1630836293.658 45 48 39 38 29 24 24
1630836293.909 47 49 39 38 28 24 25
1630836294.162 48 49 37 40 29 24 25
1630836294.412 45 49 38 38 30 25 25
1630836294.661 46 50 40 40 27 25 26
1630836294.912 45 50 40 40 28 23 24
1630836295.159 46 50 40 39 28 22 26
1630836295.408 47 50 41 38 28 23 25
1630836295.658 45 50 41 36 30 24 24
1630836295.909 45 48 40 36 27 25 24
1630836296.161 45 49 38 36 29 23 23
1630836296.409 48 48 36 37 29 22 26
1630836296.660 45 49 41 38 29 27 25
1630836296.908 48 52 40 38 27 25 25
1630836297.156 47 48 39 38 29 24 25
1630836297.407 47 48 40 39 30 23 23
1630836297.657 46 49 38 38 29 24 24
1630836297.906 45 50 38 37 27 23 27
1630836298.158 46 49 40 38 30 25 24
1630836298.407 47 50 38 36 28 24 24
1630836298.656 45 48 39 35 27 25 25
1630836298.907 45 50 39 38 28 25 27
1630836299.157 46 50 38 38 30 24 24
1630836299.407 43 48 40 37 30 23 27
1630836299.658 46 49 40 38 30 24 24
1630836299.908 46 52 40 38 29 23 26
1630836300.158 46 50 40 39 28 25 26
1630836300.408 45 50 38 37 30 24 27
1630836300.657 47 48 40 39 27 25 23
1630836300.907 46 50 40 37 28 25 27
1630836301.159 47 49 41 38 30 23 27
1630836301.409 47 49 39 38 27 24 24
1630836301.659 48 47 40 37 29 25 25
1630836301.909 45 50 41 37 31 24 25
1630836302.159 44 48 40 39 28 24 24
1630836302.411 46 48 39 40 29 26 26
1630836302.659 44 48 39 39 31 24 24
1630836302.909 45 48 42 38 29 25 24
1630836303.159 47 49 39 37 29 25 24
1630836303.408 45 51 37 36 30 24 25
1630836303.659 45 49 39 40 28 26 26
1630836303.909 48 50 41 38 29 24 25
1630836304.159 46 48 39 39 28 25 24
1630836304.407 46 48 39 39 27 27 25
1630836304.658 46 50 39 35 30 27 24
1630836304.908 47 51 38 37 28 26 25
1630836305.158 46 48 40 37 28 25 25
1630836305.408 44 50 39 38 29 25 24
1630836305.658 49 49 37 40 27 24 25
1630836305.908 47 48 41 36 28 25 26
1630836306.159 47 49 41 37 29 26 25
1630836306.407 47 50 39 39 30 25 25
1630836306.658 45 49 39 37 28 25 23
1630836306.908 46 49 39 39 31 25 23
1630836307.157 45 50 40 37 28 24 23
1630836307.407 46 49 40 39 30 23 24
1630836307.657 47 49 39 37 31 25 24
1630836307.907 45 49 41 37 31 24 26
1630836308.157 47 50 39 38 29 25 26
1630836308.407 46 48 38 40 28 24 26
1630836308.657 44 48 40 37 28 25 26
1630836308.907 45 47 38 38 30 25 24
1630836309.157 46 51 39 37 28 24 26
1630836309.407 45 50 39 39 30 25 26
1630836309.657 45 48 39 37 29 24 25
1630836309.907 45 51 39 38 29 24 24
1630836310.157 47 49 37 37 29 26 25
1630836310.407 46 51 40 37 29 25 28
1630836310.657 43 47 38 38 29 27 25
1630836310.907 48 51 38 38 29 24 25
1630836311.158 46 47 38 37 29 24 24
1630836311.407 46 50 39 38 29 25 25
1630836311.657 44 48 37 37 29 24 25
1630836311.907 45 52 39 39 28 26 24
1630836312.157 45 49 38 38 30 26 25
1630836312.407 48 51 39 39 29 24 26
1630836312.657 47 49 40 37 29 24 25
1630836312.907 45 50 39 38 28 25 25
1630836313.157 49 48 39 36 29 25 28
1630836313.408 46 50 40 38 27 24 25
1630836313.659 44 51 38 38 28 25 25
1630836313.907 48 49 38 38 29 24 25
1630836314.157 45 50 39 36 29 25 24
1630836314.407 44 49 39 38 29 24 24
1630836314.657 45 50 38 38 28 25 24
1630836314.907 43 47 40 38 29 23 25
1630836315.157 44 49 39 37 28 26 25
1630836315.407 49 48 39 37 30 25 25
1630836315.657 45 49 40 38 29 25 25
1630836315.907 46 51 40 38 27 24 25
1630836316.158 48 51 39 38 28 25 27
1630836316.407 46 47 38 37 29 24 26
1630836316.658 47 48 39 38 29 24 26
1630836316.907 45 48 38 37 28 24 26
1630836317.157 46 50 40 38 29 25 25
1630836317.407 47 48 41 39 28 25 26
1630836317.657 44 49 39 38 29 24 26
1630836317.907 48 49 43 38 29 25 24
1630836318.158 50 49 39 38 29 25 24
1630836318.407 44 49 41 37 28 25 26
1630836318.657 46 49 40 36 29 25 25
1630836318.907 46 50 38 39 29 27 27
1630836319.157 45 50 42 36 28 25 26
1630836319.407 46 48 40 40 28 26 25
1630836319.657 47 49 38 37 29 25 25
1630836319.907 46 48 39 38 30 25 27
1630836320.159 45 50 39 37 29 26 25
1630836320.409 45 49 37 38 30 25 26
1630836320.658 47 47 39 38 28 25 25
1630836320.908 46 52 39 37 29 26 29
1630836321.157 47 47 38 38 28 26 25
1630836321.408 49 49 40 37 31 24 24
1630836321.659 47 48 39 38 29 25 23
1630836321.909 47 48 39 36 31 25 24
1630836322.159 45 49 39 40 30 25 24
1630836322.410 45 50 38 37 29 26 24
1630836322.661 46 51 39 36 29 27 24
1630836322.911 46 50 39 37 30 26 24
1630836323.161 46 48 43 37 29 25 24
1630836323.414 46 51 39 36 30 24 26
1630836323.661 44 49 40 38 30 25 25
1630836323.911 45 49 38 36 31 23 26
1630836324.161 47 48 36 36 27 27 27
1630836324.410 46 49 40 38 28 26 27
1630836324.661 47 47 39 40 28 26 25
1630836324.911 44 47 38 39 29 26 26
1630836325.161 47 50 38 37 30 25 25
1630836325.411 48 49 39 36 28 25 23
1630836325.661 47 49 37 36 29 26 24
1630836325.911 45 51 39 37 29 27 24
1630836326.161 46 49 39 38 28 26 26
1630836326.411 45 50 40 36 28 26 25
1630836326.661 44 50 39 38 28 25 24
1630836326.913 46 48 39 36 28 24 25
1630836327.161 47 50 40 38 27 25 24
1630836327.411 49 49 39 38 28 26 25
1630836327.661 46 49 40 39 28 26 26
1630836327.911 48 49 39 37 31 25 26
1630836328.161 45 50 41 37 31 26 25
1630836328.411 47 48 40 38 30 25 26
1630836328.661 45 47 43 36 31 24 26
1630836328.911 45 49 38 37 29 25 27
1630836329.161 43 48 40 38 30 24 26
1630836329.410 47 51 38 37 28 23 28
1630836329.660 47 48 39 36 30 25 25
1630836329.909 46 49 38 39 31 24 24
1630836330.160 47 49 41 36 30 24 26
1630836330.408 48 50 39 38 29 26 26
1630836330.659 46 49 39 37 29 26 25
1630836330.909 44 50 43 39 29 26 25
1630836331.158 45 48 40 39 29 25 26
1630836331.408 48 49 39 38 29 24 26
1630836331.658 45 49 39 38 29 26 25
1630836331.908 46 51 39 37 29 24 25
1630836332.158 48 49 40 37 29 25 26
1630836332.408 49 50 39 38 29 24 26
1630836332.658 45 49 40 37 30 25 24
1630836332.908 45 48 40 38 31 26 25
1630836333.158 46 50 39 38 29 25 26
1630836333.408 44 51 38 36 27 26 26
1630836333.658 47 51 40 37 29 27 24
1630836333.908 47 47 39 38 28 27 26
1630836334.158 47 49 39 38 32 26 27
1630836334.408 46 49 40 37 29 25 25
1630836334.658 45 49 41 40 30 23 26
1630836334.908 45 50 39 37 29 24 26
1630836335.158 47 50 38 36 32 25 26
1630836335.408 46 50 39 38 29 25 27
1630836335.658 46 48 40 38 29 24 26
1630836335.908 46 50 39 39 29 26 26
1630836336.157 47 50 39 37 30 24 23
1630836336.408 46 49 39 38 28 25 23
1630836336.659 47 50 38 38 30 27 28
1630836336.908 48 49 41 38 28 25 25
1630836337.158 46 47 38 37 29 23 25
1630836337.408 46 48 38 38 29 26 25
1630836337.658 48 48 40 36 30 25 27
1630836337.908 44 48 38 37 29 25 24
1630836338.158 46 50 40 37 29 25 24
1630836338.408 47 49 39 38 29 28 26
1630836338.658 46 49 41 38 31 26 25
1630836338.908 45 49 39 38 31 24 26
1630836339.157 47 49 39 37 28 25 27
1630836339.408 45 49 40 38 28 25 25
1630836339.659 45 51 38 37 29 25 26
1630836339.908 46 48 40 39 31 25 24
1630836340.158 47 49 39 39 29 24 24
1630836340.408 46 49 40 38 29 24 25
1630836340.658 46 48 42 39 29 25 25
1630836340.909 47 49 39 38 27 28 25
1630836341.159 46 49 42 38 31 26 25
1630836341.412 45 49 38 37 31 25 27
1630836341.660 44 51 41 37 27 24 26
1630836341.910 47 50 41 39 29 25 25
1630836342.160 46 52 38 37 30 24 26
1630836342.410 45 50 40 38 30 24 24
1630836342.661 46 49 41 38 32 25 26
1630836342.911 45 49 38 36 30 25 26
1630836343.161 45 49 39 38 29 25 25
1630836343.413 47 51 39 36 30 25 23
1630836343.664 46 50 40 37 30 23 24
1630836343.912 44 51 38 37 28 26 23
1630836344.162 45 49 40 39 30 24 25
1630836344.412 48 50 37 38 29 26 25
1630836344.661 45 48 38 39 29 24 25
1630836344.911 45 50 39 38 29 26 26
1630836345.162 45 49 39 39 27 25 27
1630836345.412 45 49 39 40 30 26 24
1630836345.661 47 49 37 38 28 25 25
1630836345.913 45 49 40 37 28 27 27
1630836346.162 44 48 40 38 30 23 24
1630836346.411 44 50 40 38 29 26 25
1630836346.662 46 49 40 37 29 24 25
1630836346.912 48 49 38 38 29 24 27
1630836347.162 47 51 40 38 27 25 25
1630836347.411 46 50 39 37 28 26 25
1630836347.662 46 50 39 40 31 25 25
1630836347.912 45 50 40 38 29 24 26
1630836348.162 46 47 40 38 28 25 24
1630836348.412 46 49 38 37 28 26 25
1630836348.662 46 49 38 38 28 26 24
1630836348.912 45 49 39 37 28 24 23
1630836349.160 46 49 42 40 28 23 24
1630836349.412 47 48 38 39 28 23 23
1630836349.661 46 48 40 36 28 26 27
1630836349.911 47 48 41 38 29 23 24
1630836350.161 46 49 40 35 28 25 24
1630836350.410 45 49 40 38 29 25 24
1630836350.660 46 48 40 38 30 25 27
1630836350.910 44 49 41 37 31 25 26
1630836351.159 48 50 41 37 31 25 25
1630836351.410 44 48 40 38 30 25 25
1630836351.659 46 50 39 38 28 23 26
1630836351.909 47 48 39 37 29 24 25
1630836352.159 46 50 39 38 28 24 27
1630836352.412 48 47 40 38 27 24 26
1630836352.659 45 49 39 38 30 26 26
1630836352.909 44 49 40 41 28 24 24
1630836353.158 46 50 39 39 29 24 26
1630836353.408 47 50 40 38 29 25 26
1630836353.659 44 50 41 38 28 26 23
1630836353.908 44 46 38 38 30 25 26
1630836354.158 46 49 39 37 29 27 26
1630836354.409 46 52 39 37 30 25 24
1630836354.658 45 49 38 39 27 24 22
1630836354.908 46 48 38 38 30 25 25
1630836355.159 45 51 38 38 30 24 26
1630836355.409 46 48 40 39 29 26 23
1630836355.659 46 49 39 36 28 24 26
1630836355.908 46 48 41 36 28 24 28
1630836356.158 45 48 39 36 29 26 24
1630836356.408 46 50 39 38 28 24 25
1630836356.659 46 48 40 38 28 25 26
1630836356.908 46 49 39 37 28 23 25
1630836357.158 47 50 39 38 28 24 24
1630836357.408 46 50 40 37 30 25 28
1630836357.658 45 50 39 36 28 25 24
1630836357.909 46 49 41 39 28 25 24
1630836358.159 44 50 39 36 29 24 25
1630836358.408 47 50 41 35 29 25 24
1630836358.659 47 49 39 38 28 24 24
1630836358.908 46 50 41 38 30 25 26
1630836359.158 47 49 39 38 28 25 24
1630836359.408 47 48 40 38 29 24 26
1630836359.659 45 48 38 39 27 25 24
1630836359.909 45 50 40 36 29 25 25
1630836360.158 48 47 39 40 28 24 26
1630836360.409 46 48 42 39 29 24 24
1630836360.660 46 52 39 40 29 24 26
1630836360.910 45 49 42 38 30 24 26
1630836361.159 44 48 41 37 29 26 26
1630836361.410 47 50 40 36 28 25 27
1630836361.661 46 50 39 40 30 25 25
1630836361.909 43 49 39 39 29 24 24
1630836362.159 49 48 40 36 29 24 27
1630836362.415 47 49 40 36 29 24 27
1630836362.662 50 50 40 37 29 25 26
1630836362.913 46 49 39 37 29 24 26
1630836363.161 45 50 38 40 27 25 25
1630836363.411 47 51 40 36 31 25 25
1630836363.661 46 47 39 36 28 26 26
1630836363.911 44 51 39 38 30 25 24
1630836364.162 46 50 37 37 30 25 25
1630836364.413 47 49 39 38 28 22 26
1630836364.662 46 48 38 37 30 24 25
1630836364.913 45 50 37 39 30 25 25
1630836365.163 45 49 40 38 29 24 25
1630836365.412 45 52 38 39 30 24 26
1630836365.662 45 50 38 37 30 26 26
1630836365.913 45 50 40 39 31 26 26
1630836366.162 45 49 41 38 33 24 26
1630836366.412 46 49 40 37 30 26 23
1630836366.662 48 49 39 39 29 24 26
1630836366.912 47 49 39 39 28 25 23
1630836367.162 50 49 39 39 31 25 25
1630836367.412 46 50 38 38 28 26 25
1630836367.662 46 49 40 38 29 28 26
1630836367.911 46 51 40 37 29 25 27
1630836368.161 46 47 39 37 28 25 25
1630836368.411 48 51 40 38 30 24 25
1630836368.661 46 48 40 38 29 24 25
1630836368.911 45 50 39 39 31 26 26
1630836369.160 47 48 39 37 29 25 25
1630836369.410 46 49 40 39 27 27 24
1630836369.660 48 50 38 37 29 24 24
1630836369.910 45 50 39 37 28 23 24
1630836370.160 44 52 41 40 29 23 24
1630836370.410 46 51 40 38 31 24 27
1630836370.660 47 53 40 37 30 25 24
1630836370.910 47 47 39 41 30 25 24
1630836371.160 47 47 40 38 28 23 23
1630836371.409 44 49 39 39 28 25 24
1630836371.659 45 48 39 36 30 25 25
1630836371.909 47 48 39 36 29 25 24
1630836372.160 44 47 41 39 28 26 24
1630836372.409 49 50 40 37 27 23 26
1630836372.659 44 50 38 38 28 25 24
1630836372.909 45 49 40 38 28 26 25
1630836373.159 47 52 38 39 28 24 26
1630836373.409 45 49 40 38 27 25 24
1630836373.659 44 48 38 38 30 25 24
1630836373.909 45 51 39 36 28 24 27
1630836374.159 46 50 39 38 28 24 27
1630836374.409 44 48 37 38 28 24 24
1630836374.659 44 49 38 37 27 27 23
1630836374.909 49 47 37 36 28 25 25
1630836375.159 46 49 38 38 30 26 25
1630836375.409 44 49 40 38 28 26 24
1630836375.659 47 49 39 36 28 27 25
1630836375.910 46 49 40 39 31 25 24
1630836376.160 45 48 40 36 29 25 26
1630836376.411 44 51 40 38 28 26 27
1630836376.660 48 50 40 37 28 27 25
1630836376.910 46 49 41 36 28 25 24
1630836377.160 46 50 38 37 26 24 25
1630836377.412 45 50 39 37 30 24 24
1630836377.660 45 49 39 37 29 25 26
1630836377.911 46 50 38 40 28 25 25
1630836378.162 47 50 38 39 29 24 26
1630836378.412 48 48 39 38 30 26 26
1630836378.662 45 49 38 38 29 25 24
1630836378.912 46 49 39 39 29 26 24
1630836379.163 47 49 38 37 27 24 26
1630836379.412 48 48 40 39 30 27 26
1630836379.660 47 48 38 39 29 26 23
1630836379.910 42 51 40 39 28 27 25
1630836380.162 45 51 39 37 30 25 26
1630836380.413 46 50 41 36 31 26 27
1630836380.663 45 48 39 38 28 24 24
1630836380.913 48 49 38 37 29 25 25
1630836381.163 47 50 38 40 29 26 24
1630836381.413 45 48 39 35 29 23 26
1630836381.663 46 49 38 37 28 23 26
1630836381.913 46 49 39 38 28 24 27
1630836382.163 46 50 38 39 27 25 25
1630836382.413 48 49 38 37 29 25 25
1630836382.663 45 50 37 37 29 24 25
1630836382.913 48 49 39 36 29 26 25
1630836383.163 46 48 38 36 29 24 25
1630836383.413 49 48 39 37 29 24 24
1630836383.663 44 47 40 39 28 25 26
1630836383.913 47 49 39 39 28 25 25
1630836384.163 45 49 40 38 28 24 25
1630836384.413 45 51 38 37 28 25 24
1630836384.663 45 48 40 38 29 25 26
1630836384.912 45 52 39 40 29 25 25
1630836385.162 47 50 40 38 28 25 25
1630836385.412 44 49 39 37 27 23 24
1630836385.663 44 49 39 38 28 25 28
1630836385.913 45 48 41 37 29 24 25
1630836386.162 45 50 40 37 28 25 25
1630836386.411 44 48 39 37 30 24 25
1630836386.661 47 48 38 37 28 24 27
1630836386.911 47 50 40 38 29 24 24
1630836387.162 47 49 41 36 29 24 26
1630836387.411 47 48 39 39 28 24 26
1630836387.660 46 48 39 38 29 25 26
1630836387.910 44 50 40 40 28 25 24
1630836388.160 46 52 41 38 28 25 24
1630836388.410 46 48 39 37 29 24 24
1630836388.660 46 48 38 37 28 26 24
1630836388.910 45 48 39 37 28 26 24
1630836389.160 44 52 39 37 31 27 25
1630836389.410 47 50 39 38 29 25 23
1630836389.660 48 49 39 38 29 23 25
1630836389.912 46 50 38 36 29 24 26
1630836390.160 46 47 39 38 29 24 25
1630836390.409 45 50 39 36 29 24 25
1630836390.660 46 48 37 41 29 26 27
1630836390.910 46 48 38 36 27 24 23
1630836391.160 45 48 39 39 27 24 24
1630836391.409 44 49 38 38 27 23 25
1630836391.660 48 50 39 38 30 26 23
1630836391.910 47 49 41 39 28 25 25
1630836392.160 47 47 38 36 28 23 25
1630836392.410 46 49 39 36 28 25 25
1630836392.660 46 50 40 37 28 26 24
1630836392.909 45 47 40 37 28 24 25
1630836393.160 46 49 38 38 29 25 23
1630836393.410 46 51 39 37 29 26 24
1630836393.659 45 50 40 38 27 25 24
1630836393.909 47 50 41 36 29 24 25
1630836394.159 46 49 39 37 28 25 24
1630836394.409 45 52 40 40 27 24 27
1630836394.660 49 50 39 42 27 24 22
1630836394.910 48 48 40 38 28 24 24
1630836395.160 46 48 40 37 27 25 24
1630836395.411 45 52 39 38 27 26 23
1630836395.663 46 48 42 39 29 27 26
1630836395.913 44 52 39 37 29 24 25
1630836396.160 45 49 39 39 28 25 26
1630836396.410 45 48 40 38 29 26 24
1630836396.660 44 48 38 38 28 25 24
1630836396.911 46 48 39 37 28 24 24
1630836397.162 45 49 40 38 32 23 23
1630836397.412 47 48 39 38 30 25 25
1630836397.664 48 49 42 39 28 25 23
1630836397.913 46 49 41 38 27 25 26
1630836398.163 46 49 38 37 28 26 25
1630836398.413 45 49 39 39 29 24 26
1630836398.664 47 49 38 37 30 25 24
1630836398.913 45 51 40 39 27 24 24
1630836399.164 46 50 38 36 27 26 25
1630836399.413 46 48 38 37 28 26 26
1630836399.664 46 47 40 39 28 23 25
1630836399.916 48 48 40 38 29 22 25
1630836400.164 46 49 39 38 28 25 24
1630836400.414 46 50 40 38 30 24 24
1630836400.663 44 49 38 38 27 25 23
1630836400.913 46 48 39 38 29 24 25
1630836401.163 45 47 39 37 29 25 25
1630836401.414 43 49 38 39 28 23 25
1630836401.663 45 49 41 37 30 26 26
1630836401.913 45 50 39 35 28 24 23
1630836402.163 45 48 38 38 28 25 25
1630836402.414 45 50 39 38 28 26 24
1630836402.663 47 51 39 37 28 26 25
1630836402.914 45 50 39 38 29 27 24
1630836403.164 48 48 39 36 28 26 26
1630836403.414 45 49 40 39 29 28 25
1630836403.663 47 49 39 37 27 23 27
1630836403.914 45 49 40 39 27 25 24
1630836404.163 46 47 38 38 29 25 23
1630836404.413 47 50 40 38 28 24 25
1630836404.663 46 49 38 37 29 27 26
1630836404.913 45 49 38 41 28 24 26
1630836405.163 46 48 39 38 28 26 27
1630836405.413 47 51 39 38 30 24 25
1630836405.663 47 48 40 38 29 25 29
1630836405.913 45 47 39 37 28 25 25
1630836406.163 45 50 39 38 29 26 25
1630836406.413 46 47 40 36 30 25 23
1630836406.662 45 48 39 36 27 25 22
1630836406.913 47 49 40 36 28 25 25
1630836407.163 45 50 38 39 26 26 23
1630836407.412 49 47 38 37 27 25 26
1630836407.662 46 48 40 38 27 24 24
1630836407.912 46 49 40 37 27 25 26
1630836408.160 45 50 39 36 28 26 26
1630836408.410 46 51 39 37 29 25 26
1630836408.660 47 49 39 37 31 26 24
1630836408.910 46 48 38 39 27 24 28
1630836409.161 45 48 40 41 27 26 25
1630836409.411 48 51 38 38 27 26 25
1630836409.660 46 51 40 37 29 24 24
1630836409.911 46 48 39 38 28 24 24
1630836410.163 47 52 40 38 29 25 24
1630836410.410 49 51 39 39 27 26 25
1630836410.660 45 49 39 38 27 25 24
1630836410.910 47 50 39 37 28 25 26
1630836411.161 48 49 40 35 28 25 26
1630836411.410 46 49 39 38 26 27 25
1630836411.661 46 51 40 37 28 25 26
1630836411.910 44 50 41 36 28 26 25
1630836412.160 46 50 41 38 27 27 25
1630836412.410 47 49 39 36 30 24 24
1630836412.660 46 50 40 37 28 24 26
1630836412.910 47 48 37 37 28 24 24
1630836413.160 47 48 40 38 27 23 24
1630836413.411 47 48 40 38 28 26 23
1630836413.662 43 50 40 38 28 25 24
1630836413.911 45 49 41 37 28 26 26
1630836414.160 44 50 43 41 28 25 26
1630836414.410 50 52 39 39 27 25 24
1630836414.661 47 50 40 37 29 24 28
1630836414.910 44 48 41 38 28 24 25
1630836415.160 48 50 40 39 28 25 26
1630836415.410 46 50 38 37 28 24 23
1630836415.660 44 49 40 39 29 26 22
1630836415.910 44 49 39 36 29 26 24
1630836416.161 46 48 40 39 31 25 24
1630836416.412 45 49 40 40 28 26 25
1630836416.661 47 49 41 39 31 24 24
1630836416.911 46 50 38 37 29 25 25
1630836417.162 47 49 39 37 29 25 24
1630836417.412 44 48 40 38 28 28 25
1630836417.663 47 49 39 36 29 25 27
1630836417.911 46 48 39 37 32 26 25
1630836418.164 45 49 40 38 30 25 27
1630836418.414 48 49 40 39 29 25 23
1630836418.665 47 50 38 38 27 24 24
1630836418.913 45 50 40 36 28 25 23
1630836419.162 45 50 39 37 28 24 23
1630836419.413 47 49 41 38 29 24 26
1630836419.663 45 50 39 37 29 25 26
1630836419.913 47 48 40 38 29 24 25
1630836420.162 45 51 39 38 29 26 23
1630836420.413 44 48 39 38 28 26 26
1630836420.662 47 48 38 37 28 24 24
1630836420.912 45 48 40 38 28 26 24
1630836421.163 47 48 37 37 28 27 26
1630836421.412 47 51 39 38 27 24 25
1630836421.662 47 48 39 39 26 24 24
1630836421.913 46 49 38 37 30 25 29
1630836422.162 46 49 40 38 29 24 24
1630836422.412 46 49 39 38 28 23 25
1630836422.662 48 50 40 35 29 24 27
1630836422.913 46 50 40 37 28 24 26
1630836423.162 46 49 38 37 28 24 23
1630836423.413 45 47 39 38 27 25 26
1630836423.661 44 48 41 37 28 25 24
1630836423.912 45 50 39 37 30 25 23
1630836424.162 47 49 39 39 29 24 25
1630836424.411 46 52 38 37 30 25 23
1630836424.661 47 48 40 37 28 23 23
1630836424.912 45 50 39 38 26 25 26
1630836425.162 46 48 39 40 28 26 28
1630836425.413 45 49 40 38 27 25 25
1630836425.662 45 49 38 39 27 25 25
1630836425.912 47 49 38 38 28 23 24
1630836426.162 46 51 41 38 28 24 26
1630836426.412 45 50 39 38 29 25 25
1630836426.662 46 50 39 40 29 25 23
1630836426.912 44 48 38 39 27 23 24
1630836427.161 47 49 39 40 29 24 26
1630836427.412 44 50 37 38 29 25 26
1630836427.662 46 48 39 36 30 23 26
1630836427.912 48 48 38 40 31 26 23
1630836428.161 46 48 38 38 28 26 25
1630836428.411 49 51 38 37 29 22 25
1630836428.663 47 49 39 39 28 25 26
1630836428.911 47 49 39 37 28 25 27
1630836429.161 46 52 39 37 30 24 25
1630836429.411 47 49 40 38 28 24 24
1630836429.661 47 51 39 38 30 23 25
1630836429.911 45 50 38 36 29 23 25
1630836430.161 45 49 40 36 27 26 29
1630836430.412 45 50 40 38 28 23 26
1630836430.663 44 49 39 37 29 24 27
1630836430.911 46 50 38 40 29 21 26
1630836431.162 47 48 39 38 27 24 28
1630836431.411 45 51 40 39 28 23 24
1630836431.662 46 49 40 37 28 25 24
1630836431.911 45 48 41 38 29 24 26
1630836432.162 44 48 38 38 29 25 26
1630836432.411 46 49 38 40 28 24 25
1630836432.661 47 49 38 38 30 26 24
1630836432.912 44 51 40 39 30 25 24
1630836433.163 46 49 39 36 26 24 24
1630836433.412 45 51 40 40 28 25 25
1630836433.661 45 49 39 37 30 24 25
1630836433.911 45 48 39 38 28 24 26
1630836434.161 46 50 37 36 27 25 26
1630836434.411 49 48 38 38 28 24 26
1630836434.661 48 48 40 38 29 23 27
1630836434.911 46 49 40 36 28 26 25
1630836435.162 46 51 40 37 28 26 27
1630836435.412 45 48 42 38 29 26 25
1630836435.661 46 48 38 37 30 26 25
1630836435.911 45 50 39 37 28 26 25
1630836436.161 45 49 39 37 31 22 24
1630836436.412 45 49 40 39 27 26 26
1630836436.661 48 49 39 40 29 23 25
1630836436.911 46 49 40 36 29 26 26
1630836437.161 47 50 41 37 28 26 25
1630836437.412 45 48 40 40 30 24 23
1630836437.661 47 51 40 38 28 24 24
1630836437.911 46 49 40 38 29 23 26
1630836438.162 45 48 39 37 27 24 26
1630836438.411 46 47 39 38 29 24 26
1630836438.661 46 51 44 39 28 24 24
1630836438.912 48 49 41 39 29 24 25
1630836439.161 47 51 39 38 28 26 24
1630836439.412 46 49 39 38 31 27 25
1630836439.662 46 50 38 39 29 23 26
1630836439.911 48 48 41 38 28 25 25
1630836440.161 49 49 39 38 30 23 25
1630836440.411 45 47 41 37 29 25 25
1630836440.661 46 49 39 37 29 25 25
1630836440.911 48 49 40 38 28 25 25
1630836441.162 46 50 39 38 28 25 24
1630836441.413 46 48 38 37 29 24 26
1630836441.913 45 50 39 37 28 22 25
1630836442.163 47 51 37 39 30 25 25
1630836442.413 45 48 38 37 30 24 26
1630836442.663 46 49 38 38 28 24 26
1630836442.913 45 48 40 38 31 25 25
1630836443.163 46 50 38 38 27 25 25
1630836443.413 47 51 40 40 30 22 25
1630836443.663 45 50 39 39 29 24 25
1630836443.913 46 49 37 40 31 24 26
1630836444.163 45 50 38 38 30 26 25
1630836444.413 47 49 40 41 29 23 26
1630836444.663 45 49 37 36 29 25 25
1630836444.913 46 48 39 39 29 26 28
1630836445.163 45 49 39 38 28 22 28
1630836445.413 46 50 38 37 30 26 24
1630836445.663 44 50 41 36 28 24 25
1630836445.913 46 50 39 39 28 23 26
1630836446.163 46 50 39 38 28 26 26
1630836446.413 45 48 39 37 27 25 24
1630836446.663 47 50 38 39 31 24 28
1630836446.913 44 48 40 39 29 26 26
1630836447.163 50 51 40 36 28 24 23
1630836447.413 47 49 38 36 30 22 26
1630836447.663 47 52 39 37 28 24 26
1630836447.913 48 49 40 38 29 25 26
1630836448.163 47 48 40 37 30 22 24
1630836448.413 46 47 40 38 29 22 25
1630836448.663 45 48 39 39 29 22 25
1630836448.914 46 48 39 42 28 23 24
1630836449.163 46 46 42 37 29 23 25
1630836449.413 46 48 39 38 29 23 24
1630836449.663 45 49 39 37 27 26 25
1630836449.913 47 51 39 39 30 25 24
1630836450.163 48 51 39 38 28 24 25
1630836450.413 48 47 39 39 28 25 26
1630836450.662 45 50 38 39 31 25 26
1630836450.913 47 49 40 41 27 25 24
1630836451.163 46 50 39 36 27 23 26
1630836451.415 46 48 38 37 27 25 24
1630836451.664 45 48 39 38 29 26 25
1630836451.912 47 45 38 37 30 24 24
1630836452.162 46 51 40 39 28 23 24
1630836452.412 47 50 39 40 31 23 24
1630836452.662 44 50 40 37 27 24 26
1630836452.912 46 51 41 38 29 24 23
1630836453.162 47 50 40 38 30 25 24
1630836453.412 45 48 39 37 28 24 24
1630836453.662 47 48 39 38 29 26 26
1630836453.912 45 49 39 39 28 24 25
1630836454.162 46 50 37 38 29 23 23
1630836454.412 48 49 40 38 29 25 24
1630836454.662 47 50 40 40 29 26 24
1630836454.912 45 48 40 39 28 24 26
1630836455.162 47 50 40 39 27 24 24
1630836455.414 46 48 39 37 29 24 25
1630836455.664 45 49 39 37 28 25 24
1630836455.912 46 48 40 37 31 26 24
1630836456.162 46 47 40 39 28 25 27
1630836456.412 44 49 41 39 30 24 24
1630836456.662 47 50 38 36 28 25 24
1630836456.913 44 50 39 40 29 25 24
1630836457.162 46 48 39 36 29 24 25
1630836457.413 46 50 40 38 27 25 24
1630836457.663 44 48 38 41 30 22 22
1630836457.912 44 48 38 39 29 24 22
1630836458.162 48 48 39 38 30 25 22
1630836458.413 47 50 41 38 27 29 21
1630836458.664 48 49 40 39 29 26 19
1630836458.914 44 49 40 39 28 25 19
1630836459.163 45 50 38 37 27 27 20
1630836459.415 45 50 39 38 29 27 20
1630836459.663 46 49 41 37 28 25 20
1630836459.913 46 50 39 39 27 28 21
1630836460.163 47 49 41 39 27 25 21
1630836460.413 45 51 39 36 26 25 22
1630836460.664 49 48 39 38 26 27 20
1630836460.914 46 49 40 39 30 27 20
1630836461.166 48 47 40 36 29 27 22
1630836461.413 48 49 39 37 27 24 21
1630836461.664 45 49 39 39 27 25 21
1630836461.914 46 48 39 38 28 28 22
1630836462.164 47 49 39 37 27 27 19
1630836462.413 45 51 37 39 28 24 21
1630836462.663 45 50 39 37 27 27 20
1630836462.913 47 49 37 39 25 25 21
1630836463.164 45 50 39 37 28 25 21
1630836463.413 45 49 39 38 29 24 21
1630836463.664 46 48 41 37 28 27 21
1630836463.914 45 48 39 37 28 28 22
1630836464.164 45 50 38 39 28 27 22
1630836464.415 45 49 39 38 30 26 20
1630836464.664 48 51 40 38 27 26 22
1630836464.915 47 48 39 38 29 25 20
1630836465.164 47 50 39 38 29 24 22
1630836465.414 45 48 39 36 29 25 23
1630836465.664 46 48 41 39 29 25 22
1630836465.915 44 51 41 37 27 25 22
1630836466.162 47 51 39 39 29 25 21
1630836466.413 46 51 40 36 32 26 22
1630836466.663 45 47 38 37 29 23 21
1630836466.912 46 49 42 37 28 25 26
1630836467.163 47 48 41 37 30 24 25
1630836467.414 46 49 38 37 28 24 25
1630836467.662 45 50 39 38 30 26 25
1630836467.914 46 49 40 39 29 25 26
1630836468.164 45 50 40 40 29 24 24
1630836468.412 46 49 41 38 28 25 23
1630836468.663 43 49 39 38 29 25 25
1630836468.912 46 49 39 38 29 27 24
1630836469.163 45 50 40 38 30 24 23
1630836469.413 48 48 39 37 28 24 23
1630836469.663 46 49 40 38 29 26 26
1630836469.912 45 50 38 37 27 23 24
1630836470.164 44 48 39 38 29 25 23
1630836470.412 48 49 40 38 28 25 25
1630836470.662 46 50 38 38 30 25 24
1630836470.914 47 49 38 39 29 24 25
1630836471.164 47 51 39 38 29 25 28
1630836471.414 44 49 39 38 29 25 23
1630836471.663 47 48 40 37 29 26 25
1630836471.914 43 47 41 37 28 25 27
