1630830210.661 45 47 40 40 25 26 24
1630830210.909 48 47 40 38 28 25 25
1630830211.159 47 47 39 38 28 26 27
1630830211.411 47 46 40 40 26 26 26
1630830211.659 47 47 40 40 27 27 27
1630830211.908 44 46 41 39 28 25 28
1630830212.158 47 45 40 40 28 28 25
1630830212.409 46 45 40 39 28 26 25
1630830212.662 50 45 40 41 27 26 26
1630830212.909 44 47 41 41 27 26 26
1630830213.162 49 44 43 38 27 26 27
1630830213.411 45 45 40 41 27 25 26
1630830213.660 45 45 41 41 30 26 25
1630830213.909 46 46 40 39 27 25 25
1630830214.159 45 47 41 38 26 25 27
1630830214.409 47 47 41 40 28 26 28
1630830214.659 47 46 41 38 29 25 27
1630830214.909 44 47 41 42 27 26 25
1630830215.158 46 47 40 40 28 25 25
1630830215.409 45 46 41 41 29 27 25
1630830215.659 49 46 41 38 26 25 26
1630830215.908 46 45 40 41 27 25 26
1630830216.159 45 46 40 40 28 26 25
1630830216.412 44 45 40 40 28 26 26
1630830216.658 47 47 41 40 29 25 25
1630830216.909 46 47 42 38 28 27 27
1630830217.158 48 46 41 39 28 28 25
1630830217.409 45 45 41 40 27 26 25
1630830217.663 47 47 42 40 25 26 26
1630830217.913 45 47 43 37 28 28 29
1630830218.163 45 45 40 38 26 27 25
1630830218.410 45 46 40 39 27 25 25
1630830218.665 47 47 39 40 28 26 25
1630830218.915 46 48 41 39 26 25 26
1630830219.159 47 45 40 38 26 27 27
1630830219.409 45 48 39 40 28 27 27
1630830219.661 48 47 39 39 28 26 25
1630830219.911 44 45 42 40 27 26 28
1630830220.160 45 46 40 41 28 26 26
1630830220.412 44 47 40 38 26 26 25
1630830220.659 45 46 42 39 28 28 27
1630830220.908 46 44 39 41 28 27 25
1630830221.158 45 44 40 39 28 24 25
1630830221.410 47 46 40 40 26 27 25
1630830221.662 44 44 42 39 27 26 27
1630830221.911 46 47 41 41 27 25 26
1630830222.160 45 46 39 39 28 25 27
1630830222.409 44 46 40 38 27 25 26
1630830222.662 45 45 41 40 26 30 26
1630830222.908 45 47 39 39 28 26 24
1630830223.162 45 47 40 38 27 27 26
1630830223.412 47 48 41 38 28 27 25
1630830223.662 45 46 40 40 26 25 25
1630830223.909 47 45 42 40 27 26 25
1630830224.159 47 45 42 41 29 27 25
1630830224.408 47 45 39 41 27 25 25
1630830224.659 44 46 39 40 27 26 28
1630830224.909 46 45 41 40 28 25 25
1630830225.159 47 48 40 40 27 25 26
1630830225.409 44 47 41 39 29 27 25
1630830225.661 49 49 42 39 28 25 24
1630830225.912 46 45 40 38 25 28 26
1630830226.160 47 50 40 43 27 31 22
1630830226.409 47 47 41 39 26 26 24
1630830226.660 44 52 42 41 26 30 26
1630830226.909 46 50 41 42 25 32 23
1630830227.159 45 51 40 40 29 26 27
1630830227.408 46 49 41 39 29 29 26
1630830227.659 45 51 41 41 28 27 26
1630830227.913 46 49 41 42 28 26 27
1630830228.160 48 48 40 41 26 28 27
1630830228.408 48 50 42 42 28 28 25
1630830228.659 45 49 39 40 27 26 25
1630830228.908 47 50 40 40 25 28 29
1630830229.159 46 49 39 40 27 26 26
1630830229.409 48 50 42 41 25 28 25
1630830229.659 47 48 38 40 28 27 25
1630830229.910 46 50 40 41 26 27 27
1630830230.160 46 48 42 44 26 26 26
1630830230.411 44 49 42 42 30 26 25
1630830230.663 45 52 42 42 27 28 26
1630830230.911 46 50 40 39 25 26 27
1630830231.163 44 50 39 42 29 25 27
1630830231.413 47 49 40 40 26 25 24
1630830231.661 45 52 43 42 26 25 24
1630830231.912 47 50 43 39 26 25 24
1630830232.162 48 49 40 41 25 25 25
1630830232.412 48 52 40 40 25 25 28
1630830232.663 46 50 41 40 26 24 26
1630830232.909 46 51 45 43 26 24 25
1630830233.160 45 51 43 40 27 25 26
1630830233.413 45 49 39 41 27 23 26
1630830233.662 46 51 39 41 25 23 26
1630830233.911 49 49 41 39 26 24 26
1630830234.162 46 51 41 40 28 25 25
1630830234.410 47 50 39 41 26 24 26
1630830234.658 45 50 42 43 28 24 24
1630830234.911 46 51 44 43 27 24 27
1630830235.161 45 49 40 38 29 23 26
1630830235.409 48 50 44 41 26 23 26
1630830235.669 44 50 41 40 29 23 25
1630830235.912 46 50 39 42 29 25 26
1630830236.162 46 50 43 40 27 25 25
1630830236.414 46 50 41 44 25 24 25
1630830236.663 45 48 44 41 27 24 26
1630830236.912 47 50 42 41 26 24 25
1630830237.161 45 52 41 40 25 25 27
1630830237.415 48 49 40 41 27 23 27
1630830237.662 48 48 39 41 28 24 25
1630830237.912 46 51 42 41 28 24 26
1630830238.160 47 51 41 40 29 25 26
1630830238.412 47 49 41 42 28 23 29
1630830238.661 43 50 43 42 27 24 27
1630830238.911 47 50 44 41 28 24 28
1630830239.167 45 50 40 41 27 22 27
1630830239.412 46 50 39 41 24 25 26
1630830239.663 44 50 41 40 27 24 28
1630830239.914 45 50 42 41 26 21 23
1630830240.160 46 52 42 39 26 23 23
1630830240.409 46 49 40 40 27 25 23
1630830240.659 46 51 41 40 25 23 21
1630830240.909 46 48 42 40 29 23 20
1630830241.159 44 50 40 41 26 22 25
1630830241.410 46 48 40 41 26 23 25
1630830241.659 46 48 39 41 25 24 21
1630830241.910 47 51 41 40 25 22 20
1630830242.160 45 49 39 40 28 22 27
1630830242.411 45 49 41 40 25 25 22
1630830242.659 46 46 39 41 27 25 21
1630830242.916 45 45 40 40 26 25 22
1630830243.161 45 47 41 40 25 24 24
1630830243.415 45 48 41 41 26 27 24
1630830243.659 45 45 41 40 28 29 26
1630830243.909 47 45 42 38 26 27 28
1630830244.158 43 47 40 42 28 28 25
1630830244.408 46 45 41 39 27 28 25
1630830244.659 47 46 41 42 26 25 26
1630830244.915 45 46 40 36 26 28 26
1630830245.160 48 45 42 41 27 26 26
1630830245.409 46 46 42 39 26 26 25
1630830245.661 46 48 41 38 27 26 28
1630830245.910 47 46 41 39 27 26 26
1630830246.160 49 45 41 39 27 28 26
1630830246.410 47 46 39 41 27 26 26
1630830246.659 49 45 40 40 26 26 28
1630830246.911 46 45 39 39 27 26 27
1630830247.165 46 44 40 39 26 25 26
1630830247.412 48 45 40 40 27 27 26
1630830247.666 44 47 40 40 26 25 29
1630830247.911 46 46 40 40 27 26 28
1630830248.165 47 47 40 39 28 26 26
1630830248.411 45 46 39 41 28 26 28
1630830248.667 47 44 41 38 25 25 26
1630830248.916 46 44 38 41 29 25 29
1630830249.163 44 44 42 42 28 25 27
1630830249.410 50 47 41 41 27 25 26
1630830249.662 45 45 42 39 26 26 27
1630830249.914 46 46 41 37 25 27 25
1630830250.164 46 46 40 41 29 27 26
1630830250.412 45 45 40 38 28 28 26
1630830250.663 45 45 39 40 26 27 26
1630830250.915 45 47 40 44 26 27 25
1630830251.162 46 45 40 37 27 28 25
1630830251.410 45 45 39 41 26 25 25
1630830251.661 47 45 42 40 27 25 25
1630830251.910 46 45 40 39 26 26 26
1630830252.160 46 48 40 41 26 27 26
1630830252.410 46 46 40 38 26 27 27
1630830252.662 45 46 40 41 27 26 26
1630830252.909 45 45 42 40 28 25 27
1630830253.163 46 47 39 40 27 25 26
1630830253.409 47 47 40 41 28 26 27
1630830253.661 44 50 41 43 27 29 25
1630830253.912 45 50 42 40 26 26 25
1630830254.162 46 51 41 42 27 26 24
1630830254.410 46 49 41 40 27 25 29
1630830254.663 45 53 41 42 27 26 28
1630830254.911 47 49 40 39 27 26 25
1630830255.161 46 50 41 42 26 25 25
1630830255.411 44 48 41 41 31 27 26
1630830255.665 48 50 41 41 27 27 27
1630830255.914 48 51 41 41 28 27 24
1630830256.165 46 47 41 40 27 27 25
1630830256.413 45 45 41 37 27 28 25
1630830256.660 47 45 40 43 26 28 25
1630830256.914 46 48 40 38 27 25 25
1630830257.164 46 47 38 40 27 25 25
1630830257.412 46 46 40 37 27 25 27
1630830257.662 45 46 41 41 26 26 24
1630830257.910 45 48 41 41 26 27 26
1630830258.162 45 45 40 38 27 24 26
1630830258.413 46 48 41 40 26 25 27
1630830258.661 46 47 41 39 27 29 25
1630830258.910 47 51 44 43 30 30 26
1630830259.164 45 52 41 40 29 25 24
1630830259.413 47 52 41 40 27 24 26
1630830259.662 47 51 41 42 29 26 25
1630830259.912 46 50 42 40 28 26 26
1630830260.164 47 48 42 40 26 24 26
1630830260.412 48 51 42 39 29 25 26
1630830260.662 47 52 41 42 27 27 26
1630830260.910 46 47 42 38 27 31 26
1630830261.165 46 47 42 41 28 25 26
1630830261.412 45 46 38 40 27 26 26
1630830261.662 46 46 39 39 28 27 31
1630830261.912 46 46 41 41 26 25 26
1630830262.161 45 44 40 39 26 26 26
1630830262.410 46 45 43 38 27 24 26
1630830262.661 44 47 41 39 28 25 27
1630830262.910 47 46 42 40 28 24 27
1630830263.160 45 46 41 40 27 25 26
1630830263.409 46 48 39 38 28 27 25
1630830263.659 46 44 39 40 26 26 26
1630830263.909 44 47 41 42 26 26 25
1630830264.161 45 46 40 40 28 25 26
1630830264.409 45 48 42 39 27 24 24
1630830264.660 45 45 43 38 28 26 26
1630830264.910 46 44 42 39 27 25 26
1630830265.161 46 47 41 40 28 26 26
1630830265.411 47 44 40 39 27 26 24
1630830265.660 45 48 42 42 27 27 25
1630830265.909 46 47 39 41 26 28 25
1630830266.159 47 49 41 43 26 29 26
1630830266.409 45 49 39 41 27 28 25
1630830266.659 48 50 40 39 29 28 26
1630830266.911 48 51 42 41 27 27 25
1630830267.162 46 50 43 40 27 28 26
1630830267.410 46 51 41 41 29 29 26
1630830267.666 45 50 41 39 29 28 28
1630830267.915 45 51 42 42 28 29 25
1630830268.163 43 48 40 39 26 26 25
1630830268.416 48 44 41 41 26 27 27
1630830268.661 45 44 40 40 29 26 26
1630830268.911 48 46 39 39 27 27 24
1630830269.162 47 46 40 39 28 29 26
1630830269.414 48 45 38 39 28 25 26
1630830269.662 46 45 40 40 28 28 28
1630830269.913 45 48 40 40 28 26 26
1630830270.162 48 46 41 40 26 27 26
1630830270.410 45 47 39 40 26 25 27
1630830270.662 48 47 42 40 26 25 24
1630830270.912 45 48 40 41 26 27 26
1630830271.161 47 44 42 38 26 27 27
1630830271.410 45 44 40 39 26 27 25
1630830271.662 46 47 41 42 28 28 26
1630830271.910 46 48 42 39 28 29 25
1630830272.161 45 51 41 41 28 27 25
1630830272.410 46 49 42 44 29 28 27
1630830272.659 48 48 42 43 28 28 28
1630830272.909 44 49 42 41 29 28 26
1630830273.160 47 49 44 42 28 27 24
1630830273.409 45 51 43 43 28 29 26
1630830273.661 47 50 44 41 28 28 26
1630830273.911 46 53 40 41 28 29 25
1630830274.161 47 47 39 40 26 28 24
1630830274.412 46 48 40 42 27 27 27
1630830274.664 47 45 42 40 27 27 26
1630830274.913 45 48 41 40 27 29 28
1630830275.167 46 47 40 41 25 27 26
1630830275.412 45 48 41 38 27 26 28
1630830275.663 49 45 41 40 28 26 26
1630830275.911 45 44 39 41 27 27 24
1630830276.163 46 48 41 39 27 24 25
1630830276.415 46 46 43 41 28 27 27
1630830276.660 47 47 41 38 26 27 26
1630830276.913 46 46 42 39 28 25 26
1630830277.164 47 46 40 41 27 27 27
1630830277.413 44 46 40 39 27 26 25
1630830277.663 45 46 40 42 27 26 26
1630830277.913 45 48 40 40 28 26 27
1630830278.163 46 45 40 40 25 27 24
1630830278.415 49 47 41 42 28 26 25
1630830278.662 44 45 41 39 26 25 25
1630830278.912 46 48 39 40 27 27 27
1630830279.162 43 45 39 39 27 26 28
1630830279.412 45 46 39 40 27 29 25
1630830279.662 46 48 40 42 27 26 26
1630830279.910 47 48 42 41 28 27 25
1630830280.162 46 46 41 39 26 25 25
1630830280.414 47 45 40 42 26 26 26
1630830280.662 45 44 40 41 27 28 28
1630830280.910 46 49 42 39 26 26 26
1630830281.162 47 48 40 41 27 25 26
1630830281.410 45 47 39 42 28 26 28
1630830281.661 46 47 39 39 27 26 27
1630830281.911 47 46 43 40 26 28 29
1630830282.162 47 47 39 40 28 26 26
1630830282.409 46 46 42 38 29 26 25
1630830282.662 46 46 39 40 30 28 29
1630830282.910 46 45 40 40 28 26 28
1630830283.160 45 45 40 40 28 28 25
1630830283.410 47 45 39 40 25 26 25
1630830283.661 47 45 39 40 29 24 28
1630830283.910 47 45 41 41 27 25 25
1630830284.160 48 43 43 42 27 26 28
1630830284.414 44 46 41 43 29 24 27
1630830284.660 46 45 41 40 28 26 26
1630830284.911 47 46 39 42 30 26 27
1630830285.161 43 46 40 39 27 28 28
1630830285.410 49 46 42 39 29 26 26
1630830285.661 46 48 40 39 26 30 27
1630830285.910 46 48 40 38 27 26 25
1630830286.162 45 47 40 38 28 29 26
1630830286.411 47 47 40 41 27 25 24
1630830286.660 44 47 42 39 26 27 24
1630830286.910 46 46 41 40 29 29 25
1630830287.161 46 48 41 41 29 29 25
1630830287.411 47 45 41 40 29 26 26
1630830287.661 49 46 42 39 29 26 24
1630830287.911 45 45 40 40 29 27 26
1630830288.162 46 46 40 40 27 26 27
1630830288.413 45 47 41 41 27 28 26
1630830288.662 43 47 41 40 28 27 27
1630830288.913 46 47 40 41 27 28 27
1630830289.163 47 46 41 39 28 30 25
1630830289.412 44 46 43 39 27 26 26
1630830289.666 45 48 43 42 28 26 24
1630830289.914 44 46 40 38 26 28 30
1630830290.164 46 45 41 41 28 25 25
1630830290.416 47 44 41 37 27 26 27
1630830290.661 45 46 39 39 26 27 24
1630830290.913 47 47 40 40 26 26 25
1630830291.165 46 45 39 39 26 24 25
1630830291.413 47 47 39 39 25 26 27
1630830291.664 47 44 39 40 27 25 25
1630830291.910 46 46 39 42 28 25 27
1630830292.160 46 45 40 38 27 24 26
1630830292.411 46 47 43 40 27 26 26
1630830292.661 46 45 40 40 28 25 25
1630830292.912 48 46 40 41 28 26 26
1630830293.165 47 45 41 40 27 25 25
1630830293.416 46 47 41 40 27 24 25
1630830293.663 43 46 40 38 26 24 26
1630830293.913 46 47 42 40 27 26 26
1630830294.161 45 47 40 41 28 26 27
1630830294.411 47 45 40 40 27 26 26
1630830294.663 46 46 40 39 27 26 27
1630830294.913 46 44 41 40 26 27 27
1630830295.165 46 46 41 40 28 26 26
1630830295.413 46 45 40 42 28 26 26
1630830295.664 45 48 41 37 26 25 25
1630830295.913 45 46 39 41 26 27 25
1630830296.164 48 46 43 38 25 26 25
1630830296.413 47 49 41 40 28 25 25
1630830296.663 46 48 39 40 26 26 25
1630830296.916 45 45 41 38 26 24 26
1630830297.164 47 46 41 40 28 25 28
1630830297.414 47 44 41 40 28 27 27
1630830297.663 49 45 40 38 27 25 27
1630830297.914 46 46 42 41 27 25 26
1630830298.167 46 46 41 40 27 26 27
1630830298.411 46 47 42 40 28 24 25
1630830298.662 47 46 42 40 28 25 26
1630830298.913 47 46 41 40 29 26 28
1630830299.164 48 47 40 40 28 25 24
1630830299.413 48 45 40 41 27 25 27
1630830299.661 46 44 38 39 29 25 25
1630830299.913 46 46 42 40 28 26 25
1630830300.164 44 46 39 40 30 27 27
1630830300.411 45 47 39 38 28 24 26
1630830300.661 46 48 41 38 28 26 28
1630830300.912 47 45 39 40 29 26 25
1630830301.161 43 46 39 42 28 24 26
1630830301.411 47 44 41 41 28 24 27
1630830301.662 45 46 40 39 26 25 27
1630830301.912 46 44 39 39 28 26 26
1630830302.162 46 48 41 39 27 27 26
1630830302.410 44 45 40 39 26 26 25
1630830302.661 45 46 39 37 27 26 24
1630830302.911 46 46 41 40 27 27 25
1630830303.162 45 46 41 38 26 29 26
1630830303.412 46 46 40 37 27 26 24
1630830303.662 47 45 39 38 26 27 25
1630830303.911 44 45 42 41 26 26 26
1630830304.163 44 47 38 40 27 25 25
1630830304.411 46 45 40 41 28 23 25
1630830304.661 46 45 39 38 26 25 27
1630830304.911 47 47 39 38 27 25 26
1630830305.164 46 44 40 39 27 28 27
1630830305.414 45 47 40 41 28 26 25
1630830305.665 46 48 40 42 28 26 24
1630830305.917 46 46 40 39 28 25 27
1630830306.166 46 46 41 40 29 26 27
1630830306.413 47 43 41 40 29 25 26
1630830306.662 46 45 39 40 27 25 29
1630830306.915 47 45 40 41 26 26 27
1630830307.164 50 44 41 40 26 24 25
1630830307.412 47 47 41 40 26 26 25
1630830307.660 46 47 42 39 27 25 25
1630830307.913 45 46 43 38 27 25 25
1630830308.162 44 47 42 40 26 25 26
1630830308.411 47 45 40 41 28 25 28
1630830308.661 45 46 42 40 26 27 25
1630830308.913 45 46 41 40 27 26 27
1630830309.162 48 45 40 41 27 25 25
1630830309.413 45 46 41 44 28 27 27
1630830309.664 46 46 38 43 27 26 29
1630830309.915 46 47 41 42 26 25 27
1630830310.166 46 44 41 40 26 25 27
1630830310.415 45 45 40 41 27 27 25
1630830310.664 43 50 40 41 28 26 24
1630830310.911 46 47 40 40 27 26 25
1630830311.162 48 46 40 43 27 29 25
1630830311.411 46 47 41 38 28 25 26
1630830311.664 47 45 40 40 28 26 27
1630830311.918 46 47 42 42 26 26 26
1630830312.164 47 45 39 40 26 27 25
1630830312.416 48 45 40 38 26 28 26
1630830312.664 46 47 42 40 28 25 25
1630830312.912 47 47 41 41 27 25 25
1630830313.164 45 49 40 39 27 24 27
1630830313.414 46 47 40 41 27 26 25
1630830313.662 44 45 41 41 26 27 28
1630830313.914 46 46 38 42 29 25 27
1630830314.163 46 47 41 40 27 26 26
1630830314.412 47 45 41 41 28 24 26
1630830314.664 48 48 42 39 26 26 26
1630830314.916 45 46 42 40 27 26 27
1630830315.162 48 47 41 40 28 24 26
1630830315.414 46 46 39 40 26 26 26
1630830315.661 44 46 42 40 26 25 25
1630830315.913 46 44 39 38 27 24 26
1630830316.161 46 46 41 39 26 26 28
1630830316.414 47 46 39 39 28 25 25
1630830316.661 46 45 39 37 27 27 27
1630830316.912 46 46 39 42 27 26 26
1630830317.163 46 46 39 40 27 27 26
1630830317.411 48 47 42 41 27 25 28
1630830317.661 46 47 43 40 26 25 26
1630830317.911 44 47 40 39 27 23 27
1630830318.161 46 46 40 40 28 26 25
1630830318.412 46 47 41 40 28 25 27
1630830318.662 47 46 40 40 28 27 26
1630830318.911 44 48 40 40 28 25 26
1630830319.162 49 48 41 41 28 26 26
1630830319.412 46 45 41 40 27 26 28
1630830319.661 45 47 39 40 29 27 28
1630830319.912 47 46 40 41 28 26 26
1630830320.163 46 48 38 40 28 26 26
1630830320.411 45 45 40 39 28 26 25
1630830320.661 45 48 41 38 28 26 25
1630830320.911 45 46 40 40 27 25 27
1630830321.161 46 45 40 41 28 24 27
1630830321.412 44 46 39 40 25 27 25
1630830321.662 46 46 41 41 27 26 26
1630830321.913 47 46 42 38 29 24 25
1630830322.163 47 45 41 40 29 25 25
1630830322.413 47 48 41 40 28 26 27
1630830322.663 44 45 39 40 26 26 28
1630830322.913 44 46 42 39 26 26 27
1630830323.165 46 47 43 40 28 25 27
1630830323.414 45 50 43 42 29 26 26
1630830323.665 46 45 42 40 27 25 27
1630830323.914 46 47 39 38 27 24 26
1630830324.166 44 44 40 39 28 25 25
1630830324.415 47 47 38 39 28 26 27
1630830324.665 47 45 41 40 28 26 27
1630830324.915 44 47 40 38 28 25 26
1630830325.162 46 45 39 38 30 25 26
1630830325.412 48 45 39 39 26 25 26
1630830325.665 48 47 40 40 27 26 26
1630830325.911 46 45 40 40 28 25 28
1630830327.543 47 46 42 40 30 27 26
1630830327.903 45 44 40 38 28 25 28
1630830327.952 46 46 38 39 27 25 26
1630830328.282 45 46 40 41 28 26 28
1630830328.416 49 45 41 40 26 26 25
1630830328.625 47 49 41 39 27 25 24
1630830328.650 47 47 40 41 27 26 24
1630830328.678 46 45 41 40 27 25 25
1630830328.737 46 46 41 40 27 26 27
1630830328.749 48 46 41 41 29 28 26
1630830328.762 47 47 39 40 27 25 25
1630830328.912 46 46 42 40 31 27 25
1630830329.161 47 44 42 40 28 28 25
1630830329.412 48 45 41 39 28 24 26
1630830329.665 44 48 41 40 28 27 28
1630830329.916 47 48 40 40 26 27 25
1630830330.175 46 44 40 39 28 26 26
1630830330.412 45 47 41 38 27 25 25
1630830330.665 48 45 40 39 27 26 26
1630830330.915 47 45 40 42 28 27 26
1630830331.163 46 46 40 40 27 25 25
1630830331.411 46 47 42 41 30 26 24
1630830331.664 46 47 41 41 30 25 25
1630830331.916 45 47 44 40 28 26 26
1630830332.165 46 45 39 39 28 27 27
1630830332.416 46 47 41 40 31 27 25
1630830332.662 47 49 39 41 28 25 27
1630830332.913 45 47 41 39 28 25 25
1630830333.161 47 48 40 37 29 27 25
1630830333.412 45 44 39 41 26 25 27
1630830333.661 47 44 39 39 28 27 26
1630830333.914 46 47 40 40 27 29 25
1630830334.161 45 47 39 40 28 25 25
1630830334.411 45 44 43 39 30 26 28
1630830334.683 47 48 40 41 28 24 25
1630830334.954 46 47 41 42 28 25 24
1630830335.247 47 48 41 38 29 25 26
1630830335.411 46 45 39 41 28 26 25
1630830335.661 47 48 42 39 27 25 27
1630830335.912 44 47 42 41 29 26 26
1630830336.162 46 47 40 41 28 24 27
1630830336.413 47 45 41 41 27 25 26
1630830336.662 47 46 41 42 26 26 24
1630830336.912 48 47 40 39 28 25 25
1630830337.163 47 44 40 41 27 25 26
1630830337.413 45 46 39 39 27 26 27
1630830337.663 47 46 40 40 28 24 29
1630830337.913 47 47 39 39 29 24 26
1630830338.164 48 46 40 39 30 26 25
1630830338.414 47 47 41 39 27 24 24
1630830338.664 46 48 40 40 26 28 26
1630830338.915 45 46 41 38 26 26 25
1630830339.164 45 45 38 41 27 25 26
1630830339.416 47 45 41 40 27 26 26
1630830339.666 47 45 40 40 27 26 26
1630830339.916 45 46 39 38 27 26 27
1630830340.165 44 49 40 40 26 25 25
1630830340.413 45 46 42 41 26 28 25
1630830340.664 45 46 40 41 28 26 24
1630830340.913 46 45 40 40 28 26 27
1630830341.162 48 44 42 40 27 26 27
1630830341.414 48 47 39 41 29 27 26
1630830341.662 46 44 41 38 28 24 25
1630830341.913 47 46 40 40 28 25 25
1630830342.166 46 46 42 40 29 26 27
1630830342.412 46 45 39 41 29 25 26
1630830342.666 45 46 41 40 28 26 26
1630830342.920 45 45 39 40 28 25 25
1630830343.165 46 45 40 40 30 25 25
1630830343.413 46 47 42 41 30 27 27
1630830343.662 46 46 41 40 28 25 25
1630830343.915 45 45 41 40 28 26 25
1630830344.164 46 45 41 40 27 25 24
1630830344.413 46 47 41 38 29 24 27
1630830344.663 47 48 41 41 29 25 26
1630830344.918 49 47 40 38 30 26 25
1630830345.168 46 47 42 38 29 26 25
1630830345.415 45 45 41 40 29 24 29
1630830345.665 44 46 39 37 27 24 26
1630830345.915 46 47 40 41 30 27 26
1630830346.164 44 46 39 39 26 27 27
1630830346.414 46 46 41 40 27 25 26
1630830346.665 47 45 40 41 28 25 26
1630830346.915 46 47 41 41 27 25 27
1630830347.164 45 46 40 41 28 26 27
1630830347.415 48 47 40 38 27 27 25
1630830347.663 48 46 40 42 27 26 25
1630830347.913 49 44 40 40 28 25 28
1630830348.164 46 46 43 43 27 26 28
1630830348.413 46 47 39 39 29 24 25
1630830348.664 44 47 41 40 26 25 27
1630830348.913 46 46 39 40 26 25 26
1630830349.163 45 45 39 39 30 26 25
1630830349.412 45 48 42 39 29 26 25
1630830349.662 46 47 42 40 27 27 27
1630830349.913 46 47 40 39 28 27 25
1630830350.163 46 46 40 39 27 26 25
1630830350.412 45 47 41 39 28 25 28
1630830350.662 46 46 38 40 29 25 26
1630830350.913 45 48 41 38 28 26 26
1630830351.163 45 47 41 41 27 27 25
1630830351.412 46 46 39 39 27 25 25
1630830351.666 45 45 40 41 27 24 26
1630830351.914 47 45 40 43 28 25 26
1630830352.165 46 46 41 38 28 26 27
1630830352.413 47 48 38 40 29 26 27
1630830352.663 44 47 41 42 28 25 26
1630830352.913 45 45 39 39 28 27 27
1630830353.164 46 45 41 40 28 26 26
1630830353.415 48 46 40 40 29 26 25
1630830353.665 44 47 41 40 27 24 24
1630830353.913 46 45 41 41 28 26 25
1630830354.163 46 47 41 40 27 25 25
1630830354.414 46 46 38 42 28 25 24
1630830354.666 47 46 40 38 27 27 24
1630830354.915 47 45 41 40 29 25 27
1630830355.163 46 46 40 40 26 25 25
1630830355.419 46 47 41 39 27 26 27
1630830355.664 47 45 39 39 25 25 26
1630830355.918 48 45 41 38 28 26 26
1630830356.163 47 48 40 40 26 25 26
1630830356.417 44 46 40 39 27 27 25
1630830356.665 46 45 40 41 29 24 25
1630830356.915 46 47 40 38 27 28 25
1630830357.166 46 45 40 40 28 27 25
1630830357.413 46 45 39 40 29 25 26
1630830357.663 46 46 40 38 27 26 25
1630830357.914 47 45 40 40 28 25 26
1630830358.164 48 45 40 42 27 28 27
1630830358.413 47 45 41 40 26 26 26
1630830358.663 44 45 42 39 30 26 25
1630830358.913 48 46 42 41 28 24 25
1630830359.162 45 46 41 40 26 26 30
1630830359.412 47 45 41 37 26 25 26
1630830359.664 45 45 40 39 27 25 25
1630830359.914 49 46 41 39 28 25 26
1630830360.165 46 47 41 38 27 25 26
1630830360.417 45 45 42 39 28 26 26
1630830360.667 46 46 41 39 28 25 26
1630830360.917 48 46 39 39 28 26 26
1630830361.163 46 46 40 41 27 27 24
1630830361.413 48 45 40 38 25 25 26
1630830361.666 46 46 41 40 29 27 25
1630830361.919 45 45 40 40 27 25 24
1630830362.164 48 45 41 38 27 26 27
1630830362.414 44 45 40 39 30 28 26
1630830362.667 46 46 39 39 28 26 25
1630830362.915 45 46 40 40 29 25 26
1630830363.166 49 45 40 40 28 24 25
1630830363.417 47 46 41 38 28 27 25
1630830363.665 46 47 41 39 28 26 26
1630830363.916 44 46 41 40 28 26 26
1630830364.168 45 46 40 39 27 25 27
1630830364.417 45 48 41 38 27 26 24
1630830364.666 46 49 39 39 28 27 28
1630830364.914 47 47 40 39 29 26 26
1630830365.164 47 44 44 39 27 25 26
1630830365.416 44 46 42 38 27 25 27
1630830365.664 46 46 42 38 28 25 27
1630830365.913 44 48 39 39 28 25 25
1630830366.163 48 45 40 40 28 26 27
1630830366.413 44 46 39 40 27 24 27
1630830366.663 44 47 42 40 27 25 26
1630830366.914 45 45 40 39 26 27 25
1630830367.164 47 49 42 40 26 26 25
1630830367.413 44 45 41 38 27 25 26
1630830367.663 47 45 43 38 28 26 25
1630830367.913 45 45 40 39 29 25 25
1630830368.163 48 45 41 40 28 26 26
1630830368.415 50 46 41 41 29 24 24
1630830368.664 46 46 39 41 26 24 27
1630830368.912 47 46 39 38 29 27 24
1630830369.164 45 45 41 41 27 23 27
1630830369.412 45 47 41 41 27 26 28
1630830369.664 46 46 41 38 29 26 26
1630830369.913 47 45 39 40 28 24 28
1630830370.166 46 45 39 37 27 27 27
1630830370.413 46 45 40 38 28 24 26
1630830370.662 46 46 43 39 29 27 26
1630830370.913 48 44 40 40 30 27 26
1630830371.163 46 46 40 40 25 26 25
1630830371.414 45 46 40 39 26 24 26
1630830371.663 46 46 39 40 28 24 24
1630830371.914 45 46 40 42 28 27 26
1630830372.163 46 44 42 41 26 24 26
1630830372.414 46 46 41 39 28 23 26
1630830372.665 44 47 41 40 27 25 26
1630830372.915 46 46 40 38 29 25 26
1630830373.169 47 45 41 39 27 26 29
1630830373.417 47 46 42 38 26 27 26
1630830373.666 47 44 40 38 30 25 26
1630830373.917 46 45 39 41 28 25 26
1630830374.169 47 47 42 40 28 24 24
1630830374.419 46 45 41 41 29 25 26
1630830374.665 47 46 41 38 28 26 25
1630830374.914 46 47 45 40 27 26 25
1630830375.166 46 49 38 40 27 26 27
1630830375.415 46 47 41 38 25 24 27
1630830375.667 44 46 40 42 27 24 26
1630830375.915 45 47 40 40 29 24 26
1630830376.163 48 45 39 40 27 27 27
1630830376.413 45 45 40 40 28 26 27
1630830376.664 45 46 40 41 27 26 25
1630830376.916 46 47 39 38 27 26 25
1630830377.163 47 46 39 38 27 26 25
1630830377.415 45 47 41 39 27 25 24
1630830377.663 45 44 40 39 29 27 23
1630830377.913 49 46 39 39 29 26 28
1630830378.164 45 47 40 41 26 25 26
1630830378.414 46 46 40 42 28 25 26
1630830378.665 46 47 42 41 28 25 28
1630830378.917 47 45 39 41 27 26 28
1630830379.166 47 45 38 41 25 26 27
1630830379.421 45 46 41 38 26 27 26
1630830379.665 45 46 41 39 28 25 26
1630830379.913 46 46 43 39 28 25 26
1630830380.163 50 47 40 41 28 26 27
1630830380.414 47 46 39 42 27 26 27
1630830380.667 46 47 40 38 29 27 25
1630830380.916 45 47 41 41 28 26 25
1630830381.166 44 45 38 40 26 25 29
1630830381.414 45 47 40 38 29 27 26
1630830381.666 45 45 41 40 26 25 24
1630830381.917 44 47 40 39 26 27 26
1630830382.166 48 48 41 39 27 29 26
1630830382.417 46 47 40 39 27 25 25
1630830382.667 45 42 41 42 28 25 26
1630830382.918 46 46 39 41 27 26 26
1630830383.166 45 46 41 41 30 27 25
1630830383.415 45 46 40 39 28 24 24
1630830383.666 46 46 41 38 27 25 26
1630830383.917 49 46 39 42 29 25 24
1630830384.167 46 45 41 40 27 25 28
1630830384.415 44 46 40 39 28 24 25
1630830384.668 46 46 40 40 28 27 27
1630830384.914 47 46 40 39 28 24 24
1630830385.166 45 48 39 38 29 24 26
1630830385.414 44 46 40 39 27 24 26
1630830385.665 46 44 40 42 29 25 26
1630830385.913 47 47 40 42 27 25 25
1630830386.163 48 45 39 42 28 24 26
1630830386.414 46 46 41 40 26 24 26
1630830386.663 48 46 39 40 27 26 25
1630830386.913 47 48 41 40 26 25 27
1630830387.164 48 46 39 39 26 26 26
1630830387.413 46 47 42 40 26 27 26
1630830387.665 47 46 41 40 29 27 23
1630830387.915 44 46 41 41 27 25 28
1630830388.165 46 47 40 41 27 25 25
1630830388.414 46 45 41 41 28 24 26
1630830388.664 49 46 40 39 26 24 25
1630830388.914 45 46 41 40 25 25 29
1630830389.164 46 47 41 40 30 26 24
1630830389.414 47 46 40 39 28 25 27
1630830389.664 44 47 43 39 27 25 30
1630830389.914 49 46 40 40 28 24 25
1630830390.164 46 45 40 39 29 25 26
1630830390.415 47 46 41 38 28 24 24
1630830390.664 46 45 40 38 29 25 27
1630830390.916 44 49 40 39 28 25 27
1630830391.165 43 46 38 40 27 25 24
1630830391.417 46 46 41 39 26 26 26
1630830391.666 44 48 40 38 28 25 25
1630830391.920 46 46 42 41 27 24 26
1630830392.166 46 46 40 41 29 27 25
1630830392.420 46 45 39 41 28 29 26
1630830392.664 47 45 39 40 27 25 26
1630830392.918 45 46 41 41 26 25 28
1630830393.168 44 44 39 40 28 24 25
1630830393.417 47 46 41 39 28 27 26
1630830393.668 43 47 41 38 26 27 26
1630830393.916 46 46 40 39 28 27 27
1630830394.166 46 47 41 43 25 26 25
1630830394.414 46 46 40 38 26 27 25
1630830394.665 49 45 39 38 28 27 26
1630830394.916 45 45 43 41 26 25 25
1630830395.164 46 46 40 40 25 27 28
1630830395.413 47 46 41 41 28 27 27
1630830395.665 45 45 41 39 28 25 28
1630830395.915 45 50 40 40 29 25 27
1630830396.165 46 46 40 40 28 25 26
1630830396.415 46 46 41 38 27 25 24
1630830396.667 47 48 40 41 28 25 27
1630830396.917 47 46 42 39 28 25 27
1630830397.168 45 46 42 38 27 25 25
1630830397.418 48 50 41 40 28 25 26
1630830397.664 48 47 41 39 28 24 26
1630830397.914 46 46 42 39 27 26 25
1630830398.165 46 46 40 40 28 24 26
1630830398.414 50 47 41 40 27 26 27
1630830398.668 46 50 39 39 29 26 26
1630830398.917 45 45 42 39 26 25 25
1630830399.166 44 45 42 40 27 25 26
1630830399.415 46 47 40 39 28 26 26
1630830399.667 47 46 41 42 28 25 26
1630830399.915 47 46 40 39 25 26 30
1630830400.167 47 45 41 41 26 26 27
1630830400.416 45 46 40 42 26 23 25
1630830400.667 48 45 43 39 27 25 26
1630830400.917 47 47 41 44 29 25 26
1630830401.167 48 46 42 42 27 25 26
1630830401.417 46 48 41 38 26 25 27
1630830401.668 50 46 41 41 27 25 25
1630830401.917 46 46 38 42 27 25 27
1630830402.166 47 46 40 41 29 27 26
1630830402.416 44 47 43 38 26 27 26
1630830402.666 45 46 41 42 28 25 27
1630830402.916 44 46 39 39 30 26 25
1630830403.167 48 48 40 38 26 26 26
1630830403.416 45 47 40 40 30 24 24
1630830403.667 48 47 40 40 29 24 25
1630830403.914 46 45 43 41 27 25 26
1630830404.164 46 46 40 39 29 25 25
1630830404.414 45 46 39 41 26 26 27
1630830404.663 46 45 38 37 27 28 26
1630830404.914 49 46 39 41 28 25 28
1630830405.164 46 45 41 39 27 26 26
1630830405.414 48 45 40 39 28 26 26
1630830405.663 47 46 43 39 28 26 26
1630830405.914 45 47 40 39 26 26 27
1630830406.166 48 46 41 41 28 26 26
1630830406.415 47 46 44 40 27 25 26
1630830406.665 46 45 43 38 28 26 26
1630830406.915 45 46 42 40 27 25 27
1630830407.165 50 47 40 39 29 26 24
1630830407.414 45 46 42 40 28 24 25
1630830407.665 47 45 39 38 28 24 27
1630830407.914 45 45 40 37 27 25 26
1630830408.163 45 46 42 40 27 26 26
1630830408.414 46 45 38 39 28 25 28
1630830408.665 46 46 40 38 25 25 24
1630830408.914 47 45 39 40 27 27 25
1630830409.165 45 47 41 40 26 27 27
1630830409.415 45 45 39 39 26 25 25
1630830409.666 44 46 41 39 30 27 26
1630830409.916 46 48 38 41 29 26 28
1630830410.167 46 45 42 41 28 26 26
1630830410.416 45 45 40 40 27 26 27
1630830410.669 49 46 41 43 27 25 25
1630830410.915 45 45 39 40 26 24 25
1630830411.167 46 46 38 40 27 25 27
1630830411.416 47 46 41 39 27 25 25
1630830411.665 44 44 39 40 28 25 26
1630830411.919 47 46 40 41 28 26 26
1630830412.166 46 47 40 41 29 25 28
1630830412.415 46 45 39 40 28 24 26
1630830412.666 46 47 40 39 26 27 25
1630830412.915 47 45 41 39 26 26 26
1630830413.166 46 49 42 40 27 25 27
1630830413.417 45 49 39 39 27 26 26
1630830413.666 46 45 40 38 25 26 26
1630830413.915 47 45 42 39 28 26 26
1630830414.165 48 45 40 39 27 26 27
1630830414.414 46 46 40 42 26 26 29
1630830414.665 47 45 40 41 27 25 25
1630830414.914 46 47 41 40 26 25 25
1630830415.163 48 46 39 38 28 25 26
1630830415.415 46 45 40 39 29 26 26
1630830415.665 46 46 40 39 26 25 27
1630830415.916 46 47 42 39 28 26 27
1630830416.168 47 46 40 39 27 26 25
1630830416.419 47 48 41 39 28 27 25
1630830416.670 46 46 39 40 27 25 28
1630830416.921 47 46 38 41 28 25 26
1630830417.167 45 46 41 41 28 25 26
1630830417.414 47 46 40 41 26 26 26
1630830417.666 45 48 42 40 26 26 24
1630830417.917 47 45 41 40 26 27 26
1630830418.165 45 47 39 41 28 28 25
1630830418.415 45 46 41 40 27 26 26
1630830418.668 44 47 40 41 26 26 26
1630830418.917 48 47 39 40 27 27 26
1630830419.170 44 46 39 40 28 27 26
1630830419.418 45 47 40 41 25 27 25
1630830419.667 46 45 41 41 27 25 26
1630830419.917 47 50 39 40 28 25 26
1630830420.167 47 46 38 40 28 26 27
1630830420.416 45 44 41 39 28 25 26
1630830420.667 46 46 40 40 26 26 26
1630830420.917 47 46 40 37 26 26 25
1630830421.166 46 45 38 40 29 26 25
1630830421.416 47 47 41 41 26 25 26
1630830421.664 45 47 38 40 25 24 28
1630830421.915 47 46 41 39 26 25 26
1630830422.165 45 45 40 39 24 29 28
1630830422.415 45 46 42 40 26 26 25
1630830422.664 46 47 38 40 26 26 26
1630830422.914 46 46 40 41 27 28 27
1630830423.164 47 45 41 39 26 26 25
1630830423.414 47 46 41 40 27 27 26
1630830423.665 46 47 40 39 26 26 28
1630830423.917 47 47 41 40 28 30 27
1630830424.166 45 46 40 39 27 25 28
1630830424.417 47 45 40 42 27 24 26
1630830424.665 47 46 40 39 28 27 26
1630830424.916 45 47 40 41 27 26 26
1630830425.165 46 49 39 40 26 25 27
1630830425.416 47 47 41 39 28 28 25
1630830425.665 44 48 39 39 28 26 26
1630830425.916 47 46 40 40 25 26 26
1630830426.167 47 47 40 41 28 28 25
1630830426.418 46 46 39 42 27 25 25
1630830426.668 48 46 39 41 27 26 25
1630830426.916 46 46 40 41 29 26 26
1630830427.167 45 47 39 40 26 27 27
1630830427.421 47 47 39 41 29 28 27
1630830427.668 45 46 41 39 28 26 26
1630830427.919 47 45 40 40 28 26 26
1630830428.170 46 46 39 41 27 25 26
1630830428.419 46 45 42 38 26 26 26
1630830428.666 47 45 40 40 28 26 26
1630830428.918 47 48 40 40 28 24 25
1630830429.171 48 44 39 37 28 25 25
1630830429.416 46 46 40 40 27 26 25
1630830429.666 47 44 40 40 26 25 27
1630830429.916 47 46 38 39 27 25 25
1630830430.166 45 47 40 43 29 25 27
1630830430.418 45 46 41 40 27 26 26
1630830430.665 46 47 41 38 30 26 25
1630830430.916 48 45 39 39 29 25 25
1630830431.165 47 45 41 39 27 24 26
1630830431.414 45 46 41 40 27 24 27
1630830431.665 48 43 40 40 28 25 27
1630830431.915 47 45 39 40 27 24 25
1630830432.167 45 45 39 40 27 26 26
1630830432.415 47 47 40 38 26 26 26
1630830432.666 44 47 41 40 27 27 27
1630830432.919 47 45 40 40 27 25 25
1630830433.168 47 46 42 39 25 26 29
1630830433.419 44 48 41 40 26 25 25
1630830433.668 45 48 39 40 26 26 27
1630830433.915 48 45 41 39 26 25 27
1630830434.165 45 47 41 40 26 26 28
1630830434.415 48 45 38 42 28 26 25
1630830434.665 44 49 41 42 27 23 27
1630830434.916 46 45 40 40 26 26 26
1630830435.167 46 47 40 39 27 27 26
1630830435.417 48 47 41 40 26 26 27
1630830435.668 46 46 40 42 29 26 24
1630830435.918 44 45 39 39 27 24 25
1630830436.170 46 46 40 41 28 25 26
1630830436.417 46 45 40 40 25 26 27
1630830436.670 44 47 41 38 26 27 26
1630830436.916 44 46 42 41 26 28 31
1630830437.170 47 44 40 41 29 27 25
1630830437.419 45 48 40 41 27 26 25
1630830437.667 47 45 39 38 27 27 27
1630830437.917 46 47 40 40 28 26 26
1630830438.167 46 45 39 40 27 27 25
1630830438.417 45 46 41 39 26 26 25
1630830438.666 47 45 41 38 27 26 28
1630830438.915 46 45 40 42 29 25 25
1630830439.168 46 46 40 39 27 26 26
1630830439.416 44 47 40 39 26 26 26
1630830439.665 46 46 42 42 26 27 26
1630830439.917 43 45 39 38 28 27 26
1630830440.168 46 44 40 39 26 25 26
1630830440.416 44 49 40 40 28 27 27
1630830440.666 46 46 41 41 27 25 25
1630830440.917 46 46 39 40 27 26 27
1630830441.166 46 45 42 39 27 26 26
1630830441.416 46 47 39 38 27 26 26
1630830441.666 47 46 42 41 27 25 26
1630830441.918 46 46 39 40 29 26 25
1630830442.170 47 46 42 34 27 28 27
1630830442.416 46 46 41 40 28 25 27
1630830442.665 46 45 39 39 27 26 25
1630830442.915 46 45 41 41 27 25 26
1630830443.166 44 48 40 40 27 27 26
1630830443.416 46 46 42 38 27 25 25
1630830443.668 47 45 41 35 28 24 27
1630830443.916 45 45 41 41 27 26 26
1630830444.166 45 48 41 39 27 25 26
1630830444.419 48 45 39 40 26 25 26
1630830444.667 46 46 41 41 28 26 26
1630830444.917 45 46 40 45 27 25 26
1630830445.168 45 48 38 40 28 25 28
1630830445.418 46 46 40 39 26 25 25
1630830445.668 47 46 39 41 26 26 26
1630830445.916 45 46 41 41 26 25 25
1630830446.166 44 47 41 39 27 26 28
1630830446.417 45 46 40 38 26 26 27
1630830446.667 46 47 40 41 25 26 27
1630830446.919 43 45 40 41 27 25 26
1630830447.168 46 44 40 39 26 26 24
1630830447.417 46 46 39 40 30 26 26
1630830447.666 45 46 44 40 27 26 28
1630830447.918 46 44 39 42 26 25 26
1630830448.167 45 47 41 40 27 25 26
1630830448.415 46 50 41 40 27 25 27
1630830448.668 46 48 40 40 32 25 28
1630830448.918 47 47 40 41 26 26 27
1630830449.166 45 46 40 39 27 24 25
1630830449.415 47 46 40 42 27 26 25
1630830449.666 47 48 39 41 29 25 26
1630830449.917 48 45 41 41 26 24 28
1630830450.167 46 45 39 44 26 25 26
1630830450.418 46 47 40 39 28 25 25
1630830450.670 47 46 40 40 28 26 25
1630830450.920 47 46 41 41 26 24 25
1630830451.168 47 44 40 39 27 25 24
1630830451.416 45 45 42 43 29 27 25
1630830451.666 45 45 40 43 29 25 25
1630830451.915 48 48 41 40 26 25 26
1630830452.167 46 47 39 39 28 28 27
1630830452.419 46 48 39 39 28 28 24
1630830452.666 45 45 39 41 25 27 26
1630830452.919 47 46 39 40 28 26 27
1630830453.168 46 46 40 40 28 25 26
1630830453.418 47 46 40 39 27 28 27
1630830453.670 44 45 39 40 26 25 28
1630830453.918 45 46 41 40 26 25 27
1630830454.168 45 46 38 40 27 25 25
1630830454.418 46 46 40 40 27 25 28
1630830454.669 47 43 40 38 26 27 25
1630830454.919 46 50 41 42 28 25 28
1630830455.168 46 43 40 40 28 26 25
1630830455.418 48 46 40 39 26 26 27
1630830455.667 46 47 42 40 27 26 25
1630830455.919 47 46 40 37 28 27 28
1630830456.167 47 44 39 41 26 26 25
1630830456.416 44 45 43 40 27 26 25
1630830456.666 46 47 38 39 25 26 28
1630830456.916 46 46 41 42 28 26 26
1630830457.165 49 46 39 40 26 27 26
1630830457.416 46 48 39 39 26 26 26
1630830457.669 46 45 40 39 27 25 25
1630830457.916 45 45 39 37 26 26 29
1630830458.166 44 47 40 42 25 25 26
1630830458.415 45 46 42 39 29 26 26
1630830458.665 47 46 39 40 28 28 25
1630830458.916 46 46 40 39 27 24 24
1630830459.166 47 46 40 38 27 24 28
1630830459.420 46 46 39 39 25 25 27
1630830459.666 45 47 40 42 27 25 27
1630830459.922 45 46 42 41 28 24 28
1630830460.170 46 46 39 40 27 25 26
1630830460.416 46 46 39 40 26 24 26
1630830460.666 45 46 40 39 27 25 24
1630830460.916 45 45 40 40 26 24 25
1630830461.167 47 46 42 39 26 26 26
1630830461.417 46 45 39 40 27 25 28
1630830461.666 45 47 43 41 27 25 25
1630830461.915 45 46 39 39 27 24 26
1630830462.166 46 46 39 39 27 26 25
1630830462.416 46 45 40 38 25 26 27
1630830462.666 44 46 41 40 26 28 25
1630830462.917 46 46 38 40 28 25 28
1630830463.167 45 46 42 39 27 25 25
1630830463.417 45 46 41 42 26 26 29
1630830463.668 47 46 41 41 25 25 27
1630830463.917 47 48 41 39 29 25 26
1630830464.170 44 48 39 41 27 27 27
1630830464.419 46 45 41 40 26 26 26
1630830464.668 46 47 40 42 26 25 27
1630830464.921 50 46 39 39 27 26 27
1630830465.166 46 46 40 37 28 26 25
1630830465.417 46 46 43 41 29 26 26
1630830465.668 46 47 40 40 28 24 27
1630830465.918 45 45 41 40 26 28 27
1630830466.166 45 49 39 41 27 26 27
1630830466.416 46 45 39 38 27 27 26
1630830466.669 47 46 40 40 27 27 27
1630830466.916 45 46 41 39 27 26 26
1630830467.167 46 45 40 39 25 26 26
1630830467.417 46 46 40 39 28 25 28
1630830467.672 46 48 40 38 30 25 25
1630830467.921 46 47 39 40 29 27 27
1630830468.172 46 49 40 39 28 26 26
1630830468.417 46 46 39 39 28 27 27
1630830468.666 47 46 43 41 27 23 26
1630830468.916 46 46 39 40 26 25 25
1630830469.166 45 48 39 39 27 25 24
1630830469.421 43 46 39 38 28 24 25
1630830469.667 48 45 39 39 26 29 25
1630830469.916 45 47 39 38 26 23 27
1630830470.169 44 45 40 38 27 25 26
1630830470.418 47 45 41 40 28 25 27
1630830470.671 49 47 40 39 26 25 28
1630830470.918 47 48 41 39 25 27 25
1630830471.168 46 47 39 39 28 25 26
1630830471.419 46 46 41 40 26 26 24
1630830471.666 46 46 40 40 29 26 27
1630830471.916 48 44 39 40 27 24 27
1630830472.166 45 47 41 39 26 26 25
1630830472.417 47 47 40 38 26 26 27
1630830472.666 45 45 40 39 27 27 28
1630830472.916 47 47 40 40 26 24 27
1630830473.165 47 47 41 40 25 26 26
1630830473.418 46 46 41 40 27 26 29
1630830473.666 47 45 41 42 27 27 27
1630830473.916 46 45 40 39 27 25 25
1630830474.165 48 46 41 42 26 25 25
1630830474.417 46 46 39 42 26 25 26
1630830474.666 46 46 40 39 27 27 25
1630830474.917 46 48 40 39 30 27 25
1630830475.167 46 47 41 41 27 26 24
1630830475.419 44 44 40 40 26 26 26
1630830475.666 49 46 41 39 26 25 24
1630830475.916 47 46 40 40 26 25 26
1630830476.166 50 47 39 38 27 26 26
1630830476.416 45 44 40 42 28 25 26
1630830476.666 45 44 40 39 25 27 27
1630830476.916 46 46 41 41 28 25 25
1630830477.166 47 45 40 37 27 26 26
1630830477.416 47 44 39 39 25 25 26
1630830477.666 48 50 39 40 27 27 27
1630830477.916 47 46 39 41 30 24 27
1630830478.166 46 48 41 40 26 25 27
1630830478.417 47 48 41 39 29 25 25
1630830478.667 46 45 39 39 26 28 27
1630830478.917 45 46 39 39 26 25 27
1630830479.168 46 47 39 39 27 25 26
1630830479.415 45 47 43 39 26 27 24
1630830479.666 46 46 40 40 26 27 29
1630830479.916 48 46 40 40 27 24 28
1630830480.166 46 48 40 41 25 26 25
1630830480.417 47 46 38 39 25 24 28
1630830480.667 46 46 41 39 26 25 26
1630830480.916 46 45 41 39 27 26 25
1630830481.166 46 47 40 41 32 27 26
1630830481.417 46 47 39 39 28 25 26
1630830481.668 47 45 41 41 29 24 26
1630830481.917 46 47 41 40 28 28 27
1630830482.167 48 46 41 40 28 25 26
1630830482.417 46 45 41 39 28 24 25
1630830482.667 45 45 40 40 28 25 28
1630830482.917 46 48 40 39 26 23 26
1630830483.167 46 47 38 39 28 25 26
1630830483.420 45 45 43 39 28 25 26
1630830483.674 48 47 41 41 28 25 26
1630830483.922 44 48 40 43 29 26 26
1630830484.169 47 44 39 40 27 25 28
1630830484.418 48 47 41 40 26 25 26
1630830484.669 45 47 40 40 29 27 26
1630830484.920 46 48 41 39 28 28 27
1630830485.168 45 46 42 41 28 24 27
1630830485.418 46 46 43 42 28 26 25
1630830485.669 45 45 39 39 27 24 25
1630830485.923 48 45 39 38 28 25 26
1630830486.169 46 45 40 40 28 27 27
1630830486.421 46 45 41 40 27 26 25
1630830486.668 46 46 42 40 29 25 25
1630830486.917 47 45 40 40 29 26 28
1630830487.167 46 45 41 39 28 24 26
1630830487.420 46 46 43 42 28 27 26
1630830487.668 46 45 40 38 26 25 25
1630830487.919 45 46 41 42 29 25 26
1630830488.167 44 46 41 37 28 27 27
1630830488.418 46 48 39 40 28 25 26
1630830488.668 45 47 42 40 28 26 27
1630830488.917 44 45 41 40 29 26 27
1630830489.168 45 45 39 40 30 25 24
1630830489.418 49 47 40 41 29 25 26
1630830489.667 45 45 38 41 28 25 29
1630830489.917 47 46 40 41 28 24 25
1630830490.168 46 47 41 39 28 25 24
1630830490.419 47 47 41 40 28 23 25
1630830490.667 46 45 42 39 27 27 26
1630830490.917 44 45 40 41 26 25 26
1630830491.169 45 46 39 40 26 26 26
1630830491.419 46 46 40 40 28 25 25
1630830491.670 46 47 41 42 25 25 26
1630830491.922 48 45 38 40 28 29 25
1630830492.172 46 46 40 41 30 25 25
1630830492.420 48 46 39 41 28 26 26
1630830492.667 47 45 41 41 29 26 24
1630830492.919 48 45 39 43 27 24 28
1630830493.170 45 46 42 40 29 24 25
1630830493.419 46 46 39 40 27 25 26
1630830493.672 45 46 42 41 29 25 26
1630830493.920 46 49 41 40 28 27 25
1630830494.171 46 45 38 41 28 26 26
1630830494.420 46 47 40 39 27 26 25
1630830494.670 47 45 39 40 26 25 27
1630830494.919 44 46 40 40 29 25 26
1630830495.170 46 45 41 38 26 27 28
1630830495.419 47 46 39 41 28 25 25
1630830495.669 45 46 40 38 29 26 27
1630830495.919 47 45 41 43 27 29 26
1630830496.168 50 46 39 38 27 25 25
1630830496.418 45 46 41 40 30 24 27
1630830496.667 49 46 41 41 26 26 26
1630830496.918 47 48 42 42 28 24 25
1630830497.168 46 50 41 42 26 24 25
1630830497.416 45 49 41 42 26 23 23
1630830497.668 46 50 41 39 26 21 24
1630830497.917 45 49 40 42 26 22 25
1630830498.168 46 48 41 41 29 24 24
1630830498.416 47 51 41 41 28 24 23
1630830498.666 49 49 41 40 27 26 21
1630830498.921 45 50 41 42 28 22 24
1630830499.169 47 52 42 40 27 23 23
1630830499.418 45 49 43 42 27 23 22
1630830499.666 48 48 39 42 29 23 24
1630830499.917 46 49 41 40 27 24 23
1630830500.169 47 49 44 42 29 23 23
1630830500.419 46 50 39 42 27 22 23
1630830500.672 45 50 39 41 30 24 22
1630830500.921 47 51 42 41 29 23 23
1630830501.172 48 51 38 40 27 24 23
1630830501.421 45 51 41 39 25 24 23
1630830501.669 47 49 39 40 27 23 21
1630830501.919 49 52 40 41 28 26 25
1630830502.172 46 48 41 40 28 24 23
1630830502.421 45 48 41 42 27 23 26
1630830502.670 45 50 42 40 28 23 22
1630830502.922 47 51 42 40 27 24 22
1630830503.172 44 49 39 40 26 21 22
1630830503.420 48 51 42 40 29 24 23
1630830503.669 45 50 41 40 27 22 22
1630830503.919 47 51 42 40 25 22 22
1630830504.171 43 50 39 40 27 23 22
1630830504.421 46 51 41 41 26 26 24
1630830504.669 45 47 39 41 28 25 22
1630830504.919 46 45 39 41 28 25 22
1630830505.168 47 45 40 37 26 29 22
1630830505.417 46 45 41 40 28 29 24
1630830505.668 45 44 41 40 28 28 26
1630830505.918 45 47 42 39 30 29 27
1630830506.167 45 47 40 40 29 27 25
1630830506.418 47 46 39 40 27 27 27
1630830506.669 46 50 42 40 29 26 24
1630830506.921 46 47 41 40 31 28 25
1630830507.174 46 47 39 41 27 31 26
1630830507.420 47 47 40 39 30 32 26
1630830507.668 47 49 43 41 26 32 27
1630830507.917 47 45 40 41 26 28 25
1630830508.171 46 49 41 39 27 28 26
1630830508.420 45 47 39 39 30 33 25
1630830508.672 44 46 40 38 31 28 27
1630830508.918 47 47 40 39 29 26 27
1630830509.167 48 46 41 40 28 26 25
1630830509.420 45 46 38 39 27 25 26
1630830509.669 46 45 40 39 27 25 27
1630830509.920 47 47 41 40 26 26 25
1630830510.170 46 45 40 39 29 25 25
1630830510.423 46 46 39 41 27 25 26
1630830510.670 45 46 39 39 28 26 25
1630830510.920 44 45 41 41 28 26 26
1630830511.170 45 45 39 41 28 24 27
1630830511.417 46 46 40 38 27 25 25
1630830511.667 46 45 41 41 27 28 25
1630830511.920 46 46 42 40 28 25 25
1630830512.167 46 46 39 39 26 26 27
1630830512.417 46 45 42 39 27 26 26
1630830512.667 45 48 42 37 28 25 28
1630830512.917 47 46 40 42 28 24 25
1630830513.168 46 45 40 40 26 26 26
1630830513.417 45 46 40 40 28 25 28
1630830513.669 47 45 42 39 29 25 26
1630830513.918 48 48 39 40 29 25 27
1630830514.168 46 46 42 38 27 25 25
1630830514.418 47 46 41 40 26 25 29
1630830514.667 45 47 39 40 26 28 26
1630830514.916 46 46 40 40 27 25 25
1630830515.168 46 46 39 41 26 25 25
1630830515.419 45 45 40 40 29 27 26
1630830515.669 46 44 40 40 28 26 26
1630830515.918 47 47 39 41 27 25 26
1630830516.169 46 46 41 38 27 26 26
1630830516.418 47 48 41 39 27 25 26
1630830516.669 46 46 41 40 28 26 25
1630830516.920 46 47 40 40 28 25 24
1630830517.168 46 45 41 40 28 25 25
1630830517.417 48 47 40 38 28 26 25
1630830517.667 48 48 41 39 28 29 26
1630830517.917 43 45 40 40 26 26 25
1630830518.167 48 45 40 37 26 26 26
1630830518.419 46 49 37 38 28 27 26
1630830518.669 47 47 42 40 27 25 26
1630830518.919 45 47 40 37 28 25 26
1630830519.169 45 45 41 39 28 26 26
1630830519.419 48 48 40 40 26 25 26
1630830519.673 46 47 40 38 28 25 24
1630830519.920 47 45 40 39 28 26 28
1630830520.170 46 47 39 40 26 27 25
1630830520.419 44 46 39 40 29 25 25
1630830520.670 47 44 40 38 28 25 26
1630830520.920 45 47 41 38 27 26 25
1630830521.169 48 48 43 37 27 28 27
1630830521.420 46 47 40 39 27 25 27
1630830521.668 46 47 40 40 27 25 26
1630830521.918 47 45 40 40 28 28 25
1630830522.169 44 46 42 39 27 27 27
1630830522.420 48 46 39 39 27 24 26
1630830522.669 48 48 40 40 28 26 26
1630830522.919 45 48 39 39 27 27 25
1630830523.168 46 47 41 41 28 26 27
1630830523.418 45 49 39 40 26 26 25
1630830523.668 47 46 40 41 26 27 27
1630830523.917 44 46 39 40 27 25 25
1630830524.167 47 48 41 38 30 25 24
1630830524.418 46 46 40 40 28 26 27
1630830524.668 47 47 39 38 26 26 27
1630830524.917 46 47 42 38 27 25 27
1630830525.167 47 45 40 39 29 26 26
1630830525.420 47 45 41 40 27 30 26
1630830525.671 44 44 40 40 28 25 26
1630830525.922 44 49 40 41 27 26 27
1630830526.173 46 47 40 41 27 26 25
1630830526.421 45 45 42 40 28 27 26
1630830526.669 46 46 41 40 28 27 26
1630830526.918 49 45 39 39 27 25 26
1630830527.168 47 44 39 42 28 25 26
1630830527.421 47 46 40 40 28 25 24
1630830527.670 45 47 40 38 27 25 24
1630830527.921 44 46 39 39 29 24 25
1630830528.171 46 45 40 40 27 26 25
1630830528.420 48 45 40 41 28 26 27
1630830528.670 43 44 41 39 28 25 24
1630830528.920 46 46 40 39 28 24 24
1630830529.171 47 47 40 40 28 25 25
1630830529.421 46 46 41 39 27 27 26
1630830529.671 49 49 40 39 25 26 26
1630830529.921 45 45 42 40 27 26 28
1630830530.170 47 45 41 41 28 25 25
1630830530.420 47 47 40 43 26 26 26
1630830530.667 45 46 42 40 26 28 28
1630830530.917 48 45 40 41 27 29 25
1630830531.168 45 46 40 41 27 27 25
1630830531.417 45 47 40 42 28 27 24
1630830531.667 45 45 42 40 27 26 25
1630830531.917 45 46 41 42 26 27 27
1630830532.168 44 49 40 41 26 25 24
1630830532.418 47 46 41 40 29 25 27
1630830532.668 49 45 41 39 29 25 24
1630830532.918 46 43 40 40 29 27 27
1630830533.169 45 45 40 41 28 26 25
1630830533.419 46 46 41 41 28 27 26
1630830533.669 48 47 39 39 26 25 26
1630830533.921 46 46 41 40 28 27 25
1630830534.167 45 44 39 39 27 26 27
1630830534.419 47 47 40 41 26 27 25
1630830534.669 46 49 40 39 27 26 25
1630830534.919 49 46 39 39 26 27 25
1630830535.171 46 45 40 41 29 28 25
1630830535.418 45 45 39 40 27 25 25
1630830535.670 46 46 42 39 28 26 26
1630830535.920 45 46 40 42 27 27 27
1630830536.171 47 48 40 42 28 26 26
1630830536.421 45 47 39 39 28 27 26
1630830536.669 47 45 40 40 28 28 26
1630830536.920 47 46 39 43 26 25 25
1630830537.170 50 45 39 41 27 26 25
1630830537.418 46 47 39 38 28 24 26
1630830537.670 45 46 39 41 27 26 28
1630830537.921 46 46 41 40 26 25 27
1630830538.170 47 46 39 41 27 25 27
1630830538.425 44 46 40 40 28 26 25
1630830538.671 46 46 41 40 28 27 26
1630830538.923 46 45 40 41 27 27 26
1630830539.169 47 45 43 42 29 27 26
1630830539.419 47 47 40 38 28 25 27
1630830539.668 45 45 41 40 27 25 26
1630830539.919 45 47 42 41 28 24 26
1630830540.169 45 46 40 40 26 26 26
1630830540.419 46 45 42 41 27 24 27
1630830540.668 46 45 41 39 27 27 26
1630830540.918 46 47 39 38 27 24 25
1630830541.169 45 48 39 37 27 26 26
1630830541.418 46 47 40 42 28 26 26
1630830541.670 46 49 39 37 28 25 24
1630830541.919 45 46 42 40 28 25 26
1630830542.168 50 45 39 38 28 27 25
1630830542.418 46 46 42 39 28 26 28
1630830542.668 45 45 40 41 28 26 26
1630830542.921 45 43 39 39 30 26 26
1630830543.173 46 45 39 41 28 26 26
1630830543.420 47 46 40 39 29 25 26
1630830543.673 46 47 40 38 29 27 28
1630830543.918 46 45 42 39 27 28 29
1630830544.168 47 49 40 38 28 25 25
1630830544.419 47 47 40 41 26 28 25
1630830544.668 46 48 42 40 26 25 26
1630830544.920 46 46 39 40 28 25 26
1630830545.169 48 47 40 40 26 24 25
1630830545.422 46 46 39 40 27 26 26
1630830545.672 48 48 40 38 27 26 25
1630830545.921 46 47 39 40 29 26 27
1630830546.172 48 45 41 38 27 26 25
1630830546.423 46 48 40 40 27 25 26
1630830546.671 46 46 40 38 29 25 25
1630830546.921 44 45 39 41 28 26 26
1630830547.173 46 46 42 40 29 25 26
1630830547.419 49 46 40 39 30 26 24
1630830547.672 47 47 39 38 28 25 26
1630830547.923 44 47 41 40 27 26 25
1630830548.169 44 47 40 39 30 26 25
1630830548.423 44 48 40 38 28 27 26
1630830548.673 46 45 41 40 29 26 27
1630830548.920 45 45 39 41 28 27 28
1630830549.169 46 48 40 40 29 26 26
1630830549.419 46 46 39 41 29 25 26
1630830549.669 46 46 39 40 28 28 25
1630830549.918 45 48 40 40 30 26 26
1630830550.169 46 45 40 40 28 25 27
1630830550.418 47 46 40 41 28 25 26
1630830550.668 45 44 38 39 27 26 27
1630830550.918 46 47 40 40 26 25 27
1630830551.171 44 47 40 39 29 25 25
1630830551.419 46 47 39 41 28 25 26
1630830551.668 48 45 40 39 28 26 25
1630830551.920 48 46 40 38 26 25 26
1630830552.168 46 46 41 40 29 25 26
1630830552.418 47 47 41 39 29 26 26
1630830552.668 45 47 40 40 28 26 25
1630830552.919 45 47 39 39 28 27 28
1630830553.168 46 46 41 39 27 27 28
1630830553.419 45 44 40 39 29 27 25
1630830553.669 45 46 39 38 27 26 26
1630830553.920 47 47 41 41 27 28 26
1630830554.170 47 45 41 39 29 25 24
1630830554.421 44 47 39 40 28 26 26
1630830554.671 44 45 41 39 28 26 26
1630830554.920 46 44 40 40 29 25 29
1630830555.172 46 46 40 40 28 26 27
1630830555.420 47 45 43 40 28 26 24
1630830555.671 46 45 39 40 27 26 25
1630830555.920 45 45 41 38 27 26 26
1630830556.173 45 46 39 39 28 26 24
1630830556.420 47 47 40 39 27 25 27
1630830556.671 46 46 42 39 27 25 24
1630830556.920 48 46 43 42 27 26 24
1630830557.169 48 47 41 39 27 24 26
1630830557.421 46 45 40 40 27 25 26
1630830557.672 46 44 40 39 27 27 25
1630830557.919 48 46 39 40 29 26 25
1630830558.168 46 48 40 39 30 27 25
1630830558.420 45 46 40 39 29 26 25
1630830558.669 44 47 39 40 29 25 26
1630830558.918 46 47 41 39 29 26 25
1630830559.168 47 48 42 41 26 25 24
1630830559.418 47 45 40 40 27 25 24
1630830559.668 45 47 38 39 30 26 25
1630830559.920 45 49 41 39 27 27 25
1630830560.169 48 47 40 39 27 25 26
1630830560.419 45 49 39 40 27 26 26
1630830560.671 46 48 40 41 27 25 25
1630830560.920 47 45 41 40 28 27 28
1630830561.171 45 47 40 41 28 24 26
1630830561.424 46 46 38 39 27 26 26
1630830561.669 45 44 41 39 28 26 25
1630830561.919 44 47 39 41 29 26 27
1630830562.169 46 47 40 40 26 24 26
1630830562.419 46 46 41 39 27 27 27
1630830562.672 48 47 39 38 27 27 25
1630830562.919 45 47 41 37 26 26 28
1630830563.171 47 46 39 42 29 25 28
1630830563.426 46 46 40 38 26 24 25
1630830563.672 45 46 40 39 29 26 25
1630830563.924 46 46 41 39 29 25 27
1630830564.172 44 47 39 39 27 26 25
1630830564.421 45 46 38 40 27 27 27
1630830564.673 47 46 39 39 28 25 24
1630830564.921 47 45 39 38 27 25 24
1630830565.171 48 47 39 39 28 26 26
1630830565.421 49 46 40 39 27 27 27
1630830565.670 47 47 39 39 29 26 28
1630830565.919 46 46 39 39 28 26 27
1630830566.171 45 47 41 40 29 28 26
1630830566.419 45 44 39 39 28 25 24
1630830566.670 47 47 41 40 27 27 27
1630830566.919 46 45 40 38 26 26 24
1630830567.169 49 45 40 40 28 26 26
1630830567.418 44 47 38 39 27 26 26
1630830567.669 44 46 42 38 27 25 25
1630830567.919 48 46 40 39 27 25 25
1630830568.169 47 46 39 41 28 25 26
1630830568.419 46 46 38 39 27 27 26
1630830568.669 48 46 38 38 27 27 25
1630830568.919 46 46 39 38 29 25 25
1630830569.169 46 46 39 38 28 25 24
1630830569.418 45 46 40 42 27 26 24
1630830569.670 46 45 40 38 28 26 29
1630830569.919 46 46 40 41 28 26 27
1630830570.169 50 46 40 40 26 27 26
1630830570.421 46 45 40 39 27 25 26
1630830570.669 45 46 41 40 27 25 26
1630830570.919 47 44 39 41 30 26 25
1630830571.168 47 47 41 41 27 26 26
1630830571.419 47 46 40 41 28 25 26
1630830571.670 44 48 42 41 28 27 25
1630830571.919 47 48 41 39 29 25 25
1630830572.168 45 46 42 40 28 27 23
1630830572.420 47 48 40 38 27 25 25
1630830572.669 46 46 41 39 28 26 26
1630830572.920 45 47 39 38 28 25 25
1630830573.171 46 46 42 40 29 25 26
1630830573.422 48 44 40 39 27 27 24
1630830573.670 47 47 40 38 28 29 25
1630830573.921 46 45 40 41 29 26 25
1630830574.171 46 46 40 39 29 28 26
1630830574.419 47 46 39 41 27 25 26
1630830574.669 46 47 41 39 27 28 27
1630830574.920 46 46 39 38 28 26 25
1630830575.170 48 44 40 38 28 26 26
1630830575.420 45 46 40 42 28 26 25
1630830575.669 46 45 40 40 29 26 27
1630830575.921 46 47 41 43 30 26 26
1630830576.169 45 43 39 40 28 26 26
1630830576.420 48 45 39 39 27 26 26
1630830576.671 47 46 38 39 28 27 24
1630830576.921 46 45 41 39 27 27 24
1630830577.170 46 46 41 40 29 25 25
1630830577.419 45 46 40 40 29 26 26
1630830577.671 45 45 41 38 27 26 26
1630830577.919 47 48 39 38 27 25 26
1630830578.169 47 43 38 38 27 28 25
1630830578.420 47 46 39 40 28 26 26
1630830578.672 49 44 40 40 30 26 25
1630830578.921 48 45 40 40 28 27 25
1630830579.173 44 48 42 41 29 26 25
1630830579.424 47 46 39 39 29 25 26
1630830579.674 46 45 40 38 27 25 29
1630830579.927 46 46 40 39 27 24 26
1630830580.170 44 44 41 43 27 26 28
1630830580.420 45 47 41 41 28 26 27
1630830580.672 48 44 38 40 26 25 24
1630830580.920 45 45 41 41 28 27 26
1630830581.169 47 47 41 39 27 25 26
1630830581.420 46 45 38 41 27 26 25
1630830581.674 46 46 39 41 28 26 27
1630830581.920 48 45 40 42 27 26 26
1630830582.174 46 48 39 40 26 25 25
1630830582.424 44 44 41 40 29 25 27
1630830582.670 46 46 40 40 26 25 27
1630830582.922 45 47 41 40 28 25 25
1630830583.172 48 46 39 38 28 26 27
1630830583.423 45 44 43 38 28 25 27
1630830583.670 44 47 40 39 28 26 26
1630830583.920 46 46 40 38 27 27 26
1630830584.169 46 46 40 42 29 27 25
1630830584.421 45 46 40 40 29 26 25
1630830584.669 46 46 42 39 27 25 25
1630830584.919 45 46 40 40 28 27 25
1630830585.169 46 45 40 40 26 26 24
1630830585.424 45 46 39 38 26 26 25
1630830585.669 48 48 40 39 26 28 27
1630830585.919 47 47 41 39 27 26 25
1630830586.169 46 45 38 40 27 27 27
1630830586.419 46 44 40 41 28 28 26
1630830586.670 50 48 38 41 26 25 26
1630830586.921 46 46 39 41 26 25 25
1630830587.174 44 47 38 38 28 25 26
1630830587.421 47 46 38 40 26 26 27
1630830587.670 47 44 40 38 26 26 25
1630830587.920 48 46 40 39 27 26 25
1630830588.171 46 49 39 39 27 26 27
1630830588.424 46 44 40 40 30 26 25
1630830588.673 45 45 41 40 26 25 26
1630830588.922 46 47 40 38 26 26 27
1630830589.171 46 46 38 40 26 26 26
1630830589.422 46 46 39 39 27 26 24
1630830589.672 44 47 40 39 27 26 26
1630830589.921 48 45 40 40 25 26 24
1630830590.173 47 44 38 40 27 27 25
1630830590.421 45 45 40 40 28 26 27
1630830590.670 46 46 39 39 26 26 25
1630830590.922 45 44 40 40 29 26 27
1630830591.172 45 45 42 41 28 27 27
1630830591.420 46 48 38 39 26 25 26
1630830591.670 46 45 39 39 26 25 25
1630830591.923 51 46 41 39 27 26 26
1630830592.172 46 46 41 40 27 26 25
1630830592.420 46 45 38 40 25 26 27
1630830592.670 46 45 38 39 27 27 27
1630830592.920 46 45 39 39 27 25 26
1630830593.169 45 46 40 40 29 27 24
1630830593.423 45 46 39 39 27 26 26
1630830593.670 47 45 40 40 25 25 26
1630830593.920 48 46 39 40 27 27 27
1630830594.171 46 45 38 40 27 28 27
1630830594.421 48 47 39 40 27 26 25
1630830594.675 45 45 39 40 27 27 25
1630830594.923 44 46 39 39 28 27 27
1630830595.173 48 46 39 41 26 27 26
1630830595.420 47 47 42 38 29 25 25
1630830595.670 48 47 38 39 27 28 27
1630830595.920 45 46 39 41 28 27 25
1630830596.170 47 47 38 41 28 26 25
1630830596.420 44 48 41 41 28 25 28
1630830596.671 47 47 39 43 27 27 25
1630830596.921 45 47 40 41 28 26 25
1630830597.171 46 48 39 40 28 26 26
1630830597.423 45 47 39 44 27 28 25
1630830597.673 46 46 40 41 27 25 27
1630830597.921 44 48 41 38 30 26 26
1630830598.172 47 46 39 39 28 26 24
1630830598.423 47 46 39 41 30 28 25
1630830598.673 45 44 42 40 32 27 25
1630830598.921 46 46 39 40 27 25 26
1630830599.171 46 45 38 39 30 26 26
1630830599.422 45 46 40 39 29 27 27
1630830599.673 45 48 43 40 27 26 26
1630830599.920 46 45 41 38 30 26 26
1630830600.172 43 45 40 40 29 26 25
1630830600.421 46 46 40 38 27 26 25
1630830600.670 47 45 39 39 27 28 25
1630830600.920 47 45 40 39 26 26 25
1630830601.169 46 44 40 38 27 26 26
1630830601.420 45 45 40 40 28 26 27
1630830601.670 45 45 39 39 28 25 26
1630830601.920 44 47 39 40 28 27 27
1630830602.170 47 46 41 41 27 26 27
1630830602.420 45 44 40 40 27 26 26
1630830602.670 46 44 42 40 27 26 27
1630830602.920 46 47 40 43 27 25 26
1630830603.169 44 45 39 40 27 26 26
1630830603.420 47 45 40 39 27 26 26
1630830603.669 46 45 40 39 27 26 27
1630830603.920 46 46 39 39 27 25 26
1630830604.169 45 45 40 40 27 27 25
1630830604.420 46 47 39 41 28 25 28
1630830604.670 47 48 36 39 27 26 27
1630830604.921 45 45 39 40 28 25 25
1630830605.172 47 46 39 40 30 25 25
1630830605.419 47 47 39 38 26 27 25
1630830605.669 46 46 38 41 27 29 26
1630830605.922 47 46 38 40 27 27 24
1630830606.171 50 47 41 40 27 25 27
1630830606.421 45 45 38 39 27 26 26
1630830606.671 46 46 40 42 28 26 25
1630830606.922 46 49 39 40 28 25 27
1630830607.171 44 47 40 41 27 27 26
1630830607.423 47 48 39 40 28 26 26
1630830607.674 46 47 39 38 26 26 27
1630830607.924 45 47 40 39 27 25 26
1630830608.171 47 48 39 39 27 26 26
1630830608.422 45 47 37 40 28 25 26
1630830608.671 48 45 40 37 27 26 27
1630830608.922 45 46 39 39 28 26 25
1630830609.172 45 49 39 39 29 25 27
1630830609.423 44 47 38 38 28 27 26
1630830609.671 46 45 38 40 27 24 25
1630830609.922 46 47 40 37 28 25 26
1630830610.173 47 45 40 38 27 24 25
1630830610.423 47 45 40 39 27 26 26
1630830610.670 45 48 41 41 28 26 26
1630830610.922 46 45 39 41 27 27 25
1630830611.171 46 46 40 38 27 27 26
1630830611.420 45 46 38 41 28 26 27
1630830611.670 47 46 39 41 26 26 25
1630830611.921 47 46 40 39 29 27 26
1630830612.170 46 47 38 40 29 27 28
1630830612.421 47 45 41 38 25 26 25
1630830612.673 44 45 40 39 25 25 26
1630830612.921 49 45 40 41 28 25 28
1630830613.174 46 46 38 37 28 25 26
1630830613.425 46 45 41 43 27 25 27
1630830613.676 46 49 40 42 27 26 24
1630830613.922 46 44 40 40 27 27 26
1630830614.170 45 45 40 43 28 25 25
1630830614.422 43 47 37 38 27 27 27
1630830614.672 45 47 39 41 27 25 25
1630830614.921 45 45 37 38 28 26 25
1630830615.171 44 47 38 40 26 28 26
1630830615.425 44 45 40 37 28 26 24
1630830615.673 45 45 39 39 27 26 25
1630830615.924 46 45 41 42 28 26 25
1630830616.173 45 48 40 39 26 26 28
1630830616.423 46 46 41 41 27 27 26
1630830616.673 47 45 40 38 28 27 26
1630830616.923 47 45 38 40 28 26 25
1630830617.172 47 47 41 41 27 25 26
1630830617.422 46 46 40 40 27 25 25
1630830617.673 47 47 41 40 27 25 27
1630830617.923 46 47 38 40 28 27 26
1630830618.173 46 44 39 38 28 25 25
1630830618.423 47 45 39 39 26 25 24
1630830618.672 46 47 39 39 26 26 27
1630830618.921 45 48 40 39 27 25 26
1630830619.171 45 44 38 39 27 26 27
1630830619.420 46 46 39 38 28 25 24
1630830619.673 47 45 41 41 26 27 24
1630830619.920 46 44 38 39 27 26 25
1630830620.170 48 46 38 40 28 26 27
1630830620.420 47 47 42 39 27 24 24
1630830620.670 46 47 39 39 26 26 25
1630830620.920 46 45 40 42 27 26 26
1630830621.170 46 46 39 41 27 26 26
1630830621.420 46 46 39 45 26 28 26
1630830621.671 47 46 39 40 27 25 24
1630830621.920 46 46 39 40 26 27 25
1630830622.172 45 45 42 39 26 25 24
1630830622.424 47 45 38 40 27 25 25
1630830622.670 45 46 40 39 27 26 24
1630830622.920 50 45 40 39 27 25 26
1630830623.171 46 45 40 36 27 27 26
1630830623.420 47 45 40 40 28 24 26
1630830623.672 47 44 41 39 28 25 26
1630830623.922 46 44 40 39 25 25 27
1630830624.173 46 46 39 41 27 26 25
1630830624.423 45 44 39 38 27 26 26
1630830624.674 46 44 40 39 27 26 25
1630830624.924 45 44 39 39 27 25 25
1630830625.171 46 44 39 39 27 27 27
1630830625.423 49 46 39 41 31 26 27
1630830625.673 49 45 41 38 29 25 26
1630830625.921 46 48 40 44 28 26 24
1630830626.171 44 46 38 39 26 25 24
1630830626.422 47 47 41 40 28 28 25
1630830626.675 46 46 38 39 27 27 26
1630830626.921 47 45 41 40 27 26 25
1630830627.172 46 45 38 41 28 26 26
1630830627.421 47 44 41 41 28 25 25
1630830627.671 48 45 39 39 29 26 24
1630830627.921 45 44 38 38 26 26 26
1630830628.174 45 45 39 41 27 24 27
1630830628.422 46 45 40 40 27 26 26
1630830628.672 45 46 39 40 27 27 25
1630830628.921 47 46 39 40 29 26 24
1630830629.170 47 45 39 40 28 25 25
1630830629.421 45 45 40 40 26 24 26
1630830629.670 47 46 38 39 27 26 25
1630830629.922 45 45 38 40 28 27 23
1630830630.172 48 46 40 39 27 25 26
1630830630.422 46 45 42 37 28 25 26
1630830630.674 46 46 41 39 27 26 27
1630830630.924 46 46 40 40 28 25 28
1630830631.176 45 46 39 40 29 25 25
1630830631.425 45 46 42 41 27 26 25
1630830631.672 47 46 39 40 27 26 27
1630830631.921 47 47 40 39 27 27 26
1630830632.176 46 46 39 39 30 25 24
1630830632.424 48 45 38 38 28 27 27
1630830632.675 44 45 43 41 28 25 25
1630830632.925 45 47 42 39 27 26 26
1630830633.175 44 46 38 39 29 26 26
1630830633.423 47 46 39 39 28 26 26
1630830633.675 45 46 37 39 29 25 25
1630830633.923 48 44 40 38 28 25 26
1630830634.174 46 47 39 39 29 27 24
1630830634.424 47 46 38 40 27 25 24
1630830634.676 47 47 38 38 27 26 26
1630830634.925 45 46 39 39 27 26 27
1630830635.176 45 45 39 39 27 26 25
1630830635.425 48 45 38 39 28 27 25
1630830635.673 48 43 39 39 27 26 26
1630830635.924 46 46 40 44 30 27 27
1630830636.173 46 45 39 40 27 27 25
1630830636.422 46 48 39 39 28 25 25
1630830636.671 47 47 39 40 29 25 26
1630830636.921 46 45 39 39 27 27 24
1630830637.171 45 45 39 41 27 25 26
1630830637.421 44 47 41 40 27 26 26
1630830637.671 45 46 39 39 27 25 28
1630830637.920 45 45 38 40 27 26 26
1630830638.171 45 45 39 38 29 25 27
1630830638.421 46 46 42 37 26 25 26
1630830638.671 46 45 38 39 29 27 26
1630830638.921 46 45 37 41 28 25 27
1630830639.170 47 46 39 40 27 26 26
1630830639.422 45 47 41 43 29 27 25
1630830639.671 46 48 38 39 29 26 26
1630830639.920 45 48 40 42 29 25 26
1630830640.173 46 47 41 41 27 28 25
1630830640.423 46 47 38 41 28 26 25
1630830640.673 44 45 38 41 27 26 24
1630830640.921 44 48 39 38 27 26 25
1630830641.173 44 47 38 40 28 28 27
1630830641.421 46 45 41 41 27 28 26
1630830641.671 47 46 40 40 27 27 28
1630830641.923 45 46 40 41 27 27 25
1630830642.174 48 46 39 40 28 25 24
1630830642.422 46 46 40 38 27 26 25
1630830642.673 45 46 38 39 26 25 24
1630830642.923 45 47 40 39 27 26 26
1630830643.174 45 47 41 41 28 27 28
1630830643.424 46 49 41 39 28 26 26
1630830643.674 48 45 38 39 26 26 24
1630830643.922 47 47 39 41 29 26 26
1630830644.173 47 45 38 40 27 26 26
1630830644.424 46 47 39 40 28 24 25
1630830644.673 45 45 38 37 26 27 25
1630830644.922 45 45 40 39 27 28 25
1630830645.171 45 48 39 37 27 25 25
1630830645.428 46 44 39 40 29 26 24
1630830645.671 46 45 39 39 27 27 27
1630830645.922 45 46 37 43 26 25 23
1630830646.172 45 44 40 41 28 28 26
1630830646.422 45 45 38 41 28 26 27
1630830646.672 47 46 39 41 28 25 26
1630830646.921 46 43 39 40 28 27 25
1630830647.171 47 44 39 42 27 26 24
1630830647.421 49 45 40 39 27 27 25
1630830647.671 44 47 41 40 25 26 27
1630830647.922 44 44 41 37 27 25 25
1630830648.172 45 45 39 41 27 26 24
1630830648.422 45 48 39 41 27 25 25
1630830648.676 47 45 39 40 28 26 27
1630830648.924 46 45 38 38 27 25 25
1630830649.173 45 48 40 41 26 28 25
1630830649.426 45 44 40 39 26 26 26
1630830649.674 44 45 40 40 28 26 26
1630830649.922 45 47 43 40 26 26 26
1630830650.172 48 47 40 42 28 27 26
1630830650.424 46 45 40 41 27 25 27
1630830650.672 45 44 37 39 28 25 26
1630830650.925 46 45 40 40 28 27 25
1630830651.174 50 44 38 40 28 26 26
1630830651.424 46 47 40 38 26 29 25
1630830651.674 44 45 39 42 28 26 28
1630830651.924 47 45 39 38 27 26 26
1630830652.175 45 45 39 43 27 26 24
1630830652.424 45 46 37 40 27 24 28
1630830652.677 45 44 39 39 27 27 25
1630830652.924 46 47 42 40 28 28 24
1630830653.173 47 46 42 39 27 27 25
1630830653.425 47 47 39 40 28 26 25
1630830653.675 46 46 38 42 27 24 26
1630830653.923 45 46 39 41 26 26 25
1630830654.172 44 45 39 42 27 26 26
1630830654.424 44 49 39 39 27 24 26
1630830654.673 49 45 40 41 27 25 28
1630830654.922 47 44 39 41 28 27 27
1630830655.172 46 47 40 42 27 26 27
1630830655.422 48 47 38 42 26 26 25
1630830655.671 48 47 41 41 27 27 28
1630830655.921 46 46 38 40 27 25 26
1630830656.171 44 45 39 42 26 26 27
1630830656.421 46 44 39 39 28 26 28
1630830656.672 44 47 41 39 28 27 25
1630830656.921 45 44 40 41 29 26 27
1630830657.172 45 46 40 40 29 27 26
1630830657.427 44 45 38 42 28 26 25
1630830657.673 47 46 38 41 30 27 25
1630830657.922 47 47 39 40 28 25 25
1630830658.171 48 46 40 42 27 26 25
1630830658.423 46 45 39 39 26 25 26
1630830658.673 49 47 40 39 28 26 24
1630830658.923 45 45 39 38 28 27 27
1630830659.172 48 47 37 40 28 26 27
1630830659.422 46 47 40 38 29 25 26
1630830659.672 43 46 39 41 29 28 26
1630830659.924 46 47 40 40 28 26 25
1630830660.173 46 46 39 43 28 28 26
1630830660.423 48 45 40 41 26 26 26
1630830660.673 45 46 39 41 26 25 26
1630830660.926 47 46 39 40 28 25 26
1630830661.173 47 47 40 39 28 28 25
1630830661.423 46 48 41 37 28 27 25
1630830661.674 47 46 38 39 27 26 25
1630830661.923 47 48 39 39 27 27 25
1630830662.173 45 44 40 39 28 27 25
1630830662.422 45 47 38 38 27 26 27
1630830662.672 47 47 38 41 28 26 27
1630830662.923 45 44 38 40 25 26 25
1630830663.173 47 47 40 40 27 25 26
1630830663.424 45 47 39 42 26 27 25
1630830663.672 46 47 40 39 26 28 24
1630830663.923 49 46 39 39 28 26 26
1630830664.172 48 46 38 40 28 27 26
1630830664.422 45 44 39 40 28 26 26
1630830664.672 47 44 40 41 26 26 26
1630830664.921 45 45 39 41 27 26 26
1630830665.171 47 46 43 40 28 26 25
1630830665.422 48 46 40 38 29 25 26
1630830665.673 46 48 38 40 28 27 24
1630830665.922 45 46 39 38 28 27 25
1630830666.174 44 46 40 40 26 26 27
1630830666.426 46 45 41 40 26 25 24
1630830666.676 48 45 40 42 28 26 26
1630830666.926 44 45 38 42 28 26 26
1630830667.173 45 47 43 39 26 25 26
1630830667.422 45 47 39 39 26 27 25
1630830667.674 45 48 39 40 28 24 27
1630830667.922 47 46 39 39 27 24 27
1630830668.174 47 46 39 41 26 25 26
1630830668.423 45 46 40 39 28 25 26
1630830668.675 46 45 38 40 28 26 25
1630830668.924 44 45 40 40 26 26 26
1630830669.175 46 47 39 40 28 26 27
1630830669.427 46 47 38 38 28 26 25
1630830669.673 46 45 40 40 29 27 27
1630830669.923 47 45 39 40 29 26 26
1630830670.175 44 48 39 40 28 25 25
1630830670.424 47 46 38 39 25 25 23
1630830670.675 46 47 39 39 28 26 24
1630830670.925 46 47 41 39 28 25 27
1630830671.177 46 48 42 39 27 26 25
1630830671.424 47 45 39 38 28 25 27
1630830671.673 47 46 41 38 26 26 27
1630830671.923 47 46 39 41 27 28 27
1630830672.177 46 47 42 40 27 25 26
1630830672.422 47 44 39 40 29 25 24
1630830672.675 47 47 39 40 29 26 25
1630830672.922 46 45 39 38 30 26 26
1630830673.172 45 45 41 41 28 26 25
1630830673.422 46 45 38 40 27 27 26
1630830673.673 45 46 39 40 27 24 26
1630830673.922 47 47 40 40 26 26 26
1630830674.172 46 46 40 39 27 27 26
1630830674.422 48 46 41 42 27 25 27
1630830674.673 46 45 38 43 26 27 27
1630830674.922 49 48 40 40 26 30 26
1630830675.171 47 45 38 39 28 26 24
1630830675.423 46 46 38 39 28 26 26
1630830675.673 46 46 39 39 27 25 25
1630830675.922 48 46 39 39 27 25 26
1630830676.172 46 47 38 43 27 29 25
1630830676.421 46 49 40 40 26 28 24
1630830676.672 45 50 40 39 29 26 25
1630830676.923 46 45 40 38 29 25 24
1630830677.173 48 48 38 39 27 26 26
1630830677.422 48 46 40 39 28 25 27
1630830677.673 47 45 39 40 27 25 26
1630830677.923 47 45 39 43 28 25 25
1630830678.176 47 45 40 42 27 25 26
1630830678.425 47 47 39 40 28 26 27
1630830678.678 45 46 40 41 27 27 25
1630830678.927 47 45 41 39 26 25 26
1630830679.174 46 45 38 39 28 26 25
1630830679.424 45 47 38 39 28 26 24
1630830679.673 46 44 38 39 29 26 26
1630830679.926 46 45 40 42 27 24 27
1630830680.173 44 47 39 39 27 25 24
1630830680.428 45 47 40 40 28 26 26
1630830680.677 46 46 39 39 27 25 25
1630830680.922 44 45 38 39 26 26 25
1630830681.173 46 46 39 38 27 26 25
1630830681.423 46 47 39 39 26 26 28
1630830681.674 44 46 39 39 26 25 26
1630830681.923 46 47 41 41 27 28 25
1630830682.172 45 49 40 40 27 26 27
1630830682.425 45 44 39 40 29 25 26
1630830682.674 47 46 40 40 28 25 28
1630830682.923 44 46 39 39 27 26 25
1630830683.173 45 46 38 40 26 24 26
1630830683.423 46 45 38 39 29 25 25
1630830683.672 46 48 40 40 28 25 28
1630830683.923 48 45 38 39 29 28 26
1630830684.172 46 46 40 41 27 25 27
1630830684.422 46 46 38 40 27 28 26
1630830684.675 45 48 39 40 27 27 26
1630830684.923 45 46 40 40 28 26 26
1630830685.176 48 48 40 40 27 27 26
1630830685.427 49 47 40 40 26 26 28
1630830685.677 45 45 40 38 29 26 25
1630830685.925 44 45 40 40 28 27 26
1630830686.174 47 46 40 42 29 25 24
1630830686.422 47 46 40 42 30 26 25
1630830686.675 44 48 40 42 29 26 26
1630830686.925 47 44 40 39 29 25 27
1630830687.175 48 46 40 39 27 26 27
1630830687.425 47 46 41 41 29 25 26
1630830687.676 47 45 39 41 28 25 24
1630830687.925 46 47 39 42 26 26 26
1630830688.176 45 46 39 40 29 26 27
1630830688.426 46 46 41 41 29 28 26
1630830688.677 45 46 39 39 31 27 27
1630830688.923 46 45 40 39 27 27 26
1630830689.177 46 47 39 42 26 27 26
1630830689.426 44 47 39 41 27 25 29
1630830689.674 48 46 39 40 27 30 25
1630830689.924 46 46 38 40 27 26 26
1630830690.173 45 47 40 39 27 25 26
1630830690.426 46 46 42 40 28 27 27
1630830690.673 47 45 38 41 28 26 26
1630830690.923 46 43 40 38 27 25 26
1630830691.172 46 47 38 41 29 26 25
1630830691.423 47 44 39 41 30 28 27
1630830691.672 44 45 38 39 26 26 26
1630830691.922 44 46 39 39 26 27 27
1630830692.174 46 47 42 38 27 29 25
1630830692.422 46 46 43 40 27 27 26
1630830692.672 46 44 39 43 26 25 25
1630830692.922 46 47 39 41 27 26 25
1630830693.173 49 45 38 42 26 25 28
1630830693.429 46 45 40 38 26 25 24
1630830693.674 45 48 40 38 26 26 26
1630830693.922 47 47 39 40 27 27 27
1630830694.174 45 47 40 38 27 26 28
1630830694.422 47 46 39 40 29 26 26
1630830694.673 47 45 39 39 28 27 25
1630830694.924 45 45 39 42 28 29 26
1630830695.175 45 46 40 41 28 26 26
1630830695.425 45 45 39 39 28 25 26
1630830695.673 47 44 39 40 26 27 27
1630830695.924 49 48 40 40 28 26 26
1630830696.174 47 44 41 38 28 26 25
1630830696.425 46 46 42 40 28 25 24
1630830696.674 47 46 40 40 28 25 25
1630830696.923 46 45 39 37 29 25 26
1630830697.175 44 47 40 40 27 27 25
1630830697.423 47 48 39 40 30 25 26
1630830697.675 46 46 40 38 29 25 28
1630830697.924 46 46 38 39 29 26 26
1630830698.176 48 45 39 40 28 25 26
1630830698.425 46 45 39 40 28 26 26
1630830698.674 46 46 39 38 28 27 25
1630830698.923 48 45 40 39 28 29 26
1630830699.175 46 47 38 41 28 26 28
1630830699.423 46 47 39 40 27 27 28
1630830699.675 47 47 40 40 27 28 25
1630830699.924 45 46 39 40 27 26 28
1630830700.175 46 45 38 39 27 25 26
1630830700.424 46 46 41 41 28 26 26
1630830700.676 45 45 39 39 28 29 25
1630830700.923 46 44 39 39 27 25 25
1630830701.173 45 47 39 41 28 26 25
1630830701.422 46 46 39 40 27 25 26
1630830701.672 47 45 39 38 28 26 28
1630830701.925 46 48 37 40 29 27 26
1630830702.176 50 47 40 39 28 29 25
1630830702.425 46 45 39 40 29 27 26
1630830702.677 46 46 40 40 28 26 29
1630830702.926 49 46 40 41 28 25 26
1630830703.177 45 46 42 42 28 26 25
1630830703.424 46 47 38 39 27 26 26
1630830703.674 45 44 40 38 27 26 26
1630830703.924 47 45 40 41 27 25 24
1630830704.176 44 47 40 38 29 27 26
1630830704.426 46 46 39 38 28 26 25
1630830704.676 47 46 38 39 27 27 25
1630830704.925 45 46 39 41 28 25 25
1630830705.176 45 50 39 41 27 26 27
1630830705.426 47 46 38 42 31 27 26
1630830705.676 46 46 40 39 27 29 26
1630830705.926 44 46 39 40 27 26 26
1630830706.176 48 46 42 39 26 26 26
1630830706.426 45 46 41 40 29 25 27
1630830706.675 48 47 39 39 29 25 28
1630830706.926 47 47 39 42 28 25 26
1630830707.176 46 47 40 42 28 27 26
1630830707.425 47 46 39 40 28 25 25
1630830707.677 46 46 40 40 28 28 26
1630830707.924 45 46 38 40 30 26 25
1630830708.174 48 46 38 41 29 27 25
1630830708.424 44 46 38 40 28 26 25
1630830708.673 45 46 41 41 28 26 27
1630830708.923 46 46 38 42 29 27 26
1630830709.173 44 49 38 38 28 26 25
1630830709.423 46 46 38 39 26 26 26
1630830709.672 46 45 39 40 28 26 28
1630830709.923 51 46 38 40 27 27 26
1630830710.173 45 46 38 39 28 25 25
1630830710.423 46 48 38 40 27 25 25
1630830710.673 47 45 40 40 29 26 26
1630830710.923 46 45 38 45 28 27 26
1630830711.174 47 45 40 41 29 25 28
1630830711.426 47 45 40 39 26 26 25
1630830711.673 45 46 39 40 27 26 27
1630830711.923 48 47 37 41 27 26 24
1630830712.174 46 47 39 40 27 26 26
1630830712.426 46 47 40 43 28 26 25
1630830712.674 48 45 40 38 28 26 27
1630830712.923 46 46 39 40 30 27 26
1630830713.175 47 47 39 42 26 28 27
1630830713.425 46 45 40 42 28 25 25
1630830713.675 46 47 39 40 26 26 26
1630830713.925 47 45 39 41 31 25 26
1630830714.175 47 46 41 39 27 27 28
1630830714.428 49 46 39 38 29 25 26
1630830714.679 46 46 40 41 29 26 26
1630830714.926 47 45 39 39 27 26 26
1630830715.178 46 48 40 41 29 27 25
1630830715.424 45 46 39 38 29 26 25
1630830715.677 45 47 41 40 28 25 26
1630830715.924 47 47 38 43 29 26 26
1630830716.176 47 49 39 39 27 26 27
1630830716.426 46 47 39 40 27 25 26
1630830716.679 47 45 39 39 27 26 28
1630830716.923 46 47 40 41 29 26 27
1630830717.173 46 46 39 42 27 26 26
1630830717.424 48 46 40 40 27 26 28
1630830717.674 44 44 40 41 27 26 25
1630830717.924 47 44 41 40 27 25 25
1630830718.174 45 46 40 40 28 24 27
1630830718.423 46 46 40 40 30 26 24
1630830718.673 46 47 39 37 27 27 27
1630830718.924 45 47 40 40 27 26 27
1630830719.175 47 46 41 39 28 27 26
1630830719.424 48 46 41 43 27 27 26
1630830719.675 46 46 43 41 26 25 25
1630830719.928 46 48 40 41 27 25 24
1630830720.176 49 46 38 40 28 26 25
1630830720.428 46 44 37 39 28 28 27
1630830720.677 45 45 40 41 28 25 27
1630830720.923 47 48 39 41 30 25 25
1630830721.175 48 46 38 38 27 25 25
1630830721.424 46 47 39 41 26 25 25
1630830721.676 45 46 39 40 26 26 29
1630830721.927 44 46 39 41 28 26 26
1630830722.176 48 46 42 42 28 25 27
1630830722.427 46 46 40 40 29 24 25
1630830722.676 45 46 38 39 29 25 26
1630830722.926 48 48 38 41 27 25 26
1630830723.179 47 45 42 37 29 27 25
1630830723.427 46 47 41 39 29 25 26
1630830723.676 44 45 38 41 27 25 27
1630830723.926 48 44 40 41 28 27 26
1630830724.176 46 45 39 38 27 27 25
1630830724.426 49 45 41 38 28 26 27
1630830724.676 47 47 38 40 27 26 26
1630830724.925 49 46 39 41 28 26 27
1630830725.175 48 47 41 40 28 27 27
1630830725.428 45 46 41 39 29 27 26
1630830725.676 48 47 37 39 28 26 25
1630830725.925 45 48 39 39 29 24 25
1630830726.174 45 46 39 39 27 24 29
1630830726.424 47 45 41 39 29 26 25
1630830726.674 46 46 37 40 27 26 28
1630830726.923 47 47 40 39 26 26 25
1630830727.173 48 47 39 40 30 28 26
1630830727.424 44 43 39 38 27 27 27
1630830727.673 47 47 40 39 28 25 24
1630830727.924 45 46 39 40 29 24 26
1630830728.173 48 49 38 39 28 26 26
1630830728.424 46 45 38 40 27 25 26
1630830728.673 45 47 39 41 29 25 26
1630830728.923 44 45 39 40 28 27 28
1630830729.173 47 47 38 39 28 28 27
1630830729.423 45 47 38 37 29 26 25
1630830729.675 45 45 39 40 28 26 25
1630830729.924 44 47 41 39 28 27 25
1630830730.174 46 46 39 38 26 26 25
1630830730.426 47 46 39 42 30 27 27
1630830730.674 47 45 38 39 28 27 25
1630830730.926 45 44 38 39 27 27 28
1630830731.174 47 47 38 38 27 26 26
1630830731.424 45 45 41 39 27 25 27
1630830731.675 47 46 41 39 27 25 27
1630830731.925 47 46 40 41 28 26 26
1630830732.176 46 44 41 43 30 28 26
1630830732.427 45 46 38 41 29 25 26
1630830732.675 44 47 42 41 26 26 26
1630830732.926 45 44 39 41 29 26 26
1630830733.174 46 47 40 43 28 25 25
1630830733.424 46 46 40 38 26 27 26
1630830733.674 47 47 39 39 28 25 26
1630830733.933 48 44 39 41 28 25 27
1630830734.173 48 46 38 41 27 25 25
1630830734.423 48 45 39 39 28 28 27
1630830734.673 48 47 41 39 27 25 26
1630830734.924 45 47 41 38 28 25 25
1630830735.175 47 49 40 39 29 27 27
1630830735.424 46 46 39 42 27 25 26
1630830735.678 46 47 39 40 27 27 27
1630830735.928 45 46 39 41 26 27 26
1630830736.177 45 46 42 40 31 25 26
1630830736.426 45 45 41 38 28 28 26
1630830736.675 46 47 40 38 28 28 27
1630830736.924 46 46 40 42 26 30 25
1630830737.174 47 45 40 39 28 26 26
1630830737.424 44 48 39 39 31 25 26
1630830737.677 47 45 40 40 28 27 26
1630830737.928 46 46 39 40 28 25 26
1630830738.178 46 45 39 41 25 26 27
1630830738.426 44 46 39 40 28 26 24
1630830738.674 47 45 40 38 27 27 26
1630830738.927 46 44 39 41 31 26 24
1630830739.176 45 45 38 38 26 26 26
1630830739.427 45 48 38 41 26 25 25
1630830739.677 45 47 41 40 27 25 25
1630830739.925 48 45 39 40 26 27 27
1630830740.176 47 47 41 40 28 26 26
1630830740.426 47 45 42 40 26 25 28
1630830740.676 45 48 40 39 25 27 25
1630830740.925 47 47 38 40 27 26 25
1630830741.175 46 46 41 38 26 25 26
1630830741.425 46 47 38 38 28 26 24
1630830741.675 47 44 39 39 30 26 27
1630830741.925 44 46 39 39 27 26 27
1630830742.174 45 45 39 40 28 27 25
1630830742.424 47 47 42 42 26 25 25
1630830742.674 46 46 39 39 28 26 26
1630830742.924 45 46 39 41 30 26 25
1630830743.173 46 48 39 39 27 24 27
1630830743.424 48 46 38 42 26 26 28
1630830743.673 47 45 39 38 28 26 25
1630830743.924 48 46 39 40 28 24 27
1630830744.174 46 46 39 40 27 25 25
1630830744.424 49 49 38 41 26 27 25
1630830744.675 46 47 39 39 27 25 26
1630830744.926 45 48 39 39 28 25 27
1630830745.174 46 44 39 40 28 26 26
1630830745.425 47 49 37 42 28 26 25
1630830745.674 44 45 39 39 28 25 26
1630830745.924 46 47 40 41 27 25 26
1630830746.174 48 45 39 39 27 27 27
1630830746.423 46 46 39 39 28 24 26
1630830746.674 49 48 41 41 27 26 26
1630830746.925 45 45 40 40 27 26 25
1630830747.174 44 48 40 42 28 26 27
1630830747.423 45 45 38 39 28 27 28
1630830747.673 45 45 39 40 27 27 26
1630830747.924 46 44 40 39 30 24 24
1630830748.174 47 46 39 41 28 25 25
1630830748.424 46 46 39 39 26 27 25
1630830748.674 46 45 38 40 28 26 27
1630830748.924 47 46 40 40 27 27 26
1630830749.174 47 46 40 38 28 27 25
1630830749.425 45 48 40 37 27 27 25
1630830749.677 44 47 41 39 27 26 25
1630830749.927 45 46 39 38 30 27 26
1630830750.176 46 44 40 38 29 27 26
1630830750.427 46 46 38 39 28 26 25
1630830750.679 47 45 39 40 27 26 27
1630830750.926 47 46 40 41 28 26 27
1630830751.177 45 49 39 38 29 25 25
1630830751.427 46 46 38 41 26 25 25
1630830751.677 46 46 39 38 28 25 25
1630830751.927 47 44 40 39 28 27 27
1630830752.174 47 46 39 38 26 26 26
1630830752.426 46 48 41 37 28 27 24
1630830752.674 47 47 41 42 27 26 26
1630830752.925 47 46 39 42 30 27 25
1630830753.175 46 46 42 40 27 26 27
1630830753.425 45 46 40 42 28 25 26
1630830753.674 47 46 41 41 26 24 28
1630830753.924 46 44 40 38 27 26 24
1630830754.174 45 45 40 39 28 26 25
1630830754.426 47 46 40 40 27 23 29
1630830754.674 46 47 39 38 27 25 27
1630830754.927 45 48 38 39 27 26 24
1630830755.179 44 50 39 40 28 24 28
1630830755.430 46 45 38 39 27 24 25
1630830755.680 46 45 38 40 27 27 27
1630830755.925 45 44 39 41 28 26 26
1630830756.175 46 46 42 38 27 25 27
1630830756.425 45 48 40 39 27 25 27
1630830756.679 48 43 40 41 28 26 26
1630830756.927 46 45 39 41 26 25 27
1630830757.179 48 47 40 40 28 26 26
1630830757.428 44 44 39 41 28 26 26
1630830757.677 45 45 41 41 26 26 29
1630830757.928 46 47 40 43 29 27 27
1630830758.176 46 46 40 41 28 26 26
1630830758.427 46 46 38 42 28 26 25
1630830758.677 46 46 39 43 27 26 25
1630830758.925 48 43 40 40 27 28 27
1630830759.177 45 46 38 41 27 25 27
1630830759.428 44 47 39 40 28 25 26
1630830759.676 47 45 40 40 28 26 27
1630830759.927 45 46 40 39 28 27 26
1630830760.175 45 48 40 41 27 27 26
1630830760.425 45 45 38 39 28 27 27
1630830760.676 46 45 41 38 27 25 25
1630830760.926 48 45 42 41 29 28 25
1630830761.175 47 44 41 40 30 27 24
1630830761.425 45 45 40 38 29 26 25
1630830761.676 45 47 40 41 30 26 25
1630830761.925 47 44 38 41 29 26 25
1630830762.174 46 44 39 39 27 27 25
1630830762.424 45 46 40 41 27 26 27
1630830762.674 45 46 39 38 27 28 26
1630830762.925 44 43 40 40 28 24 26
1630830763.175 47 45 40 39 28 26 27
1630830763.424 44 46 37 38 29 26 27
1630830763.674 45 47 38 38 27 25 25
1630830763.924 45 46 38 41 28 27 26
1630830764.174 45 45 40 39 28 28 25
1630830764.428 46 48 42 42 30 25 29
1630830764.675 48 47 40 42 31 27 27
1630830764.924 45 45 40 39 28 28 26
1630830765.174 47 48 40 39 29 25 25
1630830765.425 47 48 39 40 27 25 27
1630830765.675 44 46 40 40 27 26 26
1630830765.925 46 45 39 40 26 28 26
1630830766.175 47 46 39 41 26 26 26
1630830766.425 46 45 42 38 28 26 25
1630830766.677 49 45 41 40 28 26 26
1630830766.925 48 46 41 40 27 26 26
1630830767.176 44 45 39 40 27 27 27
1630830767.428 45 48 41 38 29 27 26
1630830767.676 48 50 40 40 27 25 29
1630830767.927 46 46 39 40 28 29 25
1630830768.178 46 45 38 40 27 28 25
1630830768.425 45 44 40 41 28 27 26
1630830768.676 47 46 41 40 29 25 27
1630830768.926 48 47 42 40 27 27 26
1630830769.175 46 47 38 38 29 26 25
1630830769.425 46 45 41 40 28 27 26
1630830769.677 47 46 39 41 27 26 26
1630830769.925 47 45 41 41 27 25 27
1630830770.175 46 47 40 37 29 26 26
1630830770.429 45 45 39 40 29 27 24
1630830770.680 47 45 38 40 30 27 25
1630830770.926 47 45 40 40 31 27 26
1630830771.176 46 46 40 40 27 25 26
1630830771.425 45 46 39 41 30 26 27
1630830771.675 44 45 39 40 30 27 28
1630830771.929 45 46 38 41 29 26 25
1630830772.175 48 46 39 40 26 26 25
1630830772.424 47 47 39 39 28 27 26
1630830772.675 47 45 40 40 28 25 26
1630830772.926 48 48 39 40 29 25 27
1630830773.176 46 46 41 40 27 26 27
1630830773.428 46 46 38 41 29 27 26
1630830773.679 48 47 41 38 26 25 27
1630830773.927 47 47 39 40 27 27 26
1630830774.180 46 46 39 38 27 27 27
1630830774.425 46 47 39 43 27 25 26
1630830774.675 46 45 39 40 30 27 27
1630830774.927 46 50 41 40 27 27 26
1630830775.175 43 47 39 41 28 27 25
1630830775.425 47 46 40 40 26 25 26
1630830775.676 47 46 40 42 28 26 27
1630830775.928 46 45 39 39 29 24 25
1630830776.178 45 47 42 38 27 26 27
1630830776.428 46 45 41 40 29 25 26
1630830776.677 44 46 40 42 28 28 26
1630830776.927 46 47 40 39 26 27 25
1630830777.179 45 45 39 40 26 26 26
1630830777.426 45 46 39 39 26 25 27
1630830777.676 47 46 38 41 27 24 27
1630830777.926 46 47 38 39 28 25 28
1630830778.176 47 46 40 40 28 25 25
1630830778.427 49 46 39 39 27 26 28
1630830778.677 44 46 39 40 28 26 26
1630830778.926 45 44 40 40 27 26 26
1630830779.175 47 48 40 39 28 26 27
1630830779.425 46 46 40 39 28 28 24
1630830779.675 46 48 41 42 26 26 26
1630830779.925 48 45 39 38 27 25 28
1630830780.175 46 46 40 38 28 25 26
1630830780.425 47 46 39 40 27 26 24
1630830780.676 46 45 38 38 28 25 24
1630830780.926 45 46 38 42 27 27 25
1630830781.175 45 48 43 39 27 25 25
1630830781.426 46 45 40 40 28 27 24
1630830781.676 48 47 39 39 28 25 27
1630830781.926 48 45 37 42 29 27 25
1630830782.175 47 47 40 38 28 27 25
1630830782.426 46 45 39 40 29 30 26
1630830782.675 45 45 39 39 26 25 26
1630830782.924 47 44 40 41 27 26 26
1630830783.178 47 48 41 39 25 25 26
1630830783.428 46 45 41 41 29 28 26
1630830783.676 46 45 41 39 28 26 27
1630830783.927 46 45 39 40 29 25 27
1630830784.177 44 46 40 42 27 27 27
1630830784.427 45 45 40 41 29 27 27
1630830784.677 46 47 40 41 28 29 26
1630830784.927 47 48 39 39 27 26 27
1630830785.179 45 47 41 39 28 27 25
1630830785.428 45 44 38 41 28 25 28
1630830785.678 44 45 38 41 27 27 27
1630830785.926 47 47 40 39 26 27 26
1630830786.178 46 47 39 42 27 26 26
1630830786.425 46 45 39 40 28 28 26
1630830786.676 48 48 39 41 26 28 24
1630830786.932 46 46 39 42 28 26 26
1630830787.180 48 47 38 40 28 25 25
1630830787.428 49 48 39 40 26 29 27
1630830787.677 48 47 38 41 27 26 26
1630830787.926 46 46 41 40 26 25 27
1630830788.178 46 45 38 41 29 28 26
1630830788.425 50 47 40 40 28 26 25
1630830788.676 46 48 41 41 28 29 25
1630830788.926 45 46 40 38 28 27 27
1630830789.175 45 48 40 40 28 26 29
1630830789.426 48 48 41 42 27 26 27
1630830789.675 46 47 40 40 29 25 27
1630830789.926 46 46 41 42 27 24 26
1630830790.177 46 46 40 38 27 29 26
1630830790.427 45 46 41 41 28 26 24
1630830790.683 46 45 41 38 26 27 25
1630830790.929 45 45 38 40 27 26 27
1630830791.179 46 48 39 42 26 26 25
1630830791.427 44 46 40 41 27 27 25
1630830791.676 47 46 39 40 28 26 27
1630830791.929 48 45 39 39 29 28 26
1630830792.176 46 48 38 38 28 25 24
1630830792.428 49 45 39 41 27 28 25
1630830792.679 47 45 40 39 25 26 25
1630830792.929 46 46 39 40 26 25 24
1630830793.179 46 45 39 40 27 26 26
1630830793.428 45 46 39 38 27 26 25
1630830793.680 44 46 41 39 30 28 26
1630830793.928 47 45 40 41 28 28 27
1630830794.178 45 46 40 40 26 27 27
1630830794.428 45 45 42 40 27 25 24
1630830794.679 45 45 42 40 28 26 27
1630830794.926 47 47 40 39 29 28 25
1630830795.177 45 48 39 41 26 28 26
1630830795.428 45 48 40 40 25 31 25
1630830795.675 47 49 39 41 28 31 26
1630830795.926 46 49 42 41 28 30 27
1630830796.175 47 48 40 40 27 29 27
1630830796.425 45 50 40 40 28 31 29
1630830796.675 45 50 41 41 26 32 26
1630830796.927 46 48 41 41 27 30 24
1630830797.179 48 49 41 39 26 30 26
1630830797.426 46 49 41 40 28 28 25
1630830797.675 49 48 40 39 27 29 26
1630830797.925 47 50 43 41 27 30 26
1630830798.175 47 49 41 42 30 30 26
1630830798.425 46 48 40 42 27 31 24
1630830798.675 47 48 43 41 27 31 26
1630830798.925 48 48 41 42 27 29 27
1630830799.175 47 49 40 42 28 28 27
1630830799.425 45 50 39 40 26 29 27
1630830799.675 47 49 40 43 28 29 26
1630830799.926 47 50 40 40 26 28 27
1630830800.176 47 50 41 40 29 29 26
1630830800.426 45 49 39 41 27 28 26
1630830800.676 44 49 43 39 26 30 27
1630830800.925 46 50 40 41 29 27 27
1630830801.174 45 48 41 40 27 31 28
1630830801.425 48 49 42 42 27 27 25
1630830801.675 46 50 40 41 25 30 25
1630830801.925 45 49 40 43 26 29 27
1630830802.175 45 48 39 40 27 28 26
1630830802.425 44 51 41 41 27 29 27
1630830802.678 47 48 41 41 29 29 26
1630830802.927 49 49 42 39 26 29 27
1630830803.177 46 49 40 41 27 30 27
1630830803.429 46 49 40 42 27 27 28
1630830803.679 45 49 43 42 28 26 25
1630830803.928 46 47 41 40 28 27 25
1630830804.178 47 49 41 40 28 29 25
1630830804.428 44 49 42 38 28 29 25
1630830804.679 46 49 40 40 29 27 25
