1634224656.385 46 52 39 32 27 22 20
1634224656.656 46 49 38 36 29 23 20
1634224656.886 48 54 39 34 28 22 23
1634224657.131 47 50 37 35 29 22 20
1634224657.383 48 52 37 34 28 21 22
1634224657.637 49 51 38 36 28 22 21
1634224657.882 47 52 39 35 28 24 23
1634224658.132 47 49 38 34 29 22 23
1634224658.385 49 50 38 34 30 22 22
1634224658.633 48 51 39 34 28 22 21
1634224658.883 47 51 39 33 28 24 23
1634224659.132 46 50 37 38 27 24 22
1634224659.386 50 53 38 33 27 21 22
1634224659.632 46 50 39 35 30 21 21
1634224659.882 48 51 38 37 26 23 24
1634224660.135 47 52 37 32 26 23 20
1634224660.382 46 51 40 35 29 22 21
1634224660.633 47 51 38 34 30 23 22
1634224660.883 48 52 38 36 27 22 20
1634224661.132 47 50 37 35 28 23 21
1634224661.637 47 52 39 34 28 23 22
1634224661.885 49 52 40 32 27 23 22
1634224662.141 47 49 39 37 28 22 21
1634224662.382 49 51 37 33 25 23 22
1634224662.637 47 50 37 34 28 27 24
1634224662.882 48 50 38 35 27 21 20
1634224663.132 48 52 38 34 28 22 22
1634224663.383 48 51 36 34 26 24 22
1634224663.640 46 52 39 34 27 23 21
1634224663.882 47 51 37 34 28 25 26
1634224664.133 47 53 38 36 26 24 22
1634224664.382 46 51 38 35 28 24 23
1634224664.636 46 52 37 33 27 21 23
1634224664.883 48 52 38 33 27 22 24
1634224665.132 48 52 39 36 29 24 23
1634224665.383 46 49 36 34 28 23 22
1634224665.634 48 52 39 35 29 23 22
1634224665.885 48 52 39 35 27 23 24
1634224666.132 46 50 39 35 26 23 23
1634224666.384 49 51 38 34 29 24 19
1634224666.633 47 50 37 34 26 22 20
1634224666.882 46 52 39 33 28 24 22
1634224667.135 48 49 38 33 27 21 21
1634224667.383 50 49 38 37 28 21 22
1634224667.635 48 49 39 38 28 21 23
1634224667.885 48 52 37 34 27 22 21
1634224668.133 49 49 38 32 27 22 21
1634224668.383 49 50 39 34 28 21 22
1634224668.634 48 51 39 34 28 24 22
1634224668.882 47 50 38 36 28 25 22
1634224669.134 51 51 37 34 27 22 25
1634224669.384 48 52 38 33 27 22 23
1634224669.633 46 51 39 36 26 21 22
1634224669.883 50 50 38 36 26 22 22
1634224670.135 48 51 37 35 28 23 22
1634224670.383 48 50 40 33 27 21 22
1634224670.635 48 53 38 35 27 24 22
1634224670.884 52 51 39 36 26 21 22
1634224671.136 46 51 40 33 30 24 22
1634224671.383 46 49 37 38 30 22 21
1634224671.633 47 49 38 34 26 24 20
1634224671.884 48 52 39 33 24 22 26
1634224672.135 49 52 38 34 29 23 22
1634224672.383 46 49 38 35 29 24 22
1634224672.633 46 52 38 35 28 21 24
1634224672.884 48 49 39 33 29 23 22
1634224673.135 47 52 39 34 28 25 21
1634224673.386 46 52 39 33 27 20 20
1634224673.634 47 51 40 35 26 22 22
1634224673.885 48 49 38 35 27 22 22
1634224674.134 50 51 38 36 28 23 21
1634224674.384 50 54 37 33 30 23 22
1634224674.637 47 50 37 35 27 22 22
1634224674.883 47 52 38 34 26 24 22
1634224675.134 50 51 39 34 27 20 22
1634224675.384 45 50 37 34 28 23 21
1634224675.634 47 52 37 34 26 20 20
1634224675.884 47 49 37 34 27 21 25
1634224676.135 49 53 38 36 29 23 21
1634224676.387 50 52 37 35 26 24 22
1634224676.634 48 50 36 34 28 23 23
1634224676.885 47 48 37 33 27 24 21
1634224677.134 48 51 39 33 28 23 21
1634224677.384 46 50 39 34 27 25 21
1634224677.634 48 52 36 34 28 23 22
1634224677.883 46 51 37 34 26 23 21
1634224678.134 45 50 39 35 27 21 22
1634224678.386 49 51 38 35 27 22 22
1634224678.637 48 51 36 34 25 20 21
1634224678.885 48 50 38 34 26 23 20
1634224679.135 48 49 37 35 27 22 25
1634224679.388 49 50 37 35 26 23 22
1634224679.634 48 52 38 34 31 21 21
1634224679.885 48 52 39 34 27 23 23
1634224680.135 48 50 39 34 28 24 21
1634224680.388 47 50 39 34 27 22 22
1634224680.636 49 50 38 35 27 22 24
1634224680.890 48 51 37 37 29 24 22
1634224681.135 48 52 37 34 29 23 22
1634224681.384 47 51 39 33 28 22 24
1634224681.637 48 51 38 38 28 23 21
1634224681.885 48 52 38 35 31 22 22
1634224682.139 46 53 37 34 27 23 21
1634224682.385 48 50 38 34 27 22 22
1634224682.634 48 51 38 36 28 24 22
1634224682.888 45 50 37 33 29 21 22
1634224683.135 48 52 38 33 27 22 20
1634224683.385 48 52 38 36 30 22 22
1634224683.637 47 50 38 34 28 23 23
1634224683.884 47 52 38 35 26 24 20
1634224684.139 45 51 40 34 27 21 21
1634224684.385 46 52 39 34 28 23 22
1634224684.635 45 54 39 35 28 23 22
1634224684.888 46 50 37 33 28 23 20
1634224685.134 49 51 39 36 27 23 22
1634224685.385 49 52 38 33 30 23 21
1634224685.635 49 50 38 34 25 23 22
1634224685.884 49 50 40 33 28 22 20
1634224686.138 47 52 37 34 27 22 20
1634224686.387 47 51 37 35 28 23 21
1634224686.635 48 51 36 35 28 22 23
1634224686.886 47 50 39 32 28 21 24
1634224687.137 47 53 39 33 29 21 22
1634224687.387 47 50 39 35 28 23 22
1634224687.634 49 50 39 35 27 22 22
1634224687.890 47 49 39 36 28 22 21
1634224688.135 46 50 39 36 29 23 22
1634224688.387 46 51 37 36 26 22 20
1634224688.635 47 51 37 35 26 22 22
1634224688.886 50 51 37 34 28 22 23
1634224689.136 47 49 36 36 27 23 20
1634224689.388 47 52 37 34 28 21 22
1634224689.634 50 52 39 34 31 23 22
1634224689.886 46 50 39 34 28 23 21
1634224690.136 48 50 38 34 28 22 19
1634224690.390 49 52 38 36 26 21 23
1634224690.637 47 49 39 34 28 24 25
1634224690.885 48 51 39 37 27 21 22
1634224691.136 47 50 39 34 29 23 22
1634224691.387 48 49 38 36 29 21 24
1634224691.635 49 51 40 33 29 23 21
1634224691.888 46 53 39 34 27 21 23
1634224692.137 48 52 37 32 26 22 22
1634224692.386 47 51 38 35 28 20 22
1634224692.638 46 51 38 35 26 23 21
1634224692.886 46 50 39 35 30 20 21
1634224693.140 45 52 37 33 27 21 23
1634224693.386 46 50 39 35 28 22 22
1634224693.636 48 52 39 36 27 21 20
1634224693.886 47 50 38 36 26 23 21
1634224694.135 49 52 38 35 27 22 22
1634224694.386 46 52 37 38 27 24 23
1634224694.635 49 49 41 34 28 24 22
1634224694.886 46 51 38 33 28 22 20
1634224695.137 49 50 38 36 29 21 25
1634224695.386 47 52 39 36 28 22 20
1634224695.635 47 49 38 34 27 22 22
1634224695.886 49 50 38 36 28 22 23
1634224696.137 48 53 39 34 27 23 21
1634224696.385 47 52 39 33 27 22 22
1634224696.636 47 50 38 35 27 22 23
1634224696.885 48 52 38 37 30 21 22
1634224697.136 48 50 40 36 26 22 22
1634224697.385 46 52 39 33 28 22 21
1634224697.636 49 51 38 35 27 22 22
1634224697.885 47 52 38 36 28 23 22
1634224698.136 48 51 38 38 30 23 23
1634224698.388 47 51 38 37 27 21 22
1634224698.636 47 53 39 35 28 22 22
1634224698.889 50 50 38 34 28 22 25
1634224699.139 46 49 38 36 29 23 23
1634224699.387 50 50 39 35 26 22 24
1634224699.638 49 50 39 35 28 22 22
1634224699.887 47 49 37 36 26 22 24
1634224700.138 47 52 43 33 28 20 22
1634224700.388 49 50 39 33 29 22 23
1634224700.636 47 51 38 33 28 25 22
1634224700.887 48 51 39 33 27 22 21
1634224701.137 47 51 39 34 30 23 21
1634224701.387 47 50 38 34 27 22 25
1634224701.636 47 52 39 33 27 22 20
1634224701.886 47 52 40 32 29 22 23
1634224702.135 48 51 38 35 26 22 20
1634224702.387 47 51 36 35 27 24 23
1634224702.637 46 51 38 35 27 23 22
1634224702.890 46 52 37 35 27 24 22
1634224703.137 48 50 37 33 28 22 21
1634224703.389 50 51 39 34 28 23 22
1634224703.636 47 50 37 37 26 24 22
1634224703.896 49 50 38 35 29 23 23
1634224704.138 48 51 38 35 27 25 21
1634224704.387 48 50 37 34 30 23 22
1634224704.645 48 52 38 34 27 21 23
1634224704.887 47 50 40 34 28 21 23
1634224705.137 48 51 37 34 27 21 23
1634224705.388 49 52 38 33 27 23 20
1634224705.637 47 50 38 34 29 21 23
1634224705.889 47 51 36 33 28 24 21
1634224706.138 48 51 39 34 27 23 21
1634224706.387 47 51 38 34 28 22 21
1634224706.638 47 51 38 35 29 21 22
1634224706.894 51 51 39 34 27 23 22
1634224707.138 48 51 38 34 27 25 23
1634224707.393 46 50 38 35 27 21 21
1634224707.637 47 51 37 34 29 22 21
1634224707.891 47 51 37 34 28 23 20
1634224708.136 46 52 39 36 27 22 23
1634224708.387 49 50 38 35 28 22 22
1634224708.637 48 51 39 36 27 23 22
1634224708.889 48 51 39 35 27 22 21
1634224709.137 51 49 39 35 28 23 22
1634224709.387 48 51 38 35 25 24 21
1634224709.642 47 52 40 33 28 22 23
1634224709.887 48 50 37 35 28 22 21
1634224710.139 49 52 38 35 25 22 23
1634224710.387 48 50 37 34 28 22 22
1634224710.637 46 51 37 35 26 22 23
1634224710.891 47 51 37 32 26 24 21
1634224711.137 45 51 39 40 28 23 21
1634224711.388 45 50 37 33 27 22 21
1634224711.637 47 53 37 35 28 20 22
1634224711.886 48 50 38 35 27 23 23
1634224712.138 48 49 37 32 29 22 21
1634224712.388 47 50 37 35 29 21 22
1634224712.639 47 51 38 36 28 21 22
1634224712.887 49 53 39 36 29 22 22
1634224713.140 47 51 38 36 30 25 21
1634224713.390 47 51 38 34 27 24 23
1634224713.637 48 51 38 35 29 22 22
1634224713.889 49 50 38 34 28 24 23
1634224714.138 48 50 38 34 31 23 22
1634224714.387 48 50 40 35 28 22 22
1634224714.638 47 50 38 32 28 22 22
1634224714.889 48 50 38 32 28 21 23
1634224715.138 49 52 39 35 29 21 23
1634224715.388 48 50 38 33 28 24 22
1634224715.638 48 50 40 35 27 22 22
1634224715.888 50 51 39 34 31 23 24
1634224716.138 47 52 37 35 28 22 21
1634224716.392 44 50 38 34 28 23 22
1634224716.638 46 52 40 32 27 23 23
1634224716.888 47 50 38 34 28 24 21
1634224717.138 46 52 40 34 28 21 23
1634224717.388 48 49 38 36 30 22 21
1634224717.637 47 50 37 37 27 22 22
1634224717.887 48 50 37 33 29 21 22
1634224718.140 46 51 37 32 29 23 21
1634224718.388 49 52 38 34 29 23 21
1634224718.638 48 52 40 36 29 20 23
1634224718.888 49 51 40 34 28 22 21
1634224719.141 47 54 37 34 26 23 24
1634224719.388 50 52 39 34 27 22 22
1634224719.641 46 51 37 34 28 23 22
1634224719.891 46 49 39 33 29 22 22
1634224720.138 48 48 38 35 29 23 22
1634224720.388 47 51 39 36 27 22 21
1634224720.638 49 51 40 35 26 23 23
1634224720.888 47 51 38 34 28 24 24
1634224721.138 47 51 37 36 30 22 21
1634224721.389 45 51 38 36 26 21 20
1634224721.638 49 51 40 34 27 22 23
1634224721.889 48 52 38 33 26 23 23
1634224722.140 47 51 39 34 28 23 24
1634224722.388 47 51 38 37 26 22 23
1634224722.638 48 51 41 34 28 21 23
1634224722.889 48 53 37 34 27 25 20
1634224723.150 46 50 38 35 28 23 20
1634224723.388 46 52 38 35 28 22 22
1634224723.640 48 50 38 34 29 23 22
1634224723.892 45 51 40 36 28 24 21
1634224724.138 49 51 39 34 27 23 23
1634224724.391 49 52 39 36 32 23 24
1634224724.639 46 50 37 35 29 22 22
1634224724.890 48 51 38 35 28 23 20
1634224725.140 48 51 39 35 27 22 22
1634224725.391 48 51 36 33 28 22 22
1634224725.639 48 50 37 35 28 22 21
1634224725.891 47 50 38 35 28 22 19
1634224726.139 46 54 40 35 28 22 23
1634224726.389 45 49 36 34 27 23 22
1634224726.641 48 49 37 36 27 22 21
1634224726.890 49 52 37 34 26 23 22
1634224727.140 47 51 38 33 28 22 22
1634224727.390 45 52 38 36 27 22 24
1634224727.641 47 52 38 37 28 22 21
1634224727.892 48 51 37 34 27 23 23
1634224728.143 48 51 40 34 27 23 24
1634224728.389 47 51 38 33 26 23 21
1634224728.639 47 51 37 34 26 23 21
1634224728.889 45 53 39 34 27 22 22
1634224729.139 46 48 39 34 27 24 23
1634224729.391 47 50 37 35 28 25 22
1634224729.639 47 49 38 33 27 23 24
1634224729.889 48 50 38 34 27 24 21
1634224730.142 48 52 40 35 28 22 22
1634224730.390 47 50 40 33 27 22 22
1634224730.638 48 50 37 34 28 23 21
1634224730.892 49 50 36 37 28 22 22
1634224731.142 48 50 39 34 30 23 22
1634224731.391 48 49 38 35 27 23 21
1634224731.643 47 50 38 33 28 22 22
1634224731.889 47 52 39 35 27 23 24
1634224732.142 48 50 38 36 29 22 21
1634224732.389 46 50 38 35 26 21 23
1634224732.642 46 53 38 33 27 23 22
1634224732.891 46 50 38 35 27 22 21
1634224733.139 47 51 38 33 26 23 21
1634224733.389 48 50 36 35 29 25 20
1634224733.640 45 52 38 35 27 22 21
1634224733.889 49 49 37 35 28 21 23
1634224734.142 48 51 37 32 27 23 23
1634224734.391 49 49 37 36 27 24 22
1634224734.639 47 49 37 35 28 23 22
1634224734.891 46 51 39 35 29 22 22
1634224735.140 47 51 38 33 29 22 21
1634224735.390 47 49 39 32 26 21 24
1634224735.639 47 52 37 35 27 23 21
1634224735.891 48 50 38 36 26 22 22
1634224736.139 48 49 38 36 26 22 22
1634224736.390 49 53 37 34 28 21 23
1634224736.640 46 51 38 35 28 24 20
1634224736.892 48 52 37 34 27 22 22
1634224737.140 48 52 38 35 27 22 22
1634224737.390 49 50 35 34 27 22 22
1634224737.642 47 50 37 35 31 22 20
1634224737.889 46 50 38 34 30 22 21
1634224738.139 46 51 38 36 27 23 22
1634224738.390 49 51 38 35 26 23 22
1634224738.640 48 52 37 36 28 22 21
1634224738.889 46 50 39 34 27 22 21
1634224739.140 46 52 37 33 27 25 21
1634224739.390 47 48 39 33 28 21 22
1634224739.639 47 52 37 33 27 22 22
1634224739.889 49 50 38 33 27 23 22
1634224740.144 46 50 39 33 31 22 22
1634224740.396 49 50 37 34 27 20 24
1634224740.640 46 51 38 35 28 26 21
1634224740.893 46 51 39 34 27 22 22
1634224741.139 46 53 39 35 29 23 22
1634224741.390 46 52 37 35 28 22 23
1634224741.644 47 53 39 36 27 22 21
1634224741.889 49 52 38 36 27 23 22
1634224742.143 48 50 37 35 29 23 21
1634224742.389 48 52 38 34 26 23 22
1634224742.640 46 50 38 34 28 22 21
1634224742.891 46 50 36 34 28 22 21
1634224743.141 46 49 40 35 26 22 23
1634224743.392 47 50 38 35 27 22 21
1634224743.641 47 49 37 33 26 21 23
1634224743.894 45 50 39 37 27 23 21
1634224744.142 46 50 38 34 29 22 22
1634224744.393 46 51 37 34 30 22 23
1634224744.644 46 51 39 35 28 21 22
1634224744.890 45 49 40 34 25 21 21
1634224745.143 50 50 40 35 26 22 21
1634224745.391 47 52 38 37 26 23 24
1634224745.641 46 51 37 34 27 24 21
1634224745.893 48 52 37 35 29 23 21
1634224746.140 51 51 38 35 28 24 21
1634224746.392 49 51 38 35 28 22 21
1634224746.642 49 51 39 36 28 23 21
1634224746.890 46 52 37 33 27 22 21
1634224747.144 48 51 38 36 26 21 22
1634224747.395 47 53 38 36 30 22 22
1634224747.641 48 52 38 36 28 22 22
1634224747.894 49 52 41 34 29 23 22
1634224748.140 45 51 37 35 27 24 21
1634224748.394 46 50 39 35 29 23 22
1634224748.647 48 50 39 33 26 22 21
1634224748.893 50 50 41 34 27 24 21
1634224749.147 46 53 39 34 28 26 21
1634224749.390 48 52 39 34 29 24 22
1634224749.641 48 50 36 37 31 23 25
1634224749.895 47 52 39 35 25 22 22
1634224750.145 48 52 38 34 27 23 23
1634224750.393 49 49 37 35 26 23 22
1634224750.644 48 50 37 36 28 22 23
1634224750.891 48 49 38 35 30 21 22
1634224751.144 46 50 38 34 27 22 20
1634224751.394 48 52 43 35 27 23 22
1634224751.641 47 52 39 34 26 23 23
1634224751.895 46 51 37 36 26 22 20
1634224752.142 47 52 38 36 28 23 24
1634224752.391 48 50 37 34 25 21 22
1634224752.641 46 51 37 33 27 23 21
1634224752.891 49 49 38 33 25 23 25
1634224753.141 46 50 37 36 26 22 20
1634224753.392 46 50 38 36 26 24 22
1634224753.642 45 50 38 32 26 21 23
1634224753.891 44 49 37 33 24 21 22
1634224754.142 46 50 37 33 27 22 21
1634224754.392 49 52 37 34 29 24 22
1634224754.641 47 52 38 34 26 22 21
1634224754.891 46 49 37 34 27 23 21
1634224755.142 47 48 38 32 25 22 23
1634224755.393 48 51 37 34 26 24 22
1634224755.642 48 52 38 35 27 22 20
1634224755.894 46 52 42 33 25 21 23
1634224756.141 48 50 39 34 27 23 21
1634224756.391 46 53 36 34 27 24 21
1634224756.641 49 50 40 34 30 22 21
1634224756.892 46 52 38 34 29 25 23
1634224757.142 48 50 39 34 32 22 20
1634224757.393 46 50 37 34 27 24 21
1634224757.641 48 52 38 34 28 25 23
1634224757.891 45 51 39 36 27 21 22
1634224758.142 45 51 37 34 25 24 21
1634224758.391 49 50 40 35 28 22 21
1634224758.641 50 49 36 35 27 21 23
1634224758.892 48 51 38 33 27 23 22
1634224759.143 47 53 38 34 27 22 24
1634224759.394 47 51 37 35 31 24 20
1634224759.641 47 51 35 36 27 24 20
1634224759.892 48 50 37 34 27 23 22
1634224760.143 46 49 37 34 27 23 21
1634224760.391 47 50 39 34 26 22 22
1634224760.642 47 54 38 34 27 23 22
1634224760.891 47 51 39 36 28 25 21
1634224761.142 47 54 39 35 26 22 20
1634224761.392 48 50 37 35 26 24 22
1634224761.646 48 52 40 34 29 23 21
1634224761.892 46 49 39 35 26 24 22
1634224762.142 46 54 40 34 29 21 21
1634224762.396 48 52 39 34 29 23 22
1634224762.642 47 50 36 34 31 22 21
1634224762.892 48 50 39 33 28 22 22
1634224763.142 47 53 37 34 30 23 21
1634224763.392 47 49 38 35 28 24 21
1634224763.642 48 51 36 35 26 24 22
1634224763.892 48 52 38 33 28 23 20
1634224764.143 49 50 38 33 28 21 22
1634224764.391 48 50 38 34 29 21 23
1634224764.643 49 54 40 34 27 24 22
1634224764.892 48 53 37 35 27 21 23
1634224765.143 44 52 39 32 28 21 21
1634224765.395 46 51 37 36 30 25 22
1634224765.642 48 52 37 33 27 23 20
1634224765.892 49 50 40 35 28 22 21
1634224766.148 47 51 39 32 28 23 22
1634224766.392 47 51 36 33 27 22 20
1634224766.643 46 51 37 34 26 22 22
1634224766.894 46 52 38 37 29 22 21
1634224767.142 47 52 36 34 28 23 21
1634224767.393 46 49 38 33 27 22 21
1634224767.642 48 50 38 35 29 22 22
1634224767.894 45 51 39 34 27 22 21
1634224768.143 48 52 38 34 28 22 20
1634224768.394 49 52 38 33 26 25 23
1634224768.643 47 51 38 33 30 23 21
1634224768.893 48 52 38 35 27 21 20
1634224769.146 49 52 36 34 28 24 23
1634224769.393 47 51 39 33 27 22 22
1634224769.645 48 51 37 33 28 22 23
1634224769.894 47 52 41 33 27 22 24
1634224770.144 47 53 37 36 28 22 21
1634224770.393 47 50 38 35 26 24 21
1634224770.645 47 52 39 34 28 24 22
1634224770.898 47 51 39 35 27 23 21
1634224771.143 47 51 39 32 27 23 22
1634224771.394 47 49 37 35 28 21 21
1634224771.650 49 52 38 34 26 23 21
1634224771.892 46 52 36 34 27 23 21
1634224772.147 47 50 39 34 27 22 23
1634224772.392 49 51 38 35 27 21 24
1634224772.646 49 50 38 35 26 21 21
1634224772.892 46 52 39 35 27 21 24
1634224773.142 47 51 41 34 29 25 23
1634224773.393 48 52 38 33 26 21 23
1634224773.650 48 51 37 35 26 24 21
1634224773.893 46 51 39 35 27 23 21
1634224774.142 47 50 38 33 28 22 23
1634224774.395 49 52 38 35 28 22 22
1634224774.644 47 50 38 36 27 22 22
1634224774.893 46 52 38 33 28 21 22
1634224775.142 46 52 39 33 28 23 23
1634224775.394 48 50 40 33 28 22 21
1634224775.643 48 50 38 33 28 23 21
1634224775.893 46 51 39 35 28 22 20
1634224776.144 48 50 38 35 27 22 24
1634224776.393 48 50 38 36 28 24 24
1634224776.644 49 51 38 33 26 23 23
1634224776.894 48 50 38 33 28 23 21
1634224777.142 47 52 37 34 28 22 20
1634224777.393 48 51 38 33 27 22 23
1634224777.643 47 50 42 34 27 22 21
1634224777.893 48 49 38 34 27 22 21
1634224778.143 47 49 40 36 28 22 21
1634224778.393 47 49 37 35 30 22 20
1634224778.645 47 51 37 34 28 21 22
1634224778.893 46 49 41 34 26 23 21
1634224779.144 46 51 38 35 30 23 22
1634224779.393 48 51 37 35 26 22 22
1634224779.646 47 52 38 35 28 23 21
1634224779.896 48 49 37 36 27 24 22
1634224780.144 46 50 38 33 28 22 25
1634224780.393 50 52 38 34 28 20 19
1634224780.644 46 51 38 35 28 22 22
1634224780.899 45 51 37 33 28 22 21
1634224781.145 47 52 40 34 25 21 20
1634224781.395 46 51 37 33 27 23 24
1634224781.643 47 51 38 35 27 22 19
1634224781.894 51 51 39 35 27 22 22
1634224782.148 46 52 37 33 26 23 23
1634224782.394 45 50 37 35 27 22 21
1634224782.643 44 52 40 34 27 22 20
1634224782.893 51 50 36 35 27 24 21
1634224783.144 50 53 39 36 27 22 22
1634224783.395 48 50 37 34 27 23 20
1634224783.644 49 50 37 33 27 24 22
1634224783.896 48 50 37 33 28 23 22
1634224784.147 48 51 38 34 25 22 26
1634224784.394 47 52 38 34 28 22 20
1634224784.647 49 51 36 35 25 24 20
1634224784.897 47 51 39 34 26 24 22
1634224785.143 48 52 40 34 28 23 24
1634224785.394 48 50 38 34 29 23 22
1634224785.645 48 52 38 34 27 22 20
1634224785.893 46 51 38 33 28 24 22
1634224786.145 47 52 38 35 27 22 22
1634224786.394 47 51 38 32 27 22 24
1634224786.646 46 51 39 38 26 27 22
1634224786.894 47 54 41 35 29 23 21
1634224787.144 47 49 38 35 27 24 22
1634224787.402 48 50 38 33 28 24 21
1634224787.645 46 48 38 34 27 23 24
1634224787.895 46 53 38 36 28 23 21
1634224788.148 47 53 39 37 28 25 22
1634224788.394 47 50 38 36 27 24 23
1634224788.657 50 51 38 37 26 24 20
1634224788.894 45 52 40 33 29 24 21
1634224789.146 47 52 39 35 26 21 22
1634224789.399 46 52 36 33 27 24 23
1634224789.645 49 51 38 34 27 23 22
1634224789.894 48 50 39 35 28 22 21
1634224790.146 49 52 38 34 26 23 21
1634224790.395 49 51 38 34 29 25 23
1634224790.645 47 50 40 35 27 23 24
1634224790.896 48 50 37 34 30 21 22
1634224791.145 49 49 39 35 26 22 20
1634224791.396 46 49 39 34 28 22 21
1634224791.650 48 50 37 34 28 23 22
1634224791.894 48 52 39 33 26 23 22
1634224792.146 50 51 39 33 26 22 22
1634224792.396 47 51 37 36 28 22 20
1634224792.646 46 50 38 34 27 23 20
1634224792.897 46 51 38 35 27 25 23
1634224793.144 47 51 38 34 26 22 22
1634224793.396 46 53 37 37 27 22 21
1634224793.649 48 51 40 34 28 24 21
1634224793.894 51 51 38 34 28 22 21
1634224794.149 49 50 39 32 25 21 22
1634224794.395 47 51 39 35 27 22 23
1634224794.646 48 51 37 33 27 23 22
1634224794.896 49 52 39 32 28 23 20
1634224795.145 48 51 39 37 27 22 23
1634224795.395 48 51 38 35 28 24 20
1634224795.646 50 49 38 34 29 22 21
1634224795.895 46 51 39 34 28 23 24
1634224796.146 48 52 38 34 29 21 21
1634224796.394 46 51 37 35 28 21 22
1634224796.646 45 54 37 36 29 22 20
1634224796.894 48 49 37 35 27 23 22
1634224797.148 46 50 37 34 28 22 21
1634224797.395 48 50 38 34 27 23 21
1634224797.645 48 52 36 34 28 23 21
1634224797.897 46 53 38 35 27 22 23
1634224798.145 47 51 39 34 26 23 23
1634224798.396 50 52 37 33 29 23 21
1634224798.647 47 51 37 33 27 20 23
1634224798.895 46 51 40 35 28 24 22
1634224799.147 47 52 38 36 28 22 22
1634224799.395 49 51 36 35 28 22 20
1634224799.646 48 51 39 32 27 22 22
1634224799.896 46 51 38 34 27 20 21
1634224800.145 47 52 40 34 28 22 21
1634224800.395 47 51 38 32 27 24 21
1634224800.646 47 49 38 36 28 21 22
1634224800.894 48 52 38 33 26 23 22
1634224801.146 49 51 36 34 25 23 23
1634224801.395 48 54 38 34 27 24 22
1634224801.646 46 51 38 34 27 23 22
1634224801.898 49 53 38 33 29 22 21
1634224802.147 46 54 38 35 27 21 22
1634224802.396 48 50 37 33 32 24 22
1634224802.647 47 51 39 32 30 23 24
1634224802.895 48 51 38 35 26 23 21
1634224803.147 48 50 39 37 26 22 22
1634224803.397 47 51 36 35 27 22 23
1634224803.645 46 48 37 36 30 21 21
1634224803.898 47 51 37 34 26 21 21
1634224804.146 47 52 39 34 27 21 21
1634224804.395 49 51 38 36 30 24 21
1634224804.645 47 49 37 34 29 23 21
1634224804.898 47 50 40 34 29 21 23
1634224805.146 49 50 39 35 28 23 24
1634224805.397 47 51 40 35 29 24 22
1634224805.646 47 50 38 35 28 22 21
1634224805.895 48 51 38 36 28 22 20
1634224806.145 51 50 37 34 27 20 22
1634224806.395 48 54 37 33 25 23 24
1634224806.645 48 51 38 35 28 21 22
1634224806.897 48 54 38 35 27 23 21
1634224807.145 50 51 40 35 27 24 21
1634224807.395 47 52 38 34 27 23 22
1634224807.645 46 52 37 35 27 22 20
1634224807.896 46 51 39 34 25 22 22
1634224808.146 48 50 39 34 27 21 21
1634224808.396 46 54 36 34 31 24 21
1634224808.646 49 50 37 35 28 22 23
1634224808.896 48 51 38 35 29 21 19
1634224809.146 49 50 38 35 29 22 20
1634224809.398 50 48 37 34 28 23 20
1634224809.646 48 49 39 36 28 23 21
1634224809.896 48 52 40 34 28 24 20
1634224810.147 46 50 39 32 30 23 24
1634224810.395 48 52 37 34 28 22 22
1634224810.647 48 53 39 33 26 21 21
1634224810.896 49 51 40 36 26 23 21
1634224811.145 49 50 40 34 27 23 23
1634224811.396 45 50 37 36 27 21 22
1634224811.654 48 52 38 36 26 21 20
1634224811.896 46 52 39 35 27 21 23
1634224812.146 48 51 37 35 27 23 22
1634224812.395 49 51 37 35 28 21 23
1634224812.652 47 50 39 33 28 23 23
1634224812.898 45 50 37 36 27 21 21
1634224813.147 47 51 37 33 29 23 22
1634224813.401 48 52 38 35 27 23 22
1634224813.648 47 50 37 35 28 24 21
1634224813.896 47 51 39 37 27 22 20
1634224814.151 48 50 38 34 27 23 21
1634224814.398 47 52 38 34 27 22 21
1634224814.652 47 51 38 36 28 23 23
1634224814.897 48 52 39 34 30 21 20
1634224815.146 47 51 38 35 28 23 23
1634224815.398 47 54 37 34 28 20 21
1634224815.646 47 49 38 35 27 21 23
1634224815.899 47 50 39 36 27 22 22
1634224816.147 47 50 40 34 28 22 21
1634224816.397 47 49 38 32 28 22 21
1634224816.648 47 50 39 38 26 22 21
1634224816.897 48 50 38 38 25 22 22
1634224817.147 45 51 39 34 29 21 23
1634224817.401 48 53 38 33 30 21 23
1634224817.647 48 51 39 34 26 23 23
1634224817.898 47 53 37 35 27 21 21
1634224818.151 48 51 37 33 26 21 22
1634224818.397 47 49 36 35 28 23 22
1634224818.647 48 50 39 35 28 23 22
1634224818.896 45 50 38 35 26 23 22
1634224819.146 46 51 38 35 29 22 22
1634224819.403 48 50 36 35 30 22 21
1634224819.647 48 51 37 36 27 23 21
1634224819.897 46 50 40 33 28 23 23
1634224820.146 46 51 36 34 27 22 22
1634224820.400 50 51 37 33 27 23 20
1634224820.650 49 52 37 35 28 25 20
1634224820.898 45 51 38 37 26 22 22
1634224821.147 49 51 37 36 27 23 23
1634224821.399 48 52 37 35 28 21 21
1634224821.648 49 51 39 35 29 23 23
1634224821.898 46 51 38 34 27 22 21
1634224822.149 49 52 37 35 29 21 22
1634224822.401 47 50 37 35 28 22 22
1634224822.646 50 51 38 34 29 22 21
1634224822.897 50 50 38 36 27 21 23
1634224823.148 50 52 37 34 27 23 23
1634224823.397 49 52 37 35 30 22 21
1634224823.649 47 51 36 34 27 23 23
1634224823.898 45 50 38 32 27 20 23
1634224824.150 47 51 40 35 29 23 22
1634224824.398 48 50 38 35 28 21 21
1634224824.648 46 51 37 33 27 23 21
1634224824.899 50 52 37 35 29 23 22
1634224825.149 49 50 38 36 29 23 20
1634224825.397 49 52 39 35 30 22 22
1634224825.647 48 53 39 34 28 22 22
1634224825.897 47 51 38 32 25 22 22
1634224826.149 47 51 38 33 25 24 21
1634224826.399 50 52 40 34 28 23 21
1634224826.647 49 50 39 34 32 22 22
1634224826.897 49 50 39 34 27 22 20
1634224827.149 48 49 37 34 27 22 21
1634224827.399 49 52 39 35 26 23 21
1634224827.647 47 52 40 33 28 24 22
1634224827.897 46 51 38 37 28 21 22
1634224828.148 47 52 37 35 27 23 21
1634224828.400 47 49 37 35 27 25 21
1634224828.648 48 51 36 35 27 21 20
1634224828.898 47 52 37 34 27 22 21
1634224829.152 47 49 39 33 29 24 22
1634224829.398 47 50 38 34 26 22 22
1634224829.648 49 50 38 35 29 21 22
1634224829.900 47 51 38 34 25 23 20
1634224830.148 48 52 38 35 30 22 23
1634224830.398 49 51 37 36 28 21 22
1634224830.650 46 50 39 34 26 22 20
1634224830.899 46 51 38 35 28 23 20
1634224831.148 45 48 37 33 26 22 22
1634224831.397 47 51 39 35 25 24 20
1634224831.650 48 49 39 34 28 24 20
1634224831.898 44 53 38 37 26 22 22
1634224832.148 50 52 38 35 28 24 22
1634224832.398 48 52 37 34 27 22 20
1634224832.653 47 51 37 36 27 22 22
1634224832.900 47 52 40 35 25 23 21
1634224833.148 47 52 38 37 27 22 21
1634224833.398 48 52 36 37 26 21 21
1634224833.651 46 50 38 34 25 23 23
1634224833.898 47 51 39 35 28 24 20
1634224834.152 47 51 38 36 28 22 21
1634224834.398 48 51 39 36 26 23 25
1634224834.648 51 52 37 37 28 21 22
1634224834.902 47 51 38 34 28 22 23
1634224835.149 47 48 37 35 26 21 22
1634224835.399 48 51 37 36 26 23 22
1634224835.650 46 50 39 34 28 24 23
1634224835.899 46 50 41 34 26 20 23
1634224836.148 46 49 38 35 28 22 23
1634224836.402 47 49 39 34 27 24 20
1634224836.648 51 48 36 34 28 22 22
1634224836.899 47 49 37 35 25 22 21
1634224837.150 49 51 38 35 27 22 22
1634224837.400 48 52 38 36 28 23 21
1634224837.657 46 52 38 35 28 24 21
1634224837.900 49 54 39 33 27 23 21
1634224838.149 46 51 39 35 30 22 20
1634224838.400 46 52 37 34 29 21 21
1634224838.649 46 50 37 32 25 24 22
1634224838.899 47 51 37 34 25 22 22
1634224839.149 48 53 37 33 27 23 20
1634224839.406 47 51 38 34 26 22 22
1634224839.650 47 53 39 36 25 24 21
1634224839.899 48 51 39 35 29 23 20
1634224840.148 46 49 39 36 27 22 21
1634224840.400 48 50 38 36 27 23 23
1634224840.649 47 52 39 36 29 23 23
1634224840.898 47 52 38 35 28 23 22
1634224841.151 45 52 37 35 29 22 21
1634224841.399 48 50 39 35 26 24 21
1634224841.648 47 51 38 35 27 23 21
1634224841.901 50 50 39 34 26 22 23
1634224842.149 49 53 37 33 28 22 22
1634224842.398 46 53 40 34 27 22 22
1634224842.650 47 53 36 36 27 24 21
1634224842.904 47 51 37 34 27 22 22
1634224843.149 47 50 37 35 28 20 23
1634224843.400 46 49 39 36 28 23 20
1634224843.649 48 49 38 34 27 23 22
1634224843.898 46 50 40 34 28 23 24
1634224844.151 47 52 38 34 27 23 21
1634224844.400 48 50 38 34 27 23 22
1634224844.649 47 50 37 34 26 25 22
1634224844.901 47 52 39 33 30 22 20
1634224845.149 51 49 37 35 28 22 20
1634224845.399 46 49 38 35 25 26 24
1634224845.650 46 52 38 34 27 23 22
1634224845.905 46 51 37 35 28 24 22
1634224846.153 49 49 39 33 28 22 22
1634224846.404 47 52 40 33 26 22 22
1634224846.651 47 51 37 36 26 21 21
1634224846.899 47 56 40 33 27 22 21
1634224847.152 47 51 42 33 27 23 21
1634224847.406 46 51 38 33 27 24 21
1634224847.650 46 51 39 36 26 21 21
1634224847.901 47 50 38 35 27 22 22
1634224848.149 49 52 37 33 26 22 22
1634224848.400 45 52 37 35 28 22 22
1634224848.650 47 50 39 37 30 21 24
1634224848.902 47 52 37 36 27 22 21
1634224849.149 48 52 38 35 27 22 23
1634224849.399 50 52 38 35 28 22 22
1634224849.652 46 50 38 32 26 23 20
1634224849.900 45 49 38 36 28 22 21
1634224850.150 47 50 39 33 27 23 22
1634224850.401 47 51 38 36 29 21 21
1634224850.650 45 51 37 34 27 22 23
1634224850.900 48 51 38 37 31 24 22
1634224851.151 47 50 38 34 26 23 25
1634224851.399 47 49 40 34 26 22 22
1634224851.649 46 53 39 35 27 21 22
1634224851.904 48 52 37 35 28 21 22
1634224852.150 46 51 37 38 26 23 24
1634224852.400 47 51 38 34 26 24 22
1634224852.650 48 53 38 33 29 21 21
1634224852.899 49 51 37 35 26 22 21
1634224853.150 45 51 38 34 26 24 23
1634224853.400 47 50 38 35 27 21 20
1634224853.652 47 51 38 34 27 23 22
1634224853.899 50 52 37 34 27 22 22
1634224854.149 46 51 39 38 27 22 21
1634224854.403 47 52 37 34 27 22 21
1634224854.650 49 52 38 36 26 22 22
1634224854.899 49 52 40 34 28 22 21
1634224855.155 46 52 39 35 25 21 21
1634224855.401 46 49 39 36 27 22 21
1634224855.651 48 52 39 34 26 21 23
1634224855.899 46 50 40 36 25 24 23
1634224856.149 49 50 37 35 26 23 24
1634224856.408 47 50 39 33 26 21 23
1634224856.651 48 50 38 34 27 23 22
1634224856.902 46 49 38 34 30 23 23
1634224857.150 47 49 38 34 28 22 20
1634224857.403 46 52 38 35 29 21 22
1634224857.653 47 50 37 35 27 23 22
1634224857.900 46 50 38 34 26 24 22
1634224858.151 47 50 39 34 26 22 21
1634224858.402 48 49 37 34 26 24 21
1634224858.651 46 49 38 35 26 24 22
1634224858.902 49 51 38 35 27 22 21
1634224859.150 47 50 38 34 26 25 23
1634224859.401 48 51 41 34 27 24 22
1634224859.657 47 49 38 35 28 25 21
1634224859.900 48 51 39 35 26 22 22
1634224860.153 46 51 39 34 27 23 22
1634224860.402 49 50 38 34 26 22 22
1634224860.653 46 50 37 37 26 22 21
1634224860.900 50 51 38 36 26 25 21
1634224861.152 47 50 38 35 28 24 22
1634224861.401 47 48 38 33 27 22 20
1634224861.652 49 50 40 33 28 24 21
1634224861.902 48 52 37 38 25 22 20
1634224862.151 46 51 39 34 28 23 22
1634224862.404 47 53 38 34 25 23 22
1634224862.653 48 53 38 33 27 24 23
1634224862.904 47 50 39 35 26 21 22
1634224863.152 47 51 38 34 28 22 21
1634224863.400 46 51 37 34 27 23 23
1634224863.653 50 51 38 34 29 24 21
1634224863.900 47 49 38 35 27 23 24
1634224864.151 48 53 38 34 27 22 22
1634224864.403 46 49 38 36 28 22 21
1634224864.650 47 48 37 35 28 21 20
1634224864.901 50 50 38 35 26 23 22
1634224865.152 48 52 39 35 26 23 20
1634224865.401 47 52 40 37 27 23 23
1634224865.651 49 52 38 33 27 22 22
1634224865.902 47 54 39 35 26 24 21
1634224866.151 48 50 38 34 27 24 21
1634224866.402 47 51 37 35 28 23 24
1634224866.653 47 52 38 36 25 23 22
1634224866.902 48 52 39 34 27 22 21
1634224867.154 48 51 38 35 26 23 22
1634224867.401 48 53 39 35 27 23 22
1634224867.655 46 49 40 35 27 22 22
1634224867.901 46 50 37 36 27 21 23
1634224868.151 47 52 38 35 29 22 23
1634224868.402 47 51 37 34 24 23 19
1634224868.653 49 50 38 37 28 21 21
1634224868.901 47 51 38 36 28 23 21
1634224869.151 45 51 37 34 27 22 22
1634224869.402 48 47 38 35 27 20 22
1634224869.651 48 52 39 36 27 22 21
1634224869.902 47 52 39 34 26 20 21
1634224870.154 47 50 37 34 28 21 23
1634224870.402 46 49 39 35 26 23 22
1634224870.652 50 51 38 33 26 22 21
1634224870.905 47 51 37 35 28 23 22
1634224871.151 45 51 39 34 26 23 23
1634224871.402 47 52 37 33 29 21 22
1634224871.652 46 50 39 36 27 22 22
1634224871.902 45 50 38 36 27 22 22
1634224872.152 46 51 39 34 25 21 20
1634224872.402 45 49 37 34 26 22 21
1634224872.657 45 50 37 34 27 23 23
1634224872.902 48 52 37 34 28 22 22
1634224873.152 48 48 37 35 26 22 22
1634224873.402 49 50 37 33 26 22 22
1634224873.651 46 51 41 35 26 23 22
1634224873.902 48 51 37 36 26 21 22
1634224874.151 46 53 38 36 29 23 21
1634224874.401 45 50 39 34 28 24 21
1634224874.653 47 53 40 35 27 22 21
1634224874.901 48 51 39 35 26 21 23
1634224875.152 49 50 38 34 26 22 23
1634224875.406 49 51 37 36 28 22 22
1634224875.652 48 51 38 34 28 23 21
1634224875.902 46 52 38 33 26 24 24
1634224876.152 50 50 38 35 27 23 22
1634224876.401 46 51 38 36 27 23 21
1634224876.652 47 52 40 34 26 23 21
1634224876.902 47 51 38 36 26 21 23
1634224877.151 48 52 38 33 28 22 23
1634224877.402 48 51 39 37 28 22 20
1634224877.652 47 53 37 36 26 22 21
1634224877.903 48 50 36 34 26 22 22
1634224878.153 46 53 38 34 28 22 20
1634224878.402 46 50 39 33 26 22 22
1634224878.654 47 49 38 33 25 23 21
1634224878.903 47 50 36 33 28 21 22
1634224879.153 48 50 39 34 26 24 21
1634224879.404 48 51 39 36 28 23 19
1634224879.659 47 50 40 36 26 24 22
1634224879.902 47 52 38 34 27 23 21
1634224880.155 46 49 37 35 26 23 23
1634224880.404 46 50 36 35 28 21 21
1634224880.654 47 50 38 35 26 23 20
1634224880.903 47 50 38 35 26 21 21
1634224881.153 48 50 39 35 27 24 24
1634224881.406 48 49 37 33 26 23 20
1634224881.652 48 49 38 36 26 21 21
1634224881.905 48 49 39 35 26 23 22
1634224882.154 49 48 38 35 27 23 22
1634224882.403 48 50 38 35 27 23 20
1634224882.654 48 51 38 35 26 24 20
1634224882.910 48 51 39 35 26 21 22
1634224883.156 47 50 38 33 29 24 24
1634224883.405 50 53 36 36 25 23 21
1634224883.652 47 49 38 33 27 22 21
1634224883.903 51 52 38 34 27 21 21
1634224884.157 47 50 39 36 27 23 21
1634224884.402 47 50 36 33 28 24 22
1634224884.653 48 52 40 35 26 23 24
1634224884.903 47 51 38 35 28 22 22
1634224885.153 46 51 37 35 27 23 22
1634224885.402 47 51 39 34 28 24 21
1634224885.655 47 51 38 35 25 22 22
1634224885.902 49 51 39 34 29 23 24
1634224886.155 45 50 40 33 26 24 20
1634224886.404 48 52 36 35 27 21 19
1634224886.654 46 53 36 36 27 23 24
1634224886.907 47 51 40 34 27 25 21
1634224887.155 47 51 38 34 28 25 24
1634224887.403 49 52 38 34 28 24 22
1634224887.655 49 53 37 33 28 22 21
1634224887.903 47 52 37 36 26 23 22
1634224888.153 47 51 38 37 29 23 21
1634224888.405 50 51 39 35 27 23 21
1634224888.653 45 50 40 33 27 23 21
1634224888.910 47 50 38 34 25 21 22
1634224889.153 46 50 38 36 27 22 25
1634224889.403 47 50 37 33 25 21 24
1634224889.653 47 50 38 35 28 25 22
1634224889.903 46 51 40 34 25 23 22
1634224890.158 47 52 38 36 28 23 21
1634224890.405 49 51 39 35 29 23 21
1634224890.653 46 51 39 36 25 21 22
1634224890.903 49 50 36 33 26 25 20
1634224891.157 49 51 38 34 27 23 21
1634224891.403 48 50 38 35 27 23 21
1634224891.653 45 50 37 33 28 23 20
1634224891.903 48 52 39 37 27 21 21
1634224892.152 49 50 37 37 29 24 22
1634224892.402 45 50 38 34 28 24 21
1634224892.653 47 50 38 33 27 24 22
1634224892.903 47 49 40 34 26 26 22
1634224893.153 46 52 38 34 26 22 22
1634224893.404 47 52 37 34 26 21 24
1634224893.652 46 51 38 33 28 23 22
1634224893.903 46 49 40 35 27 24 22
1634224894.153 45 54 37 35 27 21 22
1634224894.402 47 53 38 34 29 22 19
1634224894.653 48 51 38 33 27 24 22
1634224894.904 47 52 38 35 28 24 22
1634224895.153 47 50 39 34 26 22 22
1634224895.403 48 51 39 35 27 23 22
1634224895.653 47 52 39 38 26 24 22
1634224895.903 48 50 41 34 26 22 20
1634224896.153 47 52 39 35 27 23 21
1634224896.403 44 52 37 34 28 23 22
1634224896.655 45 52 38 34 28 22 20
1634224896.904 48 51 37 34 27 22 22
1634224897.153 46 51 39 35 28 23 24
1634224897.403 46 52 38 36 26 23 23
1634224897.656 47 52 38 36 29 22 22
1634224897.903 45 50 36 35 26 22 24
1634224898.153 46 49 37 36 25 24 21
1634224898.404 46 53 38 37 29 24 22
1634224898.656 47 51 38 36 27 22 23
1634224898.904 45 50 36 36 28 22 21
1634224899.155 45 51 38 34 28 24 20
1634224899.408 47 51 37 34 29 23 20
1634224899.654 46 50 36 34 31 24 22
1634224899.906 46 52 39 34 27 22 21
1634224900.155 49 51 38 33 28 22 20
1634224900.404 46 52 39 34 27 22 23
1634224900.662 47 52 37 34 28 21 21
1634224900.907 48 50 37 32 29 23 21
1634224901.154 50 52 38 36 27 24 20
1634224901.404 47 49 38 34 28 21 25
1634224901.654 46 49 39 35 27 23 20
1634224901.904 45 52 38 34 27 21 21
1634224902.158 48 50 40 34 30 21 21
1634224902.405 47 51 36 36 26 24 22
1634224902.654 48 50 38 36 28 23 21
1634224902.905 49 50 37 36 29 24 22
1634224903.157 49 51 36 34 28 21 23
1634224903.405 47 50 37 36 28 21 19
1634224903.654 48 52 38 37 27 22 21
1634224903.907 48 51 37 36 28 21 21
1634224904.156 46 51 38 34 27 21 22
1634224904.404 47 49 39 34 28 21 21
1634224904.656 46 51 40 39 29 21 20
1634224904.904 45 51 39 34 29 21 20
1634224905.154 48 52 36 35 27 21 22
1634224905.408 46 52 38 35 27 21 22
1634224905.655 47 50 38 34 29 23 22
1634224905.909 46 52 38 33 26 23 22
1634224906.155 46 50 38 35 28 23 22
1634224906.406 48 51 39 34 30 22 21
1634224906.656 47 52 37 34 25 23 20
1634224906.904 48 53 37 35 26 25 20
1634224907.155 46 51 38 35 28 21 22
1634224907.407 46 50 37 34 28 23 21
1634224907.654 49 50 37 36 26 23 22
1634224907.906 48 51 37 34 28 22 23
1634224908.154 47 52 37 34 27 23 23
1634224908.405 49 51 36 35 27 22 22
1634224908.658 47 55 39 35 27 23 22
1634224908.904 46 52 40 35 25 22 22
1634224909.155 46 50 38 35 25 24 23
1634224909.406 47 54 38 39 30 22 20
1634224909.654 48 50 38 33 26 24 21
1634224909.907 45 49 38 34 28 23 22
1634224910.154 47 50 38 37 28 23 20
1634224910.406 46 51 36 35 27 23 22
1634224910.658 48 51 36 35 26 20 23
1634224910.905 46 51 37 35 26 22 23
1634224911.156 47 52 38 36 26 21 21
1634224911.405 47 50 38 34 26 23 20
1634224911.654 47 50 39 34 27 22 21
1634224911.905 47 50 40 34 28 23 21
1634224912.155 51 52 37 34 28 22 21
1634224912.408 48 51 36 34 26 23 21
1634224912.655 46 52 38 34 25 23 22
1634224912.904 46 50 40 35 26 22 21
1634224913.154 46 51 37 35 27 22 21
1634224913.405 46 50 39 32 30 23 22
1634224913.655 46 49 38 33 26 21 23
1634224913.905 46 53 39 35 28 21 22
1634224914.155 49 48 38 36 27 23 21
1634224914.405 47 50 38 35 27 22 22
1634224914.655 47 50 39 35 29 22 21
1634224914.905 46 50 38 35 28 24 22
1634224915.158 47 50 38 33 28 22 20
1634224915.406 48 52 38 35 28 22 22
1634224915.655 47 51 36 33 27 22 22
1634224915.905 49 51 40 37 27 22 24
1634224916.155 46 51 38 34 28 22 22
1634224916.405 48 50 38 34 28 23 24
1634224916.655 47 50 39 34 28 22 21
1634224916.905 47 51 41 36 28 24 22
1634224917.156 46 52 36 36 28 24 20
1634224917.405 48 52 38 36 27 22 21
1634224917.658 47 49 37 35 28 23 21
1634224917.905 47 48 38 34 26 23 23
1634224918.155 47 50 37 33 28 21 22
1634224918.405 48 51 39 34 27 23 21
1634224918.656 48 49 37 35 27 21 24
1634224918.907 48 49 39 37 27 23 21
1634224919.155 48 48 37 34 28 22 23
1634224919.405 45 49 39 34 27 22 22
1634224919.655 47 54 39 35 29 23 20
1634224919.906 48 51 40 34 26 22 25
1634224920.161 48 51 37 34 27 23 21
1634224920.405 46 51 39 36 29 24 23
1634224920.656 46 50 36 36 26 21 21
1634224920.907 48 52 38 35 27 22 22
1634224921.155 46 52 39 34 26 23 21
1634224921.405 47 50 38 35 29 23 20
1634224921.658 48 51 36 34 27 22 21
1634224921.906 48 51 37 35 27 22 22
1634224922.156 49 53 38 37 28 24 19
1634224922.409 47 51 39 35 30 22 20
1634224922.656 47 49 39 37 26 22 23
1634224922.913 50 51 37 34 26 23 21
1634224923.155 48 54 38 34 26 24 22
1634224923.405 46 51 38 33 25 22 23
1634224923.659 47 52 38 34 27 25 21
1634224923.908 47 51 38 34 27 23 22
1634224924.156 46 51 38 34 26 22 22
1634224924.409 47 51 39 35 27 22 22
1634224924.657 47 49 38 35 27 22 23
1634224924.906 46 52 38 35 28 21 21
1634224925.156 47 51 39 37 28 22 22
1634224925.407 47 50 36 34 26 22 21
1634224925.656 47 52 39 37 29 22 22
1634224925.906 49 51 38 35 27 23 23
1634224926.157 47 51 37 34 27 22 22
1634224926.405 47 52 37 35 26 21 20
1634224926.656 46 50 38 34 26 21 22
1634224926.912 46 52 39 36 27 23 25
1634224927.156 48 49 39 36 26 22 22
1634224927.413 46 49 37 35 27 22 22
1634224927.657 47 52 38 34 29 24 21
1634224927.911 47 51 37 34 30 22 23
1634224928.158 45 50 38 35 27 21 21
1634224928.407 49 53 37 33 27 23 21
1634224928.661 48 51 38 33 26 20 24
1634224928.907 47 50 36 34 30 22 24
1634224929.162 49 52 37 33 28 24 22
1634224929.411 46 52 38 34 27 21 23
1634224929.655 47 51 38 35 26 22 20
1634224929.908 48 49 41 35 27 22 23
1634224930.156 47 49 39 35 28 20 22
1634224930.406 47 52 39 38 27 20 23
1634224930.660 49 52 39 35 28 22 21
1634224930.905 49 52 37 34 26 22 21
1634224931.160 45 48 38 34 29 23 21
1634224931.407 46 49 38 36 27 21 22
1634224931.657 44 51 40 35 27 23 23
1634224931.908 47 51 40 33 28 22 22
1634224932.156 46 50 38 35 26 22 22
1634224932.407 47 51 38 35 27 24 21
1634224932.656 47 51 39 36 26 22 22
1634224932.910 47 52 38 33 27 21 24
1634224933.158 46 51 38 35 27 25 22
1634224933.407 50 52 40 34 28 22 24
1634224933.656 47 51 38 33 27 22 23
1634224933.909 49 50 40 33 27 22 22
1634224934.157 49 50 39 37 27 22 21
1634224934.407 47 50 37 35 27 24 23
1634224934.656 45 50 38 36 26 24 21
1634224934.907 47 49 39 35 27 21 22
1634224935.158 47 51 38 36 27 21 21
1634224935.409 47 50 37 38 27 22 21
1634224935.657 47 53 39 34 25 22 21
1634224935.908 46 51 39 38 28 22 22
1634224936.160 48 50 38 36 26 22 22
1634224936.407 46 51 38 34 29 22 23
1634224936.656 47 51 39 35 28 23 21
1634224936.910 46 50 37 33 26 22 21
1634224937.156 48 50 37 34 28 23 21
1634224937.406 45 50 37 32 30 22 23
1634224937.659 47 51 38 34 27 23 19
1634224937.906 46 51 36 35 27 21 21
1634224938.158 49 51 38 36 27 23 24
1634224938.407 47 51 39 34 28 21 21
1634224938.657 46 55 37 35 27 24 21
1634224938.907 47 50 38 36 27 24 20
1634224939.157 48 49 37 33 26 23 22
1634224939.406 46 50 38 34 26 21 20
1634224939.658 50 49 37 34 26 24 23
1634224939.906 47 51 38 36 27 23 21
1634224940.157 51 53 38 35 27 23 20
1634224940.408 47 52 39 34 27 23 22
1634224940.659 45 51 38 34 28 21 21
1634224940.908 48 52 39 36 26 21 20
1634224941.158 47 52 38 34 27 22 20
1634224941.408 47 50 37 34 28 20 23
1634224941.657 46 51 37 35 27 23 21
1634224941.907 47 51 38 35 29 23 22
1634224942.159 48 52 38 35 28 23 21
1634224942.407 46 50 37 33 26 22 21
1634224942.657 47 50 38 35 27 24 22
1634224942.908 47 50 39 32 27 22 23
1634224943.159 47 52 37 34 27 24 20
1634224943.408 46 51 38 35 27 22 21
1634224943.660 47 51 37 37 30 23 20
1634224943.908 48 50 39 34 26 21 21
1634224944.160 48 52 40 33 27 24 21
1634224944.410 48 51 39 36 27 21 21
1634224944.658 47 48 39 33 29 24 23
1634224944.913 46 51 39 35 28 24 21
1634224945.157 48 50 39 36 28 22 20
1634224945.408 45 50 38 36 29 23 22
1634224945.665 47 50 37 35 28 24 21
1634224945.908 46 50 40 34 27 22 23
1634224946.158 46 50 38 34 29 22 24
1634224946.409 46 48 39 35 27 21 22
1634224946.657 45 52 38 34 28 24 22
1634224946.912 49 51 38 35 27 21 20
1634224947.157 46 52 41 34 28 24 21
1634224947.408 48 50 37 34 28 22 21
1634224947.660 45 54 38 35 26 23 22
1634224947.908 47 50 37 36 27 23 22
1634224948.158 47 52 40 35 28 23 21
1634224948.410 46 52 37 34 26 22 22
1634224948.665 46 50 37 35 29 23 22
1634224948.912 49 50 38 34 28 23 22
1634224949.162 45 50 38 36 28 22 23
1634224949.408 47 50 37 36 27 21 22
1634224949.665 48 52 39 35 26 22 23
1634224949.908 48 49 41 34 26 23 20
1634224950.158 49 52 38 35 26 20 22
1634224950.409 47 50 38 33 26 23 22
1634224950.662 49 50 38 35 27 22 23
1634224950.907 48 51 38 36 28 24 21
1634224951.159 51 49 38 35 26 22 21
1634224951.411 47 53 38 34 25 23 21
1634224951.658 46 51 37 35 29 21 21
1634224951.910 48 50 37 34 26 22 23
1634224952.161 46 50 37 36 26 23 21
1634224952.408 45 50 38 35 24 22 21
1634224952.659 49 50 37 35 29 24 21
1634224952.908 47 50 40 33 28 23 22
1634224953.159 45 50 38 36 26 21 22
1634224953.409 48 50 36 35 28 22 22
1634224953.658 48 51 38 35 27 24 20
1634224953.908 49 51 38 35 28 22 21
1634224954.159 47 50 39 37 29 21 20
1634224954.416 48 52 37 34 27 24 22
1634224954.660 49 51 38 36 24 21 21
1634224954.912 48 52 36 35 28 23 22
1634224955.159 46 53 39 34 28 24 23
1634224955.410 47 49 38 34 28 22 21
1634224955.661 47 50 38 34 26 23 21
1634224955.911 49 51 38 36 28 22 21
1634224956.159 49 51 37 36 26 22 22
1634224956.408 49 52 37 34 26 21 20
1634224956.660 49 52 38 34 26 24 20
1634224956.912 49 50 37 33 27 22 21
1634224957.159 45 51 38 33 28 25 21
1634224957.409 46 52 38 35 27 23 22
1634224957.659 47 53 38 37 26 23 23
1634224957.908 47 51 38 33 25 23 22
1634224958.160 47 52 39 34 26 23 22
1634224958.409 46 50 37 36 28 23 23
1634224958.662 47 51 37 37 26 23 23
1634224958.911 46 52 39 34 27 24 21
1634224959.161 50 50 38 36 28 22 20
1634224959.409 47 52 37 32 27 23 22
1634224959.661 47 51 37 36 27 21 22
1634224959.910 47 50 36 33 28 24 22
1634224960.159 47 51 38 35 28 23 22
1634224960.409 47 52 36 33 26 24 21
1634224960.662 47 51 38 33 27 23 23
1634224960.908 45 51 37 36 27 23 23
1634224961.158 48 50 37 36 26 22 22
1634224961.410 46 50 39 33 27 25 21
1634224961.658 47 50 38 34 28 21 23
1634224961.909 48 50 37 36 26 23 22
1634224962.160 49 50 37 34 28 23 22
1634224962.410 48 49 38 32 26 22 23
1634224962.658 47 50 37 36 29 27 21
1634224962.909 46 50 38 34 26 23 22
1634224963.159 47 52 38 34 27 22 24
1634224963.410 46 48 38 34 28 23 20
1634224963.660 48 52 38 37 28 21 22
1634224963.911 47 49 39 36 27 22 20
1634224964.160 49 51 38 35 28 21 21
1634224964.410 46 52 39 35 26 22 22
1634224964.658 46 50 39 34 27 22 22
1634224964.910 46 50 37 34 26 23 21
1634224965.159 46 50 37 35 26 22 22
1634224965.409 48 50 37 35 26 23 21
1634224965.659 48 49 38 34 27 26 24
1634224965.912 46 49 38 34 29 23 23
1634224966.160 47 53 39 37 27 22 24
1634224966.409 48 51 37 34 26 25 20
1634224966.663 49 52 37 35 28 22 21
1634224966.910 46 51 39 33 29 22 22
1634224967.159 46 53 39 36 27 23 22
1634224967.411 47 52 37 35 26 23 23
1634224967.660 46 49 38 34 27 22 23
1634224967.911 45 50 39 33 26 24 21
1634224968.160 47 51 38 33 26 24 24
1634224968.411 47 49 37 34 27 23 23
1634224968.660 49 50 37 35 29 23 23
1634224968.912 47 50 40 35 29 24 21
1634224969.162 44 50 37 34 27 23 21
1634224969.411 46 50 39 32 27 22 22
1634224969.659 48 50 38 34 28 22 22
1634224969.914 46 52 36 34 27 22 20
1634224970.159 46 50 37 35 28 22 21
1634224970.409 46 52 38 34 27 21 20
1634224970.661 46 52 38 34 29 24 22
1634224970.910 48 50 37 35 26 23 23
1634224971.166 47 52 40 33 29 23 23
1634224971.410 49 53 36 35 29 21 22
1634224971.661 49 50 38 32 27 23 22
1634224971.912 46 52 39 35 26 22 20
1634224972.159 48 49 39 37 26 23 22
1634224972.415 47 48 41 35 28 21 22
1634224972.663 46 51 38 33 28 23 21
1634224972.911 45 51 38 32 27 22 21
1634224973.163 48 49 39 33 25 23 20
1634224973.410 48 49 37 36 27 22 23
1634224973.661 44 54 38 34 26 22 21
1634224973.919 47 50 39 35 26 23 23
1634224974.160 47 49 37 34 28 22 22
1634224974.419 46 50 37 33 27 23 22
1634224974.660 46 51 38 34 29 21 23
1634224974.911 48 51 38 34 29 22 22
1634224975.160 47 51 38 34 29 22 21
1634224975.412 48 51 37 33 26 22 23
1634224975.660 47 53 38 35 26 22 24
1634224975.909 48 49 37 36 26 22 23
1634224976.164 47 52 37 33 28 23 21
1634224976.411 47 50 38 34 26 24 22
1634224976.661 47 50 38 34 28 22 26
1634224976.916 46 53 38 35 27 22 21
1634224977.160 45 51 41 33 29 22 22
1634224977.415 48 50 37 35 28 24 21
1634224977.660 47 52 41 34 30 22 22
1634224977.910 46 51 38 37 28 21 22
1634224978.165 48 51 38 34 28 22 20
1634224978.411 48 52 38 33 28 23 22
1634224978.660 48 49 38 34 28 22 24
1634224978.911 48 49 38 32 27 22 21
1634224979.161 48 49 37 35 27 22 21
1634224979.412 47 53 37 35 26 22 21
1634224979.662 47 50 39 34 28 23 21
1634224979.912 50 51 38 35 28 25 22
1634224980.163 46 52 37 34 30 21 21
1634224980.411 50 51 38 33 26 22 22
1634224980.663 52 53 40 34 28 24 22
1634224980.911 46 51 37 35 28 24 22
1634224981.162 46 51 37 34 28 22 24
1634224981.411 48 51 38 36 27 22 21
1634224981.662 47 52 37 34 28 23 21
1634224981.911 47 50 37 34 28 22 23
1634224982.160 45 52 38 35 30 23 24
1634224982.412 49 49 37 35 27 23 22
1634224982.664 49 54 38 32 30 22 20
1634224982.911 47 51 37 34 27 22 22
1634224983.161 50 53 38 34 26 22 21
1634224983.411 47 51 38 35 26 22 21
1634224983.661 47 49 38 35 30 23 24
1634224983.911 46 51 38 36 26 23 22
1634224984.161 48 53 38 34 30 22 21
1634224984.411 46 50 40 34 27 22 21
1634224984.661 48 51 38 34 28 22 23
1634224984.912 49 49 38 35 27 21 23
1634224985.160 47 52 39 35 26 22 24
1634224985.411 46 51 38 34 32 22 19
1634224985.662 48 49 38 33 27 24 21
1634224985.912 47 52 36 37 26 25 23
1634224986.161 47 52 38 35 30 21 22
1634224986.412 47 51 38 36 28 22 21
1634224986.661 50 50 38 34 28 22 20
1634224986.911 46 50 37 35 28 21 21
1634224987.164 46 53 38 34 28 22 22
1634224987.412 47 52 38 35 26 24 21
1634224987.661 47 51 39 35 27 23 22
1634224987.911 46 51 38 34 26 21 21
1634224988.160 49 50 37 34 27 22 21
1634224988.411 47 50 39 33 28 22 22
1634224988.661 46 53 40 33 27 22 21
1634224988.911 46 51 38 34 26 22 20
1634224989.161 49 50 38 35 29 21 22
1634224989.411 48 52 37 34 27 22 23
1634224989.661 45 50 38 33 27 21 21
1634224989.911 48 51 38 35 27 23 22
1634224990.163 48 52 39 34 28 24 22
1634224990.412 47 53 38 36 27 23 20
1634224990.664 45 52 39 35 29 22 24
1634224990.912 46 52 38 33 25 22 20
1634224991.162 48 50 37 33 26 22 24
1634224991.425 46 51 37 35 30 22 22
1634224991.661 46 51 37 35 26 22 21
1634224991.911 51 49 36 34 27 23 23
1634224992.167 50 51 39 36 27 22 20
1634224992.411 46 50 38 34 28 24 23
1634224992.663 48 51 37 35 28 23 23
1634224992.912 50 50 39 36 27 24 25
1634224993.166 48 50 38 34 25 23 22
1634224993.412 47 51 37 34 28 25 23
1634224993.662 45 51 38 35 27 23 23
1634224993.918 48 52 40 35 28 23 22
1634224994.162 48 49 38 33 28 21 23
1634224994.411 47 50 36 35 26 23 23
1634224994.662 49 53 36 37 29 22 22
1634224994.914 47 51 39 34 26 22 21
1634224995.163 49 50 38 33 26 23 23
1634224995.412 49 52 37 34 25 23 21
1634224995.667 49 49 38 32 29 23 21
1634224995.912 49 50 41 33 31 24 21
1634224996.169 49 51 39 35 30 20 20
1634224996.412 48 49 40 36 27 23 21
1634224996.670 47 50 41 34 28 23 22
1634224996.914 48 51 39 33 25 23 20
1634224997.164 48 51 39 34 26 22 24
1634224997.413 46 50 40 34 27 23 22
1634224997.663 47 51 38 35 27 22 22
1634224997.914 46 49 39 35 29 23 24
1634224998.162 49 49 38 36 25 23 21
1634224998.413 49 53 38 36 26 23 21
1634224998.667 47 51 37 35 25 22 22
1634224998.912 46 51 39 34 26 22 23
1634224999.168 47 51 40 34 27 24 20
1634224999.412 46 50 38 33 27 25 22
1634224999.665 47 51 39 33 27 22 22
1634224999.914 46 50 37 35 28 22 23
1634225000.162 49 52 39 35 27 26 21
1634225000.412 46 50 38 35 28 23 21
1634225000.663 47 50 38 36 26 22 24
1634225000.912 48 51 39 35 27 23 21
1634225001.162 48 49 40 36 26 22 24
1634225001.413 46 51 38 33 29 23 22
1634225001.662 47 50 37 35 28 24 21
1634225001.913 49 50 38 35 29 22 21
1634225002.166 47 52 38 35 29 23 21
1634225002.417 47 50 40 36 26 22 22
1634225002.663 46 49 39 34 27 22 22
1634225002.916 47 50 41 34 28 22 22
1634225003.164 47 50 37 33 27 23 22
1634225003.413 47 50 38 35 26 25 22
1634225003.662 48 52 36 33 28 23 21
1634225003.912 47 53 37 35 27 22 23
1634225004.165 50 49 37 33 27 23 21
1634225004.413 48 50 39 32 26 23 22
1634225004.662 49 50 36 35 27 24 20
1634225004.913 47 53 38 33 26 21 22
1634225005.164 46 50 38 33 26 22 22
1634225005.416 47 51 38 34 27 24 22
1634225005.663 48 51 37 36 29 23 20
1634225005.912 46 52 38 36 25 23 22
1634225006.165 47 51 39 34 27 23 21
1634225006.415 48 53 38 34 30 22 21
1634225006.663 46 52 39 34 29 23 22
1634225006.913 47 50 37 34 27 24 24
1634225007.165 45 51 40 35 30 23 23
1634225007.413 47 49 39 35 31 23 19
1634225007.665 46 52 37 34 28 23 22
1634225007.914 47 49 38 35 29 24 20
1634225008.163 50 52 39 34 30 22 21
1634225008.412 48 51 37 34 29 21 20
1634225008.663 49 50 37 36 29 22 20
1634225008.913 49 51 37 37 28 23 22
1634225009.162 47 50 39 35 29 23 21
1634225009.413 47 51 36 34 29 23 23
1634225009.663 47 51 39 36 28 22 19
1634225009.912 46 49 39 34 27 21 21
1634225010.165 48 51 39 36 28 22 20
1634225010.413 47 52 38 36 27 23 22
1634225010.662 49 50 39 36 27 22 21
1634225010.915 49 51 40 34 28 24 22
1634225011.166 49 48 38 35 28 24 23
1634225011.413 48 51 38 34 27 24 21
1634225011.664 47 51 37 34 28 22 20
1634225011.913 47 52 38 36 27 22 21
1634225012.163 46 52 38 34 27 22 22
1634225012.414 45 53 38 35 26 23 23
1634225012.662 47 49 38 35 29 23 20
1634225012.914 47 52 39 37 26 23 22
1634225013.166 46 52 38 36 31 22 21
1634225013.414 46 51 37 36 26 23 23
1634225013.664 47 50 36 34 27 23 24
1634225013.919 49 50 38 37 30 23 21
1634225014.164 50 49 37 39 30 22 21
1634225014.416 50 51 38 33 28 22 22
1634225014.664 46 51 37 33 29 24 20
1634225014.915 47 51 38 32 28 23 22
1634225015.163 46 52 38 33 29 22 23
1634225015.422 47 51 36 34 26 22 22
1634225015.663 48 52 38 34 27 21 23
1634225015.913 47 51 38 35 26 22 22
1634225016.169 47 50 38 33 28 24 22
1634225016.415 51 52 37 33 27 24 21
1634225016.668 47 51 37 33 30 22 22
1634225016.923 47 50 37 34 28 22 22
1634225017.164 47 50 37 35 28 22 22
1634225017.416 48 51 41 34 27 23 22
1634225017.666 46 53 39 34 25 21 23
1634225017.915 48 50 40 34 27 24 23
1634225018.183 47 52 39 35 28 23 21
1634225018.416 48 50 37 37 28 24 22
1634225018.664 46 50 38 34 27 22 22
1634225018.916 48 51 40 35 25 23 22
1634225019.164 48 49 37 35 28 21 22
1634225019.414 48 52 37 34 27 23 21
1634225019.665 46 51 37 35 27 23 22
1634225019.914 47 51 39 34 28 21 22
1634225020.164 48 51 37 36 26 21 21
1634225020.424 47 53 38 35 26 24 20
1634225020.664 46 51 40 35 28 23 22
1634225020.916 48 51 38 34 28 23 21
1634225021.165 47 52 37 34 27 25 21
1634225021.414 47 50 38 37 28 23 20
1634225021.668 46 50 36 34 29 23 22
1634225021.914 47 52 38 35 26 22 21
1634225022.165 48 49 38 35 27 23 22
1634225022.413 46 50 36 36 26 22 22
1634225022.663 47 51 38 35 26 22 22
1634225022.914 47 51 39 33 26 22 22
1634225023.166 48 51 39 35 27 23 20
1634225023.416 46 49 38 34 26 22 21
1634225023.663 47 50 37 34 27 22 21
1634225023.915 46 52 36 34 28 23 22
1634225024.165 47 52 37 32 28 22 23
1634225024.413 49 52 38 34 27 22 21
1634225024.664 47 50 37 33 26 22 22
1634225024.915 50 51 37 34 26 21 23
1634225025.165 47 50 39 35 27 24 21
1634225025.415 46 50 37 34 27 25 23
1634225025.664 48 50 36 34 27 21 20
1634225025.914 47 53 38 34 27 21 23
1634225026.167 45 49 38 34 27 22 22
1634225026.414 47 49 37 33 27 24 23
1634225026.666 47 51 39 34 26 20 20
1634225026.915 46 52 39 35 27 22 22
1634225027.164 47 53 40 37 25 22 22
1634225027.414 47 49 38 35 27 22 20
1634225027.665 46 50 37 34 27 23 20
1634225027.915 47 48 38 34 28 24 22
1634225028.163 47 52 36 34 26 21 21
1634225028.415 46 51 40 35 29 22 21
1634225028.666 45 51 37 37 28 22 22
1634225028.913 49 51 40 36 28 23 21
1634225029.164 47 52 39 35 31 24 22
1634225029.416 48 49 39 35 27 23 23
1634225029.666 48 49 37 36 27 22 22
1634225029.917 49 52 38 34 27 23 22
1634225030.165 47 52 39 35 27 23 22
1634225030.414 47 52 38 36 28 21 22
1634225030.664 50 51 38 33 28 22 22
1634225030.915 45 51 38 34 27 23 22
1634225031.166 47 50 37 36 30 22 21
1634225031.415 47 49 38 35 27 23 21
1634225031.664 47 53 40 35 29 23 21
1634225031.914 47 49 38 37 27 22 20
1634225032.164 47 49 37 35 26 24 22
1634225032.415 48 51 38 34 28 21 22
1634225032.666 47 50 39 35 28 23 22
1634225032.915 49 52 40 36 28 21 23
1634225033.165 47 50 38 37 27 23 23
1634225033.415 48 50 37 35 27 24 21
1634225033.675 45 49 41 34 29 22 21
1634225033.915 49 50 38 36 28 24 22
1634225034.164 47 51 37 35 28 21 23
1634225034.417 48 51 38 34 27 21 23
1634225034.665 48 51 38 34 25 22 22
1634225034.915 45 51 39 35 29 21 21
1634225035.164 47 51 38 34 29 22 22
1634225035.416 49 52 39 35 28 22 20
1634225035.666 49 49 36 35 27 22 23
1634225035.916 47 50 40 35 27 21 21
1634225036.165 49 50 36 34 27 21 22
1634225036.416 49 51 38 35 26 21 22
1634225036.665 47 49 39 35 27 23 22
1634225036.915 47 49 39 34 30 21 21
1634225037.172 48 51 37 35 27 23 23
1634225037.416 48 50 36 35 27 25 21
1634225037.673 49 50 37 35 28 24 21
1634225037.915 47 52 39 33 29 23 22
1634225038.165 47 50 38 35 26 22 20
1634225038.422 48 53 38 35 28 23 22
1634225038.668 48 52 38 36 30 23 21
1634225038.915 47 50 37 38 29 24 21
1634225039.166 48 52 37 34 27 22 22
1634225039.416 47 51 39 33 28 22 21
1634225039.665 47 51 38 35 28 25 23
1634225039.915 47 55 38 33 27 23 20
1634225040.171 48 51 39 35 27 22 22
1634225040.416 47 53 37 35 28 23 24
1634225040.670 48 53 36 35 27 21 22
1634225040.915 46 51 37 34 28 21 23
1634225041.171 46 50 37 36 27 22 21
1634225041.419 46 50 39 35 28 23 22
1634225041.665 47 51 38 32 28 21 22
1634225041.915 47 49 39 36 26 22 22
1634225042.171 48 50 39 36 28 22 22
1634225042.415 47 53 39 36 29 22 22
1634225042.668 46 51 40 34 27 23 23
1634225042.916 46 49 38 34 27 22 21
1634225043.165 47 51 38 35 29 23 22
1634225043.419 47 50 39 33 28 21 22
1634225043.665 46 51 39 36 28 21 22
1634225043.916 48 51 37 35 26 21 21
1634225044.169 47 51 37 35 27 23 23
1634225044.419 49 51 40 36 25 22 21
1634225044.666 47 51 37 35 27 23 22
1634225044.922 47 50 38 34 27 22 22
1634225045.165 47 52 37 36 28 21 21
1634225045.418 49 49 39 34 26 24 22
1634225045.665 48 51 38 35 29 21 19
1634225045.915 46 51 37 34 26 23 20
1634225046.167 47 50 38 34 26 20 23
1634225046.420 49 52 37 33 28 23 22
1634225046.666 46 50 38 34 27 21 23
1634225046.915 47 51 36 34 26 22 20
1634225047.166 48 50 38 34 27 22 22
1634225047.417 46 50 38 33 27 22 20
1634225047.666 45 51 38 36 28 23 23
1634225047.917 46 52 36 35 29 21 21
1634225048.166 48 51 38 35 26 24 22
1634225048.419 46 50 36 33 28 23 23
1634225048.667 47 50 38 35 27 24 21
1634225048.916 47 51 38 35 28 22 22
1634225049.167 49 51 40 36 28 22 19
1634225049.416 46 49 38 34 26 22 22
1634225049.666 51 52 38 35 29 23 22
1634225049.918 46 50 39 36 31 22 21
1634225050.166 48 54 38 36 26 20 24
1634225050.416 45 50 37 33 26 23 22
1634225050.666 48 52 38 35 25 21 22
1634225050.916 46 49 37 35 27 24 22
1634225051.167 48 49 36 35 27 22 24
1634225051.419 47 51 37 34 27 23 22
1634225051.667 45 52 39 36 28 22 21
1634225051.915 47 53 39 35 29 25 21
1634225052.166 47 51 36 34 28 23 22
1634225052.418 49 52 39 34 29 22 23
1634225052.666 45 50 40 34 29 23 23
1634225052.917 48 50 38 37 28 25 23
1634225053.166 48 50 39 34 26 21 22
1634225053.416 46 51 39 33 28 24 21
1634225053.666 50 52 39 34 27 23 23
1634225053.917 49 50 37 36 26 23 22
1634225054.166 50 49 39 34 28 23 21
1634225054.416 48 51 37 35 27 23 21
1634225054.673 47 50 39 33 27 23 21
1634225054.916 49 50 40 34 28 24 22
1634225055.166 51 50 38 33 30 22 23
1634225055.416 46 52 37 35 26 24 20
1634225055.666 48 51 37 35 29 22 22
1634225055.916 47 52 38 35 24 23 23
1634225056.166 48 51 38 35 26 22 22
1634225056.419 48 53 38 34 30 24 21
1634225056.666 47 50 38 34 27 23 23
1634225056.917 49 51 37 35 27 23 22
1634225057.173 47 49 37 34 27 22 22
1634225057.418 46 52 38 35 26 21 21
1634225057.666 48 51 36 36 28 22 23
1634225057.920 47 50 38 36 27 22 23
1634225058.167 47 52 37 33 29 26 19
1634225058.418 49 51 40 35 27 22 21
1634225058.668 47 51 39 34 29 22 22
1634225058.923 46 52 40 35 27 23 22
1634225059.167 47 50 39 37 28 24 21
1634225059.416 48 52 38 34 27 22 21
1634225059.676 47 52 38 37 28 22 24
1634225059.917 48 49 39 34 27 22 24
1634225060.172 46 51 37 35 28 23 22
1634225060.417 47 50 38 37 26 24 22
1634225060.667 49 51 38 34 29 21 23
1634225060.922 48 51 38 34 27 22 23
1634225061.167 46 51 38 32 28 23 22
1634225061.419 49 51 39 35 28 22 22
1634225061.670 46 51 38 35 26 23 22
1634225061.916 47 52 37 36 27 23 21
1634225062.171 46 49 37 36 29 23 22
1634225062.417 47 52 39 35 27 22 23
1634225062.668 48 52 37 34 27 21 22
1634225062.918 47 51 38 33 28 22 23
1634225063.167 47 48 38 35 29 22 21
1634225063.419 47 50 37 34 26 23 21
1634225063.673 46 51 38 35 31 22 21
1634225063.919 45 52 39 38 28 25 20
1634225064.167 47 50 39 34 27 21 21
1634225064.420 47 51 39 35 32 23 21
1634225064.667 46 50 37 36 28 24 23
1634225064.918 46 50 39 34 29 24 23
1634225065.169 48 52 37 34 29 22 21
1634225065.417 48 51 37 35 29 22 21
1634225065.668 49 51 38 34 28 22 21
1634225065.919 47 49 39 35 29 23 24
1634225066.169 47 49 38 33 30 24 21
1634225066.423 49 51 38 34 27 23 22
1634225066.669 47 50 38 36 26 22 22
1634225066.921 47 49 38 36 28 23 22
1634225067.168 47 50 39 36 28 23 20
1634225067.417 46 50 38 33 30 23 22
1634225067.671 44 51 36 34 28 22 22
1634225067.917 47 55 37 34 27 22 20
1634225068.167 50 51 39 35 28 24 22
1634225068.418 47 54 39 34 26 23 20
1634225068.671 46 51 39 35 27 23 24
1634225068.918 45 51 39 35 28 21 21
1634225069.168 48 51 37 37 26 22 23
1634225069.418 46 52 37 37 29 21 23
1634225069.669 47 52 37 34 26 22 23
1634225069.919 49 50 39 36 27 23 22
1634225070.168 47 51 39 36 26 22 22
1634225070.418 47 50 38 34 27 22 21
1634225070.670 46 51 37 33 28 21 22
1634225070.920 48 51 37 36 26 23 21
1634225071.170 46 51 37 34 27 21 23
1634225071.417 49 50 40 33 27 22 23
1634225071.671 46 51 38 33 27 21 22
1634225071.918 49 51 39 36 28 23 21
1634225072.168 47 50 37 33 29 23 20
1634225072.418 46 53 38 37 26 24 22
1634225072.667 51 51 38 34 28 24 21
1634225072.922 47 51 36 34 26 22 21
1634225073.168 49 52 38 33 27 24 21
1634225073.422 48 50 39 34 26 23 21
1634225073.668 47 53 38 35 28 22 21
1634225073.917 47 50 38 35 27 24 22
1634225074.170 48 51 37 36 26 22 20
1634225074.417 45 50 37 34 26 21 21
1634225074.668 48 52 37 34 26 25 22
1634225074.919 46 51 38 34 26 24 19
1634225075.169 48 50 38 35 26 22 21
1634225075.420 48 51 39 34 27 21 22
1634225075.671 46 49 39 33 26 24 26
1634225075.917 49 51 41 34 26 23 20
1634225076.169 47 50 36 34 27 22 21
1634225076.418 47 52 37 37 26 24 22
1634225076.669 48 51 36 35 29 22 23
1634225076.918 47 53 37 35 27 22 22
1634225077.168 51 50 36 35 28 23 22
1634225077.418 47 49 37 34 29 23 21
1634225077.674 48 51 38 37 28 23 23
1634225077.919 47 50 38 35 30 22 23
1634225078.171 47 50 37 35 28 22 22
1634225078.419 46 53 39 35 29 23 21
1634225078.668 47 51 38 34 29 22 23
1634225078.918 47 50 39 34 31 23 20
1634225079.167 48 50 39 34 27 22 22
1634225079.426 47 52 38 34 28 22 21
1634225079.669 49 54 38 33 28 20 22
1634225079.919 48 50 39 35 27 24 20
1634225080.171 49 50 38 35 28 23 20
1634225080.418 46 52 42 34 27 23 22
1634225080.669 46 50 38 34 27 21 21
1634225080.919 46 52 37 35 27 21 21
1634225081.169 46 51 36 35 30 22 21
1634225081.418 47 52 37 34 27 23 23
1634225081.669 45 51 38 35 27 21 23
1634225081.922 46 50 38 39 29 24 21
1634225082.168 45 52 38 34 27 24 23
1634225082.419 48 49 38 34 29 22 21
1634225082.674 46 52 38 36 27 22 21
1634225082.922 47 51 39 34 26 22 21
1634225083.169 50 52 37 34 28 22 21
1634225083.420 48 50 37 36 28 23 20
1634225083.671 47 52 39 32 28 24 21
1634225083.919 48 50 41 36 29 23 22
1634225084.172 48 52 39 34 26 23 21
1634225084.419 46 50 37 32 26 23 20
1634225084.671 46 49 36 35 28 21 20
1634225084.923 47 51 37 35 28 24 22
1634225085.169 47 53 39 36 30 25 21
1634225085.426 48 49 39 36 30 22 22
1634225085.673 48 50 37 32 27 22 20
1634225085.919 48 50 37 34 28 23 24
1634225086.173 45 50 36 34 27 26 22
1634225086.419 47 51 37 35 28 23 23
1634225086.675 47 49 39 34 27 24 21
1634225086.924 47 51 38 34 27 25 21
1634225087.171 47 50 40 33 27 22 20
1634225087.424 47 48 37 36 27 22 23
1634225087.669 47 50 37 36 30 22 21
1634225087.921 45 48 38 35 26 22 23
1634225088.172 45 50 36 33 28 25 22
1634225088.420 47 50 39 33 25 24 20
1634225088.670 48 51 40 34 26 24 20
1634225088.918 46 49 39 34 27 24 21
1634225089.171 46 49 39 36 29 24 22
1634225089.418 48 49 41 34 27 23 22
1634225089.669 46 52 37 36 28 22 22
1634225089.920 48 52 39 34 27 23 20
1634225090.170 47 50 38 32 26 23 23
1634225090.419 48 51 40 33 29 25 21
1634225090.673 48 52 38 34 25 21 21
1634225090.919 47 53 38 33 27 23 21
1634225091.173 46 53 38 33 26 24 25
1634225091.419 48 52 37 33 24 22 21
1634225091.669 46 52 39 35 29 22 20
1634225091.919 47 53 38 35 27 23 21
1634225092.171 48 51 39 37 29 22 22
1634225092.422 49 49 37 35 27 22 21
1634225092.671 46 53 37 35 27 24 23
1634225092.920 47 51 41 35 26 23 22
1634225093.172 48 49 37 37 26 23 21
1634225093.419 45 50 38 33 25 21 24
1634225093.669 47 50 37 33 29 22 21
1634225093.923 47 49 39 33 28 22 22
1634225094.173 47 52 39 35 27 24 23
1634225094.420 48 52 37 34 26 21 22
1634225094.669 47 50 39 36 26 23 21
1634225094.921 47 51 41 34 32 22 20
1634225095.169 47 50 38 34 28 22 20
1634225095.419 47 52 36 34 26 23 20
1634225095.673 49 51 38 34 28 24 20
1634225095.919 46 48 37 36 27 22 21
1634225096.173 46 50 39 33 27 23 22
1634225096.421 48 51 38 34 25 23 23
1634225096.669 47 51 38 35 26 22 21
1634225096.921 46 50 36 35 28 22 22
1634225097.169 46 52 38 34 26 23 22
1634225097.420 45 50 38 34 28 24 21
1634225097.669 48 51 37 35 28 21 22
1634225097.921 46 50 39 33 26 23 22
1634225098.171 46 53 39 38 28 22 23
1634225098.420 46 51 42 36 26 23 21
1634225098.670 47 50 38 37 30 23 21
1634225098.920 47 53 38 34 27 23 21
1634225099.170 47 51 39 33 26 22 22
1634225099.421 49 51 37 34 25 24 21
1634225099.669 49 50 38 35 26 22 23
1634225099.920 49 51 39 34 26 22 20
1634225100.170 49 50 38 34 24 23 23
1634225100.424 46 51 37 35 25 24 21
1634225100.670 47 48 38 35 27 23 20
1634225100.920 50 52 38 35 26 22 24
1634225101.171 47 50 38 36 25 23 20
1634225101.423 46 49 37 33 27 22 23
1634225101.670 48 47 39 34 30 21 22
1634225101.922 46 49 38 35 29 22 22
1634225102.180 49 51 38 33 26 23 22
1634225102.420 46 49 37 36 26 23 22
1634225102.670 47 51 39 34 26 24 23
1634225102.922 47 56 37 35 27 24 21
1634225103.171 48 50 36 36 26 21 21
1634225103.425 45 48 38 36 28 22 21
1634225103.670 49 50 38 37 26 23 22
1634225103.920 48 53 37 36 23 23 22
1634225104.171 44 50 39 35 26 24 19
1634225104.420 46 52 38 36 28 23 22
1634225104.670 49 51 38 35 25 23 21
1634225104.920 48 49 38 36 26 24 21
1634225105.176 51 51 39 34 27 23 21
1634225105.420 47 49 38 36 26 24 22
1634225105.671 47 51 39 35 27 22 20
1634225105.927 47 51 37 33 27 24 22
1634225106.171 50 53 38 34 25 24 24
1634225106.421 51 50 37 37 27 22 22
1634225106.671 49 52 37 34 26 24 23
1634225106.921 47 49 39 36 27 24 23
1634225107.171 50 49 38 36 26 22 21
1634225107.423 48 51 39 36 26 23 23
1634225107.670 49 52 37 33 28 22 22
1634225107.922 47 52 37 34 27 23 21
1634225108.176 46 50 39 35 27 22 21
1634225108.423 49 53 38 33 29 22 21
1634225108.677 48 50 38 34 26 20 22
1634225108.923 47 51 38 35 28 22 21
1634225109.173 46 49 37 34 27 21 21
1634225109.421 48 49 38 35 27 23 22
1634225109.675 49 50 38 34 26 23 20
1634225109.929 47 50 38 37 25 22 21
1634225110.171 45 50 38 35 28 21 22
1634225110.420 48 49 41 34 27 23 21
1634225110.677 48 50 40 34 27 23 20
1634225110.920 48 52 38 35 28 22 24
1634225111.172 47 50 37 33 26 21 22
1634225111.422 46 50 39 35 28 22 22
1634225111.673 46 52 36 35 26 23 22
1634225111.922 47 53 38 33 27 22 21
1634225112.170 48 50 39 33 26 22 21
1634225112.421 47 50 37 37 26 21 23
1634225112.673 47 50 38 36 26 25 22
1634225112.921 46 51 38 34 25 25 21
1634225113.171 48 52 38 35 27 23 22
1634225113.420 46 50 38 34 26 22 20
1634225113.672 48 51 37 36 30 22 22
1634225113.923 47 50 39 34 26 24 20
1634225114.171 47 49 40 33 28 24 22
1634225114.427 47 50 39 33 27 23 22
1634225114.671 47 53 39 36 29 21 22
1634225114.925 47 53 38 34 25 23 22
1634225115.171 47 52 38 33 29 23 22
1634225115.421 47 49 39 34 28 23 22
1634225115.674 45 50 38 34 28 21 22
1634225115.921 47 54 38 35 26 23 23
1634225116.171 48 53 37 35 26 22 24
1634225116.422 50 51 41 34 28 22 22
1634225116.673 48 49 38 34 26 23 22
1634225116.922 47 51 39 33 29 23 21
1634225117.171 47 50 39 36 28 22 20
1634225117.421 46 52 36 34 27 22 21
1634225117.671 48 54 36 33 26 23 22
1634225117.922 48 52 37 34 28 23 20
1634225118.171 48 52 39 35 26 23 23
1634225118.424 50 50 39 35 30 23 22
1634225118.671 48 51 38 38 26 24 21
1634225118.921 46 51 38 34 28 22 23
1634225119.176 46 50 37 35 26 22 22
1634225119.421 48 50 38 34 24 24 21
1634225119.671 47 51 39 35 27 23 21
1634225119.926 44 50 37 34 28 23 21
1634225120.175 48 52 38 36 26 22 22
1634225120.422 46 50 39 36 27 23 20
1634225120.671 52 53 38 34 27 22 22
1634225120.923 46 51 38 36 28 21 23
1634225121.172 46 49 39 34 28 22 22
1634225121.425 47 51 36 34 27 23 23
1634225121.671 48 51 38 34 27 21 21
1634225121.921 50 52 38 32 27 22 23
1634225122.171 49 50 39 35 27 23 22
1634225122.422 46 50 38 36 26 24 21
1634225122.671 50 50 38 35 27 21 21
1634225122.922 49 51 38 34 27 22 22
1634225123.175 46 49 38 35 26 22 23
1634225123.422 49 48 38 32 26 22 21
1634225123.672 47 51 39 34 28 25 23
1634225123.923 48 51 39 37 28 23 21
1634225124.172 46 52 37 35 27 23 21
1634225124.424 49 50 39 33 26 22 22
1634225124.672 47 50 39 37 27 23 21
1634225124.922 48 52 38 35 27 22 22
1634225125.172 46 51 37 35 28 24 23
1634225125.424 48 51 38 34 26 25 21
1634225125.676 49 52 40 33 26 22 22
1634225125.924 49 52 37 34 27 22 21
1634225126.172 47 51 36 34 27 22 21
1634225126.422 45 52 38 36 26 21 22
1634225126.672 48 47 38 35 27 22 22
1634225126.922 47 51 37 33 26 23 21
1634225127.179 45 48 38 35 29 22 22
1634225127.422 46 49 37 35 28 23 21
1634225127.673 46 52 39 36 27 22 20
1634225127.925 46 51 37 37 26 23 20
1634225128.173 47 52 39 33 26 23 22
1634225128.424 46 49 38 34 24 21 21
1634225128.674 47 50 38 35 25 22 22
1634225128.923 47 52 38 37 25 22 21
1634225129.174 49 52 38 35 26 22 22
1634225129.425 48 51 39 34 27 24 22
1634225129.672 46 49 39 32 29 22 22
1634225129.923 48 51 38 34 31 23 22
1634225130.173 46 52 39 34 28 22 22
1634225130.422 50 50 37 35 26 22 22
1634225130.682 46 50 42 35 26 23 21
1634225130.925 48 52 37 34 28 22 21
1634225131.174 46 52 38 32 30 25 21
1634225131.425 47 52 37 33 28 21 22
1634225131.682 47 50 38 34 28 22 21
1634225131.925 48 51 37 35 29 23 22
1634225132.178 46 50 38 33 28 23 22
1634225132.422 48 50 42 38 29 23 23
1634225132.675 45 49 39 34 29 22 21
1634225132.925 46 51 37 34 28 23 22
1634225133.173 48 51 37 33 26 22 22
1634225133.425 45 50 38 35 28 22 22
1634225133.674 45 51 38 35 27 25 21
1634225133.922 49 50 38 34 28 21 20
1634225134.175 48 52 37 35 28 22 20
1634225134.422 48 51 40 35 28 22 22
1634225134.672 47 51 39 35 27 22 21
1634225134.925 48 51 38 34 27 22 23
1634225135.172 45 51 37 35 30 24 20
1634225135.422 46 54 39 35 27 22 21
1634225135.676 49 50 37 34 28 21 21
1634225135.922 45 50 38 36 26 22 21
1634225136.174 45 49 40 35 27 25 23
1634225136.429 46 52 38 37 26 22 21
1634225136.674 47 52 37 35 27 22 21
1634225136.923 47 52 40 34 28 21 22
1634225137.177 49 51 38 36 28 23 22
1634225137.423 46 53 38 37 27 22 23
1634225137.675 48 51 37 34 26 22 22
1634225137.923 47 52 38 35 25 22 22
1634225138.173 47 51 37 35 25 22 22
1634225138.424 46 52 39 32 28 22 21
1634225138.673 47 50 37 34 27 22 20
1634225138.925 48 50 38 36 27 21 21
1634225139.173 48 51 38 39 26 23 21
1634225139.425 48 52 38 34 31 22 22
1634225139.672 47 51 38 37 24 23 22
1634225139.925 48 53 38 34 27 23 22
1634225140.175 48 53 38 35 28 22 23
1634225140.422 46 51 37 37 25 22 23
1634225140.673 46 52 39 36 24 22 20
1634225140.923 47 53 38 36 28 23 19
1634225141.173 47 50 38 37 27 21 22
1634225141.424 48 53 36 36 28 20 23
1634225141.678 47 49 36 34 29 21 21
1634225141.923 46 51 39 34 26 22 22
1634225142.173 49 51 37 33 28 23 21
1634225142.423 46 49 38 33 28 24 21
1634225142.675 46 54 38 35 29 21 21
1634225142.923 48 51 39 36 28 21 20
1634225143.174 48 53 37 33 28 23 21
1634225143.424 46 52 37 35 29 22 23
1634225143.674 49 50 38 36 27 24 23
1634225143.923 51 50 40 36 27 23 20
1634225144.175 49 53 39 35 26 22 20
1634225144.425 48 51 38 35 29 22 22
1634225144.673 50 52 39 33 25 23 21
1634225144.924 48 52 39 35 27 22 21
1634225145.173 49 50 37 37 27 23 21
1634225145.423 49 52 39 34 26 25 23
1634225145.674 46 55 37 33 26 23 22
1634225145.927 49 50 36 33 26 21 20
1634225146.174 49 52 37 36 26 21 21
1634225146.424 47 50 40 35 28 23 22
1634225146.674 47 49 38 33 26 22 22
1634225146.928 48 49 38 36 25 22 22
1634225147.173 46 51 40 35 24 22 22
1634225147.428 47 53 37 34 28 22 21
1634225147.674 49 52 37 34 26 21 21
1634225147.923 48 53 39 34 25 22 23
1634225148.174 47 52 37 34 28 23 22
1634225148.429 47 50 37 34 25 22 22
1634225148.673 45 51 39 35 25 22 21
1634225148.924 49 50 38 35 26 21 21
1634225149.175 46 49 37 32 27 23 21
1634225149.424 46 51 37 37 27 22 22
1634225149.674 46 53 38 36 27 23 22
1634225149.924 49 50 38 35 28 22 22
1634225150.175 47 52 36 35 27 23 21
1634225150.424 45 50 37 35 29 23 21
1634225150.676 48 51 39 36 30 23 21
1634225150.929 49 51 37 37 25 22 23
1634225151.175 47 52 38 34 26 24 22
1634225151.427 48 52 38 35 27 21 21
1634225151.678 45 51 38 35 26 22 23
1634225151.925 48 52 39 34 28 23 21
1634225152.176 49 53 39 32 29 23 23
1634225152.424 48 51 39 35 27 22 22
1634225152.677 49 53 40 34 27 21 21
1634225152.924 48 50 37 34 29 21 22
1634225153.174 45 49 39 37 26 22 22
1634225153.423 47 51 40 34 27 22 20
1634225153.678 48 52 39 36 26 22 21
1634225153.925 45 51 39 35 26 23 22
1634225154.180 49 53 38 35 26 21 22
1634225154.425 45 49 38 34 26 21 21
1634225154.673 45 48 37 36 26 24 21
1634225154.926 48 50 37 35 25 22 22
1634225155.175 48 51 38 35 27 22 22
1634225155.438 48 52 39 33 27 23 21
1634225155.674 45 48 39 34 27 23 22
1634225155.924 47 50 38 35 26 23 21
1634225156.174 48 50 38 34 28 24 21
1634225156.426 47 49 37 36 28 22 21
1634225156.675 48 51 37 35 28 24 20
1634225156.924 47 51 38 37 27 22 21
1634225157.176 46 51 37 34 27 23 21
1634225157.427 48 51 38 35 28 21 22
1634225157.674 46 51 38 35 26 20 22
1634225157.930 47 48 38 32 27 22 23
1634225158.174 47 51 37 36 28 22 23
1634225158.425 47 52 39 35 26 22 22
1634225158.674 46 50 37 36 24 21 21
1634225158.924 49 51 36 36 28 22 21
1634225159.174 47 50 40 35 25 22 23
1634225159.427 47 51 39 35 26 23 21
1634225159.675 45 49 38 35 27 22 21
1634225159.925 45 53 37 34 26 23 20
1634225160.174 48 53 38 33 27 23 23
1634225160.425 48 51 38 34 25 22 22
1634225160.674 46 51 41 33 26 21 21
1634225160.927 47 51 38 35 25 21 22
1634225161.178 46 51 38 36 25 22 22
1634225161.425 47 53 39 35 27 21 22
1634225161.677 48 49 38 36 27 22 21
1634225161.925 47 49 37 34 25 22 22
1634225162.174 47 50 39 36 25 22 23
1634225162.426 47 52 40 35 30 23 21
1634225162.675 48 51 37 36 28 23 24
1634225162.927 46 54 37 36 27 20 22
1634225163.175 47 50 37 36 27 22 24
1634225163.428 45 50 37 34 26 24 21
1634225163.675 47 52 38 32 28 20 21
1634225163.924 48 51 37 33 27 23 23
1634225164.175 50 49 38 34 29 24 23
1634225164.424 48 50 36 34 28 21 22
1634225164.675 47 50 40 33 25 22 22
1634225164.925 47 50 37 36 27 22 21
1634225165.177 46 51 39 33 26 22 22
1634225165.426 48 52 39 34 27 21 21
1634225165.676 49 48 39 34 27 23 24
1634225165.926 47 50 38 35 27 21 23
1634225166.176 47 51 38 34 26 23 24
1634225166.427 47 49 39 35 27 22 21
1634225166.677 48 52 39 37 27 21 22
1634225166.925 47 50 37 35 26 23 23
1634225167.175 47 52 40 35 29 20 23
1634225167.427 49 49 37 33 26 22 21
1634225167.678 49 51 39 35 26 25 20
1634225167.924 44 51 37 35 27 22 23
1634225168.175 48 53 37 36 28 21 22
1634225168.427 49 51 37 35 26 24 22
1634225168.676 46 52 37 33 27 22 21
1634225168.925 46 49 36 35 27 23 22
1634225169.177 47 52 36 35 26 21 23
1634225169.426 47 51 38 35 29 22 22
1634225169.675 47 52 37 36 28 21 22
1634225169.925 46 52 39 34 30 20 22
1634225170.175 46 52 38 34 26 22 23
1634225170.426 45 52 38 34 27 25 23
1634225170.677 46 49 38 35 25 22 22
1634225170.927 48 51 38 37 27 21 21
1634225171.175 47 48 38 36 24 23 22
1634225171.427 45 50 38 33 26 21 23
1634225171.675 47 51 37 34 28 21 21
1634225171.925 47 50 38 34 29 21 22
1634225172.176 48 51 39 34 27 22 21
1634225172.425 48 50 38 35 26 22 23
1634225172.675 48 50 39 35 27 23 21
1634225172.925 49 51 39 34 28 23 22
1634225173.175 46 53 36 35 27 22 21
1634225173.428 46 52 37 36 25 21 21
1634225173.675 46 51 38 36 26 21 24
1634225173.926 47 51 37 33 27 20 22
1634225174.178 46 48 39 34 28 22 21
1634225174.427 45 51 36 34 27 23 22
1634225174.678 47 50 39 34 25 22 21
1634225174.927 47 49 39 33 26 23 20
1634225175.176 48 50 39 37 26 21 22
1634225175.425 47 50 38 36 26 22 19
1634225175.679 49 54 41 34 27 24 21
1634225175.939 47 49 39 38 28 23 23
1634225176.176 46 53 39 34 27 21 21
1634225176.426 46 52 38 35 25 22 23
1634225176.679 47 50 36 34 26 24 21
1634225176.926 46 51 39 35 27 21 22
1634225177.176 48 50 37 34 29 22 22
1634225177.425 48 51 38 34 27 22 20
1634225177.678 48 54 39 35 26 21 20
1634225177.926 49 50 38 32 26 23 20
1634225178.183 49 51 38 33 27 24 20
1634225178.425 47 52 38 36 27 23 22
1634225178.679 48 50 37 36 27 22 23
1634225178.930 49 52 37 37 27 23 21
1634225179.175 47 53 38 33 28 22 21
1634225179.439 45 53 41 35 27 21 20
1634225179.676 48 51 39 34 27 23 22
1634225179.927 46 50 41 36 29 22 23
1634225180.177 46 53 36 35 25 21 21
1634225180.428 50 51 37 35 28 22 21
1634225180.685 49 49 39 33 28 23 23
1634225180.926 46 52 37 37 29 23 21
1634225181.176 46 50 38 36 28 23 21
1634225181.431 48 52 38 34 27 22 22
1634225181.678 48 52 38 35 25 22 22
1634225181.927 49 50 37 36 27 23 21
1634225182.179 47 50 37 35 28 24 21
1634225182.427 47 50 37 37 26 23 21
1634225182.678 47 50 38 33 29 22 24
1634225182.926 48 50 40 35 27 21 22
1634225183.176 47 49 39 34 27 22 21
1634225183.427 45 50 35 36 28 22 22
1634225183.677 46 48 38 35 29 21 20
1634225183.927 48 50 39 36 26 22 21
1634225184.176 45 51 39 33 26 22 23
1634225184.426 47 49 41 35 27 23 22
1634225184.677 47 53 38 35 27 21 20
1634225184.928 46 54 40 33 26 22 23
1634225185.177 47 51 38 34 27 21 23
1634225185.426 49 51 38 33 28 22 20
1634225185.678 47 52 39 34 25 24 22
1634225185.929 48 50 41 34 27 21 21
1634225186.182 46 52 37 36 28 22 20
1634225186.426 48 52 37 36 25 22 22
1634225186.677 47 52 39 35 27 20 22
1634225186.927 48 51 38 34 26 22 20
1634225187.176 46 49 38 34 26 22 22
1634225187.427 47 51 39 34 26 22 21
1634225187.679 47 52 37 37 26 22 24
1634225187.927 47 51 37 36 26 23 23
1634225188.176 46 52 37 35 27 22 22
1634225188.427 45 51 37 34 27 23 21
1634225188.677 46 49 40 34 26 21 22
1634225188.930 48 52 39 34 27 22 21
1634225189.182 46 53 40 35 26 23 23
1634225189.426 47 51 38 36 26 21 22
