1634744967.687 57 44 39 32 28 19 20
1634744967.936 58 45 39 35 24 20 21
1634744968.188 54 45 37 33 27 22 20
1634744968.438 54 45 36 32 25 20 18
1634744968.686 54 45 36 31 25 20 19
1634744968.936 57 45 36 35 25 20 18
1634744969.192 53 44 37 33 26 20 19
1634744969.435 56 47 36 33 24 20 19
1634744969.691 60 45 37 33 25 21 19
1634744969.935 57 45 35 31 27 20 18
1634744970.187 56 44 39 33 25 21 18
1634744970.436 56 44 37 32 26 20 18
1634744970.685 57 46 37 34 26 21 19
1634744970.936 56 45 36 34 27 19 17
1634744971.185 56 46 38 34 25 21 21
1634744971.437 55 46 37 33 25 20 19
1634744971.687 57 46 37 36 25 18 18
1634744971.938 58 46 37 33 26 20 20
1634744972.185 58 44 38 32 25 21 19
1634744972.435 59 47 36 33 24 20 19
1634744972.687 58 47 35 33 25 21 20
1634744972.935 57 45 37 32 24 21 19
1634744973.188 57 47 36 34 26 20 22
1634744973.435 56 46 38 32 25 20 20
1634744973.685 54 44 39 32 25 21 20
1634744973.935 61 43 39 32 26 20 19
1634744974.186 58 45 37 31 25 20 18
1634744974.436 57 46 36 32 26 20 20
1634744974.686 56 46 36 35 25 21 20
1634744974.936 54 46 38 32 26 20 19
1634744975.186 55 47 37 31 24 21 18
1634744975.435 54 46 38 33 25 23 20
1634744975.690 58 45 39 33 27 22 19
1634744975.938 54 46 39 33 25 18 20
1634744976.185 55 46 38 32 27 19 19
1634744976.435 54 44 37 31 28 20 19
1634744976.685 56 45 38 33 26 19 22
1634744976.937 56 45 35 32 26 20 18
1634744977.185 58 43 34 33 26 20 18
1634744977.436 54 46 34 32 25 21 20
1634744977.685 58 47 37 34 25 20 19
1634744977.936 53 46 36 33 25 21 20
1634744978.186 57 45 37 33 27 18 17
1634744978.436 58 44 36 32 26 23 19
1634744978.686 58 47 36 32 27 22 20
1634744978.936 56 47 38 34 26 18 18
1634744979.187 55 47 37 33 28 20 19
1634744979.435 53 45 37 32 26 21 20
1634744979.686 56 45 36 33 25 19 19
1634744979.936 53 47 37 32 25 21 19
1634744980.186 55 45 36 32 25 20 18
1634744980.436 55 44 36 34 27 20 20
1634744980.686 57 45 35 34 24 20 20
1634744980.936 55 45 37 33 26 19 19
1634744981.190 56 46 37 33 26 20 20
1634744981.441 54 45 37 32 27 20 20
1634744981.686 56 46 36 34 26 19 21
1634744981.938 57 45 38 31 26 21 19
1634744982.185 56 45 35 34 26 19 20
1634744982.436 54 47 37 33 27 21 19
1634744982.685 56 46 36 32 24 20 20
1634744982.940 57 45 37 32 26 20 19
1634744983.187 61 45 38 30 25 20 19
1634744983.435 56 44 37 32 24 21 17
1634744983.685 57 45 36 33 24 24 18
1634744983.935 58 46 37 34 27 21 18
1634744984.185 54 45 36 33 27 20 17
1634744984.436 56 49 38 33 26 22 19
1634744984.686 55 46 37 32 28 19 18
1634744984.936 57 47 36 32 26 21 20
1634744985.185 57 47 38 32 25 20 20
1634744985.437 56 46 39 33 26 21 19
1634744985.688 57 46 38 33 28 19 18
1634744985.936 55 45 37 32 26 20 20
1634744986.186 59 46 37 33 26 20 19
1634744986.436 59 45 35 31 26 22 18
1634744986.686 58 47 33 33 25 21 17
1634744986.935 56 44 35 32 25 21 20
1634744987.185 55 45 35 34 27 22 21
1634744987.436 57 45 36 34 26 19 19
1634744987.687 55 47 38 35 26 21 19
1634744987.940 58 44 38 35 25 18 22
1634744988.187 55 46 38 34 26 21 20
1634744988.437 56 50 37 34 27 22 21
1634744988.688 56 46 36 33 25 22 18
1634744988.935 58 46 39 35 25 22 20
1634744989.185 56 47 38 34 26 21 21
1634744989.436 57 45 37 32 24 20 19
1634744989.691 56 49 36 32 23 22 18
1634744989.948 58 46 37 34 27 20 20
1634744990.185 59 46 37 32 26 19 17
1634744990.435 54 44 37 33 27 21 21
1634744990.688 58 46 36 34 25 22 20
1634744990.935 57 45 36 34 25 23 19
1634744991.186 55 46 37 32 26 22 23
1634744991.437 57 46 34 32 26 21 20
1634744991.687 54 46 36 35 26 21 18
1634744991.938 57 45 37 32 26 21 22
1634744992.186 57 45 39 31 27 22 19
1634744992.435 55 46 36 33 25 21 20
1634744992.688 58 46 36 31 27 20 18
1634744992.935 60 46 38 31 26 21 19
1634744993.186 56 47 37 32 27 19 19
1634744993.436 58 45 36 34 28 19 20
1634744993.686 57 45 37 33 26 19 18
1634744993.937 54 44 37 33 26 21 18
1634744994.186 55 43 36 32 27 19 18
1634744994.436 56 45 37 33 25 23 19
1634744994.690 56 44 37 32 24 23 18
1634744994.936 57 45 38 32 25 20 19
1634744995.187 55 44 36 32 25 21 18
1634744995.437 56 46 39 34 27 21 18
1634744995.689 55 46 39 31 27 21 19
1634744995.935 56 46 39 34 27 20 18
1634744996.187 57 45 38 33 25 20 19
1634744996.438 56 44 38 36 26 20 19
1634744996.686 56 46 38 34 25 22 19
1634744996.939 54 44 38 33 27 22 20
1634744997.186 56 46 37 34 25 21 20
1634744997.437 53 44 36 32 27 21 21
1634744997.687 58 45 36 31 25 21 17
1634744997.936 56 45 37 33 25 20 19
1634744998.187 55 44 37 34 26 21 22
1634744998.435 58 45 35 33 26 20 18
1634744998.685 57 45 35 30 26 22 18
1634744998.936 57 48 37 35 26 22 20
1634744999.185 57 45 37 36 25 20 21
1634744999.436 55 45 35 30 24 21 22
1634744999.686 57 45 35 34 24 20 20
1634744999.936 57 46 38 32 26 19 19
1634745000.187 58 46 37 35 25 19 19
1634745000.437 56 48 36 34 25 20 20
1634745000.686 57 47 38 32 25 20 20
1634745000.936 58 44 36 33 25 21 18
1634745001.185 54 46 36 33 25 20 19
1634745001.441 57 45 38 34 24 20 20
1634745001.686 58 45 38 33 26 20 19
1634745001.936 60 46 36 33 24 21 18
1634745002.191 55 45 36 34 25 20 20
1634745002.436 56 46 38 31 28 19 20
1634745002.689 56 47 37 32 27 20 20
1634745002.938 59 44 36 34 27 19 19
1634745003.186 58 46 37 32 25 21 20
1634745003.436 56 46 37 35 25 19 19
1634745003.686 59 46 38 33 27 20 19
1634745003.937 56 46 37 34 26 19 19
1634745004.188 57 44 36 31 26 19 20
1634745004.440 57 45 36 34 24 21 19
1634745004.686 58 45 37 32 25 20 20
1634745004.937 56 46 37 33 25 21 21
1634745005.187 58 45 37 33 25 21 21
1634745005.436 58 45 36 30 25 20 18
1634745005.687 54 44 38 33 26 20 22
1634745005.936 53 45 38 30 28 19 20
1634745006.186 58 46 37 31 25 20 19
1634745006.436 58 44 38 33 25 19 19
1634745006.686 56 46 36 32 25 21 18
1634745006.938 55 47 40 32 26 19 19
1634745007.187 58 46 36 32 25 21 21
1634745007.436 53 46 36 33 28 21 19
1634745007.687 57 46 36 33 24 20 19
1634745007.937 53 45 37 32 27 23 18
1634745008.190 56 46 34 33 26 20 21
1634745008.437 57 46 36 34 25 20 19
1634745008.686 58 45 38 32 26 22 20
1634745008.936 55 44 36 36 24 22 19
1634745009.186 55 46 34 34 26 20 20
1634745009.437 55 46 37 33 26 21 20
1634745009.686 58 46 36 31 27 20 18
1634745009.936 57 47 37 33 25 22 17
1634745010.186 57 44 36 32 25 21 21
1634745010.438 59 45 38 32 26 20 22
1634745010.686 55 47 37 34 26 22 20
1634745010.936 54 45 38 32 26 21 19
1634745011.189 57 46 39 32 25 23 21
1634745011.436 58 48 35 33 25 21 19
1634745011.688 55 46 36 31 26 20 20
1634745011.937 58 45 37 34 25 22 19
1634745012.186 55 44 38 32 28 20 18
1634745012.436 54 43 37 32 23 20 20
1634745012.685 56 47 36 33 25 21 19
1634745012.943 57 45 37 33 25 20 18
1634745013.187 56 45 37 34 23 20 20
1634745013.436 57 48 36 32 24 20 20
1634745013.687 54 46 36 34 26 20 19
1634745013.937 55 45 37 36 25 20 18
1634745014.187 57 44 36 31 24 21 18
1634745014.443 61 47 35 32 24 22 20
1634745014.686 53 46 36 31 26 20 19
1634745014.939 56 44 36 34 25 21 18
1634745015.186 55 46 35 31 26 20 19
1634745015.436 59 44 36 32 25 21 21
1634745015.690 55 46 38 33 25 21 20
1634745015.937 57 45 38 33 25 18 19
1634745016.187 57 44 38 36 26 20 19
1634745016.441 58 46 38 35 25 19 18
1634745016.686 56 46 37 32 25 22 18
1634745016.943 56 46 38 33 25 19 20
1634745017.187 55 45 36 34 24 20 21
1634745017.436 60 44 39 33 26 19 18
1634745017.692 55 46 39 33 25 21 17
1634745017.936 58 44 36 33 28 23 19
1634745018.187 57 46 37 34 25 20 20
1634745018.437 57 45 37 33 26 20 19
1634745018.687 56 47 36 33 24 20 18
1634745018.938 58 46 36 34 28 21 20
1634745019.186 57 47 36 35 26 20 20
1634745019.436 55 45 38 31 26 21 18
1634745019.687 56 45 37 33 28 21 18
1634745019.938 55 45 37 35 27 22 22
1634745020.190 57 45 39 34 26 21 20
1634745020.438 59 44 36 33 25 20 19
1634745020.687 56 46 36 32 25 21 20
1634745020.937 57 46 37 31 27 20 19
1634745021.186 57 44 36 31 25 19 19
1634745021.436 55 45 35 35 25 20 21
1634745021.686 58 46 37 33 25 22 21
1634745021.940 59 46 37 32 24 21 21
1634745022.187 57 46 36 34 25 19 18
1634745022.438 55 46 37 33 26 21 19
1634745022.687 58 47 35 33 26 20 20
1634745022.937 55 46 38 34 24 21 20
1634745023.187 58 44 36 32 25 20 20
1634745023.436 58 46 37 33 27 20 20
1634745023.686 55 45 37 33 26 20 23
1634745023.936 56 46 38 33 24 20 21
1634745024.186 56 46 37 32 24 21 21
1634745024.437 57 46 36 33 27 20 19
1634745024.687 56 45 37 32 27 21 19
1634745024.936 58 47 37 34 24 19 20
1634745025.186 56 46 38 35 28 23 19
1634745025.437 58 45 37 34 26 20 18
1634745025.688 58 45 37 33 26 20 19
1634745025.936 56 48 38 35 25 19 17
1634745026.189 55 44 37 34 25 23 18
1634745026.436 55 45 38 33 26 20 20
1634745026.687 55 46 36 32 26 19 20
1634745026.936 57 45 37 30 25 21 19
1634745027.190 57 44 38 32 26 19 18
1634745027.437 54 46 36 33 25 21 19
1634745027.688 55 44 37 36 27 19 19
1634745027.936 54 46 36 33 26 20 18
1634745028.186 57 44 35 31 27 19 18
1634745028.436 56 47 36 31 25 23 19
1634745028.687 56 45 36 34 26 20 20
1634745028.938 55 45 37 34 24 21 20
1634745029.187 57 44 37 32 25 21 19
1634745029.436 53 45 36 34 25 19 18
1634745029.687 59 46 36 34 25 22 18
1634745029.937 56 45 35 34 23 19 19
1634745030.186 56 46 36 33 29 20 18
1634745030.438 57 44 37 35 25 20 17
1634745030.686 54 44 37 33 24 20 19
1634745030.937 56 45 39 33 27 21 19
1634745031.189 54 44 38 34 24 19 17
1634745031.438 57 45 38 32 25 19 21
1634745031.687 55 46 37 32 26 21 17
1634745031.940 56 43 37 32 25 19 20
1634745032.186 57 47 36 32 25 21 21
1634745032.437 55 45 38 35 26 21 19
1634745032.687 56 47 36 36 26 19 16
1634745032.936 55 46 37 34 26 20 20
1634745033.187 54 45 38 33 26 21 17
1634745033.437 57 46 36 32 28 20 18
1634745033.687 55 45 38 36 27 21 19
1634745033.936 59 46 36 34 26 21 18
1634745034.190 54 45 37 33 24 20 19
1634745034.437 54 46 36 34 24 19 18
1634745034.686 59 45 35 33 27 20 19
1634745034.936 58 47 37 35 25 22 17
1634745035.187 57 46 40 35 24 21 20
1634745035.437 55 45 38 33 24 20 16
1634745035.688 55 45 37 33 24 21 18
1634745035.941 56 45 37 33 27 20 16
1634745036.187 56 47 39 33 25 21 19
1634745036.437 55 45 36 32 25 20 19
1634745036.690 59 46 36 35 25 21 18
1634745036.937 56 47 36 33 26 20 17
1634745037.188 56 45 40 33 24 21 20
1634745037.437 57 45 37 31 26 21 19
1634745037.686 55 45 35 33 26 20 18
1634745037.939 57 46 37 33 27 20 18
1634745038.187 56 44 36 36 25 20 20
1634745038.437 59 44 37 31 25 22 18
1634745038.686 58 46 36 32 27 19 18
1634745038.939 56 45 37 37 24 19 20
1634745039.187 59 45 37 33 25 22 19
1634745039.439 55 45 36 33 24 19 17
1634745039.689 56 45 37 34 27 20 19
1634745039.937 56 44 37 33 25 19 19
1634745040.194 54 44 36 34 27 23 21
1634745040.441 58 46 35 33 25 20 18
1634745040.686 56 43 38 33 24 20 18
1634745040.937 57 47 35 33 24 20 19
1634745041.189 54 46 36 33 26 20 19
1634745041.436 57 47 38 33 25 20 18
1634745041.689 57 46 36 33 24 19 18
1634745041.939 57 44 36 35 24 22 17
1634745042.188 55 48 39 33 25 18 17
1634745042.440 58 46 36 33 24 21 17
1634745042.687 56 49 34 35 27 19 20
1634745042.937 58 43 39 32 25 20 18
1634745043.188 57 46 38 33 24 20 20
1634745043.437 54 45 36 34 27 21 17
1634745043.687 59 46 38 32 27 19 19
1634745043.939 57 46 37 33 24 20 17
1634745044.187 57 46 36 34 25 21 18
1634745044.437 56 43 35 32 26 19 19
1634745044.687 57 48 36 32 25 21 18
1634745044.941 57 47 35 33 24 19 19
1634745045.186 57 45 38 32 25 18 19
1634745045.440 59 44 38 33 25 20 19
1634745045.689 56 43 37 37 25 20 22
1634745045.937 58 45 35 35 26 20 22
1634745046.187 60 45 38 34 27 22 19
1634745046.437 56 47 37 33 26 23 19
1634745046.687 53 46 37 32 26 20 20
1634745046.938 55 44 35 35 24 20 19
1634745047.188 59 46 37 33 26 21 18
1634745047.437 56 45 37 31 25 21 19
1634745047.689 58 46 38 32 24 20 19
1634745047.938 58 46 39 34 24 20 19
1634745048.186 55 44 37 33 25 19 20
1634745048.437 56 46 37 33 24 21 17
1634745048.690 60 46 35 34 25 18 18
1634745048.937 55 46 36 35 26 20 19
1634745049.189 54 46 36 31 25 21 21
1634745049.441 57 45 36 34 26 19 20
1634745049.687 56 46 36 32 24 19 17
1634745049.937 58 45 39 32 26 21 22
1634745050.187 58 46 35 34 25 19 19
1634745050.438 56 45 38 36 24 18 18
1634745050.688 54 46 37 34 26 20 16
1634745050.937 55 46 38 36 25 20 20
1634745051.188 56 45 37 31 26 20 18
1634745051.437 56 45 37 33 24 21 20
1634745051.687 57 45 36 34 25 20 20
1634745051.938 61 46 36 33 25 20 18
1634745052.189 56 46 36 32 24 21 19
1634745052.437 57 44 38 34 24 20 19
1634745052.689 55 45 36 33 25 23 20
1634745052.939 56 45 37 35 26 19 19
1634745053.187 59 46 36 34 26 20 18
1634745053.438 56 48 39 31 25 18 17
1634745053.689 57 44 37 34 26 20 19
1634745053.938 56 46 38 31 26 21 18
1634745054.187 56 44 38 35 27 19 18
1634745054.442 56 45 39 32 24 20 20
1634745054.687 55 47 38 32 26 19 19
1634745054.938 57 46 36 32 24 19 19
1634745055.187 56 44 38 32 26 19 19
1634745055.438 53 48 39 34 25 21 19
1634745055.689 55 45 34 34 25 21 18
1634745055.939 54 49 35 30 25 20 18
1634745056.187 58 44 35 31 26 20 19
1634745056.439 55 44 37 31 25 21 21
1634745056.687 55 45 36 33 24 21 18
1634745056.939 56 45 37 35 27 19 18
1634745057.187 55 46 37 32 25 20 18
1634745057.437 59 46 37 33 25 19 17
1634745057.688 55 46 36 32 26 19 17
1634745057.937 54 46 35 33 25 21 19
1634745058.188 58 46 38 33 26 19 18
1634745058.438 57 45 36 32 26 20 18
1634745058.687 57 46 34 34 25 21 19
1634745058.937 61 46 37 33 24 21 17
1634745059.188 55 44 36 32 24 20 20
1634745059.438 57 46 36 32 26 22 17
1634745059.688 54 45 37 35 24 20 18
1634745059.937 57 48 37 31 26 21 19
1634745060.191 56 47 38 34 25 22 18
1634745060.437 56 46 36 34 26 21 18
1634745060.689 55 45 36 33 25 19 20
1634745060.938 56 46 39 32 26 20 18
1634745061.187 57 43 36 34 26 20 18
1634745061.441 58 44 36 32 26 20 16
1634745061.688 58 48 39 33 26 20 18
1634745061.940 56 44 36 31 25 21 21
1634745062.189 59 47 37 33 23 21 16
1634745062.437 57 46 36 34 27 21 18
1634745062.687 57 44 38 30 23 21 18
1634745062.937 55 43 38 32 25 23 17
1634745063.188 58 45 38 32 26 20 17
1634745063.439 55 46 36 32 25 20 19
1634745063.687 56 46 38 35 25 20 20
1634745063.942 57 45 38 33 24 21 17
1634745064.189 58 44 39 32 25 21 19
1634745064.438 54 46 37 31 26 19 19
1634745064.688 56 45 37 32 25 20 19
1634745064.940 54 45 37 33 25 22 19
1634745065.188 57 46 35 34 25 20 17
1634745065.440 57 45 35 31 25 24 18
1634745065.691 56 46 37 33 25 21 20
1634745065.937 59 45 38 32 25 20 18
1634745066.190 55 45 36 32 26 22 18
1634745066.438 57 44 38 32 25 20 19
1634745066.688 53 44 37 33 26 20 18
1634745066.940 57 44 38 35 25 19 18
1634745067.187 55 46 37 33 26 22 18
1634745067.438 56 46 37 35 24 20 18
1634745067.688 55 46 37 33 23 19 17
1634745067.938 56 47 36 30 25 20 21
1634745068.188 55 45 37 35 26 21 19
1634745068.446 56 45 37 33 26 20 19
1634745068.688 56 47 39 31 28 20 18
1634745068.938 57 45 35 34 25 19 19
1634745069.192 56 44 39 33 25 18 18
1634745069.437 59 48 35 32 24 21 21
1634745069.688 59 46 36 33 26 20 19
1634745069.938 56 48 37 33 26 19 19
1634745070.188 57 45 38 31 25 20 20
1634745070.438 58 45 37 33 25 19 20
1634745070.690 56 44 38 35 25 20 20
1634745070.938 56 45 35 35 27 22 20
1634745071.188 54 47 38 35 26 21 19
1634745071.440 54 47 38 32 23 19 17
1634745071.687 59 46 36 31 24 21 20
1634745071.938 55 47 38 34 24 20 17
1634745072.191 59 47 37 32 26 19 19
1634745072.438 55 47 36 36 25 20 19
1634745072.691 57 45 36 33 26 21 17
1634745072.938 54 45 37 32 25 20 19
1634745073.188 57 46 36 35 28 22 18
1634745073.439 56 45 37 31 24 20 19
1634745073.688 56 46 35 33 25 21 19
1634745073.940 55 44 38 34 28 19 19
1634745074.188 57 48 36 34 27 20 18
1634745074.438 56 46 37 35 26 20 20
1634745074.687 57 45 36 34 25 20 20
1634745074.938 57 46 36 32 24 22 17
1634745075.188 59 46 37 33 26 19 19
1634745075.440 59 44 36 33 25 21 19
1634745075.689 56 47 38 33 27 19 17
1634745075.941 58 45 38 34 27 20 19
1634745076.187 54 45 38 32 26 20 17
1634745076.440 54 46 40 32 25 20 18
1634745076.688 57 48 36 34 23 21 18
1634745076.938 56 44 36 33 24 21 18
1634745077.188 56 44 40 31 25 20 20
1634745077.438 56 46 37 33 26 21 21
1634745077.688 57 46 37 33 26 22 17
1634745077.938 55 45 37 32 25 22 19
1634745078.187 54 44 35 33 24 20 19
1634745078.438 56 48 38 33 27 20 19
1634745078.691 56 45 37 34 25 24 21
1634745078.937 57 44 36 32 23 21 19
1634745079.189 53 44 36 35 24 20 18
1634745079.438 57 44 37 32 25 20 19
1634745079.691 59 43 35 33 27 21 20
1634745079.940 57 46 37 34 27 22 18
1634745080.188 56 45 36 35 26 21 19
1634745080.440 57 45 36 35 25 19 19
1634745080.692 54 45 39 33 24 23 19
1634745080.938 54 44 38 35 24 19 18
1634745081.190 56 47 39 33 26 21 18
1634745081.437 55 44 38 33 24 22 19
1634745081.687 56 46 37 32 25 21 20
1634745081.940 56 46 37 34 27 22 19
1634745082.190 56 44 36 33 24 21 17
1634745082.439 58 46 36 33 24 23 18
1634745082.692 55 47 39 34 26 19 18
1634745082.938 55 46 37 34 26 21 19
1634745083.188 54 46 36 33 24 22 18
1634745083.440 54 47 36 32 24 21 18
1634745083.688 58 45 35 34 25 22 20
1634745083.941 57 48 37 32 26 20 18
1634745084.190 56 44 38 33 27 20 19
1634745084.439 57 45 37 31 25 21 19
1634745084.690 57 46 38 33 26 21 17
1634745084.941 53 43 37 32 25 21 18
1634745085.187 55 44 37 32 24 22 18
1634745085.438 56 46 37 33 24 21 18
1634745085.687 58 46 37 32 24 21 19
1634745085.939 58 46 37 33 24 21 19
1634745086.189 54 47 38 33 26 21 16
1634745086.439 59 46 36 33 24 22 18
1634745086.689 56 47 38 32 26 21 19
1634745086.938 56 46 38 33 25 19 17
1634745087.189 57 46 38 35 26 22 19
1634745087.438 56 44 38 32 25 20 20
1634745087.688 55 47 36 31 26 21 20
1634745087.939 57 45 36 32 26 20 20
1634745088.188 57 45 36 32 24 20 20
1634745088.438 55 46 36 35 26 20 17
1634745088.689 59 46 37 33 28 19 18
1634745088.939 59 44 38 33 25 21 20
1634745089.188 56 44 37 33 26 23 19
1634745089.439 56 45 38 32 25 20 17
1634745089.692 55 45 38 32 27 21 21
1634745089.938 56 46 37 33 25 19 19
1634745090.188 58 45 36 33 26 20 20
1634745090.443 55 46 36 33 23 19 19
1634745090.688 55 45 37 33 25 21 19
1634745090.939 57 48 36 31 26 22 19
1634745091.192 57 45 37 33 25 21 18
1634745091.438 58 47 37 34 26 20 18
1634745091.688 55 47 38 33 25 19 16
1634745091.939 55 45 35 33 26 20 20
1634745092.188 58 44 38 31 25 21 20
1634745092.438 56 44 37 31 25 21 20
1634745092.688 56 46 37 33 25 21 18
1634745092.938 56 44 36 32 26 20 18
1634745093.188 59 45 37 34 25 22 20
1634745093.439 58 46 38 32 26 20 19
1634745093.688 56 46 35 34 27 23 20
1634745093.938 54 47 36 32 27 21 17
1634745094.188 58 45 37 35 26 20 18
1634745094.440 56 47 37 34 25 19 20
1634745094.688 57 47 38 34 27 20 19
1634745094.938 55 46 39 34 26 20 20
1634745095.190 56 46 37 33 25 20 18
1634745095.440 54 46 37 32 24 21 19
1634745095.688 57 46 37 32 25 22 17
1634745095.940 57 45 37 32 24 21 19
1634745096.190 56 48 37 35 25 21 19
1634745096.439 56 44 37 35 28 24 18
1634745096.689 57 45 36 31 25 20 19
1634745096.938 57 45 40 32 25 22 17
1634745097.188 55 44 37 31 28 22 21
1634745097.439 55 46 38 32 26 24 18
1634745097.689 56 47 39 32 26 23 18
1634745097.940 58 46 37 32 25 21 18
1634745098.188 58 47 39 32 25 21 18
1634745098.438 55 46 38 31 25 20 17
1634745098.689 56 44 36 35 25 21 20
1634745098.939 53 47 37 33 25 21 19
1634745099.189 55 45 38 35 26 23 18
1634745099.438 54 46 38 33 24 20 19
1634745099.688 56 46 36 32 24 21 21
1634745099.939 59 44 38 33 27 19 18
1634745100.192 58 45 37 34 28 21 18
1634745100.438 60 47 35 32 25 20 20
1634745100.689 57 45 36 35 25 21 18
1634745100.938 56 45 39 33 25 19 18
1634745101.193 56 45 37 33 24 19 17
1634745101.441 57 46 37 32 25 21 18
1634745101.689 54 45 37 34 24 22 18
1634745101.938 57 44 36 35 24 23 20
1634745102.188 55 45 39 33 24 19 18
1634745102.438 56 44 39 34 25 21 19
1634745102.691 55 47 39 33 25 20 18
1634745102.940 55 46 38 33 24 21 20
1634745103.189 56 46 38 33 24 20 17
1634745103.439 57 45 35 33 23 22 17
1634745103.694 54 45 36 32 25 20 18
1634745103.939 59 45 36 32 24 21 17
1634745104.190 54 46 36 31 26 23 21
1634745104.438 58 47 39 32 26 24 18
1634745104.689 58 46 37 34 26 22 19
1634745104.939 57 49 35 33 26 21 19
1634745105.194 56 44 36 32 25 21 17
1634745105.439 57 46 36 33 23 20 18
1634745105.689 52 46 38 34 25 22 18
1634745105.940 55 45 37 31 24 19 18
1634745106.189 58 45 35 32 24 18 20
1634745106.438 59 46 36 31 26 20 21
1634745106.689 58 44 38 32 26 21 17
1634745106.939 55 47 35 30 24 22 19
1634745107.190 59 45 35 33 24 24 17
1634745107.439 58 45 35 33 25 22 18
1634745107.692 54 45 38 36 24 19 19
1634745107.943 55 42 37 34 24 22 20
1634745108.189 54 48 41 32 25 20 18
1634745108.442 56 44 35 33 25 20 20
1634745108.690 56 44 39 32 26 21 19
1634745108.938 57 45 40 32 26 21 18
1634745109.192 60 44 36 34 26 19 18
1634745109.438 55 44 37 32 26 23 19
1634745109.688 57 47 38 31 25 21 17
1634745109.942 53 43 36 35 24 22 19
1634745110.188 55 44 37 34 26 21 20
1634745110.440 55 47 36 33 25 22 18
1634745110.690 56 46 36 32 25 21 19
1634745110.939 55 47 38 33 25 21 18
1634745111.192 56 45 36 32 23 21 18
1634745111.438 56 47 38 33 26 25 18
1634745111.689 56 46 36 31 25 20 18
1634745111.939 56 44 38 31 24 21 19
1634745112.192 58 47 35 34 23 21 18
1634745112.441 55 45 39 31 24 21 18
1634745112.692 59 46 39 35 25 22 19
1634745112.938 53 45 36 33 27 20 18
1634745113.189 56 45 38 31 27 21 19
1634745113.439 54 45 36 33 26 23 19
1634745113.689 59 44 37 30 26 22 19
1634745113.939 54 46 37 35 26 20 20
1634745114.190 59 45 37 32 24 21 19
1634745114.440 59 45 38 31 25 20 19
1634745114.689 56 45 35 33 26 22 21
1634745114.939 56 43 37 33 27 22 20
1634745115.190 56 46 36 32 24 22 19
1634745115.443 58 45 37 34 24 21 17
1634745115.689 56 44 35 34 24 24 18
1634745115.943 56 49 36 33 24 21 19
1634745116.189 56 46 34 32 23 20 18
1634745116.440 54 45 35 34 25 22 17
1634745116.691 58 45 36 36 26 20 19
1634745116.939 58 44 37 33 25 21 19
1634745117.189 55 46 37 34 26 22 19
1634745117.439 54 44 35 33 25 20 19
1634745117.689 56 45 36 34 26 20 19
1634745117.939 56 46 37 34 25 20 20
1634745118.190 54 44 38 32 27 21 18
1634745118.439 57 46 35 33 26 19 21
1634745118.690 55 45 37 34 28 20 19
1634745118.939 54 44 38 31 26 20 18
1634745119.189 54 44 36 32 25 20 19
1634745119.439 57 46 37 35 25 20 19
1634745119.689 54 46 35 32 27 22 22
1634745119.940 57 48 38 33 25 21 19
1634745120.191 55 46 38 33 26 21 20
1634745120.439 55 47 39 34 26 21 19
1634745120.689 55 48 37 32 25 21 19
1634745120.939 58 44 37 32 24 21 21
1634745121.188 56 46 38 34 24 21 19
1634745121.441 52 46 37 33 25 21 18
1634745121.689 59 45 37 33 24 20 19
1634745121.939 55 43 38 32 25 22 19
1634745122.189 55 44 36 34 27 20 21
1634745122.439 54 43 36 33 27 21 18
1634745122.689 58 46 38 33 23 23 19
1634745122.940 54 43 38 34 27 21 19
1634745123.190 56 47 35 33 25 20 19
1634745123.440 56 46 36 33 26 21 18
1634745123.689 56 45 37 34 26 22 19
1634745123.939 58 46 37 34 25 20 19
1634745124.190 57 46 38 32 25 22 18
1634745124.440 57 47 35 33 25 22 19
1634745124.690 56 45 38 32 26 22 17
1634745124.939 57 45 37 34 26 21 20
1634745125.189 55 46 36 34 25 21 18
1634745125.440 57 46 35 36 24 21 19
1634745125.690 58 47 36 32 25 20 18
1634745125.939 57 44 39 32 25 20 19
1634745126.190 55 45 36 32 25 20 18
1634745126.439 58 46 37 31 24 21 18
1634745126.689 53 45 37 34 25 22 17
1634745126.939 56 48 37 32 25 19 19
1634745127.189 57 45 37 33 26 22 20
1634745127.439 56 44 40 33 24 21 17
1634745127.690 55 45 35 32 24 20 19
1634745127.941 57 44 36 34 27 21 17
1634745128.189 58 44 36 34 24 21 18
1634745128.441 58 44 35 34 24 21 19
1634745128.689 54 47 36 32 24 22 20
1634745128.939 55 46 36 34 27 20 19
1634745129.189 56 45 36 33 25 19 20
1634745129.440 56 45 36 33 25 21 18
1634745129.689 55 45 37 33 25 20 16
1634745129.939 56 44 37 36 25 23 17
1634745130.190 55 45 35 33 26 23 17
1634745130.442 55 46 38 32 26 23 17
1634745130.689 55 46 38 32 25 21 19
1634745130.940 57 46 35 33 24 22 19
1634745131.190 54 43 37 33 25 20 20
1634745131.439 58 47 35 34 26 20 17
1634745131.691 60 47 35 32 26 21 18
1634745131.939 57 48 37 34 25 19 18
1634745132.190 55 44 37 32 25 22 20
1634745132.441 57 45 37 33 26 21 20
1634745132.690 56 45 38 34 26 19 20
1634745132.939 59 43 37 31 27 20 21
1634745133.191 57 43 37 32 25 20 18
1634745133.443 57 45 35 34 23 21 17
1634745133.690 55 47 36 34 25 23 17
1634745133.940 56 45 38 34 25 19 19
1634745134.193 60 47 36 35 25 23 19
1634745134.440 58 45 37 33 26 22 19
1634745134.691 55 45 39 33 25 22 20
1634745134.939 55 47 34 32 23 21 17
1634745135.190 54 44 36 33 25 20 19
1634745135.441 57 47 37 33 28 21 20
1634745135.690 57 43 37 33 26 20 20
1634745135.941 54 48 35 35 24 21 20
1634745136.189 56 44 39 35 26 21 18
1634745136.442 57 45 35 32 25 21 19
1634745136.689 54 45 38 34 24 20 19
1634745136.940 57 46 37 32 25 19 19
1634745137.190 58 47 38 34 26 21 19
1634745137.439 58 45 36 33 25 22 19
1634745137.690 58 44 36 35 26 21 20
1634745137.941 55 49 36 36 25 21 17
1634745138.193 55 46 36 32 26 20 20
1634745138.440 55 44 34 34 26 22 18
1634745138.693 56 44 38 35 26 22 18
1634745138.942 58 47 38 32 26 20 19
1634745139.190 57 45 35 32 26 21 20
1634745139.446 56 45 35 35 24 20 19
1634745139.690 56 44 36 33 26 22 18
1634745139.943 54 45 35 32 26 23 18
1634745140.190 57 46 35 34 25 21 17
1634745140.441 55 46 37 36 24 22 19
1634745140.691 56 45 37 32 25 20 19
1634745140.941 54 44 40 33 24 20 20
1634745141.190 57 46 36 33 24 21 19
1634745141.441 55 44 38 35 25 21 20
1634745141.689 56 44 38 33 25 23 20
1634745141.940 57 46 38 31 26 22 19
1634745142.190 56 44 37 33 25 20 19
1634745142.440 55 47 37 32 24 22 18
1634745142.691 60 45 36 33 25 22 18
1634745142.941 58 45 39 34 28 22 16
1634745143.190 55 45 38 34 24 22 18
1634745143.442 56 45 37 32 25 21 19
1634745143.693 56 46 36 32 24 22 19
1634745143.940 55 45 36 32 25 22 20
1634745144.190 54 45 35 32 26 21 20
1634745144.439 55 44 37 32 25 22 19
1634745144.689 56 45 39 31 26 22 18
1634745144.940 54 44 38 34 26 21 18
1634745145.190 57 44 37 33 27 21 21
1634745145.439 57 46 38 33 25 20 19
1634745145.690 57 47 37 33 24 20 21
1634745145.940 57 44 37 34 25 19 19
1634745146.192 58 46 37 34 24 21 18
1634745146.440 55 47 38 34 26 22 19
1634745146.691 54 45 38 32 26 23 17
1634745146.941 59 45 41 35 25 20 19
1634745147.190 58 46 36 33 26 20 21
1634745147.440 56 45 36 33 25 22 19
1634745147.690 57 45 39 32 23 22 19
1634745147.941 56 46 36 32 26 22 18
1634745148.192 57 46 38 35 24 20 21
1634745148.439 58 45 36 32 26 20 18
1634745148.691 57 45 39 33 26 21 18
1634745148.944 58 46 36 33 25 23 19
1634745149.191 59 47 37 31 24 20 18
1634745149.442 56 45 37 31 24 20 19
1634745149.690 59 43 37 33 25 20 19
1634745149.943 54 45 36 34 25 21 21
1634745150.190 58 48 38 34 23 20 18
1634745150.440 55 46 36 34 24 22 18
1634745150.691 57 44 38 33 26 20 18
1634745150.940 56 46 38 32 24 22 20
1634745151.190 55 44 35 34 25 22 19
1634745151.441 55 45 36 33 27 24 21
1634745151.690 55 46 37 31 25 23 18
1634745151.943 54 44 35 33 24 22 19
1634745152.189 57 44 37 35 24 21 19
1634745152.440 56 45 37 33 26 22 20
1634745152.693 58 46 36 35 27 22 19
1634745152.939 56 44 38 33 27 21 19
1634745153.191 56 44 39 33 25 21 19
1634745153.439 56 45 37 32 26 20 20
1634745153.690 59 44 37 32 25 20 19
1634745153.945 59 44 36 32 24 21 18
1634745154.190 59 48 37 31 27 19 18
1634745154.443 57 45 37 34 23 21 18
1634745154.692 62 44 36 32 25 22 20
1634745154.940 53 46 36 34 24 21 20
1634745155.193 55 44 38 34 24 20 19
1634745155.440 58 47 37 32 25 20 19
1634745155.689 57 46 38 33 24 22 20
1634745155.941 54 46 36 32 27 23 18
1634745156.190 55 45 37 35 24 20 21
1634745156.447 56 45 35 32 26 20 20
1634745156.690 58 45 36 35 25 22 20
1634745156.940 54 45 37 32 25 24 21
1634745157.191 58 48 36 32 24 23 18
1634745157.440 55 45 37 34 23 23 19
1634745157.690 54 43 36 34 24 20 19
1634745157.940 57 48 38 33 25 21 20
1634745158.192 58 48 36 34 26 20 19
1634745158.440 57 46 36 34 23 20 19
1634745158.692 57 45 36 34 25 21 21
1634745158.942 56 45 37 33 24 21 19
1634745159.192 53 44 36 32 26 22 18
1634745159.440 55 43 39 32 24 24 18
1634745159.692 55 43 36 34 25 22 19
1634745159.940 58 44 36 34 28 22 19
1634745160.190 56 44 37 33 25 23 20
1634745160.441 59 46 36 31 24 21 20
1634745160.692 57 46 36 32 26 20 22
1634745160.940 57 46 37 35 26 22 21
1634745161.192 57 46 34 31 25 20 19
1634745161.442 57 45 35 36 23 21 19
1634745161.691 58 46 37 33 25 22 18
1634745161.941 58 45 36 35 23 22 18
1634745162.192 57 45 37 35 26 21 19
1634745162.440 59 45 37 32 26 21 21
1634745162.691 56 43 37 35 27 22 20
1634745162.942 57 45 35 32 24 20 19
1634745163.191 55 45 38 35 25 22 19
1634745163.443 56 47 37 35 24 22 19
1634745163.693 56 45 37 33 25 21 20
1634745163.940 55 45 36 32 25 22 19
1634745164.190 56 44 36 34 24 20 18
1634745164.441 57 46 35 33 24 21 20
1634745164.690 59 45 36 32 24 21 19
1634745164.941 54 44 36 32 25 19 19
1634745165.191 57 45 36 32 25 21 20
1634745165.443 58 45 37 32 25 21 19
1634745165.690 56 46 38 31 27 20 19
1634745165.943 56 45 39 36 25 21 20
1634745166.190 57 46 38 33 24 20 19
1634745166.441 53 46 37 32 26 21 19
1634745166.690 56 45 38 31 26 20 19
1634745166.941 54 45 37 35 25 20 19
1634745167.190 57 44 35 34 25 19 18
1634745167.440 56 45 40 32 24 20 18
1634745167.694 57 42 35 33 27 21 19
1634745167.941 57 48 37 34 26 21 19
1634745168.190 54 46 37 34 25 22 20
1634745168.441 57 44 36 33 23 19 18
1634745168.690 56 47 36 31 26 21 19
1634745168.940 58 46 36 33 24 21 20
1634745169.191 57 45 36 32 25 20 17
1634745169.441 58 45 36 32 25 20 18
1634745169.690 59 46 36 32 24 19 20
1634745169.942 59 48 37 33 25 22 18
1634745170.191 58 47 37 33 25 20 18
1634745170.440 59 44 37 33 24 20 19
1634745170.696 60 45 35 34 27 21 17
1634745170.941 60 45 39 34 26 20 18
1634745171.190 55 45 37 33 27 19 18
1634745171.441 56 47 36 32 27 20 19
1634745171.691 55 44 36 33 25 20 20
1634745171.940 56 47 36 32 25 21 21
1634745172.191 55 46 36 32 27 21 19
1634745172.441 56 47 37 32 25 20 20
1634745172.691 54 47 37 32 28 20 17
1634745172.942 59 44 36 31 30 20 20
1634745173.190 55 46 38 32 26 21 20
1634745173.441 56 48 37 33 25 21 19
1634745173.693 58 45 39 31 24 19 19
1634745173.941 56 44 37 31 24 19 19
1634745174.191 56 47 38 33 25 21 17
1634745174.443 55 47 38 32 25 21 19
1634745174.691 57 45 35 32 27 20 18
1634745174.941 57 47 36 33 26 21 18
1634745175.191 57 45 36 33 25 21 18
1634745175.441 55 46 37 35 25 20 19
1634745175.695 57 46 38 33 26 22 19
1634745175.942 56 44 37 33 24 21 19
1634745176.193 56 45 36 33 26 21 18
1634745176.441 57 45 38 32 26 20 19
1634745176.692 56 45 37 35 25 21 17
1634745176.941 57 44 36 32 26 18 20
1634745177.191 58 46 36 33 25 19 18
1634745177.443 55 44 38 33 27 23 18
1634745177.691 57 46 37 32 25 20 20
1634745177.943 56 45 37 33 27 19 21
1634745178.191 55 44 37 32 25 21 18
1634745178.441 55 45 36 33 27 20 18
1634745178.691 58 46 36 33 24 19 20
1634745178.941 56 46 37 32 24 20 20
1634745179.193 56 45 37 34 26 19 18
1634745179.441 56 47 35 32 23 19 19
1634745179.695 57 45 38 32 25 19 20
1634745179.944 58 44 35 34 26 21 20
1634745180.191 53 44 36 33 25 18 18
1634745180.442 57 45 35 33 23 19 18
1634745180.691 58 46 38 34 24 20 17
1634745180.941 56 46 37 31 25 20 19
1634745181.191 54 48 37 32 26 19 17
1634745181.447 58 46 35 32 24 22 17
1634745181.693 55 45 37 33 26 21 17
1634745181.945 57 46 36 34 26 25 18
1634745182.195 57 45 36 32 25 22 22
1634745182.441 58 45 39 32 25 21 19
1634745182.696 59 44 36 32 27 18 19
1634745182.940 52 44 37 33 25 19 18
1634745183.191 58 46 35 33 26 20 18
1634745183.444 60 44 37 33 25 20 17
1634745183.691 57 45 37 33 25 21 17
1634745183.942 57 45 37 33 25 21 18
1634745184.194 58 45 36 35 24 20 18
1634745184.441 57 45 38 33 25 18 17
1634745184.692 57 44 37 32 26 20 20
1634745184.943 56 45 36 33 28 19 20
1634745185.190 53 46 38 35 26 20 17
1634745185.442 56 46 35 32 26 21 17
1634745185.691 55 46 36 32 26 19 20
1634745185.941 56 44 38 31 28 21 20
1634745186.192 57 45 37 32 26 19 17
1634745186.441 54 46 35 33 28 19 19
1634745186.691 56 45 35 32 25 19 18
1634745186.942 56 45 38 33 27 21 19
1634745187.192 58 46 37 33 28 18 20
1634745187.442 56 45 36 33 25 20 19
1634745187.695 59 44 36 34 25 21 20
1634745187.942 59 45 36 32 28 19 19
1634745188.193 56 47 35 32 27 19 19
1634745188.443 55 44 38 31 27 21 20
1634745188.691 55 46 35 33 26 22 18
1634745188.941 56 47 37 32 24 19 19
1634745189.191 56 45 35 32 26 19 21
1634745189.441 58 46 37 32 27 19 21
1634745189.691 58 46 37 32 26 20 19
1634745189.942 55 45 37 32 26 19 19
1634745190.195 56 45 38 34 24 18 20
1634745190.441 57 44 35 32 24 20 20
1634745190.692 57 46 35 32 24 19 17
1634745190.941 55 47 37 33 26 21 19
1634745191.191 58 47 38 34 25 20 17
1634745191.442 57 45 36 32 27 20 17
1634745191.691 60 45 36 34 25 19 18
1634745191.941 54 44 35 33 25 21 18
1634745192.191 59 46 39 32 24 21 19
1634745192.441 58 47 35 34 26 20 20
1634745192.691 58 45 37 33 25 20 18
1634745192.942 58 44 35 33 25 21 18
1634745193.194 55 45 35 31 26 19 21
1634745193.442 57 46 39 33 24 19 17
1634745193.692 55 45 38 32 25 20 18
1634745193.946 59 46 39 33 26 20 19
1634745194.191 58 46 35 33 25 22 18
1634745194.444 57 46 36 33 27 20 19
1634745194.691 55 44 36 34 24 19 19
1634745194.942 55 47 37 33 25 20 17
1634745195.195 56 45 36 35 24 20 18
1634745195.441 57 45 37 32 26 23 20
1634745195.695 56 46 36 32 25 19 19
1634745195.942 55 47 38 35 26 20 20
1634745196.192 56 46 37 34 26 20 18
1634745196.441 55 44 35 32 26 19 18
1634745196.691 55 44 38 33 26 20 21
1634745196.942 55 46 38 32 25 20 19
1634745197.191 57 47 38 33 24 24 20
1634745197.442 55 48 38 32 26 20 19
1634745197.692 57 46 38 32 24 20 19
1634745197.942 57 46 36 34 25 20 18
1634745198.191 57 44 39 32 24 21 18
1634745198.442 56 45 37 34 27 21 19
1634745198.693 56 46 37 35 26 20 19
1634745198.941 58 46 36 31 27 19 19
1634745199.191 57 44 38 33 24 20 18
1634745199.443 54 44 35 33 23 21 18
1634745199.692 53 44 37 32 24 20 19
1634745199.944 58 45 36 32 27 20 19
1634745200.192 54 44 37 33 25 20 18
1634745200.442 54 45 37 34 26 19 18
1634745200.692 57 44 36 33 26 22 18
1634745200.943 58 45 38 33 25 22 20
1634745201.192 57 46 36 35 24 20 18
1634745201.445 56 44 36 30 25 21 19
1634745201.692 56 45 36 31 26 19 16
1634745201.942 57 44 37 34 26 23 18
1634745202.195 56 45 35 33 26 19 19
1634745202.442 56 47 38 32 24 22 17
1634745202.691 58 44 37 34 26 20 20
1634745202.945 57 45 37 33 25 21 17
1634745203.191 56 45 38 33 23 20 18
1634745203.446 53 45 37 33 25 19 18
1634745203.692 55 47 38 35 27 20 18
1634745203.944 55 47 38 34 28 19 18
1634745204.193 55 46 36 35 25 20 18
1634745204.442 56 47 36 35 25 19 19
1634745204.691 54 45 35 33 25 19 17
1634745204.944 56 45 36 33 25 20 22
1634745205.192 58 45 35 34 24 19 17
1634745205.442 56 45 38 33 25 19 20
1634745205.692 56 45 36 31 28 22 18
1634745205.948 56 43 38 34 26 20 18
1634745206.192 56 44 36 35 24 18 18
1634745206.441 58 45 37 34 27 23 19
1634745206.693 56 45 37 34 28 20 18
1634745206.942 56 47 35 33 26 19 18
1634745207.192 58 46 39 33 24 22 18
1634745207.442 58 45 36 33 25 20 19
1634745207.693 58 45 36 34 25 21 16
1634745207.942 57 46 35 33 27 19 17
1634745208.194 57 46 38 30 25 19 18
1634745208.442 58 45 36 34 25 19 18
1634745208.692 58 45 36 34 26 20 21
1634745208.943 56 44 35 32 26 20 19
1634745209.192 58 45 36 32 25 19 18
1634745209.442 58 44 37 32 26 21 17
1634745209.692 55 46 40 33 26 20 18
1634745209.943 59 48 37 33 25 22 18
1634745210.193 59 44 38 32 24 20 19
1634745210.442 56 48 37 33 28 19 19
1634745210.693 56 44 36 34 25 20 22
1634745210.944 58 46 35 33 24 19 19
1634745211.192 57 44 36 35 26 20 18
1634745211.442 56 46 37 32 27 20 19
1634745211.693 57 46 37 32 26 20 20
1634745211.942 56 44 36 35 24 20 18
1634745212.192 54 46 36 34 24 20 20
1634745212.443 56 43 36 33 27 19 19
1634745212.692 56 45 36 32 26 20 18
1634745212.943 58 46 38 35 24 18 20
1634745213.192 53 45 38 31 24 22 19
1634745213.442 54 46 37 32 24 19 18
1634745213.693 58 48 37 33 24 20 19
1634745213.945 55 45 38 34 25 19 20
1634745214.192 55 46 37 34 26 23 17
1634745214.443 55 44 36 36 23 19 20
1634745214.692 55 46 36 31 25 20 18
1634745214.942 56 44 36 33 25 19 18
1634745215.193 57 46 37 32 26 20 19
1634745215.442 56 43 36 34 25 20 21
1634745215.692 55 46 36 30 26 20 21
1634745215.942 56 45 36 32 27 19 17
1634745216.192 58 47 37 34 25 21 19
1634745216.442 57 45 39 32 23 21 19
1634745216.692 56 46 36 33 23 19 18
1634745216.945 57 46 36 32 25 20 19
1634745217.192 55 45 37 35 27 19 20
1634745217.443 55 46 38 33 27 20 18
1634745217.692 58 47 36 34 25 21 19
1634745217.942 57 48 36 33 26 20 19
1634745218.193 54 44 36 32 24 20 21
1634745218.442 57 45 37 34 27 21 20
1634745218.692 57 47 38 32 26 19 18
1634745218.942 53 45 36 34 26 19 19
1634745219.193 57 42 37 34 24 19 20
1634745219.445 56 47 37 32 27 20 18
1634745219.692 55 47 40 35 25 21 21
1634745219.944 57 44 36 34 26 18 18
1634745220.195 58 45 37 32 25 20 20
1634745220.442 56 45 38 32 25 20 18
1634745220.695 54 44 37 33 26 20 18
1634745220.943 57 45 35 35 26 20 21
1634745221.194 56 45 37 34 25 20 19
1634745221.443 55 45 37 30 26 20 17
1634745221.692 57 45 38 34 25 22 19
1634745221.944 56 47 36 31 25 20 18
1634745222.192 54 44 36 34 26 21 20
1634745222.444 56 46 36 33 25 18 20
1634745222.694 58 45 37 36 26 20 20
1634745222.942 55 46 39 32 26 20 19
1634745223.193 57 45 37 34 26 20 19
1634745223.444 55 45 37 32 25 20 19
1634745223.693 57 45 36 35 27 20 18
1634745223.944 56 45 36 33 26 19 20
1634745224.196 56 44 38 32 28 20 20
1634745224.445 55 45 35 34 25 21 21
1634745224.693 57 45 37 35 25 20 17
1634745224.945 55 46 38 34 25 20 19
1634745225.192 57 47 36 32 23 20 17
1634745225.443 57 45 38 32 24 21 17
1634745225.693 55 47 35 33 26 21 19
1634745225.943 57 46 37 35 23 20 19
1634745226.193 56 45 35 35 25 19 18
1634745226.446 55 44 35 34 26 21 20
1634745226.693 54 45 38 32 24 20 19
1634745226.945 55 46 38 34 26 20 19
1634745227.192 56 43 36 33 26 20 19
1634745227.443 55 46 36 33 24 21 20
1634745227.694 56 47 36 33 25 22 19
1634745227.942 56 44 37 33 25 20 17
1634745228.193 56 44 35 34 26 21 18
1634745228.444 55 44 37 33 28 20 18
1634745228.692 56 45 36 31 25 19 20
1634745228.944 53 45 36 33 24 21 19
1634745229.195 55 45 35 32 24 20 17
1634745229.443 58 47 36 34 28 20 20
1634745229.695 55 46 38 33 25 21 21
1634745229.947 58 44 36 33 25 21 18
1634745230.194 55 46 36 34 25 19 18
1634745230.447 57 47 36 32 25 21 19
1634745230.694 57 44 38 33 27 20 20
1634745230.944 58 46 36 32 28 19 20
1634745231.194 55 45 34 32 25 20 18
1634745231.443 56 47 38 33 23 20 18
1634745231.693 55 44 36 34 24 21 17
1634745231.943 56 45 36 33 26 19 20
1634745232.193 57 47 35 34 23 19 20
1634745232.443 55 46 38 36 25 18 19
1634745232.695 56 48 36 31 24 21 19
1634745232.942 54 43 35 33 26 20 20
1634745233.193 56 46 37 37 24 20 19
1634745233.442 57 44 39 30 27 19 18
1634745233.694 56 45 36 32 25 20 20
1634745233.946 58 46 36 33 27 19 19
1634745234.193 54 44 37 34 25 21 18
1634745234.443 57 44 37 33 24 19 21
1634745234.693 58 44 35 34 25 21 19
1634745234.942 57 45 37 32 25 20 19
1634745235.193 57 45 36 33 27 17 21
1634745235.444 55 45 36 33 24 19 17
1634745235.693 56 46 36 33 23 19 20
1634745235.942 57 45 35 36 25 20 18
1634745236.193 57 43 37 34 27 19 20
1634745236.443 57 46 36 33 27 20 19
1634745236.693 58 45 37 32 27 20 20
1634745236.944 55 46 36 35 26 20 19
1634745237.192 56 47 37 33 26 22 19
1634745237.443 56 44 38 34 24 21 20
1634745237.694 55 46 36 32 24 19 19
1634745237.942 54 46 37 31 24 22 20
1634745238.192 58 44 40 32 24 20 20
1634745238.444 54 47 37 33 25 20 18
1634745238.692 55 45 36 33 26 22 19
1634745238.942 56 46 35 35 27 21 18
1634745239.193 55 44 36 34 25 19 18
1634745239.443 54 45 37 34 23 20 19
1634745239.695 60 46 36 33 23 20 19
1634745239.944 55 45 38 34 24 18 17
1634745240.194 56 45 38 34 25 20 19
1634745240.444 60 45 38 34 27 20 18
1634745240.693 57 46 35 34 26 19 21
1634745240.944 56 46 37 30 25 19 18
1634745241.194 56 44 38 33 26 19 19
1634745241.445 57 48 37 33 27 19 21
1634745241.695 54 47 37 31 26 22 19
1634745241.943 54 46 35 34 27 22 18
1634745242.193 57 46 36 34 24 20 19
1634745242.443 57 46 37 34 24 18 17
1634745242.693 56 45 36 32 26 23 20
1634745242.944 57 48 38 31 26 20 18
1634745243.194 57 47 39 33 26 19 19
1634745243.445 58 46 36 31 26 19 18
1634745243.694 57 47 39 32 27 21 20
1634745243.943 59 45 37 32 25 20 20
1634745244.193 59 45 37 35 27 21 17
1634745244.443 58 44 37 34 25 21 19
1634745244.695 56 47 39 33 24 21 18
1634745244.947 58 45 37 34 25 24 19
1634745245.193 57 45 37 35 24 23 20
1634745245.444 56 46 36 32 26 23 18
1634745245.693 57 43 38 32 26 22 17
1634745245.943 55 46 36 34 25 21 18
1634745246.194 57 47 35 34 26 21 20
1634745246.445 53 46 36 33 25 20 20
1634745246.693 55 46 38 33 24 21 19
1634745246.944 57 45 38 32 26 19 19
1634745247.197 54 47 36 36 24 20 20
1634745247.446 57 46 37 31 24 21 20
1634745247.696 54 46 35 32 25 21 17
1634745247.944 57 46 35 33 25 22 19
1634745248.194 57 44 36 34 25 22 19
1634745248.444 56 43 37 33 26 23 19
1634745248.693 57 46 37 34 25 21 22
1634745248.943 57 46 37 32 25 20 19
1634745249.194 58 45 39 33 25 20 21
1634745249.446 57 45 37 33 22 21 20
1634745249.693 56 45 36 32 26 21 18
1634745249.945 56 44 39 33 27 23 21
1634745250.193 57 48 37 32 25 21 18
1634745250.444 58 46 36 31 25 21 18
1634745250.694 55 45 37 32 24 21 18
1634745250.945 56 44 35 32 25 21 19
1634745251.195 56 45 34 31 24 21 19
1634745251.445 54 44 36 35 25 21 16
1634745251.696 58 46 38 34 28 21 19
1634745251.947 57 47 38 34 25 22 19
1634745252.196 54 47 35 33 24 21 18
1634745252.444 60 44 34 35 25 22 18
1634745252.695 57 47 37 32 24 21 21
1634745252.944 56 45 37 32 26 22 20
1634745253.193 57 45 38 31 24 21 18
1634745253.445 54 44 37 32 26 21 19
1634745253.693 56 47 37 31 24 20 18
1634745253.944 57 46 36 34 24 21 18
1634745254.196 57 45 35 33 26 22 19
1634745254.444 58 44 37 32 24 20 18
1634745254.694 55 47 36 33 26 21 18
1634745254.944 54 43 37 32 24 20 19
1634745255.197 55 45 40 34 26 22 18
1634745255.444 56 45 36 32 25 21 18
1634745255.696 56 44 37 33 25 21 21
1634745255.944 56 45 38 33 26 20 19
1634745256.193 56 45 38 33 24 21 19
1634745256.444 55 44 36 33 26 22 17
1634745256.694 54 45 37 33 24 18 19
1634745256.944 57 45 35 34 25 20 19
1634745257.196 56 44 36 34 25 21 17
1634745257.443 55 46 36 32 27 22 18
1634745257.694 56 47 37 32 24 21 20
1634745257.945 55 46 37 34 26 22 19
1634745258.195 54 47 36 35 25 21 20
1634745258.444 62 46 36 31 25 21 19
1634745258.694 57 43 37 33 25 22 19
1634745258.944 57 46 36 33 25 21 20
1634745259.194 56 47 35 34 26 20 19
1634745259.443 56 44 38 32 25 20 18
1634745259.694 56 45 37 32 26 22 19
1634745259.944 58 44 35 30 26 21 20
1634745260.195 54 44 37 34 25 24 20
1634745260.444 57 45 37 34 26 20 18
1634745260.697 57 45 36 34 25 19 18
1634745260.945 55 46 37 32 25 22 18
1634745261.194 56 47 38 33 25 20 20
1634745261.445 56 47 37 34 25 19 19
1634745261.695 55 47 36 34 27 20 17
1634745261.944 59 45 36 32 26 20 18
1634745262.194 59 46 35 31 25 22 20
1634745262.444 55 46 39 31 25 21 20
1634745262.695 57 45 38 33 26 21 19
1634745262.944 56 46 36 32 26 21 20
1634745263.194 55 45 37 33 24 20 18
1634745263.444 58 47 36 33 26 22 20
1634745263.695 56 48 38 32 26 21 20
1634745263.947 60 44 38 34 25 21 19
1634745264.195 54 46 35 31 26 22 19
1634745264.444 57 45 37 34 26 20 19
1634745264.694 56 45 37 33 24 21 20
1634745264.943 57 46 37 33 24 21 18
1634745265.194 60 47 36 35 25 24 19
1634745265.445 56 48 38 32 26 23 18
1634745265.694 58 46 37 33 24 19 19
1634745265.949 57 46 37 32 27 18 22
1634745266.195 55 44 36 32 27 20 19
1634745266.444 57 42 36 33 28 22 18
1634745266.695 56 45 35 32 26 20 17
1634745266.944 58 46 36 33 27 21 18
1634745267.194 56 44 38 33 27 20 19
1634745267.449 53 45 37 35 25 22 20
1634745267.695 54 46 37 32 25 22 18
1634745267.945 56 45 36 31 26 20 17
1634745268.195 57 45 36 32 27 22 18
1634745268.445 57 46 36 32 25 24 19
1634745268.694 54 44 37 33 26 19 20
1634745268.946 56 46 35 32 25 21 18
1634745269.194 58 45 35 35 25 21 20
1634745269.447 59 44 36 35 25 21 22
1634745269.695 56 46 37 32 24 20 19
1634745269.947 60 44 35 33 26 21 18
1634745270.194 56 48 37 33 27 22 20
1634745270.445 56 46 36 32 23 22 20
1634745270.694 57 44 39 32 26 20 19
1634745270.944 56 45 37 34 25 24 18
1634745271.195 55 46 37 32 27 20 18
1634745271.446 57 45 38 33 26 21 18
1634745271.697 62 45 36 33 26 21 18
1634745271.947 56 44 36 34 25 20 18
1634745272.198 56 45 36 33 24 22 22
1634745272.445 54 46 36 33 25 21 18
1634745272.695 55 45 38 32 26 22 17
1634745272.945 57 45 37 33 25 19 19
1634745273.196 57 48 38 32 27 21 19
1634745273.445 56 45 38 35 26 20 18
1634745273.694 55 45 36 32 25 19 20
1634745273.945 55 44 40 36 27 20 18
1634745274.195 56 47 34 33 25 19 20
1634745274.446 55 46 37 33 24 20 18
1634745274.695 58 45 36 32 25 22 19
1634745274.946 57 45 36 31 24 22 18
1634745275.195 57 44 37 33 25 21 20
1634745275.445 57 45 35 33 26 21 19
1634745275.696 57 46 38 32 24 20 20
1634745275.944 54 48 37 32 26 21 18
1634745276.196 57 44 36 36 27 21 18
1634745276.445 58 46 38 33 26 20 19
1634745276.695 56 46 37 31 25 20 18
1634745276.946 61 45 36 34 24 23 19
1634745277.195 57 44 35 32 24 21 16
1634745277.449 60 44 36 31 25 20 17
1634745277.696 59 44 37 35 24 21 19
1634745277.946 58 43 36 32 24 23 18
1634745278.197 57 46 38 33 26 21 19
1634745278.445 57 47 36 33 26 21 19
1634745278.694 57 45 35 32 24 22 20
1634745278.944 56 44 36 33 26 23 20
1634745279.196 55 47 35 32 28 20 18
1634745279.445 58 46 36 32 25 22 19
1634745279.695 53 44 36 31 25 20 18
1634745279.947 55 45 36 32 25 20 18
1634745280.196 55 45 38 33 24 20 21
1634745280.446 56 45 40 34 25 20 20
1634745280.694 55 44 36 34 26 21 18
1634745280.944 58 45 36 33 26 20 19
1634745281.198 57 46 36 32 24 21 18
1634745281.448 54 46 36 33 26 23 18
1634745281.694 58 45 38 33 26 22 17
1634745281.950 55 44 36 34 26 22 19
1634745282.198 57 44 37 33 24 21 20
1634745282.446 57 44 35 33 25 21 18
1634745282.698 59 46 37 34 24 24 18
1634745282.945 56 46 36 31 25 21 20
1634745283.197 57 45 36 33 25 20 20
1634745283.445 57 45 37 36 25 19 18
1634745283.694 56 45 35 34 23 20 19
1634745283.946 57 44 36 31 24 21 21
1634745284.199 55 46 37 34 26 21 19
1634745284.445 57 44 36 34 26 20 21
1634745284.696 54 45 39 31 25 21 17
1634745284.948 57 44 37 34 24 21 21
1634745285.194 58 42 36 34 24 23 20
1634745285.445 57 45 36 36 26 24 19
1634745285.695 57 45 36 32 25 23 19
1634745285.944 58 46 36 32 26 22 19
1634745286.195 56 44 35 32 25 21 18
1634745286.446 54 45 35 33 26 21 18
1634745286.695 54 45 36 32 27 21 18
1634745286.945 58 44 37 34 27 22 20
1634745287.195 57 44 37 33 24 22 22
1634745287.446 57 45 35 35 27 22 17
1634745287.697 57 46 38 34 25 22 20
1634745287.946 58 43 40 32 24 21 18
1634745288.196 57 45 36 33 24 21 18
1634745288.447 60 46 37 33 25 23 20
1634745288.695 57 45 36 33 26 21 19
1634745288.947 57 43 37 33 26 21 20
1634745289.200 58 45 39 35 24 21 19
1634745289.447 56 45 36 32 24 23 19
1634745289.698 56 44 36 33 26 21 20
1634745289.949 58 46 35 32 25 20 18
1634745290.196 57 46 36 34 26 22 17
1634745290.448 59 45 37 33 24 21 17
1634745290.695 58 44 37 33 25 22 20
1634745290.946 56 45 38 32 23 20 19
1634745291.197 57 45 37 33 26 22 19
1634745291.446 58 44 38 32 26 22 18
1634745291.697 56 45 35 35 29 21 19
1634745291.948 56 45 35 31 26 20 19
1634745292.195 61 44 38 34 25 24 19
1634745292.447 57 46 38 34 28 21 17
1634745292.696 56 45 35 31 26 21 19
1634745292.945 56 45 37 34 25 22 18
1634745293.196 54 48 36 33 25 22 19
1634745293.446 54 44 37 33 24 21 18
1634745293.695 57 44 34 33 26 21 18
1634745293.945 56 46 38 34 26 22 20
1634745294.198 61 45 38 35 25 22 18
1634745294.444 56 45 37 33 26 22 20
1634745294.695 57 46 38 32 24 21 20
1634745294.945 58 47 38 33 26 20 18
1634745295.196 58 45 36 32 24 23 19
1634745295.448 57 44 37 34 26 22 19
1634745295.695 55 43 37 34 26 22 18
1634745295.946 59 45 38 35 26 22 19
1634745296.199 58 46 37 33 25 20 19
1634745296.445 56 45 36 32 23 21 20
1634745296.699 55 45 35 34 24 23 18
1634745296.947 58 46 33 35 24 22 18
1634745297.196 57 44 38 32 24 20 18
1634745297.448 53 47 34 34 25 22 18
1634745297.695 58 46 37 32 26 22 21
1634745297.945 59 45 36 35 24 21 19
1634745298.197 58 45 38 34 27 21 19
1634745298.446 58 47 37 31 25 22 20
1634745298.698 58 47 38 34 24 22 18
1634745298.945 56 46 40 33 27 19 19
1634745299.196 54 46 36 34 24 24 17
1634745299.446 56 46 37 33 26 20 19
1634745299.695 59 46 36 33 25 22 22
1634745299.945 58 45 38 32 24 22 19
1634745300.200 56 45 36 34 24 21 19
1634745300.446 58 45 36 31 24 22 19
1634745300.696 56 46 33 32 22 21 20
1634745300.946 57 44 35 32 25 21 19
1634745301.198 55 46 36 32 27 22 20
1634745301.445 55 44 38 36 25 23 21
1634745301.696 57 44 37 32 25 20 20
1634745301.945 56 45 37 34 25 22 18
1634745302.196 55 45 36 34 25 23 20
1634745302.447 58 46 36 34 24 22 19
1634745302.695 58 46 36 34 25 22 20
1634745302.946 53 46 36 32 26 21 20
1634745303.195 58 44 38 32 25 21 19
1634745303.446 57 45 38 36 28 22 18
1634745303.695 54 46 38 32 26 21 18
1634745303.947 57 45 36 33 26 22 20
1634745304.196 55 44 39 33 24 24 21
1634745304.446 56 48 35 32 26 22 19
1634745304.696 55 45 38 34 25 21 20
1634745304.946 58 46 36 33 26 23 18
1634745305.195 56 44 35 32 25 19 17
1634745305.445 57 45 35 33 26 20 20
1634745305.697 60 45 37 35 26 22 19
1634745305.946 57 44 36 36 26 21 18
1634745306.196 57 46 37 35 25 21 18
1634745306.447 60 45 37 33 26 21 18
1634745306.696 55 45 35 35 25 20 18
1634745306.947 58 46 39 30 26 22 20
1634745307.197 56 46 37 33 26 20 20
1634745307.447 55 47 37 31 26 21 19
1634745307.698 57 43 37 32 24 20 18
1634745307.946 55 47 35 34 29 19 18
1634745308.198 56 47 38 34 26 22 20
1634745308.448 55 45 36 31 25 21 19
1634745308.696 55 46 35 33 27 22 21
1634745308.946 57 47 38 35 26 20 21
1634745309.196 56 46 39 32 26 21 19
1634745309.446 58 45 38 36 24 20 20
1634745309.696 55 45 38 33 27 21 20
1634745309.950 55 44 36 31 25 20 19
1634745310.198 58 47 36 34 25 21 20
1634745310.446 53 47 37 34 26 22 17
1634745310.697 58 44 36 32 26 20 18
1634745310.945 58 45 36 35 25 20 20
1634745311.196 58 45 34 33 28 22 18
1634745311.446 57 45 38 31 25 21 20
1634745311.695 55 46 36 33 26 22 19
1634745311.945 58 47 36 32 26 20 20
1634745312.198 56 44 34 33 25 21 20
1634745312.445 56 46 35 33 25 19 20
1634745312.695 53 45 37 33 25 20 19
1634745312.948 57 47 39 34 28 20 21
1634745313.196 55 48 35 34 24 20 20
1634745313.446 56 48 37 33 24 22 17
1634745313.696 56 46 36 34 25 21 21
1634745313.947 56 45 35 33 24 20 19
1634745314.196 55 45 36 35 25 20 22
1634745314.447 58 43 36 33 28 20 20
1634745314.696 54 48 38 32 25 21 20
1634745314.946 55 46 35 32 26 20 18
1634745315.196 55 43 36 33 24 20 18
1634745315.446 57 46 37 34 26 20 21
1634745315.696 55 47 38 34 25 21 19
1634745315.945 57 45 38 36 25 19 18
1634745316.199 59 45 36 34 25 21 20
1634745316.447 56 45 37 33 25 23 20
1634745316.697 57 45 34 35 25 20 17
1634745316.948 58 46 36 31 26 20 21
1634745317.195 55 46 34 33 26 20 19
1634745317.446 58 45 35 36 28 20 19
1634745317.697 56 47 37 32 25 22 20
1634745317.946 54 49 38 31 26 22 20
1634745318.196 55 46 37 32 26 23 19
1634745318.447 56 44 37 33 28 20 19
1634745318.696 59 45 36 32 28 21 20
1634745318.947 58 44 36 33 26 23 20
1634745319.200 55 46 37 32 25 20 20
1634745319.445 56 45 34 33 26 19 18
1634745319.696 55 45 35 33 26 20 19
1634745319.947 55 44 37 33 25 20 19
1634745320.198 57 46 36 31 25 21 18
1634745320.450 57 44 36 33 25 20 20
1634745320.697 57 49 37 32 26 20 19
1634745320.947 56 45 37 33 26 19 20
1634745321.198 56 45 37 33 24 21 20
1634745321.446 57 46 38 33 24 21 20
1634745321.696 57 46 39 34 25 25 20
1634745321.947 56 45 37 33 26 21 18
1634745322.200 57 45 36 33 25 19 19
1634745322.446 56 46 36 33 25 21 18
1634745322.698 56 46 36 32 25 22 20
1634745322.947 56 45 37 34 25 23 18
1634745323.197 55 46 37 30 25 21 19
1634745323.449 56 44 36 33 24 21 17
1634745323.698 55 44 37 34 24 23 20
1634745323.948 59 44 36 33 24 21 20
1634745324.198 56 46 37 32 26 22 16
1634745324.446 56 45 36 34 24 20 19
1634745324.698 56 45 36 33 25 20 20
1634745324.948 57 48 36 33 26 22 19
1634745325.196 56 45 37 31 26 21 18
1634745325.448 56 46 38 32 26 22 19
1634745325.697 58 45 36 35 26 23 18
1634745325.947 54 47 36 34 25 21 18
1634745326.198 56 45 37 32 25 21 20
1634745326.447 55 44 37 32 25 20 18
1634745326.696 56 44 36 34 26 22 18
1634745326.949 58 46 38 33 26 20 19
1634745327.198 54 44 37 33 25 21 18
1634745327.446 56 45 37 31 25 20 19
1634745327.698 56 45 38 33 28 21 17
1634745327.946 55 47 37 31 25 22 20
1634745328.196 59 44 36 34 28 20 18
1634745328.447 56 46 38 33 24 22 19
1634745328.696 57 47 36 33 27 20 19
1634745328.946 58 45 37 30 25 22 20
1634745329.199 57 45 36 35 25 22 21
1634745329.447 56 45 36 33 25 22 19
1634745329.696 57 46 37 34 26 22 21
1634745329.949 56 46 35 31 26 20 20
1634745330.196 57 47 37 33 26 21 20
1634745330.448 56 45 38 32 27 20 19
1634745330.696 58 46 35 33 28 21 18
1634745330.946 57 46 36 33 25 22 20
1634745331.198 60 46 37 33 26 22 19
1634745331.446 57 45 35 33 26 21 19
1634745331.697 55 43 36 33 27 19 18
1634745331.948 55 46 36 34 26 23 18
1634745332.199 57 47 35 33 27 19 20
1634745332.447 57 44 38 32 26 21 20
1634745332.698 57 46 36 33 26 22 19
1634745332.946 58 47 37 33 26 22 19
1634745333.197 59 47 36 34 25 21 20
1634745333.448 58 46 37 32 26 21 19
1634745333.698 57 45 37 32 26 21 16
1634745333.949 57 48 39 34 25 21 21
1634745334.196 57 48 37 31 25 21 19
1634745334.447 55 45 37 35 26 21 21
1634745334.698 56 44 35 32 25 22 17
1634745334.947 57 47 37 33 28 20 18
1634745335.196 56 44 37 32 26 20 18
1634745335.447 56 45 37 35 25 20 19
1634745335.697 58 47 38 33 25 20 18
1634745335.948 57 45 35 33 25 20 20
1634745336.197 56 45 35 32 26 19 20
1634745336.448 60 45 36 31 26 19 19
1634745336.700 59 46 37 33 26 19 19
1634745336.946 58 45 35 33 25 20 18
1634745337.199 55 47 38 35 25 19 18
1634745337.447 58 45 36 32 26 21 18
1634745337.699 55 44 36 34 25 22 19
1634745337.947 55 46 38 32 26 21 19
1634745338.198 56 45 37 34 25 21 20
1634745338.447 58 43 37 34 25 21 20
1634745338.700 57 46 35 32 27 21 20
1634745338.946 56 46 36 32 25 21 21
1634745339.197 58 46 37 33 26 20 19
1634745339.448 55 46 37 34 25 21 20
1634745339.700 56 48 37 32 25 19 20
1634745339.947 59 46 36 32 25 21 19
1634745340.197 55 43 37 33 26 21 18
1634745340.448 56 43 36 33 25 21 19
1634745340.697 55 45 37 31 26 22 19
1634745340.949 59 43 38 35 26 21 19
1634745341.197 55 46 36 34 26 20 19
1634745341.447 60 47 36 36 25 20 20
1634745341.700 56 46 37 33 26 21 21
1634745341.948 55 46 36 34 25 21 18
1634745342.197 58 46 36 34 26 22 20
1634745342.449 57 44 36 34 26 20 19
1634745342.698 56 46 36 33 26 21 19
1634745342.948 57 45 37 32 26 20 18
1634745343.198 57 43 38 33 24 20 19
1634745343.447 56 47 35 30 24 20 18
1634745343.698 59 45 38 31 25 22 19
1634745343.949 60 46 36 32 26 26 18
1634745344.199 58 46 36 33 26 21 18
1634745344.447 55 46 35 32 26 22 19
1634745344.702 54 44 36 34 25 21 19
1634745344.947 57 44 35 34 25 19 20
1634745345.199 57 47 37 33 25 22 19
1634745345.450 55 45 37 33 28 22 19
1634745345.696 59 46 36 32 26 22 19
1634745345.949 55 47 36 34 27 19 18
1634745346.197 55 44 38 34 27 20 19
1634745346.447 58 45 37 35 25 20 18
1634745346.697 57 47 37 33 25 21 19
1634745346.948 58 46 38 33 24 21 18
1634745347.199 55 46 37 32 25 20 20
1634745347.447 56 45 37 34 25 22 20
1634745347.697 58 46 38 32 26 21 20
1634745347.949 55 46 35 33 26 23 19
1634745348.197 59 44 37 34 26 21 17
1634745348.447 57 45 36 33 26 20 18
1634745348.699 57 45 40 34 27 21 19
1634745348.947 58 43 38 35 25 20 18
1634745349.201 56 45 35 33 26 21 18
1634745349.449 56 44 38 32 26 20 19
1634745349.697 56 46 35 33 25 20 19
1634745349.950 61 46 34 32 27 22 20
1634745350.197 57 44 37 36 27 21 21
1634745350.448 56 44 36 33 26 22 17
1634745350.697 55 45 37 33 26 21 18
1634745350.949 58 44 35 35 28 22 20
1634745351.197 56 46 37 35 27 23 19
1634745351.447 57 47 36 35 27 22 18
1634745351.699 55 45 37 32 26 20 16
1634745351.947 55 44 36 32 24 21 19
1634745352.201 56 47 36 33 27 20 18
1634745352.446 57 46 36 32 26 21 19
1634745352.698 57 44 35 33 25 20 19
1634745352.948 59 45 37 33 24 21 18
1634745353.197 56 45 36 32 26 20 18
1634745353.448 56 47 35 34 27 21 20
1634745353.700 57 44 38 35 25 20 21
1634745353.950 55 45 37 32 26 20 19
1634745354.197 55 45 38 36 25 19 19
1634745354.449 59 45 38 34 27 20 21
1634745354.699 55 45 34 31 27 22 19
1634745354.947 56 45 35 31 27 22 20
1634745355.201 56 47 35 34 25 21 19
1634745355.447 55 46 38 34 27 21 18
1634745355.699 57 46 35 31 26 20 17
1634745355.950 53 46 37 32 27 23 18
1634745356.198 53 45 38 34 26 22 23
1634745356.448 59 44 36 32 27 20 18
1634745356.699 57 46 36 34 28 21 20
1634745356.947 58 45 35 33 25 21 19
1634745357.200 57 46 37 32 26 22 19
1634745357.449 55 44 36 33 23 21 18
1634745357.698 55 46 37 32 25 20 19
1634745357.949 55 46 36 34 26 23 21
1634745358.197 56 45 37 32 27 21 20
1634745358.449 58 48 36 32 25 21 18
1634745358.698 60 48 37 33 26 20 21
1634745358.948 55 44 37 32 27 20 18
1634745359.197 56 47 38 34 26 21 19
1634745359.447 56 45 39 33 26 20 19
1634745359.699 55 46 36 35 26 20 19
1634745359.950 58 45 36 33 26 23 20
1634745360.197 56 44 35 32 26 20 19
1634745360.449 56 46 38 33 26 21 17
1634745360.697 56 45 36 31 25 19 19
1634745360.948 55 47 36 32 27 21 20
1634745361.200 54 47 35 34 26 20 21
1634745361.449 55 46 37 33 26 21 19
1634745361.697 58 45 37 34 26 22 19
1634745361.952 58 45 37 33 24 19 19
1634745362.197 59 48 38 34 25 21 19
1634745362.447 55 44 39 34 26 21 18
1634745362.700 57 44 39 35 26 20 18
1634745362.949 54 46 35 33 25 20 18
1634745363.198 55 45 35 35 26 20 20
1634745363.448 55 45 36 30 26 21 18
1634745363.698 57 44 38 33 27 19 18
1634745363.948 55 44 37 33 24 20 22
1634745364.200 53 44 39 35 25 20 18
1634745364.447 56 46 39 32 26 21 20
1634745364.700 58 47 35 32 25 20 18
1634745364.948 58 44 38 33 24 20 20
1634745365.200 55 46 34 34 27 21 19
1634745365.448 55 44 38 33 29 18 19
1634745365.702 56 44 36 33 25 20 20
1634745365.950 56 46 35 35 26 20 19
1634745366.197 59 47 37 31 26 20 19
1634745366.448 55 47 35 33 27 20 18
1634745366.697 59 45 39 34 26 20 21
1634745366.948 55 46 35 33 24 19 18
1634745367.200 57 45 38 33 26 22 18
1634745367.448 59 48 35 34 26 21 20
1634745367.699 56 44 38 32 26 21 19
1634745367.948 57 47 36 34 24 22 20
1634745368.198 59 46 38 33 26 21 20
1634745368.448 56 46 36 34 27 20 18
1634745368.700 58 45 36 33 26 20 16
1634745368.948 57 46 38 31 25 23 18
1634745369.202 55 45 35 33 26 20 18
1634745369.451 57 44 36 33 27 20 17
1634745369.698 53 45 36 34 26 21 17
1634745369.951 53 46 36 34 27 20 17
1634745370.201 54 45 36 33 26 21 18
1634745370.448 57 45 37 31 28 23 18
1634745370.699 56 45 37 34 26 20 20
1634745370.950 53 45 38 33 26 22 19
1634745371.199 56 45 36 34 27 20 18
1634745371.450 55 44 37 33 24 20 20
1634745371.698 56 44 36 34 27 20 20
1634745371.949 57 45 37 32 28 22 23
1634745372.199 58 47 37 34 25 22 18
1634745372.447 57 45 36 34 24 19 17
1634745372.701 56 45 37 33 25 22 20
1634745372.948 55 43 38 32 24 19 19
1634745373.198 56 46 38 33 25 21 19
1634745373.449 58 44 40 34 26 20 18
1634745373.698 56 47 38 33 26 21 19
1634745373.949 56 45 39 32 27 21 19
1634745374.198 58 45 36 33 25 19 18
1634745374.450 57 45 37 32 26 20 19
1634745374.698 56 43 38 33 25 21 19
1634745374.950 58 45 38 34 25 20 19
1634745375.200 56 47 36 34 25 19 19
1634745375.448 56 46 36 32 26 23 18
1634745375.698 57 48 38 33 25 20 20
1634745375.948 57 47 37 32 26 22 18
1634745376.198 56 46 38 33 26 23 19
1634745376.448 55 42 38 34 25 21 18
1634745376.699 55 46 35 34 26 22 20
1634745376.948 54 46 40 32 27 19 20
1634745377.198 55 46 38 34 25 20 20
1634745377.452 58 49 35 33 24 23 19
1634745377.698 55 48 36 35 25 22 19
1634745377.949 53 46 38 34 25 21 20
1634745378.201 56 45 35 32 27 20 20
1634745378.448 59 46 35 33 25 20 20
1634745378.698 56 47 37 32 25 22 19
1634745378.952 56 48 37 32 27 22 18
1634745379.198 56 46 38 34 25 20 18
1634745379.450 53 45 37 30 26 21 19
1634745379.702 57 47 36 32 24 22 18
1634745379.948 59 46 37 34 25 20 18
1634745380.199 55 46 38 33 24 20 20
1634745380.449 56 46 38 33 26 20 19
1634745380.700 55 44 36 32 27 20 20
1634745380.948 54 48 39 32 24 20 19
1634745381.202 57 45 36 32 26 20 19
1634745381.449 55 44 36 33 26 19 18
1634745381.699 57 47 40 32 25 23 19
1634745381.948 59 45 35 33 24 20 20
1634745382.202 58 44 36 33 25 20 19
1634745382.448 55 44 36 33 27 20 20
1634745382.701 59 47 37 34 25 21 19
1634745382.949 58 45 36 35 26 20 19
1634745383.198 55 44 37 33 25 21 21
1634745383.451 55 45 37 34 27 21 18
1634745383.698 55 46 36 34 27 20 20
1634745383.948 58 45 38 33 24 19 17
1634745384.201 55 47 35 33 25 21 18
1634745384.449 57 44 37 31 27 21 20
1634745384.700 58 47 35 34 25 22 19
1634745384.949 57 45 37 33 24 20 18
1634745385.198 57 45 36 33 25 21 18
1634745385.448 57 46 35 32 26 21 19
1634745385.701 56 45 37 34 26 21 19
1634745385.948 57 44 36 33 26 21 20
1634745386.199 56 44 36 32 26 22 19
1634745386.451 57 43 37 33 27 21 17
1634745386.698 56 49 39 30 27 21 18
1634745386.950 56 45 36 35 26 20 20
1634745387.202 57 46 36 34 26 20 20
1634745387.449 56 46 36 35 27 22 20
1634745387.700 56 46 35 35 27 21 21
1634745387.949 56 47 38 33 24 21 18
1634745388.201 56 48 36 32 27 21 20
1634745388.453 56 46 37 33 26 20 17
1634745388.699 54 48 37 35 25 21 18
1634745388.948 56 46 39 32 27 21 20
1634745389.200 59 46 36 32 26 20 18
1634745389.448 56 44 36 33 25 22 17
1634745389.700 61 49 38 35 27 20 19
1634745389.952 56 48 39 33 25 19 18
1634745390.198 57 45 37 34 25 19 18
1634745390.449 55 45 37 31 24 20 20
1634745390.700 56 48 37 34 26 21 21
1634745390.948 56 44 36 34 26 21 18
1634745391.199 57 47 37 34 29 20 18
1634745391.453 54 47 36 33 26 20 19
1634745391.699 55 47 37 34 25 20 19
1634745391.949 55 46 37 36 24 20 19
1634745392.200 55 44 36 33 26 22 19
1634745392.450 58 45 36 33 27 22 18
1634745392.699 55 46 38 33 24 19 19
1634745392.951 57 46 37 32 25 21 18
1634745393.199 54 44 40 34 26 22 19
1634745393.450 55 46 38 34 26 21 20
1634745393.699 55 45 35 34 25 22 18
1634745393.949 58 45 37 34 26 22 21
1634745394.200 59 44 36 33 25 20 20
1634745394.449 55 45 37 35 26 20 19
1634745394.699 56 46 38 33 27 21 18
1634745394.949 60 45 37 32 27 21 21
1634745395.202 56 45 38 33 25 20 21
1634745395.449 56 48 36 35 27 20 18
1634745395.704 60 44 37 33 25 21 19
1634745395.949 56 45 37 33 27 20 18
1634745396.199 56 44 39 33 24 21 18
1634745396.450 57 44 37 34 26 20 19
1634745396.700 54 46 36 31 25 23 19
1634745396.949 57 44 37 32 25 23 18
1634745397.198 55 43 37 32 25 19 19
1634745397.449 56 46 36 30 26 20 18
1634745397.700 56 44 36 31 24 21 19
1634745397.949 53 45 37 33 26 23 19
1634745398.201 56 45 36 36 24 22 20
1634745398.449 54 45 37 31 27 22 18
1634745398.703 59 45 35 32 26 21 18
1634745398.952 55 46 36 33 24 20 21
1634745399.202 58 44 36 34 24 20 18
1634745399.453 54 46 35 33 26 21 21
1634745399.699 56 45 36 32 26 21 20
1634745399.952 57 47 35 32 25 19 19
1634745400.201 58 44 37 33 28 23 17
1634745400.449 56 46 36 30 25 21 18
1634745400.701 57 46 35 32 26 22 19
1634745400.949 54 47 37 33 25 20 19
1634745401.199 55 47 36 34 26 22 18
1634745401.450 59 47 40 32 25 22 19
1634745401.700 57 45 36 32 24 20 19
1634745401.949 58 46 36 33 24 20 18
1634745402.201 58 46 38 33 25 22 19
1634745402.449 54 45 35 33 25 20 17
1634745402.699 56 46 36 34 25 22 17
1634745402.953 54 44 36 33 25 20 18
1634745403.199 58 45 35 32 24 20 18
1634745403.451 55 45 37 32 28 21 19
1634745403.701 57 48 37 30 26 20 19
1634745403.949 56 44 37 33 25 20 19
1634745404.199 59 44 36 33 26 20 19
1634745404.449 53 44 35 34 25 19 18
1634745404.699 59 47 39 33 27 20 18
1634745404.950 55 46 36 35 26 20 17
1634745405.200 56 46 36 33 26 21 20
1634745405.453 58 45 35 33 25 21 19
1634745405.699 56 45 37 31 26 20 18
1634745405.953 57 45 37 35 26 20 19
1634745406.201 54 46 37 32 26 21 17
1634745406.450 55 44 35 35 27 20 20
1634745406.699 55 46 38 35 26 21 18
1634745406.952 56 46 38 32 28 20 19
1634745407.200 56 45 37 33 28 19 18
1634745407.451 55 44 36 32 23 21 17
1634745407.703 57 48 34 32 25 22 21
1634745407.949 57 44 35 34 24 21 19
1634745408.199 59 45 37 31 28 21 20
1634745408.452 56 45 34 34 25 21 18
1634745408.699 55 44 36 30 28 22 20
1634745408.951 56 46 37 35 26 21 17
1634745409.200 55 44 36 33 26 22 19
1634745409.449 56 47 36 33 25 21 20
1634745409.701 55 44 36 33 25 20 17
1634745409.949 58 47 36 31 24 22 21
1634745410.200 56 45 37 33 25 19 19
1634745410.452 57 46 35 32 24 22 18
1634745410.699 56 44 39 34 24 19 19
1634745410.949 57 45 37 33 24 21 20
1634745411.203 58 43 35 32 26 20 18
1634745411.449 57 46 34 32 25 20 20
1634745411.700 58 46 36 32 26 21 19
1634745411.951 55 45 39 34 27 21 19
1634745412.200 55 45 36 32 25 20 19
1634745412.451 55 46 38 33 24 21 19
1634745412.702 58 44 35 32 27 22 21
1634745412.950 57 45 36 33 25 21 19
1634745413.200 58 48 36 34 25 21 19
1634745413.453 56 47 35 33 26 22 19
1634745413.700 56 47 37 32 24 18 19
1634745413.953 57 48 37 34 27 20 19
1634745414.203 58 45 38 33 27 20 19
1634745414.451 59 46 38 33 24 21 20
1634745414.700 57 44 36 34 27 22 19
1634745414.952 58 44 35 35 25 22 19
1634745415.200 58 47 37 37 26 19 18
1634745415.452 54 44 35 34 24 22 19
1634745415.704 56 45 38 32 27 22 18
1634745415.950 56 47 35 32 27 22 19
1634745416.201 56 45 35 32 23 20 22
1634745416.450 56 45 35 34 25 21 20
1634745416.700 56 44 36 33 23 19 19
1634745416.952 58 44 35 34 26 20 21
1634745417.199 57 44 38 33 25 21 20
1634745417.451 56 48 36 32 25 19 20
1634745417.699 58 44 34 32 27 20 17
1634745417.952 57 44 36 34 25 20 18
1634745418.201 55 48 37 32 26 20 19
1634745418.453 57 47 37 31 26 19 17
1634745418.699 57 46 36 32 25 20 17
1634745418.951 56 46 38 33 25 20 20
1634745419.200 58 49 37 33 27 19 18
1634745419.450 56 45 37 34 24 21 18
1634745419.702 55 44 38 34 24 22 19
1634745419.952 58 46 35 32 25 20 19
1634745420.200 59 46 37 33 26 20 19
1634745420.450 56 46 37 36 25 20 19
1634745420.703 58 45 37 33 26 20 19
1634745420.950 57 46 36 32 24 21 18
1634745421.200 55 47 35 35 25 21 19
1634745421.449 57 46 37 35 27 20 20
1634745421.700 60 46 36 33 25 22 21
1634745421.951 55 44 37 32 26 19 19
1634745422.203 55 44 36 32 26 19 18
1634745422.452 57 45 36 32 26 20 18
1634745422.701 58 45 37 32 25 21 20
1634745422.952 55 45 36 33 26 21 18
1634745423.200 56 43 39 34 26 20 19
1634745423.450 56 45 38 34 27 19 17
1634745423.702 58 45 36 34 27 20 19
1634745423.950 56 44 36 33 26 21 18
1634745424.201 52 44 35 32 26 21 21
1634745424.452 59 47 39 30 25 20 21
1634745424.700 57 45 36 32 24 19 17
1634745424.950 59 44 36 34 25 23 19
1634745425.202 58 45 38 34 26 20 17
1634745425.450 53 46 36 35 25 21 17
1634745425.703 57 46 37 32 26 23 19
1634745425.951 59 44 38 34 25 22 21
1634745426.200 54 45 35 34 27 20 17
1634745426.452 57 44 35 34 25 20 21
1634745426.700 56 46 37 35 25 22 20
1634745426.953 55 47 36 33 26 20 18
1634745427.201 56 46 36 34 28 22 18
1634745427.451 56 48 37 32 25 21 20
1634745427.705 57 45 38 32 25 18 18
1634745427.951 59 46 35 30 25 19 20
1634745428.202 54 45 38 32 25 21 19
1634745428.453 56 44 36 33 27 21 19
1634745428.701 59 45 36 34 26 21 19
1634745428.952 59 44 39 32 26 21 20
1634745429.204 57 46 36 31 26 21 21
1634745429.451 55 46 36 31 26 20 19
1634745429.701 55 46 37 32 26 21 19
1634745429.950 55 45 36 32 25 18 19
1634745430.200 56 45 36 34 28 20 18
1634745430.452 57 48 37 32 26 19 18
1634745430.704 56 45 38 33 25 20 20
1634745430.950 58 45 34 32 26 21 19
1634745431.202 58 46 35 31 25 19 19
1634745431.450 56 46 36 33 29 21 18
1634745431.701 57 49 36 34 27 20 18
1634745431.952 59 45 35 33 27 20 20
1634745432.200 58 46 35 31 25 20 19
1634745432.450 55 46 36 32 26 20 19
1634745432.701 57 45 39 33 26 19 20
1634745432.950 55 46 35 34 25 21 20
1634745433.200 56 45 38 32 24 20 18
1634745433.452 57 46 37 34 26 22 18
1634745433.700 55 46 39 33 25 23 18
1634745433.950 57 46 35 35 24 20 20
1634745434.201 56 45 37 34 26 19 20
1634745434.451 56 44 35 32 26 19 19
1634745434.701 55 44 37 32 25 22 19
1634745434.954 52 44 37 35 26 21 18
1634745435.200 56 45 38 33 26 21 19
1634745435.451 57 44 36 31 24 21 19
1634745435.705 56 48 37 33 25 20 17
1634745435.950 56 46 37 35 27 20 19
1634745436.202 55 45 36 31 26 20 18
1634745436.452 57 45 36 33 25 20 18
1634745436.700 58 44 36 32 25 20 17
1634745436.953 57 48 39 34 24 20 19
1634745437.201 57 45 35 31 24 21 20
1634745437.450 57 45 37 33 27 20 22
1634745437.704 55 46 36 32 25 20 16
1634745437.954 56 47 36 33 25 20 19
1634745438.201 54 44 36 30 27 22 18
1634745438.456 57 46 36 32 25 20 19
1634745438.700 55 45 37 31 27 21 18
1634745438.953 57 47 36 35 26 19 18
1634745439.201 59 46 36 34 26 19 21
1634745439.451 56 45 37 34 26 19 20
1634745439.702 56 45 36 34 25 18 16
1634745439.951 56 45 39 33 24 20 16
1634745440.203 54 46 35 34 25 18 19
1634745440.451 58 46 38 32 26 19 19
1634745440.705 55 47 38 34 26 20 18
1634745440.950 59 46 37 33 25 19 18
1634745441.201 54 45 36 32 26 21 17
1634745441.454 57 46 35 36 26 21 18
1634745441.702 55 46 37 32 26 20 18
1634745441.953 55 45 37 31 25 22 19
1634745442.204 58 43 37 33 26 20 19
1634745442.452 59 46 36 31 25 20 19
1634745442.701 56 45 36 34 25 18 18
1634745442.952 55 44 34 33 26 21 17
1634745443.201 58 44 36 35 26 18 17
1634745443.451 58 45 36 32 27 20 18
1634745443.701 55 45 35 33 28 19 20
1634745443.951 53 45 37 32 24 18 18
1634745444.201 55 47 37 34 26 21 19
1634745444.453 57 45 37 35 25 20 19
1634745444.701 56 45 39 32 25 20 19
1634745444.953 55 47 38 34 26 22 21
1634745445.202 55 45 36 33 25 21 20
1634745445.451 58 46 39 33 26 20 16
1634745445.704 57 43 36 33 27 21 19
1634745445.951 56 46 36 31 25 22 20
1634745446.201 53 44 37 33 26 19 19
1634745446.452 58 47 37 32 24 21 18
1634745446.701 57 45 36 34 24 21 19
1634745446.952 57 44 36 32 26 19 19
1634745447.204 55 45 35 32 26 20 19
1634745447.451 58 46 35 34 26 20 20
1634745447.702 56 47 36 34 25 21 19
1634745447.951 58 45 37 33 27 19 20
1634745448.201 57 46 35 30 25 20 20
1634745448.452 57 46 38 33 26 20 19
1634745448.701 59 47 35 33 25 23 20
1634745448.954 57 45 36 32 27 19 19
1634745449.203 56 46 36 30 25 20 19
1634745449.452 54 45 36 32 26 19 20
1634745449.703 56 44 36 32 26 19 19
1634745449.951 57 44 35 34 27 20 21
1634745450.204 56 46 37 33 28 20 20
1634745450.451 55 44 39 33 26 20 19
1634745450.702 56 44 38 34 26 19 20
1634745450.952 56 46 35 32 28 19 19
1634745451.202 54 47 38 34 26 22 21
1634745451.451 58 46 37 32 25 21 19
1634745451.705 57 45 36 33 25 21 23
1634745451.959 56 45 35 33 25 19 20
1634745452.202 56 46 36 35 25 21 20
1634745452.451 54 47 38 34 25 20 20
1634745452.701 55 45 36 33 24 20 18
1634745452.951 56 46 37 33 26 20 20
1634745453.202 56 46 37 34 26 21 20
1634745453.453 58 46 38 33 26 19 16
1634745453.703 55 44 35 34 25 21 18
1634745453.952 56 45 37 34 26 21 19
1634745454.204 57 48 35 33 27 20 20
1634745454.451 56 45 38 34 27 20 19
1634745454.703 56 45 36 32 26 20 20
1634745454.951 55 45 35 32 26 21 17
1634745455.201 55 46 39 34 25 20 19
1634745455.451 53 46 37 32 25 20 19
1634745455.704 59 48 35 32 27 21 19
1634745455.953 55 45 36 34 26 20 18
1634745456.202 59 46 36 32 24 21 19
1634745456.452 54 45 37 33 27 19 20
1634745456.704 58 45 36 36 25 20 20
1634745456.951 56 44 36 33 25 19 19
1634745457.203 57 45 35 34 25 20 20
1634745457.452 54 45 37 34 25 19 19
1634745457.701 57 46 37 32 27 19 18
1634745457.956 58 43 36 33 26 20 21
1634745458.202 53 45 38 34 27 20 20
1634745458.452 56 45 36 32 28 21 20
1634745458.705 56 46 36 32 26 22 19
1634745458.951 59 45 36 31 25 20 18
1634745459.201 57 46 38 33 26 20 19
1634745459.456 58 46 37 32 27 22 19
1634745459.704 57 46 36 33 27 19 21
1634745459.952 55 45 37 34 27 20 18
1634745460.202 56 46 38 33 25 22 20
1634745460.452 54 46 37 32 25 21 21
1634745460.703 56 48 36 33 27 19 18
1634745460.953 58 44 35 34 27 22 19
1634745461.202 55 46 35 33 26 21 18
1634745461.452 61 45 35 31 25 19 19
1634745461.701 56 44 37 33 28 18 23
1634745461.953 55 45 36 32 26 19 19
1634745462.202 54 45 36 32 24 21 21
1634745462.456 57 46 37 31 24 21 17
1634745462.702 57 45 34 36 27 19 19
1634745462.952 58 46 35 34 24 19 19
1634745463.205 58 44 35 31 26 20 18
1634745463.452 55 46 36 31 26 21 21
1634745463.704 58 48 35 33 26 20 19
1634745463.952 55 45 35 34 27 20 19
1634745464.202 57 46 38 32 26 19 19
1634745464.455 55 45 36 34 26 21 20
1634745464.703 56 44 36 31 25 20 17
1634745464.953 58 45 38 33 24 18 19
1634745465.205 56 47 35 35 25 19 21
1634745465.452 55 44 36 32 25 21 21
1634745465.702 57 45 36 33 25 18 19
1634745465.953 58 46 36 32 25 20 19
1634745466.204 58 45 36 35 26 18 20
1634745466.452 57 47 36 32 23 19 19
1634745466.703 54 45 39 34 26 21 17
1634745466.953 56 45 37 33 26 20 20
1634745467.204 58 44 36 31 25 20 19
1634745467.456 56 45 34 32 24 20 19
1634745467.702 59 46 36 31 25 22 19
1634745467.952 58 46 34 34 26 20 17
1634745468.205 56 44 36 32 24 19 21
1634745468.452 54 44 36 33 24 20 19
1634745468.703 56 46 37 32 26 19 17
1634745468.952 55 46 39 32 25 20 20
1634745469.201 56 45 36 33 26 22 19
1634745469.452 56 47 36 32 26 20 19
1634745469.704 57 46 36 33 24 19 20
1634745469.952 57 45 38 31 26 21 19
1634745470.202 56 44 36 34 26 23 19
1634745470.454 55 46 36 32 26 21 18
1634745470.702 56 47 36 33 26 18 20
1634745470.953 58 46 36 34 25 22 19
1634745471.203 59 45 35 34 25 19 20
1634745471.451 55 46 36 34 25 19 17
1634745471.702 56 45 37 31 28 20 18
1634745471.957 54 46 35 33 26 22 20
1634745472.202 55 44 35 34 27 20 21
1634745472.452 54 49 38 32 26 20 17
1634745472.703 58 46 34 35 25 20 18
1634745472.952 59 45 35 32 24 19 18
1634745473.203 55 45 35 34 28 21 18
1634745473.454 55 45 36 32 25 21 19
1634745473.702 56 47 36 32 26 20 21
1634745473.952 55 46 38 33 26 21 19
1634745474.205 57 44 38 34 25 20 20
1634745474.452 58 46 37 33 26 20 21
1634745474.703 59 45 37 32 26 19 22
1634745474.952 56 45 38 32 27 21 19
1634745475.204 57 45 36 32 26 20 19
1634745475.454 57 46 35 33 26 18 19
1634745475.702 58 44 38 33 23 20 20
1634745475.955 57 51 37 33 24 20 18
1634745476.206 56 46 36 34 24 23 17
1634745476.453 56 44 37 33 26 21 22
1634745476.703 55 45 36 35 25 20 20
1634745476.955 58 45 40 33 25 23 18
1634745477.202 58 45 35 31 25 20 19
1634745477.453 57 45 36 34 27 21 20
1634745477.704 57 46 38 31 24 19 19
1634745477.952 54 44 37 34 26 20 19
1634745478.204 56 45 37 33 24 21 18
1634745478.455 60 45 35 32 28 20 19
1634745478.702 54 46 35 35 23 21 17
1634745478.953 56 46 37 33 26 25 20
1634745479.204 58 44 36 33 25 21 18
1634745479.452 57 45 37 33 26 20 19
1634745479.704 55 44 37 32 24 21 19
1634745479.952 56 45 37 34 24 20 19
1634745480.202 56 46 38 33 24 22 21
1634745480.453 58 45 38 32 24 23 18
1634745480.705 61 43 36 32 25 22 18
1634745480.953 56 48 36 31 25 20 20
1634745481.202 58 45 37 35 24 24 20
1634745481.454 57 46 35 34 27 20 19
1634745481.702 56 44 38 34 28 19 18
1634745481.953 58 47 36 35 26 23 19
1634745482.204 59 46 36 33 25 21 19
1634745482.453 56 45 37 32 25 19 20
1634745482.703 54 45 35 32 27 19 21
1634745482.952 56 44 36 34 27 20 18
1634745483.203 56 45 36 33 25 20 20
1634745483.454 56 46 35 34 25 19 19
1634745483.702 54 44 34 33 25 19 20
1634745483.952 52 44 36 32 26 20 18
1634745484.204 57 46 35 34 26 20 19
1634745484.454 57 46 39 33 26 18 19
1634745484.703 57 44 36 33 24 19 17
1634745484.955 58 45 37 33 26 22 18
1634745485.204 56 46 35 32 26 20 18
1634745485.453 61 44 36 32 25 19 18
1634745485.704 55 47 36 32 27 19 18
1634745485.953 56 46 37 34 26 19 18
1634745486.202 58 45 34 32 27 20 19
1634745486.455 53 46 36 30 27 20 19
1634745486.702 56 47 36 31 25 20 19
1634745486.953 57 45 35 33 26 20 17
1634745487.205 58 46 35 33 26 23 19
1634745487.452 58 45 35 33 26 21 18
1634745487.703 57 46 36 32 25 20 19
1634745487.956 58 46 38 33 27 20 19
1634745488.203 55 47 36 32 26 20 20
1634745488.454 55 44 36 31 24 20 20
1634745488.706 56 42 36 31 23 21 19
1634745488.953 57 45 38 30 25 21 19
1634745489.203 58 46 36 32 27 20 19
1634745489.456 57 46 36 33 25 21 18
1634745489.703 57 45 37 32 26 22 19
1634745489.955 54 44 36 32 24 21 20
1634745490.203 57 44 36 31 26 22 19
