1630833022.143 57 29 36 28 30 25 23
1630833022.392 56 28 35 27 28 23 21
1630833022.642 55 28 37 26 30 24 20
1630833022.892 59 27 36 26 29 25 23
1630833023.142 57 32 35 29 28 24 22
1630833023.391 56 27 35 30 27 22 23
1630833023.641 55 29 37 28 28 23 22
1630833023.892 56 29 37 29 29 24 21
1630833024.142 56 29 35 27 29 23 20
1630833024.392 57 29 35 29 29 21 21
1630833024.642 57 28 35 27 28 23 21
1630833024.892 59 29 33 27 29 24 21
1630833025.148 56 28 38 28 30 23 20
1630833025.395 59 29 33 29 28 24 22
1630833025.644 57 29 34 28 30 25 22
1630833025.891 54 27 37 29 28 24 22
1630833026.144 54 32 36 31 28 24 22
1630833026.393 59 27 35 29 29 24 21
1630833026.643 57 26 34 29 30 24 23
1630833026.892 56 28 35 29 30 23 22
1630833027.143 59 29 36 28 28 24 23
1630833027.391 57 26 36 28 30 23 21
1630833027.646 56 30 37 28 29 23 23
1630833027.895 56 29 37 27 30 23 22
1630833028.147 58 30 37 27 28 24 23
1630833028.394 57 29 39 31 28 23 22
1630833028.646 57 30 36 28 29 23 22
1630833028.895 57 30 37 28 29 23 24
1630833029.144 59 28 35 30 32 25 22
1630833029.395 54 28 37 28 31 25 23
1630833029.643 56 28 34 27 29 25 23
1630833029.892 54 30 35 28 29 25 22
1630833030.142 55 30 34 26 30 22 23
1630833030.399 55 30 35 29 28 23 21
1630833030.642 57 30 37 27 29 23 22
1630833030.892 55 32 35 30 30 23 21
1630833031.143 57 29 36 27 30 23 21
1630833031.392 54 30 36 29 29 23 23
1630833031.642 59 30 35 28 28 23 23
1630833031.893 55 28 35 28 30 24 22
1630833032.144 56 29 35 26 27 23 22
1630833032.394 56 27 35 31 29 23 22
1630833032.647 56 31 34 29 27 22 22
1630833032.894 56 27 35 28 29 24 21
1630833033.143 56 32 36 27 29 23 22
1630833033.393 57 30 34 29 28 23 21
1630833033.643 58 29 35 27 28 21 20
1630833033.892 55 31 38 30 27 22 21
1630833034.145 59 29 37 28 30 23 21
1630833034.394 56 29 36 30 28 24 21
1630833034.644 58 29 35 28 30 25 21
1630833034.893 56 29 36 28 29 22 21
1630833035.143 57 28 36 28 29 24 23
1630833035.392 55 28 37 27 30 26 24
1630833035.643 58 29 36 28 29 23 23
1630833035.893 57 28 36 30 29 24 21
1630833036.142 58 28 36 28 28 22 21
1630833036.393 55 29 36 27 28 23 22
1630833036.642 59 28 34 26 27 21 21
1630833036.895 55 26 35 29 29 23 22
1630833037.146 57 29 35 28 28 24 25
1630833037.403 58 30 36 26 29 25 23
1630833037.646 57 28 34 30 31 26 22
1630833037.894 56 28 36 27 26 21 24
1630833038.144 57 29 36 27 28 23 22
1630833038.396 55 29 35 28 28 23 21
1630833038.642 55 30 35 28 26 25 20
1630833038.893 61 30 34 27 28 24 21
1630833039.142 56 28 36 29 27 23 22
1630833039.392 59 28 33 26 29 22 22
1630833039.642 55 29 35 27 29 24 21
1630833039.892 58 30 34 26 29 25 20
1630833040.142 57 29 36 28 30 24 22
1630833040.395 60 29 37 27 28 26 22
1630833040.643 56 29 35 28 29 24 22
1630833040.893 59 30 35 29 29 22 22
1630833041.142 57 31 33 26 27 23 22
1630833041.394 59 28 35 27 28 23 23
1630833041.642 54 29 36 28 28 24 20
1630833041.892 57 29 37 30 28 23 20
1630833042.142 57 30 35 28 29 24 23
1630833042.393 54 28 34 27 28 23 21
1630833042.642 57 31 36 28 27 21 22
1630833042.894 57 27 36 29 28 23 23
1630833043.142 57 28 35 28 29 24 22
1630833043.393 58 29 36 26 30 23 23
1630833043.643 56 28 36 29 29 24 22
1630833043.892 58 30 37 28 29 24 24
1630833044.142 59 28 35 28 29 24 23
1630833044.392 55 28 36 27 28 24 22
1630833044.642 56 30 35 29 29 24 24
1630833044.892 55 28 36 29 29 26 24
1630833045.148 57 30 34 27 27 24 24
1630833045.392 57 30 36 27 29 23 22
1630833045.642 55 30 36 28 29 22 24
1630833045.895 57 29 33 31 28 23 22
1630833046.142 56 30 35 28 29 24 23
1630833046.393 58 31 36 28 28 24 23
1630833046.642 57 29 35 28 30 23 26
1630833046.892 53 29 37 26 30 23 23
1630833047.143 56 30 34 28 26 23 19
1630833047.394 57 33 37 28 29 23 23
1630833047.643 56 29 35 28 28 25 22
1630833047.892 56 27 35 27 26 23 22
1630833048.142 56 29 36 29 28 23 22
1630833048.392 55 31 37 31 28 24 22
1630833048.643 57 28 36 30 29 25 21
1630833048.893 58 29 35 30 29 24 21
1630833049.143 59 28 35 29 30 24 20
1630833049.393 55 31 37 30 31 25 20
1630833049.642 56 28 35 27 27 24 22
1630833049.893 61 30 36 28 27 23 23
1630833050.143 58 27 35 28 26 23 21
1630833050.392 55 28 36 29 22 22 22
1630833050.642 56 28 36 29 29 22 22
1630833050.894 61 29 35 27 27 25 22
1630833051.143 56 29 37 28 31 26 24
1630833051.393 55 30 35 29 29 24 22
1630833051.642 55 30 34 28 29 24 23
1630833051.892 58 28 37 28 29 24 21
1630833052.142 60 29 34 28 29 23 20
1630833052.392 57 30 36 29 29 24 21
1630833052.642 57 29 35 26 29 23 22
1630833052.894 58 28 36 28 30 25 21
1630833053.143 58 29 34 27 29 23 25
1630833053.393 62 31 35 28 28 25 23
1630833053.644 56 29 33 29 30 23 22
1630833053.894 57 30 36 28 28 24 21
1630833054.145 55 29 35 28 28 22 23
1630833054.393 57 29 36 28 30 24 21
1630833054.646 56 29 36 27 29 23 23
1630833054.893 56 28 35 27 29 22 23
1630833055.145 55 29 35 27 30 23 23
1630833055.394 57 30 36 30 28 25 22
1630833055.651 58 28 36 28 28 21 22
1630833055.894 54 29 36 28 31 23 23
1630833056.148 55 27 35 29 26 23 23
1630833056.395 56 29 35 29 27 24 25
1630833056.643 55 27 37 27 30 24 22
1630833056.900 56 28 34 28 30 25 24
1630833057.143 54 29 34 28 30 25 24
1630833057.393 57 29 35 26 30 24 22
1630833057.642 55 27 34 27 29 23 24
1630833057.893 55 29 34 28 29 24 22
1630833058.145 58 29 35 29 30 25 21
1630833058.394 56 27 34 31 30 24 22
1630833058.644 55 32 34 28 29 22 23
1630833058.894 56 29 36 28 32 24 24
1630833059.145 59 28 36 28 28 23 23
1630833059.395 55 29 35 29 29 22 25
1630833059.646 56 30 36 28 30 24 22
1630833059.893 56 27 36 27 28 23 23
1630833060.143 55 31 37 31 28 22 21
1630833060.393 59 31 36 29 28 23 22
1630833060.644 58 27 36 29 28 24 26
1630833060.893 59 28 34 29 29 22 22
1630833061.144 57 25 33 26 30 23 23
1630833061.392 54 31 36 26 30 22 22
1630833061.643 54 28 37 27 28 24 24
1630833061.893 58 26 35 32 30 23 24
1630833062.143 56 31 35 27 30 23 24
1630833062.394 56 29 35 29 29 24 21
1630833062.646 54 29 34 28 27 22 22
1630833062.893 58 30 35 28 25 22 20
1630833063.145 53 30 36 28 28 25 23
1630833063.394 56 29 36 29 28 24 23
1630833063.643 59 27 38 28 27 22 23
1630833063.896 60 31 36 25 28 24 25
1630833064.143 55 29 36 27 29 23 24
1630833064.394 59 28 38 28 30 22 22
1630833064.643 59 28 34 28 29 26 22
1630833064.895 55 27 36 28 29 24 21
1630833065.143 56 30 39 26 29 24 22
1630833065.393 55 27 36 29 28 22 23
1630833065.644 56 30 34 28 27 24 23
1630833065.893 58 28 35 28 29 22 22
1630833066.143 59 29 33 27 29 22 23
1630833066.393 56 28 35 27 28 23 21
1630833066.649 59 30 35 28 30 25 22
1630833066.893 57 27 35 27 30 26 22
1630833067.143 57 27 35 28 29 24 21
1630833067.393 56 28 36 27 30 23 22
1630833067.643 59 27 34 27 30 24 21
1630833067.894 55 29 35 31 31 23 22
1630833068.147 56 29 38 30 30 21 21
1630833068.397 58 28 36 28 29 24 22
1630833068.645 55 26 36 27 28 22 23
1630833068.894 56 28 35 27 29 24 21
1630833069.143 56 28 34 26 28 24 21
1630833069.394 55 27 36 30 31 25 21
1630833069.644 57 28 36 28 28 24 22
1630833069.895 54 27 37 28 27 25 22
1630833070.144 56 27 36 28 30 25 22
1630833070.393 57 29 35 27 28 25 23
1630833070.644 55 27 36 29 29 22 21
1630833070.893 57 28 37 32 28 25 21
1630833071.144 59 28 36 26 29 26 22
1630833071.393 56 27 36 29 29 24 21
1630833071.643 57 29 34 27 29 22 23
1630833071.894 60 25 34 27 29 24 21
1630833072.144 57 27 36 28 29 23 23
1630833072.393 55 26 34 29 30 23 22
1630833072.643 56 31 37 29 30 24 24
1630833072.893 54 29 34 30 27 21 23
1630833073.144 57 28 34 28 27 22 22
1630833073.393 55 26 34 29 30 25 22
1630833073.646 58 29 35 28 30 24 22
1630833073.896 54 28 35 28 29 22 22
1630833074.144 58 28 35 29 31 22 21
1630833074.393 56 30 35 28 29 25 22
1630833074.643 55 29 37 27 28 25 22
1630833074.894 56 30 35 26 31 25 22
1630833075.143 57 29 36 31 31 23 22
1630833075.393 56 26 35 29 30 25 25
1630833075.649 54 28 37 26 30 23 21
1630833075.893 57 29 34 28 28 22 21
1630833076.145 56 27 36 29 29 23 25
1630833076.394 55 29 38 30 29 23 23
1630833076.643 55 26 37 26 31 22 24
1630833076.893 54 28 35 29 28 24 23
1630833077.143 58 30 36 29 30 23 21
1630833077.394 54 29 35 27 30 24 23
1630833077.644 55 29 35 29 30 23 21
1630833077.895 58 29 36 28 31 24 22
1630833078.144 56 28 37 29 32 22 24
1630833078.394 56 28 36 26 28 23 23
1630833078.644 57 29 36 27 29 22 24
1630833078.893 55 28 35 27 30 24 22
1630833079.143 57 30 34 26 29 24 23
1630833079.393 55 28 37 28 30 24 23
1630833079.643 58 27 36 28 30 23 22
1630833079.893 57 29 36 27 30 23 20
1630833080.144 57 30 36 28 32 24 25
1630833080.394 56 28 34 28 30 24 20
1630833080.644 53 27 36 28 28 24 23
1630833080.896 56 28 35 29 30 25 22
1630833081.145 56 28 35 27 32 25 25
1630833081.394 58 26 36 27 30 26 22
1630833081.644 55 27 35 27 31 23 21
1630833081.894 54 27 37 28 28 23 22
1630833082.144 55 28 36 28 29 24 24
1630833082.394 57 30 34 28 28 23 20
1630833082.643 56 28 36 28 31 23 21
1630833082.893 58 30 35 27 28 23 22
1630833083.149 55 27 34 28 32 24 23
1630833083.396 55 28 36 28 30 22 22
1630833083.646 57 29 34 25 30 23 21
1630833083.893 58 27 38 29 30 23 19
1630833084.145 57 26 34 28 29 24 23
1630833084.394 55 26 36 28 30 22 23
1630833084.645 56 29 36 28 31 24 26
1630833084.897 55 28 37 27 32 23 21
1630833085.143 58 30 35 29 28 25 22
1630833085.394 57 28 34 28 30 23 23
1630833085.643 55 30 37 30 27 25 23
1630833085.893 55 28 35 27 31 24 20
1630833086.144 57 28 37 28 31 24 22
1630833086.396 59 28 35 26 29 24 23
1630833086.643 53 30 34 27 31 25 22
1630833086.895 56 27 34 30 29 24 22
1630833087.144 55 30 33 28 30 24 22
1630833087.395 57 30 36 29 30 23 23
1630833087.645 56 27 35 27 29 25 21
1630833087.894 60 28 34 30 29 25 24
1630833088.145 54 29 35 27 28 25 22
1630833088.393 56 29 37 28 29 23 22
1630833088.645 57 29 36 30 31 24 23
1630833088.895 56 26 39 29 28 22 22
1630833089.146 58 29 34 30 31 25 22
1630833089.396 57 28 35 30 31 23 21
1630833089.644 57 26 37 29 28 23 22
1630833089.894 56 29 35 29 29 23 21
1630833090.144 56 27 35 29 30 23 23
1630833090.395 53 28 35 28 31 25 22
1630833090.644 59 29 34 30 31 26 21
1630833090.894 57 28 39 28 28 24 21
1630833091.144 55 28 35 27 29 22 23
1630833091.394 56 28 37 30 29 24 24
1630833091.644 55 31 36 30 30 24 23
1630833091.894 55 28 35 28 30 24 23
1630833092.143 55 26 35 29 28 22 22
1630833092.394 54 28 35 29 30 24 21
1630833092.643 57 29 37 29 29 23 22
1630833092.897 58 27 35 28 29 24 24
1630833093.149 56 28 36 31 31 25 21
1630833093.395 57 27 38 32 28 22 22
1630833093.647 56 30 36 29 29 23 22
1630833093.897 55 28 36 28 30 23 21
1630833094.145 58 26 36 29 27 24 22
1630833094.393 58 28 37 27 28 22 21
1630833094.645 54 30 35 28 28 24 22
1630833094.894 57 27 35 28 30 25 23
1630833095.145 60 27 35 27 32 22 23
1630833095.396 60 26 36 28 29 25 21
1630833095.644 56 28 35 27 28 24 23
1630833095.894 55 28 35 29 29 23 23
1630833096.150 57 27 34 28 30 24 22
1630833096.394 58 28 38 28 30 27 22
1630833096.647 57 28 36 28 28 23 23
1630833096.896 59 29 36 31 29 24 22
1630833097.148 57 27 37 29 28 22 21
1630833097.394 57 27 35 29 30 22 24
1630833097.644 59 29 37 26 30 23 21
1630833097.894 55 28 34 27 29 23 22
1630833098.144 55 27 36 28 32 23 25
1630833098.393 58 29 35 27 29 24 21
1630833098.644 57 29 35 27 31 22 23
1630833098.894 56 27 35 28 29 22 22
1630833099.144 56 29 35 29 32 23 24
1630833099.394 55 27 37 29 32 24 22
1630833099.645 55 29 36 27 29 23 23
1630833099.895 54 27 36 29 28 23 22
1630833100.143 58 26 35 29 29 23 24
1630833100.395 56 28 35 27 32 24 24
1630833100.644 58 27 37 28 28 24 22
1630833100.895 55 28 37 28 28 24 22
1630833101.144 60 26 35 29 28 24 22
1630833101.395 56 28 38 27 28 24 21
1630833101.644 57 29 38 28 29 22 22
1630833101.894 58 28 35 26 29 25 20
1630833102.145 56 27 35 27 28 24 26
1630833102.394 58 29 34 28 29 24 22
1630833102.644 57 29 36 27 29 24 22
1630833102.899 55 29 38 28 28 24 22
1630833103.144 57 28 35 27 30 23 21
1630833103.394 57 28 38 28 30 23 22
1630833103.645 57 30 34 28 31 22 22
1630833103.895 55 32 36 31 28 24 21
1630833104.145 55 28 35 27 29 23 21
1630833104.394 56 27 34 31 29 23 21
1630833104.644 56 31 35 29 29 25 20
1630833104.893 56 27 35 29 29 26 23
1630833105.144 59 30 36 28 31 21 23
1630833105.396 58 28 37 28 29 23 21
1630833105.645 55 28 37 28 30 23 23
1630833105.897 57 29 36 27 30 22 21
1630833106.145 54 29 34 28 29 23 24
1630833106.394 59 28 34 30 29 23 23
1630833106.645 56 30 35 27 29 26 25
1630833106.896 57 30 37 30 29 22 22
1630833107.145 56 30 36 28 30 23 22
1630833107.394 55 28 36 27 27 22 24
1630833107.644 56 31 37 30 31 24 23
1630833107.894 54 28 35 28 31 24 22
1630833108.145 57 29 35 27 30 24 23
1630833108.398 56 28 36 28 30 25 25
1630833108.646 56 29 36 29 30 24 22
1630833108.895 59 29 34 28 30 25 20
1630833109.144 60 29 35 27 30 27 21
1630833109.395 57 27 34 28 27 23 22
1630833109.649 57 30 36 29 28 23 21
1630833109.896 59 28 36 28 30 23 22
1630833110.144 56 28 37 30 31 24 21
1630833110.395 54 30 35 28 32 21 22
1630833110.644 57 28 34 28 31 23 21
1630833110.898 56 28 36 29 30 24 21
1630833111.144 58 29 35 28 30 23 22
1630833111.396 56 30 36 29 29 25 23
1630833111.644 55 27 35 30 29 25 20
1630833111.895 55 29 34 27 30 23 23
1630833112.145 57 28 36 26 29 23 22
1630833112.396 54 29 33 28 30 23 24
1630833112.648 56 29 36 27 30 24 23
1630833112.895 55 30 36 29 29 23 23
1630833113.145 58 30 36 30 33 25 22
1630833113.397 57 28 36 30 29 22 22
1630833113.646 54 28 35 27 28 23 23
1630833113.894 54 29 36 28 30 22 22
1630833114.145 56 31 36 26 29 22 22
1630833114.395 58 28 35 29 28 23 23
1630833114.645 60 28 33 28 29 25 24
1630833114.895 58 31 37 29 30 23 25
1630833115.145 55 28 36 29 29 24 22
1630833115.395 56 30 33 29 31 22 22
1630833115.645 60 27 36 28 28 23 21
1630833115.894 58 29 35 27 29 24 23
1630833116.146 55 31 37 27 30 22 23
1630833116.395 56 27 35 28 31 23 21
1630833116.649 56 28 37 28 29 23 22
1630833116.895 57 29 38 29 30 22 24
1630833117.145 58 27 38 26 29 24 22
1630833117.395 58 28 35 27 30 24 22
1630833117.645 56 28 36 29 28 24 20
1630833117.895 57 29 35 27 31 24 20
1630833118.148 59 28 34 29 29 24 23
1630833118.395 56 29 35 29 30 23 21
1630833118.647 58 29 37 27 29 27 21
1630833118.895 58 28 40 28 26 24 23
1630833119.147 56 29 35 27 33 22 21
1630833119.395 54 28 35 27 29 23 21
1630833119.645 60 30 33 28 28 25 22
1630833119.895 57 28 36 29 30 24 22
1630833120.145 57 30 35 29 28 24 21
1630833120.395 57 30 37 27 31 24 20
1630833120.645 56 27 35 28 30 22 22
1630833120.896 58 29 37 28 29 22 23
1630833121.147 58 30 35 27 28 23 23
1630833121.395 57 29 36 30 32 23 25
1630833121.645 59 31 36 29 31 23 23
1630833121.895 57 28 36 28 30 25 21
1630833122.146 56 29 36 30 28 22 21
1630833122.396 58 29 37 27 30 24 20
1630833122.645 58 27 34 29 29 25 23
1630833122.895 58 31 36 30 28 25 21
1630833123.145 57 29 36 31 28 23 22
1630833123.395 57 28 36 28 30 23 22
1630833123.646 59 28 33 29 30 25 22
1630833123.896 55 31 36 27 27 24 22
1630833124.145 56 29 35 26 30 23 19
1630833124.395 57 29 33 29 28 24 23
1630833124.646 58 26 35 29 29 24 20
1630833124.895 58 30 34 26 28 23 22
1630833125.145 55 29 36 26 29 23 23
1630833125.395 56 26 35 28 27 26 21
1630833125.645 55 29 35 29 28 23 22
1630833125.899 53 28 34 29 29 23 23
1630833126.145 57 31 35 29 29 23 22
1630833126.394 61 31 38 27 29 24 24
1630833126.645 58 28 34 31 30 23 22
1630833126.894 55 26 35 29 28 23 22
1630833127.148 55 26 33 27 28 24 22
1630833127.395 57 26 37 32 29 24 24
1630833127.644 55 27 35 28 30 25 21
1630833127.895 56 28 35 29 29 23 23
1630833128.146 56 27 36 28 29 25 21
1630833128.399 55 28 35 27 29 25 22
1630833128.645 56 27 35 28 29 24 20
1630833128.895 54 26 36 29 31 23 21
1630833129.144 58 28 37 28 30 22 23
1630833129.395 57 27 36 28 29 23 22
1630833129.646 58 28 36 27 27 23 23
1630833129.895 56 28 37 27 29 23 23
1630833130.146 56 31 35 28 30 23 21
1630833130.395 57 28 36 27 31 22 22
1630833130.647 60 27 35 28 29 24 24
1630833130.895 53 26 36 29 30 23 21
1630833131.146 56 30 36 28 30 23 23
1630833131.396 58 31 35 29 34 23 22
1630833131.645 57 28 36 26 31 24 25
1630833131.895 56 27 36 26 29 23 23
1630833132.149 60 27 35 27 29 24 22
1630833132.398 57 30 34 29 29 24 20
1630833132.645 57 27 36 30 32 24 22
1630833132.896 56 28 35 30 27 23 20
1630833133.145 56 28 34 29 28 24 22
1630833133.402 57 31 37 29 29 22 23
1630833133.646 56 28 34 30 29 23 22
1630833133.897 58 29 34 29 32 22 21
1630833134.150 58 29 35 28 30 24 23
1630833134.396 55 28 36 27 29 23 21
1630833134.648 54 30 36 26 30 22 21
1630833134.896 55 28 38 28 30 23 21
1630833135.146 58 31 35 29 29 25 21
1630833135.395 57 28 36 29 28 23 21
1630833135.646 55 32 37 29 31 23 20
1630833135.896 55 30 35 29 31 22 25
1630833136.145 56 27 34 28 30 25 22
1630833136.395 60 29 34 31 29 23 24
1630833136.646 56 29 34 27 30 23 21
1630833136.903 55 29 35 29 29 24 20
1630833137.146 56 27 35 28 33 21 22
1630833137.395 60 29 35 28 30 24 21
1630833137.645 61 29 35 29 31 25 21
1630833137.896 59 28 34 27 29 23 22
1630833138.148 59 28 35 28 29 23 22
1630833138.395 57 29 35 27 31 24 22
1630833138.646 57 29 35 28 31 23 22
1630833138.896 57 29 36 29 29 26 22
1630833139.146 59 29 34 27 30 25 22
1630833139.395 55 29 38 29 28 24 22
1630833139.645 60 27 36 27 30 23 22
1630833139.896 56 27 33 28 29 24 22
1630833140.147 56 27 37 28 31 24 23
1630833140.399 56 31 36 28 29 22 22
1630833140.647 57 27 36 28 30 24 20
1630833140.895 56 26 35 26 31 26 22
1630833141.145 57 28 37 30 29 24 23
1630833141.395 55 28 36 28 33 23 21
1630833141.645 58 29 35 28 31 23 22
1630833141.895 56 27 34 29 31 22 22
1630833142.147 57 27 36 28 30 23 22
1630833142.397 57 26 37 28 29 22 22
1630833142.646 54 27 35 31 31 25 22
1630833142.895 57 28 35 26 29 23 22
1630833143.146 54 27 35 28 27 23 22
1630833143.395 57 28 36 28 29 24 24
1630833143.646 56 26 36 29 30 22 24
1630833143.896 57 28 37 29 31 24 22
1630833144.147 59 26 35 30 30 23 22
1630833144.396 55 28 34 30 32 25 19
1630833144.647 55 26 35 29 30 25 22
1630833144.897 56 28 34 30 30 23 21
1630833145.146 56 26 34 27 28 23 20
1630833145.397 57 26 36 29 28 23 22
1630833145.646 57 30 36 27 32 22 22
1630833145.896 60 30 36 31 29 22 21
1630833146.146 57 29 34 31 29 22 21
1630833146.396 56 30 36 32 30 19 23
1630833146.647 58 29 36 27 30 21 21
1630833146.896 57 27 35 30 30 20 23
1630833147.147 57 30 35 30 31 20 23
1630833147.395 56 30 38 33 32 19 23
1630833147.645 56 29 34 28 32 20 22
1630833147.900 59 28 37 28 29 19 22
1630833148.147 58 30 36 27 28 20 21
1630833148.395 55 29 37 31 30 22 21
1630833148.645 54 32 35 27 30 25 22
1630833148.896 57 31 35 28 32 23 22
1630833149.147 55 30 36 27 30 22 21
1630833149.397 56 28 35 29 29 25 22
1630833149.650 54 27 34 30 30 25 24
1630833149.895 60 26 35 28 30 25 22
1630833150.147 55 27 37 30 31 24 21
1630833150.396 56 27 36 30 31 23 21
1630833150.646 57 28 36 27 30 23 23
1630833150.896 55 26 35 27 28 22 24
1630833151.147 57 28 37 28 30 23 23
1630833151.395 58 25 35 31 31 24 21
1630833151.648 56 27 38 27 32 23 21
1630833151.896 55 26 35 29 28 23 21
1630833152.146 56 26 38 28 28 26 23
1630833152.397 54 27 36 28 30 23 22
1630833152.647 55 26 35 27 30 25 21
1630833152.895 58 28 37 28 32 24 23
1630833153.146 54 25 35 31 29 24 21
1630833153.401 54 27 37 29 30 22 24
1630833153.646 58 27 35 28 30 23 22
1630833153.895 59 28 38 28 28 22 23
1630833154.146 56 29 34 28 31 24 22
1630833154.396 58 28 35 30 29 22 23
1630833154.646 54 28 35 28 30 25 22
1630833154.895 58 28 36 30 30 23 23
1630833155.146 57 27 34 28 29 22 24
1630833155.396 56 27 35 28 29 23 21
1630833155.646 58 30 35 29 29 24 22
1630833155.896 59 27 37 28 31 23 21
1630833156.145 55 28 35 29 31 23 24
1630833156.395 56 27 35 28 29 26 22
1630833156.645 57 26 36 28 31 24 22
1630833156.896 57 27 34 28 29 23 21
1630833157.145 59 27 38 30 31 22 22
1630833157.395 56 27 34 28 31 24 23
1630833157.645 55 29 37 29 31 23 24
1630833157.896 57 26 32 28 29 24 23
1630833158.146 61 27 37 29 30 25 22
1630833158.396 57 30 36 32 29 25 21
1630833158.646 57 26 37 29 30 24 23
1630833158.902 56 29 36 31 28 23 22
1630833159.149 56 29 37 28 33 23 21
1630833159.404 56 27 36 28 31 24 23
1630833159.646 58 27 39 29 30 22 22
1630833159.897 57 24 36 28 33 23 21
1630833160.150 56 27 34 27 29 26 22
1630833160.399 54 28 34 26 32 23 23
1630833160.648 55 28 37 28 29 23 22
1630833160.898 57 26 36 29 30 24 22
1630833161.147 57 26 34 30 32 26 22
1630833161.397 59 28 35 28 28 27 23
1630833161.647 57 27 38 29 29 24 23
1630833161.898 58 26 36 27 32 25 21
1630833162.149 57 28 35 30 32 24 23
1630833162.396 54 26 36 28 29 22 23
1630833162.650 57 30 36 28 28 23 24
1630833162.896 57 28 37 29 28 22 23
1630833163.146 56 27 36 28 29 22 21
1630833163.396 56 28 34 26 30 24 22
1630833163.647 58 27 35 27 28 23 20
1630833163.899 56 26 33 28 29 22 21
1630833164.146 55 28 34 26 28 23 22
1630833164.397 56 25 35 27 31 23 21
1630833164.647 57 27 37 27 29 23 22
1630833164.897 56 29 34 30 30 23 23
1630833165.146 57 26 36 27 31 23 22
1630833165.396 55 27 37 31 31 23 22
1630833165.647 57 27 36 27 30 25 26
1630833165.899 56 27 35 29 31 23 22
1630833166.147 57 29 36 28 28 23 24
1630833166.396 56 27 36 28 30 26 22
1630833166.650 56 27 35 30 30 22 27
1630833166.896 56 28 35 32 30 24 21
1630833167.146 57 26 37 30 29 23 22
1630833167.396 60 28 35 28 30 24 22
1630833167.645 55 27 35 29 31 21 23
1630833167.897 57 25 35 30 30 23 25
1630833168.146 58 28 35 30 32 22 23
1630833168.397 56 26 36 28 28 23 21
1630833168.647 58 30 35 28 28 22 22
1630833168.897 59 29 34 27 32 24 23
1630833169.146 55 26 36 28 29 23 24
1630833169.397 59 26 35 29 30 25 24
1630833169.651 56 28 37 30 28 22 22
1630833169.900 56 26 35 27 29 22 23
1630833170.146 58 26 36 30 29 22 22
1630833170.397 57 27 39 28 31 22 22
1630833170.650 57 26 36 30 33 23 24
1630833170.896 58 29 36 28 30 23 22
1630833171.147 57 28 36 29 29 23 20
1630833171.401 55 27 36 28 29 25 22
1630833171.645 58 28 36 28 28 23 23
1630833171.896 57 27 37 27 29 22 22
1630833172.147 56 28 36 30 28 24 22
1630833172.397 56 27 35 28 29 24 21
1630833172.646 56 26 35 28 30 23 23
1630833172.897 54 28 35 29 28 21 23
1630833173.147 58 29 36 27 29 23 22
1630833173.396 61 29 35 28 30 25 22
1630833173.647 58 28 35 28 31 24 23
1630833173.897 59 29 35 28 34 23 25
1630833174.146 57 28 34 28 32 23 22
1630833174.397 53 27 34 30 29 24 22
1630833174.649 56 28 37 30 30 24 22
1630833174.897 57 30 34 29 28 24 21
1630833175.146 56 30 34 28 32 23 22
1630833175.397 57 29 36 29 31 24 23
1630833175.646 56 29 38 31 28 24 24
1630833175.897 57 28 37 29 29 23 22
1630833176.146 55 28 35 29 31 24 25
1630833176.397 54 28 37 29 29 22 21
1630833176.647 56 27 34 27 29 23 21
1630833176.896 57 28 34 31 28 23 22
1630833177.146 58 29 35 29 28 23 19
1630833177.397 55 30 36 30 28 24 23
1630833177.646 57 28 35 29 28 25 23
1630833177.896 57 27 36 28 27 25 21
1630833178.149 60 27 39 28 27 24 22
1630833178.397 56 26 35 28 30 22 23
1630833178.648 53 31 35 30 31 24 22
1630833178.897 57 29 35 32 31 23 23
1630833179.146 56 27 36 30 28 21 24
1630833179.397 54 27 36 30 27 24 20
1630833179.647 57 27 37 28 28 24 23
1630833179.897 55 31 35 29 30 24 21
1630833180.149 58 29 35 29 28 21 22
1630833180.396 54 29 35 31 29 22 23
1630833180.646 58 27 37 31 28 24 23
1630833180.898 55 28 36 31 28 24 20
1630833181.146 57 27 35 28 29 23 21
1630833181.397 55 28 38 28 27 24 23
1630833181.646 59 29 36 29 28 22 22
1630833181.897 57 29 37 30 28 23 21
1630833182.147 56 30 37 29 31 23 21
1630833182.396 57 30 33 30 31 23 22
1630833182.647 61 30 36 30 29 23 21
1630833182.898 56 29 35 31 29 23 23
1630833183.147 53 29 34 29 31 25 22
1630833183.397 54 31 35 31 27 24 23
1630833183.649 55 29 35 28 30 22 23
1630833183.898 55 26 35 29 30 24 21
1630833184.147 59 27 36 28 29 23 23
1630833184.396 58 26 34 32 32 23 20
1630833184.646 59 29 37 28 30 24 23
1630833184.897 56 26 36 30 29 23 21
1630833185.147 57 29 35 29 30 22 21
1630833185.397 56 28 36 29 28 23 23
1630833185.647 54 29 36 27 30 24 24
1630833185.900 58 27 39 29 28 22 20
1630833186.150 58 28 35 31 33 23 22
1630833186.398 56 27 35 30 29 25 20
1630833186.651 58 29 36 29 30 24 25
1630833186.897 55 26 37 28 29 24 20
1630833187.150 60 30 35 31 27 25 22
1630833187.397 57 26 36 27 31 22 21
1630833187.647 56 27 35 30 30 23 23
1630833187.896 56 28 37 29 31 21 23
1630833188.146 55 29 36 28 30 23 23
1630833188.399 55 29 35 27 30 23 22
1630833188.649 56 29 34 28 29 25 22
1630833188.898 56 28 35 28 30 24 21
1630833189.148 56 26 35 28 31 23 23
1630833189.397 56 28 34 29 28 23 21
1630833189.647 56 25 36 30 30 24 21
1630833189.896 56 28 35 28 32 22 22
1630833190.146 59 27 35 28 30 24 21
1630833190.397 55 28 34 27 29 25 21
1630833190.647 57 27 35 27 30 25 22
1630833190.898 54 28 38 29 30 23 23
1630833191.148 56 27 36 31 30 22 22
1630833191.397 60 28 35 32 32 23 23
1630833191.648 56 26 34 29 30 24 21
1630833191.901 58 27 35 29 30 24 22
1630833192.153 56 28 36 28 31 22 22
1630833192.397 54 26 36 27 31 21 21
1630833192.647 57 28 37 31 31 22 22
1630833192.897 57 27 38 28 34 25 21
1630833193.151 54 29 33 27 32 22 21
1630833193.397 58 29 35 27 32 22 22
1630833193.648 58 25 34 29 31 23 21
1630833193.897 55 28 35 28 31 23 23
1630833194.149 54 26 35 30 30 23 23
1630833194.397 56 27 36 28 29 24 21
1630833194.647 56 28 37 27 32 24 22
1630833194.897 58 29 37 28 31 23 23
1630833195.147 55 27 36 27 32 26 22
1630833195.396 61 29 35 29 29 23 20
1630833195.648 58 28 36 28 31 22 22
1630833195.897 56 27 36 29 30 23 22
1630833196.146 56 26 38 30 31 22 21
1630833196.397 57 28 36 28 30 24 21
1630833196.649 55 29 35 28 30 24 22
1630833196.900 55 31 33 28 30 26 21
1630833197.148 54 28 36 28 32 24 22
1630833197.396 57 27 35 28 30 23 23
1630833197.647 57 30 35 29 32 22 23
1630833197.897 57 28 36 27 31 21 26
1630833198.149 54 29 35 29 31 23 22
1630833198.400 58 27 34 30 29 23 21
1630833198.648 53 27 34 28 29 23 22
1630833198.898 55 29 35 29 33 23 22
1630833199.147 54 28 36 29 30 24 22
1630833199.397 57 27 34 28 29 24 23
1630833199.648 57 26 35 28 29 21 21
1630833199.896 55 30 37 29 31 24 21
1630833200.147 57 28 36 27 30 24 25
1630833200.397 57 29 36 27 31 24 22
1630833200.647 56 28 36 30 31 24 23
1630833200.898 56 29 36 28 30 22 22
1630833201.147 56 30 35 29 30 22 21
1630833201.397 55 26 39 27 30 24 22
1630833201.648 54 28 36 30 32 24 21
1630833201.898 56 26 35 30 32 24 23
1630833202.148 56 30 35 30 33 23 23
1630833202.398 57 27 34 29 29 23 23
1630833202.650 55 28 36 28 32 23 22
1630833202.898 54 26 34 30 31 25 22
1630833203.147 56 29 35 28 30 22 21
1630833203.398 57 28 36 30 29 26 21
1630833203.648 55 29 34 28 30 25 20
1630833203.898 56 26 36 29 31 23 22
1630833204.148 57 26 36 29 31 24 25
1630833204.398 56 27 34 28 30 22 20
1630833204.648 57 26 33 29 31 21 23
1630833204.898 57 28 33 30 29 23 22
1630833205.147 55 27 35 28 31 25 23
1630833205.397 55 28 36 29 30 24 21
1630833205.648 57 29 39 29 29 22 22
1630833205.898 55 26 34 29 31 25 22
1630833206.151 55 26 35 28 32 22 22
1630833206.398 55 27 36 30 32 24 20
1630833206.648 57 26 36 30 30 24 22
1630833206.899 56 26 38 29 31 22 23
1630833207.148 57 27 35 34 33 25 21
1630833207.398 53 27 35 29 30 23 23
1630833207.649 57 29 35 30 30 24 21
1630833207.899 56 27 34 29 33 24 22
1630833208.150 58 27 37 27 31 23 22
1630833208.399 56 27 36 27 30 24 22
1630833208.647 55 26 35 29 31 23 22
1630833208.897 55 28 35 29 29 22 22
1630833209.148 58 28 35 30 29 22 21
1630833209.398 56 27 36 29 32 23 22
1630833209.647 56 28 35 28 29 23 22
1630833209.898 57 27 36 30 29 24 22
1630833210.148 59 27 36 28 28 22 22
1630833210.398 54 26 36 30 28 24 21
1630833210.647 56 26 35 29 31 25 23
1630833210.898 54 29 37 30 30 26 21
1630833211.153 55 27 38 28 33 25 22
1630833211.398 58 27 35 29 30 24 21
1630833211.648 57 26 35 29 29 23 21
1630833211.903 56 29 38 30 30 22 23
1630833212.148 57 28 37 28 29 25 21
1630833212.402 55 28 38 28 33 23 22
1630833212.648 56 28 36 29 31 23 22
1630833212.898 57 27 34 27 29 23 21
1630833213.148 57 28 33 29 30 24 23
1630833213.401 58 27 35 31 29 26 21
1630833213.651 58 28 36 28 31 27 24
1630833213.902 58 27 33 29 30 23 23
1630833214.148 56 29 37 29 30 24 23
1630833214.399 55 27 35 31 30 24 21
1630833214.651 54 27 38 28 30 24 20
1630833214.899 55 26 34 27 30 24 23
1630833215.150 56 27 37 29 31 21 24
1630833215.398 58 25 36 30 29 25 22
1630833215.648 54 28 35 28 29 24 23
1630833215.898 56 27 38 28 29 22 21
1630833216.152 55 31 35 30 31 23 22
1630833216.401 56 28 35 29 28 23 23
1630833216.650 56 27 35 29 28 22 22
1630833216.899 56 27 34 28 28 24 21
1630833217.148 56 25 35 29 28 23 22
1630833217.399 56 27 34 28 29 24 23
1630833217.649 56 26 35 28 27 24 23
1630833217.901 53 25 37 30 27 24 21
1630833218.148 57 29 36 28 28 24 21
1630833218.398 55 28 36 28 28 23 20
1630833218.647 56 29 35 27 28 23 21
1630833218.898 55 28 35 28 27 24 23
1630833219.148 58 28 35 28 29 22 25
1630833219.399 59 28 37 29 30 22 23
1630833219.651 54 27 37 28 33 23 23
1630833219.897 55 27 35 29 31 23 22
1630833220.148 57 27 36 28 30 24 21
1630833220.399 59 27 34 28 30 22 21
1630833220.648 57 27 36 31 31 24 23
1630833220.897 59 25 35 30 33 25 20
1630833221.148 56 25 36 29 31 23 22
1630833221.399 55 26 34 28 31 23 23
1630833221.649 55 25 36 28 30 25 23
1630833221.897 59 27 33 28 31 24 22
1630833222.148 55 26 35 28 30 22 21
1630833222.400 56 25 35 29 31 25 22
1630833222.652 55 25 35 30 29 23 23
1630833222.900 55 26 34 29 32 23 23
1630833223.148 55 27 35 29 31 23 21
1630833223.398 54 27 38 28 31 26 23
1630833223.648 54 28 35 29 34 23 20
1630833223.898 57 26 35 30 31 24 22
1630833224.151 57 28 35 29 30 24 20
1630833224.398 56 27 38 31 30 25 22
1630833224.647 55 26 39 29 29 21 22
1630833224.898 57 28 37 30 31 24 23
1630833225.148 55 26 36 29 31 23 22
1630833225.398 55 27 36 32 32 23 23
1630833225.648 56 26 35 29 30 26 25
1630833225.898 57 28 36 30 30 23 23
1630833226.149 54 28 36 28 31 23 23
1630833226.398 56 26 36 29 31 25 21
1630833226.648 54 27 34 28 30 24 21
1630833226.898 56 25 37 28 31 24 21
1630833227.148 55 27 35 29 30 24 22
1630833227.399 57 27 36 28 32 24 21
1630833227.650 56 26 35 27 32 24 24
1630833227.898 57 27 37 29 29 25 23
1630833228.153 55 27 34 30 30 27 21
1630833228.400 54 26 36 28 31 23 20
1630833228.648 56 30 36 29 29 23 21
1630833228.899 57 29 35 28 31 23 21
1630833229.148 58 26 36 29 30 23 22
1630833229.398 57 28 35 28 30 23 21
1630833229.648 56 26 34 27 30 24 21
1630833229.898 55 25 37 30 30 23 21
1630833230.147 54 26 33 30 30 21 24
1630833230.400 53 28 35 28 32 23 21
1630833230.647 60 27 37 30 30 24 21
1630833230.897 54 27 36 28 34 24 21
1630833231.149 55 29 36 26 28 22 20
1630833231.398 58 26 36 28 31 23 23
1630833231.649 56 28 36 28 29 22 23
1630833231.898 54 29 39 29 30 22 23
1630833232.149 58 26 34 28 30 25 23
1630833232.398 58 25 36 30 30 25 22
1630833232.648 55 28 37 27 30 22 23
1630833232.898 58 26 34 30 31 24 23
1630833233.150 57 26 36 29 31 23 23
1630833233.398 56 25 34 29 32 23 23
1630833233.650 57 26 36 30 30 23 22
1630833233.898 57 28 35 29 29 24 21
1630833234.149 56 27 34 30 29 23 23
1630833234.399 57 27 35 29 30 23 23
1630833234.648 56 26 35 29 29 22 22
1630833234.900 55 28 37 30 30 22 21
1630833235.149 56 27 34 28 31 24 21
1630833235.399 56 27 36 30 32 24 24
1630833235.650 55 28 37 28 32 24 21
1630833235.898 54 27 36 27 30 24 22
1630833236.148 56 28 36 29 30 22 23
1630833236.400 57 26 37 29 31 24 23
1630833236.649 56 28 36 31 30 24 24
1630833236.899 55 27 36 29 30 24 23
1630833237.149 55 26 36 28 32 24 23
1630833237.399 56 26 35 27 30 23 22
1630833237.649 56 27 36 27 31 24 21
1630833237.899 56 25 35 28 29 24 22
1630833238.149 58 28 35 31 28 23 21
1630833238.398 54 28 37 30 32 24 23
1630833238.648 57 28 37 28 32 23 21
1630833238.900 57 27 34 28 31 24 21
1630833239.151 57 27 36 29 31 24 21
1630833239.403 60 26 38 28 32 25 22
1630833239.651 53 28 36 29 33 24 23
1630833239.899 55 27 37 31 30 23 22
1630833240.150 55 29 36 29 30 24 22
1630833240.400 55 26 38 28 30 22 21
1630833240.648 57 28 37 28 32 25 21
1630833240.898 57 31 34 32 30 26 22
1630833241.149 57 30 35 28 33 25 21
1630833241.403 58 30 34 27 30 24 21
1630833241.651 58 29 36 29 31 22 21
1630833241.901 56 28 34 31 32 25 21
1630833242.149 58 25 35 30 30 24 22
1630833242.399 55 29 35 29 31 22 21
1630833242.649 56 30 34 28 30 24 25
1630833242.899 55 26 36 30 29 25 22
1630833243.153 57 29 35 28 28 23 24
1630833243.403 58 27 35 30 29 24 21
1630833243.650 56 27 38 28 31 24 21
1630833243.898 56 25 34 27 32 23 22
1630833244.149 56 26 33 30 31 23 20
1630833244.401 55 26 36 29 29 26 20
1630833244.649 58 29 34 28 31 24 24
1630833244.898 58 26 35 26 31 26 20
1630833245.149 58 28 34 27 31 22 24
1630833245.398 56 28 36 28 31 23 22
1630833245.648 58 27 37 28 30 22 22
1630833245.900 56 29 37 29 30 23 21
1630833246.150 57 28 35 28 31 22 22
1630833246.399 55 25 34 28 30 24 23
1630833246.649 60 27 36 28 29 23 24
1630833246.902 56 26 35 28 29 23 23
1630833247.151 59 26 37 28 32 23 21
1630833247.399 58 28 37 29 31 23 21
1630833247.651 58 25 35 28 30 24 22
1630833247.901 54 27 36 33 31 24 23
1630833248.150 59 28 37 32 31 23 23
1630833248.400 57 28 35 30 29 23 22
1630833248.648 59 27 36 29 30 22 21
1630833248.899 55 25 35 29 29 23 22
1630833249.149 58 25 33 29 30 23 20
1630833249.398 54 26 34 27 32 23 21
1630833249.650 55 27 35 28 32 24 23
1630833249.899 55 28 35 30 32 24 21
1630833250.149 57 26 34 30 32 25 23
1630833250.399 57 31 36 28 32 23 22
1630833250.649 55 26 36 29 31 23 21
1630833250.899 56 28 34 27 30 25 24
1630833251.150 59 27 34 27 30 22 21
1630833251.399 60 27 35 29 31 23 21
1630833251.649 57 28 34 30 30 24 21
1630833251.903 56 28 37 28 31 23 23
1630833252.149 56 26 38 28 32 23 22
1630833252.400 59 26 35 26 30 24 21
1630833252.650 60 29 34 29 30 21 22
1630833252.899 58 26 35 29 33 23 20
1630833253.149 54 28 35 30 31 25 23
1630833253.399 55 28 35 30 31 22 23
1630833253.649 54 28 34 29 30 25 24
1630833253.900 57 28 35 29 30 24 21
1630833254.149 56 26 36 29 29 26 22
1630833254.400 57 28 35 27 28 22 22
1630833254.649 57 27 34 27 33 21 24
1630833254.899 59 25 34 30 28 23 22
1630833255.149 57 26 38 28 31 23 21
1630833255.398 58 26 37 27 30 24 24
1630833255.651 55 26 35 27 30 24 20
1630833255.898 55 26 35 28 30 23 22
1630833256.149 56 27 35 30 31 24 23
1630833256.399 57 26 34 29 29 24 20
1630833256.654 57 27 34 28 31 24 23
1630833256.901 55 27 35 30 31 22 22
1630833257.149 55 30 36 26 31 24 21
1630833257.399 56 28 36 29 30 24 23
1630833257.649 55 27 36 28 30 22 23
1630833257.900 56 28 37 30 30 22 21
1630833258.149 57 28 35 30 29 25 21
1630833258.402 57 29 34 28 31 23 21
1630833258.650 55 28 34 29 29 22 22
1630833258.900 56 26 35 28 32 24 21
1630833259.149 55 29 36 29 30 24 21
1630833259.400 58 27 34 28 30 23 21
1630833259.651 57 27 35 28 31 25 23
1630833259.901 56 26 36 29 29 24 23
1630833260.152 59 27 35 27 30 25 23
1630833260.407 55 26 34 29 29 24 24
1630833260.650 54 28 35 31 30 25 20
1630833260.901 55 26 33 28 29 26 22
1630833261.149 59 26 36 30 31 26 21
1630833261.400 57 24 35 28 31 25 22
1630833261.649 57 26 35 29 30 24 23
1630833261.900 58 28 35 27 31 22 22
1630833262.151 59 29 35 31 30 23 21
1630833262.400 58 26 36 28 30 23 22
1630833262.654 57 29 35 28 31 23 22
1630833262.903 58 28 36 29 32 23 23
1630833263.154 57 25 35 28 32 22 21
1630833263.400 56 26 35 28 31 22 23
1630833263.649 59 25 37 28 29 23 25
1630833263.900 60 25 35 28 31 24 22
1630833264.153 57 26 35 27 30 23 22
1630833264.401 56 25 33 28 31 24 21
1630833264.653 56 28 37 27 29 24 21
1630833264.899 58 28 34 30 29 23 22
1630833265.152 54 31 36 29 31 22 22
1630833265.401 60 28 35 28 28 23 20
1630833265.651 54 27 37 30 32 23 21
1630833265.900 55 29 38 30 30 25 22
1630833266.150 58 28 37 30 31 24 21
1630833266.399 53 28 38 30 28 23 23
1630833266.650 57 26 35 29 31 26 22
1630833266.901 56 27 35 27 28 25 23
1630833267.149 53 29 38 28 32 23 22
1630833267.404 52 26 34 29 31 24 23
1630833267.649 57 29 39 29 30 23 21
1630833267.898 57 28 35 30 31 23 22
1630833268.150 53 28 34 26 30 24 22
1630833268.399 58 28 36 29 31 24 20
1630833268.649 56 26 35 26 30 24 22
1630833268.900 58 28 35 28 31 23 22
1630833269.150 57 25 35 28 30 23 21
1630833269.401 56 26 37 27 32 24 22
1630833269.651 57 25 36 28 31 24 21
1630833269.901 56 25 37 27 29 26 21
1630833270.150 60 26 35 30 31 25 23
1630833270.401 55 29 36 28 32 25 23
1630833270.649 55 29 35 30 28 24 21
1630833270.900 56 26 36 29 30 24 21
1630833271.150 57 28 34 28 31 24 22
1630833271.401 56 26 36 27 31 23 21
1630833271.652 56 25 36 29 29 25 20
1630833271.899 59 26 36 29 31 24 22
1630833272.149 54 28 36 29 28 27 22
1630833272.399 57 27 34 28 30 24 21
1630833272.650 58 28 34 30 29 25 21
1630833272.899 56 26 35 29 29 23 22
1630833273.150 56 26 35 28 33 22 22
1630833273.402 56 26 36 27 29 24 23
1630833273.649 55 26 37 28 29 24 23
1630833273.899 60 28 36 30 31 22 25
1630833274.150 56 26 38 27 30 24 20
1630833274.400 55 25 36 28 31 23 23
1630833274.650 56 26 35 30 29 23 22
1630833274.900 57 28 37 31 29 22 21
1630833275.149 53 26 35 29 29 25 22
1630833275.399 55 29 37 27 30 23 21
1630833275.650 55 26 35 30 29 23 23
1630833275.900 56 27 36 28 33 24 24
1630833276.150 56 27 37 28 32 23 21
1630833276.399 57 26 35 27 31 23 22
1630833276.649 56 27 36 27 31 23 21
1630833276.899 56 26 36 29 29 26 23
1630833277.154 55 28 36 28 29 24 21
1630833277.402 55 27 35 27 29 23 21
1630833277.652 56 25 35 26 28 24 20
1630833277.900 54 26 36 29 30 23 24
1630833278.150 55 27 35 29 29 23 21
1630833278.401 59 25 36 30 31 25 22
1630833278.650 58 25 36 30 32 23 21
1630833278.900 57 29 34 27 29 22 23
1630833279.150 57 26 35 31 29 26 22
1630833279.399 56 26 35 29 30 25 21
1630833279.649 53 27 35 27 28 23 22
1630833279.900 56 27 37 30 30 25 22
1630833280.151 55 27 34 26 30 24 23
1630833280.400 55 26 38 28 32 22 21
1630833280.650 55 28 37 30 32 23 20
1630833280.899 59 29 35 29 32 25 22
1630833281.150 58 27 37 28 29 25 22
1630833281.399 58 30 35 28 30 23 23
1630833281.650 55 26 36 28 31 25 21
1630833281.900 56 28 37 27 30 25 22
1630833282.150 58 28 37 28 31 23 22
1630833282.400 55 26 35 31 31 24 25
1630833282.652 60 28 35 30 31 23 23
1630833282.900 57 26 38 28 31 22 24
1630833283.150 55 26 34 28 29 24 23
1630833283.400 57 28 35 27 29 24 21
1630833283.649 59 27 36 28 31 22 21
1630833283.899 57 27 36 27 30 24 22
1630833284.150 55 26 37 29 31 20 23
1630833284.400 58 30 35 29 28 24 22
1630833284.654 57 28 36 28 31 24 22
1630833284.901 57 28 36 29 31 25 22
1630833285.150 58 26 38 31 30 24 22
1630833285.401 57 27 36 30 30 24 23
1630833285.650 58 26 34 29 29 24 22
1630833285.901 57 28 34 29 29 23 21
1630833286.149 57 28 35 29 30 25 23
1630833286.400 55 27 39 28 29 22 22
1630833286.649 54 31 34 29 31 26 22
1630833286.902 56 26 37 28 31 24 22
1630833287.151 56 28 37 27 31 24 23
1630833287.400 57 26 35 28 30 24 22
1630833287.649 59 28 36 28 30 25 22
1630833287.899 55 27 34 28 29 22 21
1630833288.150 59 28 36 26 31 23 19
1630833288.400 56 27 37 29 28 23 20
1630833288.649 59 28 36 30 27 23 23
1630833288.900 55 26 35 29 32 22 21
1630833289.150 59 26 36 27 28 22 22
1630833289.401 57 26 37 28 32 25 23
1630833289.650 56 26 34 28 30 24 23
1630833289.900 56 25 35 29 31 23 22
1630833290.152 54 25 35 28 31 22 22
1630833290.401 58 25 35 31 32 23 21
1630833290.650 56 27 34 27 32 24 23
1630833290.900 55 27 36 28 30 24 21
1630833291.151 57 24 37 27 32 23 20
1630833291.402 56 27 35 27 31 23 21
1630833291.650 56 27 33 27 29 23 23
1630833291.901 56 28 35 27 31 24 21
1630833292.150 57 26 36 26 30 22 22
1630833292.403 58 28 36 29 30 24 22
1630833292.650 57 27 34 28 29 23 22
1630833292.900 55 27 35 31 31 26 23
1630833293.150 58 27 35 27 31 24 23
1630833293.400 54 28 39 29 27 25 20
1630833293.650 57 27 36 30 30 24 20
1630833293.903 58 28 36 30 30 24 20
1630833294.155 64 27 36 26 30 24 22
1630833294.400 56 26 35 28 33 24 23
1630833294.661 55 27 35 28 32 23 22
1630833294.900 55 26 36 28 32 24 21
1630833295.150 57 27 34 28 31 24 21
1630833295.403 56 28 34 29 31 25 24
1630833295.655 55 25 38 28 31 23 21
1630833295.900 59 28 39 28 31 24 22
1630833296.152 58 28 38 29 29 24 23
1630833296.400 56 26 35 29 30 23 21
1630833296.650 55 27 37 28 31 22 22
1630833296.900 54 25 34 28 31 23 22
1630833297.150 60 27 35 29 30 22 22
1630833297.403 59 27 36 28 32 25 20
1630833297.650 56 25 35 29 30 24 21
1630833297.900 54 28 35 28 30 23 22
1630833298.150 56 27 35 28 30 23 22
1630833298.401 56 29 37 30 28 24 21
1630833298.651 54 28 34 26 30 22 21
1630833298.901 55 26 35 29 31 22 23
1630833299.151 56 27 37 27 31 25 20
1630833299.400 55 26 37 29 31 24 21
1630833299.649 55 26 37 29 31 24 24
1630833299.902 57 26 35 28 32 27 22
1630833300.156 55 27 35 27 31 24 22
1630833300.400 56 28 33 30 31 25 24
1630833300.650 58 26 34 29 29 23 22
1630833300.902 57 26 36 28 30 24 21
1630833301.150 59 29 34 30 31 24 22
1630833301.400 55 28 36 30 29 23 24
1630833301.652 57 28 36 29 29 25 22
1630833301.901 56 30 34 29 31 23 22
1630833302.151 54 25 35 28 33 24 21
1630833302.401 56 26 37 28 28 24 23
1630833302.650 59 27 37 27 31 23 21
1630833302.902 56 28 38 29 33 24 22
1630833303.150 60 28 36 28 29 23 21
1630833303.400 59 29 35 28 29 26 25
1630833303.650 57 25 36 28 31 23 23
1630833303.902 56 28 37 29 31 23 24
1630833304.150 59 29 35 28 30 26 23
1630833304.401 55 27 35 28 30 23 23
1630833304.651 56 29 35 28 29 24 22
1630833304.900 58 26 35 29 30 25 23
1630833305.150 59 26 35 27 32 25 22
1630833305.402 57 25 38 29 32 25 20
1630833305.651 56 24 36 29 32 24 23
1630833305.901 54 26 38 28 30 25 22
1630833306.150 52 27 36 26 29 23 23
1630833306.404 56 26 36 31 30 25 21
1630833306.651 53 25 35 29 31 24 21
1630833306.901 54 28 39 27 32 24 19
1630833307.151 55 26 36 31 31 25 22
1630833307.400 56 28 35 29 30 24 20
1630833307.651 56 25 37 28 30 24 21
1630833307.901 55 26 35 27 30 23 22
1630833308.151 54 27 36 30 31 26 24
1630833308.400 56 28 35 27 31 23 23
1630833308.653 58 25 35 28 30 23 22
1630833308.901 57 28 37 27 29 24 21
1630833309.151 56 28 37 28 32 22 20
1630833309.401 57 27 34 29 30 23 21
1630833309.650 52 27 33 29 31 23 21
1630833309.901 53 27 35 29 32 23 21
1630833310.150 56 28 35 29 29 23 20
1630833310.401 56 27 34 26 30 25 21
1630833310.651 55 28 38 30 30 26 19
1630833310.900 56 28 35 27 31 25 21
1630833311.151 59 27 36 27 28 24 24
1630833311.401 54 26 34 28 30 26 22
1630833311.650 57 28 36 28 29 25 22
1630833311.901 57 27 35 27 30 24 21
1630833312.151 57 26 36 29 31 25 22
1630833312.401 54 26 38 29 30 23 22
1630833312.651 55 27 36 28 30 26 23
1630833312.900 59 25 36 27 32 24 23
1630833313.150 60 28 36 27 34 24 22
1630833313.400 57 26 34 27 31 24 25
1630833313.651 59 27 35 27 31 23 23
1630833313.901 57 26 34 31 32 24 23
1630833314.151 57 25 36 29 29 24 23
1630833314.401 58 27 35 27 31 26 21
1630833314.651 57 25 37 29 31 23 22
1630833314.902 57 30 37 29 30 26 21
1630833315.151 55 27 34 29 31 22 21
1630833315.400 57 26 35 31 30 23 22
1630833315.655 55 26 38 28 30 23 22
1630833315.902 56 24 35 28 29 23 22
1630833316.151 59 28 35 28 30 24 21
1630833316.404 57 26 34 29 32 24 20
1630833316.651 58 26 37 27 32 25 22
1630833316.906 58 25 34 30 30 24 20
1630833317.151 58 28 35 28 31 26 22
1630833317.400 59 26 38 28 29 25 22
1630833317.653 57 25 36 27 31 23 22
1630833317.903 55 27 34 29 29 23 21
1630833318.151 56 27 36 28 29 23 23
1630833318.400 56 26 34 27 34 24 22
1630833318.651 59 25 36 27 29 24 23
1630833318.901 56 26 34 28 30 24 21
1630833319.151 58 28 37 27 30 23 23
1630833319.408 58 27 37 31 31 26 22
1630833319.651 56 26 34 29 30 25 21
1630833319.902 56 27 34 29 30 23 22
1630833320.151 57 26 38 29 29 26 21
1630833320.403 58 28 36 30 32 26 21
1630833320.653 56 27 36 28 32 22 20
1630833320.902 59 26 33 27 32 27 21
1630833321.151 58 28 34 27 33 24 23
1630833321.401 56 27 37 28 32 25 22
1630833321.651 58 28 35 29 31 24 22
1630833321.902 55 28 34 30 29 24 22
1630833322.151 55 25 35 28 29 24 21
1630833322.401 56 29 36 26 32 23 22
1630833322.654 57 27 37 29 31 23 22
1630833322.900 57 27 35 28 29 21 23
1630833323.151 56 27 35 29 30 24 23
1630833323.401 55 27 36 29 31 24 23
1630833323.650 58 27 36 28 31 24 22
1630833323.901 53 26 34 29 32 25 22
1630833324.151 60 29 36 29 31 24 23
1630833324.404 57 25 38 28 29 24 21
1630833324.654 56 27 35 29 30 24 21
1630833324.900 55 27 37 30 29 23 22
1630833325.151 55 28 37 29 30 25 19
1630833325.402 56 28 34 31 32 24 20
1630833325.653 55 26 38 29 32 23 23
1630833325.902 56 26 36 30 29 25 21
1630833326.151 56 26 35 30 32 24 22
1630833326.401 54 28 35 29 29 25 22
1630833326.651 57 27 36 28 28 25 22
1630833326.900 57 29 37 31 32 26 22
1630833327.151 59 28 36 27 31 24 22
1630833327.401 56 26 37 27 34 26 21
1630833327.651 56 27 36 29 32 25 23
1630833327.901 57 28 35 30 30 24 21
1630833328.150 56 29 37 28 29 23 22
1630833328.401 57 28 36 28 29 23 22
1630833328.650 54 28 34 28 30 23 22
1630833328.901 60 28 34 28 32 24 20
1630833329.151 57 28 36 30 31 25 20
1630833329.403 55 27 37 27 29 24 21
1630833329.653 57 29 35 31 29 23 22
1630833329.902 53 28 37 32 31 25 21
1630833330.151 57 28 34 28 31 22 23
1630833330.402 57 27 35 29 28 23 23
1630833330.651 56 28 36 27 31 24 22
1630833330.903 55 27 36 30 31 22 22
1630833331.151 55 26 35 28 30 25 20
1630833331.403 55 24 37 30 30 23 22
1630833331.651 54 26 37 28 31 23 21
1630833331.901 59 25 37 31 30 25 22
1630833332.151 56 26 34 28 29 23 23
1630833332.401 55 27 36 29 29 25 21
1630833332.652 55 26 36 29 30 23 21
1630833332.902 57 27 35 27 30 24 23
1630833333.151 57 27 37 27 31 23 24
1630833333.402 57 27 35 28 31 25 22
1630833333.653 56 27 34 29 31 23 22
1630833333.902 56 25 35 29 31 25 21
1630833334.151 55 27 34 29 29 22 21
1630833334.401 55 28 34 27 29 23 22
1630833334.651 56 27 34 29 31 25 21
1630833334.902 54 26 36 27 31 24 21
1630833335.151 54 27 35 27 30 23 23
1630833335.402 56 28 37 30 31 24 23
1630833335.652 58 25 35 28 32 24 22
1630833335.901 53 28 36 29 32 23 22
1630833336.152 58 24 36 28 31 24 23
1630833336.401 55 26 35 30 32 26 23
1630833336.651 59 28 38 29 31 24 21
1630833336.901 55 28 35 29 31 22 21
1630833337.151 55 27 37 29 32 23 23
1630833337.401 53 26 35 28 29 25 21
1630833337.651 55 27 35 28 28 24 22
1630833337.902 58 27 35 28 31 24 20
1630833338.151 56 27 35 28 30 23 19
1630833338.401 59 26 36 30 32 24 20
1630833338.654 57 29 34 28 32 24 21
1630833338.903 56 28 35 30 31 24 24
1630833339.152 57 25 34 28 30 24 24
1630833339.401 56 26 35 31 29 22 22
1630833339.652 62 26 35 29 29 24 22
1630833339.901 58 26 36 29 31 25 22
1630833340.152 55 28 36 26 30 24 22
1630833340.403 59 27 34 29 31 24 22
1630833340.651 58 28 35 29 31 24 23
1630833340.901 55 27 35 29 32 23 23
1630833341.151 56 26 35 28 30 25 22
1630833341.401 57 26 37 29 30 23 23
1630833341.652 55 27 37 28 32 23 22
1630833341.902 57 27 36 30 30 22 22
1630833342.154 57 26 34 32 32 23 22
1630833342.402 58 30 34 29 29 23 21
1630833342.653 56 26 38 27 31 23 21
1630833342.901 54 27 35 30 29 24 20
1630833343.152 56 28 35 28 31 23 23
1630833343.404 56 29 36 28 30 23 22
1630833343.652 56 28 37 28 32 24 19
1630833343.901 56 27 38 29 26 23 21
1630833344.151 54 28 36 29 24 24 24
1630833344.402 57 26 35 30 26 23 20
1630833344.655 57 26 35 29 25 24 23
1630833344.902 55 26 35 27 29 23 22
1630833345.155 57 26 35 28 31 24 21
1630833345.404 57 27 36 28 31 24 22
1630833345.655 59 26 35 29 30 24 23
1630833345.901 56 28 36 28 31 24 20
1630833346.152 55 27 38 27 30 22 20
1630833346.401 55 28 36 28 30 23 23
1630833346.652 53 26 38 28 29 23 22
1630833346.904 59 26 36 30 32 25 20
1630833347.153 57 28 35 29 30 23 20
1630833347.401 58 27 35 28 29 23 20
1630833347.651 56 28 37 28 33 22 22
1630833347.902 54 28 36 28 32 24 22
1630833348.152 56 26 34 28 29 22 21
1630833348.402 56 28 35 27 31 23 19
1630833348.652 58 27 34 28 30 25 21
1630833348.901 56 28 35 27 29 24 21
1630833349.152 58 27 37 28 32 25 22
1630833349.402 57 26 36 31 30 21 21
1630833349.651 54 27 36 28 32 27 20
1630833349.901 55 26 35 26 30 25 22
1630833350.154 55 28 36 27 31 27 22
1630833350.403 59 26 34 27 32 23 20
1630833350.656 58 24 34 27 30 24 20
1630833350.901 57 26 34 27 30 24 21
1630833351.152 55 27 38 28 29 24 20
1630833351.402 57 27 36 28 30 24 20
1630833351.652 57 28 37 30 30 25 21
1630833351.903 54 26 34 27 29 24 20
1630833352.154 55 25 36 28 33 27 21
1630833352.402 59 25 36 26 30 23 21
1630833352.651 57 25 35 28 32 23 22
1630833352.902 57 26 36 29 30 23 22
1630833353.151 58 25 34 29 30 24 22
1630833353.402 57 25 35 28 29 24 23
1630833353.653 57 26 37 28 29 23 22
1630833353.902 54 27 35 26 29 24 21
1630833354.152 57 26 37 27 28 23 21
1630833354.402 58 25 36 28 29 23 22
1630833354.652 58 27 35 28 30 24 21
1630833354.904 55 24 36 27 29 23 25
1630833355.152 57 25 35 28 29 24 22
1630833355.403 55 26 32 28 29 23 22
1630833355.652 56 27 35 28 30 25 20
1630833355.903 56 24 36 25 31 22 25
1630833356.154 55 26 36 27 27 23 21
1630833356.402 55 27 36 29 30 23 22
1630833356.652 58 26 35 29 32 23 22
1630833356.903 56 26 36 27 30 22 21
1630833357.151 57 28 35 30 30 22 22
1630833357.402 56 28 36 28 32 24 19
1630833357.654 56 28 35 30 29 23 21
1630833357.902 57 30 34 30 30 22 22
1630833358.152 55 27 34 28 32 24 22
1630833358.406 57 25 34 27 30 24 22
1630833358.653 54 26 35 32 30 23 21
1630833358.902 56 29 35 28 31 23 22
1630833359.152 54 28 34 28 30 25 22
1630833359.402 56 25 34 29 31 22 22
1630833359.653 57 29 34 30 31 25 22
1630833359.902 58 27 35 29 30 24 21
1630833360.152 54 28 34 27 31 24 20
1630833360.401 57 25 34 25 28 25 21
1630833360.652 55 25 36 26 28 24 22
1630833360.902 54 27 33 28 29 25 22
1630833361.153 58 25 35 27 30 24 22
1630833361.402 57 26 36 27 30 24 22
1630833361.652 56 27 33 27 29 24 23
1630833361.903 54 26 34 28 30 26 21
1630833362.152 57 28 34 28 30 25 21
1630833362.403 58 27 35 28 29 27 23
1630833362.653 58 25 34 28 30 25 22
1630833362.902 56 25 37 29 29 27 22
1630833363.152 57 28 35 28 29 25 21
1630833363.401 57 26 36 28 31 25 21
1630833363.652 56 26 35 28 31 25 24
1630833363.902 58 28 36 27 30 23 24
1630833364.153 57 28 36 30 30 24 23
1630833364.401 58 25 36 27 32 25 20
1630833364.651 59 27 35 30 31 24 21
1630833364.902 55 26 37 28 29 23 21
1630833365.153 56 26 37 28 31 26 19
1630833365.402 57 26 34 27 31 23 21
1630833365.652 54 28 36 30 30 25 19
1630833365.904 56 26 36 27 31 24 20
1630833366.152 56 25 35 27 31 23 24
1630833366.403 56 27 35 27 29 24 21
1630833366.653 56 23 35 29 30 24 21
1630833366.905 55 27 36 28 29 23 21
1630833367.152 59 27 35 28 29 24 21
1630833367.404 56 29 34 29 30 23 21
1630833367.652 58 28 34 26 29 25 21
1630833367.902 54 28 35 28 33 23 21
1630833368.153 57 27 35 27 31 26 20
1630833368.403 57 28 35 29 32 23 22
1630833368.655 58 26 35 28 30 24 20
1630833368.905 57 26 34 28 30 24 21
1630833369.152 58 27 36 28 30 23 22
1630833369.405 58 27 36 27 30 23 22
1630833369.652 54 28 35 30 31 25 22
1630833369.903 56 27 35 26 30 26 21
1630833370.152 57 26 37 27 31 23 20
1630833370.403 52 26 37 29 31 23 21
1630833370.660 55 25 35 29 33 24 21
1630833370.903 56 29 36 25 29 23 22
1630833371.153 56 27 35 28 30 25 23
1630833371.404 55 26 35 26 31 23 21
1630833371.654 57 26 35 28 29 23 22
1630833371.904 54 27 36 27 29 22 21
1630833372.152 52 26 36 28 29 25 20
1630833372.402 55 25 35 30 33 23 20
1630833372.652 55 27 37 27 30 23 23
1630833372.904 57 25 37 27 30 23 22
1630833373.156 56 28 36 26 31 26 20
1630833373.402 53 27 34 26 31 25 22
1630833373.652 58 27 33 27 29 24 20
1630833373.902 56 27 36 28 30 24 23
1630833374.154 57 26 35 29 30 23 22
1630833374.403 57 25 35 26 29 23 23
1630833374.652 56 25 36 26 31 21 21
1630833374.902 59 28 34 28 30 23 22
1630833375.153 59 27 36 27 28 22 22
1630833375.403 56 26 34 29 31 23 22
1630833375.653 57 28 34 27 28 23 23
1630833375.905 54 27 36 27 31 28 22
1630833376.155 58 26 36 28 31 25 21
1630833376.402 56 26 36 28 31 23 21
1630833376.653 52 27 34 27 32 24 22
1630833376.905 53 27 37 29 30 24 23
1630833377.153 53 29 37 28 30 23 22
1630833377.405 59 26 34 27 30 23 22
1630833377.653 56 26 35 28 31 23 21
1630833377.903 58 27 34 27 32 23 21
1630833378.153 57 28 37 27 30 22 22
1630833378.404 56 28 34 27 30 25 21
1630833378.652 59 27 36 27 30 24 21
1630833378.902 55 28 35 28 30 24 22
1630833379.153 56 27 35 30 32 26 20
1630833379.403 58 27 35 31 30 25 21
1630833379.652 54 26 34 28 29 25 21
1630833379.903 56 26 35 29 30 22 24
1630833380.153 56 29 35 26 30 23 21
1630833380.405 57 26 36 27 31 24 23
1630833380.655 56 27 35 26 30 23 22
1630833380.903 56 27 34 28 31 26 22
1630833381.152 55 26 36 31 30 24 23
1630833381.406 58 28 36 28 30 23 20
1630833381.655 55 26 36 28 30 25 21
1630833381.907 55 27 38 27 29 25 22
1630833382.155 59 25 36 28 29 23 22
1630833382.405 54 26 36 27 28 23 21
1630833382.654 62 28 36 29 29 24 22
1630833382.903 57 25 35 28 30 25 21
1630833383.153 55 28 35 28 32 23 23
1630833383.403 57 26 35 27 30 23 23
1630833383.654 54 27 34 29 31 23 21
1630833383.902 56 27 35 28 31 22 20
1630833384.153 55 27 37 27 29 22 22
1630833384.403 55 26 34 29 27 24 24
1630833384.653 58 27 35 29 33 23 21
1630833384.903 55 27 37 30 31 24 21
1630833385.153 57 28 38 27 29 22 22
1630833385.403 56 28 37 28 30 25 21
1630833385.652 54 27 35 27 31 24 22
1630833385.904 58 25 35 28 29 24 22
1630833386.152 56 29 35 31 30 26 22
1630833386.404 59 27 34 29 31 24 23
1630833386.653 54 28 35 30 29 23 23
1630833386.902 55 29 36 28 28 24 22
1630833387.153 58 28 35 28 30 24 23
1630833387.402 56 27 36 27 31 26 22
1630833387.653 55 29 35 29 31 24 20
1630833387.903 56 27 34 28 29 27 21
1630833388.153 56 30 33 28 30 23 23
1630833388.403 55 29 36 28 30 24 23
1630833388.655 54 27 34 29 31 25 21
1630833388.903 55 27 36 29 31 23 21
1630833389.153 56 29 36 30 29 24 23
1630833389.402 54 27 35 28 30 23 20
1630833389.653 55 27 36 32 30 23 20
1630833389.903 60 28 35 28 32 24 23
1630833390.158 56 27 36 29 30 24 21
1630833390.404 56 28 36 29 29 25 23
1630833390.653 58 27 35 29 30 24 21
1630833390.903 55 27 34 30 28 23 21
1630833391.153 58 25 35 28 31 23 22
1630833391.403 54 26 35 28 31 22 23
1630833391.652 57 27 37 28 30 24 22
1630833391.905 56 26 35 27 30 25 21
1630833392.155 56 27 34 31 28 22 23
1630833392.403 55 25 35 27 30 24 20
1630833392.653 56 28 35 27 31 22 23
1630833392.903 56 27 35 28 30 24 21
1630833393.153 55 27 35 26 30 24 21
1630833393.404 58 27 34 29 29 23 22
1630833393.653 55 26 36 27 28 22 21
1630833393.904 54 28 37 26 31 24 20
1630833394.153 58 26 34 29 30 24 21
1630833394.403 58 24 34 26 32 23 21
1630833394.654 56 28 36 27 31 25 22
1630833394.903 56 26 35 28 32 24 23
1630833395.153 55 25 34 29 28 25 20
1630833395.404 57 26 36 30 28 23 21
1630833395.658 58 25 35 29 32 24 20
1630833395.907 55 26 36 28 29 26 22
1630833396.153 58 26 34 27 30 26 22
1630833396.407 56 28 34 27 30 26 22
1630833396.654 56 27 33 29 32 26 22
1630833396.903 59 27 35 29 28 23 22
1630833397.156 55 25 36 27 29 24 20
1630833397.404 54 25 36 28 30 24 19
1630833397.653 55 25 35 29 29 24 23
1630833397.904 56 26 34 28 30 25 23
1630833398.157 57 27 35 28 29 23 21
1630833398.404 56 27 34 28 31 25 23
1630833398.657 54 27 34 29 31 24 22
1630833398.903 56 26 35 28 29 22 22
1630833399.153 56 25 34 28 31 23 22
1630833399.404 59 27 34 28 31 24 21
1630833399.653 56 27 36 28 30 25 20
1630833399.907 55 27 34 28 32 26 22
1630833400.153 56 28 35 28 28 25 22
1630833400.403 55 26 35 28 27 24 22
1630833400.653 56 25 35 28 29 24 21
1630833400.903 59 26 35 29 29 24 22
1630833401.154 55 27 36 28 31 24 23
1630833401.404 55 28 36 29 29 25 21
1630833401.653 55 28 34 31 29 25 22
1630833401.903 60 26 34 29 30 25 22
1630833402.156 55 26 33 28 29 23 21
1630833402.405 56 27 35 30 31 26 22
1630833402.654 57 27 34 30 30 24 21
1630833402.903 54 29 37 29 29 24 23
1630833403.155 52 26 35 29 32 23 24
1630833403.404 56 27 34 33 29 26 19
1630833403.653 58 25 33 27 28 23 23
1630833403.906 58 27 35 29 29 25 23
1630833404.155 55 26 34 29 31 25 22
1630833404.404 55 27 37 29 30 22 22
1630833404.654 59 26 36 28 30 26 21
1630833404.903 60 26 36 27 32 25 21
1630833405.154 56 28 36 29 30 21 22
1630833405.404 58 26 38 30 30 23 20
1630833405.661 54 26 36 27 29 24 23
1630833405.904 58 26 35 30 29 25 21
1630833406.153 57 27 34 29 29 24 21
1630833406.404 57 28 35 29 29 25 24
1630833406.656 59 27 35 28 30 23 24
1630833406.906 57 28 37 28 31 24 22
1630833407.154 58 25 35 30 31 25 22
1630833407.403 55 29 33 28 30 23 22
1630833407.654 58 24 35 30 32 22 22
1630833407.903 56 28 36 28 31 22 22
1630833408.154 59 24 36 28 29 23 21
1630833408.403 58 26 37 27 28 24 23
1630833408.653 53 26 36 30 29 22 22
1630833408.904 58 26 36 30 30 24 23
1630833409.154 55 25 35 28 30 23 23
1630833409.403 56 26 34 29 29 24 22
1630833409.653 57 24 34 29 31 24 24
1630833409.903 58 25 36 29 29 23 21
1630833410.154 57 23 35 29 29 26 23
1630833410.404 57 26 35 29 28 23 22
1630833410.654 60 27 34 29 28 25 22
1630833410.904 58 25 34 28 30 23 20
1630833411.153 54 26 34 28 30 25 21
1630833411.404 55 26 34 29 28 23 21
1630833411.654 58 26 35 29 29 23 23
1630833411.904 55 27 34 30 31 24 22
1630833412.154 59 26 37 29 30 25 20
1630833412.403 59 25 35 27 32 23 22
1630833412.654 54 27 35 28 32 25 22
1630833412.903 59 26 36 29 29 25 20
1630833413.153 56 27 36 30 31 23 22
1630833413.404 57 26 37 30 31 23 22
1630833413.653 57 26 34 27 32 24 24
1630833413.903 55 28 35 28 29 24 23
1630833414.153 57 24 35 27 31 23 19
1630833414.403 58 26 35 31 30 22 20
1630833414.653 56 26 35 29 30 22 25
1630833414.903 59 26 36 29 32 26 22
1630833415.153 58 28 36 29 29 23 21
1630833415.403 57 25 35 29 33 23 21
1630833415.653 58 25 36 31 31 24 21
1630833415.903 55 25 36 30 30 23 22
1630833416.153 59 25 36 29 30 27 21
1630833416.405 56 25 34 26 31 24 22
1630833416.654 55 25 34 30 31 24 24
1630833416.906 59 24 36 28 29 23 20
1630833417.153 57 24 35 29 30 23 23
1630833417.403 56 25 36 30 30 23 21
1630833417.654 55 24 35 27 27 23 22
1630833417.904 58 27 37 28 28 23 21
1630833418.154 55 25 37 29 30 24 22
1630833418.404 58 27 37 29 29 25 22
1630833418.655 57 27 36 28 30 23 22
1630833418.905 58 28 36 29 29 22 21
1630833419.153 56 26 34 29 28 23 23
1630833419.404 56 24 34 28 27 25 21
1630833419.654 55 26 34 29 28 22 22
1630833419.904 55 24 35 29 28 24 21
1630833420.154 54 25 34 28 28 24 20
1630833420.404 57 24 33 29 28 24 23
1630833420.656 56 26 35 26 27 27 21
1630833420.904 56 28 35 29 31 24 23
1630833421.159 58 24 37 29 27 24 23
1630833421.404 53 24 37 27 28 24 20
1630833421.654 54 26 38 28 28 24 22
1630833421.904 55 23 36 29 26 23 22
1630833422.154 55 23 34 29 27 25 22
1630833422.406 55 26 38 28 28 25 21
1630833422.659 60 26 34 30 31 24 22
1630833422.905 56 26 36 28 29 23 22
1630833423.155 58 25 36 27 29 25 22
1630833423.404 58 24 37 30 31 23 22
1630833423.654 59 24 34 28 28 23 21
1630833423.904 56 26 35 27 30 23 23
1630833424.154 59 28 36 28 26 23 22
1630833424.406 58 27 36 28 30 22 22
1630833424.656 61 24 36 27 29 24 21
1630833424.904 59 25 35 29 27 25 23
1630833425.158 56 27 33 29 30 24 21
1630833425.404 58 25 34 29 30 22 21
1630833425.654 57 26 34 27 29 23 23
1630833425.907 56 26 34 29 26 25 21
1630833426.154 54 27 37 29 26 23 21
1630833426.404 55 25 34 29 28 24 21
1630833426.657 59 24 35 28 28 24 22
1630833426.905 54 26 33 32 26 23 22
1630833427.156 54 28 35 30 27 23 20
1630833427.406 60 24 36 30 28 22 23
1630833427.654 57 28 39 29 27 24 20
1630833427.904 55 26 33 29 28 22 20
1630833428.154 58 27 37 28 31 25 22
1630833428.406 55 26 35 30 28 24 23
1630833428.657 55 25 36 29 27 23 22
1630833428.904 55 25 37 28 32 26 21
1630833429.154 57 26 38 32 28 23 22
1630833429.404 54 25 36 31 26 25 22
1630833429.653 59 25 36 27 28 24 22
1630833429.904 58 25 36 31 27 25 22
1630833430.154 54 25 36 27 30 24 23
1630833430.407 57 27 36 28 26 24 22
1630833430.654 59 26 35 31 29 23 21
1630833430.904 57 25 34 29 30 23 23
1630833431.154 57 26 34 29 28 23 22
1630833431.406 58 24 33 29 28 23 23
1630833431.654 56 24 35 29 31 24 21
1630833431.904 55 25 34 30 29 23 22
1630833432.156 59 25 36 27 29 25 23
1630833432.407 58 25 37 28 29 24 21
1630833432.654 57 26 33 27 28 26 23
1630833432.904 56 29 34 32 26 23 22
1630833433.157 58 26 35 29 26 27 21
1630833433.405 57 27 35 29 24 24 22
1630833433.655 57 23 36 27 26 25 23
1630833433.907 58 24 37 26 25 20 21
1630833434.155 57 24 36 29 26 25 20
1630833434.408 56 25 36 28 26 22 22
1630833434.654 54 26 33 28 25 24 22
1630833434.904 60 24 34 31 25 24 21
1630833435.154 58 24 35 30 25 23 21
1630833435.404 56 25 36 31 28 26 22
1630833435.654 53 25 36 31 26 25 23
1630833435.905 54 25 36 30 29 23 24
1630833436.153 57 24 36 27 29 24 21
1630833436.406 55 25 34 29 32 24 20
1630833436.654 58 26 35 28 31 22 22
1630833436.905 56 25 34 28 27 24 21
1630833437.154 55 25 33 31 30 23 22
1630833437.404 54 26 35 33 27 24 23
1630833437.655 55 26 37 30 27 23 21
1630833437.905 56 27 34 28 26 23 21
1630833438.154 56 24 36 28 25 25 25
1630833438.403 57 25 35 28 27 23 20
1630833438.654 58 24 35 30 25 25 21
1630833438.904 58 27 35 30 27 24 23
1630833439.155 54 26 34 29 27 23 21
1630833439.406 55 25 34 28 26 26 23
1630833439.655 53 27 37 29 26 24 22
1630833439.904 57 27 35 29 25 26 23
1630833440.156 57 25 34 29 27 22 23
1630833440.405 58 25 35 29 26 22 21
1630833440.659 56 26 36 31 27 25 23
1630833440.913 57 27 37 28 25 24 23
1630833441.155 58 26 35 28 28 21 21
1630833441.405 56 25 34 29 26 22 21
1630833441.654 53 25 34 28 26 23 22
1630833441.905 54 25 36 28 27 23 23
1630833442.155 55 27 34 30 27 23 21
1630833442.405 60 24 36 29 29 23 20
1630833442.655 56 25 34 30 27 23 23
1630833442.907 58 26 37 29 29 24 23
1630833443.155 55 25 33 29 27 26 21
1630833443.405 58 26 36 28 27 24 20
1630833443.655 59 27 34 28 28 26 24
1630833443.905 56 25 35 29 26 24 21
1630833444.155 58 27 37 29 26 23 21
1630833444.405 55 26 33 29 27 23 22
1630833444.657 57 25 34 28 30 22 22
1630833444.905 56 26 35 29 27 23 22
1630833445.155 59 27 34 30 28 23 20
1630833445.405 55 25 37 28 27 23 20
1630833445.655 58 25 34 30 28 23 22
1630833445.905 56 26 37 30 28 22 21
1630833446.154 60 25 37 27 26 25 22
1630833446.405 58 25 35 28 29 22 21
1630833446.656 58 26 39 28 28 23 22
1630833446.908 57 25 35 28 27 23 21
1630833447.155 59 26 34 29 27 25 22
1630833447.405 56 26 36 30 28 22 22
1630833447.656 55 25 36 28 27 24 22
1630833447.908 54 25 35 30 28 22 22
1630833448.160 56 26 36 32 29 23 22
1630833448.410 55 27 34 29 31 24 21
1630833448.657 53 27 35 31 28 23 22
1630833448.905 58 24 34 30 29 25 24
1630833449.155 58 27 37 30 27 24 21
1630833449.406 56 26 37 29 29 23 22
1630833449.655 57 27 34 30 28 24 20
1630833449.905 59 26 33 30 29 23 23
1630833450.154 54 24 36 30 27 22 23
1630833450.405 57 25 34 30 27 24 23
1630833450.656 59 26 36 31 31 22 22
1630833450.904 55 24 32 27 29 23 22
1630833451.156 58 24 33 29 28 22 21
1630833451.409 56 24 33 30 28 24 24
1630833451.654 55 28 33 29 28 22 21
1630833451.905 57 27 33 27 28 24 23
1630833452.156 55 26 39 29 28 24 23
1630833452.404 55 26 34 29 32 24 22
1630833452.655 54 25 37 27 28 23 21
1630833452.908 51 26 35 27 29 24 21
1630833453.154 57 27 37 30 31 24 21
1630833453.405 57 27 33 28 27 23 22
1630833453.655 55 25 36 28 28 26 23
1630833453.905 58 27 33 30 27 24 22
1630833454.154 57 25 36 29 30 24 22
1630833454.405 57 26 33 30 29 24 24
1630833454.657 57 26 33 27 27 24 21
1630833454.905 58 26 36 28 29 28 22
1630833455.155 53 26 35 29 26 23 22
1630833455.404 57 26 37 30 26 24 22
1630833455.656 56 26 33 29 26 26 21
1630833455.907 56 26 35 31 25 24 23
1630833456.154 56 26 33 30 28 26 21
1630833456.405 57 25 34 29 27 22 22
1630833456.655 57 26 37 28 28 23 23
1630833456.908 55 27 36 29 27 23 22
1630833457.155 54 24 36 27 26 23 22
1630833457.410 57 26 35 28 27 22 22
1630833457.655 59 27 37 28 28 23 21
1630833457.905 58 26 36 29 29 23 23
1630833458.155 57 25 36 28 28 25 20
1630833458.405 55 29 37 27 27 23 24
1630833458.656 54 26 37 29 26 22 22
1630833458.905 58 25 34 28 29 25 23
1630833459.155 56 26 34 28 26 23 21
1630833459.405 56 28 35 28 26 22 20
1630833459.656 56 25 33 27 25 22 21
1630833459.906 59 26 35 27 24 24 21
1630833460.155 57 27 37 28 27 25 21
1630833460.405 58 26 35 29 25 23 21
1630833460.655 56 24 35 28 26 25 23
1630833460.906 54 25 34 29 23 26 22
1630833461.156 55 27 36 29 24 25 20
1630833461.405 57 27 35 27 26 24 20
1630833461.655 59 27 34 29 25 24 19
1630833461.905 55 24 34 29 25 25 21
1630833462.155 56 24 36 27 26 25 24
1630833462.404 56 25 35 27 25 24 22
1630833462.655 54 26 35 28 25 23 22
1630833462.905 58 27 38 29 28 24 22
1630833463.155 55 27 33 28 28 24 20
1630833463.405 55 26 35 29 28 24 21
1630833463.655 54 26 35 29 26 23 22
1630833463.904 56 24 39 30 27 24 20
1630833464.155 54 24 36 28 27 23 21
1630833464.405 58 24 34 28 24 26 21
1630833464.655 55 26 36 29 27 24 22
1630833464.904 56 27 34 28 25 23 23
1630833465.155 54 24 36 27 27 24 22
1630833465.407 56 27 35 28 26 23 22
1630833465.656 57 26 33 28 25 24 21
1630833465.905 56 28 36 29 28 24 21
1630833466.155 58 26 36 29 28 22 22
1630833466.406 56 28 36 27 26 24 20
1630833466.655 55 26 34 28 27 23 21
1630833466.906 54 24 37 29 27 23 21
1630833467.155 58 23 33 29 28 25 21
1630833467.405 57 24 34 26 25 24 22
1630833467.655 59 24 35 29 26 26 21
1630833467.906 55 26 35 29 27 25 22
1630833468.156 56 27 36 29 26 24 23
1630833468.406 56 26 35 28 28 25 20
1630833468.655 57 24 34 28 27 22 22
1630833468.907 55 26 36 28 27 23 21
1630833469.155 58 23 37 28 25 24 21
1630833469.406 54 23 34 27 28 24 22
1630833469.656 56 27 36 26 27 24 21
1630833469.905 54 26 34 30 26 21 20
1630833470.155 56 26 34 29 26 24 21
1630833470.406 58 27 35 28 28 23 22
1630833470.656 55 26 37 29 28 23 21
1630833470.909 55 27 35 30 25 25 21
1630833471.157 56 25 37 29 30 24 21
1630833471.408 58 26 36 29 27 23 21
1630833471.655 56 27 36 26 30 25 23
1630833471.906 58 26 35 27 29 25 20
1630833472.156 57 23 34 30 28 24 21
1630833472.406 58 26 35 29 28 25 20
1630833472.657 59 27 36 29 26 26 20
1630833472.910 56 26 35 29 28 25 22
1630833473.155 59 25 35 29 26 24 22
1630833473.406 54 24 35 28 26 24 21
1630833473.656 57 26 34 30 26 25 20
1630833473.905 58 26 35 29 25 27 22
1630833474.156 54 25 37 28 26 25 20
1630833474.406 58 26 37 27 25 21 21
1630833474.657 56 25 34 30 25 25 21
1630833474.906 56 25 34 28 27 23 24
1630833475.156 56 24 35 30 25 24 23
1630833475.406 58 27 35 27 27 23 22
1630833475.657 55 25 36 29 27 21 23
1630833475.908 57 25 35 28 29 24 21
1630833476.158 56 26 36 28 26 24 20
1630833476.405 56 26 37 29 27 27 22
1630833476.656 57 27 35 27 28 24 21
1630833476.906 55 27 36 28 25 25 20
1630833477.157 56 25 34 28 25 23 22
1630833477.409 58 27 36 28 29 25 22
1630833477.656 56 25 36 30 27 24 22
1630833477.906 56 27 37 28 27 25 24
1630833478.156 55 25 35 28 26 26 21
1630833478.406 56 25 34 29 27 25 21
1630833478.657 56 26 33 30 28 23 21
1630833478.907 56 25 37 30 28 23 20
1630833479.155 57 25 37 29 27 26 23
1630833479.406 54 27 35 27 28 25 21
1630833479.656 53 27 36 28 25 23 21
1630833479.906 55 26 36 28 27 23 21
1630833480.155 56 24 37 30 27 25 22
1630833480.408 57 27 35 27 27 24 21
1630833480.656 57 26 34 30 28 24 23
1630833480.906 61 25 33 29 26 23 21
1630833481.160 56 27 35 28 28 25 20
1630833481.410 56 24 36 30 25 24 20
1630833481.655 57 26 37 28 24 23 20
1630833481.906 55 25 35 27 25 22 22
1630833482.156 54 25 37 28 26 24 22
1630833482.406 57 24 35 32 25 23 23
1630833482.656 56 25 34 28 27 26 23
1630833482.907 57 26 35 29 30 23 22
1630833483.157 54 28 37 28 26 23 22
1630833483.407 55 26 38 28 27 23 23
1630833483.656 54 28 34 28 26 24 21
1630833483.906 54 25 36 28 25 22 23
1630833484.156 57 26 34 30 26 26 22
1630833484.406 54 26 36 30 26 22 20
1630833484.656 56 27 37 27 29 22 21
1630833484.905 57 27 35 28 26 22 22
1630833485.156 58 25 34 29 26 25 21
1630833485.406 55 26 36 29 28 23 22
1630833485.656 57 28 37 29 27 23 24
1630833485.907 60 29 36 28 26 22 21
1630833486.156 61 27 35 28 27 22 21
1630833486.408 57 25 36 28 27 22 23
1630833486.655 56 29 36 30 28 21 20
1630833486.906 58 28 37 28 29 23 21
1630833487.155 56 27 36 30 30 23 21
1630833487.405 56 27 35 29 29 23 20
1630833487.656 57 27 37 29 28 23 21
1630833487.906 51 25 37 28 28 23 22
1630833488.156 55 27 36 28 30 22 21
1630833488.407 56 27 37 27 28 23 20
1630833488.657 56 28 36 28 29 23 21
1630833488.906 55 25 35 30 28 24 20
1630833489.156 53 25 35 28 26 24 22
1630833489.406 55 25 35 29 29 24 22
1630833489.655 55 27 37 29 26 25 21
1630833489.906 57 24 36 27 26 22 22
1630833490.156 56 26 35 30 28 25 20
1630833490.406 57 25 35 28 27 22 20
1630833490.657 55 27 36 32 31 26 20
1630833490.907 58 25 35 29 29 23 24
1630833491.156 57 25 38 28 29 23 20
1630833491.406 55 25 35 28 27 24 22
1630833491.656 56 25 37 28 26 24 19
1630833491.906 57 26 36 27 29 23 20
1630833492.156 56 26 36 31 25 24 19
1630833492.406 56 25 36 29 29 22 21
1630833492.656 54 26 34 28 26 27 21
1630833492.906 56 26 35 26 26 23 20
1630833493.156 58 27 36 29 27 25 23
1630833493.405 57 26 34 27 24 23 20
1630833493.655 58 25 34 27 27 24 21
1630833493.906 58 24 38 28 26 25 21
1630833494.157 53 25 35 29 25 26 22
1630833494.405 56 27 34 31 27 24 21
1630833494.657 57 26 35 28 26 26 21
1630833494.906 57 27 38 29 25 26 21
1630833495.156 55 25 34 26 26 25 21
1630833495.406 56 26 36 29 27 25 21
1630833495.656 58 25 35 27 26 24 20
1630833495.906 57 25 36 29 29 26 22
1630833496.160 55 27 35 27 26 27 23
1630833496.407 56 28 36 26 26 25 21
1630833496.658 57 25 34 28 26 23 23
1630833496.906 58 25 36 26 27 24 21
1630833497.156 56 25 37 28 25 24 22
1630833497.407 54 25 35 31 26 26 23
1630833497.658 56 25 36 29 28 26 20
1630833497.909 56 24 35 28 25 25 22
1630833498.156 57 24 35 29 28 26 22
1630833498.405 55 25 35 28 25 25 23
1630833498.660 59 25 36 26 30 25 21
1630833498.907 56 26 35 28 25 23 21
1630833499.156 54 28 35 30 24 23 21
1630833499.406 58 25 35 28 27 24 21
1630833499.657 55 26 37 28 26 26 22
1630833499.910 58 26 35 29 27 24 22
1630833500.157 55 26 35 28 27 24 21
1630833500.406 59 27 36 30 26 28 21
1630833500.655 54 29 33 28 30 26 22
1630833500.907 54 25 34 27 26 24 23
1630833501.159 54 25 32 27 26 26 20
1630833501.407 61 25 35 26 28 24 21
1630833501.656 57 25 35 27 26 26 25
1630833501.906 59 26 35 29 28 26 21
1630833502.156 58 25 37 29 27 25 20
1630833502.406 58 28 38 30 26 26 22
1630833502.657 55 26 36 29 29 25 21
1630833502.908 55 25 36 27 26 24 21
1630833503.158 56 25 35 27 27 25 24
1630833503.408 57 25 37 27 28 26 23
1630833503.657 57 25 34 29 27 26 22
1630833503.906 54 24 35 27 25 24 20
1630833504.157 60 26 37 27 26 24 20
1630833504.408 56 26 36 27 25 25 21
1630833504.658 57 25 34 28 26 26 22
1630833504.907 59 27 36 29 26 26 20
1630833505.156 53 27 35 28 27 25 20
1630833505.407 56 26 36 29 25 26 21
1630833505.656 55 24 38 27 27 27 22
1630833505.907 56 25 38 31 26 26 21
1630833506.155 57 27 34 28 25 23 21
1630833506.407 56 25 35 28 29 24 21
1630833506.656 56 27 35 28 27 26 23
1630833506.906 54 28 36 29 27 25 22
1630833507.156 57 25 36 28 28 25 22
1630833507.406 55 26 35 30 26 25 21
1630833507.657 54 26 34 31 31 26 21
1630833507.906 58 27 37 29 28 24 21
1630833508.157 55 27 33 29 27 24 23
1630833508.408 55 26 36 28 27 22 23
1630833508.659 52 27 34 26 27 24 21
1630833508.906 57 26 34 27 27 24 23
1630833509.156 56 26 38 27 29 22 22
1630833509.406 56 26 37 28 28 24 21
1630833509.659 55 23 36 27 26 23 20
1630833509.906 54 26 36 31 27 25 23
1630833510.156 55 25 36 29 27 23 20
1630833510.406 58 28 37 27 28 24 23
1630833510.657 56 26 36 28 27 23 22
1630833510.906 56 27 35 29 26 25 23
1630833511.157 56 24 34 30 27 28 21
1630833511.407 57 26 36 29 25 26 21
1630833511.657 56 26 36 30 27 24 21
1630833511.907 53 28 36 29 25 26 22
1630833512.157 57 26 35 29 27 25 22
1630833512.406 57 25 34 29 28 23 21
1630833512.656 60 26 34 27 28 23 21
1630833512.906 53 26 35 30 28 25 22
1630833513.156 54 25 34 28 27 26 20
1630833513.406 59 26 36 29 26 23 22
1630833513.658 54 24 37 29 27 25 22
1630833513.908 58 25 36 28 29 23 21
1630833514.159 56 26 37 28 29 24 21
1630833514.412 55 25 34 29 29 26 23
1630833514.656 56 27 35 29 30 25 22
1630833514.907 56 26 34 28 27 23 23
1630833515.157 57 26 36 28 33 25 21
1630833515.407 60 26 36 30 29 22 23
1630833515.658 57 26 34 29 29 26 21
1630833515.909 56 25 35 28 29 25 21
1630833516.156 56 25 34 26 26 25 20
1630833516.407 55 23 35 30 27 22 21
1630833516.657 56 25 37 30 26 25 24
1630833516.907 55 24 37 29 29 23 21
1630833517.157 56 26 35 27 29 24 21
1630833517.407 56 25 34 27 26 25 21
1630833517.659 57 25 35 31 27 24 22
1630833517.907 57 25 37 27 29 22 20
1630833518.157 57 23 36 29 26 24 24
1630833518.407 59 23 36 29 25 23 21
1630833518.657 56 24 36 29 26 25 22
1630833518.906 55 26 37 28 26 25 21
1630833519.157 59 25 34 28 26 22 23
1630833519.407 59 26 34 29 26 25 23
1630833519.657 58 29 36 29 24 25 22
1630833519.907 57 27 39 29 26 24 21
1630833520.160 55 25 35 31 26 23 25
1630833520.411 59 26 38 28 26 26 21
1630833520.657 56 26 35 28 24 23 22
1630833520.907 56 24 35 27 25 23 21
1630833521.158 56 29 35 29 27 25 22
1630833521.406 57 25 36 32 28 25 22
1630833521.657 58 28 36 29 27 26 22
1630833521.908 54 26 37 29 26 22 21
1630833522.158 56 23 35 28 28 25 20
1630833522.407 56 25 35 29 28 23 20
1630833522.658 56 25 35 28 27 23 21
1630833522.912 56 26 36 28 27 24 23
1630833523.156 55 25 37 27 26 25 22
1630833523.407 57 25 37 28 27 24 23
1630833523.657 58 24 36 27 28 24 20
1630833523.907 58 26 35 29 28 24 22
1630833524.159 55 26 36 28 27 24 21
1630833524.407 56 25 36 29 27 25 22
1630833524.660 58 25 36 30 28 24 22
1630833524.907 56 25 35 29 26 22 22
1630833525.159 55 24 33 28 27 23 23
1630833525.408 55 27 35 28 26 24 21
1630833525.657 57 27 35 28 27 25 21
1630833525.908 55 24 35 29 26 24 20
1630833526.157 58 23 35 27 25 22 21
1630833526.407 57 25 36 29 27 24 21
1630833526.657 55 25 35 29 28 26 21
1630833526.908 56 25 37 28 27 24 21
1630833527.157 54 27 35 30 26 23 20
1630833527.407 56 24 34 30 26 23 20
1630833527.663 57 23 35 27 25 22 20
1630833527.910 56 24 35 27 27 24 21
1630833528.158 57 23 34 28 25 24 23
1630833528.408 58 25 33 30 25 23 22
1630833528.659 56 25 35 28 25 24 22
1630833528.912 59 26 32 29 27 23 20
1630833529.160 58 24 35 29 28 27 21
1630833529.406 55 25 36 28 29 24 21
1630833529.658 54 25 36 29 28 23 22
1630833529.907 58 24 35 28 27 25 21
1630833530.160 59 26 35 28 27 24 22
1630833530.407 57 29 34 29 28 26 24
1630833530.657 57 26 35 29 28 23 20
1630833530.907 55 26 36 28 25 29 23
1630833531.157 56 24 33 29 28 22 20
1630833531.407 59 25 34 32 26 26 21
1630833531.658 59 26 35 29 26 22 20
1630833531.909 55 24 33 29 27 22 20
1630833532.158 56 27 35 29 25 23 20
1630833532.407 55 24 34 32 24 25 20
1630833532.657 57 24 34 28 26 23 20
1630833532.907 54 23 35 27 25 23 21
1630833533.158 59 25 35 29 24 22 23
1630833533.407 58 25 35 30 25 24 22
1630833533.661 54 24 36 27 25 23 21
1630833533.911 54 23 35 29 26 24 23
1630833534.157 55 27 35 29 23 24 21
1630833534.407 57 24 36 27 24 22 23
1630833534.657 58 24 35 30 26 22 24
1630833534.907 57 25 35 28 26 23 21
1630833535.159 55 25 36 28 26 24 23
1630833535.408 53 26 35 29 28 22 21
1630833535.658 58 25 36 28 26 24 23
1630833535.909 55 24 34 27 24 22 20
1630833536.157 55 26 36 28 26 22 22
1630833536.407 56 24 34 28 23 23 21
1630833536.657 55 27 34 28 25 25 21
1630833536.907 55 26 36 29 27 23 21
1630833537.157 53 23 35 28 26 23 21
1630833537.407 59 23 35 28 24 22 22
1630833537.660 58 23 34 29 24 22 21
1630833537.909 54 26 35 32 24 24 21
1630833538.158 55 25 35 27 25 22 22
1630833538.408 57 26 34 29 24 24 20
1630833538.659 57 28 34 27 27 24 21
1630833538.911 58 25 34 30 25 23 21
1630833539.159 57 24 34 29 25 24 21
1630833539.408 56 24 37 27 24 23 21
1630833539.657 58 25 36 28 26 24 24
1630833539.908 57 24 36 29 28 24 22
1630833540.158 55 26 37 29 25 24 21
1630833540.408 56 24 36 27 26 23 21
1630833540.657 56 24 35 28 27 24 24
1630833540.908 57 25 36 30 26 24 22
1630833541.158 58 27 34 28 26 23 23
1630833541.407 57 25 35 27 26 21 21
1630833541.658 54 27 35 28 26 24 21
1630833541.908 53 25 36 28 27 21 20
1630833542.159 55 25 34 29 24 23 21
1630833542.410 59 26 35 29 24 22 22
1630833542.657 55 26 35 30 26 22 21
1630833542.907 56 24 36 29 26 24 20
1630833543.157 58 26 36 29 26 23 20
1630833543.408 56 25 33 28 26 24 20
1630833543.658 56 25 34 29 27 24 20
1630833543.908 57 25 35 30 26 27 20
1630833544.157 59 26 35 29 26 23 21
1630833544.407 57 26 34 27 27 23 21
1630833544.659 55 26 34 27 27 24 23
1630833544.907 54 27 34 30 26 23 20
1630833545.157 54 27 36 27 28 25 23
1630833545.408 56 28 33 28 25 23 21
1630833545.658 54 25 33 28 27 25 21
1630833545.908 58 26 35 28 28 24 22
1630833546.158 57 26 35 30 25 23 21
1630833546.408 57 25 35 28 27 23 22
1630833546.661 57 24 34 29 28 24 21
1630833546.907 57 23 34 28 28 22 21
1630833547.158 58 25 35 29 27 23 22
1630833547.407 56 27 36 28 28 26 21
1630833547.658 57 27 37 30 26 26 22
1630833547.909 56 26 35 27 28 25 20
1630833548.159 58 27 34 29 25 22 21
1630833548.408 54 32 35 29 24 24 22
1630833548.658 55 25 35 28 26 25 22
1630833548.908 57 24 37 29 26 26 22
1630833549.157 56 24 34 28 26 23 21
1630833549.409 58 25 36 27 24 22 21
1630833549.660 55 25 35 28 25 23 21
1630833549.908 55 24 34 30 26 23 22
1630833550.158 58 24 34 28 27 24 20
1630833550.408 56 25 36 29 29 23 20
1630833550.658 58 24 35 31 25 22 22
1630833550.908 58 25 37 29 27 25 20
1630833551.161 55 26 36 28 26 22 23
1630833551.408 56 27 37 29 26 23 22
1630833551.660 59 25 36 29 25 23 21
1630833551.908 54 26 34 29 27 24 22
1630833552.159 55 26 36 27 25 24 22
1630833552.408 56 23 37 29 25 23 20
1630833552.659 55 25 36 28 27 23 21
1630833552.908 56 26 35 27 27 24 21
1630833553.162 58 26 36 28 26 23 21
1630833553.408 58 26 36 30 26 24 21
1630833553.657 55 25 36 29 29 24 21
1630833553.911 58 25 35 29 25 24 21
1630833554.158 60 25 36 28 27 25 20
1630833554.410 54 24 34 28 25 25 19
1630833554.658 57 26 35 28 28 24 21
1630833554.908 57 25 36 29 25 23 20
1630833555.158 55 27 35 28 26 25 21
1630833555.409 54 26 34 30 26 23 21
1630833555.661 56 25 35 29 25 26 21
1630833555.907 55 27 36 28 26 23 20
1630833556.158 56 25 35 27 24 24 23
1630833556.411 58 25 35 28 26 23 21
1630833556.660 55 26 37 27 26 22 22
1630833556.908 55 27 34 28 25 26 22
1630833557.158 59 25 34 29 26 24 23
1630833557.408 56 25 36 30 27 23 21
1630833557.658 57 25 34 30 27 24 22
1630833557.908 58 29 36 29 26 24 22
1630833558.158 56 27 35 29 28 22 22
1630833558.410 56 26 35 28 27 24 20
1630833558.658 56 26 36 28 28 25 21
1630833558.908 56 24 36 26 28 23 22
1630833559.159 55 27 36 28 27 22 20
1630833559.410 56 25 34 29 27 26 21
1630833559.660 55 24 35 32 25 23 22
1630833559.908 59 24 38 29 25 25 21
1630833560.158 54 26 35 28 25 23 21
1630833560.408 58 24 35 28 26 23 22
1630833560.662 53 27 37 29 27 24 22
1630833560.908 55 24 36 28 26 26 24
1630833561.160 56 27 33 27 27 23 21
1630833561.409 58 27 33 28 24 23 22
1630833561.658 54 25 37 29 25 22 21
1630833561.908 56 24 34 28 24 23 22
1630833562.158 57 25 33 29 25 24 20
1630833562.408 59 25 34 27 26 25 20
1630833562.658 54 24 33 27 26 23 20
1630833562.909 56 24 35 27 25 26 22
1630833563.158 58 26 35 28 27 22 21
1630833563.409 57 24 35 28 26 23 21
1630833563.662 56 25 34 28 25 24 22
1630833563.908 57 28 35 29 26 24 21
1630833564.158 54 25 35 29 26 22 21
1630833564.408 53 24 35 31 27 24 21
1630833564.659 57 24 34 27 26 23 24
1630833564.909 55 24 37 27 25 23 20
1630833565.158 58 25 36 27 26 24 21
1630833565.409 58 28 36 28 26 22 22
1630833565.658 56 25 36 28 25 22 21
1630833565.911 55 24 34 31 28 23 22
1630833566.158 56 24 35 28 26 23 21
1630833566.408 55 23 37 29 27 23 22
1630833566.659 56 24 36 28 26 22 21
1630833566.909 54 26 36 28 25 23 23
1630833567.158 58 25 34 31 28 24 21
1630833567.409 57 23 36 28 26 22 22
1630833567.660 54 25 37 28 26 23 23
1630833567.908 55 26 35 28 27 23 21
1630833568.158 57 24 37 28 26 25 20
1630833568.409 54 25 36 27 28 24 23
1630833568.658 55 28 35 29 26 23 23
1630833568.908 57 27 35 30 27 24 22
1630833569.158 56 25 35 27 26 24 23
1630833569.408 56 24 33 28 29 24 21
1630833569.658 54 24 35 28 26 23 24
1630833569.909 57 25 34 29 25 22 21
1630833570.158 57 27 34 28 26 22 22
1630833570.409 57 27 35 28 25 24 22
1630833570.658 55 25 37 29 25 22 23
1630833570.908 55 28 35 29 26 26 20
1630833571.158 55 26 36 30 25 25 20
1630833571.408 54 23 35 30 26 23 21
1630833571.658 57 28 34 29 27 24 21
1630833571.909 57 22 37 27 28 26 21
1630833572.158 58 27 34 28 27 24 19
1630833572.411 56 25 36 26 26 24 21
1630833572.660 54 24 35 29 27 23 20
1630833572.909 57 27 35 29 24 22 20
1630833573.158 58 26 34 28 24 22 21
1630833573.410 55 26 33 26 26 23 21
1630833573.660 56 24 37 28 25 23 22
1630833573.909 57 25 36 27 24 23 22
1630833574.161 58 27 35 28 25 24 22
1630833574.408 58 27 36 27 24 23 21
1630833574.659 61 27 36 27 25 24 20
1630833574.908 55 26 36 30 27 23 22
1630833575.159 56 25 35 28 24 23 22
1630833575.409 57 25 35 28 25 24 23
1630833575.659 58 26 32 27 26 24 22
1630833575.909 56 23 35 28 27 23 22
1630833576.159 58 26 37 28 28 23 22
1630833576.409 56 26 36 30 28 23 20
1630833576.660 55 24 34 30 26 23 21
1630833576.914 58 28 34 28 26 25 20
1630833577.158 57 23 35 29 26 25 21
1630833577.408 56 27 36 29 26 23 22
1630833577.659 55 24 37 28 26 24 21
1630833577.909 55 26 34 28 23 23 21
1630833578.158 56 25 36 31 24 23 21
1630833578.408 55 26 32 28 26 22 21
1630833578.660 55 23 36 29 26 22 23
1630833578.910 55 26 34 28 25 26 21
1630833579.158 55 25 34 28 27 26 23
1630833579.412 56 25 35 29 28 24 23
1630833579.659 56 27 37 28 27 24 21
1630833579.909 56 27 35 28 27 24 22
1630833580.158 54 23 35 28 28 23 20
1630833580.410 57 25 37 29 27 23 22
1630833580.661 56 25 35 29 27 23 20
1630833580.911 56 26 37 32 28 23 20
1630833581.159 57 24 34 28 24 24 20
1630833581.410 58 26 36 30 26 25 21
1630833581.658 54 27 36 29 25 24 20
1630833581.909 56 23 35 28 26 24 21
1630833582.160 56 25 37 32 27 23 21
1630833582.408 58 26 39 29 27 23 20
1630833582.659 57 25 36 29 27 22 21
1630833582.909 56 25 36 30 25 24 22
1630833583.158 54 26 35 34 26 22 22
1630833583.411 56 26 35 30 26 22 22
1630833583.662 55 25 37 30 25 22 20
1630833583.908 54 26 36 28 26 23 22
1630833584.159 57 25 35 28 27 24 22
1630833584.408 55 25 33 32 27 25 20
1630833584.658 57 25 36 30 27 24 21
1630833584.911 55 28 35 31 26 24 22
1630833585.159 55 24 35 29 28 23 21
1630833585.410 54 24 35 30 25 22 22
1630833585.660 57 25 36 28 24 24 22
1630833585.909 56 25 38 30 26 22 21
1630833586.159 58 24 35 29 26 23 22
1630833586.408 57 25 37 29 27 24 21
1630833586.659 57 27 36 28 26 24 22
1630833586.909 56 25 33 28 26 23 21
1630833587.159 56 26 36 31 25 24 21
1630833587.409 58 25 37 28 24 24 22
1630833587.659 54 26 33 29 27 23 22
1630833587.909 56 25 37 29 26 23 24
1630833588.159 53 24 35 29 27 24 21
1630833588.408 56 25 35 28 26 24 22
1630833588.659 56 25 35 27 27 24 22
1630833588.911 57 25 35 28 26 26 21
1630833589.158 56 26 34 31 26 22 21
1630833589.410 55 26 34 28 26 23 22
1630833589.660 57 26 36 29 25 24 22
1630833589.908 57 26 36 28 25 25 20
1630833590.159 59 26 34 28 26 24 20
1630833590.409 58 28 35 30 26 24 22
1630833590.659 55 24 35 28 26 23 23
1630833590.911 56 26 34 29 25 24 22
1630833591.159 57 25 35 28 26 24 21
1630833591.410 54 25 34 31 27 21 21
1630833591.658 57 24 35 30 26 22 21
1630833591.909 57 24 36 28 25 24 22
1630833592.159 57 24 35 28 26 24 23
1630833592.409 56 27 37 29 25 23 20
1630833592.661 55 25 38 29 25 23 21
1630833592.909 56 24 34 28 26 23 22
1630833593.158 56 26 35 28 27 22 24
1630833593.408 59 26 36 29 25 23 20
1630833593.659 59 26 34 29 23 25 21
1630833593.909 54 25 35 28 25 25 20
1630833594.159 56 25 37 26 25 22 21
1630833594.409 56 26 36 28 27 24 19
1630833594.658 55 26 36 29 27 22 21
1630833594.908 56 26 36 29 29 23 21
1630833595.161 58 25 34 27 28 24 23
1630833595.409 57 28 38 29 26 23 21
1630833595.659 58 27 36 29 27 25 21
1630833595.910 57 26 36 28 26 25 21
1630833596.158 54 25 33 29 25 25 24
1630833596.408 59 24 37 31 26 22 20
1630833596.661 55 25 34 29 28 25 21
1630833596.910 58 25 36 28 27 23 22
1630833597.159 58 22 35 26 26 24 21
1630833597.409 55 24 33 28 27 23 22
1630833597.658 57 27 37 29 28 25 23
1630833597.909 57 27 38 28 26 24 20
1630833598.163 58 27 35 28 26 25 21
1630833598.409 56 26 35 26 26 25 20
1630833598.663 57 24 36 29 24 27 24
1630833598.909 58 24 35 29 26 25 22
1630833599.160 57 24 35 28 25 25 21
1630833599.409 55 23 35 27 26 26 21
1630833599.659 60 24 36 28 27 23 22
1630833599.909 56 24 35 29 25 26 21
1630833600.163 56 25 37 28 27 26 24
1630833600.410 57 24 35 30 26 24 20
1630833600.660 56 26 34 28 25 24 22
1630833600.910 55 24 37 31 26 25 21
1630833601.159 57 26 35 28 27 26 22
1630833601.410 56 26 35 29 27 24 21
1630833601.659 57 24 36 28 25 25 25
1630833601.909 54 24 35 29 27 25 22
1630833602.159 57 23 36 30 27 23 21
1630833602.410 56 25 35 31 25 23 21
1630833602.659 57 23 36 29 26 26 21
1630833602.910 57 24 35 29 27 28 21
1630833603.163 56 25 35 29 26 27 21
1630833603.412 54 24 36 28 25 24 20
1630833603.660 55 25 34 27 27 23 21
1630833603.910 58 26 35 29 27 24 21
1630833604.159 53 25 36 28 24 23 20
1630833604.410 56 26 36 26 26 24 23
1630833604.663 56 25 35 29 25 25 22
1630833604.910 56 26 34 29 25 25 21
1630833605.161 55 25 36 29 26 24 22
1630833605.409 56 25 35 29 26 25 22
1630833605.660 58 24 34 30 26 24 21
1630833605.910 57 25 34 28 25 24 22
1630833606.160 58 28 36 31 26 26 21
1630833606.411 55 25 36 29 24 27 21
1630833606.659 52 25 38 28 27 25 24
1630833606.910 55 26 35 29 27 25 24
1630833607.159 61 26 35 29 26 26 23
1630833607.410 54 26 35 28 26 25 22
1630833607.659 58 27 36 28 28 26 23
1630833607.911 55 27 36 28 26 25 20
1630833608.161 56 25 37 28 25 25 20
1630833608.409 54 26 34 28 26 26 23
1630833608.660 57 25 34 29 27 26 21
1630833608.910 58 26 35 28 26 26 20
1630833609.161 56 25 35 28 27 24 21
1630833609.410 57 24 37 28 27 25 21
1630833609.659 59 24 34 31 26 25 20
1630833609.909 55 24 34 28 27 26 21
1630833610.160 55 27 37 30 27 25 21
1630833610.410 57 26 37 27 23 25 20
1630833610.661 58 25 35 28 24 24 21
1630833610.909 59 23 36 28 26 25 22
1630833611.159 57 26 35 30 26 24 22
1630833611.410 56 25 36 30 27 25 20
1630833611.660 56 26 36 28 26 24 21
1630833611.910 56 24 35 28 27 23 21
1630833612.167 55 24 34 31 25 24 21
1630833612.412 58 26 36 29 26 25 23
1630833612.659 58 26 35 27 26 25 20
1630833612.909 56 25 37 28 29 24 20
1630833613.159 54 25 35 28 25 25 21
1630833613.410 58 27 36 29 26 25 24
1630833613.661 57 25 35 29 25 24 21
1630833613.911 57 26 35 31 26 25 22
1630833614.160 58 26 36 27 26 25 22
1630833614.410 57 24 35 29 26 26 21
1630833614.661 59 27 34 30 29 24 22
1630833614.913 56 25 35 31 25 25 22
1630833615.159 54 26 35 27 25 25 21
1630833615.410 57 24 35 29 28 26 22
1630833615.660 54 27 35 30 26 25 22
1630833615.911 54 27 34 29 27 25 20
1630833616.160 58 27 36 30 26 25 22
1630833616.410 55 24 36 30 27 25 21
1630833616.659 56 25 34 31 25 26 22
1630833616.909 56 25 35 30 27 27 21
1630833617.160 59 25 33 28 26 26 21
1630833617.410 55 25 34 28 25 25 23
1630833617.660 57 26 34 29 27 27 20
1630833617.910 58 28 34 29 26 25 21
1630833618.160 56 27 34 29 24 26 20
1630833618.410 55 24 36 28 27 24 20
1630833618.661 55 28 35 28 28 27 25
1630833618.911 54 26 37 28 23 25 22
1630833619.160 56 27 36 30 25 25 22
1630833619.410 57 23 34 29 25 24 21
1630833619.661 58 26 36 28 25 25 20
1630833619.909 59 25 36 29 25 24 22
1630833620.160 55 25 34 28 26 23 20
1630833620.411 56 25 35 30 26 24 21
1630833620.660 56 24 35 29 26 24 21
1630833620.910 59 25 34 30 26 25 22
1630833621.159 58 22 37 28 27 25 21
1630833621.410 55 24 37 30 26 24 23
1630833621.660 59 27 34 28 24 23 23
1630833621.912 60 26 36 28 26 25 20
1630833622.160 56 27 36 29 25 26 21
1630833622.410 55 28 37 29 24 25 21
1630833622.659 56 28 37 29 24 26 21
1630833622.909 57 26 35 31 26 24 21
1630833623.160 57 25 34 28 27 23 22
1630833623.409 56 26 37 30 25 25 22
1630833623.660 54 26 36 28 25 25 21
1630833623.909 56 26 35 31 26 26 21
1630833624.160 58 27 35 28 28 26 21
1630833624.411 56 27 34 29 26 25 21
1630833624.659 55 25 35 30 26 25 22
1630833624.915 56 24 36 28 26 28 20
1630833625.163 54 26 36 32 25 26 21
1630833625.409 56 25 35 27 26 25 20
1630833625.660 56 26 34 30 25 24 19
1630833625.910 56 26 36 28 26 27 23
1630833626.160 54 27 34 29 27 23 20
1630833626.411 59 25 35 28 25 25 22
1630833626.661 57 25 34 30 24 27 21
1630833626.911 57 26 34 28 27 26 22
1630833627.161 57 27 35 28 26 26 23
1630833627.411 58 25 35 29 26 26 21
1630833627.661 58 24 34 29 26 24 23
1630833627.910 56 25 36 28 26 27 21
1630833628.160 56 26 39 28 26 25 21
1630833628.411 56 24 35 28 26 25 22
1630833628.663 57 25 34 28 25 26 22
1630833628.915 53 26 37 29 26 25 20
1630833629.161 56 24 34 29 27 24 20
1630833629.410 56 24 39 28 26 24 22
1630833629.661 57 24 35 28 26 24 22
1630833629.911 56 26 34 28 26 24 22
1630833630.162 57 25 37 29 26 24 21
1630833630.413 54 25 34 29 27 24 22
1630833630.663 56 23 36 29 29 24 21
1630833630.911 55 24 35 28 25 24 22
1630833631.163 54 25 35 28 26 23 22
1630833631.412 57 25 34 28 25 24 22
1630833631.660 57 24 36 30 27 27 21
1630833631.915 57 28 35 31 27 24 21
1630833632.161 56 26 35 28 26 23 22
1630833632.410 55 26 34 29 25 25 24
1630833632.660 57 28 33 28 26 25 23
1630833632.909 57 26 37 28 27 25 20
1630833633.162 59 25 34 30 25 26 21
1630833633.413 57 25 36 29 26 24 20
1630833633.661 57 24 35 29 28 23 21
1630833633.911 54 25 35 30 25 25 21
1630833634.160 54 25 36 28 27 24 23
1630833634.411 59 25 36 28 26 26 21
1630833634.660 57 25 36 29 27 25 24
1630833634.911 53 25 35 27 24 24 20
1630833635.161 56 24 34 29 27 23 21
1630833635.415 58 23 35 26 27 26 22
1630833635.660 55 25 33 27 26 25 21
1630833635.910 55 27 35 28 24 24 20
1630833636.160 56 24 35 29 28 24 21
1630833636.411 56 23 36 29 26 24 22
1630833636.660 58 26 34 29 27 23 21
1630833636.912 56 26 39 30 25 25 20
1630833637.161 54 25 34 27 28 25 22
1630833637.412 57 24 36 29 24 25 21
1630833637.660 55 27 34 30 25 26 21
1630833637.910 58 25 36 31 24 25 21
1630833638.160 57 24 37 28 26 26 20
1630833638.411 59 26 37 31 26 26 22
1630833638.666 58 25 36 30 23 25 21
1630833638.911 55 28 36 31 26 25 22
1630833639.160 56 26 36 29 27 25 22
1630833639.411 54 25 36 29 26 25 22
1630833639.660 55 25 36 30 25 24 21
1630833639.911 55 26 35 30 29 25 21
1630833640.161 55 26 38 31 27 26 20
1630833640.412 55 26 35 27 25 26 22
1630833640.660 56 24 35 27 26 26 21
1630833640.910 55 27 36 28 26 25 22
1630833641.163 56 23 34 31 25 24 22
1630833641.411 56 26 35 29 25 24 22
1630833641.660 57 24 38 27 24 22 20
1630833641.910 56 25 37 29 26 24 22
1630833642.160 58 26 36 29 28 26 22
1630833642.410 58 25 35 29 25 24 22
1630833642.660 54 25 37 28 26 23 20
1630833642.911 58 27 37 29 26 25 20
1630833643.164 54 25 36 29 25 27 21
1630833643.411 56 25 35 29 27 27 21
1630833643.660 55 24 34 30 26 25 21
1630833643.911 54 25 35 28 25 27 22
1630833644.161 55 26 35 28 26 25 21
1630833644.410 59 27 37 28 26 25 22
1630833644.660 56 26 36 28 26 24 21
1630833644.912 57 26 36 28 25 25 23
1630833645.160 57 28 37 30 26 25 21
1630833645.410 59 26 35 28 27 25 22
1630833645.660 56 24 35 28 25 23 23
1630833645.910 55 26 36 28 25 23 21
1630833646.161 56 27 37 30 26 23 21
1630833646.411 58 26 36 28 25 26 22
1630833646.660 53 25 33 29 26 25 22
1630833646.910 58 26 38 28 25 23 24
1630833647.160 54 26 34 29 26 25 20
1630833647.410 58 25 36 30 27 23 21
1630833647.660 59 25 35 28 26 25 21
1630833647.912 54 28 34 29 26 25 22
1630833648.161 54 27 34 27 27 24 22
1630833648.410 54 26 35 30 26 25 21
1630833648.660 57 26 36 28 25 23 19
1630833648.910 55 25 33 29 25 25 21
1630833649.161 57 24 35 31 26 24 21
1630833649.411 55 26 35 29 25 23 20
1630833649.660 56 27 37 29 26 25 20
1630833649.911 54 24 37 29 25 22 20
1630833650.160 57 26 36 30 26 26 23
1630833650.410 56 26 36 32 24 23 21
1630833650.660 57 25 34 29 25 26 21
1630833650.910 55 25 36 31 28 25 20
1630833651.160 56 23 35 30 26 24 22
1630833651.411 55 25 34 29 27 27 22
1630833651.662 56 26 37 29 27 25 22
1630833651.911 59 27 36 28 26 23 22
1630833652.161 55 25 33 28 27 25 20
1630833652.411 53 23 35 28 30 28 20
1630833652.661 58 26 37 28 27 24 20
1630833652.912 57 25 35 28 26 26 22
1630833653.161 56 25 36 27 28 25 22
1630833653.413 56 25 35 29 25 24 22
1630833653.662 56 25 35 30 24 23 20
1630833653.910 54 24 33 26 25 25 22
1630833654.161 56 25 35 28 27 27 22
1630833654.410 57 24 35 31 26 24 21
1630833654.660 59 26 34 31 28 25 20
1630833654.912 54 24 36 27 26 25 20
1630833655.161 58 25 35 30 27 27 23
1630833655.416 58 28 35 29 26 24 21
1630833655.661 57 25 36 29 27 23 22
1630833655.915 56 26 35 27 27 25 21
1630833656.166 58 28 34 30 26 25 21
1630833656.412 55 23 34 29 28 24 21
1630833656.661 57 26 35 27 25 24 22
1630833656.911 55 24 34 28 28 24 21
1630833657.161 57 25 35 28 26 26 21
1630833657.410 58 25 33 29 26 24 22
1630833657.660 54 23 34 28 26 24 21
1630833657.913 53 24 35 29 26 26 20
1630833658.163 56 27 36 29 26 25 21
1630833658.412 55 24 35 29 29 28 20
1630833658.663 53 28 35 28 25 25 22
1630833658.912 54 25 35 30 27 25 21
1630833659.161 55 25 37 27 26 24 21
1630833659.412 56 25 34 31 26 24 21
1630833659.665 56 24 36 30 28 24 20
1630833659.911 58 24 36 28 25 24 22
1630833660.160 56 25 36 28 28 24 22
1630833660.412 59 25 37 29 27 26 22
1630833660.662 58 25 35 28 28 24 23
1630833660.910 57 25 36 30 27 24 22
1630833661.163 57 26 37 30 27 26 22
1630833661.413 55 25 36 26 26 24 23
1630833661.660 56 25 35 28 25 25 20
1630833661.910 56 26 35 25 24 25 20
1630833662.162 55 24 35 28 26 25 21
1630833662.410 57 24 34 27 26 24 21
1630833662.661 56 27 35 28 26 22 20
1630833662.911 57 27 35 27 26 24 22
1630833663.162 57 25 37 28 26 24 20
1630833663.412 56 26 34 31 27 25 22
1630833663.662 55 24 36 27 25 25 21
1630833663.912 57 28 35 28 25 24 20
1630833664.161 55 25 36 27 25 23 22
1630833664.413 58 26 35 29 25 23 21
1630833664.661 60 27 35 29 26 24 22
1630833664.911 56 26 35 27 26 21 20
1630833665.161 57 26 37 27 25 25 21
1630833665.411 53 25 36 29 27 23 18
1630833665.663 56 26 37 27 26 24 21
1630833665.911 56 27 33 26 25 22 21
1630833666.161 56 26 33 27 26 23 19
1630833666.411 57 30 35 27 25 23 19
1630833666.662 59 28 36 28 26 23 21
1630833666.911 56 26 38 27 25 24 20
1630833667.163 56 27 34 27 26 25 20
1630833667.411 59 26 37 28 26 22 20
1630833667.662 56 26 35 28 25 25 21
1630833667.911 57 27 38 27 25 22 21
1630833668.161 57 25 36 28 27 22 20
1630833668.412 57 26 37 28 27 24 21
1630833668.664 58 27 37 29 24 23 21
1630833668.913 58 24 37 27 25 24 20
1630833669.161 56 29 37 30 25 24 19
1630833669.411 55 28 36 27 26 24 20
1630833669.663 56 28 36 26 25 24 21
1630833669.912 56 26 37 26 25 23 19
1630833670.161 57 27 35 28 24 23 20
