1634224030.263 55 50 35 35 29 21 19
1634224030.517 55 49 38 34 29 20 21
1634224030.764 54 50 35 34 26 21 22
1634224031.015 56 49 36 35 25 20 19
1634224031.271 55 47 35 36 25 20 20
1634224031.517 54 47 36 35 27 21 21
1634224031.763 55 47 36 34 25 21 19
1634224032.014 55 50 37 34 27 22 21
1634224032.265 58 49 37 35 25 21 19
1634224032.517 54 47 37 35 27 21 18
1634224032.764 56 50 35 35 26 23 19
1634224033.026 57 49 35 34 25 22 21
1634224033.268 53 51 36 34 29 22 21
1634224033.513 59 49 37 32 27 21 21
1634224033.767 56 52 36 33 27 22 20
1634224034.014 55 50 36 33 26 21 25
1634224034.264 55 47 35 34 24 19 20
1634224034.518 57 49 35 34 27 20 22
1634224034.763 56 48 36 34 28 20 18
1634224035.013 55 48 36 34 26 22 21
1634224035.264 54 50 36 34 26 22 21
1634224035.514 57 49 36 34 27 21 20
1634224035.764 57 49 36 34 26 21 21
1634224036.025 53 49 36 37 26 21 19
1634224036.268 57 50 34 35 28 19 20
1634224036.517 56 50 37 35 28 21 21
1634224036.763 56 46 35 34 26 19 19
1634224037.015 54 49 36 36 24 20 24
1634224037.268 56 50 37 37 25 22 21
1634224037.514 57 50 34 33 28 21 20
1634224037.764 56 48 36 36 28 20 21
1634224038.014 56 49 35 33 25 22 20
1634224038.264 55 47 35 34 28 24 20
1634224038.518 55 48 36 33 27 20 18
1634224038.765 56 48 36 34 26 20 18
1634224039.014 53 50 36 34 27 21 21
1634224039.265 55 50 36 33 27 21 19
1634224039.514 54 49 35 33 26 22 22
1634224039.765 55 49 36 34 26 22 22
1634224040.016 57 47 37 34 28 22 20
1634224040.264 57 51 35 35 28 22 19
1634224040.513 56 48 36 34 27 21 18
1634224040.772 57 50 37 34 25 20 22
1634224041.015 57 50 35 34 27 22 20
1634224041.265 56 48 36 35 26 22 19
1634224041.517 56 50 36 36 25 22 21
1634224041.765 52 49 38 38 26 21 18
1634224042.013 54 49 36 33 25 20 19
1634224042.264 54 50 36 35 28 21 20
1634224042.514 57 48 37 34 27 21 23
1634224042.765 56 50 37 37 27 21 19
1634224043.013 54 48 36 33 27 22 21
1634224043.265 57 50 36 36 29 21 21
1634224043.515 55 48 38 36 28 23 21
1634224043.764 54 49 35 36 25 22 22
1634224044.016 56 49 36 34 27 22 20
1634224044.264 56 49 37 33 26 20 24
1634224044.514 54 47 35 35 26 23 19
1634224044.764 56 51 34 34 27 21 21
1634224045.015 52 48 36 36 27 19 20
1634224045.266 55 47 35 35 25 20 21
1634224045.513 57 48 35 36 26 21 20
1634224045.764 55 49 35 33 27 21 18
1634224046.028 55 49 36 36 25 22 23
1634224046.267 58 52 37 33 27 20 20
1634224046.514 55 50 37 37 27 21 20
1634224046.764 56 48 36 32 26 22 19
1634224047.014 55 49 35 35 26 20 20
1634224047.264 53 50 36 35 26 22 22
1634224047.513 55 50 35 34 26 20 19
1634224047.764 57 50 35 34 26 20 20
1634224048.017 55 49 36 34 27 22 21
1634224048.271 54 50 35 34 26 20 20
1634224048.513 57 47 35 33 29 22 20
1634224048.764 55 52 36 34 27 20 19
1634224049.017 54 49 38 35 25 22 19
1634224049.264 57 49 35 35 28 21 21
1634224049.513 53 48 37 34 24 20 21
1634224049.764 54 50 35 34 26 21 19
1634224050.015 57 49 37 36 25 20 21
1634224050.265 54 48 37 34 25 21 20
1634224050.515 56 48 35 34 26 22 20
1634224050.764 57 47 35 35 28 21 21
1634224051.019 55 48 39 34 28 22 19
1634224051.265 56 47 35 35 27 21 18
1634224051.530 56 50 35 36 28 19 19
1634224051.775 55 47 36 35 27 21 23
1634224052.014 57 47 37 33 25 24 20
1634224052.269 57 47 37 34 27 22 21
1634224052.520 54 49 38 32 27 21 20
1634224052.765 56 49 37 35 27 21 20
1634224053.016 56 50 36 34 26 22 20
1634224053.266 55 49 37 34 28 20 19
1634224053.514 55 48 36 34 29 22 21
1634224053.765 57 49 36 35 26 24 20
1634224054.030 53 48 36 31 27 22 20
1634224054.266 55 48 36 34 27 22 21
1634224054.515 55 48 37 34 27 22 22
1634224054.768 56 50 35 34 27 20 21
1634224055.024 57 48 36 37 26 19 21
1634224055.264 56 47 36 37 25 19 19
1634224055.514 53 48 38 34 26 23 19
1634224055.769 55 49 35 37 28 21 20
1634224056.015 57 51 36 33 27 20 19
1634224056.264 57 48 36 33 30 21 22
1634224056.516 57 49 36 36 27 22 24
1634224056.765 55 49 37 35 27 22 19
1634224057.015 53 48 36 34 28 21 20
1634224057.267 54 49 35 36 25 21 20
1634224057.515 57 48 36 36 28 20 21
1634224057.764 58 47 36 37 26 20 19
1634224058.015 55 50 36 34 27 21 20
1634224058.270 58 49 37 33 25 22 19
1634224058.515 56 50 36 36 27 21 20
1634224058.765 56 49 36 34 27 21 19
1634224059.015 57 49 39 35 27 23 21
1634224059.266 55 49 36 34 24 22 18
1634224059.516 54 50 35 37 28 21 21
1634224059.765 57 49 34 34 29 21 20
1634224060.016 57 49 36 34 27 19 20
1634224060.265 56 48 36 33 26 21 21
1634224060.514 56 49 36 36 27 22 21
1634224060.764 55 50 35 34 26 20 19
1634224061.014 57 49 36 34 30 19 20
1634224061.265 57 48 36 33 27 20 18
1634224061.514 54 49 35 34 26 20 18
1634224061.768 55 50 36 34 29 22 20
1634224062.018 56 49 36 37 28 20 20
1634224062.265 55 48 37 33 28 21 19
1634224062.515 58 50 35 36 25 20 21
1634224062.765 57 49 36 35 27 22 21
1634224063.017 54 49 37 33 28 19 20
1634224063.265 53 48 38 37 27 21 22
1634224063.517 58 48 36 38 28 21 22
1634224063.789 56 50 36 35 29 22 21
1634224064.015 55 49 39 35 27 21 22
1634224064.264 55 48 35 33 26 21 21
1634224064.516 56 48 35 34 27 23 22
1634224064.767 56 49 35 36 29 22 21
1634224065.016 55 49 38 35 25 24 21
1634224065.266 59 50 36 35 26 24 22
1634224065.516 55 49 36 33 25 22 21
1634224065.766 56 49 36 35 27 23 21
1634224066.018 56 48 36 33 25 20 19
1634224066.267 55 47 38 34 28 23 20
1634224066.515 54 49 35 34 30 22 19
1634224066.766 56 50 36 35 27 20 20
1634224067.018 54 50 36 33 25 21 22
1634224067.265 53 48 36 36 27 21 20
1634224067.519 55 48 36 34 26 20 20
1634224067.767 58 49 38 35 28 21 20
1634224068.017 55 48 37 34 28 21 18
1634224068.267 53 47 37 34 27 21 19
1634224068.515 56 50 36 32 25 19 21
1634224068.768 54 49 36 33 27 22 20
1634224069.016 57 49 35 34 29 20 22
1634224069.266 54 47 38 36 26 20 21
1634224069.518 56 47 36 33 29 22 20
1634224069.765 56 48 37 33 28 19 19
1634224070.015 55 48 36 33 28 20 21
1634224070.284 54 46 37 32 26 20 20
1634224070.516 55 52 37 35 27 21 18
1634224070.765 53 49 34 34 28 21 19
1634224071.016 54 48 35 34 26 23 21
1634224071.265 53 49 35 39 27 21 21
1634224071.515 57 51 36 35 27 20 21
1634224071.767 55 50 35 34 25 21 21
1634224072.017 55 50 37 36 25 20 20
1634224072.266 55 50 37 36 28 24 23
1634224072.517 58 49 36 34 27 22 19
1634224072.766 57 48 36 35 26 21 21
1634224073.016 55 52 35 35 27 22 19
1634224073.266 53 48 37 37 31 22 22
1634224073.517 56 48 37 33 26 22 21
1634224073.765 54 49 36 35 27 22 21
1634224074.016 54 46 37 34 28 22 21
1634224074.269 53 48 35 34 28 23 22
1634224074.515 55 49 36 35 26 22 20
1634224074.768 56 54 36 34 27 23 19
1634224075.015 57 47 37 33 27 25 21
1634224075.270 57 48 36 34 27 24 20
1634224075.517 55 49 37 34 28 22 21
1634224075.766 52 49 38 35 26 20 20
1634224076.023 57 51 38 36 26 20 21
1634224076.265 56 50 36 33 26 22 22
1634224076.516 55 47 35 33 28 23 20
1634224076.767 54 49 36 32 28 22 23
1634224077.019 56 50 36 34 27 21 21
1634224077.266 56 49 37 35 28 23 20
1634224077.527 56 48 35 34 26 22 20
1634224077.772 56 47 37 33 29 21 21
1634224078.018 56 49 36 34 27 21 22
1634224078.270 55 50 36 35 27 21 22
1634224078.515 57 48 35 32 29 22 21
1634224078.778 58 48 36 37 27 24 20
1634224079.015 56 48 36 37 28 22 20
1634224079.265 55 49 36 34 27 21 21
1634224079.520 57 50 34 35 26 23 22
1634224079.771 58 47 36 36 28 23 21
1634224080.015 56 48 36 35 27 22 21
1634224080.268 57 50 35 35 27 21 21
1634224080.519 55 50 38 34 27 21 23
1634224080.769 56 47 36 34 26 22 21
1634224081.016 56 49 37 33 27 23 22
1634224081.267 56 48 36 37 27 23 21
1634224081.520 56 49 37 35 29 22 21
1634224081.766 55 49 36 34 28 21 19
1634224082.018 53 49 37 35 26 21 23
1634224082.265 56 48 37 35 27 21 21
1634224082.517 56 48 37 35 29 22 21
1634224082.765 57 49 37 36 28 23 23
1634224083.016 55 47 37 35 25 23 22
1634224083.266 56 49 36 34 27 22 21
1634224083.521 54 51 35 34 28 22 21
1634224083.768 56 52 34 34 27 22 21
1634224084.018 55 48 38 34 27 23 21
1634224084.267 56 50 36 34 27 22 20
1634224084.516 57 50 35 35 26 21 20
1634224084.770 54 49 36 35 26 22 19
1634224085.020 54 49 36 34 28 23 22
1634224085.271 55 48 36 35 31 22 22
1634224085.516 53 49 37 35 28 21 20
1634224085.769 56 49 36 36 25 24 21
1634224086.016 54 48 37 34 28 22 22
1634224086.266 54 50 36 37 26 22 22
1634224086.521 60 49 36 35 29 22 20
1634224086.767 59 52 36 31 27 20 22
1634224087.017 54 50 35 34 28 21 24
1634224087.267 55 48 36 33 28 23 22
1634224087.516 58 49 37 36 26 22 21
1634224087.767 57 49 36 33 27 22 21
1634224088.016 58 49 37 32 28 21 23
1634224088.266 57 49 36 35 26 22 20
1634224088.518 57 47 36 34 26 23 21
1634224088.767 54 47 35 34 26 21 20
1634224089.017 57 49 39 32 26 23 23
1634224089.268 55 48 35 33 29 22 21
1634224089.516 55 50 34 32 28 23 22
1634224089.766 54 49 37 36 31 23 22
1634224090.018 54 50 37 34 27 22 19
1634224090.266 55 48 37 35 27 22 19
1634224090.516 56 50 36 35 28 23 20
1634224090.777 54 46 40 34 26 22 23
1634224091.015 56 47 37 34 25 22 21
1634224091.266 55 48 35 32 27 22 20
1634224091.516 57 53 35 33 28 21 20
1634224091.766 56 49 37 34 26 22 21
1634224092.017 56 51 38 35 29 22 20
1634224092.269 56 47 35 33 27 22 20
1634224092.516 56 48 37 33 28 21 20
1634224092.766 56 50 35 34 24 23 20
1634224093.020 57 47 36 32 26 22 21
1634224093.266 54 49 37 34 27 21 21
1634224093.516 55 50 36 33 26 23 21
1634224093.767 56 49 35 35 27 22 19
1634224094.017 56 50 37 35 30 23 20
1634224094.267 56 49 37 36 25 22 19
1634224094.519 57 49 37 34 28 23 22
1634224094.766 58 48 35 33 30 22 21
1634224095.020 56 48 34 37 28 22 19
1634224095.267 54 47 37 35 27 22 20
1634224095.516 54 48 37 35 29 23 21
1634224095.766 56 50 36 33 26 21 20
1634224096.020 55 47 36 34 27 23 20
1634224096.285 56 48 36 34 27 22 21
1634224096.517 57 51 39 32 27 23 22
1634224096.766 59 50 37 34 27 24 19
1634224097.016 55 49 34 34 24 22 20
1634224097.267 55 49 36 35 27 20 21
1634224097.517 56 47 36 32 27 20 21
1634224097.766 60 48 35 32 27 23 19
1634224098.020 56 47 37 34 29 23 22
1634224098.267 56 49 36 34 27 22 22
1634224098.516 58 49 36 34 29 22 24
1634224098.768 57 51 35 35 26 20 21
1634224099.021 59 47 35 33 31 20 21
1634224099.267 58 48 37 35 27 22 20
1634224099.520 55 50 35 36 27 23 22
1634224099.767 55 47 36 34 28 21 20
1634224100.017 55 49 36 34 26 21 22
1634224100.268 55 49 36 34 27 22 22
1634224100.517 57 49 35 34 27 24 21
1634224100.770 55 50 37 34 28 28 22
1634224101.017 54 48 36 35 27 21 21
1634224101.272 56 48 37 36 26 22 23
1634224101.529 58 49 35 34 27 21 20
1634224101.767 57 46 35 34 28 22 19
1634224102.020 56 48 35 32 29 22 22
1634224102.267 57 50 36 34 27 20 22
1634224102.517 57 49 36 35 28 21 20
1634224102.776 57 50 36 34 30 24 19
1634224103.017 57 47 37 34 25 23 20
1634224103.273 56 50 39 34 28 22 22
1634224103.520 53 49 39 35 28 21 21
1634224103.770 54 49 37 37 26 24 22
1634224104.017 56 48 36 35 27 22 21
1634224104.269 57 46 37 34 27 21 21
1634224104.520 56 48 36 35 27 23 21
1634224104.773 56 49 37 33 30 24 24
1634224105.020 57 50 37 34 27 20 22
1634224105.270 60 49 35 34 26 24 19
1634224105.521 52 48 35 35 28 21 21
1634224105.767 55 49 36 34 25 20 21
1634224106.018 57 49 36 39 28 22 21
1634224106.268 55 51 35 33 29 21 23
1634224106.516 55 50 37 36 27 20 20
1634224106.767 57 47 35 32 27 21 20
1634224107.016 54 50 37 34 27 22 21
1634224107.267 58 49 37 35 28 22 18
1634224107.517 56 48 35 35 27 23 22
1634224107.767 56 46 38 34 27 22 20
1634224108.020 56 51 37 34 25 21 20
1634224108.267 58 49 36 34 26 21 20
1634224108.519 56 51 37 33 27 19 20
1634224108.767 54 49 36 33 27 21 18
1634224109.019 56 50 37 35 27 20 20
1634224109.270 56 50 36 35 27 20 21
1634224109.516 54 47 37 34 27 21 22
1634224109.773 55 50 35 34 27 20 20
1634224110.017 53 49 38 34 27 21 21
1634224110.270 54 48 35 34 26 23 22
1634224110.525 53 48 37 34 28 20 22
1634224110.766 56 47 36 35 27 22 21
1634224111.019 53 49 37 34 27 20 20
1634224111.267 57 48 36 36 27 23 22
1634224111.517 58 50 37 34 25 19 19
1634224111.769 57 48 38 34 26 22 17
1634224112.017 56 49 36 33 26 23 19
1634224112.267 55 49 35 34 26 21 19
1634224112.518 56 50 36 36 27 21 20
1634224112.768 55 51 36 34 27 20 20
1634224113.017 52 48 35 33 29 21 20
1634224113.269 56 49 37 36 27 21 19
1634224113.517 57 48 37 36 26 21 19
1634224113.767 56 49 37 35 27 21 19
1634224114.019 56 49 37 35 27 21 20
1634224114.266 57 49 38 36 27 20 20
1634224114.517 58 49 38 39 29 20 20
1634224114.767 55 47 35 34 26 20 19
1634224115.017 55 48 38 32 26 22 21
1634224115.266 55 48 37 34 27 20 19
1634224115.517 56 49 36 35 27 21 20
1634224115.767 58 50 37 34 25 21 19
1634224116.016 54 51 36 34 25 21 21
1634224116.267 58 49 36 34 27 20 21
1634224116.517 56 47 35 34 28 22 20
1634224116.772 56 50 36 33 28 22 21
1634224117.016 55 50 37 34 29 22 18
1634224117.267 59 48 37 34 27 23 19
1634224117.522 55 47 36 32 29 21 19
1634224117.772 54 49 37 33 25 23 19
1634224118.017 55 48 35 34 27 24 21
1634224118.268 54 50 36 33 28 21 20
1634224118.526 56 48 36 34 27 22 21
1634224118.770 54 48 35 34 27 22 21
1634224119.020 58 49 36 35 26 21 20
1634224119.267 56 49 36 35 30 22 20
1634224119.517 56 48 37 34 27 22 18
1634224119.772 53 48 37 36 26 23 18
1634224120.019 53 48 37 35 26 23 20
1634224120.267 57 48 38 35 26 22 19
1634224120.517 54 48 37 32 26 22 21
1634224120.772 55 51 37 35 25 20 19
1634224121.017 56 51 36 32 26 22 21
1634224121.270 54 49 35 36 27 20 20
1634224121.519 55 51 36 35 26 22 20
1634224121.769 56 50 35 34 26 21 18
1634224122.029 55 48 38 33 25 22 20
1634224122.267 56 49 36 33 26 20 20
1634224122.518 53 47 36 34 26 21 18
1634224122.771 57 50 36 34 24 21 19
1634224123.019 58 50 36 35 29 21 21
1634224123.269 55 46 39 34 26 20 21
1634224123.522 53 48 38 34 25 21 21
1634224123.775 56 48 34 35 25 21 21
1634224124.018 56 49 37 35 27 21 19
1634224124.267 55 49 38 34 27 21 21
1634224124.518 55 49 36 34 27 20 20
1634224124.770 56 50 35 36 26 20 21
1634224125.017 55 49 36 32 24 22 19
1634224125.267 54 52 37 35 26 20 20
1634224125.518 57 50 36 34 28 20 21
1634224125.768 54 48 36 33 26 21 20
1634224126.017 56 49 34 34 26 21 22
1634224126.272 53 49 37 36 25 21 21
1634224126.517 56 47 38 33 27 20 19
1634224126.771 55 48 36 34 24 21 22
1634224127.021 56 50 35 34 26 21 21
1634224127.267 55 50 37 33 25 22 21
1634224127.518 55 49 36 35 27 21 19
1634224127.769 54 51 36 34 25 20 21
1634224128.025 55 50 36 36 27 22 19
1634224128.268 55 50 38 34 24 20 20
1634224128.522 56 50 36 33 26 22 19
1634224128.771 53 48 35 34 26 22 20
1634224129.018 54 48 38 35 25 23 20
1634224129.276 54 47 36 34 26 21 20
1634224129.522 56 47 37 34 26 21 19
1634224129.769 56 49 36 35 26 20 19
1634224130.018 56 49 37 35 26 21 21
1634224130.270 57 48 36 34 25 22 21
1634224130.520 56 50 38 33 28 21 19
1634224130.769 55 47 35 34 24 20 22
1634224131.032 54 52 37 34 24 21 21
1634224131.269 56 49 36 34 27 19 20
1634224131.518 57 50 38 36 27 20 20
1634224131.770 57 48 34 33 26 20 20
1634224132.025 53 47 35 33 26 22 22
1634224132.268 55 48 37 36 25 23 20
1634224132.534 56 48 37 33 25 21 20
1634224132.770 55 46 36 37 27 22 22
1634224133.019 57 50 36 35 26 22 21
1634224133.272 53 49 37 34 24 19 21
1634224133.520 57 48 36 35 25 20 22
1634224133.768 56 50 36 36 28 23 22
1634224134.018 56 50 37 34 25 20 20
1634224134.268 56 51 35 34 27 20 19
1634224134.521 56 50 36 31 27 22 21
1634224134.769 57 51 36 36 26 21 22
1634224135.019 57 48 37 34 28 20 21
1634224135.267 55 48 37 36 26 22 19
1634224135.519 55 49 38 34 27 20 20
1634224135.769 54 48 37 35 25 21 21
1634224136.017 59 49 36 34 26 22 21
1634224136.269 57 49 37 34 27 25 21
1634224136.519 56 46 34 36 26 21 22
1634224136.774 54 48 36 35 28 21 22
1634224137.018 56 47 37 34 26 23 21
1634224137.268 58 51 34 34 26 21 20
1634224137.519 56 48 37 36 26 20 20
1634224137.770 59 48 36 35 26 21 21
1634224138.018 56 48 36 36 26 21 20
1634224138.269 56 50 38 36 24 21 19
1634224138.520 54 49 38 34 26 22 22
1634224138.768 55 49 38 34 27 22 20
1634224139.018 56 48 36 34 25 22 20
1634224139.271 57 48 37 33 25 21 21
1634224139.518 54 47 37 34 27 21 20
1634224139.770 56 48 36 33 26 22 21
1634224140.023 53 48 37 34 26 21 20
1634224140.267 54 47 37 34 25 23 21
1634224140.520 55 51 37 34 27 21 22
1634224140.772 57 49 38 35 26 21 20
1634224141.018 54 47 36 39 26 21 21
1634224141.268 57 47 36 35 26 21 22
1634224141.526 56 48 37 33 26 22 19
1634224141.767 56 50 36 36 27 22 19
1634224142.019 54 47 35 34 26 21 19
1634224142.272 56 48 35 34 27 21 20
1634224142.518 56 48 36 34 27 21 22
1634224142.769 55 49 36 36 26 21 21
1634224143.020 54 49 37 33 26 20 19
1634224143.272 53 49 35 37 25 22 20
1634224143.521 53 51 37 34 27 22 20
1634224143.772 55 48 38 36 27 21 19
1634224144.018 55 49 37 34 27 21 22
1634224144.271 53 50 38 34 25 22 21
1634224144.518 53 51 38 36 26 19 20
1634224144.771 55 49 34 38 24 23 20
1634224145.023 54 48 36 34 25 22 20
1634224145.275 55 49 36 33 26 21 19
1634224145.522 56 48 37 34 24 21 21
1634224145.771 56 48 37 35 28 21 21
1634224146.021 55 49 37 31 28 22 21
1634224146.270 53 47 37 36 26 21 21
1634224146.526 56 49 36 33 26 20 20
1634224146.781 54 49 37 33 25 23 20
1634224147.019 55 48 36 35 26 22 21
1634224147.270 57 49 36 32 26 22 19
1634224147.520 55 50 37 34 25 21 19
1634224147.768 58 49 39 35 26 22 20
1634224148.021 56 49 36 34 24 21 22
1634224148.270 54 49 36 37 25 22 21
1634224148.525 54 51 35 36 25 20 21
1634224148.770 56 51 36 35 25 21 20
1634224149.040 57 49 36 35 24 22 23
1634224149.275 57 48 36 35 27 22 23
1634224149.521 54 49 36 34 26 21 21
1634224149.774 57 48 36 34 26 22 22
1634224150.019 53 48 37 35 27 20 20
1634224150.269 56 47 36 36 25 22 20
1634224150.518 58 49 35 34 26 21 21
1634224150.768 54 50 36 35 26 22 20
1634224151.020 55 50 36 33 25 21 22
1634224151.270 55 47 38 36 27 21 18
1634224151.519 54 48 33 38 26 22 20
1634224151.771 53 50 36 33 26 22 20
1634224152.021 55 49 37 34 26 21 19
1634224152.269 55 51 37 35 26 23 18
1634224152.518 57 48 36 35 27 21 20
1634224152.769 53 49 37 34 25 22 23
1634224153.021 58 49 38 35 27 22 21
1634224153.269 57 49 36 35 25 20 17
1634224153.519 55 49 36 35 26 20 19
1634224153.771 55 49 37 37 26 21 20
1634224154.019 58 49 37 34 26 22 20
1634224154.272 56 49 37 38 25 22 21
1634224154.519 56 51 37 34 25 21 19
1634224154.769 57 49 36 33 25 21 21
1634224155.021 54 49 36 34 26 19 21
1634224155.270 56 48 37 37 26 20 21
1634224155.520 55 49 37 34 26 22 21
1634224155.770 55 52 36 34 27 24 20
1634224156.020 56 48 36 33 26 21 21
1634224156.269 55 50 35 34 24 23 22
1634224156.520 57 49 37 33 25 22 20
1634224156.769 57 50 35 34 24 20 20
1634224157.019 55 48 37 34 24 20 20
1634224157.270 56 52 35 33 25 20 23
1634224157.519 55 48 32 33 27 20 20
1634224157.769 56 50 36 34 25 22 21
1634224158.019 54 49 35 36 24 24 21
1634224158.269 54 48 38 35 25 22 20
1634224158.519 59 48 36 33 28 25 19
1634224158.769 58 48 37 35 25 23 20
1634224159.020 57 49 38 35 26 21 20
1634224159.269 56 49 35 36 26 20 20
1634224159.519 56 48 37 35 24 24 19
1634224159.770 59 48 37 35 22 22 19
1634224160.020 56 49 33 33 24 20 19
1634224160.269 55 49 37 35 26 21 22
1634224160.519 55 50 35 36 25 20 20
1634224160.772 59 51 35 33 26 20 22
1634224161.018 56 49 36 33 25 20 21
1634224161.269 57 50 36 33 28 21 19
1634224161.521 56 48 37 33 27 21 19
1634224161.769 55 49 37 35 26 21 20
1634224162.024 55 49 36 35 29 22 23
1634224162.269 55 48 37 34 28 21 19
1634224162.520 55 48 37 32 27 22 21
1634224162.772 57 48 37 35 26 21 18
1634224163.019 55 47 36 33 25 20 20
1634224163.270 57 49 37 37 28 22 20
1634224163.521 55 49 36 36 26 20 20
1634224163.769 56 50 36 36 23 22 20
1634224164.020 53 50 36 35 25 22 18
1634224164.272 58 49 36 35 30 21 18
1634224164.519 55 51 36 34 25 20 20
1634224164.774 58 49 35 34 25 21 21
1634224165.021 55 47 35 36 28 21 21
1634224165.270 55 47 36 33 28 22 20
1634224165.523 54 46 38 33 25 21 22
1634224165.771 55 49 36 34 26 19 20
1634224166.023 56 49 36 33 26 23 19
1634224166.273 56 50 38 37 26 20 19
1634224166.521 57 49 35 34 26 20 18
1634224166.777 56 48 35 35 26 20 19
1634224167.021 58 49 37 32 28 20 22
1634224167.270 56 48 38 35 26 19 19
1634224167.521 56 49 37 33 26 23 22
1634224167.770 55 49 38 34 26 21 20
1634224168.026 57 49 35 34 25 20 20
1634224168.270 53 47 36 36 27 20 21
1634224168.524 55 48 37 33 25 20 22
1634224168.773 54 51 37 36 28 20 20
1634224169.021 59 48 36 35 24 22 23
1634224169.274 56 47 35 35 25 20 20
1634224169.520 57 49 36 34 29 22 20
1634224169.781 54 47 36 34 24 21 18
1634224170.020 56 47 36 34 26 22 19
1634224170.270 54 48 37 35 28 21 19
1634224170.520 56 49 36 35 27 20 22
1634224170.770 53 47 35 32 25 22 20
1634224171.020 55 49 38 34 26 20 22
1634224171.272 54 47 36 35 26 21 22
1634224171.522 57 49 36 33 26 22 20
1634224171.769 55 50 36 35 25 22 21
1634224172.019 55 48 35 35 25 20 20
1634224172.275 56 50 36 35 26 24 21
1634224172.522 56 50 35 35 24 22 21
1634224172.770 55 48 37 37 26 20 22
1634224173.024 56 49 37 33 23 21 20
1634224173.271 57 49 36 34 25 22 20
1634224173.525 57 47 37 34 26 22 21
1634224173.776 55 49 39 34 26 23 20
1634224174.021 54 47 36 34 26 20 22
1634224174.272 55 48 36 34 26 20 19
1634224174.522 57 50 36 34 26 22 19
1634224174.769 54 51 35 33 27 21 22
1634224175.028 56 51 37 34 26 20 20
1634224175.275 55 50 37 35 25 21 21
1634224175.523 57 50 37 35 27 22 20
1634224175.786 55 48 36 34 24 20 20
1634224176.025 56 52 38 35 25 22 21
1634224176.273 57 49 36 35 25 21 20
1634224176.531 56 50 36 34 24 21 20
1634224176.771 59 47 37 34 26 20 20
1634224177.021 55 48 36 34 26 26 20
1634224177.277 54 49 34 37 26 21 21
1634224177.520 56 48 36 32 27 21 23
1634224177.774 55 50 37 34 25 22 21
1634224178.021 59 49 38 34 26 21 23
1634224178.270 52 49 35 33 27 20 20
1634224178.529 56 49 38 33 25 22 20
1634224178.771 55 49 36 35 25 22 19
1634224179.021 57 49 37 34 26 21 21
1634224179.271 54 47 35 34 24 22 23
1634224179.524 56 50 35 34 27 22 22
1634224179.772 56 51 37 37 24 22 20
1634224180.021 55 50 36 36 26 22 21
1634224180.271 55 49 35 35 25 23 20
1634224180.523 55 48 37 33 25 21 22
1634224180.772 57 49 36 35 27 21 21
1634224181.021 57 52 37 36 26 22 19
1634224181.272 55 48 38 33 26 22 21
1634224181.527 57 49 38 35 26 21 22
1634224181.771 58 48 38 33 26 21 18
1634224182.023 55 49 36 34 25 22 20
1634224182.271 57 48 35 33 26 23 19
1634224182.522 55 49 35 32 24 21 20
1634224182.774 55 48 37 36 25 24 23
1634224183.021 57 51 36 34 27 20 19
1634224183.272 52 49 36 35 25 22 21
1634224183.524 55 49 36 32 25 21 22
1634224183.771 56 47 36 34 26 23 21
1634224184.022 56 50 36 33 24 22 25
1634224184.273 57 49 36 33 26 20 22
1634224184.525 55 50 36 33 24 22 22
1634224184.775 61 50 37 34 28 21 20
1634224185.033 56 47 37 34 26 21 21
1634224185.273 53 51 37 34 26 20 21
1634224185.522 55 50 37 34 26 21 21
1634224185.775 57 52 36 35 23 21 21
1634224186.023 56 50 34 35 26 23 21
1634224186.277 60 48 36 35 27 24 20
1634224186.526 56 48 35 35 25 23 20
1634224186.772 57 50 37 36 25 22 20
1634224187.029 54 50 38 35 26 21 21
1634224187.272 59 51 36 34 26 21 21
1634224187.521 54 49 37 34 26 23 22
1634224187.774 57 49 36 34 26 23 22
1634224188.026 54 48 38 35 25 19 21
1634224188.272 57 50 36 36 25 21 21
1634224188.525 55 49 36 37 27 22 20
1634224188.775 57 49 37 35 26 21 21
1634224189.024 56 49 37 35 26 21 19
1634224189.286 55 49 34 35 26 22 19
1634224189.523 57 49 36 33 25 22 21
1634224189.773 55 47 36 35 26 21 22
1634224190.027 58 52 37 33 26 22 19
1634224190.278 58 50 37 35 24 23 21
1634224190.522 57 49 36 34 26 22 21
1634224190.775 56 48 36 35 24 23 19
1634224191.028 53 49 36 34 25 21 21
1634224191.272 58 50 37 33 25 21 19
1634224191.529 55 50 36 32 27 21 18
1634224191.786 55 49 36 35 27 20 20
1634224192.023 56 49 36 35 25 20 19
1634224192.273 58 48 37 35 27 21 19
1634224192.523 55 49 37 35 26 19 21
1634224192.780 54 49 38 36 27 22 19
1634224193.023 54 48 36 34 27 21 19
1634224193.274 55 49 36 34 24 21 20
1634224193.525 55 48 36 35 26 21 18
1634224193.772 56 48 35 38 26 22 21
1634224194.024 58 47 35 36 25 21 20
1634224194.274 54 48 35 35 27 22 22
1634224194.533 60 50 34 35 27 21 19
1634224194.773 56 49 40 35 26 21 21
1634224195.025 54 48 36 35 27 19 20
1634224195.282 53 47 36 34 27 20 20
1634224195.525 55 48 35 33 26 20 20
1634224195.774 52 50 39 36 26 22 19
1634224196.026 55 48 37 33 24 20 23
1634224196.275 56 48 35 34 25 22 19
1634224196.524 56 46 37 34 28 21 19
1634224196.774 57 50 35 33 29 22 20
1634224197.024 56 48 38 35 26 21 18
1634224197.274 56 50 35 33 26 22 18
1634224197.524 56 49 36 33 28 20 20
1634224197.774 55 49 36 34 25 23 21
1634224198.024 55 48 36 33 26 22 21
1634224198.276 57 49 35 34 26 19 20
1634224198.525 57 48 37 34 27 21 19
1634224198.777 54 48 38 35 26 20 21
1634224199.026 55 49 36 32 28 21 19
1634224199.283 54 47 36 35 28 21 20
1634224199.524 55 47 38 34 26 20 21
1634224199.774 56 48 40 34 24 20 21
1634224200.035 56 48 35 33 25 21 20
1634224200.279 53 51 36 35 24 24 20
1634224200.523 54 48 36 35 26 22 18
1634224200.774 54 50 36 35 26 20 19
1634224201.025 54 51 35 34 25 19 21
1634224201.275 55 49 37 35 25 19 21
1634224201.525 55 50 35 34 25 21 21
1634224201.773 55 49 36 34 25 23 22
1634224202.023 59 49 36 34 25 21 20
1634224202.274 57 49 38 31 24 21 19
1634224202.527 56 48 36 35 26 20 20
1634224202.774 57 49 36 32 24 21 20
1634224203.024 57 50 38 33 27 21 19
1634224203.274 55 49 36 35 26 22 20
1634224203.527 56 49 35 34 26 22 20
1634224203.774 56 50 36 34 26 23 21
1634224204.024 55 48 38 35 26 21 20
1634224204.275 53 48 35 32 27 21 20
1634224204.526 58 47 38 34 24 21 20
1634224204.774 55 48 35 35 26 22 20
1634224205.025 55 48 36 33 25 21 20
1634224205.276 57 50 37 35 24 19 21
1634224205.524 55 48 35 34 26 20 19
1634224205.775 55 48 37 34 27 21 18
1634224206.025 55 50 37 35 24 20 18
1634224206.279 58 49 37 34 26 20 19
1634224206.524 55 50 35 36 25 22 20
1634224206.775 56 48 36 34 27 22 19
1634224207.026 56 55 36 34 27 22 20
1634224207.276 55 48 37 35 27 19 18
1634224207.525 56 52 36 33 24 21 20
1634224207.776 55 49 36 33 27 19 19
1634224208.026 55 48 38 34 25 23 18
1634224208.275 56 50 36 32 24 22 21
1634224208.526 58 50 37 35 26 22 20
1634224208.776 56 47 37 35 27 19 17
1634224209.026 57 48 35 37 25 21 21
1634224209.276 57 49 38 32 27 19 19
1634224209.526 58 46 35 34 29 23 18
1634224209.776 55 51 36 32 26 23 20
1634224210.026 56 47 37 35 26 22 21
1634224210.274 56 50 35 34 28 20 21
1634224210.525 55 49 37 36 25 21 19
1634224210.777 54 47 37 33 27 21 20
1634224211.029 55 48 38 34 27 20 20
1634224211.275 55 50 37 33 27 23 19
1634224211.527 57 47 36 33 26 21 19
1634224211.779 57 49 36 33 24 22 20
1634224212.025 56 48 36 34 26 20 19
1634224212.276 57 49 36 33 25 21 21
1634224212.537 54 51 35 33 24 19 20
1634224212.775 57 50 35 33 26 20 21
1634224213.026 55 48 38 33 25 23 20
1634224213.284 55 50 36 33 29 22 20
1634224213.526 55 48 37 36 25 19 21
1634224213.776 56 48 39 33 29 22 25
1634224214.032 57 49 36 32 24 22 19
1634224214.277 56 47 36 34 26 20 19
1634224214.526 57 49 36 34 25 23 22
1634224214.785 57 50 37 34 27 22 20
1634224215.028 54 50 36 34 25 20 19
1634224215.277 55 47 34 35 26 20 20
1634224215.531 55 49 38 36 27 21 21
1634224215.781 55 49 36 32 27 20 21
1634224216.026 55 49 37 33 26 21 23
1634224216.276 56 50 35 35 25 24 19
1634224216.527 54 48 36 36 27 21 19
1634224216.780 54 49 36 34 26 21 21
1634224217.027 54 48 35 35 26 22 21
1634224217.276 55 48 37 34 25 21 21
1634224217.527 55 51 36 37 24 21 20
1634224217.780 56 48 35 32 26 22 21
1634224218.028 54 49 34 33 26 21 18
1634224218.277 54 49 35 31 25 20 19
1634224218.531 54 49 38 33 26 21 22
1634224218.779 55 52 38 31 24 22 20
1634224219.026 54 48 36 34 28 20 18
1634224219.278 55 49 35 33 24 20 19
1634224219.529 56 49 36 35 26 20 19
1634224219.776 55 48 36 34 29 20 20
1634224220.028 54 49 35 34 27 22 20
1634224220.280 56 47 37 35 25 22 20
1634224220.526 56 50 38 35 25 23 21
1634224220.778 54 50 38 32 26 21 23
1634224221.030 56 49 36 32 27 20 20
1634224221.276 54 50 37 33 28 21 20
1634224221.527 55 49 36 31 28 22 19
1634224221.780 57 48 37 34 28 22 19
1634224222.027 54 46 36 31 27 23 22
1634224222.277 58 50 39 32 26 21 20
1634224222.528 56 50 35 33 27 24 21
1634224222.776 55 48 35 34 26 23 19
1634224223.027 55 48 35 33 25 22 20
1634224223.277 57 47 37 33 24 23 21
1634224223.528 54 49 35 35 26 21 19
1634224223.777 55 51 37 34 29 22 20
1634224224.027 55 48 36 34 25 22 20
1634224224.278 57 47 36 34 26 23 22
1634224224.529 52 49 36 34 24 21 21
1634224224.777 55 51 36 34 24 21 20
1634224225.028 55 49 37 33 25 22 22
1634224225.280 54 50 36 33 24 22 20
1634224225.527 55 50 37 34 27 25 20
1634224225.777 56 48 36 35 29 23 19
1634224226.027 56 49 37 33 26 21 18
1634224226.278 57 48 36 32 25 21 23
1634224226.527 55 49 37 32 25 22 20
1634224226.778 54 48 34 33 25 21 20
1634224227.028 55 49 36 33 26 23 20
1634224227.281 54 48 36 34 27 23 19
1634224227.527 55 48 38 33 25 23 20
1634224227.777 56 46 36 32 26 22 20
1634224228.028 55 48 36 33 25 22 19
1634224228.280 55 49 36 33 26 21 19
1634224228.527 53 51 39 32 26 21 19
1634224228.778 55 49 37 35 25 21 17
1634224229.028 56 48 37 32 28 21 21
1634224229.278 54 47 35 34 26 22 21
1634224229.530 53 49 37 33 28 20 17
1634224229.781 57 50 38 33 24 21 21
1634224230.028 55 48 37 34 26 21 20
1634224230.279 55 49 36 34 27 22 20
1634224230.533 57 48 38 33 25 20 21
1634224230.778 54 49 35 31 25 21 19
1634224231.027 57 50 35 33 26 22 20
1634224231.279 56 48 35 31 29 20 20
1634224231.533 55 50 36 32 26 22 22
1634224231.778 56 49 35 31 25 21 22
1634224232.029 55 46 35 31 24 20 18
1634224232.279 56 49 36 33 27 22 23
1634224232.528 56 46 37 34 27 22 20
1634224232.778 57 49 36 34 25 21 20
1634224233.031 52 49 35 34 25 19 20
1634224233.280 57 51 36 34 26 20 21
1634224233.530 56 51 35 31 25 23 21
1634224233.779 54 48 37 33 26 22 20
1634224234.029 57 47 37 34 25 21 21
1634224234.282 57 50 36 34 28 21 19
1634224234.531 54 49 36 32 26 21 20
1634224234.781 55 48 37 35 25 24 20
1634224235.032 55 48 37 36 26 19 20
1634224235.279 58 50 35 34 26 20 22
1634224235.532 57 49 37 32 26 20 20
1634224235.781 58 49 36 33 25 23 21
1634224236.029 54 48 37 33 27 21 20
1634224236.280 56 49 36 35 26 21 20
1634224236.530 58 48 37 33 25 22 21
1634224236.780 54 48 37 35 27 20 23
1634224237.032 56 47 38 34 25 22 23
1634224237.283 54 49 37 34 24 22 19
1634224237.532 56 48 38 33 25 21 19
1634224237.784 57 49 36 33 23 19 20
1634224238.033 53 50 37 32 26 21 20
1634224238.283 56 49 38 31 25 21 19
1634224238.539 57 50 37 34 25 22 20
1634224238.784 58 50 37 34 26 23 20
1634224239.032 58 48 37 35 25 20 20
1634224239.285 52 48 37 33 26 22 21
1634224239.530 55 48 37 33 26 21 18
1634224239.783 57 51 38 34 26 23 21
1634224240.041 57 49 36 33 25 23 22
1634224240.281 54 49 35 33 26 22 18
1634224240.535 56 49 37 35 26 25 22
1634224240.779 57 51 37 34 27 21 21
1634224241.039 55 51 37 31 26 22 21
1634224241.280 56 47 38 34 27 22 20
1634224241.529 54 50 40 32 25 22 19
1634224241.787 56 51 36 34 23 23 20
1634224242.031 54 47 37 35 27 20 22
1634224242.280 56 48 35 34 26 21 19
1634224242.531 54 47 37 33 26 20 20
1634224242.783 59 48 38 33 25 22 21
1634224243.029 56 52 38 34 26 21 20
1634224243.282 56 51 35 33 24 22 20
1634224243.529 53 50 37 34 27 21 19
1634224243.781 54 49 35 32 26 22 26
1634224244.031 55 48 37 34 26 23 21
1634224244.280 53 48 35 31 26 22 24
1634224244.542 56 48 35 34 25 21 20
1634224244.781 56 47 37 34 25 22 22
1634224245.043 55 50 37 33 26 22 20
1634224245.290 58 48 38 33 25 22 20
1634224245.531 57 50 36 35 25 23 19
1634224245.781 55 49 36 34 25 22 20
1634224246.033 55 48 36 35 25 22 20
1634224246.280 57 47 36 34 24 24 18
1634224246.540 53 47 36 35 29 23 20
1634224246.781 56 49 36 33 27 22 20
1634224247.030 58 50 36 35 25 21 21
1634224247.281 55 50 35 33 24 21 20
1634224247.536 57 49 36 34 25 22 22
1634224247.782 54 50 36 33 25 21 20
1634224248.034 60 53 36 34 26 20 19
1634224248.282 56 49 37 33 26 22 21
1634224248.535 56 47 39 34 26 22 21
1634224248.787 54 47 35 36 28 21 20
1634224249.030 59 49 35 33 26 21 20
1634224249.281 57 48 37 35 26 23 21
1634224249.532 53 49 36 34 26 24 19
1634224249.784 53 50 35 32 26 21 21
1634224250.033 55 49 35 34 24 22 20
1634224250.286 55 48 36 33 28 22 20
1634224250.532 57 49 37 33 27 23 20
1634224250.781 53 50 36 34 25 22 19
1634224251.032 57 47 35 33 26 24 21
1634224251.282 57 49 37 32 27 20 22
1634224251.530 56 48 36 33 26 21 18
1634224251.781 57 49 37 35 27 22 22
1634224252.031 54 49 37 31 24 24 20
1634224252.282 56 48 35 33 28 22 21
1634224252.534 55 47 35 36 25 21 20
1634224252.781 53 50 37 33 25 24 19
1634224253.031 55 49 36 35 25 23 24
1634224253.281 56 47 36 35 26 21 22
1634224253.531 56 49 36 33 26 20 21
1634224253.783 55 48 37 33 26 22 20
1634224254.033 58 49 38 34 26 22 20
1634224254.282 56 47 35 35 24 22 19
1634224254.533 53 49 36 31 26 22 20
1634224254.785 56 48 37 31 25 21 20
1634224255.031 54 49 37 31 25 20 19
1634224255.281 56 51 37 33 27 22 22
1634224255.533 54 49 36 33 27 21 19
1634224255.782 56 49 38 33 25 22 22
1634224256.032 55 49 38 32 25 22 21
1634224256.283 55 50 36 33 26 24 21
1634224256.531 55 48 36 33 26 22 17
1634224256.781 55 49 36 34 27 20 20
1634224257.033 58 49 36 33 25 23 24
1634224257.282 57 51 36 35 24 23 20
1634224257.531 57 49 38 35 25 20 22
1634224257.782 55 47 36 33 23 21 19
1634224258.034 55 49 36 33 25 25 21
1634224258.283 57 50 37 34 26 24 20
1634224258.533 54 49 35 33 25 20 21
1634224258.782 55 46 35 33 25 23 19
1634224259.031 56 48 37 33 27 23 20
1634224259.284 56 49 36 34 26 22 22
1634224259.532 52 49 36 34 28 20 20
1634224259.782 57 49 36 32 26 22 20
1634224260.033 56 48 35 34 26 21 19
1634224260.282 57 50 37 33 25 22 19
1634224260.533 57 48 38 32 26 22 21
1634224260.785 53 52 37 34 28 21 19
1634224261.033 57 49 37 33 25 22 21
1634224261.287 55 50 38 34 24 22 23
1634224261.534 55 49 35 32 25 22 21
1634224261.782 55 50 36 34 24 21 20
1634224262.033 54 49 37 33 25 22 18
1634224262.283 58 49 35 35 27 21 19
1634224262.532 56 50 37 35 26 22 20
1634224262.783 54 46 35 36 28 21 20
1634224263.035 55 51 36 34 25 22 19
1634224263.282 57 49 37 34 25 21 20
1634224263.533 57 48 37 33 25 22 20
1634224263.785 55 49 36 33 25 23 22
1634224264.037 55 48 37 36 26 22 21
1634224264.284 55 51 38 34 27 23 21
1634224264.550 57 48 37 33 25 21 19
1634224264.783 56 50 37 35 24 21 19
1634224265.033 55 49 36 34 24 23 21
1634224265.285 55 49 38 33 26 22 19
1634224265.535 55 51 36 33 26 23 20
1634224265.784 56 47 37 33 26 22 19
1634224266.033 55 47 35 35 26 23 18
1634224266.284 56 49 36 32 24 23 21
1634224266.541 56 48 36 32 27 21 20
1634224266.784 56 49 35 32 26 21 18
1634224267.038 54 50 37 34 26 23 21
1634224267.288 56 48 36 35 26 22 20
1634224267.533 56 48 34 35 24 22 19
1634224267.794 56 46 36 34 26 21 21
1634224268.041 54 49 37 35 24 23 19
1634224268.284 56 50 37 32 24 25 20
1634224268.538 53 48 36 33 24 22 20
1634224268.783 54 47 36 32 24 22 22
1634224269.035 56 47 36 33 25 21 20
1634224269.284 55 48 37 33 27 21 19
1634224269.533 57 47 37 33 27 22 21
1634224269.784 60 49 37 34 26 22 21
1634224270.036 57 49 38 33 25 22 21
1634224270.284 56 48 36 34 27 20 21
1634224270.535 57 50 35 32 26 22 20
1634224270.795 57 47 35 34 28 23 20
1634224271.033 55 49 36 33 26 23 20
1634224271.287 57 50 38 33 24 19 18
1634224271.537 55 50 35 33 26 20 21
1634224271.784 54 50 34 32 25 24 21
1634224272.038 57 48 37 32 26 22 22
1634224272.288 56 47 36 36 26 21 20
1634224272.533 56 50 38 33 25 23 18
1634224272.785 56 49 36 32 25 22 19
1634224273.040 59 52 38 33 26 22 19
1634224273.284 58 50 37 34 29 22 17
1634224273.535 55 50 35 33 24 20 20
1634224273.786 56 49 38 36 26 21 21
1634224274.035 53 48 35 33 24 22 19
1634224274.285 56 49 38 32 26 21 20
1634224274.541 55 51 36 33 25 23 21
1634224274.785 57 49 38 35 25 20 19
1634224275.035 58 49 37 32 25 21 20
1634224275.289 58 51 36 33 25 22 22
1634224275.535 57 48 36 32 25 22 22
1634224275.787 55 48 37 34 24 22 21
1634224276.036 56 48 36 33 26 21 21
1634224276.286 54 48 37 34 25 24 20
1634224276.535 54 49 35 33 27 21 21
1634224276.788 56 48 36 32 25 22 20
1634224277.041 54 50 38 33 26 23 21
1634224277.287 52 50 37 32 26 22 20
1634224277.534 57 49 36 31 25 21 18
1634224277.786 56 49 35 32 26 20 20
1634224278.038 55 50 36 32 27 21 19
1634224278.284 58 47 35 34 26 23 18
1634224278.537 53 50 36 33 26 22 20
1634224278.790 57 49 36 33 25 21 21
1634224279.038 54 46 37 35 30 23 21
1634224279.285 56 48 35 32 26 21 20
1634224279.540 56 48 35 34 26 20 20
1634224279.785 55 50 36 33 25 21 21
1634224280.037 56 49 37 32 24 22 21
1634224280.285 56 48 37 35 26 23 22
1634224280.538 56 49 38 33 24 22 20
1634224280.785 55 48 37 34 25 22 20
1634224281.037 55 48 38 33 26 21 19
1634224281.288 55 48 37 33 25 23 23
1634224281.538 55 48 36 32 25 21 21
1634224281.786 56 49 35 34 25 23 19
1634224282.034 55 49 35 35 27 22 22
1634224282.286 55 50 36 34 25 21 21
1634224282.536 56 49 35 32 26 23 21
1634224282.789 57 47 36 32 24 23 22
1634224283.034 57 51 37 34 25 23 21
1634224283.284 54 48 36 33 26 22 21
1634224283.537 56 50 36 34 25 22 18
1634224283.788 54 49 39 33 25 25 23
1634224284.035 58 49 37 33 25 22 19
1634224284.286 56 48 35 35 25 23 19
1634224284.538 55 48 36 32 27 22 21
1634224284.785 57 50 37 33 27 22 20
1634224285.035 56 48 37 32 26 21 20
1634224285.288 55 49 37 34 26 22 19
1634224285.536 54 48 37 33 26 22 20
1634224285.785 55 48 38 33 25 22 20
1634224286.042 56 48 38 34 28 21 21
1634224286.286 56 49 36 32 27 23 20
1634224286.536 56 49 40 32 27 22 19
1634224286.794 56 51 35 32 27 21 19
1634224287.036 53 47 36 33 26 21 18
1634224287.285 57 47 37 33 26 20 20
1634224287.537 55 50 35 33 29 21 20
1634224287.788 56 49 37 32 27 22 20
1634224288.035 57 49 36 32 27 22 20
1634224288.287 55 47 38 35 26 22 20
1634224288.544 56 47 36 33 27 20 19
1634224288.786 55 52 36 33 26 23 19
1634224289.039 56 48 37 33 25 22 21
1634224289.288 59 48 37 33 27 24 20
1634224289.537 56 50 37 35 26 24 20
1634224289.786 57 49 36 33 25 22 22
1634224290.037 54 50 38 31 26 21 21
1634224290.286 58 48 37 35 25 20 21
1634224290.536 57 49 36 33 26 22 23
1634224290.789 54 49 35 34 28 22 20
1634224291.036 55 49 37 32 26 21 20
1634224291.295 55 49 38 34 27 23 21
1634224291.543 56 48 36 34 27 20 20
1634224291.787 57 48 35 33 26 22 20
1634224292.037 54 51 38 32 27 21 20
1634224292.302 55 48 36 34 25 24 23
1634224292.542 53 50 37 32 28 23 21
1634224292.787 52 49 36 33 26 21 20
1634224293.039 61 50 37 33 25 21 20
1634224293.288 56 48 35 33 25 22 21
1634224293.539 54 47 35 33 27 22 21
1634224293.789 58 49 35 32 24 22 20
1634224294.037 54 47 36 32 26 22 21
1634224294.287 53 47 34 32 26 22 21
1634224294.538 54 51 35 32 27 22 19
1634224294.787 55 50 38 32 25 22 21
1634224295.037 56 50 37 33 25 21 19
1634224295.286 56 48 37 34 25 21 21
1634224295.543 57 48 36 33 24 21 19
1634224295.788 54 47 38 34 26 23 19
1634224296.036 58 50 38 32 26 21 20
1634224296.287 58 48 37 32 25 22 20
1634224296.537 56 50 36 34 26 20 22
1634224296.787 54 48 35 35 27 23 20
1634224297.040 56 48 37 32 27 22 19
1634224297.290 55 49 37 34 26 22 22
1634224297.538 54 48 35 33 26 21 20
1634224297.788 57 50 36 33 27 22 20
1634224298.038 56 48 36 35 24 21 22
1634224298.288 56 48 36 35 25 20 24
1634224298.542 55 47 36 34 27 22 22
1634224298.787 57 47 34 33 25 22 18
1634224299.037 57 50 36 35 27 20 21
1634224299.289 53 52 37 34 26 23 20
1634224299.538 55 49 35 33 25 22 20
1634224299.788 55 49 36 34 26 20 19
1634224300.038 55 50 36 33 24 20 21
1634224300.288 58 48 36 32 23 21 21
1634224300.537 58 50 35 33 27 22 20
1634224300.788 56 49 38 34 23 21 20
1634224301.038 56 49 36 35 26 23 23
1634224301.288 56 50 37 34 26 21 21
1634224301.537 57 51 34 33 25 22 21
1634224301.788 54 49 38 32 25 21 22
1634224302.037 56 50 35 34 27 24 23
1634224302.288 57 50 36 33 25 21 19
1634224302.537 57 49 37 32 26 22 21
1634224302.788 56 50 38 33 26 20 19
1634224303.038 56 48 36 32 24 22 23
1634224303.287 54 50 35 34 27 22 20
1634224303.538 56 51 37 34 26 23 20
1634224303.792 52 51 36 33 27 22 19
1634224304.037 53 50 36 34 28 22 19
1634224304.289 55 47 38 35 26 20 20
1634224304.538 54 48 37 34 25 22 20
1634224304.787 53 49 37 31 27 20 20
1634224305.037 56 48 36 33 25 23 22
1634224305.291 55 49 35 35 26 24 22
1634224305.542 56 48 35 32 25 21 20
1634224305.788 55 48 36 33 26 20 20
1634224306.038 55 47 38 33 27 22 20
1634224306.288 53 48 36 33 26 23 22
1634224306.538 57 48 37 32 25 22 20
1634224306.793 54 48 38 35 27 22 20
1634224307.038 55 49 35 33 26 22 22
1634224307.289 54 51 35 33 25 23 20
1634224307.540 57 48 35 34 27 22 19
1634224307.789 55 49 38 32 25 21 20
1634224308.046 57 48 36 34 26 23 22
1634224308.289 54 51 36 32 26 21 20
1634224308.539 55 49 37 33 27 20 20
1634224308.790 53 50 36 34 27 20 20
1634224309.040 56 48 36 31 25 23 19
1634224309.288 54 49 35 31 25 23 21
1634224309.544 55 49 36 34 26 21 20
1634224309.790 57 48 36 38 26 20 20
1634224310.039 54 50 36 36 27 22 20
1634224310.292 57 50 37 33 26 23 19
1634224310.540 56 49 37 33 26 22 21
1634224310.791 54 50 36 34 24 21 22
1634224311.058 56 49 35 34 26 23 22
1634224311.290 55 49 38 33 25 22 20
1634224311.548 55 48 39 32 24 21 21
1634224311.790 57 48 37 34 24 20 19
1634224312.041 55 47 35 33 24 24 19
1634224312.290 56 48 37 35 27 21 19
1634224312.539 55 48 36 34 27 22 19
1634224312.802 58 48 35 34 27 21 20
1634224313.040 55 48 37 35 26 22 21
1634224313.290 54 48 37 35 25 20 23
1634224313.544 56 47 38 32 28 22 20
1634224313.790 53 51 39 33 25 23 20
1634224314.040 56 49 37 35 26 24 20
1634224314.304 55 48 37 33 25 23 20
1634224314.540 57 46 35 35 26 21 19
1634224314.794 54 49 37 33 24 21 22
1634224315.044 55 49 36 33 27 22 21
1634224315.289 55 50 38 32 24 23 19
1634224315.548 54 49 36 34 23 23 21
1634224315.789 54 49 37 34 28 23 21
1634224316.039 55 49 36 33 25 21 22
1634224316.291 55 48 36 34 26 21 21
1634224316.540 54 50 38 34 27 23 21
1634224316.798 55 49 35 34 24 23 22
1634224317.040 54 48 37 32 26 22 19
1634224317.290 54 48 37 33 25 24 19
1634224317.543 57 48 37 33 26 22 19
1634224317.790 58 51 35 32 25 22 19
1634224318.046 57 50 39 35 23 20 22
1634224318.290 55 48 37 33 24 21 19
1634224318.539 55 49 39 34 26 24 18
1634224318.793 57 49 36 33 27 23 20
1634224319.042 56 49 38 33 26 20 20
1634224319.295 56 47 35 34 27 21 20
1634224319.543 52 48 35 32 27 21 21
1634224319.790 53 48 36 35 26 22 22
1634224320.040 55 47 38 33 25 22 20
1634224320.292 56 47 38 36 24 21 20
1634224320.539 56 50 36 32 27 22 22
1634224320.790 55 48 36 33 26 23 20
1634224321.043 58 48 39 34 27 21 22
1634224321.290 54 47 38 34 25 21 21
1634224321.541 56 50 36 33 27 23 20
1634224321.790 54 49 36 32 30 22 22
1634224322.040 54 50 38 33 25 21 20
1634224322.292 56 49 37 35 27 21 18
1634224322.540 54 49 36 33 28 22 20
1634224322.791 57 49 37 34 26 21 22
1634224323.042 53 49 35 34 25 22 21
1634224323.290 54 49 35 34 27 20 20
1634224323.542 57 49 36 34 26 20 18
1634224323.794 53 46 36 34 27 21 20
1634224324.040 55 50 35 33 25 20 19
1634224324.290 58 49 36 32 25 21 21
1634224324.542 55 46 36 36 24 21 22
1634224324.791 56 48 35 32 27 20 20
1634224325.043 55 49 37 33 26 21 19
1634224325.297 57 51 34 30 24 22 21
1634224325.540 55 50 37 35 29 22 20
1634224325.791 56 52 36 32 27 21 19
1634224326.042 56 48 35 34 26 21 21
1634224326.291 54 48 35 34 25 21 20
1634224326.540 56 50 37 34 27 20 18
1634224326.791 54 47 35 34 26 22 22
1634224327.041 54 49 37 34 25 22 21
1634224327.297 54 49 37 34 26 21 19
1634224327.542 55 48 37 32 26 21 20
1634224327.792 55 50 34 33 24 22 21
1634224328.040 53 48 36 31 28 23 20
1634224328.292 55 47 37 32 27 22 20
1634224328.543 57 49 35 33 26 22 19
1634224328.795 54 48 38 32 25 22 21
1634224329.040 54 50 35 33 26 22 21
1634224329.293 54 48 38 33 29 22 21
1634224329.541 56 50 36 32 26 24 22
1634224329.791 53 49 37 33 27 20 20
1634224330.042 55 48 37 33 26 21 20
1634224330.292 55 47 36 34 26 23 22
1634224330.551 57 49 36 35 25 21 18
1634224330.792 56 50 37 34 26 22 19
1634224331.049 57 48 37 36 24 21 21
1634224331.292 56 47 36 35 25 21 21
1634224331.541 56 48 35 35 25 20 21
1634224331.808 55 50 39 34 25 21 21
1634224332.043 54 48 37 34 25 21 20
1634224332.300 55 49 35 34 27 21 21
1634224332.542 53 48 38 34 25 20 23
1634224332.793 56 49 37 34 25 22 19
1634224333.043 53 49 37 33 27 23 21
1634224333.292 57 49 35 32 25 22 20
1634224333.542 55 48 36 32 24 21 21
1634224333.803 55 47 37 32 25 23 21
1634224334.043 55 49 37 33 26 21 22
1634224334.294 56 48 36 34 26 20 21
1634224334.549 55 49 37 32 26 21 21
1634224334.794 57 50 37 33 25 19 18
1634224335.059 53 49 35 34 23 22 19
1634224335.294 55 48 35 32 25 22 20
1634224335.548 55 49 37 34 25 22 21
1634224335.793 58 50 38 35 24 22 21
1634224336.042 58 51 37 33 27 23 20
1634224336.303 54 51 36 34 26 20 20
1634224336.543 57 48 38 32 27 20 22
1634224336.793 56 51 36 35 26 22 21
1634224337.046 56 48 38 32 25 23 21
1634224337.292 53 48 36 35 24 21 22
1634224337.544 56 51 36 31 27 20 21
1634224337.795 56 49 35 36 25 22 18
1634224338.043 57 48 37 35 26 20 20
1634224338.294 54 51 38 33 28 22 20
1634224338.542 57 47 35 34 27 20 22
1634224338.797 55 49 35 35 25 21 20
1634224339.042 55 49 36 34 27 21 20
1634224339.295 54 47 37 34 26 20 21
1634224339.543 55 50 37 32 25 21 20
1634224339.792 56 49 36 33 27 20 19
1634224340.045 55 48 35 32 26 21 19
1634224340.294 53 49 38 36 25 23 21
1634224340.542 57 50 37 33 28 20 19
1634224340.794 56 49 37 33 25 24 20
1634224341.043 55 48 35 37 25 23 20
1634224341.292 55 49 36 35 26 21 19
1634224341.543 55 48 37 32 25 22 23
1634224341.793 55 48 38 33 26 21 22
1634224342.042 56 50 37 35 25 23 22
1634224342.299 54 51 38 32 27 20 22
1634224342.544 57 49 35 34 27 19 19
1634224342.796 55 49 36 33 26 22 21
1634224343.044 55 49 37 33 24 21 18
1634224343.293 55 49 37 32 27 23 19
1634224343.543 56 48 37 32 26 22 22
1634224343.793 57 48 36 33 24 22 21
1634224344.043 57 47 37 32 24 21 21
1634224344.294 54 48 36 31 24 20 20
1634224344.546 55 48 37 34 25 21 23
1634224344.794 54 50 37 33 25 20 20
1634224345.043 56 48 38 34 25 22 19
1634224345.293 56 49 36 34 26 21 21
1634224345.545 55 50 36 33 27 20 19
1634224345.792 54 49 36 34 27 21 20
1634224346.043 55 48 36 36 27 21 18
1634224346.293 56 48 36 34 25 23 20
1634224346.543 55 50 38 34 25 20 21
1634224346.793 56 46 36 32 27 19 21
1634224347.296 56 49 34 32 27 20 21
1634224347.545 56 48 36 32 23 21 22
1634224347.797 54 48 35 30 24 21 20
1634224348.043 53 50 34 33 27 22 19
1634224348.300 54 48 35 32 25 23 21
1634224348.547 54 49 37 34 24 22 21
1634224348.795 57 50 37 35 26 22 19
1634224349.045 53 48 35 33 26 21 21
1634224349.299 56 48 37 32 26 21 19
1634224349.551 56 48 37 33 24 20 21
1634224349.794 54 49 39 33 26 23 21
1634224350.047 54 50 37 33 26 22 21
1634224350.295 55 50 37 32 26 22 20
1634224350.544 59 49 36 32 30 20 20
1634224350.799 53 49 39 32 25 22 20
1634224351.044 58 51 38 36 25 20 20
1634224351.294 54 50 38 34 27 22 21
1634224351.546 54 49 36 32 25 20 21
1634224351.795 57 51 36 31 26 20 19
1634224352.047 56 49 38 33 26 21 19
1634224352.293 57 49 37 32 26 19 20
1634224352.546 55 48 37 34 25 21 20
1634224352.795 54 47 37 33 26 23 21
1634224353.043 57 48 38 33 25 23 19
1634224353.298 55 48 38 32 26 22 20
1634224353.547 56 49 40 33 25 19 19
1634224353.795 56 48 36 34 25 22 20
1634224354.048 57 49 37 32 26 21 19
1634224354.298 54 47 36 32 26 21 21
1634224354.546 54 48 37 34 27 22 21
1634224354.795 55 48 37 35 27 20 19
1634224355.046 55 48 36 32 26 22 21
1634224355.294 56 48 34 34 26 21 24
1634224355.545 53 50 38 33 26 22 20
1634224355.795 55 49 36 32 25 22 21
1634224356.044 58 49 36 32 28 20 20
1634224356.295 57 51 36 33 25 21 20
1634224356.544 56 47 34 33 25 25 20
1634224356.794 56 48 39 33 27 18 21
1634224357.046 53 47 37 33 25 21 22
1634224357.295 57 48 37 34 23 23 19
1634224357.545 56 50 38 33 26 21 19
1634224357.794 57 51 36 33 27 20 20
1634224358.046 54 50 36 34 25 21 20
1634224358.295 57 48 36 35 29 20 19
1634224358.544 56 47 34 34 25 21 22
1634224358.794 53 48 35 32 26 22 21
1634224359.046 57 49 37 34 28 20 22
1634224359.295 53 49 35 33 26 22 21
1634224359.544 55 50 35 34 26 23 21
1634224359.796 54 51 36 33 25 22 22
1634224360.046 53 47 38 34 26 20 22
1634224360.295 60 50 39 33 26 22 19
1634224360.545 56 48 38 32 25 22 20
1634224360.794 56 47 38 33 27 22 20
1634224361.045 57 47 36 34 28 22 22
1634224361.295 56 50 35 32 26 23 19
1634224361.545 57 48 37 33 25 21 22
1634224361.798 55 47 36 34 25 21 19
1634224362.047 57 47 36 33 29 22 19
1634224362.295 56 49 37 34 26 20 20
1634224362.545 56 49 36 33 24 25 21
1634224362.796 54 47 36 32 27 20 23
1634224363.046 55 51 36 34 25 22 21
1634224363.295 56 50 35 33 25 19 21
1634224363.546 55 50 37 35 24 22 20
1634224363.796 54 48 36 33 25 20 22
1634224364.047 57 51 37 35 28 21 19
1634224364.295 55 49 38 34 26 21 20
1634224364.546 55 48 37 34 23 20 19
1634224364.796 53 47 35 34 26 22 20
1634224365.046 56 49 38 33 25 21 20
1634224365.296 55 48 40 30 26 20 20
1634224365.546 56 49 36 35 25 20 22
1634224365.796 58 50 36 34 26 21 20
1634224366.046 55 48 37 33 25 24 19
1634224366.297 55 49 37 32 25 21 20
1634224366.548 56 50 36 33 24 21 19
1634224366.797 57 47 36 33 25 21 22
1634224367.046 55 49 35 35 25 21 23
1634224367.297 55 51 36 32 24 22 21
1634224367.546 57 51 37 34 26 20 22
1634224367.796 57 48 39 33 23 22 22
1634224368.045 57 48 36 32 25 21 19
1634224368.297 56 49 35 33 24 21 20
1634224368.545 58 49 35 34 27 19 22
1634224368.797 58 50 34 33 28 20 20
1634224369.047 55 49 36 32 26 21 20
1634224369.297 55 48 37 38 26 21 20
1634224369.549 58 49 40 34 24 24 20
1634224369.797 56 47 36 33 26 21 21
1634224370.046 56 50 39 32 24 20 19
1634224370.300 54 49 35 33 25 20 20
1634224370.545 56 49 35 33 27 19 22
1634224370.796 56 48 37 37 28 22 19
1634224371.051 54 47 38 33 26 21 22
1634224371.296 55 46 37 33 24 21 19
1634224371.546 55 49 36 34 26 22 20
1634224371.807 55 50 36 32 26 23 20
1634224372.046 54 50 36 34 26 20 21
1634224372.296 56 49 36 32 26 20 20
1634224372.548 59 49 34 31 28 24 20
1634224372.798 58 49 37 32 27 19 20
1634224373.047 56 48 35 34 25 22 22
1634224373.298 56 51 37 34 27 22 19
1634224373.550 55 49 36 33 26 20 20
1634224373.796 58 50 39 32 24 21 22
1634224374.046 56 49 34 32 25 22 19
1634224374.296 58 47 36 32 24 20 19
1634224374.547 56 50 35 32 25 22 19
1634224374.798 59 48 36 33 26 20 19
1634224375.046 58 48 36 33 27 20 20
1634224375.296 57 50 37 33 26 22 18
1634224375.548 57 49 36 35 26 22 18
1634224375.796 55 49 38 34 24 21 19
1634224376.048 52 47 35 33 24 21 21
1634224376.300 53 48 36 32 28 21 21
1634224376.546 54 48 37 36 24 22 21
1634224376.796 55 48 36 33 26 20 20
1634224377.047 55 47 37 33 25 21 20
1634224377.300 54 50 37 33 25 20 20
1634224377.547 54 49 35 34 24 21 19
1634224377.799 55 50 36 35 26 20 20
1634224378.047 54 49 35 33 25 21 21
1634224378.310 57 48 36 33 26 21 19
1634224378.549 56 49 39 32 24 20 20
1634224378.797 53 49 36 34 26 20 21
1634224379.050 58 49 38 33 24 21 20
1634224379.296 57 50 36 32 25 23 18
1634224379.548 57 48 35 32 26 21 20
1634224379.798 57 48 35 34 25 22 17
1634224380.047 56 50 37 34 24 21 20
1634224380.297 55 51 36 33 26 20 20
1634224380.547 56 49 36 32 24 21 21
1634224380.799 55 50 37 33 25 22 19
1634224381.047 57 48 38 33 27 21 19
1634224381.299 55 49 37 34 25 22 20
1634224381.550 57 49 38 34 24 21 20
1634224381.797 57 49 36 35 26 22 19
1634224382.048 55 50 35 33 24 23 19
1634224382.298 54 48 38 33 26 21 21
1634224382.557 57 48 35 36 28 21 22
1634224382.797 54 48 37 32 27 21 21
1634224383.049 54 49 35 34 26 21 21
1634224383.299 56 48 36 35 25 21 20
1634224383.547 55 48 37 34 28 20 19
1634224383.799 55 50 37 32 26 22 19
1634224384.054 56 51 37 33 24 21 21
1634224384.298 57 49 37 34 26 21 21
1634224384.548 55 48 37 34 26 21 21
1634224384.798 58 51 36 34 26 22 19
1634224385.050 56 48 36 34 26 21 21
1634224385.299 56 50 35 35 27 22 22
1634224385.555 57 49 36 34 25 22 21
1634224385.798 54 48 35 34 25 21 20
1634224386.049 54 49 36 33 25 21 20
1634224386.298 56 49 34 32 28 21 20
1634224386.549 57 47 36 32 26 22 20
1634224386.806 57 49 36 34 27 21 22
1634224387.053 56 47 37 35 28 20 20
1634224387.300 55 51 40 31 28 22 19
1634224387.548 56 48 38 33 26 21 18
1634224387.802 53 48 34 32 27 23 18
1634224388.048 56 49 37 33 27 21 19
1634224388.299 55 49 37 33 26 23 20
1634224388.558 54 48 36 32 28 22 21
1634224388.801 55 47 35 34 26 20 19
1634224389.058 54 49 36 33 25 24 20
1634224389.301 55 47 36 36 27 21 20
1634224389.549 55 49 36 34 27 20 19
1634224389.807 57 50 38 31 29 19 17
1634224390.050 56 48 36 33 25 23 20
1634224390.309 52 50 39 35 26 21 21
1634224390.552 57 48 36 34 26 21 18
1634224390.799 58 49 36 34 25 20 18
1634224391.055 55 49 35 34 25 23 21
1634224391.299 57 49 38 34 27 21 19
1634224391.554 57 49 36 32 26 22 21
1634224391.800 55 49 36 35 27 20 20
1634224392.048 56 49 35 36 26 24 20
1634224392.302 57 48 36 33 26 20 19
1634224392.551 54 48 36 34 27 20 18
1634224392.798 55 48 35 32 27 20 20
1634224393.054 55 49 37 33 28 21 20
1634224393.299 54 50 36 32 28 20 21
1634224393.552 55 51 36 34 26 21 19
1634224393.799 55 49 37 33 26 21 18
1634224394.052 51 49 37 34 27 22 22
1634224394.302 59 48 35 35 25 21 19
1634224394.551 56 49 36 33 27 22 21
1634224394.806 55 47 37 34 25 21 19
1634224395.049 57 48 36 34 25 21 20
1634224395.300 55 49 37 33 27 22 19
1634224395.552 56 50 36 32 26 23 20
1634224395.804 55 50 39 35 25 22 19
1634224396.050 53 48 36 34 26 22 20
1634224396.301 58 46 37 33 27 20 19
1634224396.550 56 48 37 33 27 22 21
1634224396.799 58 49 36 32 26 22 18
1634224397.058 55 48 35 34 26 22 21
1634224397.299 58 48 36 32 26 21 18
1634224397.550 56 47 38 33 26 22 21
1634224397.801 55 48 36 34 26 21 20
1634224398.049 56 47 36 33 26 22 20
1634224398.303 54 47 36 32 26 24 20
1634224398.551 55 50 37 34 27 21 20
1634224398.799 54 51 37 34 24 20 19
1634224399.051 57 49 37 35 28 22 19
1634224399.301 54 50 36 32 26 22 19
1634224399.550 54 48 35 36 27 20 18
1634224399.802 55 48 35 33 29 20 19
1634224400.050 56 48 34 35 28 21 20
1634224400.303 54 53 36 31 27 22 19
1634224400.555 56 49 39 32 27 22 19
1634224400.799 54 47 34 36 29 20 19
1634224401.050 56 48 37 33 26 22 19
1634224401.303 53 47 37 34 28 21 20
1634224401.549 56 49 36 32 25 21 20
1634224401.803 55 46 35 32 25 22 21
1634224402.053 56 49 36 33 27 22 21
1634224402.300 58 48 35 32 26 20 18
1634224402.551 54 48 36 33 26 20 20
1634224402.800 54 47 36 34 30 22 20
1634224403.051 56 49 38 34 27 19 19
1634224403.300 58 47 37 32 26 21 18
1634224403.550 57 49 36 33 27 21 19
1634224403.800 54 48 36 36 26 20 21
1634224404.050 57 49 35 36 26 20 19
1634224404.301 58 49 35 32 27 19 18
1634224404.550 55 50 36 34 26 20 19
1634224404.800 57 49 37 33 27 21 21
1634224405.051 54 49 37 32 29 22 19
1634224405.303 56 49 38 33 26 20 20
1634224405.550 55 48 35 33 26 19 20
1634224405.801 56 50 35 32 26 19 18
1634224406.052 55 49 36 33 29 21 20
1634224406.300 56 49 36 33 28 21 20
1634224406.551 58 49 36 34 26 21 20
1634224406.801 55 46 37 32 28 22 18
1634224407.050 57 50 37 34 26 22 19
1634224407.300 54 49 35 32 25 20 21
1634224407.552 57 50 38 34 26 21 19
1634224407.800 58 47 35 33 28 19 19
1634224408.051 54 49 37 33 25 20 19
1634224408.303 55 50 35 33 26 21 19
1634224408.550 54 47 38 35 26 22 19
1634224408.800 56 48 35 33 29 19 22
1634224409.050 55 50 37 35 26 21 20
1634224409.302 56 49 36 31 26 21 20
1634224409.550 57 49 37 34 28 20 20
1634224409.802 57 48 37 32 29 21 18
1634224410.050 56 49 35 33 25 20 19
1634224410.300 56 50 37 34 29 23 20
1634224410.553 56 50 37 37 26 21 23
1634224410.800 53 46 37 34 25 21 19
1634224411.051 55 48 35 34 25 21 20
1634224411.302 54 48 36 33 27 20 19
1634224411.550 57 49 37 33 27 20 21
1634224411.801 53 49 37 33 26 19 20
1634224412.054 55 48 34 32 28 20 21
1634224412.303 58 51 36 34 26 20 20
1634224412.554 55 51 37 37 28 21 19
1634224412.815 58 48 36 34 26 21 20
1634224413.051 56 46 37 32 27 22 21
1634224413.304 56 49 37 34 29 22 18
1634224413.551 53 51 36 34 26 20 19
1634224413.804 56 50 35 32 27 22 19
1634224414.051 56 48 36 33 27 22 19
1634224414.304 57 52 36 35 28 22 21
1634224414.558 56 46 36 33 25 21 20
1634224414.802 57 49 37 32 27 21 19
1634224415.051 55 48 37 32 25 24 21
1634224415.335 56 50 36 34 28 21 19
1634224415.553 55 48 36 34 25 21 19
1634224415.803 55 48 38 32 27 20 19
1634224416.076 54 48 37 36 25 20 20
1634224416.303 58 50 36 32 26 22 19
1634224416.558 57 49 35 32 26 20 20
1634224416.802 59 49 36 32 26 21 21
1634224417.051 54 48 38 34 29 20 20
1634224417.306 55 49 36 33 27 18 20
1634224417.552 59 47 38 32 27 20 20
1634224417.803 57 49 38 34 27 19 18
1634224418.052 55 48 35 36 28 23 21
1634224418.301 57 48 36 33 28 21 18
1634224418.555 55 51 38 33 25 21 21
1634224418.801 55 49 37 32 27 19 20
1634224419.052 56 49 35 33 29 21 20
1634224419.313 53 50 36 32 26 18 20
1634224419.552 58 48 37 34 24 21 20
1634224419.802 54 48 35 34 27 20 22
1634224420.057 56 49 37 33 27 21 18
1634224420.302 56 49 38 33 27 21 20
1634224420.553 56 49 37 33 27 20 20
1634224420.804 54 49 37 34 28 19 19
1634224421.052 54 49 37 33 28 21 20
1634224421.301 56 48 34 33 26 22 18
1634224421.552 55 48 37 34 26 22 19
1634224421.808 58 50 37 34 27 21 17
1634224422.053 56 50 35 34 31 21 20
1634224422.303 56 51 37 36 25 24 21
1634224422.552 55 49 35 35 27 22 19
1634224422.802 54 47 37 34 24 20 19
1634224423.054 57 49 39 34 27 22 20
1634224423.303 58 48 39 33 25 22 21
1634224423.553 55 52 36 34 26 21 21
1634224423.802 59 49 39 33 26 21 20
1634224424.053 55 47 37 33 26 22 19
1634224424.302 54 49 36 34 27 20 20
1634224424.555 54 50 37 32 27 21 19
1634224424.802 54 49 37 34 28 20 22
1634224425.053 53 46 38 33 25 21 20
1634224425.304 56 49 37 33 26 22 20
1634224425.559 58 49 38 34 26 19 20
1634224425.803 56 50 36 34 26 23 20
1634224426.057 55 50 37 32 28 22 19
1634224426.303 56 48 35 33 26 21 20
1634224426.553 56 49 36 33 27 22 19
1634224426.804 56 48 36 32 27 21 21
1634224427.054 55 49 36 34 25 23 20
1634224427.304 55 50 36 35 25 22 20
1634224427.554 55 48 36 33 28 21 19
1634224427.803 56 49 36 37 25 21 20
1634224428.055 55 51 38 35 24 22 20
1634224428.303 53 47 37 35 24 21 20
1634224428.555 56 48 35 33 26 22 19
1634224428.803 55 48 39 35 26 20 20
1634224429.054 58 48 36 33 26 20 18
1634224429.306 56 51 35 34 27 22 19
1634224429.553 57 48 36 32 27 22 21
1634224429.802 54 48 37 32 26 21 19
1634224430.055 57 50 36 33 26 20 21
1634224430.321 58 47 36 34 26 20 20
1634224430.553 57 47 36 33 26 20 17
1634224430.807 56 48 36 33 28 23 19
1634224431.056 58 51 37 32 28 18 20
1634224431.303 55 49 37 32 26 22 17
1634224431.555 56 49 37 34 26 21 20
1634224431.803 55 49 36 31 27 20 17
1634224432.055 57 47 37 33 28 20 20
1634224432.304 55 48 35 36 26 22 21
1634224432.554 57 48 35 33 27 21 20
1634224432.804 57 51 38 33 27 20 18
1634224433.053 55 49 35 33 26 21 20
1634224433.303 56 50 36 32 27 20 20
1634224433.556 56 50 37 33 27 20 20
1634224433.803 57 48 36 34 26 22 21
1634224434.054 55 48 36 33 24 19 20
1634224434.303 58 50 37 34 26 19 18
1634224434.555 56 49 36 33 28 19 20
1634224434.803 57 50 36 33 25 21 19
1634224435.053 55 48 38 34 26 23 19
1634224435.303 54 49 36 31 27 20 20
1634224435.554 55 47 35 32 29 20 19
1634224435.804 57 50 35 33 29 20 18
1634224436.060 56 49 36 33 28 20 20
1634224436.310 54 49 37 35 26 19 21
1634224436.554 55 47 36 36 26 20 21
1634224436.804 56 50 37 33 27 20 21
1634224437.070 56 49 37 34 27 20 20
1634224437.304 57 48 37 33 26 22 21
1634224437.554 57 49 36 32 31 22 21
1634224437.806 55 49 39 35 26 20 18
1634224438.057 55 48 35 33 26 22 21
1634224438.307 59 50 37 35 26 20 21
1634224438.555 57 48 35 33 25 20 20
1634224438.808 58 49 37 31 28 21 19
1634224439.056 55 51 35 33 27 21 18
1634224439.304 55 49 39 33 26 21 21
1634224439.555 56 52 36 31 27 19 21
1634224439.805 57 48 36 32 25 20 21
1634224440.055 54 48 36 35 25 18 17
1634224440.306 56 50 36 32 26 23 19
1634224440.555 56 48 37 34 25 20 19
1634224440.809 56 49 37 36 26 20 20
1634224441.055 54 47 36 33 25 22 18
1634224441.305 59 49 36 32 27 22 20
1634224441.561 55 47 35 32 26 21 18
1634224441.806 54 48 35 32 27 21 20
1634224442.054 53 50 36 33 25 20 19
1634224442.311 54 49 37 32 26 21 21
1634224442.556 55 47 35 32 26 21 20
1634224442.806 55 47 34 32 27 23 20
1634224443.055 55 48 37 34 29 23 20
1634224443.305 55 50 35 34 26 22 22
1634224443.559 55 49 39 32 27 22 21
1634224443.808 53 50 36 33 26 23 19
1634224444.055 54 48 37 33 26 23 20
1634224444.306 57 50 36 32 29 21 20
1634224444.555 55 50 35 31 26 21 19
1634224444.805 54 48 37 31 26 22 21
1634224445.055 56 50 38 35 26 21 20
1634224445.305 55 49 37 33 26 20 19
1634224445.555 55 49 36 35 26 20 20
1634224445.804 56 47 38 33 25 22 17
1634224446.055 52 48 40 34 24 22 20
1634224446.307 55 49 38 34 26 24 20
1634224446.555 56 49 37 33 26 22 20
1634224446.806 59 47 35 32 26 24 20
1634224447.057 59 49 36 33 24 20 19
1634224447.312 53 51 35 33 24 22 19
1634224447.556 56 50 36 34 24 22 20
1634224447.805 56 49 37 32 25 22 22
1634224448.056 57 48 36 34 25 25 19
1634224448.307 56 48 37 34 27 21 21
1634224448.555 57 49 35 33 24 21 20
1634224448.805 55 49 38 34 23 22 20
1634224449.066 55 49 37 34 26 22 18
1634224449.310 56 48 35 32 25 21 22
1634224449.555 56 47 37 32 27 20 19
1634224449.805 56 51 36 33 26 19 20
1634224450.055 56 48 36 31 26 20 19
1634224450.305 57 51 35 33 25 23 20
1634224450.556 56 49 35 33 26 23 19
1634224450.807 56 50 38 34 25 20 22
1634224451.060 56 49 35 33 24 23 20
1634224451.306 56 48 35 34 25 20 20
1634224451.556 61 50 36 33 26 21 20
1634224451.806 57 50 38 33 23 23 20
1634224452.058 56 47 36 33 24 21 19
1634224452.306 53 47 36 30 24 19 18
1634224452.555 55 51 36 33 25 20 21
1634224452.810 56 48 37 31 23 19 19
1634224453.055 57 49 34 33 26 21 22
1634224453.306 54 50 37 31 25 23 19
1634224453.556 56 49 39 34 25 20 18
1634224453.811 54 51 35 33 24 21 20
1634224454.056 55 49 35 34 26 21 20
1634224454.306 54 51 36 31 27 21 22
1634224454.557 53 50 37 32 26 21 19
1634224454.807 57 49 36 34 24 21 20
1634224455.055 57 48 36 34 25 21 20
1634224455.306 56 50 39 35 25 21 20
1634224455.557 53 49 37 32 25 20 19
1634224455.806 54 49 35 33 27 22 20
1634224456.057 54 50 36 31 25 21 19
1634224456.307 56 48 34 33 26 22 22
1634224456.559 56 49 38 31 27 20 19
1634224456.806 57 47 37 31 25 22 18
1634224457.056 54 51 35 31 26 22 21
1634224457.312 54 49 37 33 25 21 20
1634224457.556 57 46 36 34 24 21 21
1634224457.806 53 50 35 35 25 19 19
1634224458.061 56 49 36 33 24 21 18
1634224458.307 54 48 37 34 25 20 21
1634224458.557 58 47 36 33 25 18 21
1634224458.806 54 49 37 31 26 23 19
1634224459.057 53 50 36 33 24 21 18
1634224459.306 55 48 35 34 29 22 19
1634224459.562 54 50 35 35 24 19 20
1634224459.807 57 51 36 33 25 20 20
1634224460.056 55 48 36 33 24 20 21
1634224460.307 53 47 37 34 26 22 19
1634224460.557 55 50 36 34 28 22 21
1634224460.806 55 48 36 34 27 24 17
1634224461.057 57 49 35 35 24 21 21
1634224461.335 56 48 36 33 26 22 20
1634224461.561 58 50 39 34 24 21 21
1634224461.809 57 49 36 34 27 20 20
1634224462.058 54 50 36 32 25 20 19
1634224462.309 53 49 35 36 27 20 19
1634224462.560 55 49 36 33 26 21 20
1634224462.822 55 48 36 34 25 21 20
1634224463.058 56 50 35 34 24 21 20
1634224463.314 54 47 35 35 24 21 19
1634224463.560 53 49 36 31 23 20 19
1634224463.807 56 48 35 36 25 20 21
1634224464.064 53 49 37 32 26 23 19
1634224464.307 56 48 37 32 25 22 19
1634224464.560 57 49 36 32 25 21 21
1634224464.807 55 52 37 33 24 21 22
1634224465.057 54 48 36 31 23 20 20
1634224465.312 54 47 36 36 24 19 25
1634224465.558 54 49 35 33 25 22 19
1634224465.808 57 51 36 32 24 20 20
1634224466.060 56 49 37 34 24 20 20
1634224466.308 57 50 36 35 26 21 21
1634224466.557 54 48 39 34 27 21 21
1634224466.812 56 48 37 32 25 21 19
1634224467.058 56 48 38 35 25 20 20
1634224467.312 57 47 36 33 25 23 21
1634224467.563 53 49 37 33 25 20 23
1634224467.807 54 48 36 32 26 21 20
1634224468.058 56 48 37 33 27 21 20
1634224468.310 55 49 34 33 27 22 20
1634224468.558 55 50 35 34 27 21 20
1634224468.809 56 50 35 32 25 21 21
1634224469.059 56 49 37 32 24 21 20
1634224469.307 57 48 36 33 25 22 21
1634224469.558 56 48 36 33 25 20 20
1634224469.811 56 47 36 33 25 21 19
1634224470.058 60 49 37 31 25 21 23
1634224470.308 54 47 37 34 25 22 20
1634224470.561 57 49 36 33 25 21 20
1634224470.810 56 50 39 33 24 20 20
1634224471.060 56 48 35 34 24 20 20
1634224471.310 54 49 37 33 25 22 21
1634224471.559 56 51 36 33 24 21 21
1634224471.813 55 49 37 34 26 21 18
1634224472.059 58 51 36 32 23 22 20
1634224472.309 56 48 37 34 26 21 20
1634224472.560 55 48 36 32 24 22 20
1634224472.808 56 50 36 32 26 21 20
1634224473.059 57 48 37 34 25 21 19
1634224473.311 55 48 34 33 28 22 20
1634224473.558 53 48 35 32 25 22 20
1634224473.809 56 48 39 33 25 21 21
1634224474.059 53 47 38 34 24 23 20
1634224474.308 55 48 37 32 25 23 21
1634224474.558 54 49 36 33 24 22 18
1634224474.809 55 48 37 33 26 23 20
1634224475.060 55 49 36 32 26 22 22
1634224475.310 56 49 38 33 27 21 18
1634224475.560 53 49 37 33 26 21 18
1634224475.809 55 49 35 33 25 22 18
1634224476.059 57 47 38 33 26 20 19
1634224476.308 58 48 38 31 24 21 20
1634224476.559 56 49 36 33 25 23 18
1634224476.808 58 48 38 33 25 23 18
1634224477.059 58 49 37 32 25 22 20
1634224477.308 55 49 36 32 26 20 19
1634224477.558 57 47 36 33 26 21 20
1634224477.812 57 48 37 34 25 22 22
1634224478.059 56 49 37 32 26 21 20
1634224478.309 58 48 36 31 24 22 21
1634224478.558 54 49 36 34 25 22 18
1634224478.812 54 49 35 32 27 21 19
1634224479.059 55 50 36 32 25 22 20
1634224479.308 58 49 37 32 25 21 20
1634224479.561 55 48 35 35 26 21 20
1634224479.808 60 49 36 33 26 22 21
1634224480.063 55 49 37 32 25 21 22
1634224480.314 55 50 36 33 26 20 21
1634224480.559 55 48 34 35 26 21 20
1634224480.815 53 48 36 34 24 21 22
1634224481.061 56 48 36 34 25 21 20
1634224481.309 55 48 37 34 25 22 19
1634224481.559 55 50 38 34 28 20 19
1634224481.808 55 49 35 34 27 20 21
1634224482.059 56 52 38 32 26 21 21
1634224482.318 56 49 38 32 25 21 20
1634224482.560 56 51 36 33 26 20 19
1634224482.814 55 48 35 32 24 19 20
1634224483.059 54 48 37 34 25 20 20
1634224483.309 54 47 37 36 25 22 19
1634224483.576 55 47 36 33 26 22 17
1634224483.810 56 48 38 34 25 20 16
1634224484.066 57 49 36 32 26 22 20
1634224484.309 57 49 35 35 26 21 19
1634224484.562 56 49 36 34 25 20 19
1634224484.817 55 48 35 32 25 19 21
1634224485.060 56 48 38 33 25 20 19
1634224485.310 53 50 37 33 26 22 19
1634224485.561 56 50 37 33 24 19 20
1634224485.811 55 49 37 32 25 22 22
1634224486.060 57 49 37 33 25 20 22
1634224486.319 56 50 35 35 24 22 20
1634224486.561 58 51 36 32 25 22 21
1634224486.810 56 48 35 32 24 19 20
1634224487.060 52 49 35 33 27 21 20
1634224487.310 55 50 37 33 25 22 20
1634224487.560 55 48 36 35 26 22 19
1634224487.810 56 50 35 34 26 21 17
1634224488.063 55 48 37 32 27 21 20
1634224488.311 58 50 35 33 25 21 19
1634224488.562 54 49 36 33 23 21 23
1634224488.810 55 49 36 31 28 21 20
1634224489.060 58 48 36 33 24 21 21
1634224489.311 58 48 36 33 26 20 20
1634224489.585 55 48 37 32 24 22 20
1634224489.810 55 50 36 32 25 22 21
1634224490.061 55 50 36 33 26 21 18
1634224490.314 54 47 37 32 27 22 22
1634224490.560 56 46 36 32 24 23 20
1634224490.811 57 48 35 32 23 22 19
1634224491.061 56 49 36 34 24 21 19
1634224491.310 55 50 38 33 23 23 19
1634224491.564 56 49 36 32 25 21 21
1634224491.818 56 50 37 34 24 23 20
1634224492.060 55 47 36 31 25 21 20
1634224492.311 55 48 36 34 24 21 20
1634224492.561 57 49 36 32 27 21 20
1634224492.817 55 51 36 35 27 21 20
1634224493.060 54 51 37 33 26 21 19
1634224493.324 55 49 37 33 25 21 19
1634224493.561 55 50 36 34 28 21 20
1634224493.810 57 48 39 32 26 18 22
1634224494.062 58 50 38 32 24 21 20
1634224494.312 56 49 37 34 27 22 19
1634224494.560 54 49 36 33 25 20 19
1634224494.810 57 48 37 32 25 21 21
1634224495.063 54 51 39 31 26 20 19
1634224495.311 56 51 37 33 27 21 21
1634224495.562 55 46 37 31 25 21 22
1634224495.813 59 49 37 33 27 22 20
1634224496.061 55 48 36 33 24 21 19
1634224496.314 56 51 38 32 26 22 17
1634224496.560 56 49 35 34 22 20 21
1634224496.812 55 51 36 33 26 20 20
1634224497.064 56 48 36 34 24 21 19
1634224497.312 56 49 37 34 24 21 20
1634224497.561 58 49 35 35 25 21 19
1634224497.811 54 50 36 31 24 19 21
1634224498.060 56 52 38 34 26 20 19
1634224498.312 55 50 36 32 25 21 18
1634224498.565 53 48 35 33 25 22 20
1634224498.810 56 49 37 34 25 21 20
1634224499.061 57 47 37 35 26 22 22
1634224499.311 56 47 37 32 27 21 19
1634224499.564 57 49 36 34 24 20 20
1634224499.810 56 51 36 33 25 21 22
1634224500.061 58 49 36 32 26 20 20
1634224500.313 56 47 36 33 25 21 21
1634224500.563 57 51 36 32 25 22 20
1634224500.811 56 49 37 32 24 22 20
1634224501.061 58 48 36 33 25 19 18
1634224501.324 54 49 36 32 26 20 20
1634224501.561 56 47 38 34 23 22 20
1634224501.811 56 51 37 33 26 20 19
1634224502.061 56 51 37 32 25 21 19
1634224502.311 56 48 38 32 25 20 19
1634224502.564 54 49 38 35 25 21 20
1634224502.812 55 52 37 32 26 22 20
1634224503.065 57 48 35 33 27 23 19
1634224503.314 54 48 37 33 27 21 21
1634224503.562 56 48 37 33 28 20 20
1634224503.812 56 49 37 36 25 21 20
1634224504.062 53 49 35 33 24 20 20
1634224504.313 56 49 35 33 26 22 19
1634224504.561 53 48 37 34 26 22 20
1634224504.812 61 47 37 34 26 22 20
1634224505.063 54 50 37 33 25 22 19
1634224505.312 53 50 35 32 24 23 22
1634224505.563 54 48 37 31 27 21 19
1634224505.821 55 49 36 33 28 23 19
1634224506.062 54 50 36 34 27 20 18
1634224506.312 57 47 37 34 25 22 19
1634224506.563 56 50 37 31 26 21 19
1634224506.824 56 48 35 33 25 21 20
1634224507.061 54 49 37 34 25 21 19
1634224507.313 54 50 35 33 26 20 21
1634224507.563 56 49 35 34 27 21 22
1634224507.813 56 46 35 34 26 21 20
1634224508.062 57 50 35 33 28 21 23
1634224508.313 55 47 34 35 25 22 20
1634224508.562 55 49 37 33 27 22 20
1634224508.812 55 50 38 32 27 20 18
1634224509.064 56 51 35 32 25 21 22
1634224509.313 57 48 36 33 26 21 20
1634224509.563 55 51 37 32 26 21 18
1634224509.812 55 50 36 36 26 22 20
1634224510.062 55 48 36 33 26 22 21
1634224510.312 55 48 37 32 26 21 20
1634224510.564 54 48 35 34 25 23 21
1634224510.812 54 50 35 32 25 21 21
1634224511.064 55 50 37 35 24 23 22
1634224511.312 56 50 36 34 26 22 20
1634224511.562 56 48 36 32 26 23 22
1634224511.813 56 47 36 32 25 21 20
1634224512.064 54 48 36 32 26 20 18
1634224512.312 55 50 35 33 26 20 20
1634224512.563 55 51 36 33 27 22 19
1634224512.816 55 48 40 35 26 21 19
1634224513.064 55 49 38 32 28 21 20
1634224513.312 55 49 35 34 25 19 23
1634224513.562 54 49 37 35 24 20 21
1634224513.816 55 51 39 35 26 21 19
1634224514.064 55 47 35 34 27 20 20
1634224514.316 56 51 37 35 25 23 20
1634224514.563 54 49 36 33 27 20 21
1634224514.812 54 49 37 31 26 21 19
1634224515.063 56 49 37 34 25 20 21
1634224515.313 55 47 36 33 25 22 21
1634224515.562 57 48 35 33 27 21 21
1634224515.813 57 53 36 34 25 21 19
1634224516.063 56 48 36 34 27 21 18
1634224516.313 58 48 36 32 27 20 20
1634224516.563 57 49 36 35 24 23 19
1634224516.813 55 47 37 33 26 22 21
1634224517.063 57 49 37 34 24 20 18
1634224517.314 53 50 34 33 26 20 21
1634224517.563 54 47 36 33 26 21 21
1634224517.814 58 49 36 32 25 21 21
1634224518.063 54 48 37 33 27 21 19
1634224518.312 56 49 36 32 26 21 20
1634224518.563 56 50 35 32 28 20 20
1634224518.813 56 50 36 35 26 20 20
1634224519.062 56 51 37 33 24 20 20
1634224519.313 55 49 38 32 26 21 21
1634224519.564 58 48 37 31 28 21 20
1634224519.816 55 47 36 34 25 20 20
1634224520.063 55 48 36 33 25 22 19
1634224520.313 56 50 36 35 27 21 20
1634224520.569 57 47 37 34 25 22 20
1634224520.814 55 51 36 33 25 20 18
1634224521.063 55 50 39 31 25 20 19
1634224521.315 53 48 35 33 24 22 21
1634224521.563 54 48 35 34 26 21 21
1634224521.813 53 48 36 34 26 21 21
1634224522.063 56 51 38 32 27 21 20
1634224522.313 58 49 36 34 25 22 20
1634224522.563 54 51 36 37 25 22 20
1634224522.813 57 49 36 32 24 21 20
1634224523.064 56 48 36 33 25 23 21
1634224523.313 55 49 36 34 26 21 18
1634224523.564 57 49 35 37 27 22 21
1634224523.815 54 48 38 33 24 20 20
1634224524.064 55 49 35 33 25 22 20
1634224524.313 55 48 35 35 24 20 22
1634224524.563 56 50 35 32 25 20 20
1634224524.816 56 50 36 33 26 22 20
1634224525.064 54 49 37 32 25 22 22
1634224525.314 56 47 37 32 25 22 18
1634224525.563 56 47 36 32 25 21 18
1634224525.815 56 49 36 34 26 22 19
1634224526.063 55 48 36 34 24 20 21
1634224526.314 58 47 36 32 26 21 19
1634224526.564 55 49 36 33 26 23 21
1634224526.813 56 50 36 33 26 22 19
1634224527.069 55 49 37 34 24 21 18
1634224527.316 57 48 36 36 27 21 21
1634224527.564 55 50 37 33 24 21 20
1634224527.814 53 49 37 34 27 23 18
1634224528.065 57 51 37 34 27 22 19
1634224528.314 54 48 35 34 27 21 18
1634224528.569 56 49 36 33 24 19 20
1634224528.820 57 50 37 34 26 23 19
1634224529.065 58 51 36 33 26 21 19
1634224529.318 56 50 36 34 26 21 21
1634224529.566 55 49 35 33 26 20 17
1634224529.815 56 51 35 33 26 21 18
1634224530.071 57 49 35 34 25 20 19
1634224530.315 54 47 37 34 26 22 19
1634224530.577 56 48 35 31 25 22 19
1634224530.820 55 50 36 33 25 22 19
1634224531.064 55 51 35 34 23 23 21
1634224531.321 57 50 37 32 26 20 19
1634224531.570 56 49 35 33 25 23 20
1634224531.815 55 49 37 33 25 20 21
1634224532.066 55 48 36 31 24 20 21
1634224532.315 56 49 35 33 24 19 20
1634224532.564 56 48 35 36 27 23 18
1634224532.818 54 49 37 34 25 22 20
1634224533.069 56 47 36 34 26 21 20
1634224533.315 55 48 36 37 26 20 19
1634224533.566 54 50 36 34 25 21 19
1634224533.814 56 51 38 33 24 22 18
1634224534.065 57 48 38 33 26 21 21
1634224534.316 55 48 35 34 25 23 22
1634224534.564 55 50 36 34 24 22 19
1634224534.814 56 49 34 35 27 20 22
1634224535.066 55 49 35 35 26 22 19
1634224535.317 56 50 37 32 29 20 20
1634224535.566 54 50 37 34 24 22 19
1634224535.816 56 48 36 32 23 23 22
1634224536.064 57 47 36 32 26 21 21
1634224536.315 54 48 37 33 28 21 19
1634224536.566 56 49 35 32 24 20 20
1634224536.814 56 48 39 34 24 21 20
1634224537.065 57 49 36 32 24 22 19
1634224537.315 57 50 36 34 27 22 20
1634224537.565 56 50 36 32 27 22 23
1634224537.816 54 48 37 32 25 19 19
1634224538.068 55 49 36 34 27 23 22
1634224538.315 55 49 35 33 24 22 21
1634224538.566 55 50 37 34 25 22 20
1634224538.816 55 51 37 33 26 20 20
1634224539.065 57 48 36 34 25 21 18
1634224539.315 56 47 35 33 24 20 20
1634224539.565 55 50 35 33 26 21 18
1634224539.816 57 49 38 34 24 22 21
1634224540.065 58 51 37 34 24 24 20
1634224540.315 57 49 39 34 24 22 18
1634224540.567 56 51 37 32 28 21 23
1634224540.815 55 49 35 33 26 21 21
1634224541.065 56 50 36 32 28 21 20
1634224541.316 54 49 37 34 25 21 21
1634224541.565 55 49 39 32 28 19 19
1634224541.817 58 48 36 33 25 22 21
1634224542.065 57 50 37 34 23 20 20
1634224542.315 57 49 37 31 23 20 20
1634224542.565 54 49 36 33 27 21 20
1634224542.815 57 48 36 34 24 20 20
1634224543.065 54 48 36 34 25 22 19
1634224543.316 57 51 36 34 25 21 20
1634224543.565 55 47 37 32 24 22 19
1634224543.815 54 49 37 34 24 21 19
1634224544.066 53 48 36 31 24 20 21
1634224544.315 55 47 36 34 25 21 19
1634224544.566 53 49 39 31 27 20 21
1634224544.816 55 50 35 33 26 20 20
1634224545.065 55 50 37 34 25 19 20
1634224545.320 55 49 38 32 26 20 19
1634224545.565 55 50 36 33 25 22 20
1634224545.816 56 48 37 32 24 19 21
1634224546.067 57 48 37 34 24 20 20
1634224546.315 55 49 36 34 25 21 20
1634224546.565 54 47 35 31 26 20 19
1634224546.817 56 48 34 33 25 24 18
1634224547.066 56 50 35 34 25 21 19
1634224547.316 54 47 36 33 27 22 19
1634224547.566 55 48 35 33 28 22 19
1634224547.816 52 51 39 32 25 22 20
1634224548.066 55 50 38 33 25 20 20
1634224548.317 55 49 35 32 25 22 23
1634224548.565 53 50 37 33 26 22 19
1634224548.817 55 48 36 36 25 20 21
1634224549.074 53 50 37 33 26 20 19
1634224549.316 54 48 35 32 23 20 20
1634224549.568 55 48 36 31 24 21 21
1634224549.817 56 50 38 32 25 21 19
1634224550.066 55 50 35 32 26 22 20
1634224550.319 54 49 35 34 27 20 18
1634224550.572 56 48 36 34 25 22 20
1634224550.816 58 50 37 32 26 20 20
1634224551.068 55 48 38 34 28 20 21
1634224551.316 54 49 36 34 25 20 19
1634224551.566 55 49 37 33 27 21 18
1634224551.817 56 48 35 34 26 22 18
1634224552.084 56 53 37 32 24 21 20
1634224552.316 57 48 39 33 24 24 21
1634224552.568 58 49 37 33 26 22 20
1634224552.820 55 48 37 34 24 21 20
1634224553.068 54 47 35 32 26 23 20
1634224553.319 55 48 35 33 25 21 19
1634224553.575 54 49 37 35 26 20 20
1634224553.818 55 48 37 32 25 21 17
1634224554.066 56 49 35 34 24 22 20
1634224554.320 58 48 38 34 27 21 20
1634224554.567 58 49 36 33 26 23 20
1634224554.817 56 47 37 33 25 21 22
1634224555.082 54 47 35 32 28 21 18
1634224555.317 56 49 36 36 25 22 19
1634224555.567 54 49 38 33 25 21 22
1634224555.816 56 49 36 33 24 21 20
1634224556.069 56 50 35 33 27 21 19
