1633941615.248 48 33 28 16 11 12 6
1633941615.536 48 31 30 18 11 11 8
1633941615.748 46 32 29 17 11 11 7
1633941615.998 45 34 28 18 11 14 9
1633941616.248 44 32 26 20 11 14 8
1633941616.499 48 33 27 17 13 13 5
1633941616.748 46 34 30 16 12 13 6
1633941616.997 45 33 25 16 9 14 6
1633941617.249 46 32 27 20 10 12 7
1633941617.500 47 36 27 18 10 12 5
1633941617.747 47 33 27 20 10 13 5
1633941617.997 46 33 26 19 9 13 6
1633941618.252 47 31 26 19 9 13 5
1633941618.497 45 32 26 17 9 12 6
1633941618.750 48 35 26 18 11 13 7
1633941618.997 47 33 27 18 10 11 6
1633941619.250 46 32 28 17 10 12 8
1633941619.498 47 31 27 18 11 12 7
1633941619.748 46 31 28 18 12 14 6
1633941619.998 45 34 26 18 13 12 8
1633941620.251 46 31 26 17 11 15 7
1633941620.497 46 32 26 16 9 15 6
1633941620.750 46 33 26 17 13 14 7
1633941620.997 44 32 27 17 10 14 6
1633941621.248 45 31 28 18 12 12 6
1633941621.497 47 32 27 18 10 12 7
1633941621.747 48 32 28 20 11 11 6
1633941621.997 43 33 29 20 10 13 6
1633941622.247 47 35 26 19 10 15 5
1633941622.498 48 31 27 17 10 13 5
1633941622.747 47 31 28 18 10 12 6
1633941622.997 46 31 26 17 13 13 7
1633941623.247 47 32 27 17 13 12 8
1633941623.503 48 34 27 19 10 12 8
1633941623.748 45 31 27 20 11 12 7
1633941623.998 46 31 27 18 11 12 8
1633941624.262 46 30 25 18 9 15 8
1633941624.498 46 31 27 17 9 12 8
1633941624.749 46 33 29 19 12 10 7
1633941625.005 46 31 27 18 9 12 6
1633941625.249 46 32 27 18 12 12 6
1633941625.497 47 31 26 18 9 13 9
1633941625.747 46 32 26 19 10 12 6
1633941626.002 44 30 27 20 9 13 7
1633941626.249 47 34 28 19 11 14 7
1633941626.497 49 33 27 20 9 14 6
1633941626.747 47 35 27 18 11 13 6
1633941627.008 48 31 28 19 11 13 5
1633941627.249 46 32 27 16 12 12 6
1633941627.497 48 30 28 18 11 11 6
1633941627.753 46 30 27 19 9 14 6
1633941628.000 47 34 28 16 11 13 7
1633941628.249 46 32 28 19 11 12 6
1633941628.499 45 33 27 17 10 12 7
1633941628.750 44 34 28 19 10 10 5
1633941628.999 46 33 27 19 11 14 7
1633941629.259 45 33 27 18 11 14 8
1633941629.500 45 32 27 19 10 12 7
1633941629.751 46 33 27 17 10 13 7
1633941630.000 44 30 25 20 11 13 7
1633941630.249 45 34 26 18 11 12 8
1633941630.497 45 33 28 19 12 13 8
1633941630.750 47 33 28 19 10 12 8
1633941631.001 45 34 29 15 11 11 10
1633941631.251 45 31 29 17 10 14 6
1633941631.501 45 34 29 17 11 12 6
1633941631.750 45 32 29 19 10 10 8
1633941631.999 47 34 28 18 14 12 6
1633941632.249 45 32 28 17 10 12 5
1633941632.501 45 31 30 17 9 12 6
1633941632.748 46 31 29 19 12 13 6
1633941632.999 46 32 28 17 9 13 7
1633941633.256 45 33 28 17 11 12 7
1633941633.499 48 33 29 16 10 13 6
1633941633.748 46 31 26 18 9 10 10
1633941634.001 47 31 27 17 11 12 8
1633941634.251 46 31 28 18 11 13 7
1633941634.500 46 32 29 18 12 13 7
1633941634.752 46 32 25 18 12 10 6
1633941634.998 45 33 28 18 10 12 5
1633941635.249 46 32 28 17 10 12 7
1633941635.501 44 33 28 16 9 14 6
1633941635.748 45 33 27 17 10 15 8
1633941636.000 46 32 30 19 10 11 7
1633941636.251 45 30 27 18 11 12 11
1633941636.500 46 30 27 20 11 13 7
1633941636.750 45 31 28 17 10 13 9
1633941636.999 46 32 29 16 9 12 6
1633941637.250 48 33 26 18 12 12 5
1633941637.498 44 34 27 20 10 13 8
1633941637.749 46 34 27 20 11 12 7
1633941637.999 47 31 27 16 11 13 7
1633941638.250 46 31 27 16 10 13 6
1633941638.499 46 33 29 19 9 12 6
1633941638.749 44 33 29 16 11 12 6
1633941639.000 47 31 27 19 10 14 8
1633941639.251 45 32 29 19 11 13 7
1633941639.498 47 32 26 16 10 14 6
1633941639.755 46 31 27 18 11 12 10
1633941640.000 47 30 28 19 11 13 7
1633941640.249 45 30 27 19 9 12 5
1633941640.499 47 31 28 18 11 13 6
1633941640.754 47 31 27 20 10 15 8
1633941640.998 44 33 30 17 10 14 6
1633941641.248 46 32 28 17 11 12 7
1633941641.498 47 33 27 18 11 13 6
1633941641.769 44 32 26 19 10 12 9
1633941641.998 45 31 26 19 10 12 7
1633941642.248 46 31 28 18 12 14 6
1633941642.500 46 32 27 16 10 13 6
1633941642.753 45 32 27 16 9 15 7
1633941642.999 45 30 27 17 10 12 5
1633941643.249 46 31 28 17 8 14 7
1633941643.501 45 33 27 17 11 13 6
1633941643.748 46 33 28 19 11 11 7
1633941643.998 46 33 29 16 9 13 7
1633941644.249 48 36 27 17 8 13 5
1633941644.502 46 32 27 19 10 14 8
1633941644.749 46 33 27 18 10 13 7
1633941645.000 46 34 28 19 12 11 7
1633941645.250 45 30 26 17 12 13 6
1633941645.499 45 31 30 18 9 16 8
1633941645.749 46 31 27 17 10 12 6
1633941646.020 44 32 26 18 13 14 6
1633941646.250 45 34 27 17 10 14 6
1633941646.499 46 33 27 17 10 13 6
1633941646.763 45 33 27 17 12 12 8
1633941647.003 44 31 28 17 9 12 6
1633941647.249 45 33 28 17 10 14 7
1633941647.505 46 32 28 17 9 12 9
1633941647.750 46 32 29 20 10 12 6
1633941647.998 46 34 28 18 9 12 8
1633941648.254 48 34 29 19 10 13 7
1633941648.500 47 32 27 16 10 12 5
1633941648.749 45 31 30 17 10 14 7
1633941649.003 47 34 28 19 9 14 9
1633941649.249 44 31 28 20 10 12 4
1633941649.498 46 32 27 18 10 13 9
1633941649.754 45 34 30 16 10 14 9
1633941650.001 44 33 28 17 10 12 8
1633941650.250 48 34 27 18 10 12 7
1633941650.508 46 31 28 17 10 17 6
1633941650.751 46 31 31 16 12 14 7
1633941651.004 46 32 26 19 10 14 7
1633941651.252 46 32 26 18 10 14 8
1633941651.502 45 32 27 18 9 12 7
1633941651.752 45 32 28 17 11 13 6
1633941652.001 44 33 29 19 12 13 7
1633941652.249 44 32 27 18 10 13 6
1633941652.502 45 32 28 17 12 13 7
1633941652.753 45 34 28 17 10 12 7
1633941652.999 45 34 28 17 9 12 7
1633941653.251 47 31 27 19 11 12 6
1633941653.502 47 33 28 19 10 12 6
1633941653.755 44 32 26 19 10 13 6
1633941654.002 45 31 26 18 10 15 7
1633941654.250 44 32 28 18 10 14 8
1633941654.501 45 31 28 18 10 15 6
1633941654.750 44 34 28 20 10 15 6
1633941655.000 47 33 27 18 10 13 5
1633941655.250 44 30 29 19 10 12 8
1633941655.500 44 32 27 18 10 13 6
1633941655.751 45 32 28 18 11 15 5
1633941656.001 45 32 26 19 9 11 5
1633941656.253 47 34 26 17 10 13 6
1633941656.500 44 32 27 20 12 14 7
1633941656.750 46 33 28 16 10 16 8
1633941656.999 45 35 30 18 8 13 6
1633941657.250 46 31 27 18 11 12 7
1633941657.504 46 31 29 17 10 15 7
1633941657.750 44 31 28 18 10 12 9
1633941658.002 45 32 28 16 9 13 6
1633941658.252 44 35 27 17 10 14 6
1633941658.504 44 33 29 17 10 11 6
1633941658.751 48 31 28 19 8 15 6
1633941659.000 47 32 28 18 10 12 8
1633941659.252 46 32 30 20 10 14 6
1633941659.499 44 32 27 19 10 14 7
1633941659.752 44 32 27 19 11 13 9
1633941659.999 46 36 27 18 9 14 6
1633941660.250 46 31 27 16 9 13 7
1633941660.503 45 32 27 19 11 16 8
1633941660.751 45 32 28 16 10 12 7
1633941661.001 45 32 27 18 10 14 5
1633941661.249 47 32 27 17 11 14 9
1633941661.503 46 32 31 19 10 11 6
1633941661.750 44 33 28 19 10 11 8
1633941662.000 45 32 26 18 13 12 8
1633941662.252 47 33 28 18 9 13 7
1633941662.514 46 31 28 18 11 13 8
1633941662.749 45 32 27 19 11 13 7
1633941663.000 45 32 28 19 10 12 5
1633941663.252 45 30 27 17 10 14 6
1633941663.500 44 32 26 19 10 14 7
1633941663.749 46 33 28 18 11 13 6
1633941664.001 46 31 27 19 11 12 7
1633941664.253 46 33 28 17 12 13 9
1633941664.500 45 32 28 18 10 14 8
1633941664.749 46 32 30 19 12 12 6
1633941665.000 46 31 29 19 13 11 8
1633941665.271 45 32 30 19 9 12 5
1633941665.500 46 32 27 17 11 14 7
1633941665.751 47 30 27 18 9 13 6
1633941666.001 45 32 28 19 11 11 8
1633941666.251 46 31 28 18 11 14 6
1633941666.501 43 32 28 17 9 13 6
1633941666.751 45 33 28 20 10 12 7
1633941667.014 47 33 28 18 10 14 8
1633941667.251 45 33 26 20 11 13 6
1633941667.502 47 31 29 17 11 12 9
1633941667.755 46 31 27 18 10 14 7
1633941668.006 46 31 27 19 9 12 5
1633941668.250 47 32 28 18 12 14 7
1633941668.516 45 33 30 19 11 12 6
1633941668.754 45 32 26 18 10 12 8
1633941669.001 46 31 28 19 10 13 7
1633941669.251 45 32 26 20 10 12 7
1633941669.503 46 32 29 17 9 13 8
1633941669.751 46 33 27 19 10 11 8
1633941670.001 45 31 27 19 11 15 5
1633941670.257 46 32 26 16 9 13 6
1633941670.501 45 33 25 17 10 12 9
1633941670.761 45 34 27 18 10 13 7
1633941671.004 46 33 30 18 10 13 5
1633941671.252 47 32 27 17 9 15 6
1633941671.502 46 30 27 18 11 12 6
1633941671.754 47 33 27 19 10 11 6
1633941672.001 46 33 27 19 12 14 5
1633941672.251 46 31 27 20 10 12 11
1633941672.501 45 32 27 17 10 12 7
1633941672.752 47 33 29 16 12 11 7
1633941673.001 45 34 26 17 10 13 8
1633941673.252 46 32 25 17 9 13 8
1633941673.503 44 30 27 18 9 16 5
1633941673.750 43 31 28 19 10 13 5
1633941674.001 45 32 27 20 12 11 7
1633941674.252 45 32 28 18 10 14 7
1633941674.503 44 30 26 19 11 13 7
1633941674.751 45 31 27 16 11 15 9
1633941675.002 47 31 27 18 10 13 6
1633941675.253 49 33 28 20 9 13 7
1633941675.501 45 33 30 20 13 13 6
1633941675.752 47 32 28 17 13 12 5
1633941676.002 46 32 29 19 11 10 5
1633941676.253 45 35 28 17 11 11 6
1633941676.501 47 32 28 19 10 12 6
1633941676.752 45 31 29 16 10 15 7
1633941677.003 45 32 27 21 10 14 8
1633941677.251 47 34 28 18 12 11 10
1633941677.500 45 33 26 17 11 12 6
1633941677.752 47 34 27 18 12 13 5
1633941678.000 48 33 26 18 10 11 6
1633941678.251 46 32 28 21 12 13 8
1633941678.504 45 33 27 19 11 13 8
1633941678.751 45 34 26 17 9 12 6
1633941679.001 45 30 27 17 12 13 8
1633941679.254 44 33 28 17 10 13 6
1633941679.502 47 33 28 16 10 12 7
1633941679.753 45 32 32 17 10 13 9
1633941680.000 46 33 27 19 10 14 5
1633941680.251 46 34 29 17 10 14 7
1633941680.505 46 33 29 17 11 13 6
1633941680.751 46 30 26 18 11 12 9
1633941681.003 46 31 29 19 11 12 7
1633941681.251 48 33 28 16 10 13 8
1633941681.501 46 33 28 19 11 14 11
1633941681.752 46 32 27 17 10 14 7
1633941682.002 47 33 29 18 12 12 8
1633941682.253 47 32 28 16 12 12 5
1633941682.501 46 33 28 17 10 13 8
1633941682.757 48 35 27 17 10 15 8
1633941683.001 46 33 27 20 14 11 5
1633941683.253 46 33 28 20 11 11 6
1633941683.501 45 31 29 18 10 14 6
1633941683.750 44 32 29 18 9 12 8
1633941684.001 45 33 28 19 9 14 6
1633941684.252 46 32 26 17 9 12 6
1633941684.509 44 33 27 17 10 12 6
1633941684.751 46 31 27 18 10 13 8
1633941685.001 47 33 28 19 10 12 7
1633941685.253 46 33 28 18 10 13 7
1633941685.504 44 31 28 20 11 11 7
1633941685.753 45 32 28 18 11 14 7
1633941686.003 45 32 29 19 11 15 9
1633941686.253 46 32 29 20 12 13 4
1633941686.505 45 33 28 16 9 12 7
1633941686.752 48 30 27 18 11 13 6
1633941687.002 45 31 28 19 11 13 6
1633941687.254 44 34 28 19 12 12 7
1633941687.501 46 31 27 19 8 12 8
1633941687.751 49 31 30 18 10 13 6
1633941688.001 49 32 27 20 9 12 6
1633941688.267 45 31 27 18 12 13 5
1633941688.501 46 31 29 19 12 12 7
1633941688.759 45 31 30 18 12 13 6
1633941689.006 46 30 27 18 10 14 9
1633941689.252 45 31 27 16 11 13 7
1633941689.503 44 30 28 17 11 15 8
1633941689.757 47 33 26 17 10 14 7
1633941690.003 45 33 29 17 10 12 7
1633941690.263 47 32 26 20 11 11 6
1633941690.503 44 30 30 19 11 11 7
1633941690.751 44 30 27 18 13 12 6
1633941691.002 46 34 29 19 10 15 8
1633941691.253 45 32 27 19 13 11 9
1633941691.502 45 31 27 19 10 13 8
1633941691.754 46 33 27 17 9 13 7
1633941692.005 45 32 27 17 10 13 9
1633941692.252 44 32 28 18 12 13 7
1633941692.510 46 32 28 18 11 11 5
1633941692.754 47 29 28 21 11 12 7
1633941693.003 45 31 28 18 9 12 7
1633941693.268 45 31 28 18 12 12 6
1633941693.509 44 31 29 18 10 12 7
1633941693.752 44 31 30 19 11 13 5
1633941694.003 45 32 29 16 11 13 5
1633941694.254 44 31 28 17 13 14 7
1633941694.502 44 31 28 17 13 14 5
1633941694.757 43 29 26 18 10 13 7
1633941695.002 47 31 26 18 12 13 7
1633941695.254 44 34 26 17 13 13 6
1633941695.503 47 31 27 18 10 11 6
1633941695.753 45 33 27 19 10 12 8
1633941696.003 45 32 27 19 11 11 6
1633941696.253 47 32 25 15 12 12 7
1633941696.504 45 33 28 21 11 10 7
1633941696.752 46 31 28 18 11 12 7
1633941697.002 45 32 28 17 10 12 4
1633941697.253 46 33 26 18 11 12 8
1633941697.502 44 32 27 20 11 12 4
1633941697.755 44 32 27 18 13 12 6
1633941698.001 47 31 26 20 11 11 8
1633941698.252 47 30 27 16 12 12 7
1633941698.501 44 33 28 19 11 13 6
1633941698.755 45 33 28 21 12 14 7
1633941699.002 45 33 27 16 12 12 6
1633941699.252 44 31 28 16 11 13 4
1633941699.502 44 32 29 19 13 12 6
1633941699.756 44 33 27 20 9 13 6
1633941700.002 46 32 31 20 11 12 7
1633941700.251 44 32 28 18 10 11 7
1633941700.516 45 33 29 19 11 15 6
1633941700.755 45 32 26 18 11 12 7
1633941701.002 45 32 26 17 10 11 7
1633941701.253 47 30 29 17 11 12 8
1633941701.505 46 33 29 18 11 13 7
1633941701.753 46 34 28 17 11 13 9
1633941702.002 45 30 28 19 10 13 5
1633941702.252 43 32 29 17 11 13 6
1633941702.504 47 31 28 19 11 11 9
1633941702.754 47 30 28 18 11 12 6
1633941703.003 45 33 29 19 12 14 8
1633941703.253 45 32 31 17 13 12 8
1633941703.502 47 33 27 18 12 14 8
1633941703.757 45 33 26 18 10 13 7
1633941704.004 46 31 27 19 10 12 8
1633941704.252 46 31 29 18 13 14 7
1633941704.502 46 34 27 16 11 12 6
1633941704.752 44 32 26 18 10 14 5
1633941705.002 46 32 29 17 11 12 7
1633941705.252 45 33 29 19 10 11 6
1633941705.503 46 30 28 17 13 13 6
1633941705.753 48 32 27 19 10 12 8
1633941706.003 45 32 29 17 9 12 8
1633941706.253 44 34 28 17 10 12 7
1633941706.517 45 32 28 20 12 12 5
1633941706.752 47 31 27 20 10 12 5
1633941707.002 46 31 28 17 11 12 6
1633941707.257 44 34 27 19 11 12 7
1633941707.506 46 31 27 22 11 13 6
1633941707.752 46 32 28 19 11 13 5
1633941708.003 46 31 26 18 12 12 7
1633941708.260 44 33 28 18 12 13 5
1633941708.502 47 31 29 15 11 11 7
1633941708.754 49 33 26 18 12 14 7
1633941709.007 47 31 28 19 9 12 7
1633941709.254 46 30 25 18 11 13 8
1633941709.502 45 31 29 18 11 11 7
1633941709.755 45 32 29 18 11 14 7
1633941710.008 47 34 27 20 10 12 5
1633941710.253 44 30 28 16 9 12 5
1633941710.507 44 34 28 18 11 12 7
1633941710.757 45 31 29 18 13 12 7
1633941711.003 45 32 27 20 11 12 6
1633941711.252 44 33 27 17 10 12 8
1633941711.504 48 32 27 18 12 15 6
1633941711.752 45 33 27 17 9 11 8
1633941712.004 48 33 28 16 13 13 6
1633941712.257 44 31 27 19 11 14 5
1633941712.502 45 33 29 17 12 11 8
1633941712.754 44 32 27 18 12 11 9
1633941713.004 45 31 28 19 10 12 8
1633941713.253 47 31 26 17 11 11 6
1633941713.506 48 32 28 17 12 12 4
1633941713.755 45 33 28 18 12 11 7
1633941714.002 44 30 28 17 10 13 7
1633941714.254 45 33 30 18 14 12 6
1633941714.505 44 30 28 17 11 13 6
1633941714.755 45 32 30 19 12 13 7
1633941715.005 46 33 28 17 11 13 5
1633941715.253 45 32 28 20 11 11 6
1633941715.506 48 31 26 16 12 10 6
1633941715.755 46 32 28 19 11 13 6
1633941716.004 46 33 28 19 11 13 7
1633941716.254 45 34 26 16 11 13 4
1633941716.503 46 33 30 18 11 12 8
1633941716.755 46 29 29 17 11 12 7
1633941717.002 44 33 27 17 10 12 7
1633941717.253 46 32 29 20 10 13 8
1633941717.506 44 32 27 19 10 12 6
1633941717.754 47 31 26 19 10 11 8
1633941718.004 46 32 28 18 13 12 7
1633941718.257 47 32 28 19 10 13 8
1633941718.503 46 33 28 16 12 12 11
1633941718.753 44 31 28 18 11 11 8
1633941719.004 43 34 29 18 10 12 8
1633941719.253 45 33 26 16 11 14 6
1633941719.505 45 35 27 19 14 12 7
1633941719.755 47 33 28 19 10 13 7
1633941720.004 50 31 27 17 12 11 6
1633941720.254 48 32 27 17 11 11 7
1633941720.506 46 31 29 19 12 11 9
1633941720.754 46 33 28 18 12 14 6
1633941721.004 45 30 28 19 11 12 7
1633941721.254 46 32 28 19 12 14 7
1633941721.503 45 32 26 19 11 13 6
1633941721.754 45 30 29 18 11 11 6
1633941722.003 46 32 28 18 11 13 6
1633941722.254 46 31 27 19 11 13 7
1633941722.504 45 35 26 18 11 13 6
1633941722.754 46 33 26 17 10 13 8
1633941723.003 46 31 29 16 12 11 7
1633941723.254 45 33 27 19 10 11 8
1633941723.507 45 31 27 18 12 14 6
1633941723.753 48 32 27 18 12 13 5
1633941724.003 45 33 28 19 11 14 6
1633941724.253 46 30 29 16 10 13 6
1633941724.503 44 33 27 19 12 14 6
1633941724.753 45 32 29 19 10 12 8
1633941725.003 47 30 28 19 12 12 9
1633941725.255 44 33 28 19 9 12 6
1633941725.504 47 32 28 19 12 14 8
1633941725.754 45 32 29 19 12 11 5
1633941726.003 48 31 28 17 10 14 7
1633941726.255 47 35 28 18 10 13 9
1633941726.503 45 33 28 19 13 12 8
1633941726.753 46 32 27 20 10 11 6
1633941727.003 47 31 29 16 9 12 5
1633941727.254 46 31 27 17 10 12 6
1633941727.503 48 32 28 20 12 14 5
1633941727.753 46 33 28 18 12 13 8
1633941728.015 45 32 28 19 12 11 5
1633941728.254 48 33 30 17 11 11 7
1633941728.503 44 32 27 17 10 12 7
1633941728.761 46 33 26 20 11 13 7
1633941729.004 46 33 27 17 12 12 5
1633941729.254 45 33 28 19 9 15 7
1633941729.511 44 31 27 19 11 15 6
1633941729.755 46 31 27 21 10 11 6
1633941730.004 44 34 27 18 11 14 8
1633941730.258 46 32 26 17 11 12 6
1633941730.504 45 33 28 18 10 12 5
1633941730.757 46 31 29 17 10 13 6
1633941731.007 44 34 26 18 11 12 10
1633941731.255 44 31 31 20 11 13 7
1633941731.519 44 31 28 18 12 13 6
1633941731.754 45 32 28 19 13 12 6
1633941732.005 46 31 26 18 12 14 7
1633941732.268 44 33 27 20 11 12 5
1633941732.505 44 32 29 17 8 12 7
1633941732.755 46 33 27 19 9 12 6
1633941733.008 45 32 33 18 11 14 7
1633941733.254 44 32 27 18 9 14 6
1633941733.519 46 32 27 19 8 13 5
1633941733.753 46 31 30 18 12 15 9
1633941734.019 43 31 27 19 10 14 6
1633941734.271 45 30 27 21 11 13 6
1633941734.505 47 35 28 18 10 13 8
1633941734.768 46 30 24 18 10 13 6
1633941735.003 44 34 28 20 10 12 8
1633941735.272 46 33 27 18 11 11 8
1633941735.507 45 32 27 17 10 11 6
1633941735.756 44 31 28 19 10 14 6
1633941736.007 46 31 28 20 12 13 6
1633941736.254 44 32 28 18 13 13 6
1633941736.508 45 34 26 20 11 12 5
1633941736.759 46 34 32 16 12 11 5
1633941737.005 45 32 27 17 9 13 6
1633941737.256 47 32 26 19 12 14 8
1633941737.505 44 31 27 20 11 12 6
1633941737.754 45 35 26 21 9 16 7
1633941738.005 48 33 27 19 11 12 8
1633941738.254 44 32 26 20 11 12 8
1633941738.506 44 33 28 17 11 14 6
1633941738.756 46 32 26 18 11 12 7
1633941739.007 47 32 27 18 11 11 6
1633941739.255 46 32 27 17 10 12 4
1633941739.508 48 31 29 21 11 11 9
1633941739.756 45 36 28 19 11 13 8
1633941740.005 45 33 26 19 9 13 5
1633941740.255 47 32 26 19 11 12 7
1633941740.506 46 32 28 17 13 12 7
1633941740.755 46 33 27 18 10 12 7
1633941741.005 45 33 27 17 10 13 7
1633941741.263 46 33 27 18 10 11 5
1633941741.504 46 33 27 17 12 13 7
1633941741.757 45 31 27 18 12 13 7
1633941742.006 44 33 25 20 11 11 7
1633941742.254 45 32 28 19 11 13 8
1633941742.505 46 33 31 18 13 12 7
1633941742.758 44 33 27 19 11 12 5
1633941743.007 44 32 28 19 14 13 6
1633941743.256 45 32 25 22 12 14 7
1633941743.505 46 32 28 19 9 14 6
1633941743.754 46 33 26 17 11 11 5
1633941744.006 46 32 27 18 12 11 8
1633941744.254 48 32 29 18 11 13 7
1633941744.506 43 32 29 19 10 12 4
1633941744.755 46 31 28 19 9 12 6
1633941745.004 44 32 28 18 12 12 7
1633941745.254 47 34 25 19 10 12 6
1633941745.505 50 30 28 19 12 14 7
1633941745.754 46 33 29 18 11 11 8
1633941746.004 45 33 28 18 12 12 5
1633941746.255 44 32 28 19 14 13 8
1633941746.506 47 30 26 18 11 11 6
1633941746.754 45 33 26 17 11 12 6
1633941747.004 45 32 27 18 9 12 7
1633941747.254 46 31 28 17 12 13 8
1633941747.504 44 32 27 19 14 11 7
1633941747.758 45 33 26 18 11 12 8
1633941748.004 47 33 28 19 11 11 7
1633941748.254 44 32 29 19 12 12 10
1633941748.507 47 33 27 20 13 13 6
1633941748.756 46 33 28 18 11 12 6
1633941749.004 47 33 25 17 13 12 6
1633941749.255 48 32 27 15 10 13 6
1633941749.505 45 32 28 18 9 12 7
1633941749.762 45 33 28 21 11 13 6
1633941750.004 46 33 28 20 12 10 10
1633941750.254 47 35 29 15 12 11 6
1633941750.510 47 31 28 17 12 13 8
1633941750.755 46 33 26 19 14 12 7
1633941751.004 45 31 28 18 9 13 5
1633941751.255 43 31 26 17 10 13 7
1633941751.510 46 33 30 19 9 13 6
1633941751.758 46 32 28 18 10 14 6
1633941752.006 44 34 26 20 10 11 6
1633941752.255 45 31 27 18 13 12 5
1633941752.513 43 30 28 19 12 14 6
1633941752.759 48 32 29 20 10 13 8
1633941753.005 47 35 29 17 11 13 8
1633941753.269 47 34 27 19 10 13 6
1633941753.509 46 31 26 18 10 12 10
1633941753.756 44 34 27 18 13 11 6
1633941754.006 46 33 30 17 13 12 9
1633941754.259 45 31 28 19 11 13 6
1633941754.504 46 31 28 20 10 10 5
1633941754.770 45 32 28 16 10 10 6
1633941755.013 48 32 26 16 11 12 6
1633941755.255 46 31 26 16 11 12 9
1633941755.514 45 31 27 17 12 13 6
1633941755.758 44 32 27 19 12 13 8
1633941756.005 46 33 30 19 9 10 9
1633941756.261 45 33 28 19 10 11 5
1633941756.507 45 33 27 18 12 12 5
1633941756.755 45 30 28 18 13 10 6
1633941757.009 46 31 26 19 10 11 7
1633941757.257 47 33 28 18 12 11 7
1633941757.507 46 31 28 20 11 11 6
1633941757.758 47 31 26 19 9 12 7
1633941758.006 45 30 33 19 10 12 8
1633941758.255 44 31 28 18 12 14 6
1633941758.506 46 34 29 17 11 14 9
1633941758.762 47 32 27 19 11 11 8
1633941759.005 45 33 29 18 11 11 6
1633941759.256 47 32 29 17 10 13 5
1633941759.507 46 32 27 19 8 13 7
1633941759.758 47 32 28 18 9 12 7
1633941760.006 46 34 28 21 10 14 7
1633941760.256 47 34 25 20 10 13 6
1633941760.506 45 32 27 18 9 12 6
1633941760.756 45 36 29 19 13 13 7
1633941761.006 44 32 26 17 11 13 5
1633941761.257 44 34 28 16 11 13 7
1633941761.505 47 33 28 20 11 12 6
1633941761.757 47 32 27 18 12 13 7
1633941762.007 46 30 28 17 11 13 8
1633941762.255 47 33 28 19 11 12 6
1633941762.508 44 32 26 17 11 11 6
1633941762.756 47 34 28 17 10 12 7
1633941763.005 47 33 27 18 11 12 5
1633941763.256 48 31 27 18 11 11 8
1633941763.509 47 33 28 19 12 14 8
1633941763.756 45 31 27 21 11 11 6
1633941764.005 45 32 29 19 11 13 6
1633941764.258 46 33 29 21 11 12 6
1633941764.508 46 34 31 19 13 12 6
1633941764.755 45 30 28 20 14 12 7
1633941765.005 45 32 27 17 11 12 4
1633941765.258 46 32 27 19 11 12 7
1633941765.505 46 32 27 18 13 13 6
1633941765.755 46 33 26 17 10 11 8
1633941766.005 45 32 26 18 12 11 7
1633941766.256 47 30 28 16 11 14 8
1633941766.506 46 31 26 17 13 13 7
1633941766.755 46 33 28 16 10 12 7
1633941767.007 45 34 28 19 9 12 7
1633941767.257 46 33 26 19 13 13 7
1633941767.505 47 31 29 17 12 13 6
1633941767.755 48 35 28 17 11 10 7
1633941768.007 44 32 27 19 11 14 4
1633941768.255 47 34 28 21 9 13 10
1633941768.505 45 31 29 18 11 11 6
1633941768.756 44 33 28 17 10 12 7
1633941769.005 47 32 27 18 10 10 5
1633941769.255 46 31 26 19 11 12 6
1633941769.507 45 31 27 19 11 13 6
1633941769.756 46 31 27 17 12 10 8
1633941770.005 45 33 27 18 10 13 6
1633941770.257 45 34 28 19 10 14 6
1633941770.506 43 32 28 17 9 14 7
1633941770.761 46 31 27 20 10 10 6
1633941771.006 46 33 27 18 13 12 8
1633941771.255 47 32 29 20 10 12 6
1633941771.512 49 32 27 19 11 12 7
1633941771.756 46 32 27 17 11 12 6
1633941772.007 46 33 26 20 12 11 7
1633941772.277 43 32 28 17 11 12 8
1633941772.506 45 33 29 20 11 15 7
1633941772.764 45 32 28 19 12 12 7
1633941773.020 44 31 27 17 10 12 6
1633941773.256 47 33 27 18 11 12 6
1633941773.506 45 32 30 16 10 11 7
1633941773.774 45 33 28 19 10 11 8
1633941774.007 46 34 26 18 11 11 5
1633941774.258 47 31 27 19 9 13 5
1633941774.524 45 32 28 18 12 11 8
1633941774.756 45 35 27 20 11 15 7
1633941775.009 45 32 27 17 11 12 7
1633941775.258 49 33 27 20 12 12 7
1633941775.507 45 32 27 20 11 12 5
1633941775.767 46 30 27 18 10 12 4
1633941776.008 46 32 27 19 12 11 6
1633941776.266 45 32 28 17 13 12 6
1633941776.509 45 33 28 20 10 14 5
1633941776.765 47 32 28 18 12 10 5
1633941777.030 45 34 26 19 11 12 6
1633941777.257 46 32 28 21 11 12 7
1633941777.508 46 34 27 19 12 11 9
1633941777.762 44 31 26 17 12 11 7
1633941778.011 47 32 28 18 9 10 7
1633941778.279 44 31 26 18 10 11 6
1633941778.513 45 31 28 20 11 10 8
1633941778.758 45 31 27 18 11 13 8
1633941779.012 46 31 27 19 12 13 6
1633941779.269 46 32 27 19 12 12 6
1633941779.512 48 33 26 20 9 11 6
1633941779.762 47 31 26 19 13 10 9
1633941780.009 47 33 25 18 10 12 8
1633941780.257 46 33 28 19 11 10 7
1633941780.509 47 33 29 19 12 14 8
1633941780.757 47 34 27 18 13 11 8
1633941781.006 46 32 27 17 8 10 6
1633941781.262 45 30 28 18 9 11 8
1633941781.509 45 33 27 18 9 10 7
1633941781.757 46 34 28 17 11 12 4
1633941782.010 44 32 29 17 10 12 8
1633941782.257 48 33 28 19 11 11 7
1633941782.506 46 30 27 19 11 13 7
1633941782.758 45 33 27 18 10 13 9
1633941783.006 46 32 28 20 10 11 8
1633941783.257 47 32 28 17 14 11 7
1633941783.509 44 33 27 22 10 13 5
1633941783.757 45 32 28 20 10 10 5
1633941784.010 47 32 28 18 10 12 7
1633941784.259 46 33 28 18 11 12 5
1633941784.507 45 32 26 18 12 13 6
1633941784.757 47 33 26 20 12 12 9
1633941785.011 45 33 27 18 10 14 5
1633941785.256 45 34 28 17 10 12 5
1633941785.507 45 34 26 17 10 14 7
1633941785.757 46 34 27 20 9 11 6
1633941786.007 47 34 26 20 11 12 7
1633941786.259 46 33 27 19 13 16 6
1633941786.509 46 34 28 17 10 11 7
1633941786.759 45 32 27 20 13 12 5
1633941787.007 45 33 26 20 10 13 6
1633941787.257 47 33 26 20 11 13 7
1633941787.507 45 34 28 18 11 12 8
1633941787.757 47 31 26 18 12 11 5
1633941788.007 45 31 26 18 11 10 8
1633941788.257 45 30 28 17 11 12 7
1633941788.508 47 32 29 18 12 14 9
1633941788.757 45 32 27 17 10 13 5
1633941789.010 44 32 27 17 11 13 6
1633941789.257 45 34 30 18 12 12 7
1633941789.508 46 32 28 17 12 14 6
1633941789.757 46 32 28 19 12 13 5
1633941790.011 47 31 28 18 11 9 6
1633941790.257 48 31 27 17 12 11 5
1633941790.509 47 33 26 18 11 13 7
1633941790.760 46 33 26 18 12 12 8
1633941791.008 44 33 28 20 9 10 6
1633941791.257 47 34 27 17 11 13 9
1633941791.507 44 33 27 19 9 10 6
1633941791.762 45 33 28 19 11 10 8
1633941792.008 45 32 26 17 11 12 7
1633941792.257 45 34 28 19 11 12 7
1633941792.507 45 32 27 18 11 15 7
1633941792.758 46 31 27 17 9 12 6
1633941793.010 47 32 28 20 12 13 6
1633941793.257 46 32 29 18 11 11 6
1633941793.507 45 32 25 17 9 10 10
1633941793.758 45 34 27 17 11 12 9
1633941794.007 46 31 28 19 11 12 7
1633941794.257 46 32 27 17 11 14 7
1633941794.507 44 32 27 18 13 11 5
1633941794.759 49 33 29 19 10 14 7
1633941795.013 46 32 27 19 12 17 8
1633941795.257 46 32 30 17 12 13 7
1633941795.509 47 34 28 18 10 11 9
1633941795.758 44 33 25 18 10 13 7
1633941796.008 46 33 28 17 11 14 7
1633941796.257 45 34 30 17 14 12 9
1633941796.510 46 32 26 21 11 13 5
1633941796.758 47 32 27 19 10 13 7
1633941797.007 45 32 26 18 14 11 6
1633941797.263 46 32 28 17 13 13 8
1633941797.511 46 34 26 17 12 11 7
1633941797.757 46 35 26 16 11 13 7
1633941798.018 47 33 29 20 12 12 6
1633941798.259 47 32 28 17 10 11 8
1633941798.507 45 33 26 19 12 10 8
1633941798.758 45 32 27 19 13 14 10
1633941799.012 47 33 27 19 13 11 7
1633941799.258 45 33 26 17 11 13 8
1633941799.512 46 35 27 20 10 11 7
1633941799.763 46 32 26 19 9 11 6
1633941800.007 44 33 27 21 11 14 7
1633941800.264 46 32 27 21 12 12 7
1633941800.510 44 32 27 18 12 14 9
1633941800.760 45 31 31 19 9 13 7
1633941801.008 45 32 26 19 12 12 8
1633941801.260 45 34 30 18 10 12 7
1633941801.509 46 33 28 18 11 12 6
1633941801.758 46 34 26 19 11 12 5
1633941802.008 46 34 26 19 11 16 5
1633941802.260 47 34 29 19 11 13 7
1633941802.508 47 33 26 17 12 14 9
1633941802.758 46 31 27 18 13 11 7
1633941803.009 46 33 27 20 11 17 6
1633941803.260 45 32 28 20 10 12 6
1633941803.509 45 33 26 18 11 10 5
1633941803.764 47 32 26 17 12 11 7
1633941804.008 45 31 30 19 12 11 9
1633941804.260 45 31 28 17 12 11 7
1633941804.511 47 34 26 20 10 11 5
1633941804.758 47 32 28 18 11 13 6
1633941805.009 45 32 27 17 11 14 6
1633941805.258 45 32 26 19 12 14 7
1633941805.508 47 31 27 20 10 13 6
1633941805.757 44 30 26 19 14 12 6
1633941806.014 48 33 27 18 11 12 5
1633941806.257 44 32 26 17 12 12 6
1633941806.510 46 34 28 20 13 11 6
1633941806.761 48 32 26 18 14 13 5
1633941807.008 47 33 28 18 12 11 7
1633941807.258 47 32 26 19 10 13 5
1633941807.509 45 33 27 18 10 11 5
1633941807.758 45 33 25 19 12 12 6
1633941808.010 44 31 27 18 11 14 6
1633941808.259 46 34 27 19 12 11 6
1633941808.508 44 34 28 19 10 11 8
1633941808.759 44 32 28 18 10 12 5
1633941809.008 46 32 27 17 10 12 9
1633941809.258 44 36 28 17 9 13 7
1633941809.508 45 31 28 18 12 13 5
1633941809.759 45 33 27 17 11 12 8
1633941810.008 46 32 26 19 12 12 5
1633941810.258 49 32 29 18 11 15 6
1633941810.509 46 35 28 18 10 10 7
1633941810.759 45 33 28 18 12 14 8
1633941811.008 48 32 26 21 12 12 7
1633941811.258 46 32 26 18 11 13 6
1633941811.508 46 32 25 18 10 13 7
1633941811.758 46 33 27 18 12 13 7
1633941812.008 47 30 26 17 10 12 7
1633941812.260 45 32 26 19 11 12 5
1633941812.510 45 32 28 18 10 14 7
1633941812.758 44 33 29 17 10 13 6
1633941813.008 45 33 27 19 11 12 7
1633941813.273 43 32 27 18 13 11 8
1633941813.508 44 32 28 16 10 13 5
1633941813.759 45 31 29 18 11 12 7
1633941814.025 48 34 27 19 12 12 8
1633941814.258 45 30 26 18 11 14 5
1633941814.511 44 34 28 18 11 12 6
1633941814.773 45 32 28 20 13 11 7
1633941815.008 46 33 27 19 12 16 10
1633941815.260 45 32 28 19 11 12 9
1633941815.521 46 34 28 19 11 12 10
1633941815.758 45 32 29 20 10 12 8
1633941816.010 44 33 27 17 11 12 8
1633941816.271 45 33 28 20 11 10 5
1633941816.508 46 31 25 18 12 12 6
1633941816.760 45 31 27 17 11 12 8
1633941817.013 45 32 27 19 10 12 7
1633941817.259 47 33 29 19 13 13 7
1633941817.513 46 33 26 18 10 13 6
1633941817.786 44 32 28 17 11 12 8
1633941818.008 47 32 27 18 12 11 6
1633941818.259 46 32 29 19 10 13 5
1633941818.513 47 32 27 19 13 14 7
1633941818.760 47 33 28 17 13 14 10
1633941819.011 46 32 30 17 13 11 6
1633941819.260 47 33 29 18 13 14 6
1633941819.509 43 34 28 19 11 13 5
1633941819.760 44 33 26 16 12 13 9
1633941820.013 44 34 27 17 13 14 5
1633941820.259 49 32 27 16 13 12 6
1633941820.514 45 32 27 17 11 12 7
1633941820.762 44 33 27 17 14 11 6
1633941821.012 47 32 30 18 13 11 4
1633941821.273 45 31 27 17 12 12 5
1633941821.511 45 31 27 16 11 12 7
1633941821.775 47 33 26 19 12 11 5
1633941822.024 46 33 27 16 10 12 6
1633941822.262 46 32 26 17 16 11 6
1633941822.527 45 33 28 19 11 12 8
1633941822.764 46 32 29 17 13 12 8
1633941823.017 45 32 27 19 11 12 4
1633941823.262 47 33 27 20 13 12 6
1633941823.510 45 35 27 16 10 12 8
1633941823.761 46 32 29 17 13 10 10
1633941824.011 45 33 30 18 13 12 5
1633941824.260 46 31 28 18 12 11 7
1633941824.511 47 33 30 17 12 12 7
1633941824.762 45 31 29 19 11 11 6
1633941825.009 46 31 27 19 13 11 10
1633941825.261 46 31 28 18 12 10 6
1633941825.512 49 33 24 18 12 12 6
1633941825.760 45 33 29 20 13 11 6
1633941826.013 46 33 27 18 10 13 7
1633941826.262 43 32 29 19 12 12 5
1633941826.509 45 31 28 17 10 12 8
1633941826.761 48 30 28 19 12 12 8
1633941827.011 44 31 28 18 13 12 7
1633941827.259 46 31 26 17 11 13 5
1633941827.515 46 33 27 19 14 12 5
1633941827.761 47 34 26 21 11 12 6
1633941828.010 45 31 25 19 14 12 6
1633941828.261 45 31 26 21 11 11 8
1633941828.511 45 31 28 19 12 12 7
1633941828.760 46 35 28 18 11 13 7
1633941829.010 44 33 27 19 11 15 5
1633941829.264 47 33 27 21 12 11 7
1633941829.510 45 32 27 19 12 12 6
1633941829.762 46 32 28 18 11 11 6
1633941830.011 45 34 28 17 10 12 8
1633941830.259 45 34 27 20 12 12 5
1633941830.511 46 35 29 18 13 13 7
1633941830.762 43 31 28 19 13 11 8
1633941831.009 47 33 29 19 12 13 9
1633941831.259 45 31 26 20 14 14 5
1633941831.510 45 32 28 18 13 11 5
1633941831.760 45 34 26 17 10 12 6
1633941832.012 47 35 28 18 11 14 7
1633941832.260 46 33 28 20 11 12 5
1633941832.510 44 32 27 20 13 13 6
1633941832.759 46 33 27 19 13 13 7
1633941833.009 46 34 26 17 15 11 7
1633941833.261 45 32 27 18 13 12 7
1633941833.509 46 33 30 20 11 13 5
1633941833.759 46 31 25 18 13 13 6
1633941834.009 45 32 29 17 13 13 8
1633941834.267 49 32 26 19 11 11 7
1633941834.509 44 32 27 19 11 12 6
1633941834.759 47 34 30 20 10 12 8
1633941835.013 47 33 31 18 11 14 6
1633941835.259 47 32 27 18 12 12 3
1633941835.509 45 30 29 19 14 12 7
1633941835.759 45 32 27 18 14 12 6
1633941836.011 46 33 26 19 12 10 6
1633941836.261 46 33 27 18 12 12 7
1633941836.509 44 31 27 18 10 10 7
1633941836.759 44 31 26 18 10 11 8
1633941837.012 46 31 27 19 13 14 5
1633941837.259 45 32 26 18 13 13 7
1633941837.510 46 33 29 18 10 13 8
1633941837.768 45 31 28 18 14 12 6
1633941838.013 47 32 28 19 13 13 9
1633941838.259 45 31 29 19 11 11 7
1633941838.509 47 31 27 19 11 12 6
1633941838.764 47 32 27 17 11 14 5
1633941839.012 47 31 26 16 12 12 7
1633941839.260 47 33 27 19 10 12 6
1633941839.511 43 31 26 17 12 11 5
1633941839.764 46 33 28 18 11 13 7
1633941840.010 48 34 29 18 13 12 6
1633941840.270 45 31 27 17 12 13 7
1633941840.511 45 31 25 18 13 13 6
1633941840.762 45 32 28 18 11 13 5
1633941841.009 44 35 27 17 9 16 6
1633941841.261 44 34 27 20 12 11 7
1633941841.515 46 31 29 17 10 13 6
1633941841.762 47 32 27 19 11 13 6
1633941842.012 46 33 27 18 13 11 6
1633941842.267 44 32 27 18 12 12 6
1633941842.512 44 30 26 17 11 11 7
1633941842.765 43 34 26 17 14 12 7
1633941843.012 47 32 26 16 12 10 6
1633941843.259 44 31 28 19 9 13 7
1633941843.513 46 31 25 19 11 12 5
1633941843.762 47 34 27 20 11 12 7
1633941844.010 42 32 26 19 11 12 6
1633941844.262 46 32 27 18 14 12 5
1633941844.512 46 32 27 17 13 12 5
1633941844.761 47 32 27 17 10 14 8
1633941845.010 45 30 27 18 10 13 9
1633941845.261 46 34 31 20 12 13 6
1633941845.511 45 32 27 16 13 12 7
1633941845.761 46 32 26 19 11 14 7
1633941846.012 46 32 30 20 12 12 5
1633941846.260 45 34 26 20 13 11 4
1633941846.535 49 31 26 20 11 13 7
1633941846.761 45 33 29 20 14 12 5
1633941847.012 49 34 27 16 11 14 7
1633941847.263 47 33 28 19 15 14 5
1633941847.512 45 31 28 18 10 12 5
1633941847.760 46 32 26 18 12 11 7
1633941848.012 45 33 28 19 11 12 7
1633941848.262 46 31 27 16 13 13 6
1633941848.510 43 33 27 19 11 14 9
1633941848.765 46 34 30 19 12 11 7
1633941849.011 44 32 28 17 12 13 8
1633941849.260 45 33 27 17 13 11 7
1633941849.510 45 31 28 18 13 11 6
1633941849.761 49 32 27 19 12 14 6
1633941850.010 46 34 25 19 12 11 7
1633941850.261 47 34 27 18 10 13 8
1633941850.510 45 32 27 17 11 11 6
1633941850.760 44 30 28 17 11 12 7
1633941851.010 46 33 29 19 12 11 7
1633941851.261 44 33 25 19 12 11 5
1633941851.510 44 34 27 18 16 11 7
1633941851.760 47 33 26 20 12 14 6
1633941852.013 45 31 28 20 13 11 5
1633941852.261 46 32 28 17 12 13 9
1633941852.511 45 32 27 18 10 13 6
1633941852.761 44 31 26 16 10 11 7
1633941853.013 47 32 28 21 12 13 7
1633941853.261 45 33 29 16 11 13 6
1633941853.510 46 34 28 17 12 12 10
1633941853.760 44 35 29 18 12 13 7
1633941854.011 47 31 25 20 12 11 5
1633941854.261 45 32 29 17 11 12 5
1633941854.510 46 34 29 17 12 12 7
1633941854.761 46 32 27 19 14 12 6
1633941855.012 47 32 30 18 13 12 6
1633941855.261 47 32 26 18 15 12 6
1633941855.510 46 32 26 17 12 10 7
1633941855.762 46 31 27 19 13 12 6
1633941856.015 45 34 30 17 11 12 8
1633941856.261 45 32 27 19 11 11 10
1633941856.510 46 34 26 19 12 12 8
1633941856.763 48 32 28 19 13 12 4
1633941857.012 46 31 27 18 11 11 8
1633941857.261 47 34 29 18 13 11 7
1633941857.510 45 31 26 17 13 12 5
1633941857.762 46 34 27 19 12 11 5
1633941858.026 47 33 27 18 11 12 5
1633941858.261 45 33 29 18 12 11 6
1633941858.511 44 32 28 19 11 11 6
1633941858.772 44 33 26 19 12 11 4
1633941859.011 46 33 27 19 11 10 6
1633941859.261 45 33 28 20 12 11 7
1633941859.536 47 32 26 17 13 13 9
1633941859.761 45 33 31 18 12 14 4
1633941860.013 49 32 27 17 12 11 6
1633941860.264 46 33 27 18 12 12 6
1633941860.512 43 33 28 19 12 10 8
1633941860.780 45 34 29 19 12 11 5
1633941861.012 45 34 27 19 11 13 8
1633941861.277 43 31 26 18 12 13 8
1633941861.510 45 33 27 19 12 11 6
1633941861.761 47 30 26 20 12 13 6
1633941862.011 45 32 27 17 11 11 7
1633941862.287 44 32 28 18 13 13 8
1633941862.513 46 32 28 22 12 11 6
1633941862.763 44 32 28 17 12 11 6
1633941863.017 45 31 27 17 13 12 8
1633941863.263 46 31 26 18 12 12 7
1633941863.532 46 33 27 20 12 12 5
1633941863.763 47 33 29 19 11 13 7
1633941864.027 45 33 28 18 13 14 6
1633941864.277 47 32 25 17 12 11 8
1633941864.511 45 32 26 17 13 11 6
1633941864.763 46 33 28 18 11 13 6
1633941865.012 45 35 27 16 13 11 9
1633941865.281 43 32 28 20 13 11 10
1633941865.514 45 30 27 20 9 12 7
1633941865.762 47 32 27 18 13 12 9
1633941866.013 45 32 29 18 11 11 7
1633941866.264 47 32 27 18 11 14 7
1633941866.512 45 34 29 21 14 15 6
1633941866.764 47 34 29 17 14 11 9
1633941867.014 47 34 26 17 13 11 5
1633941867.262 47 30 29 18 12 12 5
1633941867.513 46 33 27 16 13 10 7
1633941867.764 48 32 27 18 13 13 6
1633941868.013 47 31 28 18 12 11 7
1633941868.263 46 33 29 18 11 11 8
1633941868.512 47 34 28 19 12 13 7
1633941868.763 46 30 28 21 12 13 6
1633941869.014 43 31 27 19 12 12 7
1633941869.261 48 33 29 19 11 12 7
1633941869.514 48 32 29 17 14 12 6
1633941869.762 45 35 28 17 12 11 6
1633941870.013 46 32 26 18 12 11 6
1633941870.262 47 31 28 18 11 13 9
1633941870.515 46 34 29 18 11 11 6
1633941870.771 46 31 26 19 10 15 8
1633941871.012 47 35 29 17 15 12 6
1633941871.264 47 32 27 20 12 13 6
1633941871.511 43 31 28 17 10 13 7
1633941871.763 47 32 29 18 15 13 6
1633941872.012 45 31 28 17 12 13 5
1633941872.262 45 33 31 19 11 11 4
1633941872.513 45 32 28 18 12 13 5
1633941872.762 45 33 28 17 10 12 7
1633941873.014 44 31 27 19 11 12 7
1633941873.262 46 33 30 17 11 13 8
1633941873.513 48 32 26 17 12 12 8
1633941873.762 44 33 27 17 11 13 7
1633941874.016 45 32 28 17 14 15 6
1633941874.263 45 33 28 17 13 13 6
1633941874.513 46 31 28 18 13 13 3
1633941874.761 46 34 27 19 12 12 5
1633941875.016 45 32 29 19 12 12 7
1633941875.264 44 33 27 17 12 11 5
1633941875.512 45 34 28 19 13 12 7
1633941875.762 48 35 28 17 12 11 7
1633941876.012 45 32 28 17 13 14 8
1633941876.266 46 31 27 17 13 11 6
1633941876.513 44 34 29 17 12 12 7
1633941876.762 46 32 27 18 12 12 5
1633941877.012 45 33 28 18 14 12 7
1633941877.262 44 34 25 17 12 14 7
1633941877.511 44 33 29 18 14 11 7
1633941877.762 46 32 27 16 12 13 4
1633941878.012 45 33 28 18 11 11 6
1633941878.262 46 32 26 20 12 12 6
1633941878.512 46 31 28 17 12 14 6
1633941878.762 45 29 27 18 14 14 4
1633941879.016 47 32 26 18 11 10 5
1633941879.268 47 31 25 16 10 11 5
1633941879.512 46 32 28 16 12 12 5
1633941879.762 45 33 28 16 12 12 7
1633941880.012 45 35 26 18 13 15 9
1633941880.262 45 31 26 18 13 12 9
1633941880.512 45 33 26 18 11 13 10
1633941880.770 45 34 28 17 13 15 6
1633941881.023 45 32 27 18 12 10 7
1633941881.262 46 31 27 18 13 11 9
1633941881.521 44 32 26 18 13 14 7
1633941881.767 46 33 28 18 12 13 8
1633941882.012 47 34 29 18 10 12 6
1633941882.264 45 34 26 17 10 15 6
1633941882.513 47 32 24 19 14 11 5
1633941882.762 46 30 28 17 12 12 6
1633941883.012 46 31 27 17 14 14 7
1633941883.263 46 32 27 20 10 12 5
1633941883.516 46 32 30 18 10 13 7
1633941883.762 46 32 26 18 12 11 5
1633941884.018 45 34 27 18 12 12 6
1633941884.268 47 32 28 17 12 11 5
1633941884.513 45 32 26 18 11 11 7
1633941884.763 44 31 28 19 12 13 7
1633941885.017 46 32 28 19 11 12 6
1633941885.263 45 34 28 18 12 12 7
1633941885.514 45 32 29 18 12 15 5
1633941885.769 47 32 28 16 13 10 6
1633941886.013 46 32 25 18 13 13 5
1633941886.277 45 34 28 18 14 10 6
1633941886.514 45 32 28 20 13 13 5
1633941886.762 47 32 26 19 12 11 5
1633941887.015 45 33 27 17 14 10 6
1633941887.271 44 34 27 18 12 12 6
1633941887.513 46 32 27 17 12 12 7
1633941887.767 46 32 27 19 11 12 8
1633941888.014 46 33 27 20 13 12 5
1633941888.264 47 31 29 18 11 11 6
1633941888.516 45 32 28 17 11 11 9
1633941888.763 47 33 26 18 11 11 9
1633941889.013 45 32 27 19 15 10 7
1633941889.265 49 35 27 20 10 13 7
1633941889.515 49 32 27 19 12 11 8
1633941889.766 48 33 27 17 12 13 5
1633941890.013 46 32 26 21 12 13 6
1633941890.263 47 33 28 16 13 11 6
1633941890.513 46 31 27 19 12 13 7
1633941890.765 45 31 27 16 13 11 6
1633941891.014 45 33 28 16 13 11 5
1633941891.263 44 33 25 17 12 13 6
1633941891.512 46 32 28 19 14 11 7
1633941891.765 45 31 29 19 12 11 6
1633941892.014 46 32 25 18 12 12 5
1633941892.263 44 32 25 18 12 11 6
1633941892.514 46 33 27 17 14 12 7
1633941892.763 45 36 28 18 13 13 6
1633941893.013 46 35 28 18 12 12 5
1633941893.266 45 31 27 23 12 14 5
1633941893.514 43 35 28 17 10 14 6
1633941893.762 47 32 27 18 13 13 6
1633941894.012 48 32 29 17 12 12 7
1633941894.264 46 32 28 19 11 11 5
1633941894.513 46 33 27 19 13 10 6
1633941894.763 45 33 28 18 11 12 5
1633941895.013 45 31 30 17 11 10 9
1633941895.268 45 32 28 18 11 11 5
1633941895.513 44 33 28 19 12 13 9
1633941895.763 46 32 27 17 11 13 5
1633941896.015 47 33 28 17 13 13 6
1633941896.263 46 33 27 18 12 12 5
1633941896.513 46 32 27 17 12 12 5
1633941896.763 46 32 30 20 10 14 6
1633941897.014 46 31 27 17 12 12 6
1633941897.263 45 31 28 18 13 13 6
1633941897.513 44 31 28 17 11 13 6
1633941897.764 46 33 28 18 10 13 6
1633941898.014 45 32 28 19 12 13 8
1633941898.263 44 33 31 17 13 11 6
1633941898.513 45 32 30 18 10 11 5
1633941898.764 48 31 26 18 10 13 6
1633941899.018 48 34 26 16 12 11 6
1633941899.263 45 34 28 22 11 10 6
1633941899.513 48 33 27 19 11 12 7
1633941899.765 47 32 27 18 12 12 4
1633941900.014 47 32 27 18 12 12 6
1633941900.263 44 32 26 20 11 13 9
1633941900.513 48 31 28 20 11 13 7
1633941900.763 45 32 29 18 10 12 7
1633941901.013 45 32 25 18 16 11 7
1633941901.263 47 32 27 19 12 13 7
1633941901.514 45 32 27 17 11 11 6
1633941901.772 48 35 28 17 11 12 7
1633941902.013 48 32 26 20 11 13 5
1633941902.263 48 32 26 19 12 11 7
1633941902.515 44 33 27 16 10 12 5
1633941902.763 45 32 26 17 12 13 7
1633941903.014 44 31 28 18 11 10 7
1633941903.289 45 32 29 18 10 10 6
1633941903.514 44 32 28 20 11 12 6
1633941903.765 45 32 27 20 14 11 7
1633941904.036 47 33 27 17 15 11 6
1633941904.264 47 32 27 19 15 12 9
1633941904.518 45 32 29 17 11 10 8
1633941904.789 45 33 28 19 14 11 7
1633941905.014 47 32 28 21 11 12 6
1633941905.263 47 33 27 19 14 12 5
1633941905.517 48 31 27 19 11 12 9
1633941905.763 48 31 27 18 11 11 9
1633941906.015 46 32 27 20 13 14 6
1633941906.267 45 32 28 19 12 13 7
1633941906.514 44 32 25 18 13 14 6
1633941906.774 44 32 26 19 9 12 8
1633941907.018 46 31 28 18 12 11 6
1633941907.265 46 31 26 18 12 11 4
1633941907.518 47 31 27 19 13 13 7
1633941907.764 46 32 27 16 11 11 6
1633941908.013 47 35 26 19 13 13 7
1633941908.267 47 32 27 18 12 13 6
1633941908.515 47 31 27 19 12 11 6
1633941908.764 45 32 27 17 13 12 6
1633941909.038 45 34 27 17 14 14 6
1633941909.267 46 33 26 18 13 14 8
1633941909.514 46 31 28 19 12 13 7
1633941909.786 48 31 25 18 10 10 9
1633941910.019 47 32 26 18 11 14 8
1633941910.263 45 32 27 18 12 11 6
1633941910.520 45 31 27 16 12 12 5
1633941910.765 46 32 30 19 12 14 6
1633941911.015 47 31 27 19 11 13 8
1633941911.270 46 36 28 18 13 13 6
1633941911.514 46 32 28 18 11 13 7
1633941911.767 46 31 28 18 12 11 7
1633941912.018 45 33 28 17 14 12 6
1633941912.264 45 32 30 18 12 15 8
1633941912.515 45 32 28 21 14 10 8
1633941912.767 45 33 26 19 13 14 7
1633941913.015 45 32 27 18 13 11 7
1633941913.267 46 33 26 18 12 11 7
1633941913.516 46 30 28 17 12 11 6
1633941913.765 46 34 26 17 13 12 6
1633941914.018 45 33 28 19 10 11 6
1633941914.268 45 32 27 20 13 13 4
1633941914.514 46 31 27 18 13 11 10
1633941914.769 45 35 29 19 13 12 4
1633941915.017 46 33 28 18 13 11 8
1633941915.268 43 31 28 18 11 12 7
1633941915.518 45 31 28 20 12 12 6
1633941915.765 47 32 28 18 12 13 6
1633941916.017 47 34 28 18 11 13 8
1633941916.266 45 32 28 19 14 11 6
1633941916.518 46 32 28 17 13 13 6
1633941916.764 43 32 26 20 13 12 7
1633941917.017 45 33 27 18 14 12 5
1633941917.267 48 32 26 20 12 13 6
1633941917.516 45 31 26 17 14 11 6
1633941917.766 46 32 28 20 11 12 5
1633941918.017 47 34 29 17 12 13 5
1633941918.265 48 32 26 20 13 13 4
1633941918.515 48 34 25 18 11 11 6
1633941918.767 44 34 28 17 13 11 10
1633941919.014 46 31 29 19 12 15 6
1633941919.265 45 32 28 18 13 11 8
1633941919.515 47 32 29 19 12 12 6
1633941919.766 46 32 28 16 11 11 6
1633941920.015 46 32 28 18 11 10 8
1633941920.265 46 33 27 16 14 11 8
1633941920.516 46 32 27 16 10 13 7
1633941920.768 45 34 27 19 13 12 9
1633941921.014 46 31 28 15 13 12 7
1633941921.265 46 33 26 19 11 12 9
1633941921.523 45 31 27 17 13 11 6
1633941921.764 46 32 28 18 12 14 6
1633941922.014 45 34 28 17 12 12 7
1633941922.282 45 33 26 19 11 11 6
1633941922.514 44 33 29 17 11 13 6
1633941922.764 47 34 28 17 12 12 7
1633941923.014 45 32 27 17 11 12 7
1633941923.267 45 34 27 17 14 9 5
1633941923.514 46 33 26 20 14 12 7
1633941923.764 46 34 26 16 12 13 4
1633941924.024 46 31 26 18 13 11 7
1633941924.264 46 31 27 22 11 12 7
1633941924.515 45 32 26 18 12 12 5
1633941924.768 46 34 29 20 13 11 7
1633941925.014 45 30 27 18 11 14 6
1633941925.268 47 31 26 19 13 12 6
1633941925.518 45 33 26 17 13 12 8
1633941925.765 45 33 26 17 14 11 9
1633941926.016 46 31 25 17 13 12 7
1633941926.280 47 30 28 17 13 11 8
1633941926.515 46 32 29 18 11 12 7
1633941926.766 44 33 28 19 13 14 7
1633941927.018 45 33 27 19 13 11 6
1633941927.266 46 34 29 17 12 12 6
1633941927.516 46 33 26 18 15 13 7
1633941927.770 45 34 29 18 12 13 6
1633941928.016 46 32 29 18 13 15 6
1633941928.268 45 35 24 18 12 14 5
1633941928.530 47 32 27 17 12 11 6
1633941928.765 45 33 28 18 13 10 5
1633941929.017 46 31 29 17 15 11 8
1633941929.283 44 31 26 17 11 14 7
1633941929.517 47 31 29 18 13 11 8
1633941929.779 46 32 29 18 12 10 5
1633941930.017 47 31 28 18 12 10 6
1633941930.265 46 32 25 16 11 12 5
1633941930.515 46 34 29 19 12 11 7
1633941930.780 47 33 26 18 12 11 6
1633941931.015 47 32 27 17 11 11 7
1633941931.268 46 32 27 18 10 13 7
1633941931.516 46 33 27 19 13 12 7
1633941931.765 46 32 27 17 13 14 7
1633941932.017 45 32 29 18 11 11 8
1633941932.268 46 32 27 18 15 11 6
1633941932.515 46 31 27 16 10 12 5
1633941932.776 45 34 29 18 13 13 6
1633941933.018 45 30 28 17 11 13 5
1633941933.265 44 32 28 18 10 12 8
1633941933.520 45 31 29 18 10 11 6
1633941933.767 45 33 27 19 11 13 5
1633941934.015 45 35 29 19 14 10 7
1633941934.271 48 31 27 17 13 11 5
1633941934.518 45 31 28 19 12 12 9
1633941934.765 47 33 30 19 14 12 8
1633941935.016 45 32 28 17 12 12 7
1633941935.270 47 32 26 18 11 10 8
1633941935.515 45 32 29 18 10 11 7
1633941935.780 45 31 26 17 12 10 7
1633941936.019 45 32 27 18 12 11 8
1633941936.270 44 34 29 18 13 15 7
1633941936.523 49 33 28 19 13 12 5
1633941936.770 45 33 28 18 12 13 4
1633941937.016 46 33 30 19 12 13 7
1633941937.268 47 31 27 19 12 11 7
1633941937.515 46 30 27 16 12 10 9
1633941937.768 47 36 27 17 11 13 7
1633941938.017 48 33 27 19 14 11 7
1633941938.267 45 33 27 19 13 13 7
1633941938.516 46 32 28 18 12 12 8
1633941938.766 47 31 28 19 11 11 8
1633941939.018 46 32 28 17 11 12 6
1633941939.268 45 34 26 16 12 11 5
1633941939.516 46 31 28 17 12 11 5
1633941939.766 45 33 27 19 14 12 6
1633941940.016 43 30 26 18 11 12 5
1633941940.266 45 32 26 17 10 13 6
1633941940.515 43 33 26 19 12 11 5
1633941940.766 45 32 25 17 9 11 5
1633941941.016 44 33 28 18 13 14 5
1633941941.265 45 32 27 16 13 14 7
1633941941.515 43 33 28 18 13 13 6
1633941941.768 45 32 27 20 12 12 7
1633941942.017 45 31 27 16 11 15 7
1633941942.266 46 31 28 18 11 11 6
1633941942.515 44 33 29 19 10 12 6
1633941942.772 47 32 27 19 14 13 5
1633941943.016 45 32 27 19 12 13 6
1633941943.268 47 32 28 19 12 14 8
1633941943.516 45 33 27 18 11 12 7
1633941943.777 48 33 27 19 11 13 5
1633941944.016 44 32 26 17 13 12 6
1633941944.267 46 34 29 20 13 11 7
1633941944.530 46 33 26 20 11 12 7
1633941944.767 45 34 28 19 13 11 6
1633941945.016 45 30 28 18 13 12 8
1633941945.266 46 31 29 20 12 13 6
1633941945.522 46 33 28 16 13 12 7
1633941945.766 45 32 29 18 11 12 7
1633941946.020 47 32 27 18 12 11 7
1633941946.269 47 32 30 18 12 10 5
1633941946.516 49 35 29 18 11 11 4
1633941946.767 48 32 28 17 10 12 5
1633941947.020 47 33 28 19 11 11 5
1633941947.267 47 32 27 19 14 11 8
1633941947.535 47 32 30 18 12 13 8
1633941947.768 46 31 29 17 10 13 10
1633941948.017 45 34 28 18 12 13 5
1633941948.267 46 32 27 18 11 11 6
1633941948.518 46 33 28 17 12 12 5
1633941948.766 47 32 27 17 12 14 7
1633941949.025 46 32 27 19 11 11 5
1633941949.267 46 31 28 18 13 10 5
1633941949.516 46 31 27 20 12 13 9
1633941949.769 45 33 28 19 13 11 8
1633941950.022 48 32 28 18 11 11 7
1633941950.266 46 32 27 20 13 13 5
1633941950.521 45 31 27 17 14 12 6
1633941950.767 47 32 26 19 13 14 7
1633941951.016 46 35 27 17 14 12 7
1633941951.267 45 34 28 18 12 13 6
1633941951.519 46 32 27 18 10 11 8
1633941951.767 45 35 26 20 11 10 7
1633941952.018 46 32 27 19 10 13 4
1633941952.268 44 32 28 18 11 13 6
1633941952.520 44 31 27 19 15 14 6
1633941952.767 44 34 27 17 13 12 7
1633941953.018 45 32 28 18 13 10 4
1633941953.267 46 31 26 17 11 11 8
1633941953.518 47 31 28 18 11 14 6
1633941953.769 46 32 28 16 13 13 4
1633941954.017 47 32 28 17 13 12 8
1633941954.268 45 32 29 16 14 12 7
1633941954.521 44 33 27 19 11 14 5
1633941954.767 46 31 29 19 14 14 5
1633941955.017 46 33 27 18 13 12 7
1633941955.269 47 31 28 18 13 9 7
1633941955.517 45 33 26 18 12 13 8
1633941955.769 44 31 28 19 11 12 7
1633941956.024 47 32 26 16 12 11 6
1633941956.267 45 32 27 17 13 12 6
1633941956.520 45 29 26 18 15 10 6
1633941956.768 47 33 27 17 13 11 8
1633941957.017 49 31 28 17 13 12 5
1633941957.267 45 34 28 17 11 10 5
1633941957.520 45 30 28 19 12 13 7
1633941957.767 44 32 26 17 11 14 5
1633941958.017 46 31 25 17 11 13 8
1633941958.269 45 32 27 19 11 10 8
1633941958.518 46 34 28 19 12 14 5
1633941958.767 46 32 28 20 11 11 8
1633941959.017 46 31 26 17 13 13 7
1633941959.267 46 33 29 17 12 11 5
1633941959.517 46 32 29 18 12 14 7
1633941959.769 43 32 26 18 12 11 4
1633941960.017 47 32 26 20 10 12 7
1633941960.269 45 32 30 16 14 14 7
1633941960.519 46 33 25 17 12 15 6
1633941960.767 45 34 26 18 11 13 7
1633941961.017 44 31 29 18 13 13 7
1633941961.270 46 33 27 19 12 12 9
1633941961.517 45 31 28 18 12 12 6
1633941961.767 45 31 27 19 13 12 7
1633941962.017 44 31 27 18 12 12 7
1633941962.268 46 33 28 19 12 11 6
1633941962.517 48 32 28 18 11 13 7
1633941962.767 47 32 26 18 14 13 7
1633941963.020 46 31 28 18 11 11 5
1633941963.267 46 34 30 18 12 12 6
1633941963.517 45 32 29 22 11 12 6
1633941963.768 47 31 28 18 13 11 7
1633941964.017 46 30 27 18 13 10 6
1633941964.267 47 35 26 21 13 12 8
1633941964.519 47 34 26 19 12 11 9
1633941964.772 48 34 28 19 11 12 6
1633941965.017 47 31 29 17 12 11 7
1633941965.271 47 32 28 19 12 11 6
1633941965.521 45 32 26 18 13 10 8
1633941965.767 45 34 27 19 12 13 6
1633941966.017 44 33 28 18 12 13 6
1633941966.281 47 35 26 19 13 12 6
1633941966.517 44 32 28 19 14 12 5
1633941966.767 45 32 26 19 11 12 7
1633941967.043 44 32 27 17 12 13 8
1633941967.268 47 30 28 21 13 12 7
1633941967.523 46 33 27 16 14 12 8
1633941967.781 47 33 26 20 15 14 7
1633941968.019 47 31 27 18 12 14 7
1633941968.268 45 33 27 18 12 14 7
1633941968.542 46 30 27 20 10 13 9
1633941968.768 44 32 26 19 10 13 9
1633941969.017 49 32 29 17 11 14 6
1633941969.272 45 31 28 16 11 10 7
1633941969.518 45 33 27 18 13 13 7
1633941969.773 47 31 28 17 12 12 8
1633941970.027 47 33 26 18 11 11 7
1633941970.267 49 33 26 18 11 14 7
1633941970.523 45 31 27 18 13 11 6
1633941970.775 45 31 29 17 12 12 6
1633941971.019 44 32 27 17 12 12 5
1633941971.281 44 32 28 18 12 12 7
1633941971.520 46 32 25 16 12 12 6
1633941971.769 46 30 27 18 13 13 6
1633941972.046 45 33 30 17 9 11 7
1633941972.269 46 34 27 20 10 13 5
1633941972.519 45 32 26 19 10 15 6
1633941972.778 44 32 28 18 12 13 6
1633941973.018 46 31 27 19 12 11 6
1633941973.272 45 36 25 19 12 14 6
1633941973.519 44 32 26 18 14 11 6
1633941973.767 45 32 28 18 12 13 5
1633941974.024 44 34 27 20 10 12 5
1633941974.269 46 32 28 19 14 14 5
1633941974.517 45 34 28 17 11 13 8
1633941974.777 45 33 27 19 13 12 7
1633941975.022 44 33 27 18 13 12 6
1633941975.267 47 32 28 17 11 12 6
1633941975.521 45 31 27 18 10 15 6
1633941975.770 46 32 28 19 11 11 6
1633941976.019 44 32 27 17 12 13 6
1633941976.270 45 31 26 17 14 13 10
1633941976.520 44 30 31 18 14 12 5
1633941976.768 45 32 28 18 12 13 9
1633941977.018 45 32 26 18 11 11 7
1633941977.270 45 31 27 19 13 11 7
1633941977.517 46 32 26 20 11 11 5
1633941977.770 46 31 30 17 11 11 8
1633941978.019 48 32 27 17 11 13 6
1633941978.268 47 33 30 17 13 11 5
1633941978.517 46 32 26 18 13 11 8
1633941978.771 44 32 28 18 13 13 6
1633941979.017 46 31 28 17 12 12 9
1633941979.269 47 34 27 17 15 13 5
1633941979.518 46 32 25 17 11 12 7
1633941979.768 46 33 26 16 14 12 5
1633941980.018 44 31 31 18 12 12 7
1633941980.268 46 30 25 16 13 14 8
1633941980.518 47 31 30 19 11 12 7
1633941980.768 47 30 28 18 12 13 7
1633941981.021 46 33 27 21 15 14 4
1633941981.269 44 29 29 20 12 12 5
1633941981.518 47 32 27 19 12 13 7
1633941981.787 46 32 28 20 13 11 4
1633941982.019 46 32 28 18 12 12 7
1633941982.268 45 33 26 17 12 10 8
1633941982.522 45 32 28 18 13 12 6
1633941982.768 45 33 27 18 14 12 7
1633941983.018 46 34 28 18 14 10 5
1633941983.275 45 34 28 19 12 13 7
1633941983.518 47 30 26 18 12 12 7
1633941983.769 44 31 27 21 12 13 6
1633941984.020 45 31 27 18 12 13 7
1633941984.272 45 33 29 17 13 11 5
1633941984.518 48 32 27 19 13 11 7
1633941984.768 47 34 27 16 11 12 7
1633941985.021 44 34 27 16 13 13 7
1633941985.270 46 33 25 19 14 12 7
1633941985.518 44 29 26 19 12 13 7
1633941985.768 46 33 28 20 15 13 6
1633941986.031 45 34 28 20 12 13 7
1633941986.268 45 31 28 19 14 12 7
1633941986.771 47 34 30 19 13 14 8
1633941987.018 46 32 28 19 14 14 6
1633941987.274 47 29 28 18 12 11 6
1633941987.520 43 31 28 19 15 12 7
1633941987.769 48 31 27 18 11 12 7
1633941988.019 44 31 28 17 12 11 5
1633941988.270 46 31 26 17 12 14 7
1633941988.518 45 30 25 16 11 12 8
1633941988.773 48 34 26 16 16 11 6
1633941989.020 46 32 30 18 13 12 8
1633941989.269 47 32 27 16 13 11 8
1633941989.522 45 31 25 18 11 12 7
1633941989.768 43 33 29 17 13 10 6
1633941990.020 48 36 26 19 11 12 6
1633941990.271 45 31 26 19 12 13 4
1633941990.519 47 31 26 19 11 11 6
1633941990.770 43 31 28 17 12 12 7
1633941991.022 45 32 29 17 13 14 6
1633941991.271 45 32 29 18 11 12 5
1633941991.520 48 30 26 20 14 13 8
1633941991.771 45 33 27 17 12 13 6
1633941992.024 45 31 27 18 13 12 7
1633941992.271 45 32 26 19 12 11 7
1633941992.519 47 31 27 16 13 14 6
1633941992.769 46 33 26 21 14 12 8
1633941993.020 46 33 29 18 13 11 6
1633941993.270 47 31 28 18 11 11 5
1633941993.518 45 31 25 18 11 13 9
1633941993.769 45 32 30 15 11 13 7
1633941994.020 43 31 28 19 10 11 9
1633941994.269 47 31 28 17 12 12 8
1633941994.518 46 33 29 19 12 13 6
1633941994.771 47 32 26 19 12 12 9
1633941995.019 47 30 28 17 14 14 5
1633941995.271 50 32 27 18 13 11 6
1633941995.520 46 31 27 20 13 12 6
1633941995.770 45 32 26 18 11 11 6
1633941996.021 48 32 27 18 12 13 8
1633941996.270 46 32 27 17 12 13 6
1633941996.519 47 34 27 18 11 13 6
1633941996.772 44 32 26 18 11 12 6
1633941997.020 46 33 28 20 12 12 9
1633941997.269 45 31 29 19 11 10 5
1633941997.519 47 33 28 21 10 15 8
1633941997.770 44 30 27 20 13 12 7
1633941998.019 45 31 27 17 14 13 7
1633941998.270 43 31 28 18 14 13 8
1633941998.520 45 31 27 17 13 12 5
1633941998.769 46 32 27 17 12 12 8
1633941999.019 46 32 27 18 12 12 7
1633941999.271 47 30 29 21 13 11 5
1633941999.520 45 30 27 17 12 11 8
1633941999.769 45 32 27 18 11 11 6
1633942000.019 46 35 28 18 11 12 7
1633942000.273 44 31 27 18 12 12 6
1633942000.519 45 29 29 18 15 13 6
1633942000.769 46 32 26 17 14 12 9
1633942001.019 45 30 29 19 12 14 6
1633942001.272 46 33 26 18 12 12 9
1633942001.521 45 33 26 19 12 14 7
1633942001.770 46 34 28 17 12 11 6
1633942002.020 45 30 28 18 13 13 6
1633942002.284 44 32 27 18 12 13 7
1633942002.520 47 34 27 18 11 12 7
1633942002.769 43 31 26 19 13 13 6
1633942003.019 44 30 27 17 11 13 5
1633942003.270 47 32 27 17 13 12 6
1633942003.519 47 31 26 21 12 13 6
1633942003.771 45 32 26 16 12 13 7
1633942004.023 46 30 30 18 12 11 8
1633942004.271 47 32 26 22 12 14 8
1633942004.519 46 31 27 18 11 12 5
1633942004.770 46 32 29 18 12 14 8
1633942005.022 45 31 28 19 13 10 6
1633942005.270 47 30 26 18 12 13 7
1633942005.524 46 32 27 19 14 12 8
1633942005.773 45 31 29 18 12 12 7
1633942006.019 48 34 26 18 13 13 8
1633942006.271 45 31 27 20 13 13 8
1633942006.521 44 32 28 17 13 14 7
1633942006.769 47 33 27 17 14 14 6
1633942007.021 47 31 26 20 13 14 7
1633942007.277 46 33 27 18 14 12 6
1633942007.521 45 30 30 17 14 12 7
1633942007.770 46 33 29 16 15 11 5
1633942008.024 46 32 30 18 12 12 4
1633942008.270 46 32 27 19 14 15 8
1633942008.527 44 31 28 18 12 11 6
1633942008.772 48 35 28 19 11 13 8
1633942009.020 44 31 27 17 11 13 8
1633942009.276 44 30 27 17 10 12 8
1633942009.521 46 30 28 20 11 11 6
1633942009.769 46 30 27 20 13 13 7
1633942010.021 46 31 28 17 13 13 6
1633942010.269 44 31 27 18 13 14 7
1633942010.520 46 32 26 19 13 14 8
1633942010.773 45 32 25 19 13 11 6
1633942011.019 43 31 26 18 14 12 5
1633942011.270 44 30 28 20 12 10 8
1633942011.523 44 31 28 18 11 11 6
1633942011.770 45 30 27 20 11 12 6
1633942012.020 46 32 26 17 14 14 8
1633942012.271 45 33 28 20 11 12 5
1633942012.521 44 32 27 17 13 13 7
1633942012.770 46 31 26 19 13 12 7
1633942013.021 45 35 29 20 12 13 5
1633942013.270 46 33 27 19 13 13 6
1633942013.520 45 36 27 19 13 11 6
1633942013.770 46 31 27 19 12 13 6
1633942014.020 44 32 26 16 13 12 4
1633942014.276 45 32 26 17 11 11 4
1633942014.520 48 32 26 19 14 12 6
1633942014.773 46 30 25 18 12 12 7
1633942015.022 45 32 27 19 14 11 7
1633942015.273 46 33 28 17 12 13 8
1633942015.521 45 30 27 18 13 11 7
1633942015.770 47 30 28 20 12 12 6
1633942016.020 44 32 28 19 14 13 4
1633942016.270 47 30 29 15 12 12 7
1633942016.521 45 31 29 18 10 13 6
1633942016.774 47 32 28 18 13 11 8
1633942017.021 48 32 24 17 13 14 8
1633942017.270 47 32 27 17 13 13 5
1633942017.520 44 31 28 17 12 11 6
1633942017.771 46 33 26 19 14 12 5
1633942018.022 47 31 27 18 12 11 7
1633942018.272 45 31 28 19 13 12 7
1633942018.522 44 33 26 20 12 13 6
1633942018.775 44 32 29 19 13 12 7
1633942019.021 46 32 27 19 16 11 7
1633942019.270 45 30 29 19 12 12 7
1633942019.522 45 33 28 17 11 14 6
1633942019.772 46 31 28 18 10 13 7
1633942020.020 47 32 30 19 11 13 6
1633942020.272 45 32 28 20 10 13 6
1633942020.521 44 31 29 19 13 13 6
1633942020.771 45 32 26 18 13 15 5
1633942021.020 44 31 27 20 13 12 7
1633942021.273 46 33 27 19 14 13 7
1633942021.529 45 32 30 19 13 10 7
1633942021.770 46 31 28 18 11 12 8
1633942022.026 46 30 30 18 13 12 6
1633942022.291 45 31 27 18 13 11 7
1633942022.521 45 32 29 17 13 11 6
1633942022.774 46 30 27 17 12 13 7
1633942023.031 46 29 29 21 13 13 6
1633942023.270 44 33 28 17 13 10 6
1633942023.520 49 30 26 20 12 12 7
1633942023.774 46 30 28 18 15 12 10
1633942024.020 46 31 26 19 13 10 8
1633942024.271 46 31 27 19 14 13 8
1633942024.523 45 29 30 18 12 14 8
1633942024.771 46 32 28 17 12 11 7
1633942025.029 46 32 27 19 11 12 6
1633942025.277 45 30 28 18 12 13 7
1633942025.520 47 30 26 20 13 13 5
1633942025.772 44 32 27 18 12 12 8
1633942026.022 46 32 27 18 13 11 7
1633942026.271 46 31 26 18 11 11 5
1633942026.521 45 32 27 17 12 11 5
1633942026.775 46 32 27 18 12 11 5
1633942027.021 44 33 27 18 13 12 8
1633942027.288 45 31 27 19 14 12 5
1633942027.523 45 35 27 21 13 11 6
1633942027.770 47 31 28 19 12 15 4
1633942028.024 46 31 29 19 11 10 8
1633942028.272 46 34 27 20 13 12 5
1633942028.520 45 30 28 19 12 10 6
1633942028.779 46 34 26 20 11 13 6
1633942029.027 47 32 27 19 13 12 9
1633942029.278 46 32 27 18 14 13 8
1633942029.522 48 31 26 19 11 11 8
1633942029.771 44 30 28 19 13 14 6
1633942030.023 48 32 26 17 12 14 6
1633942030.271 48 31 27 19 14 14 5
1633942030.521 45 31 27 21 13 13 6
1633942030.772 47 32 28 19 12 12 5
1633942031.025 46 31 28 20 12 12 7
1633942031.272 44 31 27 19 14 12 7
1633942031.523 44 32 29 18 13 11 6
1633942031.772 46 34 28 20 13 12 7
1633942032.023 47 32 28 19 11 12 7
1633942032.271 46 33 26 21 12 13 8
1633942032.526 46 35 27 20 11 11 5
1633942032.771 45 31 27 18 13 13 6
1633942033.023 44 31 28 21 11 11 7
1633942033.274 46 32 29 18 12 11 9
1633942033.521 48 31 27 19 11 12 6
1633942033.774 46 32 26 19 13 12 8
1633942034.025 46 32 29 18 12 12 5
1633942034.272 44 31 28 18 12 14 6
1633942034.521 46 31 27 20 10 13 7
1633942034.775 45 32 27 18 11 14 8
1633942035.023 46 30 27 17 13 11 5
1633942035.279 45 31 27 19 14 11 5
1633942035.520 47 33 29 19 11 11 7
1633942035.772 45 30 27 17 11 12 7
1633942036.026 46 31 28 19 11 12 8
1633942036.287 45 31 29 19 12 13 6
1633942036.521 45 31 27 19 11 12 6
1633942036.771 44 30 29 22 13 12 6
1633942037.022 45 33 26 19 13 12 7
1633942037.271 44 31 27 20 13 12 7
1633942037.522 48 31 29 20 13 12 5
1633942037.771 48 30 26 18 14 12 6
1633942038.023 44 31 27 17 11 11 8
1633942038.271 44 32 28 18 13 13 7
1633942038.523 47 32 29 19 12 13 6
1633942038.771 44 33 30 19 12 12 8
1633942039.022 46 31 29 18 11 12 7
1633942039.273 46 31 28 20 12 13 6
1633942039.521 45 31 27 20 14 13 7
1633942039.772 46 30 27 18 14 11 5
1633942040.024 44 30 28 18 16 13 4
1633942040.274 49 31 27 18 14 11 8
1633942040.521 47 30 27 19 12 12 8
1633942040.772 44 31 29 17 12 13 5
1633942041.027 45 31 27 17 13 12 6
1633942041.272 46 32 28 18 12 12 8
1633942041.522 43 31 26 20 12 11 5
1633942041.781 45 33 27 19 16 12 6
1633942042.021 48 32 28 18 11 11 6
1633942042.272 49 32 27 19 12 12 6
1633942042.525 46 31 29 17 14 12 7
1633942042.771 46 32 28 18 11 11 6
1633942043.021 46 33 30 17 15 11 8
1633942043.273 45 33 27 17 11 13 8
1633942043.527 47 29 27 18 13 12 5
1633942043.771 43 32 29 18 12 11 8
1633942044.023 47 33 27 18 13 14 6
1633942044.276 47 30 29 17 13 12 6
1633942044.521 45 30 28 18 13 13 5
1633942044.772 46 29 28 19 12 11 6
1633942045.027 45 31 27 18 14 11 6
1633942045.272 45 32 27 18 12 13 8
1633942045.525 45 30 26 18 13 12 6
1633942045.779 44 31 29 17 14 12 6
1633942046.023 46 35 27 20 12 12 6
1633942046.272 46 30 29 18 13 12 5
1633942046.526 46 30 28 19 13 12 4
1633942046.772 45 32 29 18 12 13 6
1633942047.022 46 31 26 19 12 12 6
1633942047.280 46 30 28 20 12 12 6
1633942047.522 47 31 30 18 10 13 6
1633942047.775 44 33 29 18 14 11 4
1633942048.037 47 32 28 20 13 13 4
1633942048.272 44 31 27 18 14 11 7
1633942048.525 44 31 30 18 13 13 7
1633942048.788 46 32 29 18 12 13 8
1633942049.022 48 32 29 19 12 13 6
1633942049.272 44 30 28 17 13 15 7
1633942049.525 43 34 30 17 12 12 7
1633942049.773 45 30 28 20 12 11 8
1633942050.040 44 31 27 18 12 10 6
1633942050.273 44 34 28 19 10 12 8
1633942050.524 45 31 28 20 11 12 5
1633942050.776 45 34 26 17 13 13 8
1633942051.028 45 31 29 19 14 13 8
1633942051.272 45 32 27 19 12 11 6
1633942051.523 45 31 28 19 12 11 4
1633942051.777 46 31 26 17 13 13 7
1633942052.022 46 33 31 21 12 11 5
1633942052.275 45 31 28 18 16 13 7
1633942052.527 47 30 28 20 12 12 7
1633942052.772 45 30 27 20 12 11 9
1633942053.023 46 31 28 22 12 11 6
1633942053.279 46 32 27 19 13 12 6
1633942053.522 44 31 27 21 13 12 7
1633942053.783 43 30 27 19 13 11 7
1633942054.027 44 35 27 18 11 14 6
1633942054.272 45 31 30 18 13 11 5
1633942054.528 47 30 28 19 11 11 7
1633942054.776 46 32 28 19 13 13 6
1633942055.023 45 30 29 19 12 11 6
1633942055.274 43 33 28 18 13 11 8
1633942055.526 47 32 29 20 13 12 6
1633942055.776 46 32 28 18 13 14 6
1633942056.022 46 31 27 19 12 13 6
1633942056.276 46 33 28 20 12 10 5
1633942056.525 46 32 26 19 14 12 7
1633942056.784 45 31 28 19 12 14 6
1633942057.027 47 31 28 19 13 11 6
1633942057.273 44 31 26 18 13 11 7
1633942057.527 45 32 27 18 13 11 8
1633942057.776 45 32 28 19 12 11 6
1633942058.027 49 31 29 17 13 13 4
1633942058.273 46 32 28 20 14 13 6
1633942058.538 46 32 29 21 11 12 6
1633942058.778 44 30 28 20 12 12 8
1633942059.023 45 30 28 20 12 12 6
1633942059.280 46 31 28 20 12 14 8
1633942059.528 47 32 27 18 13 12 6
1633942059.772 45 32 29 19 12 11 6
1633942060.023 46 33 31 18 13 11 8
1633942060.274 46 31 28 21 12 11 6
1633942060.525 44 30 27 18 12 11 6
1633942060.773 48 31 27 20 10 13 8
1633942061.025 46 32 27 20 12 12 7
1633942061.272 46 33 29 19 14 13 8
1633942061.523 44 30 29 19 12 10 8
1633942061.773 46 33 27 21 12 12 9
1633942062.024 46 32 29 20 11 13 4
1633942062.279 44 32 27 19 12 13 7
1633942062.523 45 33 27 19 13 11 6
1633942062.772 45 31 26 22 14 12 6
1633942063.023 47 32 28 22 12 10 7
1633942063.277 46 32 28 19 14 12 7
1633942063.523 46 31 26 18 13 10 7
1633942063.773 48 33 27 18 13 14 6
1633942064.023 47 32 27 19 10 13 8
1633942064.273 44 29 26 18 12 15 6
1633942064.523 45 30 26 18 13 12 7
1633942064.774 47 33 28 20 14 12 6
1633942065.029 46 30 28 20 11 12 5
1633942065.277 46 33 28 18 13 9 6
1633942065.523 45 30 26 19 12 11 6
1633942065.773 45 31 29 19 13 13 7
1633942066.034 47 29 26 20 14 10 6
1633942066.273 48 30 26 19 12 11 5
1633942066.523 44 31 27 17 12 14 7
1633942066.786 49 33 26 18 13 13 6
1633942067.023 46 33 27 19 13 14 7
1633942067.272 45 32 30 19 13 14 8
1633942067.523 46 31 28 18 12 12 4
1633942067.774 46 32 29 18 10 13 5
1633942068.026 46 33 27 20 12 12 7
1633942068.273 45 32 27 21 11 10 7
1633942068.535 46 34 29 21 11 11 6
1633942068.774 45 30 25 18 15 13 5
1633942069.023 46 29 27 18 11 13 7
1633942069.274 47 33 27 19 12 13 5
1633942069.530 45 32 28 17 12 12 7
1633942069.774 47 31 28 21 11 11 6
1633942070.023 44 31 28 22 11 13 7
1633942070.278 45 32 28 18 10 12 7
1633942070.525 45 32 27 21 12 11 5
1633942070.773 47 30 29 18 14 14 6
1633942071.039 45 30 27 20 11 13 7
1633942071.275 46 34 28 21 14 12 8
1633942071.525 44 32 30 18 12 12 6
1633942071.778 45 32 27 18 12 13 6
1633942072.025 44 35 29 18 13 13 8
1633942072.275 47 31 28 20 13 11 5
1633942072.525 46 32 29 19 13 14 9
1633942072.775 45 30 27 18 14 11 10
1633942073.025 47 33 30 18 11 13 9
1633942073.281 46 33 29 20 12 12 5
1633942073.524 45 30 28 19 13 12 7
1633942073.774 46 33 26 18 12 11 4
1633942074.026 45 32 27 17 14 12 6
1633942074.276 47 34 27 19 12 12 6
1633942074.525 43 33 27 20 11 12 6
1633942074.774 46 32 28 18 12 11 8
1633942075.025 45 32 27 21 13 12 6
1633942075.275 45 31 27 18 11 12 6
1633942075.525 47 31 29 20 11 13 7
1633942075.776 46 33 26 18 12 12 8
1633942076.025 45 32 27 20 12 12 6
1633942076.275 46 30 28 19 11 13 7
1633942076.526 45 34 29 20 12 12 6
1633942076.774 45 32 27 19 10 12 8
1633942077.026 44 31 31 18 12 9 6
1633942077.276 47 31 28 21 11 10 7
1633942077.527 44 33 29 16 14 10 6
1633942077.777 45 33 28 20 11 12 6
1633942078.024 44 31 28 19 12 14 6
1633942078.275 43 32 27 17 14 13 9
1633942078.524 45 31 27 20 15 13 7
1633942078.774 44 33 29 18 11 11 6
1633942079.024 47 32 27 19 12 15 6
1633942079.274 44 29 29 18 13 13 5
1633942079.524 47 31 28 18 12 13 7
1633942079.774 45 32 26 21 13 12 6
1633942080.026 46 31 27 19 11 11 10
1633942080.274 46 30 28 18 12 12 8
1633942080.524 45 32 28 19 13 12 7
1633942080.773 46 31 30 18 12 12 6
1633942081.025 44 33 28 20 10 13 6
1633942081.277 47 33 29 19 13 12 6
1633942081.524 47 29 29 19 12 12 6
1633942081.775 46 31 28 20 14 11 6
1633942082.024 45 30 29 18 11 12 8
1633942082.277 45 31 29 20 10 12 10
1633942082.525 45 31 29 19 12 14 8
1633942082.775 47 29 28 18 12 11 7
1633942083.025 46 29 29 18 12 12 6
1633942083.274 47 29 27 18 13 11 6
1633942083.524 46 31 26 20 13 9 6
1633942083.775 45 30 28 17 12 12 5
1633942084.024 44 31 28 19 12 12 7
1633942084.274 47 33 27 18 12 10 5
1633942084.525 46 30 30 19 12 13 8
1633942084.774 46 31 27 20 13 12 8
1633942085.024 47 31 29 19 13 12 7
1633942085.276 44 30 30 20 13 11 7
1633942085.526 44 31 29 19 11 11 8
1633942085.774 44 30 28 19 11 12 6
1633942086.024 45 31 29 19 11 11 9
1633942086.276 45 30 27 20 10 12 8
1633942086.524 47 32 29 19 12 13 5
1633942086.776 46 33 27 21 11 11 7
1633942087.039 46 31 28 19 12 12 6
1633942087.275 45 32 28 19 12 13 6
1633942087.525 44 32 27 20 12 13 6
1633942087.789 44 33 29 19 11 12 5
1633942088.025 46 31 29 19 14 11 6
1633942088.275 47 32 26 19 11 13 9
1633942088.526 46 31 27 20 12 12 6
1633942088.778 43 32 27 18 13 13 6
1633942089.025 45 32 27 20 11 11 7
1633942089.275 45 33 27 20 10 12 5
1633942089.538 46 32 27 21 10 13 8
1633942089.774 47 30 28 20 12 14 6
1633942090.026 46 30 28 18 12 12 7
1633942090.300 45 31 29 18 12 15 7
1633942090.525 45 31 27 18 12 12 5
1633942090.793 46 33 29 17 12 13 5
1633942091.027 45 32 27 18 13 11 8
1633942091.277 44 35 26 19 13 11 6
1633942091.542 45 33 26 19 11 12 9
1633942091.774 46 33 28 16 11 12 6
1633942092.035 48 32 28 18 13 11 7
1633942092.277 48 33 32 19 13 11 6
1633942092.525 45 32 27 20 13 10 5
1633942092.776 44 31 29 20 12 12 8
1633942093.028 46 32 29 20 11 12 8
1633942093.277 46 32 27 19 10 12 7
1633942093.547 47 31 28 18 12 10 6
1633942093.774 45 32 28 18 12 12 7
1633942094.029 45 31 27 19 11 12 6
1633942094.292 46 32 29 18 12 11 5
1633942094.526 45 32 28 21 11 10 5
1633942094.788 44 32 28 20 11 13 7
1633942095.025 45 30 28 20 10 12 8
1633942095.278 45 30 27 20 12 13 6
1633942095.529 46 31 28 18 11 11 6
1633942095.775 45 31 28 17 11 13 7
1633942096.024 45 31 28 20 13 13 7
1633942096.276 46 33 27 19 12 11 8
1633942096.527 46 32 27 19 11 12 7
1633942096.777 45 31 28 19 13 12 6
1633942097.028 46 31 29 18 12 12 5
1633942097.276 46 32 28 20 12 12 8
1633942097.524 44 32 29 20 13 12 5
1633942097.777 45 31 28 20 11 11 6
1633942098.028 48 31 25 19 12 11 7
1633942098.275 47 31 27 19 12 12 5
1633942098.525 44 31 27 18 12 11 7
1633942098.777 47 32 29 20 11 11 5
1633942099.026 46 33 27 18 11 12 8
1633942099.276 43 32 27 20 13 13 6
1633942099.528 45 32 28 19 13 13 6
1633942099.775 46 32 29 21 13 12 6
1633942100.026 47 31 30 17 11 12 6
1633942100.276 46 34 27 19 11 11 7
1633942100.525 47 32 28 22 12 13 6
1633942100.776 44 30 27 20 13 14 7
1633942101.028 46 31 27 19 11 11 6
1633942101.275 47 32 28 20 12 12 8
1633942101.526 46 31 26 19 12 11 5
1633942101.776 45 32 26 17 11 12 9
1633942102.026 45 31 27 18 11 10 6
1633942102.275 45 31 27 18 13 10 8
1633942102.525 46 30 29 18 10 13 7
1633942102.775 48 33 27 19 12 12 7
1633942103.024 46 32 28 19 13 14 6
1633942103.277 45 31 26 18 12 12 9
1633942103.527 43 32 28 16 11 13 7
1633942103.776 45 32 27 20 11 13 4
1633942104.026 46 31 31 17 12 13 6
1633942104.275 45 30 28 18 11 12 7
1633942104.525 45 31 27 19 11 14 8
1633942104.775 48 35 26 20 11 11 6
1633942105.027 45 31 28 18 10 11 5
1633942105.276 45 31 28 18 10 15 7
1633942105.525 44 31 26 18 13 13 7
1633942105.775 47 33 27 19 14 12 9
1633942106.032 45 33 28 20 11 12 6
1633942106.275 46 32 26 18 12 10 7
1633942106.525 46 32 27 20 12 13 8
1633942106.776 46 33 30 19 12 12 5
1633942107.025 46 31 27 18 11 11 6
1633942107.276 45 31 27 18 13 12 6
1633942107.525 45 31 29 19 10 10 7
1633942107.775 45 32 29 20 11 11 5
1633942108.031 45 30 28 19 13 11 8
1633942108.276 46 30 27 18 10 12 8
1633942108.526 45 32 31 18 14 12 6
1633942108.778 44 31 26 19 12 13 4
1633942109.027 45 31 26 19 13 12 5
1633942109.276 45 29 27 20 11 13 7
1633942109.525 47 30 31 18 13 12 10
1633942109.782 46 32 28 18 12 12 7
1633942110.031 44 31 26 18 12 14 6
1633942110.275 46 32 28 20 12 15 7
1633942110.526 46 31 29 18 12 13 6
1633942110.788 46 30 27 18 10 13 8
1633942111.026 46 31 27 19 11 12 6
1633942111.285 45 31 28 18 13 14 8
1633942111.529 46 31 28 19 11 12 7
1633942111.776 45 32 27 17 10 11 6
1633942112.030 48 33 27 19 12 10 5
1633942112.279 45 30 27 19 10 9 5
1633942112.525 47 33 28 18 12 11 4
1633942112.783 45 33 26 19 12 11 5
1633942113.027 46 30 25 18 14 13 6
1633942113.277 46 32 28 19 12 12 4
1633942113.534 47 31 30 17 12 12 6
1633942113.779 46 31 28 20 11 12 6
1633942114.027 46 31 29 21 11 11 6
1633942114.290 47 34 28 21 13 10 8
1633942114.528 46 32 28 18 13 10 6
1633942114.777 46 32 28 21 12 14 6
1633942115.029 46 32 28 17 9 12 7
1633942115.277 48 31 29 20 12 11 5
1633942115.525 44 32 28 21 12 12 8
1633942115.779 43 32 29 21 10 12 6
1633942116.031 46 33 26 20 12 12 6
1633942116.278 47 34 28 20 10 12 8
1633942116.527 44 32 28 20 10 11 7
1633942116.777 46 30 30 18 10 12 6
1633942117.027 44 31 28 19 13 14 6
1633942117.276 47 30 28 17 11 11 7
1633942117.526 47 30 27 17 9 11 6
1633942117.775 47 32 27 19 10 13 6
1633942118.026 46 33 27 19 11 13 6
1633942118.277 43 31 28 19 11 12 6
1633942118.529 44 32 27 19 11 10 7
1633942118.777 45 30 28 18 11 11 5
1633942119.027 45 34 27 21 11 11 6
1633942119.276 47 32 28 19 13 12 8
1633942119.528 44 30 28 18 10 12 4
1633942119.777 44 31 29 20 10 13 7
1633942120.026 46 31 29 18 11 14 8
1633942120.278 44 33 28 18 11 11 8
1633942120.528 44 32 29 17 12 13 8
1633942120.778 47 31 27 19 13 10 8
1633942121.026 46 31 26 17 14 12 8
1633942121.279 45 32 28 18 11 10 7
1633942121.530 47 33 28 19 10 13 4
1633942121.776 47 33 30 19 12 13 6
1633942122.027 45 31 26 17 15 12 6
1633942122.278 46 31 29 19 11 12 6
1633942122.527 47 30 28 19 11 13 6
1633942122.776 47 32 28 18 12 13 9
1633942123.027 48 32 28 21 12 12 8
1633942123.276 46 31 28 20 11 12 7
1633942123.526 47 30 26 19 13 13 7
1633942123.776 44 32 28 17 9 10 7
1633942124.027 45 32 27 18 10 12 9
1633942124.277 46 32 26 19 11 13 7
1633942124.529 47 30 30 20 10 12 5
1633942124.776 42 30 27 18 13 13 6
1633942125.028 47 31 26 18 13 10 6
1633942125.277 45 32 30 21 12 9 5
1633942125.527 45 33 28 19 10 10 6
1633942125.776 45 32 28 19 11 12 6
1633942126.027 45 34 28 17 11 12 7
1633942126.278 45 32 28 18 12 14 7
1633942126.526 46 33 29 18 10 13 7
1633942126.778 46 30 29 17 11 12 5
1633942127.026 46 31 27 17 10 13 7
1633942127.278 48 31 26 18 15 13 6
1633942127.527 46 35 28 19 12 13 9
1633942127.778 45 31 28 16 12 12 7
1633942128.027 46 31 27 18 11 14 6
1633942128.276 46 31 27 20 11 10 6
1633942128.526 44 31 26 20 12 11 6
1633942128.777 45 32 27 17 12 12 7
1633942129.026 45 34 28 19 12 12 6
1633942129.276 45 31 27 18 11 13 6
1633942129.526 45 32 27 20 13 12 5
1633942129.790 45 32 28 17 11 12 8
1633942130.026 45 31 28 19 10 12 6
1633942130.276 47 32 29 18 11 12 7
1633942130.534 45 29 27 17 11 15 7
1633942130.776 49 34 27 20 12 11 6
1633942131.028 45 31 28 19 12 12 6
1633942131.290 48 31 27 18 11 13 6
1633942131.526 45 31 27 18 11 14 7
1633942131.776 45 32 29 19 14 10 5
1633942132.037 45 30 25 20 11 11 6
1633942132.277 47 31 28 16 12 13 7
1633942132.528 44 32 27 19 11 11 10
1633942132.790 45 31 28 18 11 12 6
1633942133.027 44 32 28 20 10 11 8
1633942133.278 46 32 28 19 12 13 6
1633942133.539 45 31 29 19 11 10 6
1633942133.777 46 32 28 18 11 13 8
1633942134.029 46 33 29 17 12 11 7
1633942134.284 46 31 28 19 11 12 8
1633942134.528 46 31 28 19 12 10 9
1633942134.779 45 31 27 20 13 12 7
1633942135.032 45 33 27 19 9 11 7
1633942135.277 46 32 29 19 11 12 5
1633942135.529 46 32 26 17 11 11 5
1633942135.778 49 34 30 19 12 11 8
1633942136.031 46 34 30 18 13 11 6
1633942136.291 46 31 27 17 10 11 8
1633942136.527 46 33 25 19 11 12 7
1633942136.784 43 31 28 20 10 13 8
1633942137.042 46 33 26 19 11 13 6
1633942137.279 45 33 28 19 12 15 6
1633942137.542 45 33 26 19 11 12 8
1633942137.783 44 31 27 19 12 12 9
1633942138.028 44 30 29 19 10 13 6
1633942138.281 45 33 26 17 10 10 8
1633942138.531 45 32 26 17 10 14 6
1633942138.777 47 32 27 19 10 12 9
1633942139.030 44 33 28 19 13 11 5
1633942139.279 45 32 27 20 12 12 6
1633942139.529 46 32 26 19 12 11 6
1633942139.782 44 33 29 17 12 12 8
1633942140.028 44 34 29 19 12 12 9
1633942140.278 46 31 27 19 11 12 5
1633942140.536 45 32 27 19 12 11 6
1633942140.779 46 31 25 18 11 12 6
1633942141.028 46 31 27 18 9 12 6
1633942141.280 45 32 27 20 12 13 6
1633942141.528 47 31 28 18 12 11 6
1633942141.777 45 32 26 20 12 13 7
1633942142.028 45 30 28 19 13 11 5
1633942142.280 45 34 26 18 11 12 7
1633942142.527 47 33 27 21 12 14 6
1633942142.778 45 30 26 18 12 12 5
1633942143.029 45 32 28 17 13 12 7
1633942143.278 48 33 27 19 11 11 7
1633942143.527 49 32 28 17 11 12 6
1633942143.778 45 30 27 18 10 12 6
1633942144.028 43 30 28 17 13 11 5
1633942144.278 45 33 26 19 12 10 8
1633942144.529 46 34 29 17 12 12 7
1633942144.779 46 32 25 18 11 13 7
1633942145.029 45 32 29 19 11 12 7
