1630831561.836 52 29 32 26 25 22 16
1630831562.086 51 29 33 24 23 23 18
1630831562.336 53 31 33 25 24 22 15
1630831562.585 52 30 34 24 24 25 17
1630831562.835 52 31 32 24 24 23 18
1630831563.086 54 31 33 26 25 25 16
1630831563.336 52 29 34 24 24 25 19
1630831563.586 53 29 31 24 26 23 20
1630831563.835 52 31 33 24 24 24 17
1630831564.085 51 28 31 23 25 25 19
1630831564.335 55 31 34 21 23 24 17
1630831564.585 55 30 33 23 21 22 17
1630831564.835 54 31 34 22 23 23 16
1630831565.086 51 29 33 23 26 24 17
1630831565.334 52 28 33 24 24 23 16
1630831565.586 55 32 33 23 22 23 18
1630831565.836 55 29 35 22 23 23 16
1630831566.085 52 29 33 23 25 23 15
1630831566.336 52 29 36 24 27 22 17
1630831566.584 53 29 32 22 25 23 16
1630831566.836 54 30 35 25 24 22 16
1630831567.085 51 30 33 23 24 21 17
1630831567.334 54 30 34 23 24 22 16
1630831567.586 55 30 33 23 23 22 17
1630831567.837 53 30 34 26 24 23 19
1630831568.090 53 29 33 25 23 23 15
1630831568.342 54 30 34 24 24 24 18
1630831568.584 52 31 31 25 21 21 19
1630831568.835 52 30 35 25 23 22 19
1630831569.085 51 29 33 24 23 23 18
1630831569.336 52 29 32 25 23 21 18
1630831569.588 54 29 35 24 26 22 17
1630831569.835 52 29 32 25 24 20 16
1630831570.086 53 29 32 26 25 22 18
1630831570.335 50 30 32 25 23 22 20
1630831570.584 54 29 34 25 24 22 16
1630831570.835 52 27 32 26 23 23 19
1630831571.084 52 29 35 24 22 21 18
1630831571.335 55 30 35 25 22 23 17
1630831571.586 52 31 32 25 23 23 19
1630831571.836 52 33 34 25 22 25 17
1630831572.086 53 29 33 25 23 23 16
1630831572.335 53 31 33 25 24 22 15
1630831572.585 51 29 33 23 25 23 17
1630831572.836 52 30 34 26 24 23 15
1630831573.085 52 30 36 24 25 25 18
1630831573.335 50 29 32 25 23 23 17
1630831573.586 52 31 33 25 24 23 17
1630831573.835 52 32 34 24 22 20 16
1630831574.086 51 28 33 23 23 23 18
1630831574.337 55 31 34 25 23 22 17
1630831574.588 51 30 33 22 24 22 18
1630831574.839 54 29 33 25 25 22 17
1630831575.086 55 32 33 25 22 23 16
1630831575.336 52 28 32 24 23 21 18
1630831575.586 54 30 33 24 22 22 19
1630831575.835 55 31 32 23 24 23 18
1630831576.086 56 31 34 24 23 23 20
1630831576.339 52 28 33 25 24 22 16
1630831576.585 53 29 34 25 27 20 18
1630831576.835 54 29 34 24 25 24 16
1630831577.093 54 31 34 24 25 22 16
1630831577.337 52 29 32 23 23 24 17
1630831577.593 53 29 34 28 25 23 20
1630831577.836 53 31 34 26 23 23 15
1630831578.087 51 31 36 22 24 27 17
1630831578.336 54 30 33 23 22 23 18
1630831578.587 54 29 32 24 23 23 16
1630831578.837 51 27 34 24 25 23 18
1630831579.087 55 32 33 23 26 21 19
1630831579.335 56 29 34 25 23 23 18
1630831579.586 53 29 33 24 25 21 18
1630831579.835 52 28 32 25 26 21 17
1630831580.091 52 30 33 26 22 23 17
1630831580.336 54 30 36 24 21 22 16
1630831580.585 51 30 36 23 25 20 16
1630831580.839 52 29 33 25 23 22 17
1630831581.090 56 29 33 26 23 23 17
1630831581.336 54 28 34 25 24 21 17
1630831581.585 54 32 33 24 22 24 15
1630831581.835 53 29 34 27 24 23 18
1630831582.085 55 28 37 24 21 22 16
1630831582.339 54 30 32 27 23 22 17
1630831582.585 53 30 34 24 22 21 16
1630831582.836 54 30 32 25 24 20 16
1630831583.086 52 30 33 26 23 23 17
1630831583.336 54 30 34 23 22 23 16
1630831583.587 54 31 34 25 23 24 17
1630831583.838 52 30 34 23 25 24 18
1630831584.086 55 32 33 25 27 22 15
1630831584.336 53 29 34 26 22 25 17
1630831584.586 52 31 35 23 23 22 18
1630831584.835 53 29 33 24 24 24 17
1630831585.089 52 29 33 25 24 23 17
1630831585.336 52 28 33 25 24 25 18
1630831585.585 52 31 33 25 24 25 17
1630831585.836 52 30 32 23 22 25 16
1630831586.086 52 31 32 23 25 23 16
1630831586.339 54 31 34 23 25 26 17
1630831586.585 52 32 33 24 22 22 16
1630831586.836 55 32 32 23 23 23 19
1630831587.086 51 28 33 26 23 23 19
1630831587.336 53 30 33 23 23 22 17
1630831587.589 51 30 31 25 24 23 16
1630831587.836 50 30 34 24 23 25 18
1630831588.086 52 29 34 23 23 24 16
1630831588.336 51 32 32 25 24 23 16
1630831588.586 52 30 33 26 24 22 16
1630831588.836 53 33 32 23 22 23 16
1630831589.087 53 30 32 24 23 24 15
1630831589.337 52 29 35 25 22 22 16
1630831589.586 51 27 31 25 22 24 15
1630831589.836 53 28 32 23 21 21 18
1630831590.087 52 29 33 25 23 23 18
1630831590.339 54 30 32 25 24 24 16
1630831590.586 52 29 32 25 24 23 18
1630831590.836 53 30 35 26 22 23 18
1630831591.086 50 29 32 26 23 23 17
1630831591.336 53 27 32 26 24 23 18
1630831591.587 51 28 33 27 23 24 16
1630831591.837 53 29 33 27 25 26 15
1630831592.086 59 28 33 26 27 24 18
1630831592.337 53 30 33 26 26 23 16
1630831592.586 54 28 31 23 23 25 16
1630831592.836 56 28 33 23 23 25 18
1630831593.086 53 29 33 25 24 24 17
1630831593.335 52 29 32 25 25 24 18
1630831593.585 53 29 33 26 22 24 17
1630831593.836 54 28 32 25 23 23 16
1630831594.085 51 29 32 24 24 22 16
1630831594.335 54 30 34 24 22 22 19
1630831594.586 53 30 34 26 25 26 17
1630831594.837 53 29 33 24 24 22 20
1630831595.091 55 31 35 24 22 24 17
1630831595.336 52 30 32 24 22 23 18
1630831595.586 53 30 33 23 23 22 17
1630831595.836 52 29 33 24 23 22 16
1630831596.088 53 30 33 24 26 22 16
1630831596.336 52 30 35 23 22 24 15
1630831596.586 55 28 34 22 23 24 15
1630831596.835 53 29 35 24 22 24 17
1630831597.085 54 30 32 24 22 23 16
1630831597.337 55 31 36 22 22 21 18
1630831597.587 52 28 32 24 24 20 17
1630831597.836 54 29 35 22 25 21 18
1630831598.086 54 31 34 23 23 22 18
1630831598.336 53 30 33 25 25 21 19
1630831598.586 51 28 34 25 24 22 17
1630831598.836 53 29 31 23 24 20 16
1630831599.086 53 30 33 25 23 20 18
1630831599.337 53 29 36 23 25 22 17
1630831599.587 53 31 34 23 23 22 18
1630831599.840 53 31 35 23 24 22 18
1630831600.093 53 32 34 22 24 24 18
1630831600.337 54 29 33 22 23 22 17
1630831600.586 53 31 33 22 25 23 17
1630831600.839 54 28 33 25 23 23 19
1630831601.086 52 29 33 22 25 25 17
1630831601.345 53 33 34 25 26 23 17
1630831601.591 53 30 34 23 25 25 17
1630831601.838 53 30 34 24 27 23 16
1630831602.087 55 31 33 24 24 22 16
1630831602.337 51 31 31 25 24 22 19
1630831602.588 54 30 34 24 24 22 16
1630831602.841 52 29 34 24 23 20 17
1630831603.086 52 30 32 24 26 21 17
1630831603.339 52 29 33 24 23 23 17
1630831603.585 52 29 31 25 22 22 16
1630831603.837 55 30 34 25 23 24 18
1630831604.091 54 29 33 27 24 22 18
1630831604.337 51 30 32 25 21 22 18
1630831604.587 53 31 36 23 27 22 16
1630831604.836 54 29 34 25 22 23 17
1630831605.086 56 30 34 24 23 22 17
1630831605.337 52 29 34 24 25 22 19
1630831605.588 55 30 33 26 25 23 17
1630831605.838 56 29 33 22 24 23 14
1630831606.086 53 33 33 24 22 23 17
1630831606.339 52 31 31 25 24 23 15
1630831606.587 54 30 31 23 24 23 16
1630831606.836 51 28 34 23 23 22 18
1630831607.087 53 29 34 24 24 23 14
1630831607.338 52 33 36 26 26 21 15
1630831607.586 53 31 34 23 24 22 14
1630831607.836 54 31 32 23 22 24 17
1630831608.086 52 31 34 24 23 21 16
1630831608.337 55 30 32 24 23 22 15
1630831608.587 51 29 34 25 23 26 15
1630831608.838 55 29 36 22 21 23 17
1630831609.086 55 29 34 24 22 24 18
1630831609.339 52 27 31 23 24 22 16
1630831609.586 52 29 36 24 22 21 17
1630831609.837 53 30 33 26 24 22 16
1630831610.086 52 30 34 24 22 21 15
1630831610.339 51 32 35 26 23 22 16
1630831610.587 53 29 34 25 24 21 15
1630831610.839 54 28 34 24 22 22 17
1630831611.086 55 29 34 23 24 21 17
1630831611.336 52 30 32 24 23 25 16
1630831611.586 54 31 34 24 22 22 14
1630831611.837 51 29 33 24 23 21 18
1630831612.092 53 32 35 24 24 22 16
1630831612.343 54 32 33 25 24 22 19
1630831612.586 53 28 36 24 22 22 18
1630831612.836 55 31 34 25 27 21 16
1630831613.087 52 31 33 23 23 23 17
1630831613.339 51 30 31 25 23 22 15
1630831613.588 52 29 32 23 22 22 16
1630831613.836 53 29 33 24 25 20 18
1630831614.087 52 30 35 25 25 21 19
1630831614.337 55 30 33 23 23 21 16
1630831614.590 55 28 34 27 23 20 17
1630831614.836 52 30 33 25 23 20 17
1630831615.086 55 29 33 25 21 23 17
1630831615.337 52 30 33 24 26 21 18
1630831615.586 53 30 34 23 23 23 20
1630831615.838 52 30 35 25 24 22 17
1630831616.087 55 29 34 23 25 22 15
1630831616.337 53 31 32 23 24 22 18
1630831616.587 53 30 33 23 25 21 18
1630831616.837 53 30 34 24 26 23 18
1630831617.088 54 30 36 22 23 21 18
1630831617.337 53 32 37 22 23 22 16
1630831617.586 55 28 33 22 22 24 20
1630831617.837 55 29 33 24 23 23 19
1630831618.086 52 32 35 23 24 24 17
1630831618.337 52 33 34 23 23 24 16
1630831618.587 53 29 33 24 22 22 17
1630831618.836 53 28 33 23 22 23 17
1630831619.086 56 30 33 22 26 24 16
1630831619.338 52 29 34 24 26 22 17
1630831619.587 55 30 32 24 24 24 18
1630831619.837 53 31 33 25 23 24 16
1630831620.086 52 30 32 25 24 23 16
1630831620.336 54 27 32 23 23 22 17
1630831620.587 55 32 32 23 25 24 16
1630831620.836 52 29 32 23 22 23 22
1630831621.087 55 28 34 26 28 23 19
1630831621.340 51 32 31 24 26 23 19
1630831621.587 53 32 34 25 24 23 17
1630831621.837 52 28 34 24 21 24 18
1630831622.087 55 30 33 23 24 26 20
1630831622.336 52 28 33 25 22 23 16
1630831622.586 51 31 34 24 24 22 15
1630831622.836 53 29 34 23 23 24 18
1630831623.087 52 31 33 24 22 22 17
1630831623.337 54 33 33 24 25 25 16
1630831623.587 51 31 32 26 25 23 17
1630831623.836 53 29 30 25 26 23 15
1630831624.087 53 32 34 22 23 23 17
1630831624.336 53 31 34 25 25 24 17
1630831624.587 53 32 35 26 23 23 14
1630831624.837 52 31 34 23 22 23 17
1630831625.086 53 29 32 25 23 22 15
1630831625.337 56 30 34 23 24 24 16
1630831625.587 53 31 35 24 23 23 16
1630831625.837 53 28 33 23 24 25 20
1630831626.087 54 32 33 23 24 25 15
1630831626.338 52 31 31 24 24 24 16
1630831626.586 53 31 32 26 24 23 16
1630831626.838 53 30 32 25 26 23 14
1630831627.087 52 32 34 24 22 24 17
1630831627.337 53 32 33 23 23 24 15
1630831627.588 52 29 33 26 25 23 15
1630831627.837 55 30 34 26 22 23 16
1630831628.087 55 29 34 23 24 24 16
1630831628.338 54 28 32 24 24 24 16
1630831628.588 53 31 32 25 25 25 17
1630831628.841 53 32 31 25 22 22 14
1630831629.087 53 30 33 27 23 23 17
1630831629.337 53 29 33 25 23 22 18
1630831629.588 53 31 33 24 23 21 17
1630831629.838 52 31 31 23 23 24 16
1630831630.088 53 31 32 24 25 22 16
1630831630.337 53 29 32 26 24 23 15
1630831630.588 53 29 32 26 22 22 17
1630831630.838 55 29 31 26 24 23 16
1630831631.087 52 31 32 24 23 24 18
1630831631.338 52 29 34 26 23 24 17
1630831631.587 53 31 36 26 25 22 16
1630831631.841 53 31 33 25 25 22 16
1630831632.089 52 31 36 24 25 21 17
1630831632.336 56 30 32 24 27 23 16
1630831632.587 51 32 32 25 22 23 18
1630831632.837 51 30 31 25 25 26 17
1630831633.090 53 32 33 24 21 24 18
1630831633.340 51 28 32 25 25 24 16
1630831633.587 52 31 34 25 24 22 18
1630831633.837 52 31 35 22 22 23 17
1630831634.088 53 29 34 23 22 23 17
1630831634.338 54 29 34 21 25 23 19
1630831634.587 51 31 33 23 24 24 17
1630831634.837 53 32 35 23 23 22 18
1630831635.087 50 31 32 25 24 22 17
1630831635.338 53 31 34 25 24 21 16
1630831635.590 53 32 32 23 24 24 18
1630831635.838 54 30 33 23 26 24 16
1630831636.088 51 30 34 24 22 22 19
1630831636.338 52 30 32 23 25 23 17
1630831636.587 51 31 34 23 23 23 16
1630831636.837 55 32 34 25 24 23 17
1630831637.087 51 30 33 24 24 22 17
1630831637.338 52 29 34 22 22 22 15
1630831637.592 53 30 32 26 23 24 17
1630831637.840 54 31 33 23 24 23 17
1630831638.088 52 29 33 24 24 22 16
1630831638.338 52 27 32 22 24 22 17
1630831638.587 54 29 32 24 24 22 15
1630831638.837 54 27 33 24 24 21 16
1630831639.090 52 31 32 22 22 22 16
1630831639.338 55 29 34 23 23 22 18
1630831639.588 57 29 31 24 24 23 16
1630831639.838 52 28 31 24 25 23 16
1630831640.088 52 30 34 25 23 23 17
1630831640.341 52 32 33 22 23 23 20
1630831640.588 52 31 33 23 24 22 15
1630831640.837 53 30 34 25 23 23 15
1630831641.087 51 31 34 24 24 24 17
1630831641.338 52 28 33 24 24 22 15
1630831641.588 51 31 32 24 23 22 17
1630831641.839 53 31 32 26 24 23 15
1630831642.088 53 31 31 24 24 24 16
1630831642.338 51 29 32 23 22 23 17
1630831642.588 54 31 33 25 24 24 16
1630831642.839 54 31 32 22 23 22 17
1630831643.088 54 31 33 23 23 23 17
1630831643.337 54 31 34 23 21 23 17
1630831643.587 54 31 33 24 24 24 16
1630831643.838 54 30 33 24 25 23 17
1630831644.088 55 30 33 22 28 23 17
1630831644.337 51 30 35 22 22 25 16
1630831644.588 54 32 33 25 26 24 15
1630831644.839 53 34 34 25 24 21 15
1630831645.088 53 32 34 27 24 23 17
1630831645.339 54 31 31 26 23 22 17
1630831645.590 53 31 33 25 26 23 18
1630831645.839 54 32 31 24 23 24 16
1630831646.088 54 31 33 22 25 24 18
1630831646.338 52 31 32 25 23 27 17
1630831646.590 50 31 34 25 23 26 17
1630831646.838 51 33 35 23 23 23 17
1630831647.087 55 32 32 27 23 23 17
1630831647.338 52 33 33 23 24 23 18
1630831647.587 53 29 34 23 23 25 16
1630831647.837 53 32 34 24 25 27 18
1630831648.091 55 31 34 22 23 24 17
1630831648.339 52 31 34 25 22 26 18
1630831648.588 51 30 33 25 23 22 16
1630831648.842 52 31 33 25 26 21 16
1630831649.088 54 32 36 24 23 24 18
1630831649.338 53 31 34 25 23 26 16
1630831649.587 51 30 35 24 24 23 17
1630831649.839 53 31 34 24 25 15 19
1630831650.087 52 32 33 27 25 17 17
1630831650.337 52 32 33 24 25 17 19
1630831650.588 52 31 34 25 23 18 15
1630831650.837 52 31 36 24 26 22 18
1630831651.089 52 31 32 24 25 24 17
1630831651.339 53 32 34 27 25 18 16
1630831651.590 55 32 36 25 20 18 16
1630831651.838 52 32 35 25 22 24 15
1630831652.088 52 31 33 23 23 26 18
1630831652.340 51 29 33 24 22 24 18
1630831652.589 52 29 32 24 25 19 16
1630831652.837 53 29 32 26 25 18 17
1630831653.089 52 30 34 26 24 16 16
1630831653.338 51 31 35 26 22 15 14
1630831653.588 52 31 33 24 23 18 15
1630831653.838 51 31 36 26 23 16 19
1630831654.090 52 29 38 25 24 15 15
1630831654.340 54 31 33 26 23 15 15
1630831654.590 54 33 34 24 25 27 16
1630831654.838 51 32 34 25 24 24 16
1630831655.089 53 31 34 21 25 20 13
1630831655.338 54 33 35 24 23 14 12
1630831655.590 52 33 34 22 23 15 19
1630831655.839 51 30 32 24 22 26 17
1630831656.088 56 32 34 24 23 24 17
1630831656.341 53 31 35 24 25 16 15
1630831656.588 54 31 33 25 25 17 15
1630831656.840 54 31 33 25 24 16 17
1630831657.087 52 31 34 26 25 16 17
1630831657.339 53 33 35 26 24 17 17
1630831657.589 53 31 32 23 25 17 16
1630831657.839 51 33 33 27 25 14 19
1630831658.088 54 34 35 25 24 15 15
1630831658.341 52 32 34 26 22 17 16
1630831658.592 54 33 34 24 24 18 19
1630831658.838 52 34 35 26 22 16 18
1630831659.094 53 34 36 26 22 15 17
1630831659.338 52 33 34 25 22 17 18
1630831659.589 52 31 35 25 24 18 16
1630831659.838 56 30 33 23 23 16 15
1630831660.087 53 32 34 25 22 15 16
1630831660.341 56 31 33 24 23 15 16
1630831660.588 54 30 34 23 25 16 16
1630831660.839 53 31 35 24 24 17 15
1630831661.088 55 31 33 24 24 15 15
1630831661.338 51 30 37 25 25 16 16
1630831661.588 51 34 36 26 25 16 18
1630831661.838 53 34 33 24 24 15 15
1630831662.088 53 31 34 26 27 15 15
1630831662.338 53 32 34 27 22 16 16
1630831662.588 51 31 34 24 24 17 16
1630831662.839 55 32 34 25 24 15 17
1630831663.089 53 31 34 24 23 14 14
1630831663.342 54 29 32 27 24 16 15
1630831663.589 52 32 35 23 22 18 17
1630831663.839 52 32 32 22 23 29 16
1630831664.089 54 30 33 23 24 26 16
1630831664.341 53 32 33 22 25 24 16
1630831664.588 53 32 34 25 24 23 17
1630831664.837 54 29 35 25 24 24 17
1630831665.088 53 30 35 23 21 22 16
1630831665.338 52 32 34 25 23 22 16
1630831665.589 54 33 35 25 21 26 16
1630831665.838 54 33 33 25 23 19 17
1630831666.088 52 33 34 23 25 20 15
1630831666.338 51 32 33 23 22 20 18
1630831666.588 54 32 33 24 23 19 16
1630831666.842 54 32 34 25 23 22 17
1630831667.088 53 32 35 23 23 22 17
1630831667.338 54 31 33 23 24 18 16
1630831667.588 53 33 37 25 22 22 15
1630831667.838 52 31 34 24 24 19 15
1630831668.088 56 32 35 22 21 18 16
1630831668.338 52 31 33 23 23 19 15
1630831668.589 53 31 37 26 24 21 17
1630831668.838 53 32 36 24 23 20 16
1630831669.088 54 32 33 26 23 26 18
1630831669.341 51 30 36 25 22 24 15
1630831669.591 53 30 33 25 25 22 16
1630831669.839 53 32 33 24 22 24 15
1630831670.091 55 32 32 24 23 25 16
1630831670.340 54 27 34 24 24 24 17
1630831670.589 52 31 32 25 21 23 17
1630831670.839 53 32 35 24 23 24 18
1630831671.088 53 31 33 25 23 23 15
1630831671.339 51 31 33 25 21 24 17
1630831671.589 53 30 31 24 24 20 16
1630831671.840 51 29 33 26 23 21 17
1630831672.089 52 30 37 25 22 23 16
1630831672.339 53 33 35 26 21 23 17
1630831672.594 55 32 33 25 23 24 17
1630831672.839 52 30 35 26 23 25 16
1630831673.088 52 30 31 25 23 26 15
1630831673.338 51 29 34 23 23 24 16
1630831673.588 52 30 34 24 25 25 15
1630831673.839 53 28 33 25 23 23 16
1630831674.089 54 32 34 24 22 25 16
1630831674.340 54 32 33 25 25 25 17
1630831674.589 53 30 34 24 24 23 15
1630831674.839 55 31 33 24 23 23 14
1630831675.089 53 31 33 25 21 27 18
1630831675.338 54 30 32 20 23 27 16
1630831675.588 52 30 32 25 22 23 17
1630831675.839 52 29 34 18 21 24 19
1630831676.092 52 30 34 18 21 24 16
1630831676.340 51 30 33 21 24 24 16
1630831676.588 51 31 35 23 19 24 16
1630831676.838 52 30 34 23 20 24 17
1630831677.088 51 30 33 25 23 24 17
1630831677.339 52 33 33 25 23 23 17
1630831677.589 52 29 33 27 22 26 16
1630831677.839 52 32 34 24 23 24 15
1630831678.089 53 30 34 24 26 25 16
1630831678.338 54 32 35 23 23 23 17
1630831678.588 52 31 32 23 22 23 16
1630831678.839 53 29 33 24 22 24 15
1630831679.089 51 30 35 25 23 27 15
1630831679.339 53 29 34 25 23 25 16
1630831679.590 56 31 32 23 23 27 16
1630831679.840 56 31 34 26 22 23 18
1630831680.089 52 30 34 25 23 24 17
1630831680.338 54 31 36 24 21 25 16
1630831680.589 53 30 34 23 21 23 16
1630831680.839 54 31 34 23 20 24 16
1630831681.089 52 31 34 24 24 24 17
1630831681.339 56 31 33 25 20 23 17
1630831681.589 54 33 33 23 24 24 17
1630831681.840 54 28 32 23 24 26 15
1630831682.090 53 29 34 23 20 25 16
1630831682.339 53 28 33 26 23 25 16
1630831682.594 54 29 35 23 24 26 17
1630831682.840 54 31 34 24 22 26 15
1630831683.092 54 28 33 25 24 23 15
1630831683.342 52 30 34 25 23 26 15
1630831683.591 52 29 32 24 24 24 16
1630831683.843 52 31 33 25 22 27 18
1630831684.090 52 30 32 25 21 25 15
1630831684.346 54 32 33 23 22 22 17
1630831684.588 51 29 34 25 22 25 17
1630831684.842 54 32 34 24 20 26 15
1630831685.091 56 30 33 27 22 26 15
1630831685.340 51 29 34 25 20 25 16
1630831685.590 53 28 34 26 22 26 16
1630831685.838 54 30 32 23 21 26 19
1630831686.092 53 30 33 25 21 24 15
1630831686.339 54 28 37 24 24 22 18
1630831686.589 54 29 32 23 22 23 17
1630831686.839 53 30 33 26 21 24 17
1630831687.092 55 28 35 25 20 26 17
1630831687.339 55 31 34 25 20 26 16
1630831687.589 53 31 33 24 24 25 17
1630831687.840 55 29 34 26 24 22 15
1630831688.088 51 30 34 24 22 25 16
1630831688.342 53 32 33 23 23 23 16
1630831688.590 52 30 33 26 21 22 15
1630831688.840 52 28 33 25 23 23 16
1630831689.089 52 31 34 24 21 25 15
1630831689.339 55 31 34 25 23 25 15
1630831689.589 52 32 34 26 23 23 17
1630831689.839 53 30 34 26 24 25 16
1630831690.089 54 29 32 24 24 26 15
1630831690.339 52 30 33 26 23 24 15
1630831690.589 55 30 33 26 23 24 16
1630831690.839 53 28 33 27 22 24 15
1630831691.088 54 31 32 26 20 23 15
1630831691.339 53 28 32 24 23 24 15
1630831691.589 55 29 31 26 22 25 18
1630831691.839 52 30 33 23 22 25 16
1630831692.089 54 31 33 24 21 24 17
1630831692.341 54 30 35 23 23 24 14
1630831692.590 53 29 33 25 25 24 17
1630831692.841 52 28 34 25 23 24 18
1630831693.092 55 31 36 25 22 22 16
1630831693.340 53 30 33 25 22 26 17
1630831693.590 54 34 34 26 22 23 17
1630831693.841 53 32 32 24 21 26 18
1630831694.089 55 30 34 24 22 24 16
1630831694.339 54 31 34 25 24 22 17
1630831694.588 54 32 36 24 24 23 17
1630831694.839 55 32 34 25 24 23 17
1630831695.089 54 30 36 24 24 24 15
1630831695.340 56 31 33 26 24 26 16
1630831695.589 54 30 34 26 24 25 16
1630831695.839 52 29 35 25 23 27 17
1630831696.089 54 31 34 24 24 23 18
1630831696.340 55 29 33 26 27 24 19
1630831696.590 54 28 37 27 25 24 17
1630831696.839 53 30 36 26 25 25 18
1630831697.090 53 30 34 25 26 24 16
1630831697.339 55 30 35 24 23 28 16
1630831697.589 56 29 35 25 23 25 16
1630831697.840 53 29 33 25 23 25 16
1630831698.089 53 31 34 24 22 28 20
1630831698.341 53 31 34 24 24 24 18
1630831698.589 52 32 36 26 24 23 15
1630831698.843 51 30 32 24 25 24 18
1630831699.090 55 31 34 25 22 23 18
1630831699.339 52 29 36 25 22 25 16
1630831699.589 53 31 34 26 24 24 16
1630831699.839 55 30 34 23 24 25 18
1630831700.089 56 30 34 23 24 24 17
1630831700.340 52 30 33 24 23 23 17
1630831700.589 56 31 35 27 23 23 17
1630831700.839 52 31 34 26 23 23 18
1630831701.090 54 28 31 28 22 25 17
1630831701.339 53 29 34 26 21 27 17
1630831701.589 52 32 32 25 22 27 18
1630831701.839 54 31 36 26 24 22 19
1630831702.089 53 30 36 25 21 25 17
1630831702.340 53 27 31 24 23 24 16
1630831702.589 53 29 34 25 24 27 16
1630831702.839 52 31 33 24 24 23 15
1630831703.089 50 30 32 25 20 24 15
1630831703.339 54 32 34 27 23 24 16
1630831703.589 53 31 33 24 21 24 16
1630831703.844 52 29 34 25 22 22 18
1630831704.090 55 30 34 26 22 24 17
1630831704.339 52 30 32 23 21 26 19
1630831704.589 53 31 35 25 24 24 16
1630831704.840 52 30 32 24 21 25 17
1630831705.090 52 29 35 26 22 25 16
1630831705.339 53 29 34 26 24 24 14
1630831705.590 53 30 32 25 22 25 16
1630831705.840 53 29 34 24 22 25 15
1630831706.089 53 30 32 24 22 22 16
1630831706.340 51 29 33 25 22 25 17
1630831706.590 53 31 33 25 22 24 19
1630831706.840 53 30 33 23 22 25 16
1630831707.093 53 29 33 23 24 23 16
1630831707.343 52 31 33 25 25 25 16
1630831707.590 52 30 32 24 25 24 15
1630831707.843 52 29 34 25 20 24 14
1630831708.091 54 31 35 26 23 24 16
1630831708.342 52 30 34 24 25 24 16
1630831708.590 54 28 34 24 20 24 17
1630831708.842 53 30 36 25 22 24 17
1630831709.091 54 30 34 24 24 24 18
1630831709.341 55 30 33 25 21 24 16
1630831709.590 53 28 34 26 24 24 17
1630831709.840 54 30 34 24 23 23 16
1630831710.090 53 31 36 26 23 24 17
1630831710.339 52 33 33 24 22 27 14
1630831710.589 54 30 33 27 20 24 17
1630831710.842 52 29 36 25 22 25 17
1630831711.090 53 28 34 27 22 24 16
1630831711.340 55 29 32 24 22 27 15
1630831711.590 52 30 34 25 24 25 17
1630831711.843 53 30 34 25 21 24 17
1630831712.089 51 30 33 26 23 25 16
1630831712.340 55 29 32 26 21 25 17
1630831712.590 51 29 36 27 21 26 15
1630831712.840 52 28 32 25 25 25 15
1630831713.090 52 31 31 24 23 25 16
1630831713.342 51 31 35 24 23 22 16
1630831713.594 54 32 34 25 21 24 16
1630831713.839 55 30 34 26 23 23 18
1630831714.090 54 30 34 24 22 24 15
1630831714.343 53 29 34 26 22 25 17
1630831714.593 53 30 33 26 21 26 16
1630831714.839 54 30 34 25 22 25 17
1630831715.090 53 30 35 27 22 27 15
1630831715.341 53 32 34 25 22 24 16
1630831715.593 51 31 34 24 23 25 17
1630831715.840 53 30 34 26 23 24 17
1630831716.089 53 31 33 25 24 24 16
1630831716.339 52 31 33 25 24 24 17
1630831716.590 52 29 32 26 25 24 16
1630831716.839 52 29 33 25 27 24 15
1630831717.090 51 31 35 28 22 24 16
1630831717.340 52 30 33 25 20 24 19
1630831717.590 51 31 32 24 21 29 16
1630831717.840 52 28 34 28 22 25 17
1630831718.090 54 29 33 25 22 24 16
1630831718.340 52 28 33 24 22 24 15
1630831718.590 55 31 34 23 22 25 17
1630831718.840 53 29 34 26 21 24 15
1630831719.089 54 33 32 25 23 26 15
1630831719.340 53 31 32 27 21 24 16
1630831719.590 53 33 34 24 23 25 16
1630831719.840 55 31 33 26 22 24 18
1630831720.089 52 33 33 27 23 25 16
1630831720.340 53 31 35 24 23 25 15
1630831720.589 53 30 34 25 22 25 16
1630831720.843 53 30 35 25 24 23 16
1630831721.095 54 31 35 26 21 24 16
1630831721.345 52 28 33 26 23 24 16
1630831721.590 50 30 35 25 22 26 14
1630831721.840 54 31 32 23 23 25 15
1630831722.090 53 30 33 24 25 28 16
1630831722.340 53 31 34 26 25 24 15
1630831722.592 53 30 34 23 24 25 16
1630831722.840 55 30 32 26 21 23 17
1630831723.090 54 29 33 24 23 26 16
1630831723.340 51 32 34 26 21 26 16
1630831723.590 51 30 36 25 22 23 17
1630831723.840 54 32 33 23 24 27 17
1630831724.091 53 32 35 26 23 26 15
1630831724.341 53 28 31 25 26 25 18
1630831724.590 52 33 36 25 23 25 17
1630831724.840 53 29 36 26 23 25 19
1630831725.090 51 31 32 23 24 25 16
1630831725.339 51 30 35 25 23 28 16
1630831725.590 53 29 34 22 23 25 17
1630831725.839 52 32 35 23 24 25 18
1630831726.090 52 28 35 25 22 23 17
1630831726.340 54 30 34 23 22 23 18
1630831726.590 55 31 32 23 23 23 16
1630831726.840 56 29 34 22 23 26 17
1630831727.091 53 29 34 26 24 24 17
1630831727.343 50 30 32 25 23 27 16
1630831727.590 52 34 33 25 23 25 16
1630831727.840 55 31 32 23 21 27 16
1630831728.090 54 29 33 24 24 23 16
1630831728.340 52 28 33 25 23 26 17
1630831728.591 53 32 33 23 23 26 19
1630831728.840 53 28 35 24 24 26 18
1630831729.090 53 31 35 25 24 24 18
1630831729.341 54 29 33 23 24 24 18
1630831729.591 51 31 34 26 27 23 16
1630831729.841 53 30 33 25 24 25 17
1630831730.091 54 30 32 26 27 25 16
1630831730.341 54 30 34 25 22 25 17
1630831730.591 54 30 35 25 23 24 17
1630831730.842 53 30 32 26 22 25 17
1630831731.091 56 30 34 25 23 27 17
1630831731.340 53 32 33 23 25 22 17
1630831731.591 54 30 34 25 22 25 16
1630831731.840 53 30 34 25 23 26 16
1630831732.090 52 30 32 24 22 24 16
1630831732.340 56 31 33 26 23 24 19
1630831732.590 53 31 33 27 25 27 16
1630831732.841 52 29 34 25 22 24 16
1630831733.095 53 29 35 25 23 26 16
1630831733.340 53 30 34 24 22 23 15
1630831733.590 52 32 34 24 24 25 16
1630831733.842 51 32 32 25 22 25 16
1630831734.093 52 29 33 26 25 23 16
1630831734.341 53 28 32 24 22 25 16
1630831734.590 53 30 34 24 21 25 14
1630831734.840 53 29 32 27 22 26 16
1630831735.092 53 28 33 26 21 24 16
1630831735.340 53 31 35 24 22 24 16
1630831735.591 52 31 35 24 24 23 15
1630831735.840 52 28 33 26 23 28 17
1630831736.090 53 32 33 25 22 25 16
1630831736.341 54 30 35 25 24 24 17
1630831736.592 53 28 34 25 24 24 16
1630831736.848 55 30 38 25 22 24 15
1630831737.097 56 29 36 23 23 24 17
1630831737.340 52 28 33 25 22 24 15
1630831737.595 58 30 35 25 21 23 14
1630831737.841 52 28 33 25 23 23 14
1630831738.094 55 30 33 26 22 27 17
1630831738.340 51 29 35 24 21 24 17
1630831738.593 52 30 32 26 22 23 17
1630831738.844 52 31 34 25 22 24 17
1630831739.093 53 28 33 25 22 23 17
1630831739.341 50 31 33 27 22 26 16
1630831739.591 52 28 33 26 23 27 16
1630831739.840 54 29 33 25 24 24 16
1630831740.092 53 30 34 24 23 26 17
1630831740.341 52 31 36 26 25 24 17
1630831740.591 53 32 32 24 24 25 17
1630831740.841 53 29 35 26 22 26 17
1630831741.091 52 30 33 26 22 27 16
1630831741.341 52 30 33 25 26 24 16
1630831741.591 52 32 33 25 23 25 15
1630831741.840 51 28 33 23 22 23 16
1630831742.091 52 30 32 27 23 24 18
1630831742.340 50 30 35 24 22 24 15
1630831742.590 54 29 34 26 24 25 16
1630831742.840 54 31 34 26 25 23 17
1630831743.091 55 30 34 24 24 24 17
1630831743.340 54 30 34 24 23 25 16
1630831743.590 52 28 34 24 23 26 16
1630831743.841 52 29 33 25 24 23 18
1630831744.091 53 28 31 25 23 26 17
1630831744.341 54 30 34 25 23 26 17
1630831744.595 54 30 32 25 25 23 16
1630831744.842 53 30 34 24 23 20 17
1630831745.092 55 28 32 27 24 23 18
1630831745.342 52 30 33 25 23 23 19
1630831745.594 53 28 32 26 25 26 16
1630831745.842 54 28 34 24 21 24 17
1630831746.094 56 29 33 25 23 25 17
1630831746.341 53 31 38 25 24 25 19
1630831746.591 55 30 35 25 24 23 17
1630831746.842 52 29 34 23 26 22 17
1630831747.090 55 30 33 25 24 23 16
1630831747.340 53 29 33 25 22 23 18
1630831747.594 55 30 36 24 24 23 17
1630831747.841 53 31 33 24 22 25 16
1630831748.092 53 28 32 25 24 22 17
1630831748.340 56 30 34 23 23 23 18
1630831748.591 52 30 35 26 24 20 17
1630831748.841 51 31 32 24 23 22 19
1630831749.095 55 29 34 23 22 22 17
1630831749.341 52 28 33 24 23 23 14
1630831749.590 52 30 36 24 22 21 14
1630831749.840 53 32 35 24 23 23 16
1630831750.092 55 31 34 27 23 20 13
1630831750.341 53 30 34 26 20 20 14
1630831750.592 52 31 34 23 22 23 16
1630831750.841 53 30 33 27 21 25 17
1630831751.091 52 29 33 26 22 23 17
1630831751.340 51 31 35 25 22 24 18
1630831751.591 54 30 34 25 22 27 14
1630831751.840 54 28 33 22 23 23 17
1630831752.090 54 30 35 22 22 23 18
1630831752.341 50 31 33 25 24 23 17
1630831752.591 52 28 33 26 24 22 18
1630831752.841 54 29 33 24 23 22 19
1630831753.092 54 30 32 25 22 26 17
1630831753.342 52 30 33 25 24 23 17
1630831753.591 53 28 34 24 24 23 16
1630831753.841 52 28 32 25 23 21 20
1630831754.091 53 28 33 25 24 25 18
1630831754.341 54 29 33 24 22 24 16
1630831754.591 54 29 33 23 23 26 19
1630831754.843 54 29 33 24 23 24 17
1630831755.091 52 30 32 27 21 22 18
1630831755.341 52 31 33 24 23 24 20
1630831755.590 53 31 34 23 23 22 15
1630831755.841 54 29 34 24 24 26 16
1630831756.092 54 32 34 25 23 25 17
1630831756.341 55 30 37 24 22 25 16
1630831756.590 53 31 34 26 22 25 15
1630831756.845 52 30 33 23 20 25 17
1630831757.092 52 30 35 24 22 25 16
1630831757.342 53 27 36 26 27 23 17
1630831757.591 52 30 36 24 23 25 16
1630831757.841 53 30 33 24 21 23 16
1630831758.092 54 29 34 22 23 23 18
1630831758.341 53 29 34 23 24 25 18
1630831758.592 52 27 34 22 24 23 16
1630831758.841 53 30 33 23 23 25 16
1630831759.091 53 29 34 25 22 24 19
1630831759.342 54 28 33 24 21 22 15
1630831759.592 52 30 34 25 24 25 18
1630831759.845 53 27 34 24 22 23 16
1630831760.091 54 30 32 25 23 21 15
1630831760.342 52 31 33 25 21 25 16
1630831760.593 52 28 34 27 23 24 16
1630831760.842 56 29 33 23 23 25 16
1630831761.095 54 30 33 25 25 24 15
1630831761.345 54 31 35 25 22 25 15
1630831761.594 54 31 33 24 25 24 16
1630831761.842 55 30 34 23 23 23 16
1630831762.092 52 32 35 27 25 23 16
1630831762.346 51 29 32 24 28 24 17
1630831762.594 54 28 36 26 22 25 16
1630831762.841 52 31 33 25 25 24 17
1630831763.092 54 29 34 25 23 22 16
1630831763.342 54 31 35 22 22 23 15
1630831763.592 53 32 37 24 24 25 17
1630831763.842 53 29 34 24 23 24 17
1630831764.091 54 29 33 23 24 24 16
1630831764.341 53 29 36 25 24 24 19
1630831764.593 54 28 34 25 25 23 15
1630831764.842 53 30 34 25 25 26 17
1630831765.091 54 31 33 23 22 22 18
1630831765.342 54 28 34 25 24 24 16
1630831765.592 53 30 34 24 24 26 16
1630831765.841 54 32 36 25 24 26 17
1630831766.092 52 29 33 26 24 23 17
1630831766.342 53 32 32 22 23 26 16
1630831766.592 53 29 33 24 22 23 19
1630831766.842 56 31 32 24 22 24 16
1630831767.093 54 30 33 24 26 24 18
1630831767.344 54 30 34 24 24 24 17
1630831767.592 54 32 35 24 23 25 17
1630831767.845 54 29 33 25 23 24 18
1630831768.092 54 30 34 24 26 25 18
1630831768.342 54 31 32 22 24 22 16
1630831768.591 54 31 34 23 25 22 16
1630831768.841 54 31 33 24 24 27 17
1630831769.092 51 31 33 23 23 25 17
1630831769.342 52 29 33 23 21 27 19
1630831769.594 54 29 33 25 24 24 18
1630831769.841 54 30 33 24 23 22 17
1630831770.092 55 31 32 24 25 26 19
1630831770.342 54 28 33 23 26 23 17
1630831770.592 52 32 34 25 21 23 18
1630831770.842 53 30 32 24 22 25 17
1630831771.094 53 28 34 22 24 26 18
1630831771.342 51 31 33 22 23 25 16
1630831771.592 53 30 33 23 22 26 16
1630831771.842 53 31 34 23 22 25 17
1630831772.092 51 31 34 25 22 23 17
1630831772.342 54 29 34 24 23 24 15
1630831772.592 52 31 34 23 23 23 18
1630831772.842 54 27 34 25 22 23 19
1630831773.091 54 30 35 25 24 23 16
1630831773.341 51 29 32 24 23 25 17
1630831773.592 53 29 32 26 23 24 16
1630831773.842 53 31 32 23 25 23 17
1630831774.093 54 30 32 24 24 24 18
1630831774.342 52 30 34 24 22 24 16
1630831774.592 53 31 34 23 24 24 16
1630831774.843 54 28 37 22 23 24 16
1630831775.091 50 30 35 24 24 26 18
1630831775.341 54 29 31 26 22 22 15
1630831775.591 52 30 34 25 24 24 16
1630831775.842 52 29 33 23 22 22 16
1630831776.094 52 28 35 24 22 24 17
1630831776.342 53 31 33 24 23 23 19
1630831776.591 51 29 33 23 22 25 16
1630831776.841 51 31 33 23 23 23 18
1630831777.096 54 31 34 27 24 27 17
1630831777.342 54 28 34 26 22 23 16
1630831777.592 54 32 34 24 22 25 16
1630831777.842 53 29 34 25 25 23 15
1630831778.092 52 28 34 24 23 22 18
1630831778.344 51 31 34 26 24 21 16
1630831778.591 53 29 35 23 23 23 16
1630831778.842 51 30 35 26 21 25 16
1630831779.092 53 30 33 25 24 23 18
1630831779.342 56 30 33 24 23 23 16
1630831779.592 54 30 35 24 26 24 15
1630831779.842 54 27 33 25 24 23 15
1630831780.092 52 32 33 24 23 26 17
1630831780.342 51 30 33 26 24 26 16
1630831780.592 56 30 34 24 25 23 16
1630831780.841 53 30 32 24 24 24 15
1630831781.091 52 31 34 23 25 23 16
1630831781.343 53 28 33 25 23 25 18
1630831781.592 52 29 34 25 25 23 16
1630831781.842 54 32 33 24 21 25 18
1630831782.097 53 29 34 23 21 25 15
1630831782.342 54 30 36 24 23 25 16
1630831782.592 54 31 34 26 22 25 18
1630831782.842 50 32 36 24 23 23 16
1630831783.093 53 30 33 23 24 24 16
1630831783.343 54 30 34 24 22 25 17
1630831783.593 54 28 33 23 24 25 15
1630831783.845 53 31 33 23 24 26 17
1630831784.092 54 28 33 24 21 24 15
1630831784.342 52 30 33 23 23 23 15
1630831784.594 52 29 34 24 24 22 17
1630831784.845 52 29 33 26 22 24 17
1630831785.093 53 29 37 24 22 25 16
1630831785.343 51 29 36 25 22 24 16
1630831785.593 56 30 33 25 24 26 17
1630831785.842 53 30 36 25 22 24 17
1630831786.092 53 29 32 24 22 27 18
1630831786.343 52 29 34 23 22 24 16
1630831786.592 51 30 34 24 22 24 16
1630831786.844 53 31 35 25 20 25 16
1630831787.093 50 31 35 24 20 23 16
1630831787.343 51 31 33 25 22 22 16
1630831787.594 51 30 33 25 22 24 17
1630831787.842 52 30 33 23 22 23 16
1630831788.092 53 29 34 23 22 24 16
1630831788.342 52 29 32 24 23 23 16
1630831788.592 54 30 32 24 22 26 17
1630831788.842 55 30 35 25 21 22 17
1630831789.092 52 30 34 26 22 25 14
1630831789.347 53 30 34 25 23 24 19
1630831789.592 54 30 34 25 22 21 16
1630831789.845 52 29 35 24 23 24 16
1630831790.092 52 29 36 24 21 22 17
1630831790.342 51 29 34 25 23 23 16
1630831790.594 52 31 34 24 24 25 17
1630831790.844 52 28 33 23 23 24 16
1630831791.092 54 30 34 24 22 21 16
1630831791.342 55 29 33 23 24 25 15
1630831791.595 54 30 34 24 22 24 17
1630831791.844 54 31 36 24 22 25 17
1630831792.091 52 31 32 23 24 23 19
1630831792.342 54 30 36 23 21 24 17
1630831792.592 54 32 33 26 23 24 17
1630831792.843 52 30 33 25 25 25 14
1630831793.095 52 32 33 25 22 26 18
1630831793.344 52 30 32 24 24 23 18
1630831793.592 55 31 33 24 24 24 15
1630831793.842 55 32 33 26 23 26 17
1630831794.092 50 29 35 24 22 25 17
1630831794.342 53 30 35 26 23 25 15
1630831794.592 54 31 33 24 23 28 19
1630831794.842 53 30 34 28 26 24 19
1630831795.095 53 31 32 26 24 23 17
1630831795.343 52 30 34 23 24 24 17
1630831795.592 54 30 34 26 25 25 18
1630831795.843 53 29 34 24 24 24 18
1630831796.093 52 28 33 25 22 25 18
1630831796.342 52 28 32 24 22 24 17
1630831796.592 54 30 32 24 22 25 18
1630831796.844 50 31 33 27 24 25 16
1630831797.093 54 31 33 26 24 23 17
1630831797.342 54 29 33 24 25 23 17
1630831797.592 54 29 34 26 22 25 15
1630831797.843 52 30 31 25 22 24 18
1630831798.093 53 30 36 23 26 24 19
1630831798.343 55 29 33 23 22 23 16
1630831798.596 53 32 35 24 25 23 14
1630831798.843 53 29 33 24 22 25 17
1630831799.092 54 31 33 26 23 24 20
1630831799.342 54 29 33 24 24 26 16
1630831799.593 51 31 34 25 21 26 18
1630831799.844 56 30 33 23 22 26 19
1630831800.093 53 30 34 23 23 24 17
1630831800.342 54 29 34 23 23 24 18
1630831800.592 54 30 33 23 24 24 17
1630831800.843 53 32 33 24 21 23 17
1630831801.092 54 31 32 26 23 24 16
1630831801.343 51 30 34 23 23 24 19
1630831801.595 53 28 37 23 22 25 18
1630831801.843 54 29 33 24 24 24 20
1630831802.092 54 30 33 24 25 23 17
1630831802.342 53 29 34 23 22 23 18
1630831802.593 52 29 33 25 23 26 18
1630831802.843 52 31 35 24 23 25 20
1630831803.093 55 30 31 21 24 22 17
1630831803.342 53 31 35 23 24 24 16
1630831803.592 53 30 33 24 24 23 16
1630831803.842 52 30 36 23 22 25 17
1630831804.093 52 31 32 27 24 24 18
1630831804.347 55 31 34 22 24 26 16
1630831804.592 54 30 34 24 23 25 19
1630831804.845 52 30 36 26 21 25 17
1630831805.092 51 32 33 26 22 23 16
1630831805.342 55 32 34 25 25 23 17
1630831805.594 53 31 33 23 26 26 17
1630831805.843 53 32 35 26 22 24 16
1630831806.093 52 30 34 25 25 23 18
1630831806.343 53 30 32 23 25 27 16
1630831806.593 52 29 32 23 22 25 18
1630831806.847 51 30 34 24 23 25 16
1630831807.092 53 30 34 23 23 24 20
1630831807.343 54 29 33 23 22 24 18
1630831807.593 53 30 34 23 23 22 17
1630831807.843 53 29 33 23 22 25 18
1630831808.093 54 29 33 26 23 24 16
1630831808.343 55 30 35 24 23 26 16
1630831808.593 53 30 36 24 26 23 19
1630831808.843 54 29 34 25 23 25 17
1630831809.093 52 31 33 25 21 26 16
1630831809.344 53 30 35 26 23 23 16
1630831809.592 52 30 33 24 22 25 17
1630831809.843 55 29 33 23 22 26 16
1630831810.093 58 29 35 23 22 24 16
1630831810.345 53 29 33 25 22 25 17
1630831810.594 52 31 32 22 21 25 17
1630831810.843 54 31 32 23 22 25 16
1630831811.095 52 29 35 24 22 25 19
1630831811.343 55 30 32 24 23 22 18
1630831811.593 52 31 33 25 24 24 19
1630831811.844 51 30 33 25 21 27 16
1630831812.094 52 30 33 23 23 24 16
1630831812.343 54 29 36 23 22 25 18
1630831812.594 53 29 32 24 23 25 16
1630831812.843 54 29 32 23 23 24 18
1630831813.093 51 30 33 25 22 24 18
1630831813.343 53 28 32 24 24 25 18
1630831813.594 52 30 32 23 23 23 17
1630831813.844 54 31 32 24 22 24 17
1630831814.094 51 29 32 26 22 23 17
1630831814.343 53 32 35 26 22 23 16
1630831814.593 54 31 34 26 24 23 18
1630831814.845 53 28 33 23 24 24 17
1630831815.098 51 28 35 26 24 24 18
1630831815.344 53 32 33 23 22 23 18
1630831815.594 54 29 35 24 24 24 16
1630831815.843 54 30 35 25 23 26 17
1630831816.093 53 30 33 26 21 24 18
1630831816.344 53 30 32 24 23 24 18
1630831816.596 54 28 34 24 22 25 18
1630831816.843 54 31 32 23 23 23 19
1630831817.093 53 30 34 25 23 26 17
1630831817.343 52 31 34 25 21 25 18
1630831817.593 53 30 33 24 22 23 17
1630831817.844 55 28 35 25 24 22 17
1630831818.094 55 30 31 24 22 22 17
1630831818.344 52 29 34 23 23 26 17
1630831818.594 51 30 35 25 23 25 17
1630831818.843 53 30 32 25 23 24 19
1630831819.094 52 32 34 23 25 24 19
1630831819.343 54 30 31 25 24 24 17
1630831819.594 52 31 32 24 22 26 19
1630831819.842 52 30 34 25 21 26 16
1630831820.093 52 30 33 25 22 26 16
1630831820.344 54 29 35 25 22 25 15
1630831820.594 53 30 32 25 23 22 16
1630831820.843 54 29 30 24 23 25 16
1630831821.094 56 28 33 24 28 24 17
1630831821.343 52 31 34 26 24 26 16
1630831821.593 55 30 32 26 23 25 17
1630831821.844 52 30 33 23 24 24 16
1630831822.092 53 29 35 25 24 24 16
1630831822.343 54 31 33 25 25 23 17
1630831822.593 53 30 33 26 24 25 17
1630831822.843 52 30 32 25 24 23 18
1630831823.093 52 30 33 25 24 24 16
1630831823.343 55 29 31 26 22 24 16
1630831823.595 57 32 37 23 22 25 15
1630831823.844 52 30 33 24 23 25 16
1630831824.092 53 29 34 25 24 24 16
1630831824.343 55 30 35 26 23 24 20
1630831824.597 55 29 32 25 24 21 16
1630831824.845 56 29 33 24 25 24 16
1630831825.096 54 27 32 24 22 25 14
1630831825.344 53 30 34 24 23 25 15
1630831825.594 54 29 35 25 21 23 16
1630831825.843 52 30 33 26 25 25 15
1630831826.095 53 29 33 24 22 23 18
1630831826.343 53 30 33 26 22 25 16
1630831826.594 53 30 34 26 22 23 17
1630831826.844 54 28 32 25 23 24 17
1630831827.093 53 28 33 25 21 26 17
1630831827.344 52 29 34 25 21 22 19
1630831827.593 53 27 34 25 21 25 18
1630831827.843 54 31 32 25 21 23 16
1630831828.093 56 30 32 25 21 24 16
1630831828.343 55 30 32 25 22 25 16
1630831828.593 55 30 32 24 22 23 16
1630831828.844 54 29 34 26 22 26 17
1630831829.094 52 29 32 23 21 26 17
1630831829.343 55 31 36 24 23 24 19
1630831829.593 53 30 33 24 24 24 16
1630831829.843 51 31 33 26 24 23 16
1630831830.093 56 29 35 24 23 22 17
1630831830.343 52 30 33 25 26 26 18
1630831830.593 53 30 31 24 22 26 15
1630831830.844 52 30 35 23 23 26 17
1630831831.093 54 31 33 24 22 26 19
1630831831.343 54 31 34 24 22 24 18
1630831831.594 51 30 32 24 24 21 16
1630831831.849 54 30 34 23 24 24 16
1630831832.096 54 29 34 23 23 25 18
1630831832.343 52 29 33 26 23 26 18
1630831832.593 54 31 34 22 24 23 19
1630831832.844 53 30 35 22 24 23 17
1630831833.095 52 30 34 25 23 23 17
1630831833.343 53 30 33 24 24 23 18
1630831833.593 53 29 34 25 24 25 16
1630831833.845 55 30 35 23 25 25 18
1630831834.097 53 29 34 22 22 23 18
1630831834.343 54 31 32 25 23 23 17
1630831834.594 54 30 33 25 22 24 20
1630831834.844 52 29 34 23 23 24 16
1630831835.094 54 31 32 23 24 25 19
1630831835.344 54 29 34 24 22 25 18
1630831835.596 53 32 33 24 24 26 18
1630831835.844 54 31 32 23 25 27 18
1630831836.094 53 30 33 23 23 24 18
1630831836.344 53 31 36 24 25 25 17
1630831836.594 52 28 31 24 24 24 16
1630831836.844 51 29 32 24 21 22 16
1630831837.095 52 32 34 26 23 25 19
1630831837.343 52 34 32 25 25 23 17
1630831837.593 54 31 35 25 26 26 17
1630831837.845 53 29 36 22 23 24 18
1630831838.097 53 29 34 26 23 23 17
1630831838.344 53 28 32 24 22 24 15
1630831838.594 54 29 33 24 23 26 18
1630831838.844 54 30 35 23 24 26 19
1630831839.095 53 29 33 24 24 24 18
1630831839.343 55 29 34 25 25 22 17
1630831839.593 54 31 34 26 23 26 16
1630831839.843 54 31 35 23 23 25 15
1630831840.093 53 31 34 26 24 23 18
1630831840.343 53 32 33 25 22 25 18
1630831840.594 54 31 36 24 23 22 17
1630831840.844 56 31 34 24 24 25 16
1630831841.098 54 31 34 23 23 25 15
1630831841.344 51 32 34 26 24 25 15
1630831841.594 53 31 35 24 23 26 16
1630831841.844 54 31 34 22 21 25 16
1630831842.094 53 31 31 25 25 26 17
1630831842.345 53 31 35 26 22 25 19
1630831842.597 52 30 34 27 23 25 17
1630831842.844 54 29 32 25 23 25 18
1630831843.093 53 31 35 25 24 25 16
1630831843.345 52 30 35 25 22 24 20
1630831843.595 53 31 33 25 22 25 16
1630831843.844 53 29 32 25 24 24 18
1630831844.094 53 29 35 25 22 24 16
1630831844.344 52 30 34 24 21 25 18
1630831844.593 52 29 32 24 23 25 16
1630831844.844 55 29 32 25 22 23 17
1630831845.094 55 30 33 24 20 24 16
1630831845.346 52 31 33 25 22 24 17
1630831845.594 55 29 33 23 22 25 17
1630831845.844 52 31 33 23 24 25 17
1630831846.094 52 30 34 24 24 24 16
1630831846.345 55 31 33 22 21 25 19
1630831846.595 54 30 33 24 22 26 17
1630831846.843 53 29 33 25 22 23 15
1630831847.093 54 29 34 24 23 24 15
1630831847.343 54 31 34 24 23 24 16
1630831847.593 55 31 34 24 23 23 15
1630831847.850 53 31 32 25 23 25 17
1630831848.094 53 30 34 23 24 25 17
1630831848.344 53 30 31 23 22 26 16
1630831848.596 52 27 32 25 24 23 16
1630831848.844 51 30 34 23 22 22 15
1630831849.095 53 28 32 23 24 24 16
1630831849.347 52 29 32 22 23 26 17
1630831849.596 55 31 34 25 22 26 15
1630831849.845 53 29 33 23 23 24 16
1630831850.094 53 29 32 24 24 25 16
1630831850.344 54 29 34 24 23 25 15
1630831850.594 55 30 32 26 25 24 15
1630831850.844 52 28 32 23 23 26 16
1630831851.095 55 29 32 26 24 24 16
1630831851.345 53 28 32 23 22 24 19
1630831851.594 53 29 35 23 23 24 16
1630831851.844 53 30 33 25 24 24 17
1630831852.093 53 32 34 26 22 26 16
1630831852.343 53 29 32 25 23 25 16
1630831852.594 54 32 33 23 25 25 16
1630831852.844 51 30 32 23 24 25 16
1630831853.094 54 29 33 25 25 26 17
1630831853.343 52 30 34 26 22 24 14
1630831853.595 56 31 32 23 23 26 16
1630831853.844 52 29 32 25 23 24 16
1630831854.099 54 31 34 24 25 24 18
1630831854.356 52 31 34 25 24 25 16
1630831854.594 53 30 33 23 22 27 16
1630831854.844 54 32 34 25 23 27 15
1630831855.093 52 29 33 24 25 25 17
1630831855.344 52 30 34 24 21 24 19
1630831855.594 55 28 33 23 25 24 15
1630831855.845 56 31 32 26 24 24 15
1630831856.094 56 31 34 23 23 24 17
1630831856.344 53 29 34 24 23 24 17
1630831856.593 53 30 35 26 23 25 17
1630831856.844 52 30 34 26 24 27 17
1630831857.095 53 32 33 23 24 23 18
1630831857.347 53 29 34 24 23 25 17
1630831857.593 54 30 33 25 22 24 16
1630831857.844 53 30 32 24 23 24 17
1630831858.094 53 31 32 26 23 23 16
1630831858.344 55 29 33 24 24 23 17
1630831858.595 53 29 35 25 24 23 20
1630831858.849 53 29 32 24 25 23 17
1630831859.095 52 27 31 24 26 26 19
1630831859.344 53 30 33 24 24 26 17
1630831859.595 54 33 34 27 24 28 17
1630831859.844 53 28 33 27 24 27 17
1630831860.094 54 31 33 23 22 25 18
1630831860.345 52 31 33 24 22 24 18
1630831860.594 52 29 34 23 24 22 15
1630831860.845 52 32 32 24 23 23 18
1630831861.094 53 29 32 26 26 26 17
1630831861.345 55 31 33 25 22 24 20
1630831861.596 52 31 31 23 24 26 16
1630831861.846 54 29 33 24 27 26 18
1630831862.095 54 32 35 23 24 24 17
1630831862.345 53 29 33 25 22 25 17
1630831862.595 52 29 34 23 25 25 17
1630831862.844 53 32 33 26 24 23 16
1630831863.097 53 30 33 24 23 27 16
1630831863.345 54 30 34 24 23 25 17
1630831863.595 52 32 33 24 24 24 17
1630831863.845 54 29 34 25 23 26 17
1630831864.094 53 31 34 23 25 23 17
1630831864.344 51 31 34 25 23 23 16
1630831864.594 52 29 34 25 21 25 15
1630831864.848 52 29 33 24 21 27 17
1630831865.098 53 30 33 26 23 24 16
1630831865.345 53 29 34 25 23 24 17
1630831865.595 51 32 33 24 23 25 16
1630831865.846 55 29 32 23 23 24 15
1630831866.095 53 30 33 24 22 26 18
1630831866.345 52 28 33 24 22 25 17
1630831866.594 51 29 37 24 24 26 17
1630831866.847 53 28 33 24 23 24 19
1630831867.095 51 31 34 24 23 23 17
1630831867.344 53 30 34 22 24 23 17
1630831867.594 52 29 33 24 23 26 16
1630831867.845 52 29 33 24 23 26 15
1630831868.095 54 29 34 25 23 24 15
1630831868.345 53 31 33 23 21 23 17
1630831868.600 52 30 35 26 22 27 16
1630831868.849 55 30 34 24 23 25 16
1630831869.095 57 30 33 24 24 23 17
1630831869.345 52 31 34 23 24 24 16
1630831869.594 52 29 33 24 22 25 14
1630831869.846 53 29 35 24 25 26 18
1630831870.095 53 29 33 26 24 25 19
1630831870.346 53 26 33 24 25 25 16
1630831870.597 53 31 34 25 24 24 16
1630831870.845 56 32 33 24 23 24 17
1630831871.095 54 32 34 25 24 26 16
1630831871.344 53 31 35 25 25 25 17
1630831871.595 52 29 32 24 21 25 17
1630831871.844 53 28 32 25 24 23 15
1630831872.096 52 30 33 25 23 24 15
1630831872.344 55 28 34 25 22 24 16
1630831872.594 53 29 34 24 22 28 16
1630831872.845 54 29 33 24 24 24 18
1630831873.094 52 29 33 24 22 23 17
1630831873.344 53 33 34 28 25 23 16
1630831873.595 51 31 33 26 24 25 16
1630831873.844 52 29 34 25 22 24 16
1630831874.096 54 29 31 25 21 27 17
1630831874.344 52 31 35 26 25 25 16
1630831874.597 53 31 34 27 26 23 15
1630831874.847 55 31 33 25 22 24 15
1630831875.095 54 30 34 26 22 28 17
1630831875.345 51 33 33 26 23 26 18
1630831875.596 52 27 35 25 22 24 18
1630831875.845 54 29 33 26 23 24 15
1630831876.096 52 29 32 26 24 25 15
1630831876.345 51 29 35 24 23 24 17
1630831876.597 54 30 32 24 23 26 18
1630831876.845 54 30 34 28 21 25 17
1630831877.095 53 30 32 23 22 25 16
1630831877.345 53 31 36 25 24 25 14
1630831877.596 52 30 33 24 24 26 18
1630831877.848 54 30 34 24 20 24 17
1630831878.095 53 30 34 25 23 25 17
1630831878.346 54 30 32 25 22 24 18
1630831878.595 54 28 34 25 21 26 18
1630831878.845 52 29 34 24 22 25 15
1630831879.095 53 30 33 24 25 24 15
1630831879.344 53 31 33 24 22 25 17
1630831879.595 53 31 34 24 22 25 16
1630831879.845 52 32 33 24 20 25 17
1630831880.095 53 29 33 24 23 25 15
1630831880.345 53 31 34 22 21 22 14
1630831880.595 53 30 33 24 22 23 17
1630831880.844 51 30 33 26 22 26 15
1630831881.096 52 30 34 24 22 24 15
1630831881.345 54 29 34 23 24 25 19
1630831881.595 53 31 34 25 24 27 16
1630831881.845 56 29 34 25 23 24 15
1630831882.095 55 29 35 23 22 25 16
1630831882.346 52 29 34 24 24 26 17
1630831882.595 53 28 33 24 23 25 15
1630831882.844 54 31 33 23 23 24 17
1630831883.095 53 31 34 23 22 24 15
1630831883.344 53 31 32 24 22 25 16
1630831883.594 52 31 31 23 22 27 17
1630831883.845 54 30 34 24 23 26 18
1630831884.094 55 32 34 25 21 26 17
1630831884.346 53 30 33 24 22 24 17
1630831884.595 53 29 36 24 24 25 16
1630831884.845 55 29 32 25 23 27 16
1630831885.094 53 29 33 25 25 24 17
1630831885.345 54 31 33 25 22 27 18
1630831885.594 54 31 31 25 22 23 16
1630831885.845 53 30 33 26 22 27 16
1630831886.094 54 32 31 23 22 24 17
1630831886.346 52 29 35 23 21 24 14
1630831886.595 51 31 31 23 22 25 16
1630831886.846 54 28 35 27 22 25 16
1630831887.096 54 30 32 23 21 25 16
1630831887.345 53 28 33 23 21 24 17
1630831887.595 53 30 32 25 23 24 17
1630831887.847 55 32 34 24 22 24 16
1630831888.098 53 31 32 24 22 24 15
1630831888.346 55 31 35 24 24 27 16
1630831888.596 52 30 36 25 23 23 17
1630831888.845 54 30 32 24 23 25 15
1630831889.096 52 29 33 25 23 24 17
1630831889.345 53 31 33 25 23 23 16
1630831889.595 52 29 33 24 25 25 17
1630831889.849 53 30 34 25 23 25 17
1630831890.098 52 29 31 23 24 23 17
1630831890.348 53 29 31 25 22 23 20
1630831890.596 51 29 32 26 24 23 18
1630831890.845 54 31 34 25 23 26 16
1630831891.096 54 30 34 23 23 25 17
1630831891.346 52 32 32 24 23 24 17
1630831891.597 54 31 33 24 22 27 15
1630831891.846 53 32 32 25 22 25 16
1630831892.095 51 29 34 24 23 29 17
1630831892.346 52 31 33 23 22 25 17
1630831892.595 53 32 33 26 24 25 15
1630831892.845 53 30 34 23 23 26 17
1630831893.097 54 30 34 23 22 26 16
1630831893.348 53 28 32 24 25 24 16
1630831893.595 54 32 35 24 23 25 18
1630831893.845 52 30 30 24 23 26 17
1630831894.094 54 29 32 23 24 25 18
1630831894.345 52 29 33 23 24 27 18
1630831894.597 56 30 33 26 26 22 19
1630831894.846 54 28 33 24 23 27 17
1630831895.095 51 28 35 23 23 23 16
1630831895.346 54 28 33 25 22 26 17
1630831895.595 53 29 34 25 22 25 18
1630831895.845 53 28 32 23 21 23 14
1630831896.095 52 31 33 24 23 26 19
1630831896.349 51 29 33 24 22 26 15
1630831896.595 53 31 32 23 20 25 17
1630831896.845 52 30 35 23 23 25 15
1630831897.095 56 29 36 26 25 24 17
1630831897.346 52 30 34 24 23 26 16
1630831897.595 53 30 32 24 23 25 18
1630831897.847 53 31 33 23 23 24 17
1630831898.099 51 30 32 22 23 23 20
1630831898.345 52 27 34 22 24 24 14
1630831898.595 54 30 32 24 23 26 18
1630831898.849 54 29 34 24 23 24 16
1630831899.098 53 28 33 27 24 25 16
1630831899.346 51 29 33 23 21 25 15
1630831899.596 51 32 33 23 22 26 16
1630831899.845 54 28 35 23 23 23 16
1630831900.099 52 29 36 23 23 24 17
1630831900.345 53 30 32 25 24 24 17
1630831900.596 51 29 33 24 24 27 16
1630831900.846 54 29 34 24 24 25 17
1630831901.096 56 27 32 24 23 25 16
1630831901.348 54 29 32 25 23 24 16
1630831901.596 53 29 34 24 23 25 18
1630831901.845 52 28 33 24 23 27 16
1630831902.095 52 29 33 24 21 26 17
1630831902.346 52 28 31 24 24 26 16
1630831902.595 55 29 34 23 22 24 17
1630831902.845 53 28 34 25 24 24 18
1630831903.095 50 30 35 23 27 25 17
1630831903.345 55 29 34 24 20 25 17
1630831903.595 52 28 34 24 24 24 15
1630831903.846 53 30 33 24 22 26 17
1630831904.100 54 31 32 26 22 25 15
1630831904.347 53 30 32 24 23 22 15
1630831904.596 55 27 32 22 23 24 16
1630831904.846 52 27 34 26 23 26 15
1630831905.096 52 32 31 26 23 26 15
1630831905.346 54 27 33 25 23 27 17
1630831905.596 51 27 33 23 22 26 17
1630831905.848 53 29 35 25 25 25 16
1630831906.096 53 30 33 25 21 25 17
1630831906.346 51 29 32 25 23 26 17
1630831906.596 53 27 32 23 26 24 17
1630831906.845 53 28 32 25 22 25 16
1630831907.096 52 29 32 24 22 27 17
1630831907.347 56 30 34 24 25 25 15
1630831907.596 53 26 32 24 23 25 14
1630831907.845 52 31 32 24 22 23 16
1630831908.096 54 30 32 23 23 26 17
1630831908.346 53 30 34 23 25 25 15
1630831908.595 54 28 32 22 25 29 18
1630831908.845 52 29 32 25 22 25 16
1630831909.096 52 29 33 23 25 25 18
1630831909.348 51 27 34 26 22 26 16
1630831909.596 54 28 34 24 24 25 15
1630831909.846 53 27 31 26 24 26 16
1630831910.095 53 35 32 23 23 24 16
1630831910.346 52 30 34 24 23 26 16
1630831910.595 52 29 31 25 22 25 16
1630831910.846 51 29 34 23 22 26 17
1630831911.096 53 32 35 24 23 27 17
1630831911.346 55 30 35 22 21 25 16
1630831911.599 54 31 35 24 22 26 19
1630831911.846 53 28 34 25 20 26 17
1630831912.096 54 32 34 25 24 25 18
1630831912.346 53 31 32 24 23 25 18
1630831912.597 54 32 33 24 22 26 18
1630831912.847 52 30 33 26 24 23 15
1630831913.098 54 32 32 26 23 25 15
1630831913.352 53 29 34 25 22 25 17
1630831913.600 53 29 32 25 23 24 19
1630831913.846 53 29 32 25 21 24 16
1630831914.097 52 29 32 27 22 25 17
1630831914.346 52 30 32 24 20 25 15
1630831914.596 54 28 35 26 23 26 17
1630831914.849 53 29 31 26 23 23 19
1630831915.100 53 30 36 25 23 23 15
1630831915.346 55 29 32 24 23 26 14
1630831915.599 52 29 34 25 22 24 16
1630831915.848 53 29 32 24 22 26 18
1630831916.097 52 30 33 25 21 25 17
1630831916.347 53 31 32 24 22 25 18
1630831916.596 53 30 35 24 22 28 16
1630831916.847 54 33 33 26 22 25 16
1630831917.096 55 30 33 23 22 26 16
1630831917.346 53 31 32 24 23 24 16
1630831917.597 55 31 32 25 25 24 17
1630831917.851 54 30 33 25 22 25 17
1630831918.096 55 30 33 25 22 25 15
1630831918.346 53 29 32 28 21 24 18
1630831918.596 52 29 34 24 24 24 19
1630831918.846 54 31 34 26 24 23 15
1630831919.097 52 31 32 23 23 24 15
1630831919.347 53 31 34 24 22 26 17
1630831919.596 52 30 33 23 23 23 18
1630831919.845 54 29 33 25 23 24 20
1630831920.095 54 29 35 25 22 25 18
1630831920.347 51 32 34 23 23 25 16
1630831920.601 54 31 34 24 24 27 17
1630831920.849 53 32 33 24 23 23 17
1630831921.099 54 29 32 24 23 25 15
1630831921.345 53 29 33 25 22 27 16
1630831921.597 53 29 32 24 21 24 19
1630831921.846 53 33 32 26 21 27 16
1630831922.096 52 30 32 23 24 24 17
1630831922.350 55 30 33 23 22 23 18
1630831922.598 52 29 32 26 22 24 17
1630831922.849 55 29 33 24 22 24 17
1630831923.095 53 30 34 23 24 25 18
1630831923.347 56 30 32 23 22 22 19
1630831923.597 55 31 33 25 21 25 18
1630831923.847 54 29 35 24 22 25 18
1630831924.096 53 29 32 22 21 25 15
1630831924.346 51 31 33 23 22 24 19
1630831924.595 51 31 33 25 22 25 17
1630831924.846 51 31 30 24 23 23 17
1630831925.100 54 32 34 23 22 25 16
1630831925.347 54 30 32 25 21 24 16
1630831925.596 54 29 33 23 22 24 16
1630831925.846 52 31 32 24 23 24 15
1630831926.098 53 32 33 22 22 25 15
1630831926.346 54 29 33 24 24 25 17
1630831926.596 52 30 34 26 24 23 16
1630831926.846 51 29 33 23 23 25 17
1630831927.096 54 31 34 23 26 26 17
1630831927.347 52 29 35 25 22 23 20
1630831927.597 53 32 34 25 23 26 16
1630831927.846 53 30 34 23 23 25 14
1630831928.096 55 30 33 24 22 23 17
1630831928.346 55 30 34 22 23 24 15
1630831928.599 54 29 35 26 23 25 16
1630831928.848 52 29 33 26 24 24 15
1630831929.097 54 32 34 27 22 23 16
1630831929.347 53 30 34 26 23 24 15
1630831929.596 52 31 36 24 21 26 17
1630831929.848 50 29 34 26 23 24 17
1630831930.096 52 31 34 24 22 23 18
1630831930.347 55 30 32 25 24 23 19
1630831930.597 52 30 33 24 22 24 17
1630831930.846 52 27 32 24 23 25 17
1630831931.099 54 32 31 23 22 24 16
1630831931.347 55 31 31 25 23 24 13
1630831931.598 51 28 34 26 23 24 17
1630831931.846 54 28 35 25 24 25 16
1630831932.096 57 29 31 25 23 24 17
1630831932.347 54 30 34 23 24 25 17
1630831932.596 54 30 34 23 21 26 16
1630831932.847 53 31 34 25 22 24 15
1630831933.096 52 32 34 25 23 24 15
1630831933.347 52 30 36 24 21 22 17
1630831933.596 53 30 34 25 23 25 19
1630831933.847 52 29 34 24 25 23 17
1630831934.097 52 30 35 25 23 24 18
1630831934.347 53 31 31 26 23 27 15
1630831934.596 53 31 32 25 21 24 18
1630831934.847 53 28 32 25 24 25 17
1630831935.096 51 29 32 23 21 24 16
1630831935.347 54 30 33 25 24 22 16
1630831935.598 53 30 33 24 23 24 18
1630831935.852 56 30 33 25 21 24 17
1630831936.097 52 29 31 25 23 26 17
1630831936.346 51 29 32 23 22 25 16
1630831936.596 55 28 34 25 23 23 17
1630831936.846 54 28 31 24 26 23 16
1630831937.097 53 30 32 25 22 25 16
1630831937.347 55 28 32 23 23 24 16
1630831937.600 53 29 35 22 21 24 18
1630831937.847 53 30 34 24 23 24 19
1630831938.097 51 30 33 26 21 23 16
1630831938.346 55 30 32 24 20 24 18
1630831938.596 54 33 33 24 24 24 16
1630831938.850 56 29 31 24 23 24 17
1630831939.097 54 31 34 26 22 24 18
1630831939.346 54 32 34 25 20 27 18
1630831939.603 54 30 32 24 23 23 18
1630831939.846 54 30 35 23 23 26 15
1630831940.096 52 29 34 24 24 24 17
1630831940.347 51 27 34 26 22 24 18
1630831940.596 55 34 34 24 23 24 17
1630831940.850 53 30 33 24 23 24 16
1630831941.099 55 30 32 24 22 25 18
1630831941.348 54 31 34 25 23 24 16
1630831941.598 52 29 33 22 25 23 18
1630831941.847 52 29 34 22 23 24 18
1630831942.096 55 30 33 24 25 26 16
1630831942.348 53 30 33 26 24 27 17
1630831942.596 52 28 34 23 23 24 17
1630831942.848 52 30 34 27 24 24 16
1630831943.098 53 29 32 24 22 27 16
1630831943.347 51 30 32 25 22 25 19
1630831943.598 51 31 34 25 23 25 17
1630831943.848 54 30 35 26 24 24 20
1630831944.097 54 32 32 24 24 26 18
1630831944.347 55 32 33 24 22 24 18
1630831944.598 53 30 36 25 24 26 16
1630831944.846 54 30 32 24 23 24 18
1630831945.096 53 30 33 26 24 23 18
1630831945.347 53 29 34 24 24 28 16
1630831945.597 51 32 34 27 23 24 20
1630831945.846 52 33 33 25 23 26 18
1630831946.098 53 30 33 25 23 25 17
1630831946.350 52 30 33 24 23 24 17
1630831946.597 53 29 33 22 23 24 20
1630831946.846 55 32 34 25 23 25 19
1630831947.096 53 31 32 24 24 22 19
1630831947.349 55 31 36 22 21 26 16
1630831947.600 52 31 34 24 24 26 18
1630831947.847 52 32 32 24 22 24 17
1630831948.097 52 30 31 25 23 24 17
1630831948.347 52 28 37 25 24 25 17
1630831948.597 53 30 33 24 24 23 16
1630831948.847 55 31 32 24 23 26 18
1630831949.097 53 31 34 24 21 24 18
1630831949.347 54 30 36 24 22 25 19
1630831949.599 53 29 32 25 22 23 15
1630831949.847 50 30 32 23 22 25 19
1630831950.097 53 29 33 24 21 26 18
1630831950.348 51 29 34 26 22 23 20
1630831950.597 55 32 34 24 24 24 18
1630831950.849 52 30 33 24 22 23 18
1630831951.098 53 30 32 26 26 25 17
1630831951.347 53 30 34 24 23 24 18
1630831951.598 53 29 33 26 23 23 16
1630831951.848 53 30 33 24 23 25 16
1630831952.099 51 32 33 25 20 24 18
1630831952.348 52 31 33 25 22 24 15
1630831952.599 54 30 34 24 22 26 18
1630831952.850 53 29 32 26 23 24 17
1630831953.097 53 30 32 25 25 26 18
1630831953.347 52 30 31 24 22 28 16
1630831953.597 54 30 33 25 22 24 14
1630831953.846 52 32 32 25 23 23 15
1630831954.098 54 32 35 24 23 27 16
1630831954.349 53 31 36 25 23 26 20
1630831954.597 54 28 33 26 21 29 17
1630831954.848 53 31 32 25 25 24 19
1630831955.101 54 31 32 27 21 26 15
1630831955.346 56 30 31 26 24 22 17
1630831955.597 54 29 34 25 23 25 17
1630831955.848 51 30 36 27 25 24 16
1630831956.097 55 30 35 25 21 23 18
1630831956.347 54 30 34 24 26 26 17
1630831956.597 53 31 33 25 23 24 16
1630831956.847 55 31 32 26 25 24 17
1630831957.097 55 30 34 26 22 25 17
1630831957.347 54 29 31 24 24 24 17
1630831957.596 53 29 32 25 23 25 18
1630831957.847 51 28 32 27 24 26 17
1630831958.097 54 31 34 25 22 25 16
1630831958.347 56 29 32 24 22 23 18
1630831958.597 54 30 31 26 22 26 18
1630831958.849 55 31 33 24 23 24 15
1630831959.103 54 30 34 25 21 25 15
1630831959.347 53 29 34 24 21 24 18
1630831959.598 53 30 31 24 22 27 17
1630831959.849 52 31 36 24 24 24 15
1630831960.097 53 30 33 24 24 24 15
1630831960.348 54 29 35 23 22 26 16
1630831960.598 53 29 33 25 23 27 16
1630831960.847 52 29 37 26 21 24 15
1630831961.097 53 30 32 23 25 26 17
1630831961.347 51 30 33 24 23 26 16
1630831961.597 55 29 31 25 22 25 16
1630831961.847 54 29 33 25 21 24 15
1630831962.097 53 31 34 25 22 24 17
1630831962.350 51 29 33 25 21 28 16
1630831962.597 53 30 33 25 23 26 19
1630831962.847 53 31 34 24 22 25 19
1630831963.098 53 29 33 25 23 25 16
1630831963.347 52 29 33 24 25 24 18
1630831963.598 55 30 32 24 22 24 15
1630831963.849 53 30 32 24 22 26 19
1630831964.098 52 31 34 22 23 24 17
1630831964.347 52 32 33 24 26 25 17
1630831964.598 53 31 33 24 23 24 17
1630831964.848 53 29 34 23 26 26 16
1630831965.098 51 30 34 25 22 25 17
1630831965.347 54 30 34 24 22 24 18
1630831965.598 51 29 34 24 22 23 17
1630831965.848 53 29 32 25 23 25 16
1630831966.097 54 30 34 24 23 25 16
1630831966.348 54 29 34 24 20 23 14
1630831966.599 53 32 35 22 21 25 18
1630831966.848 52 30 33 25 21 22 16
1630831967.098 53 33 32 25 22 24 18
1630831967.348 54 30 32 24 22 24 19
1630831967.599 52 29 34 25 22 24 17
1630831967.848 53 30 32 22 21 22 19
1630831968.100 52 30 32 23 24 23 18
1630831968.348 54 29 32 24 24 24 19
1630831968.598 54 29 33 25 22 24 17
1630831968.849 54 30 33 26 25 23 17
1630831969.098 54 30 35 24 20 24 19
1630831969.353 53 30 31 25 22 24 18
1630831969.598 51 29 32 26 23 23 19
1630831969.849 50 30 33 23 25 23 17
1630831970.098 55 32 32 25 24 22 17
1630831970.349 53 29 32 24 21 23 15
1630831970.600 54 32 32 24 22 26 16
1630831970.849 51 30 33 24 22 25 19
1630831971.099 53 28 33 26 23 25 16
1630831971.349 52 32 34 24 22 26 17
1630831971.607 54 31 33 22 23 26 19
1630831971.847 55 28 32 24 22 26 19
1630831972.098 52 31 34 25 23 26 16
1630831972.349 53 29 34 22 21 23 15
1630831972.604 53 30 32 25 21 24 15
1630831972.848 53 28 32 25 21 23 16
1630831973.098 54 31 32 26 22 25 14
1630831973.351 52 32 33 25 22 27 16
1630831973.601 55 30 33 25 23 24 19
1630831973.851 53 29 31 23 21 25 17
1630831974.099 55 32 33 23 23 25 17
1630831974.348 53 30 34 24 21 25 18
1630831974.598 56 27 30 24 20 26 17
1630831974.848 54 30 34 26 21 23 16
1630831975.099 53 32 35 23 24 24 16
1630831975.349 52 30 34 23 23 21 16
1630831975.601 51 30 34 25 23 24 18
1630831975.847 52 31 33 25 22 24 16
1630831976.098 54 29 33 24 21 23 16
1630831976.350 56 30 31 25 24 26 15
1630831976.598 53 28 33 22 21 24 18
1630831976.851 53 30 34 23 27 25 16
1630831977.098 53 30 33 24 22 24 17
1630831977.348 52 30 31 24 20 23 17
1630831977.599 52 28 34 25 23 26 17
1630831977.847 52 30 34 23 23 24 16
1630831978.097 53 30 32 24 22 25 16
1630831978.348 50 31 35 24 23 25 15
1630831978.602 52 32 33 24 23 25 18
1630831978.849 53 30 32 23 22 25 15
1630831979.101 52 29 33 25 21 24 17
1630831979.352 55 29 34 23 22 23 18
1630831979.598 53 29 32 25 21 25 17
1630831979.848 53 29 34 29 24 24 19
1630831980.100 55 28 33 24 22 25 17
1630831980.349 52 30 35 24 23 24 17
1630831980.598 53 32 35 24 22 24 18
1630831980.850 55 31 33 25 23 23 18
1630831981.098 53 28 32 26 23 24 18
1630831981.347 52 31 33 23 24 26 17
1630831981.598 51 32 32 26 23 23 18
1630831981.850 55 29 36 26 22 24 18
1630831982.100 53 31 31 24 22 24 16
1630831982.349 54 32 32 25 22 24 17
1630831982.598 53 29 33 25 22 24 18
1630831982.848 54 30 33 24 22 24 16
1630831983.098 53 29 34 24 23 27 17
1630831983.350 50 29 34 25 23 24 19
1630831983.599 53 29 31 24 21 25 18
1630831983.850 53 31 32 22 22 24 18
1630831984.098 53 29 33 25 24 25 17
1630831984.354 57 32 33 25 22 24 19
1630831984.598 53 31 35 23 23 23 17
1630831984.848 54 31 32 26 22 24 18
1630831985.097 53 31 34 25 21 24 17
1630831985.348 52 30 33 25 23 23 17
1630831985.597 53 30 33 26 23 25 16
1630831985.848 56 34 35 24 22 25 17
1630831986.100 51 28 33 24 23 22 17
1630831986.348 52 30 34 24 22 27 18
1630831986.599 52 29 33 25 23 26 18
1630831986.848 52 30 34 23 20 25 16
1630831987.099 53 30 32 26 23 24 15
1630831987.349 54 31 33 24 24 22 16
1630831987.600 53 32 34 26 23 24 16
1630831987.848 53 32 32 24 24 24 15
1630831988.100 52 30 32 24 22 23 17
1630831988.349 55 30 33 24 22 24 16
1630831988.598 53 32 32 25 22 24 16
1630831988.849 56 30 32 26 23 24 16
1630831989.098 52 30 31 24 23 23 16
1630831989.350 53 33 34 23 23 23 17
1630831989.598 53 29 34 28 22 23 16
1630831989.849 54 28 31 25 23 24 16
1630831990.101 52 31 32 26 21 25 17
1630831990.347 56 29 36 22 23 23 17
1630831990.598 55 30 33 24 25 26 16
1630831990.849 53 32 33 24 24 24 17
1630831991.098 52 28 32 24 22 22 16
1630831991.349 54 31 32 23 22 25 16
1630831991.599 54 33 36 25 25 23 16
1630831991.851 53 28 35 25 23 24 19
1630831992.100 53 30 32 24 22 25 18
1630831992.348 55 31 35 25 24 24 16
1630831992.599 53 30 31 25 24 25 17
1630831992.849 52 28 32 25 20 25 17
1630831993.099 54 30 36 24 21 24 18
1630831993.349 52 30 31 24 22 25 17
1630831993.598 52 31 34 26 20 25 18
1630831993.848 54 29 33 24 23 25 17
1630831994.098 53 30 32 24 21 22 18
1630831994.348 52 29 33 23 22 24 18
1630831994.599 55 29 32 27 22 26 17
1630831994.849 52 31 33 26 21 26 17
1630831995.103 56 31 32 27 22 25 16
1630831995.349 48 30 33 23 22 26 16
1630831995.598 52 30 34 24 23 25 16
1630831995.849 54 29 32 24 25 25 17
1630831996.098 54 32 33 25 22 23 20
1630831996.356 52 30 32 24 23 23 17
1630831996.600 52 29 33 24 21 23 20
1630831996.850 52 29 34 25 24 24 17
1630831997.103 55 30 33 25 24 24 16
1630831997.350 54 29 31 26 23 24 17
1630831997.603 53 30 33 25 22 26 19
1630831997.849 55 29 34 24 22 24 19
1630831998.098 54 28 33 25 20 26 17
1630831998.350 54 31 34 24 25 24 18
1630831998.599 53 30 33 26 21 23 19
1630831998.851 53 28 33 23 23 23 16
1630831999.103 52 32 34 22 20 24 16
1630831999.351 54 28 34 23 22 23 15
1630831999.599 54 32 32 24 23 24 17
1630831999.849 53 30 34 24 23 25 20
1630832000.101 53 29 33 25 21 23 17
1630832000.349 54 30 35 24 21 26 18
1630832000.598 54 30 32 23 23 26 18
1630832000.851 54 30 32 24 22 27 17
1630832001.098 54 31 31 27 24 23 16
1630832001.350 54 27 34 24 21 26 20
1630832001.598 54 30 33 27 22 22 18
1630832001.849 54 30 33 26 23 23 17
1630832002.100 52 32 34 21 21 23 16
1630832002.349 53 30 34 24 21 24 16
1630832002.600 52 30 35 26 22 21 17
1630832002.849 53 31 33 23 22 23 19
1630832003.101 52 31 34 25 22 25 19
1630832003.348 54 30 33 23 21 25 17
1630832003.602 55 31 34 23 21 24 18
1630832003.851 53 29 35 22 22 25 17
1630832004.099 54 29 36 23 21 24 16
1630832004.349 52 29 33 24 21 25 18
1630832004.599 54 31 34 26 23 25 16
1630832004.851 54 29 34 23 22 25 17
1630832005.100 54 31 33 25 23 24 17
1630832005.349 52 30 36 26 25 24 15
1630832005.599 52 31 35 23 24 26 16
1630832005.850 51 29 29 26 24 26 14
1630832006.100 56 29 33 24 24 23 17
1630832006.350 53 30 34 25 21 25 16
1630832006.599 52 30 33 25 20 22 16
1630832006.849 55 29 34 24 22 23 14
1630832007.099 55 28 32 26 22 23 16
1630832007.349 55 32 34 26 21 24 17
1630832007.598 55 32 32 25 22 26 18
1630832007.850 52 28 34 25 21 23 16
1630832008.100 54 29 33 25 23 27 18
1630832008.352 53 30 35 23 23 27 19
1630832008.599 52 30 33 28 23 26 18
1630832008.849 54 29 34 25 21 23 16
1630832009.099 55 30 33 26 23 24 17
1630832009.354 54 31 33 23 21 25 17
1630832009.599 54 30 34 27 21 25 18
1630832009.850 55 28 33 24 21 23 18
1630832010.104 54 29 32 24 22 23 18
1630832010.349 53 29 31 24 21 24 17
1630832010.599 53 30 32 23 23 25 17
1630832010.853 56 29 31 23 23 23 16
1630832011.099 51 30 34 24 22 23 17
1630832011.350 52 30 30 24 21 29 16
1630832011.599 54 29 34 23 21 24 16
1630832011.849 51 30 33 26 22 24 16
1630832012.099 55 28 32 25 22 26 17
1630832012.349 53 30 33 25 22 25 19
1630832012.599 52 31 33 25 22 24 16
1630832012.851 51 32 33 23 22 24 14
1630832013.100 51 30 34 25 23 27 16
1630832013.349 54 30 32 22 22 25 16
1630832013.599 56 29 31 23 20 25 17
1630832013.849 52 30 33 25 23 26 15
1630832014.098 53 31 33 24 22 24 16
1630832014.348 53 31 35 25 23 25 16
1630832014.602 52 27 34 26 21 22 17
1630832014.849 52 31 33 24 24 25 19
1630832015.101 55 32 34 24 21 23 17
1630832015.348 53 33 35 24 24 24 15
1630832015.600 55 36 35 25 23 22 16
1630832015.849 51 29 32 25 19 22 16
1630832016.099 52 30 35 24 21 24 16
1630832016.349 52 29 33 23 22 26 16
1630832016.599 54 30 33 24 22 24 15
1630832016.852 52 30 33 25 26 26 17
1630832017.099 52 32 35 24 22 24 15
1630832017.349 52 29 34 25 24 24 17
1630832017.599 52 29 33 25 23 23 17
1630832017.860 52 32 34 24 24 24 17
1630832018.102 52 31 32 27 23 23 17
1630832018.350 55 29 34 24 23 25 16
1630832018.603 54 29 33 22 21 23 17
1630832018.849 54 29 33 24 22 24 16
1630832019.100 52 32 32 24 21 23 17
1630832019.354 51 31 32 25 22 24 17
1630832019.599 53 31 33 23 22 25 16
1630832019.850 53 29 32 22 23 25 17
1630832020.099 52 30 36 26 23 23 18
1630832020.352 54 27 33 25 22 25 17
1630832020.602 52 29 33 26 22 25 16
1630832020.850 52 30 34 24 22 25 18
1630832021.100 51 31 34 25 21 22 17
1630832021.350 53 28 34 24 22 25 15
1630832021.601 54 30 32 24 24 25 17
1630832021.849 52 28 33 25 23 26 18
1630832022.101 53 32 33 24 21 23 18
1630832022.352 52 30 31 23 22 24 16
1630832022.599 56 30 32 23 20 25 17
1630832022.849 56 29 34 26 22 24 16
1630832023.103 56 27 33 26 22 24 17
1630832023.350 51 29 33 23 22 25 16
1630832023.599 55 29 32 25 23 26 16
1630832023.849 53 30 33 25 22 24 18
1630832024.101 53 28 31 25 21 23 15
1630832024.351 53 29 34 25 20 26 17
1630832024.600 52 29 33 24 24 23 16
1630832024.851 51 31 32 23 22 25 18
1630832025.099 52 29 35 24 23 22 16
1630832025.352 54 30 33 25 23 24 15
1630832025.600 56 30 32 27 25 23 16
1630832025.849 52 29 32 24 24 25 14
1630832026.101 52 31 33 24 23 24 16
1630832026.351 55 30 34 26 23 26 17
1630832026.602 53 31 33 24 24 26 16
1630832026.851 55 30 34 23 22 24 17
1630832027.100 54 29 32 23 22 25 16
1630832027.350 53 28 34 24 24 26 15
1630832027.602 55 29 31 26 22 26 19
1630832027.850 53 29 33 27 23 24 15
1630832028.100 52 30 34 26 23 28 15
1630832028.351 57 28 34 26 24 23 16
1630832028.602 55 29 31 25 24 25 18
1630832028.849 53 29 32 24 23 24 17
1630832029.100 54 30 32 26 24 23 16
1630832029.352 53 30 34 26 21 26 15
1630832029.600 53 29 35 23 24 26 15
1630832029.851 53 30 34 24 24 24 16
1630832030.101 53 30 32 22 22 26 15
1630832030.350 54 29 33 23 24 23 16
1630832030.600 52 30 35 24 25 22 18
1630832030.849 53 31 33 26 24 26 15
1630832031.100 55 30 33 23 23 25 16
1630832031.350 53 33 33 24 23 24 17
1630832031.600 54 29 32 23 23 23 16
1630832031.849 50 33 34 22 22 24 17
1630832032.100 56 29 34 22 22 24 17
1630832032.353 54 31 33 23 24 25 17
1630832032.600 52 29 33 23 23 23 15
1630832032.850 52 31 32 24 23 23 17
1630832033.100 54 30 34 24 24 28 16
1630832033.350 53 28 33 22 25 24 16
1630832033.600 51 29 33 25 22 24 15
1630832033.851 52 29 33 24 23 23 17
1630832034.102 52 29 31 26 23 24 18
1630832034.350 52 30 34 25 23 25 15
1630832034.600 52 26 32 25 23 26 18
1630832034.854 51 29 32 24 23 25 17
1630832035.099 54 29 32 26 22 23 15
1630832035.351 54 30 33 24 22 26 19
1630832035.604 53 29 33 25 22 26 16
1630832035.852 53 30 34 22 23 25 15
1630832036.100 53 32 32 24 22 27 17
1630832036.351 54 30 33 24 24 25 15
1630832036.600 53 32 33 26 21 25 18
1630832036.852 54 30 34 24 24 26 17
1630832037.099 52 30 33 23 24 22 17
1630832037.350 52 29 33 24 24 25 17
1630832037.600 54 31 34 24 23 26 17
1630832037.851 53 28 32 23 23 24 15
1630832038.100 53 28 33 26 23 24 17
1630832038.350 52 29 31 25 22 22 17
1630832038.600 56 32 34 23 24 25 17
1630832038.852 54 29 32 23 23 23 16
1630832039.100 54 30 35 23 22 26 16
1630832039.349 54 29 36 22 23 24 16
1630832039.600 55 29 32 23 22 23 17
1630832039.852 52 30 35 25 21 22 16
1630832040.100 53 29 33 25 22 20 17
1630832040.350 54 32 32 24 22 23 16
1630832040.600 53 30 33 25 21 22 17
1630832040.849 55 30 32 23 23 22 17
1630832041.101 55 30 31 25 20 23 16
1630832041.352 52 28 31 27 22 21 17
1630832041.602 55 30 31 25 21 21 16
1630832041.851 52 30 32 23 22 22 17
1630832042.100 52 28 32 24 23 23 16
1630832042.351 55 32 36 24 20 23 16
1630832042.600 56 30 33 25 22 21 16
1630832042.850 53 30 31 24 24 22 18
1630832043.103 52 30 31 24 22 21 20
1630832043.351 52 31 34 24 24 22 16
1630832043.601 54 30 33 25 23 21 17
1630832043.850 54 30 33 27 21 24 17
1630832044.104 53 30 33 25 22 21 17
1630832044.349 52 29 32 23 23 22 19
1630832044.601 54 32 33 24 23 24 18
1630832044.850 54 28 32 24 21 23 18
1630832045.100 52 30 34 23 22 22 17
1630832045.350 53 30 34 26 21 21 17
1630832045.602 52 29 35 26 22 22 16
1630832045.851 52 29 32 23 21 22 18
1630832046.101 53 31 31 25 21 23 18
1630832046.351 55 31 32 24 22 25 17
1630832046.600 53 29 32 26 22 24 18
1630832046.852 54 29 33 26 22 23 16
1630832047.101 54 34 33 24 21 23 17
1630832047.352 56 29 33 24 22 22 18
1630832047.600 53 28 33 27 20 25 16
1630832047.850 56 31 35 24 23 24 15
1630832048.100 53 29 33 25 20 24 16
1630832048.351 54 28 32 24 21 25 16
1630832048.600 55 30 33 24 21 23 18
1630832048.851 50 29 33 24 21 25 16
1630832049.101 52 29 32 28 22 22 18
1630832049.352 54 32 34 25 22 28 15
1630832049.601 53 32 35 25 22 23 17
1630832049.852 52 30 33 23 22 26 17
1630832050.099 53 30 34 24 24 24 18
1630832050.350 53 29 32 23 21 25 17
1630832050.600 53 29 33 25 24 24 16
1630832050.854 55 30 32 26 20 25 18
1630832051.100 54 30 33 24 23 26 17
1630832051.350 53 28 32 27 23 24 19
1630832051.600 54 28 34 25 20 26 16
1630832051.850 55 29 33 24 21 23 15
1630832052.100 52 30 33 25 23 22 16
1630832052.354 55 30 32 26 22 23 16
1630832052.602 51 32 35 25 22 24 17
1630832052.852 52 31 32 24 21 28 17
1630832053.100 52 28 31 25 21 25 16
1630832053.356 54 32 33 23 23 25 17
1630832053.602 51 30 33 24 22 25 18
1630832053.850 55 32 34 23 20 23 16
1630832054.101 52 32 34 25 21 25 20
1630832054.353 51 30 32 24 25 25 17
1630832054.601 52 30 32 26 24 23 18
1630832054.851 51 29 32 24 22 24 17
1630832055.100 54 29 33 23 25 24 17
1630832055.350 53 32 34 23 22 24 19
1630832055.604 52 29 35 25 22 23 18
1630832055.851 56 32 34 27 22 25 19
1630832056.101 53 30 33 26 22 24 16
1630832056.350 55 30 31 24 24 24 18
1630832056.601 52 31 32 22 24 23 17
1630832056.855 54 30 33 24 22 23 17
1630832057.101 52 30 31 25 23 24 15
1630832057.351 55 31 31 24 23 24 16
1630832057.602 55 31 32 23 22 23 16
1630832057.850 52 31 33 24 23 22 19
1630832058.100 55 30 35 24 22 24 17
1630832058.351 53 29 32 25 22 23 15
1630832058.601 53 31 34 24 21 25 15
1630832058.849 54 30 36 24 21 22 16
1630832059.100 53 29 34 24 22 22 17
1630832059.351 52 34 34 23 20 23 16
1630832059.602 51 30 32 26 21 25 17
1630832059.850 53 32 34 25 21 23 18
1630832060.102 55 30 35 25 20 25 20
1630832060.351 51 31 36 24 22 25 17
1630832060.600 54 31 33 25 21 27 17
1630832060.850 54 30 34 24 22 23 17
1630832061.100 54 32 33 26 22 24 16
1630832061.354 54 29 32 24 21 23 17
1630832061.600 53 32 32 25 22 24 17
1630832061.851 55 29 36 26 20 24 16
1630832062.101 51 28 33 25 20 23 17
1630832062.355 52 29 37 26 20 25 18
1630832062.601 53 33 32 24 21 23 17
1630832062.852 53 29 33 27 24 24 16
1630832063.101 52 31 33 24 21 24 17
1630832063.351 53 29 34 24 21 24 18
1630832063.600 53 30 34 23 22 22 14
1630832063.851 55 29 31 25 23 22 16
1630832064.100 55 30 35 24 21 23 16
1630832064.351 54 31 34 24 22 23 16
1630832064.600 53 30 36 22 22 22 19
1630832064.850 54 32 31 24 21 24 19
1630832065.101 50 29 34 24 22 22 17
1630832065.351 54 30 32 24 22 26 18
1630832065.601 53 31 34 25 20 26 17
1630832065.851 53 28 32 23 21 25 19
1630832066.102 52 28 33 23 26 24 20
1630832066.351 53 31 37 24 23 25 16
1630832066.601 53 29 34 23 21 25 17
1630832066.851 53 31 33 23 24 25 18
1630832067.103 54 32 34 26 21 25 18
1630832067.354 53 31 33 24 22 28 18
1630832067.603 52 29 32 25 22 24 18
1630832067.852 52 29 34 24 23 25 20
1630832068.101 51 29 34 25 21 25 17
1630832068.351 53 30 34 25 21 28 17
1630832068.603 53 29 34 24 24 25 16
1630832068.851 53 30 35 23 22 24 17
1630832069.101 51 32 33 25 21 24 17
1630832069.351 52 30 34 24 24 26 16
1630832069.601 55 31 33 25 22 23 15
1630832069.851 55 29 35 25 24 25 21
1630832070.101 53 31 31 24 24 23 20
1630832070.350 52 30 36 26 20 24 15
1630832070.601 53 31 32 26 21 23 18
1630832070.851 55 32 32 25 22 27 17
1630832071.102 52 28 32 30 21 24 18
1630832071.352 50 30 34 24 26 26 15
1630832071.601 51 32 32 25 22 23 17
1630832071.852 51 30 33 24 21 25 17
1630832072.103 54 30 30 25 21 25 17
1630832072.351 50 32 32 23 20 26 18
1630832072.602 54 31 34 22 21 26 19
1630832072.852 52 29 33 24 24 27 15
1630832073.102 54 31 34 24 23 26 17
1630832073.353 53 28 34 24 22 26 14
1630832073.603 54 31 34 25 22 25 17
1630832073.854 55 32 33 23 24 26 17
1630832074.101 53 28 33 22 23 23 15
1630832074.351 51 29 32 24 23 25 15
1630832074.605 53 31 32 24 20 25 18
1630832074.852 52 29 33 26 22 27 17
1630832075.100 52 30 33 24 23 24 17
1630832075.353 51 31 34 23 21 26 17
1630832075.601 53 29 32 23 23 26 18
1630832075.851 52 30 33 23 22 26 19
1630832076.102 53 29 32 24 21 24 17
1630832076.351 52 30 33 24 22 25 15
1630832076.603 52 31 32 24 22 25 16
1630832076.854 54 30 33 25 22 26 16
1630832077.101 51 30 34 24 22 26 15
1630832077.351 56 32 33 23 22 24 14
1630832077.601 55 30 35 24 22 26 16
1630832077.852 53 29 32 25 24 22 16
1630832078.103 53 28 35 25 21 24 15
1630832078.352 53 28 33 23 24 23 16
1630832078.602 55 31 33 26 23 25 18
1630832078.851 51 31 34 25 24 26 16
1630832079.101 55 30 33 25 21 23 15
1630832079.351 52 31 32 25 22 23 16
1630832079.603 55 30 32 26 24 24 15
1630832079.852 53 29 32 27 22 24 17
1630832080.101 52 29 32 26 22 27 17
1630832080.352 53 30 32 25 22 23 17
1630832080.601 53 31 34 25 24 24 18
1630832080.850 54 29 35 26 21 25 17
1630832081.101 53 29 32 25 21 27 16
1630832081.353 53 29 33 26 23 23 16
1630832081.602 52 31 35 25 21 23 18
1630832081.852 52 29 31 25 23 23 16
1630832082.101 52 30 33 25 24 24 16
1630832082.352 52 29 33 27 22 24 15
1630832082.604 53 29 35 26 22 24 16
1630832082.853 52 33 34 24 23 24 17
1630832083.101 53 30 32 25 24 22 15
1630832083.351 54 32 34 27 25 24 15
1630832083.602 53 29 33 25 20 23 15
1630832083.851 53 30 31 24 20 23 16
1630832084.101 55 31 34 24 23 23 16
1630832084.351 51 32 32 24 23 26 16
1630832084.602 54 31 33 25 21 24 17
1630832084.851 54 31 31 24 21 26 17
1630832085.101 53 30 33 25 22 26 18
1630832085.352 55 32 34 24 22 23 16
1630832085.600 53 31 32 22 20 24 17
1630832085.852 56 29 33 24 23 24 15
1630832086.101 54 30 32 26 22 23 15
1630832086.352 54 32 34 25 24 25 16
1630832086.602 53 29 33 26 22 26 15
1630832086.851 55 29 33 26 23 26 17
1630832087.101 51 29 33 26 22 26 17
1630832087.351 53 30 33 24 21 24 18
1630832087.601 52 30 35 23 21 23 17
1630832087.852 53 28 32 26 21 24 17
1630832088.101 52 31 34 26 22 26 16
1630832088.351 51 32 32 25 22 26 16
1630832088.601 53 29 31 24 23 24 17
1630832088.854 52 31 33 26 23 25 16
1630832089.101 54 31 33 26 23 24 16
1630832089.351 55 31 34 25 22 24 18
1630832089.601 53 30 35 25 22 23 17
1630832089.851 52 31 34 24 20 22 16
1630832090.101 50 30 34 25 23 23 16
1630832090.351 54 30 35 24 23 22 15
1630832090.602 54 28 37 26 22 23 16
1630832090.852 52 30 33 27 22 22 16
1630832091.102 54 28 32 25 22 24 18
1630832091.351 51 30 31 24 22 24 17
1630832091.601 55 28 33 25 21 24 16
1630832091.851 50 32 31 25 21 24 16
1630832092.101 53 31 34 23 21 24 17
1630832092.351 54 28 32 25 21 24 16
1630832092.602 52 32 34 25 24 23 16
1630832092.852 53 31 34 23 21 25 16
1630832093.103 55 32 32 24 22 23 16
1630832093.352 53 33 34 25 23 22 17
1630832093.602 52 35 33 25 25 25 16
1630832093.852 52 30 34 24 20 23 16
1630832094.104 53 30 35 22 22 25 15
1630832094.352 54 28 36 26 22 24 14
1630832094.601 52 30 34 25 22 24 15
1630832094.851 52 31 34 26 21 24 14
1630832095.105 54 29 34 26 22 24 16
1630832095.355 55 31 38 24 23 23 17
1630832095.602 54 29 34 25 23 22 14
1630832095.851 52 28 33 23 22 24 16
1630832096.102 55 29 33 26 22 22 17
1630832096.356 52 30 33 25 22 24 17
1630832096.602 49 30 32 26 23 22 15
1630832096.852 53 32 33 25 21 24 17
1630832097.105 55 30 34 25 24 25 17
1630832097.352 52 31 32 24 21 23 20
1630832097.602 54 30 32 25 21 24 15
1630832097.855 55 31 32 26 23 24 15
1630832098.101 54 30 34 24 22 22 16
1630832098.353 53 28 33 26 22 24 18
1630832098.602 50 30 36 23 23 22 15
1630832098.852 54 29 35 26 22 23 16
1630832099.102 51 29 34 25 21 23 16
1630832099.352 56 31 34 26 21 28 16
1630832099.603 54 29 32 26 22 24 16
1630832099.851 54 29 32 24 22 24 15
1630832100.102 52 29 34 27 22 25 16
1630832100.353 52 30 34 26 21 26 15
1630832100.604 52 29 33 28 23 24 15
1630832100.854 55 31 34 26 22 23 17
1630832101.102 52 30 32 24 26 24 15
1630832101.352 52 32 32 24 21 25 16
1630832101.602 55 30 33 25 21 24 16
1630832101.852 52 30 33 25 23 23 16
1630832102.104 54 31 32 26 22 24 15
1630832102.356 52 28 32 23 20 23 17
1630832102.602 52 29 34 26 22 25 15
1630832102.852 53 31 33 25 21 25 15
1630832103.102 52 27 32 26 23 23 16
1630832103.353 53 30 32 23 21 21 15
1630832103.602 53 29 31 25 21 23 17
1630832103.855 54 32 35 25 21 23 15
1630832104.101 52 28 35 26 25 21 16
1630832104.352 54 31 32 24 23 22 15
1630832104.604 53 30 32 25 22 21 17
1630832104.853 56 29 34 25 22 23 15
1630832105.105 54 30 32 25 24 24 17
1630832105.353 52 31 32 26 21 24 17
1630832105.605 54 30 31 26 22 23 19
1630832105.855 53 29 32 25 23 23 16
1630832106.107 52 28 32 27 22 24 16
1630832106.352 55 30 35 25 23 24 15
1630832106.603 52 31 33 25 21 24 16
1630832106.852 54 28 33 23 21 24 18
1630832107.102 52 30 31 26 20 23 15
1630832107.352 54 28 31 26 22 24 15
1630832107.602 54 29 34 24 24 23 16
1630832107.852 55 30 34 26 22 22 17
1630832108.102 52 30 33 24 22 24 17
1630832108.352 53 30 33 23 20 22 16
1630832108.602 51 30 32 24 21 23 16
1630832108.852 52 32 31 26 22 22 15
1630832109.102 58 30 32 26 22 22 15
1630832109.353 52 31 32 26 22 23 16
1630832109.602 52 30 33 26 22 25 19
1630832109.851 58 30 32 25 23 25 16
1630832110.103 54 30 34 25 23 23 15
1630832110.354 53 34 34 26 21 24 16
1630832110.602 52 31 31 27 22 21 16
1630832110.852 53 31 34 26 21 25 17
1630832111.103 52 32 34 28 20 22 19
1630832111.353 53 30 32 23 22 21 17
1630832111.605 55 32 33 26 21 23 16
1630832111.852 54 31 33 24 22 23 16
1630832112.104 53 29 31 24 21 22 17
1630832112.353 55 34 34 25 23 21 18
1630832112.603 53 31 34 25 22 22 17
1630832112.853 53 31 32 24 21 23 17
1630832113.104 52 32 32 24 22 24 16
1630832113.352 51 29 33 24 23 22 17
1630832113.602 52 31 34 26 23 22 15
1630832113.853 50 31 34 24 21 24 17
1630832114.103 54 30 33 24 22 24 18
1630832114.352 55 28 34 24 23 21 16
1630832114.603 53 30 32 25 23 23 16
1630832114.853 51 30 31 23 22 23 17
1630832115.103 55 32 33 22 23 19 15
1630832115.353 53 30 33 24 23 21 16
1630832115.605 51 31 34 24 22 22 16
1630832115.852 54 30 34 26 21 23 15
1630832116.104 54 29 32 23 22 26 17
1630832116.352 52 32 36 26 24 24 17
1630832116.603 51 30 31 24 24 28 18
1630832116.852 51 32 32 24 23 25 16
1630832117.104 51 30 32 25 22 25 18
1630832117.352 52 31 33 25 23 25 17
1630832117.603 53 28 33 26 21 25 15
1630832117.852 54 30 32 25 23 24 17
1630832118.105 53 29 33 23 21 23 19
1630832118.354 55 29 34 24 24 27 16
1630832118.607 53 28 31 24 21 24 17
1630832118.853 52 31 34 24 21 24 17
1630832119.102 53 30 32 26 24 23 16
1630832119.353 51 30 34 27 23 24 18
1630832119.607 52 28 33 26 23 23 18
1630832119.853 54 32 33 27 23 24 17
1630832120.104 53 29 32 24 23 23 19
1630832120.352 55 34 32 24 21 24 17
1630832120.602 55 30 32 23 22 25 17
1630832120.853 54 29 34 24 22 23 17
1630832121.103 52 29 32 26 24 25 16
1630832121.355 54 29 31 24 23 22 16
1630832121.602 51 30 34 25 22 26 17
1630832121.852 51 30 34 24 22 26 19
1630832122.103 51 28 32 23 22 23 17
1630832122.353 52 29 32 26 25 24 17
1630832122.603 54 30 32 24 22 23 17
1630832122.852 53 28 33 25 23 26 16
1630832123.103 56 30 34 27 22 25 17
1630832123.351 54 29 33 25 23 25 15
1630832123.603 53 28 34 25 25 24 16
1630832123.852 52 29 30 25 21 24 21
1630832124.103 52 30 34 25 24 25 18
1630832124.353 51 32 33 24 21 25 17
1630832124.603 53 29 32 26 23 24 18
1630832124.852 51 32 34 24 23 23 17
1630832125.103 55 30 32 27 23 26 17
1630832125.354 53 29 31 25 22 24 17
1630832125.602 54 30 33 22 24 25 18
1630832125.854 52 28 31 25 22 24 16
1630832126.102 53 28 35 23 23 24 17
1630832126.353 54 28 33 26 24 26 16
1630832126.605 54 31 32 26 22 25 16
1630832126.858 53 29 33 24 23 22 17
1630832127.108 53 29 34 25 23 23 19
1630832127.353 51 29 31 26 23 25 15
1630832127.603 53 30 31 24 21 24 16
1630832127.853 54 31 32 24 24 24 18
1630832128.106 51 30 33 24 23 23 18
1630832128.352 53 28 32 24 24 24 16
1630832128.603 53 31 36 23 24 23 18
1630832128.855 52 28 31 24 22 23 17
1630832129.103 52 30 32 24 24 24 17
1630832129.352 54 31 31 24 26 22 18
1630832129.603 52 30 34 25 21 24 18
1630832129.853 52 28 36 24 25 24 19
1630832130.103 52 30 33 24 24 22 18
1630832130.353 53 29 33 24 20 25 18
1630832130.605 54 29 33 26 21 23 19
1630832130.852 53 30 33 26 23 25 17
1630832131.103 55 28 33 24 21 24 18
1630832131.353 53 30 31 24 21 24 17
1630832131.602 53 29 33 26 20 24 18
1630832131.853 56 29 32 24 21 24 14
1630832132.103 54 29 33 25 24 24 17
1630832132.352 54 30 33 23 22 23 16
1630832132.606 54 31 34 25 24 27 18
1630832132.853 54 31 32 24 23 24 17
1630832133.102 54 30 32 25 21 21 16
1630832133.353 52 28 35 25 24 24 17
1630832133.606 54 31 35 24 23 23 18
1630832133.856 51 30 35 25 22 24 16
1630832134.103 53 29 33 25 21 23 17
1630832134.353 54 31 34 24 24 25 17
1630832134.607 53 29 34 25 23 26 15
1630832134.853 52 30 32 24 23 23 16
1630832135.103 53 30 34 24 21 24 17
1630832135.354 53 33 33 24 21 23 16
1630832135.604 53 28 32 23 22 23 18
1630832135.852 53 29 35 24 22 23 19
1630832136.103 53 30 32 25 23 24 16
1630832136.354 55 28 32 24 23 24 18
1630832136.605 52 30 33 24 24 24 18
1630832136.854 56 30 33 25 23 24 17
1630832137.103 53 29 32 27 23 24 16
1630832137.353 53 28 35 24 23 24 18
1630832137.603 56 29 34 26 22 25 17
1630832137.855 53 28 34 23 24 23 16
1630832138.103 52 32 32 23 21 25 18
1630832138.353 54 31 34 25 20 23 19
1630832138.604 52 29 34 24 22 22 18
1630832138.853 54 30 33 26 24 24 18
1630832139.103 54 31 35 26 21 25 18
1630832139.355 52 30 33 27 22 23 18
1630832139.603 53 30 32 24 20 23 18
1630832139.853 54 29 34 22 23 23 18
1630832140.103 55 28 32 23 21 24 18
1630832140.352 52 28 34 25 21 24 16
1630832140.603 54 29 33 25 22 24 15
1630832140.853 53 28 32 23 22 26 19
1630832141.103 51 29 32 25 24 27 15
1630832141.353 51 30 33 26 23 25 18
1630832141.603 54 29 32 24 22 25 18
1630832141.853 52 32 32 23 21 25 17
1630832142.104 53 31 34 24 22 25 21
1630832142.355 52 30 33 25 24 23 18
1630832142.603 55 31 32 26 22 22 18
1630832142.853 54 32 34 24 23 26 18
1630832143.102 52 31 34 25 21 23 21
1630832143.353 55 30 33 23 21 23 16
1630832143.607 53 30 34 23 23 24 18
1630832143.853 57 32 35 23 23 22 15
1630832144.103 50 30 36 25 23 22 16
1630832144.353 52 31 32 24 22 23 16
1630832144.603 53 29 34 24 24 23 18
1630832144.854 56 29 34 25 23 23 18
1630832145.104 53 29 34 25 20 25 16
1630832145.353 52 30 34 22 22 22 16
1630832145.604 53 30 33 27 23 25 15
1630832145.853 52 32 35 23 22 24 18
1630832146.103 54 29 33 24 24 26 18
1630832146.354 54 30 33 25 21 25 19
1630832146.604 56 31 36 27 23 26 17
1630832146.854 52 32 34 24 21 25 18
1630832147.103 56 28 32 25 22 24 17
1630832147.353 53 29 33 26 21 24 16
1630832147.604 56 30 34 24 22 24 16
1630832147.854 53 31 33 26 21 23 17
1630832148.103 55 27 32 24 24 23 18
1630832148.354 51 30 32 24 23 25 17
1630832148.604 52 28 31 23 21 26 19
1630832148.853 51 31 34 25 23 24 16
1630832149.108 51 30 32 25 22 24 15
1630832149.354 52 30 32 24 26 25 16
1630832149.603 51 28 33 25 23 24 17
1630832149.855 55 29 31 25 21 23 15
1630832150.106 53 30 34 24 22 22 18
1630832150.354 52 31 31 26 21 24 17
1630832150.603 54 31 34 24 22 26 16
1630832150.853 52 32 33 25 23 24 19
1630832151.104 53 29 33 26 23 22 18
1630832151.353 53 29 33 25 21 25 16
1630832151.607 53 31 34 25 23 22 17
1630832151.853 53 28 31 25 23 25 16
1630832152.106 53 28 32 24 22 24 17
1630832152.355 55 31 32 24 21 24 17
1630832152.604 51 29 32 26 22 25 16
1630832152.856 53 30 35 26 21 22 16
1630832153.105 53 32 33 26 23 23 16
1630832153.354 53 29 35 23 24 23 16
1630832153.606 53 29 31 25 22 24 18
1630832153.854 54 29 34 24 22 22 16
1630832154.105 54 31 32 25 22 24 18
1630832154.354 53 32 33 25 22 24 17
1630832154.604 55 28 33 24 20 24 17
1630832154.854 55 28 32 24 24 22 18
1630832155.104 53 29 33 25 22 23 19
1630832155.355 56 29 35 22 24 25 16
1630832155.604 54 32 32 24 21 26 15
1630832155.853 54 30 34 26 20 24 17
1630832156.105 51 32 36 26 21 25 18
1630832156.355 54 28 32 25 22 21 19
1630832156.603 51 30 33 24 21 23 17
1630832156.853 55 29 34 24 22 22 16
1630832157.104 54 30 33 27 25 25 18
1630832157.353 53 28 32 24 22 24 17
1630832157.603 54 29 31 26 21 24 16
1630832157.855 52 33 32 23 21 24 17
1630832158.103 54 31 34 26 23 23 17
1630832158.361 54 31 32 24 24 22 17
1630832158.604 51 30 31 25 24 25 17
1630832158.853 55 30 33 24 21 22 17
1630832159.104 51 30 34 24 23 22 17
1630832159.354 52 30 32 25 22 24 15
1630832159.604 53 30 33 26 20 26 15
1630832159.856 56 30 32 23 23 24 16
1630832160.105 53 29 33 25 22 24 18
1630832160.354 54 29 35 27 23 23 17
1630832160.605 52 30 34 23 22 25 17
1630832160.853 52 28 34 26 20 23 17
1630832161.106 52 29 34 26 21 22 18
1630832161.357 57 31 33 26 22 25 17
1630832161.604 51 30 32 25 21 23 20
1630832161.853 53 29 33 24 22 23 16
1630832162.104 54 30 33 27 21 22 16
1630832162.357 54 30 33 27 22 22 17
1630832162.607 54 31 34 25 25 23 19
1630832162.855 54 31 34 24 21 23 21
1630832163.106 53 31 33 24 20 22 18
1630832163.355 53 30 32 27 21 25 18
1630832163.604 54 30 34 26 22 24 17
1630832163.856 54 29 33 24 21 23 18
1630832164.105 53 30 32 24 24 22 18
1630832164.354 54 28 33 23 24 26 17
1630832164.604 54 29 31 25 22 22 19
1630832164.854 53 29 32 24 22 23 16
1630832165.104 54 30 31 27 22 24 16
1630832165.353 53 29 33 23 22 22 16
1630832165.603 54 28 33 25 22 24 16
1630832165.854 53 30 34 26 22 23 18
1630832166.105 51 31 32 23 21 24 19
1630832166.354 54 30 33 24 21 24 19
1630832166.603 52 30 32 25 21 23 19
1630832166.855 54 28 32 24 23 22 16
1630832167.104 53 29 33 25 22 26 19
1630832167.355 53 29 33 25 21 24 17
1630832167.605 54 30 35 25 22 24 17
1630832167.854 53 29 35 23 21 24 17
1630832168.104 52 29 34 24 21 23 16
1630832168.354 53 31 32 23 23 27 18
1630832168.603 55 30 32 24 21 23 19
1630832168.853 53 27 31 23 21 24 19
1630832169.104 52 30 32 23 22 22 18
1630832169.354 53 28 33 24 24 22 17
1630832169.606 53 29 33 23 22 23 19
1630832169.854 54 28 31 27 22 24 20
1630832170.105 55 28 33 23 23 23 18
1630832170.354 55 28 32 25 25 24 18
1630832170.603 54 30 32 24 21 22 17
1630832170.854 52 32 32 24 22 22 18
1630832171.104 54 29 32 26 22 23 17
1630832171.354 52 31 34 22 24 22 16
1630832171.605 52 30 32 24 20 22 17
1630832171.854 52 29 33 23 24 21 20
1630832172.104 52 29 33 26 23 23 17
1630832172.355 52 30 32 22 22 22 19
1630832172.604 53 34 33 23 21 24 17
1630832172.853 52 30 33 24 24 24 18
1630832173.106 53 29 32 25 23 24 17
1630832173.357 53 30 34 25 22 22 16
1630832173.605 53 30 31 24 20 25 17
1630832173.854 54 30 31 23 20 22 19
1630832174.105 55 29 35 26 20 24 18
1630832174.357 52 29 32 26 21 23 19
1630832174.608 53 30 33 25 22 23 18
1630832174.853 54 29 33 24 21 22 18
1630832175.104 51 29 35 25 21 24 19
1630832175.356 52 30 33 23 22 24 18
1630832175.606 52 31 32 25 20 25 19
1630832175.859 51 30 34 24 21 22 17
1630832176.105 52 31 32 23 23 24 19
1630832176.354 53 30 34 24 22 23 19
1630832176.604 53 30 33 24 21 23 20
1630832176.856 52 29 33 22 20 22 19
1630832177.107 55 30 32 26 21 25 20
1630832177.354 53 30 33 24 21 23 19
1630832177.604 53 30 33 25 24 24 19
1630832177.854 52 27 33 26 21 23 18
1630832178.107 54 30 33 26 21 24 20
1630832178.355 53 27 37 24 21 23 18
1630832178.612 51 30 34 22 21 24 17
1630832178.854 53 29 33 23 21 22 18
1630832179.104 56 30 34 24 21 23 18
1630832179.354 51 29 32 23 21 23 18
1630832179.604 53 30 33 26 22 24 17
1630832179.854 55 31 34 25 22 22 17
1630832180.105 54 29 35 23 22 23 17
1630832180.354 52 31 33 23 20 23 19
1630832180.604 55 27 34 26 22 21 18
1630832180.854 50 29 34 23 23 24 18
1630832181.105 53 32 34 25 23 23 17
1630832181.354 53 28 32 23 21 23 19
1630832181.608 52 30 33 23 21 23 18
1630832181.856 55 29 32 25 23 23 18
1630832182.105 51 29 32 23 21 23 16
1630832182.353 53 31 32 24 21 23 19
1630832182.606 52 29 33 25 22 22 17
1630832182.854 53 29 33 25 22 23 17
1630832183.107 52 29 33 24 22 26 20
1630832183.355 53 28 31 23 21 24 16
1630832183.604 53 30 34 23 20 26 17
1630832183.855 50 27 32 25 21 22 19
1630832184.107 54 29 35 25 22 23 19
1630832184.356 51 30 33 25 21 23 20
1630832184.605 52 30 32 24 20 23 16
1630832184.855 55 30 32 24 21 23 18
1630832185.107 55 29 34 25 21 23 19
1630832185.355 54 28 32 25 23 23 17
1630832185.604 54 30 34 24 21 24 18
1630832185.854 52 30 33 25 21 23 17
1630832186.105 53 31 33 25 21 24 19
1630832186.357 53 29 33 24 24 22 18
1630832186.605 54 28 36 26 22 25 18
1630832186.854 53 29 33 25 22 23 18
1630832187.105 54 30 34 26 21 25 20
1630832187.359 53 30 33 23 22 24 18
1630832187.605 53 31 34 26 22 26 18
1630832187.855 53 30 32 24 22 24 19
1630832188.105 52 31 34 25 22 23 16
1630832188.355 55 29 34 25 20 22 17
1630832188.604 51 28 33 24 22 23 17
1630832188.854 52 30 33 26 22 25 19
1630832189.105 54 31 34 25 23 23 17
1630832189.355 54 31 34 23 24 22 17
1630832189.606 52 31 35 25 21 23 18
1630832189.855 54 32 35 25 20 24 17
1630832190.105 52 30 31 24 22 23 17
1630832190.354 54 30 32 26 21 24 17
1630832190.604 53 32 32 25 23 23 20
1630832190.855 56 30 33 24 22 25 18
1630832191.108 52 29 36 26 22 26 17
1630832191.356 51 29 32 24 20 23 18
1630832191.606 53 31 33 24 21 23 18
1630832191.854 53 31 33 24 21 24 18
1630832192.105 53 29 32 24 20 24 17
1630832192.355 52 30 32 24 21 25 18
1630832192.604 53 31 34 25 21 25 19
1630832192.855 52 29 32 25 24 25 18
1630832193.106 52 29 32 25 21 23 17
1630832193.355 53 28 33 23 20 23 18
1630832193.605 55 28 33 24 22 23 17
1630832193.855 54 28 33 24 22 24 16
1630832194.105 52 30 32 24 22 24 17
1630832194.355 53 32 33 25 24 23 18
1630832194.605 52 30 33 24 21 24 17
1630832194.854 54 30 34 22 21 23 17
1630832195.107 53 29 34 25 21 24 17
1630832195.355 55 31 34 25 20 25 16
1630832195.604 55 31 34 27 22 24 17
1630832195.856 52 29 32 23 23 23 19
1630832196.105 53 31 36 23 20 23 17
1630832196.354 54 30 33 24 21 25 19
1630832196.609 52 33 37 23 23 23 17
1630832196.854 54 29 32 27 22 23 19
1630832197.105 52 32 35 23 20 26 17
1630832197.356 51 30 31 26 20 24 17
1630832197.605 53 31 31 25 20 25 20
1630832197.855 50 31 31 24 24 25 18
1630832198.105 53 30 33 25 22 26 17
1630832198.354 52 29 35 25 22 23 18
1630832198.605 52 30 33 24 22 24 18
1630832198.855 53 30 32 26 21 22 16
1630832199.106 51 30 32 27 22 24 20
1630832199.359 51 31 35 26 22 25 15
1630832199.606 55 30 33 26 23 25 17
1630832199.854 52 31 34 28 23 21 17
1630832200.104 54 32 33 25 23 24 15
1630832200.359 52 30 35 25 23 25 18
1630832200.605 56 32 31 24 23 26 17
1630832200.855 52 31 32 24 24 25 18
1630832201.105 51 28 32 23 21 25 16
1630832201.355 53 30 34 26 22 24 17
1630832201.605 55 30 34 26 23 23 16
1630832201.856 54 28 32 24 21 24 17
1630832202.106 54 30 33 24 22 23 18
1630832202.358 54 31 33 24 22 22 18
1630832202.606 54 30 34 24 21 23 17
1630832202.856 53 30 32 25 22 22 15
1630832203.107 52 30 32 23 23 26 17
1630832203.356 53 29 35 25 23 25 17
1630832203.606 53 29 35 23 23 26 18
1630832203.855 54 31 31 25 20 24 16
1630832204.106 52 31 35 23 22 27 16
1630832204.356 53 32 33 25 22 22 16
1630832204.607 53 28 32 24 22 25 17
1630832204.856 53 29 31 24 21 24 17
1630832205.104 53 30 34 23 25 29 19
1630832205.355 54 31 34 25 21 24 15
1630832205.605 54 30 33 26 21 25 16
1630832205.857 53 30 33 26 24 26 17
1630832206.105 51 29 33 25 22 24 18
1630832206.355 54 31 32 23 21 23 16
1630832206.605 52 31 32 27 23 22 15
1630832206.855 52 28 33 24 21 24 16
1630832207.105 52 31 33 26 21 25 18
1630832207.358 53 30 32 26 22 24 15
1630832207.606 55 30 35 27 23 23 17
1630832207.854 54 30 33 25 23 24 19
1630832208.106 55 30 30 24 21 23 17
1630832208.356 51 30 32 23 22 23 18
1630832208.605 51 31 32 24 22 24 18
1630832208.858 53 29 32 24 21 23 17
1630832209.107 53 31 33 25 23 23 17
1630832209.356 55 29 33 26 21 27 16
1630832209.605 53 30 32 24 22 24 17
1630832209.855 53 30 33 26 21 24 17
1630832210.104 53 29 35 23 21 23 16
1630832210.356 52 29 33 25 22 25 18
1630832210.605 53 31 32 24 23 26 16
