1630832269.017 56 40 34 34 25 22 21
1630832269.267 61 44 38 34 24 24 21
1630832269.518 54 40 34 35 25 25 21
1630832269.767 59 43 35 33 24 26 20
1630832270.018 57 42 35 34 24 21 21
1630832270.266 57 41 38 35 25 23 21
1630832270.517 56 41 34 34 24 23 22
1630832270.767 58 40 35 33 24 25 20
1630832271.019 59 40 35 35 23 23 20
1630832271.269 57 41 34 34 23 23 22
1630832271.517 57 40 34 36 23 26 21
1630832271.767 56 39 33 33 24 24 21
1630832272.017 57 40 37 34 23 25 21
1630832272.267 57 40 35 34 24 26 20
1630832272.520 60 40 35 33 21 23 19
1630832272.767 56 42 38 33 24 25 20
1630832273.017 58 42 36 32 25 23 20
1630832273.267 58 42 35 34 23 25 19
1630832273.519 55 40 36 33 23 25 21
1630832273.768 57 42 38 33 24 26 23
1630832274.018 59 40 35 34 23 23 20
1630832274.268 59 43 38 32 26 22 19
1630832274.517 56 39 36 35 23 24 21
1630832274.767 61 42 39 33 26 23 20
1630832275.017 55 42 35 31 23 25 20
1630832275.268 58 39 35 33 22 24 19
1630832275.517 57 40 36 34 25 23 22
1630832275.767 58 43 36 32 23 25 21
1630832276.017 56 42 34 33 24 26 22
1630832276.267 60 41 34 36 24 23 19
1630832276.517 58 39 36 33 24 26 21
1630832276.767 57 42 36 34 24 24 21
1630832277.018 58 41 33 33 25 21 18
1630832277.267 58 40 35 33 24 26 22
1630832277.518 57 41 36 35 22 24 21
1630832277.768 56 42 36 34 23 25 20
1630832278.017 55 41 37 35 25 23 21
1630832278.268 58 39 35 32 23 23 19
1630832278.518 55 40 36 34 22 24 21
1630832278.768 58 41 34 36 26 25 21
1630832279.018 56 42 36 33 22 24 21
1630832279.269 55 41 35 33 22 22 20
1630832279.519 57 41 35 33 25 22 23
1630832279.769 58 41 37 33 23 25 20
1630832280.018 56 41 36 35 25 22 20
1630832280.269 54 43 36 35 24 23 22
1630832280.518 57 40 38 33 23 25 22
1630832280.768 57 43 36 34 22 22 19
1630832281.019 57 43 35 33 23 25 20
1630832281.268 56 39 35 34 25 24 21
1630832281.517 57 43 35 34 26 22 21
1630832281.767 57 41 35 36 24 25 20
1630832282.020 57 41 36 34 22 27 21
1630832282.273 57 41 40 35 23 24 20
1630832282.517 58 40 35 35 24 24 20
1630832282.770 59 39 34 35 25 23 20
1630832283.018 58 40 34 34 27 22 19
1630832283.268 58 42 34 35 25 25 22
1630832283.518 59 40 36 33 22 24 20
1630832283.769 61 42 34 35 23 23 20
1630832284.017 59 40 37 34 24 24 21
1630832284.268 61 41 35 32 22 23 19
1630832284.518 57 40 34 35 23 26 20
1630832284.767 56 42 34 34 22 23 19
1630832285.018 59 40 35 35 24 25 19
1630832285.268 56 40 37 34 25 23 20
1630832285.518 59 39 34 35 23 23 22
1630832285.768 57 39 36 33 24 23 19
1630832286.017 58 39 36 32 24 24 20
1630832286.267 60 39 37 33 23 23 19
1630832286.520 59 41 34 35 23 23 19
1630832286.768 56 41 35 34 24 23 21
1630832287.018 58 41 38 35 24 23 21
1630832287.267 56 39 35 35 23 24 22
1630832287.517 56 41 38 35 23 24 21
1630832287.769 57 43 35 34 23 25 21
1630832288.018 58 41 34 35 24 24 23
1630832288.268 57 39 37 37 24 22 20
1630832288.518 55 43 35 34 23 23 19
1630832288.768 59 41 35 34 24 23 19
1630832289.018 57 42 35 34 24 25 21
1630832289.267 58 41 35 35 24 23 21
1630832289.518 58 39 36 34 24 23 21
1630832289.770 56 40 36 36 23 23 20
1630832290.019 55 43 34 35 26 23 23
1630832290.267 58 41 35 33 23 22 20
1630832290.518 57 41 35 35 25 23 18
1630832290.768 58 40 34 32 23 23 20
1630832291.018 59 42 33 33 25 22 20
1630832291.268 58 39 34 35 22 22 21
1630832291.519 56 40 35 35 24 23 20
1630832291.767 55 40 35 33 23 23 22
1630832292.017 57 42 36 32 27 24 19
1630832292.270 57 43 36 34 24 24 20
1630832292.518 57 41 36 34 26 24 20
1630832292.767 60 41 35 34 24 25 19
1630832293.017 59 41 35 34 24 23 20
1630832293.270 62 40 37 34 25 24 22
1630832293.519 55 40 38 34 22 23 19
1630832293.769 60 41 34 34 23 23 20
1630832294.021 55 40 36 30 23 23 20
1630832294.268 58 41 36 34 27 25 20
1630832294.518 55 41 36 33 24 24 20
1630832294.768 58 41 36 33 24 22 20
1630832295.018 56 40 37 33 25 21 21
1630832295.268 57 39 37 34 23 25 20
1630832295.520 59 40 35 37 24 24 22
1630832295.770 57 40 40 35 24 23 21
1630832296.018 58 43 35 36 23 22 21
1630832296.268 56 40 35 34 22 22 21
1630832296.518 59 39 36 35 23 24 20
1630832296.771 58 42 38 33 26 22 21
1630832297.019 57 41 36 32 23 24 21
1630832297.267 58 41 36 33 23 22 22
1630832297.518 59 41 35 34 24 23 20
1630832297.771 58 39 36 32 23 27 20
1630832298.018 58 43 35 33 22 24 20
1630832298.268 59 41 35 36 24 27 20
1630832298.517 57 40 35 33 24 23 24
1630832298.767 57 39 36 34 22 25 20
1630832299.021 56 41 37 32 27 23 23
1630832299.268 53 41 35 31 23 25 24
1630832299.518 58 40 37 35 23 25 21
1630832299.769 56 42 36 35 25 26 21
1630832300.018 57 44 35 33 23 23 20
1630832300.268 59 40 36 35 22 22 21
1630832300.518 56 41 36 33 24 25 20
1630832300.768 61 40 36 35 25 27 21
1630832301.019 55 42 36 35 23 25 21
1630832301.269 57 38 34 34 26 25 20
1630832301.522 55 41 38 33 23 23 22
1630832301.774 58 43 34 36 26 26 22
1630832302.020 60 43 36 34 28 25 22
1630832302.268 57 40 36 36 23 26 20
1630832302.520 57 40 35 35 23 26 19
1630832302.767 59 41 35 35 24 27 20
1630832303.018 61 39 36 32 24 25 21
1630832303.268 56 43 36 33 25 25 20
1630832303.519 57 41 35 35 24 25 22
1630832303.771 53 42 36 34 25 24 20
1630832304.020 57 44 36 35 23 22 21
1630832304.268 58 40 39 32 24 26 18
1630832304.518 55 41 37 36 24 22 21
1630832304.768 58 42 35 34 24 25 21
1630832305.021 59 43 37 35 22 24 21
1630832305.271 58 40 36 36 22 24 20
1630832305.518 56 39 36 33 23 23 20
1630832305.768 58 41 36 33 24 22 19
1630832306.018 57 42 38 35 24 24 21
1630832306.268 56 41 37 34 25 23 21
1630832306.517 56 41 37 34 24 24 20
1630832306.767 58 40 36 33 24 24 20
1630832307.018 54 41 36 35 25 25 22
1630832307.269 57 41 36 35 24 22 21
1630832307.519 58 38 37 33 26 23 21
1630832307.767 57 41 35 33 23 23 20
1630832308.023 56 40 35 37 24 23 18
1630832308.271 56 41 36 36 24 25 20
1630832308.521 60 40 38 34 24 22 20
1630832308.769 58 43 35 34 26 22 22
1630832309.019 58 41 36 34 24 24 22
1630832309.268 59 42 36 34 26 23 20
1630832309.519 57 43 35 35 24 24 21
1630832309.772 56 38 36 34 27 26 20
1630832310.021 63 41 36 34 22 22 21
1630832310.269 59 41 38 32 26 23 20
1630832310.518 57 40 35 34 24 21 21
1630832310.769 57 42 34 35 23 27 19
1630832311.018 60 40 35 36 26 26 20
1630832311.268 57 41 37 34 25 25 22
1630832311.523 58 41 35 35 23 23 20
1630832311.767 57 42 34 35 27 25 23
1630832312.018 56 42 34 34 24 24 22
1630832312.269 55 39 35 33 24 24 21
1630832312.518 56 40 36 37 25 24 20
1630832312.769 57 40 36 34 26 24 20
1630832313.019 57 40 37 33 23 25 21
1630832313.268 58 43 38 33 24 23 20
1630832313.520 58 40 35 33 27 23 21
1630832313.770 58 40 36 36 23 26 20
1630832314.020 54 40 35 35 25 24 19
1630832314.269 55 39 35 33 24 24 21
1630832314.518 56 40 37 32 25 24 22
1630832314.770 57 40 36 33 23 25 20
1630832315.021 55 42 36 34 24 23 21
1630832315.270 56 41 38 33 24 25 20
1630832315.518 58 39 34 34 23 23 19
1630832315.768 57 41 37 33 23 25 21
1630832316.018 55 39 36 34 25 23 20
1630832316.269 55 41 36 31 24 25 21
1630832316.519 60 40 36 34 25 25 20
1630832316.768 57 43 36 35 23 24 19
1630832317.019 57 40 38 35 23 26 20
1630832317.268 60 43 38 31 24 23 21
1630832317.519 56 43 36 35 24 23 21
1630832317.769 58 42 37 35 24 23 21
1630832318.019 57 42 35 35 23 24 20
1630832318.269 57 39 37 33 24 25 22
1630832318.519 56 40 36 33 26 26 21
1630832318.769 57 41 35 33 28 24 21
1630832319.019 59 40 36 34 23 23 19
1630832319.268 56 41 35 34 24 25 21
1630832319.521 60 43 36 32 26 26 20
1630832319.770 58 40 37 34 24 26 21
1630832320.020 57 42 35 33 23 27 20
1630832320.270 58 41 35 33 25 23 20
1630832320.520 58 39 37 35 23 23 21
1630832320.769 59 43 39 35 26 23 21
1630832321.018 58 42 37 34 24 25 22
1630832321.269 58 40 35 34 26 25 21
1630832321.519 58 41 35 35 25 24 20
1630832321.769 57 39 36 32 24 25 20
1630832322.020 57 42 36 35 22 26 19
1630832322.268 55 39 36 33 25 27 22
1630832322.519 57 40 36 32 24 24 20
1630832322.770 56 42 35 35 24 24 21
1630832323.019 57 42 35 34 24 24 21
1630832323.269 57 40 38 32 24 23 21
1630832323.518 58 44 35 32 23 24 19
1630832323.769 55 41 37 35 25 25 20
1630832324.021 58 40 35 33 24 23 20
1630832324.268 56 42 37 33 25 24 23
1630832324.521 59 40 35 32 23 25 22
1630832324.769 58 41 40 32 24 25 20
1630832325.018 54 41 33 33 24 23 22
1630832325.269 56 41 37 34 25 24 21
1630832325.519 54 40 34 35 24 26 22
1630832325.769 59 41 36 33 24 26 20
1630832326.019 57 40 36 33 23 25 21
1630832326.270 59 40 36 33 23 22 22
1630832326.519 55 41 36 33 23 24 21
1630832326.769 57 42 36 36 23 24 22
1630832327.020 57 39 38 35 24 23 20
1630832327.275 57 41 36 33 25 23 19
1630832327.523 59 40 37 33 26 25 19
1630832327.771 60 42 38 34 22 24 21
1630832328.022 55 41 35 38 23 23 19
1630832328.269 58 41 37 35 23 27 20
1630832328.519 56 41 36 35 24 25 21
1630832328.772 56 38 38 33 23 27 21
1630832329.022 56 40 36 33 25 24 21
1630832329.268 58 43 36 33 24 24 21
1630832329.519 57 40 37 31 25 24 21
1630832329.770 57 38 38 36 25 25 21
1630832330.019 59 39 35 35 24 24 21
1630832330.269 60 39 37 34 24 25 21
1630832330.522 56 39 36 35 25 24 21
1630832330.771 55 42 35 33 26 25 22
1630832331.020 56 39 36 33 22 26 21
1630832331.268 56 39 36 34 23 25 21
1630832331.519 56 41 36 34 24 24 21
1630832331.770 56 40 37 34 24 25 19
1630832332.023 56 41 36 34 24 26 19
1630832332.269 57 43 36 34 24 24 18
1630832332.519 55 39 36 35 25 24 21
1630832332.769 56 40 38 31 25 24 20
1630832333.021 62 43 35 34 22 24 19
1630832333.268 57 39 36 33 25 23 22
1630832333.519 57 41 35 33 22 23 23
1630832333.770 61 40 35 31 25 23 21
1630832334.022 57 42 36 33 25 24 21
1630832334.271 59 42 36 33 25 24 20
1630832334.520 56 40 36 33 23 25 21
1630832334.769 57 39 37 34 27 25 21
1630832335.021 57 40 36 33 23 24 20
1630832335.269 55 39 36 34 25 26 21
1630832335.519 55 40 37 32 27 22 20
1630832335.774 57 41 36 35 23 24 21
1630832336.023 55 39 36 33 24 26 21
1630832336.270 62 38 34 36 25 25 21
1630832336.520 57 43 36 34 23 22 22
1630832336.769 57 40 37 36 25 25 21
1630832337.019 61 41 35 35 24 23 23
1630832337.270 57 42 36 34 24 24 20
1630832337.519 58 39 31 34 25 24 20
1630832337.771 58 42 35 33 23 25 21
1630832338.019 55 41 37 34 23 24 21
1630832338.269 55 41 37 33 23 25 21
1630832338.519 57 42 35 36 25 25 21
1630832338.769 58 40 36 32 25 26 20
1630832339.018 58 43 36 32 22 23 19
1630832339.269 55 42 37 33 24 24 20
1630832339.519 60 41 35 33 22 26 19
1630832339.769 56 41 36 33 24 27 20
1630832340.020 56 43 36 33 24 23 20
1630832340.270 57 42 37 33 25 23 20
1630832340.519 58 44 35 32 24 23 21
1630832340.769 58 39 36 33 23 23 21
1630832341.020 56 38 36 35 25 25 22
1630832341.272 55 40 37 36 24 22 20
1630832341.520 58 40 36 34 23 24 20
1630832341.770 58 40 35 32 24 25 20
1630832342.019 59 40 37 32 25 24 21
1630832342.270 57 41 37 34 26 24 21
1630832342.521 58 39 35 33 22 24 19
1630832342.772 56 40 37 34 23 26 20
1630832343.020 58 39 36 34 21 26 21
1630832343.268 58 41 37 33 24 25 22
1630832343.519 58 43 36 35 21 23 18
1630832343.768 57 40 36 33 25 26 21
1630832344.019 55 38 36 33 24 22 21
1630832344.269 57 42 36 36 25 24 22
1630832344.519 57 42 37 33 24 24 20
1630832344.769 59 43 36 33 24 23 21
1630832345.020 58 41 37 32 23 25 21
1630832345.269 59 41 35 32 25 24 21
1630832345.522 58 43 37 34 24 26 19
1630832345.770 58 40 34 35 24 22 19
1630832346.021 57 41 38 33 25 23 21
1630832346.272 55 42 36 35 22 24 20
1630832346.520 58 41 36 34 24 25 19
1630832346.770 58 42 36 33 23 23 23
1630832347.020 56 40 35 35 24 24 21
1630832347.270 56 41 36 35 22 23 21
1630832347.520 57 45 36 33 23 23 22
1630832347.770 60 40 37 34 24 23 19
1630832348.019 55 40 36 33 24 23 20
1630832348.269 56 42 35 35 25 23 22
1630832348.519 60 42 39 34 26 23 21
1630832348.770 56 40 35 32 24 23 20
1630832349.020 57 39 37 33 26 23 20
1630832349.269 57 41 37 34 23 24 19
1630832349.520 60 42 37 33 26 24 20
1630832349.769 61 41 35 32 24 25 20
1630832350.019 57 42 36 32 22 24 22
1630832350.269 57 41 36 34 25 23 20
1630832350.519 58 41 36 35 26 26 23
1630832350.769 55 44 35 32 27 25 22
1630832351.020 56 41 35 34 23 23 23
1630832351.270 57 43 38 32 23 25 22
1630832351.519 55 41 36 33 24 24 21
1630832351.769 58 39 36 34 25 23 23
1630832352.019 56 40 36 34 24 24 19
1630832352.269 57 41 37 33 25 23 21
1630832352.520 63 39 35 35 23 24 20
1630832352.769 56 43 37 35 24 25 20
1630832353.019 57 39 36 38 23 25 21
1630832353.273 60 41 36 34 25 26 22
1630832353.524 56 41 35 34 22 25 20
1630832353.769 56 41 36 34 25 23 20
1630832354.020 56 42 35 34 23 23 20
1630832354.270 60 40 34 32 24 25 20
1630832354.520 56 41 38 33 22 23 22
1630832354.769 58 40 35 33 24 22 23
1630832355.021 56 40 35 34 24 26 19
1630832355.274 55 43 37 33 24 24 21
1630832355.524 57 42 36 33 25 24 21
1630832355.769 59 41 34 32 27 25 21
1630832356.020 56 44 34 33 23 25 21
1630832356.270 56 39 37 33 23 25 20
1630832356.523 58 42 35 33 23 23 19
1630832356.770 58 44 37 34 23 24 19
1630832357.022 56 39 36 33 23 22 22
1630832357.271 62 41 35 34 22 25 20
1630832357.520 55 41 36 36 22 23 20
1630832357.770 59 41 36 34 26 22 19
1630832358.022 57 41 36 33 24 24 21
1630832358.271 57 42 35 35 22 22 21
1630832358.520 57 41 36 32 22 25 20
1630832358.770 57 40 36 35 24 24 21
1630832359.020 56 40 35 33 25 22 19
1630832359.270 58 42 36 38 24 25 20
1630832359.519 56 44 37 34 24 24 21
1630832359.770 58 40 37 33 23 24 21
1630832360.020 54 40 38 34 24 24 19
1630832360.270 58 41 36 36 22 23 22
1630832360.523 55 43 35 34 23 22 19
1630832360.770 56 41 36 34 25 24 20
1630832361.021 56 39 38 33 22 24 18
1630832361.270 55 41 36 34 23 24 21
1630832361.520 58 41 35 36 23 23 20
1630832361.772 59 42 36 33 25 23 22
1630832362.020 58 40 35 33 24 25 21
1630832362.270 55 42 35 35 24 22 19
1630832362.522 58 43 34 34 25 23 21
1630832362.773 59 39 35 35 24 22 20
1630832363.020 56 39 36 35 26 23 22
1630832363.269 58 40 35 35 22 23 23
1630832363.521 59 39 35 34 24 23 21
1630832363.770 57 40 37 34 23 25 21
1630832364.020 59 41 34 33 24 22 20
1630832364.270 57 42 35 33 24 26 22
1630832364.519 55 40 35 34 24 23 20
1630832364.770 60 40 36 34 25 23 21
1630832365.020 56 40 37 34 24 24 20
1630832365.270 58 41 35 34 25 23 20
1630832365.519 58 42 34 34 24 24 21
1630832365.770 59 40 37 34 24 22 21
1630832366.020 55 39 37 33 23 25 20
1630832366.270 58 41 35 34 22 26 20
1630832366.520 56 41 36 33 24 22 21
1630832366.772 57 41 35 34 24 26 23
1630832367.020 57 40 35 34 24 22 20
1630832367.271 62 41 36 34 22 24 20
1630832367.522 56 41 36 33 23 23 21
1630832367.773 56 42 35 34 26 23 20
1630832368.020 58 42 36 37 23 23 20
1630832368.270 55 40 37 35 24 23 22
1630832368.520 58 40 35 31 26 24 20
1630832368.770 55 42 34 34 25 24 19
1630832369.020 56 40 36 33 26 26 20
1630832369.272 57 40 36 33 25 24 21
1630832369.521 57 41 37 34 24 25 21
1630832369.770 55 41 37 34 26 25 21
1630832370.020 58 41 37 35 26 24 21
1630832370.269 57 40 36 34 24 25 20
1630832370.520 59 43 35 32 23 22 20
1630832370.774 56 41 35 34 24 25 22
1630832371.021 58 39 34 33 25 23 21
1630832371.270 56 40 34 34 26 23 20
1630832371.520 58 40 35 33 26 25 21
1630832371.770 56 40 37 34 26 24 22
1630832372.020 58 41 35 33 25 25 19
1630832372.271 60 42 34 35 26 26 19
1630832372.520 60 43 37 33 24 23 22
1630832372.770 59 39 37 33 28 23 22
1630832373.020 58 44 36 34 26 23 24
1630832373.270 56 43 35 33 25 23 21
1630832373.521 56 41 34 33 24 23 21
1630832373.771 55 42 35 32 25 23 19
1630832374.019 59 40 35 32 24 23 22
1630832374.271 57 42 36 33 25 26 22
1630832374.521 57 42 35 34 25 22 23
1630832374.770 55 40 38 35 25 24 23
1630832375.020 57 40 35 35 24 24 20
1630832375.270 58 40 34 32 23 24 21
1630832375.520 60 40 34 34 22 23 20
1630832375.770 60 40 35 36 26 24 20
1630832376.021 59 42 36 34 24 22 20
1630832376.270 56 42 37 34 26 24 25
1630832376.521 57 41 36 36 24 24 18
1630832376.770 61 41 35 32 23 23 19
1630832377.020 56 42 35 34 26 22 20
1630832377.270 57 40 36 34 25 24 22
1630832377.520 57 41 35 33 25 22 21
1630832377.770 57 42 36 37 25 24 20
1630832378.019 54 41 37 34 26 23 21
1630832378.271 58 42 37 33 23 24 21
1630832378.524 57 40 38 34 23 29 18
1630832378.771 61 39 36 31 24 22 21
1630832379.021 60 41 37 32 21 22 23
1630832379.271 57 40 36 36 25 26 22
1630832379.520 57 41 38 35 25 22 21
1630832379.772 58 41 35 34 25 24 21
1630832380.021 55 41 36 33 25 21 19
1630832380.273 57 39 35 35 26 25 20
1630832380.521 55 41 35 34 25 24 22
1630832380.771 56 40 35 32 24 23 19
1630832381.021 58 40 37 34 26 22 21
1630832381.271 58 40 37 34 24 24 20
1630832381.520 57 39 36 33 23 24 21
1630832381.771 54 40 34 33 26 22 20
1630832382.020 55 42 35 32 25 25 20
1630832382.271 56 41 35 34 25 25 20
1630832382.522 58 43 36 36 23 26 19
1630832382.771 57 42 37 35 23 24 19
1630832383.021 55 42 35 34 24 23 21
1630832383.271 58 39 37 33 25 23 22
1630832383.520 58 42 39 33 24 23 20
1630832383.772 61 40 36 34 25 24 21
1630832384.021 57 42 37 34 23 25 22
1630832384.273 58 39 35 34 24 23 20
1630832384.520 59 40 36 32 25 23 20
1630832384.771 57 41 34 34 26 23 18
1630832385.021 58 42 35 34 24 22 19
1630832385.271 56 39 38 33 23 24 21
1630832385.523 54 41 37 32 24 24 21
1630832385.771 59 40 35 34 23 25 20
1630832386.025 57 40 37 35 24 23 20
1630832386.270 58 42 37 33 23 23 21
1630832386.520 58 40 36 33 25 24 22
1630832386.772 59 40 36 35 24 22 20
1630832387.023 61 42 38 33 25 24 21
1630832387.271 57 42 36 34 24 23 21
1630832387.520 58 40 36 34 23 26 20
1630832387.770 59 40 35 35 23 24 19
1630832388.021 63 43 35 33 23 25 20
1630832388.271 58 42 37 33 23 24 23
1630832388.523 60 41 33 36 23 22 20
1630832388.772 57 39 37 35 26 23 21
1630832389.020 56 40 37 34 25 24 21
1630832389.271 55 41 35 34 24 23 21
1630832389.521 58 40 39 31 26 26 21
1630832389.771 55 44 35 32 25 24 23
1630832390.021 61 40 36 35 22 24 21
1630832390.271 58 39 36 32 24 22 19
1630832390.521 56 39 39 33 23 23 20
1630832390.771 56 40 36 33 26 24 21
1630832391.021 56 39 36 34 23 23 22
1630832391.271 56 41 36 35 25 24 21
1630832391.521 58 42 36 33 24 23 22
1630832391.771 57 40 36 33 25 25 20
1630832392.022 57 43 36 32 24 24 19
1630832392.275 57 42 36 33 22 26 21
1630832392.522 56 40 39 37 24 24 20
1630832392.772 60 41 35 33 24 22 21
1630832393.020 54 41 38 33 26 23 22
1630832393.271 57 38 36 33 24 23 21
1630832393.521 58 43 35 34 25 24 22
1630832393.771 58 40 37 35 24 23 20
1630832394.020 60 39 35 33 26 23 21
1630832394.271 57 41 35 35 25 23 21
1630832394.524 57 41 36 34 26 22 20
1630832394.773 56 41 37 32 23 24 23
1630832395.021 57 40 36 32 24 23 20
1630832395.271 61 43 37 32 24 22 19
1630832395.520 56 41 35 33 26 24 18
1630832395.770 56 43 36 34 24 25 20
1630832396.025 57 43 35 34 24 24 19
1630832396.272 59 42 36 35 24 25 22
1630832396.521 58 43 35 37 25 25 20
1630832396.770 58 40 35 36 24 23 19
1630832397.020 57 42 37 32 25 25 21
1630832397.270 58 41 35 33 23 24 20
1630832397.520 56 39 37 34 27 21 20
1630832397.771 57 39 36 32 26 24 21
1630832398.021 59 41 36 35 27 23 22
1630832398.271 56 38 36 34 24 24 19
1630832398.521 57 40 36 33 25 23 22
1630832398.770 59 41 37 33 26 22 20
1630832399.023 55 41 36 32 24 23 23
1630832399.271 59 41 36 34 25 23 21
1630832399.521 56 45 37 33 24 23 21
1630832399.771 59 41 37 35 23 25 21
1630832400.020 57 42 38 33 23 24 20
1630832400.270 58 40 36 33 23 24 21
1630832400.520 56 41 35 32 24 22 21
1630832400.770 55 40 36 33 23 23 22
1630832401.020 60 41 35 33 26 25 21
1630832401.271 53 42 34 31 24 24 21
1630832401.520 57 41 37 35 25 22 19
1630832401.771 55 43 35 35 24 22 20
1630832402.021 56 40 35 34 23 26 22
1630832402.271 58 41 34 33 22 25 20
1630832402.521 58 42 35 35 22 23 21
1630832402.772 59 40 36 33 24 24 21
1630832403.020 59 41 37 32 23 23 22
1630832403.271 56 38 36 35 24 25 21
1630832403.521 54 43 35 34 25 22 19
1630832403.771 58 40 36 34 24 22 22
1630832404.023 56 40 36 33 23 24 19
1630832404.271 55 43 36 35 25 25 22
1630832404.521 58 41 35 36 26 23 20
1630832404.771 57 39 35 34 27 22 21
1630832405.021 59 39 37 34 25 22 22
1630832405.272 59 41 37 33 24 25 19
1630832405.521 60 42 35 33 25 26 21
1630832405.771 57 40 34 34 25 24 21
1630832406.021 57 40 36 34 24 25 20
1630832406.273 57 42 35 34 22 22 22
1630832406.523 57 38 35 32 23 22 20
1630832406.774 55 40 35 34 25 26 20
1630832407.021 57 41 34 32 23 24 20
1630832407.271 56 39 33 34 23 24 19
1630832407.521 57 40 36 30 24 23 21
1630832407.772 57 40 36 34 23 24 19
1630832408.026 59 41 36 34 26 24 20
1630832408.272 57 40 35 33 23 24 20
1630832408.522 57 42 34 36 24 23 20
1630832408.772 58 41 36 33 22 22 20
1630832409.022 58 40 36 33 24 24 21
1630832409.271 57 42 36 35 23 22 21
1630832409.521 59 40 36 33 24 24 20
1630832409.772 57 41 35 33 24 24 21
1630832410.022 58 42 37 33 24 22 20
1630832410.274 57 41 38 33 26 23 21
1630832410.521 59 39 36 34 25 23 19
1630832410.773 59 41 36 33 23 22 18
1630832411.024 58 42 34 35 25 23 20
1630832411.273 59 41 36 34 25 23 20
1630832411.523 56 40 35 35 24 24 23
1630832411.771 56 41 35 35 25 23 21
1630832412.022 58 40 36 33 24 23 21
1630832412.271 60 39 36 34 24 24 19
1630832412.521 58 40 36 34 23 22 21
1630832412.771 59 41 38 36 24 24 19
1630832413.023 59 40 35 34 23 25 19
1630832413.271 57 42 35 36 24 25 19
1630832413.524 60 40 35 34 24 23 21
1630832413.772 57 42 35 34 26 23 20
1630832414.021 60 39 36 34 21 26 22
1630832414.272 57 38 38 34 23 23 20
1630832414.524 57 41 35 33 24 24 21
1630832414.773 56 39 37 35 23 24 20
1630832415.022 58 40 34 32 26 22 22
1630832415.271 58 40 37 32 23 22 20
1630832415.522 55 41 35 34 26 25 19
1630832415.771 61 40 34 33 23 25 21
1630832416.021 56 40 37 34 22 23 21
1630832416.271 56 41 36 33 23 26 22
1630832416.522 56 40 36 34 24 22 22
1630832416.773 58 41 36 34 23 23 20
1630832417.021 59 42 37 32 24 25 20
1630832417.272 59 40 35 35 23 24 19
1630832417.522 56 40 35 33 22 24 20
1630832417.772 54 43 37 32 22 24 20
1630832418.021 58 42 36 33 23 25 20
1630832418.271 61 39 38 35 23 23 21
1630832418.521 58 39 37 34 24 23 20
1630832418.771 60 41 37 34 23 25 21
1630832419.022 55 40 36 33 23 25 23
1630832419.271 57 41 36 35 24 24 24
1630832419.521 55 40 35 32 23 24 18
1630832419.771 61 40 36 34 24 24 22
1630832420.023 57 41 36 34 23 23 20
1630832420.272 58 39 35 32 23 26 20
1630832420.522 60 44 35 34 23 24 22
1630832420.771 60 42 36 34 24 24 20
1630832421.021 57 39 36 33 24 23 21
1630832421.274 58 41 36 31 23 25 20
1630832421.524 57 40 36 34 25 22 20
1630832421.772 59 40 36 34 23 22 22
1630832422.021 60 42 35 32 25 25 21
1630832422.272 56 41 37 33 22 24 19
1630832422.522 57 41 35 34 24 25 19
1630832422.771 54 41 37 34 25 24 20
1630832423.024 59 41 36 35 25 23 19
1630832423.274 58 43 37 34 25 24 22
1630832423.523 62 39 35 32 27 23 21
1630832423.772 55 42 36 35 23 24 19
1630832424.022 57 40 36 34 25 26 20
1630832424.272 58 40 39 34 24 23 21
1630832424.521 58 41 35 33 26 23 19
1630832424.772 58 41 36 34 23 24 22
1630832425.022 56 41 35 35 24 25 21
1630832425.271 60 41 35 35 24 23 21
1630832425.521 56 39 37 34 22 23 20
1630832425.771 57 39 37 34 22 23 23
1630832426.024 57 41 37 33 24 23 21
1630832426.272 60 41 37 34 23 23 20
1630832426.524 57 40 37 33 25 25 20
1630832426.771 58 40 37 32 24 23 22
1630832427.022 59 40 34 34 24 25 20
1630832427.272 56 44 35 34 25 24 18
1630832427.521 55 42 36 33 25 22 19
1630832427.777 58 42 37 32 23 25 23
1630832428.023 57 40 35 36 24 25 21
1630832428.271 55 42 37 33 26 25 20
1630832428.521 57 41 36 33 23 23 23
1630832428.772 58 40 36 33 25 23 21
1630832429.022 58 38 36 34 24 23 21
1630832429.280 58 41 35 34 23 25 22
1630832429.524 55 39 38 32 22 25 18
1630832429.773 56 39 35 34 25 24 21
1630832430.024 59 41 34 35 24 23 21
1630832430.272 56 40 37 33 24 25 21
1630832430.522 57 40 36 33 25 23 20
1630832430.778 58 40 36 34 25 23 19
1630832431.022 57 40 36 34 26 25 21
1630832431.272 59 40 38 35 24 25 19
1630832431.521 55 41 36 34 25 26 21
1630832431.772 58 41 35 32 24 23 21
1630832432.023 59 42 35 34 26 23 21
1630832432.272 58 44 34 32 24 23 22
1630832432.522 58 40 37 34 23 25 20
1630832432.772 57 42 33 32 24 24 19
1630832433.022 59 38 35 33 24 23 19
1630832433.272 61 40 36 34 24 24 20
1630832433.522 59 41 37 34 23 26 21
1630832433.775 57 42 35 34 23 24 23
1630832434.026 59 40 35 36 24 24 21
1630832434.272 57 39 36 32 26 25 20
1630832434.524 56 41 36 33 25 22 20
1630832434.773 55 39 34 34 23 23 20
1630832435.023 56 42 36 33 24 24 20
1630832435.271 60 40 36 33 25 24 22
1630832435.522 55 42 38 33 26 22 20
1630832435.773 57 42 36 33 24 24 21
1630832436.026 57 41 36 33 23 24 20
1630832436.273 58 41 35 33 24 23 21
1630832436.522 58 40 37 33 24 25 20
1630832436.772 55 40 35 35 24 24 20
1630832437.022 53 40 37 34 23 24 19
1630832437.272 58 40 36 32 28 23 23
1630832437.522 56 39 38 34 25 24 21
1630832437.773 58 39 36 32 23 22 21
1630832438.021 59 45 36 34 25 24 21
1630832438.272 56 40 34 32 25 23 20
1630832438.522 57 41 37 33 24 24 20
1630832438.772 57 40 35 31 25 24 21
1630832439.021 57 38 38 33 22 23 21
1630832439.272 58 40 37 33 23 22 19
1630832439.524 59 40 34 33 22 21 18
1630832439.781 56 38 35 35 23 23 22
1630832440.022 57 40 37 36 23 22 21
1630832440.272 57 40 36 34 23 24 20
1630832440.522 57 41 37 33 23 25 20
1630832440.775 57 40 36 35 24 25 18
1630832441.024 60 41 37 33 24 24 20
1630832441.275 57 40 36 34 23 24 21
1630832441.526 59 40 34 32 26 24 19
1630832441.772 56 40 35 34 23 24 20
1630832442.023 57 42 35 33 24 23 22
1630832442.275 58 40 36 34 23 24 21
1630832442.523 55 39 36 34 26 24 20
1630832442.772 58 40 34 33 24 23 20
1630832443.022 56 43 37 36 22 24 21
1630832443.275 56 42 37 34 25 23 20
1630832443.522 60 41 36 33 23 24 21
1630832443.771 58 40 36 32 26 25 20
1630832444.023 57 40 38 33 22 23 19
1630832444.273 58 40 37 33 24 25 20
1630832444.523 55 39 35 35 24 25 20
1630832444.774 59 41 34 33 25 24 20
1630832445.025 57 39 36 34 26 23 20
1630832445.273 57 40 35 32 23 22 22
1630832445.522 56 41 34 34 25 24 21
1630832445.772 57 41 37 34 25 25 22
1630832446.022 56 40 34 34 24 23 23
1630832446.272 58 43 34 32 24 24 22
1630832446.527 58 39 36 33 25 24 20
1630832446.774 58 41 34 32 22 24 20
1630832447.022 58 40 36 34 24 23 20
1630832447.272 54 41 36 34 25 26 20
1630832447.522 57 40 39 34 25 23 20
1630832447.772 57 40 37 36 25 24 20
1630832448.022 57 41 36 34 26 24 20
1630832448.272 56 39 34 33 23 24 19
1630832448.522 58 40 39 35 24 24 21
1630832448.773 58 40 34 31 26 24 22
1630832449.023 59 40 36 34 23 23 21
1630832449.272 55 38 35 33 25 22 23
1630832449.522 57 43 37 33 23 25 20
1630832449.775 59 40 37 33 23 24 20
1630832450.025 61 43 35 33 27 22 21
1630832450.272 58 43 35 33 24 25 19
1630832450.525 56 38 34 34 24 25 22
1630832450.772 58 40 36 35 25 23 20
1630832451.023 56 40 37 33 26 24 20
1630832451.274 58 40 37 32 24 26 23
1630832451.522 57 41 33 34 23 24 22
1630832451.773 59 42 35 34 25 23 19
1630832452.023 56 41 37 34 26 25 21
1630832452.272 59 41 36 33 26 23 19
1630832452.523 58 40 36 34 26 24 21
1630832452.772 55 39 35 33 22 24 20
1630832453.023 56 43 36 32 26 25 20
1630832453.272 57 40 35 32 27 23 21
1630832453.522 59 40 36 35 25 24 19
1630832453.773 58 40 37 35 25 24 21
1630832454.022 55 41 34 32 26 24 19
1630832454.272 58 42 36 33 26 24 22
1630832454.523 57 40 36 31 25 24 18
1630832454.773 57 42 36 33 24 23 20
1630832455.024 52 42 36 34 24 25 20
1630832455.273 55 39 35 33 23 25 21
1630832455.522 58 42 38 33 25 22 20
1630832455.772 57 40 36 36 25 22 19
1630832456.023 57 42 36 34 26 24 21
1630832456.274 54 39 33 32 24 26 21
1630832456.523 58 40 36 32 24 25 21
1630832456.773 58 38 36 31 25 23 22
1630832457.024 61 39 36 33 24 25 21
1630832457.272 60 40 38 33 23 27 21
1630832457.522 59 39 36 32 24 24 20
1630832457.772 58 42 35 32 23 24 22
1630832458.023 60 41 35 35 25 25 20
1630832458.273 55 42 37 33 21 22 21
1630832458.522 59 40 35 33 25 23 20
1630832458.774 59 40 36 32 26 24 20
1630832459.023 53 41 35 35 25 23 20
1630832459.273 57 42 35 34 26 23 22
1630832459.523 57 41 37 32 24 24 22
1630832459.773 60 39 37 34 24 22 20
1630832460.025 60 42 35 34 24 26 20
1630832460.272 60 43 38 33 27 22 21
1630832460.522 56 39 37 31 23 27 21
1630832460.772 59 42 35 33 24 24 19
1630832461.023 57 41 37 34 22 24 21
1630832461.276 59 40 37 34 26 24 20
1630832461.526 56 43 34 35 25 25 20
1630832461.773 55 41 37 35 26 25 20
1630832462.023 57 41 36 35 25 24 18
1630832462.273 59 39 35 34 26 25 20
1630832462.523 56 40 36 33 26 24 21
1630832462.775 54 39 35 34 23 23 20
1630832463.024 60 41 36 32 23 25 19
1630832463.273 59 39 36 33 25 23 19
1630832463.525 58 41 34 37 25 23 18
1630832463.776 58 39 35 32 24 24 22
1630832464.027 57 43 36 34 23 25 23
1630832464.273 55 41 35 38 23 25 21
1630832464.523 56 40 36 33 25 24 24
1630832464.773 56 43 36 35 26 22 22
1630832465.023 59 41 36 33 22 22 22
1630832465.273 58 42 34 33 23 22 22
1630832465.526 55 40 34 32 24 24 20
1630832465.776 55 40 36 34 21 24 20
1630832466.023 58 40 36 34 25 23 22
1630832466.273 56 41 37 34 25 23 21
1630832466.524 55 39 36 34 25 22 20
1630832466.774 56 43 35 35 25 22 22
1630832467.023 60 40 36 35 24 24 22
1630832467.273 57 38 35 35 24 24 19
1630832467.523 60 42 34 32 23 23 19
1630832467.773 58 42 37 34 24 24 20
1630832468.023 55 41 36 34 25 26 20
1630832468.273 61 41 35 34 26 25 21
1630832468.523 55 40 35 35 25 24 22
1630832468.774 57 42 34 35 24 23 21
1630832469.023 58 41 36 33 24 24 20
1630832469.273 61 39 37 32 24 24 20
1630832469.524 58 39 37 31 23 23 21
1630832469.773 56 42 36 34 24 24 21
1630832470.027 58 40 36 33 24 27 20
1630832470.272 60 42 37 34 24 24 22
1630832470.524 56 39 36 31 23 22 20
1630832470.774 60 40 35 36 23 23 21
1630832471.022 59 39 38 33 24 26 20
1630832471.273 58 41 36 33 23 24 22
1630832471.523 56 42 37 34 23 23 20
1630832471.772 56 41 36 34 21 24 21
1630832472.023 57 40 33 33 24 25 20
1630832472.272 55 41 36 32 22 22 19
1630832472.523 56 38 37 36 25 23 19
1630832472.773 58 42 36 34 24 24 20
1630832473.023 56 41 36 35 23 23 22
1630832473.273 55 40 35 32 22 22 20
1630832473.523 58 41 33 33 22 22 22
1630832473.774 55 40 37 33 25 25 18
1630832474.022 61 40 37 33 21 25 20
1630832474.272 56 40 36 35 23 24 21
1630832474.525 59 41 37 35 23 26 23
1630832474.773 56 38 36 34 24 23 18
1630832475.023 60 41 35 34 24 23 22
1630832475.274 57 39 34 33 23 25 20
1630832475.524 58 43 35 33 26 22 23
1630832475.772 54 40 35 35 26 24 20
1630832476.023 56 39 35 33 22 24 23
1630832476.273 54 42 34 33 24 25 19
1630832476.527 59 41 35 32 26 24 20
1630832476.775 62 41 36 34 24 23 21
1630832477.025 57 43 37 35 28 21 20
1630832477.273 56 38 36 33 27 25 19
1630832477.522 56 38 35 33 24 24 20
1630832477.774 56 42 36 32 24 23 21
1630832478.024 59 40 37 33 26 25 21
1630832478.273 55 39 36 32 24 27 20
1630832478.523 59 39 36 35 23 24 21
1630832478.773 61 42 36 35 26 24 21
1630832479.022 55 39 38 33 21 21 20
1630832479.272 54 42 36 32 24 25 20
1630832479.524 56 41 35 35 23 25 21
1630832479.774 55 39 35 35 26 26 21
1630832480.023 57 41 35 35 23 24 22
1630832480.273 56 41 37 33 26 24 21
1630832480.523 56 43 37 33 24 25 21
1630832480.777 56 43 35 35 24 25 20
1630832481.026 59 40 35 35 25 23 21
1630832481.273 59 39 37 34 23 25 21
1630832481.528 60 40 36 33 21 23 22
1630832481.775 55 42 34 33 23 24 21
1630832482.025 58 39 37 33 25 24 21
1630832482.273 56 42 35 35 24 26 19
1630832482.523 56 41 34 35 24 23 19
1630832482.773 59 37 36 32 25 24 22
1630832483.025 59 41 36 34 24 24 20
1630832483.274 56 40 34 34 22 23 20
1630832483.525 56 38 36 33 26 24 20
1630832483.774 59 42 34 34 25 24 20
1630832484.024 59 42 36 33 23 22 20
1630832484.274 60 39 34 33 26 23 23
1630832484.524 56 41 38 35 25 26 20
1630832484.774 56 41 37 35 24 23 20
1630832485.023 59 41 36 36 24 26 21
1630832485.278 58 39 36 32 23 23 19
1630832485.523 59 41 34 33 23 25 21
1630832485.774 59 41 35 34 23 24 20
1630832486.024 57 41 37 30 24 24 21
1630832486.273 59 38 37 31 25 25 20
1630832486.531 57 40 34 33 25 25 21
1630832486.775 59 40 37 31 23 26 21
1630832487.024 57 40 38 32 23 26 20
1630832487.274 60 41 35 34 26 24 23
1630832487.523 57 42 35 34 23 21 20
1630832487.774 57 40 35 34 24 23 19
1630832488.025 59 40 36 34 23 23 20
1630832488.277 58 42 37 34 21 24 21
1630832488.524 60 42 37 34 24 22 21
1630832488.773 58 43 35 34 25 24 20
1630832489.023 59 40 35 33 25 23 18
1630832489.274 57 40 35 34 23 25 19
1630832489.524 58 40 36 33 23 25 21
1630832489.775 58 43 39 33 23 22 23
1630832490.024 59 42 36 34 24 25 20
1630832490.274 58 40 37 32 25 24 20
1630832490.526 53 42 34 35 23 24 21
1630832490.775 57 38 37 35 25 21 20
1630832491.024 57 40 35 36 23 23 19
1630832491.275 59 42 35 33 22 21 21
1630832491.524 55 40 36 36 22 24 19
1630832491.774 56 41 35 33 24 22 21
1630832492.024 57 38 35 32 25 24 19
1630832492.274 58 39 34 32 27 24 19
1630832492.523 55 39 35 35 25 24 20
1630832492.774 58 41 35 33 24 25 21
1630832493.023 57 39 37 33 25 23 21
1630832493.273 56 39 37 33 25 24 20
1630832493.523 57 40 38 35 24 23 20
1630832493.774 57 39 36 33 24 22 22
1630832494.024 59 38 38 34 24 21 19
1630832494.274 56 40 36 33 23 22 21
1630832494.524 53 40 36 34 23 24 20
1630832494.779 56 44 35 32 24 24 22
1630832495.024 56 40 36 34 24 25 20
1630832495.273 58 42 34 33 23 23 19
1630832495.524 55 44 36 34 23 23 22
1630832495.774 55 42 37 32 24 23 21
1630832496.025 61 43 38 34 25 22 19
1630832496.276 57 46 38 33 27 23 20
1630832496.524 55 40 36 33 23 24 22
1630832496.775 59 39 35 34 23 22 22
1630832497.024 55 41 39 33 24 23 19
1630832497.273 53 41 35 34 25 23 23
1630832497.524 56 42 37 35 23 22 19
1630832497.774 58 39 34 35 24 22 19
1630832498.024 58 42 35 35 24 22 20
1630832498.276 55 41 36 35 26 25 19
1630832498.525 58 42 35 34 25 27 22
1630832498.775 56 40 36 33 26 23 19
1630832499.025 58 40 37 35 24 23 21
1630832499.274 56 40 36 34 23 24 24
1630832499.525 56 40 36 35 22 24 22
1630832499.774 55 41 35 34 26 24 22
1630832500.023 56 41 36 33 23 26 20
1630832500.277 58 41 35 34 26 22 22
1630832500.524 57 41 35 32 23 22 20
1630832500.773 57 42 36 35 25 23 20
1630832501.023 58 40 35 34 22 23 21
1630832501.273 56 39 33 32 23 24 20
1630832501.524 58 42 34 32 23 26 20
1630832501.774 57 42 39 34 24 24 19
1630832502.023 59 43 36 34 24 25 23
1630832502.274 56 40 36 34 25 24 21
1630832502.524 61 40 37 32 24 24 21
1630832502.774 56 43 37 35 25 23 19
1630832503.023 56 38 37 32 22 23 19
1630832503.274 56 41 34 35 24 28 22
1630832503.524 55 40 37 34 23 23 19
1630832503.774 57 40 35 33 23 22 21
1630832504.024 59 42 36 34 25 21 22
1630832504.276 58 41 38 32 24 24 19
1630832504.526 59 42 37 32 24 24 21
1630832504.774 55 41 35 34 25 25 22
1630832505.024 59 40 37 34 26 23 22
1630832505.276 55 42 38 36 23 24 19
1630832505.524 60 42 35 34 25 26 22
1630832505.775 60 41 37 33 26 24 20
1630832506.024 57 39 36 33 24 23 21
1630832506.274 59 39 37 33 24 23 21
1630832506.524 59 40 36 35 23 24 20
1630832506.774 56 40 36 34 23 24 19
1630832507.027 56 40 38 32 26 24 20
1630832507.276 54 41 38 33 26 23 20
1630832507.532 57 42 35 33 22 23 19
1630832507.775 57 40 36 34 24 22 19
1630832508.024 58 42 35 32 22 25 19
1630832508.274 57 43 35 33 24 24 20
1630832508.524 55 41 35 35 25 22 20
1630832508.780 58 41 36 33 22 22 22
1630832509.024 59 39 36 34 23 24 21
1630832509.277 57 40 36 34 23 23 21
1630832509.524 58 42 37 33 23 23 23
1630832509.774 57 41 35 33 23 23 23
1630832510.024 55 42 34 33 23 25 20
1630832510.275 59 41 35 33 25 23 21
1630832510.524 55 40 35 35 24 24 21
1630832510.775 57 40 34 35 23 23 19
1630832511.026 57 40 36 32 25 23 21
1630832511.273 58 39 37 33 23 24 22
1630832511.530 57 41 35 34 24 25 22
1630832511.776 61 41 37 32 24 22 18
1630832512.025 54 40 36 30 25 22 20
1630832512.274 58 40 36 34 23 23 22
1630832512.524 61 39 37 33 25 25 21
1630832512.775 58 40 36 34 23 24 19
1630832513.027 56 42 36 34 23 25 20
1630832513.277 56 42 35 34 23 22 21
1630832513.527 58 41 36 35 24 23 21
1630832513.775 58 41 34 33 26 24 19
1630832514.025 58 40 35 31 23 25 20
1630832514.277 54 40 37 31 25 24 22
1630832514.524 60 40 35 36 25 24 20
1630832514.774 59 41 35 31 23 22 18
1630832515.025 58 41 38 32 26 24 22
1630832515.277 58 40 35 35 25 24 21
1630832515.525 58 39 36 32 24 23 21
1630832515.775 54 42 37 33 22 24 21
1630832516.024 59 39 36 33 23 23 21
1630832516.275 59 42 38 31 23 24 24
1630832516.528 57 39 34 32 24 23 20
1630832516.776 54 41 36 34 23 24 20
1630832517.025 60 41 36 32 23 25 21
1630832517.274 60 40 34 34 24 24 20
1630832517.525 56 41 37 34 24 21 20
1630832517.774 60 40 36 32 22 24 20
1630832518.025 57 40 36 32 26 22 20
1630832518.275 56 40 35 32 23 23 19
1630832518.528 57 41 36 35 22 23 19
1630832518.775 58 41 35 32 25 25 20
1630832519.024 56 40 36 35 24 23 21
1630832519.274 58 40 37 35 26 22 22
1630832519.524 58 40 35 34 25 21 19
1630832519.779 58 42 34 35 23 22 20
1630832520.025 57 41 36 32 23 22 21
1630832520.274 59 42 36 33 22 22 20
1630832520.528 60 42 34 34 24 23 21
1630832520.775 53 42 35 34 23 24 24
1630832521.025 62 41 35 35 22 25 22
1630832521.274 57 41 37 33 22 24 20
1630832521.525 58 41 37 33 23 24 19
1630832521.775 57 40 36 35 23 22 21
1630832522.025 57 40 36 34 24 22 20
1630832522.274 58 42 36 34 23 24 22
1630832522.525 58 41 38 32 23 22 19
1630832522.778 56 40 36 38 25 26 23
1630832523.026 56 40 36 35 26 24 21
1630832523.278 53 40 34 33 24 22 19
1630832523.528 58 39 39 33 23 24 20
1630832523.774 56 42 35 33 26 27 22
1630832524.025 56 42 36 35 24 24 24
1630832524.274 56 40 35 35 24 22 20
1630832524.524 55 41 37 35 23 22 20
1630832524.774 58 39 36 32 25 22 21
1630832525.026 54 43 37 33 25 24 21
1630832525.275 59 43 38 34 24 22 20
1630832525.525 56 39 35 35 23 23 20
1630832525.775 58 43 37 33 24 24 19
1630832526.025 58 40 35 33 24 26 20
1630832526.275 57 39 36 31 26 22 22
1630832526.528 57 40 34 32 26 22 20
1630832526.775 58 40 37 33 24 26 22
1630832527.025 57 38 34 34 24 22 22
1630832527.275 55 41 36 35 24 23 20
1630832527.529 57 40 37 35 23 22 20
1630832527.777 58 40 34 33 25 23 21
1630832528.024 57 42 34 34 23 25 20
1630832528.275 57 39 36 33 22 24 21
1630832528.525 56 43 34 32 23 23 22
1630832528.775 56 40 36 34 24 23 20
1630832529.024 54 39 36 35 22 24 22
1630832529.276 57 41 35 33 24 22 21
1630832529.524 59 42 36 33 25 24 20
1630832529.775 57 42 35 34 24 25 22
1630832530.025 59 42 36 34 24 24 21
1630832530.274 57 40 35 34 24 23 22
1630832530.524 59 40 35 33 23 26 18
1630832530.774 56 42 36 32 23 22 23
1630832531.025 56 42 36 34 23 26 22
1630832531.275 60 42 36 34 26 24 23
1630832531.525 57 42 37 33 25 24 19
1630832531.775 59 40 38 33 25 25 20
1630832532.025 55 39 36 33 23 25 21
1630832532.275 58 41 36 36 23 25 21
1630832532.524 55 39 36 33 25 24 21
1630832532.776 57 42 35 33 25 23 21
1630832533.025 57 40 36 33 25 23 21
1630832533.275 59 42 40 33 24 24 23
1630832533.526 54 40 33 34 24 21 20
1630832533.775 59 42 37 36 24 23 21
1630832534.025 59 41 39 33 22 24 20
1630832534.274 56 41 38 34 23 23 21
1630832534.525 55 39 36 32 23 26 19
1630832534.777 56 43 35 33 24 26 20
1630832535.025 58 43 37 32 24 24 21
1630832535.276 57 43 35 36 23 23 22
1630832535.526 59 43 35 33 24 23 20
1630832535.775 57 39 36 34 27 23 22
1630832536.025 55 40 38 35 25 23 18
1630832536.275 55 41 34 32 23 23 21
1630832536.529 60 39 37 32 24 23 21
1630832536.775 55 40 34 34 25 27 20
1630832537.028 56 39 36 37 26 23 20
1630832537.276 57 40 34 33 25 23 22
1630832537.528 57 40 35 31 23 23 21
1630832537.775 61 40 38 32 23 23 21
1630832538.027 57 41 36 33 25 25 21
1630832538.276 57 41 35 32 24 24 20
1630832538.527 56 40 37 35 24 26 23
1630832538.775 55 41 36 34 26 22 19
1630832539.024 57 41 37 33 22 23 21
1630832539.275 56 40 36 32 24 23 19
1630832539.525 58 41 37 30 26 25 20
1630832539.775 58 42 35 34 25 23 21
1630832540.025 57 39 35 35 25 23 20
1630832540.275 57 40 34 35 22 22 23
1630832540.524 55 41 36 34 25 25 20
1630832540.775 59 42 35 33 25 23 20
1630832541.025 57 42 35 34 23 24 20
1630832541.275 56 39 36 35 25 23 21
1630832541.525 58 40 36 37 23 24 20
1630832541.778 60 41 36 34 24 23 20
1630832542.030 61 40 36 32 24 24 22
1630832542.276 56 44 36 34 22 25 21
1630832542.527 59 40 35 34 22 22 20
1630832542.775 57 40 36 34 23 24 21
1630832543.025 56 40 36 34 22 24 21
1630832543.275 54 41 36 33 24 25 20
1630832543.528 60 42 35 34 23 22 20
1630832543.777 59 44 36 35 23 25 21
1630832544.025 55 39 34 34 24 26 20
1630832544.275 58 41 36 32 23 23 20
1630832544.525 60 39 40 34 26 24 21
1630832544.775 61 39 37 32 23 22 21
1630832545.026 58 42 36 34 24 23 21
1630832545.275 57 40 35 34 23 25 22
1630832545.525 58 43 35 32 24 24 21
1630832545.777 54 42 38 31 23 23 21
1630832546.027 56 39 35 34 25 23 21
1630832546.276 56 40 35 33 24 25 19
1630832546.526 56 41 36 36 25 24 19
1630832546.775 56 39 38 33 24 23 21
1630832547.025 58 38 35 33 25 22 21
1630832547.276 54 40 37 34 23 26 20
1630832547.525 58 42 35 32 24 24 19
1630832547.776 60 42 37 33 24 24 22
1630832548.025 54 42 35 34 24 22 20
1630832548.275 56 40 35 32 22 23 22
1630832548.527 59 40 36 33 24 25 20
1630832548.777 58 42 35 33 24 24 20
1630832549.025 61 41 35 34 23 23 17
1630832549.276 56 41 37 32 23 23 20
1630832549.525 55 38 38 32 23 23 21
1630832549.777 57 40 38 34 23 22 21
1630832550.027 57 41 35 34 25 24 20
1630832550.276 59 41 36 34 23 23 21
1630832550.525 56 41 36 34 23 24 19
1630832550.776 58 42 36 33 23 24 21
1630832551.025 56 40 35 33 25 23 20
1630832551.275 54 41 36 32 23 22 22
1630832551.525 57 42 35 33 25 24 21
1630832551.776 59 41 37 32 24 22 22
1630832552.025 57 41 36 34 23 22 19
1630832552.278 56 42 35 33 25 23 22
1630832552.526 59 43 35 33 22 23 20
1630832552.775 57 41 38 33 23 22 21
1630832553.026 57 41 36 32 23 25 21
1630832553.276 59 41 35 32 24 23 21
1630832553.525 58 42 36 34 21 22 18
1630832553.775 57 38 36 34 23 23 21
1630832554.026 59 42 35 33 23 22 20
1630832554.276 56 43 36 32 22 22 20
1630832554.525 58 41 36 36 23 22 20
1630832554.775 56 39 36 33 24 23 19
1630832555.026 58 43 36 33 24 26 20
1630832555.275 59 39 36 34 25 24 20
1630832555.526 57 43 36 32 23 24 21
1630832555.777 57 42 36 32 25 23 19
1630832556.029 56 42 36 33 25 25 21
1630832556.275 55 40 33 34 23 24 21
1630832556.526 62 41 37 33 21 22 20
1630832556.776 54 41 38 31 24 23 22
1630832557.026 56 40 36 33 22 24 19
1630832557.276 56 40 35 32 23 24 22
1630832557.527 57 41 34 32 24 24 20
1630832557.780 59 41 35 34 24 22 19
1630832558.028 57 41 34 31 24 25 20
1630832558.276 58 41 35 31 24 27 21
1630832558.527 58 40 35 32 25 21 19
1630832558.775 57 41 35 32 23 23 21
1630832559.025 57 41 35 32 26 22 19
1630832559.276 57 39 36 36 23 22 20
1630832559.525 57 42 36 33 23 26 20
1630832559.776 60 39 37 35 22 25 22
1630832560.025 57 41 36 32 23 24 21
1630832560.276 56 40 36 32 25 26 21
1630832560.526 58 39 35 31 22 24 22
1630832560.778 54 42 35 32 24 24 19
1630832561.026 57 41 35 34 24 23 21
1630832561.276 59 40 36 34 23 22 21
1630832561.527 58 41 36 33 22 24 22
1630832561.776 57 42 37 32 25 23 21
1630832562.028 59 40 36 33 21 21 24
1630832562.277 56 42 36 32 23 24 23
1630832562.526 58 43 35 32 24 24 21
1630832562.776 59 42 35 34 23 25 24
1630832563.027 57 41 35 34 26 23 21
1630832563.276 57 39 35 34 23 23 20
1630832563.527 60 40 36 29 25 23 22
1630832563.777 56 39 35 34 26 23 20
1630832564.031 57 40 36 34 22 23 21
1630832564.278 56 40 35 33 24 22 21
1630832564.527 61 42 35 32 25 23 22
1630832564.776 56 39 37 31 24 23 21
1630832565.026 58 42 35 31 23 22 22
1630832565.276 58 41 35 33 22 25 22
1630832565.528 56 41 35 35 23 23 20
1630832565.776 57 42 36 32 23 23 20
1630832566.026 57 40 37 32 22 21 22
1630832566.277 57 40 35 31 23 24 20
1630832566.528 60 42 36 32 23 22 20
1630832566.778 58 43 38 35 22 23 20
1630832567.027 58 41 35 33 23 23 20
1630832567.276 57 42 33 33 23 23 20
1630832567.526 56 39 36 34 24 23 23
1630832567.776 57 45 37 32 22 23 18
1630832568.028 54 44 35 34 22 21 21
1630832568.280 56 40 35 31 21 25 20
1630832568.527 60 41 35 31 24 22 19
1630832568.776 56 39 34 35 23 24 20
1630832569.027 59 39 36 34 24 22 20
1630832569.276 57 42 34 35 23 23 21
1630832569.527 58 40 36 32 25 22 20
1630832569.780 57 40 36 32 24 23 21
1630832570.027 57 41 36 33 23 23 20
1630832570.276 56 40 35 34 24 22 21
1630832570.525 58 40 34 32 24 24 20
1630832570.776 59 40 37 33 24 22 22
1630832571.026 61 42 37 33 24 23 22
1630832571.276 58 43 36 32 25 22 20
1630832571.526 54 40 34 33 23 23 21
1630832571.779 56 39 36 34 22 23 22
1630832572.028 55 39 35 32 24 23 22
1630832572.279 57 41 35 36 24 22 20
1630832572.527 58 41 35 34 23 22 20
1630832572.775 56 42 36 32 24 23 22
1630832573.026 57 42 36 32 24 23 21
1630832573.277 60 40 37 36 25 23 21
1630832573.527 56 43 35 34 24 22 21
1630832573.776 57 41 36 32 24 26 18
1630832574.025 56 41 37 33 24 25 20
1630832574.275 56 40 38 34 25 22 20
1630832574.528 57 40 36 34 23 24 20
1630832574.778 58 40 34 34 24 23 20
1630832575.029 59 41 35 34 25 25 21
1630832575.277 56 41 36 34 25 23 19
1630832575.527 56 41 39 33 23 22 21
1630832575.776 61 39 35 34 22 22 21
1630832576.026 57 41 36 33 22 25 20
1630832576.280 57 41 38 33 25 27 21
1630832576.526 60 40 35 34 26 25 20
1630832576.776 58 41 34 34 24 23 22
1630832577.026 58 39 37 32 23 24 19
1630832577.276 55 40 38 32 23 23 20
1630832577.526 58 39 36 33 22 23 22
1630832577.776 58 41 36 35 25 24 19
1630832578.027 58 42 35 34 23 22 21
1630832578.276 54 39 34 34 22 22 21
1630832578.525 54 40 36 33 24 22 20
1630832578.780 59 40 36 36 23 22 20
1630832579.026 56 41 34 33 23 21 20
1630832579.277 56 40 35 33 22 22 20
1630832579.526 54 40 36 34 23 21 21
1630832579.776 58 41 35 36 22 20 21
1630832580.026 59 40 34 32 24 24 21
1630832580.276 58 42 37 34 24 23 22
1630832580.526 58 38 35 36 24 23 20
1630832580.776 55 40 37 33 25 24 21
1630832581.026 57 40 35 35 23 26 21
1630832581.275 58 40 37 33 24 26 20
1630832581.526 59 40 35 32 24 23 21
1630832581.777 58 43 34 33 24 23 23
1630832582.026 56 40 36 32 23 26 22
1630832582.276 54 39 37 34 24 22 20
1630832582.526 55 39 34 32 24 24 20
1630832582.776 59 42 35 33 27 23 21
1630832583.026 55 39 34 34 24 22 20
1630832583.277 59 40 36 32 26 23 20
1630832583.526 58 41 36 33 22 26 19
1630832583.776 55 39 35 36 23 22 21
1630832584.026 58 42 35 32 24 26 20
1630832584.276 61 40 36 33 24 24 20
1630832584.528 58 40 37 36 24 25 21
1630832584.777 56 41 35 35 24 24 23
1630832585.028 61 40 36 32 24 26 20
1630832585.276 56 42 36 33 23 23 20
1630832585.528 60 41 36 34 24 24 21
1630832585.778 56 43 37 33 23 24 21
1630832586.029 56 41 35 32 24 24 20
1630832586.279 54 39 34 33 24 25 20
1630832586.527 56 40 35 32 24 24 22
1630832586.777 58 43 38 33 25 23 22
1630832587.027 56 41 37 32 21 27 21
1630832587.277 58 41 35 32 22 22 20
1630832587.527 57 40 37 33 25 24 22
1630832587.778 59 42 35 34 26 22 20
1630832588.028 58 39 36 35 24 23 20
1630832588.277 58 40 34 34 22 22 20
1630832588.526 54 42 37 34 25 23 21
1630832588.777 59 39 35 36 24 25 20
1630832589.027 59 41 36 35 22 24 20
1630832589.283 58 41 36 34 23 24 20
1630832589.530 61 41 37 33 22 23 20
1630832589.776 58 39 37 37 23 23 20
1630832590.027 57 41 35 34 23 21 20
1630832590.280 57 43 34 34 24 22 22
1630832590.526 55 40 35 33 24 23 21
1630832590.778 57 42 38 32 25 25 20
1630832591.028 57 41 37 34 23 22 20
1630832591.277 60 42 35 34 22 24 21
1630832591.526 58 39 34 35 22 22 21
1630832591.777 57 42 35 34 23 23 21
1630832592.027 59 42 36 32 23 22 20
1630832592.277 58 41 35 34 25 23 23
1630832592.526 58 40 37 33 23 20 21
1630832592.776 56 41 35 35 26 22 21
1630832593.027 59 41 35 32 24 23 22
1630832593.279 55 40 37 35 22 24 19
1630832593.526 57 38 37 32 25 23 21
1630832593.777 56 41 35 35 23 22 21
1630832594.029 56 38 35 33 25 23 24
1630832594.282 56 41 36 31 25 22 19
1630832594.526 58 44 38 32 23 22 21
1630832594.778 62 42 36 32 24 22 22
1630832595.027 57 43 36 35 24 22 20
1630832595.277 54 38 36 33 24 22 22
1630832595.528 58 41 35 33 23 21 21
1630832595.778 56 41 37 34 24 22 21
1630832596.027 55 43 35 31 24 23 20
1630832596.276 58 41 35 34 23 22 22
1630832596.526 59 41 34 33 23 24 20
1630832596.777 60 40 36 33 23 24 21
1630832597.028 59 40 35 34 22 24 22
1630832597.278 57 41 34 33 23 21 21
1630832597.528 58 42 35 36 22 21 21
1630832597.777 58 43 37 33 24 23 23
1630832598.027 57 41 35 33 24 22 21
1630832598.277 58 39 35 33 22 24 19
1630832598.527 58 39 37 34 25 22 20
1630832598.777 57 41 35 33 24 25 20
1630832599.027 57 40 36 33 25 24 19
1630832599.280 59 41 39 31 24 22 23
1630832599.527 59 40 36 31 23 22 22
1630832599.778 55 40 38 31 24 23 22
1630832600.027 58 41 34 34 24 23 21
1630832600.279 54 41 37 33 24 22 20
1630832600.528 56 40 36 34 23 22 22
1630832600.777 57 40 36 33 25 24 21
1630832601.027 57 42 36 32 24 22 21
1630832601.277 56 40 36 32 24 22 22
1630832601.527 59 42 35 31 25 22 21
1630832601.776 59 42 35 32 23 25 20
1630832602.026 59 40 36 33 25 23 19
1630832602.277 57 41 36 31 23 23 19
1630832602.527 58 40 37 35 26 23 23
1630832602.776 58 40 35 34 25 23 21
1630832603.028 59 40 37 34 24 21 18
1630832603.278 57 42 34 33 21 23 22
1630832603.527 60 41 36 32 24 20 21
1630832603.778 57 42 35 34 23 23 19
1630832604.027 57 42 37 33 23 26 21
1630832604.276 59 38 37 34 26 21 20
1630832604.527 54 42 35 33 24 22 23
1630832604.778 58 39 38 33 24 23 21
1630832605.029 55 40 36 33 22 22 20
1630832605.277 58 40 35 32 23 21 19
1630832605.527 61 42 35 33 23 21 23
1630832605.777 54 41 37 34 25 24 21
1630832606.027 57 42 37 30 25 22 20
1630832606.277 58 42 36 33 25 21 20
1630832606.527 59 41 37 33 22 22 21
1630832606.776 61 40 39 31 25 21 20
1630832607.028 59 41 36 33 23 22 21
1630832607.282 58 42 36 35 23 22 19
1630832607.528 58 40 37 33 24 23 21
1630832607.777 56 38 35 32 24 22 19
1630832608.027 58 41 34 36 24 24 21
1630832608.277 54 39 34 34 24 22 21
1630832608.528 59 43 35 33 23 21 20
1630832608.779 58 40 36 34 23 25 20
1630832609.027 58 41 35 34 25 22 21
1630832609.277 57 41 34 33 24 23 21
1630832609.526 56 40 34 36 22 25 20
1630832609.776 54 40 36 33 24 22 22
1630832610.028 58 42 37 33 22 24 22
1630832610.276 59 41 35 34 23 24 23
1630832610.527 58 41 36 33 23 23 23
1630832610.777 59 42 37 32 24 25 21
1630832611.028 57 41 37 33 24 23 20
1630832611.278 56 40 36 33 23 22 23
1630832611.529 54 41 35 34 23 23 20
1630832611.776 62 40 34 36 22 22 19
1630832612.027 56 39 35 34 22 23 20
1630832612.277 55 42 35 34 23 25 22
1630832612.527 60 42 35 34 25 23 21
1630832612.778 55 41 36 33 24 24 20
1630832613.030 56 41 35 32 25 23 19
1630832613.281 59 41 35 34 24 24 19
1630832613.528 57 41 35 34 22 23 21
1630832613.777 56 40 37 34 23 22 20
1630832614.028 55 39 37 35 24 25 18
1630832614.277 56 40 34 34 23 23 22
1630832614.528 62 42 36 34 22 22 22
1630832614.779 59 39 38 34 25 24 19
1630832615.029 55 39 36 34 24 24 20
1630832615.278 54 40 35 35 23 23 20
1630832615.528 54 41 36 32 23 23 18
1630832615.783 58 40 35 33 22 24 20
1630832616.028 55 41 38 34 25 22 20
1630832616.280 57 40 35 34 22 23 20
1630832616.529 59 41 34 35 22 23 21
1630832616.778 58 41 35 33 23 21 22
1630832617.028 56 40 36 33 21 23 19
1630832617.278 58 38 35 34 22 23 20
1630832617.528 57 40 35 32 22 23 20
1630832617.781 56 40 35 34 24 24 19
1630832618.028 59 40 37 35 23 23 21
1630832618.278 58 42 36 32 24 24 20
1630832618.528 57 41 37 32 24 23 20
1630832618.779 56 42 38 33 23 24 21
1630832619.028 57 43 35 32 24 23 20
1630832619.279 58 42 37 33 23 22 22
1630832619.528 55 40 36 33 24 23 23
1630832619.778 59 41 36 33 25 22 21
1630832620.028 55 40 35 32 24 23 19
1630832620.278 57 41 37 34 26 22 20
1630832620.528 57 41 35 33 25 23 22
1630832620.777 58 40 34 31 22 23 21
1630832621.028 61 40 34 32 24 21 21
1630832621.281 56 39 37 38 22 23 21
1630832621.528 59 39 38 33 22 24 20
1630832621.778 57 42 35 32 24 21 21
1630832622.028 55 40 38 34 25 24 20
1630832622.277 57 40 35 32 24 23 22
1630832622.527 58 42 37 33 25 23 20
1630832622.777 57 39 35 34 23 25 21
1630832623.030 60 42 37 38 23 23 21
1630832623.280 56 41 37 32 26 22 21
1630832623.528 55 42 36 33 23 23 20
1630832623.777 58 40 35 33 24 22 22
1630832624.029 61 40 37 32 24 24 20
1630832624.278 56 39 35 33 24 23 19
1630832624.528 59 41 36 31 24 24 19
1630832624.778 56 40 39 32 24 24 21
1630832625.028 62 40 36 32 26 23 18
1630832625.280 58 39 36 33 26 22 19
1630832625.528 60 41 35 32 22 24 22
1630832625.778 59 42 34 34 22 24 20
1630832626.028 57 38 35 33 22 22 22
1630832626.278 58 41 35 34 22 22 23
1630832626.527 57 40 37 36 24 23 20
1630832626.777 58 40 35 34 24 25 19
1630832627.029 56 41 33 33 25 23 21
1630832627.280 56 41 36 33 24 23 20
1630832627.529 59 40 35 33 24 22 20
1630832627.777 56 40 35 33 22 24 23
1630832628.028 56 39 35 33 22 21 24
1630832628.278 54 40 36 31 25 22 20
1630832628.528 58 42 36 34 25 23 22
1630832628.785 59 40 35 32 23 23 20
1630832629.028 57 41 36 32 24 22 21
1630832629.278 58 42 37 33 23 23 21
1630832629.528 58 41 35 32 26 22 21
1630832629.778 58 39 35 33 24 22 20
1630832630.029 55 42 38 32 23 25 21
1630832630.277 61 40 37 34 22 23 23
1630832630.528 58 41 35 34 24 23 22
1630832630.778 57 38 37 32 23 23 21
1630832631.027 58 41 36 33 24 23 20
1630832631.277 58 40 36 34 24 25 21
1630832631.527 57 41 35 32 22 24 22
1630832631.780 57 40 36 32 23 24 19
1630832632.028 56 40 35 33 25 26 21
1630832632.278 57 42 35 33 25 22 20
1630832632.528 55 40 37 33 23 23 22
1630832632.777 58 41 33 33 23 25 19
1630832633.027 56 38 35 34 23 22 21
1630832633.279 58 41 35 34 24 23 21
1630832633.528 54 40 36 33 23 22 20
1630832633.778 57 40 36 32 25 22 21
1630832634.029 56 42 34 32 24 22 19
1630832634.278 55 40 35 31 23 24 20
1630832634.528 59 40 36 34 24 24 22
1630832634.777 55 40 36 32 25 25 20
1630832635.027 58 40 35 33 23 23 20
1630832635.278 58 41 37 31 24 25 22
1630832635.527 54 41 35 31 23 23 20
1630832635.778 57 40 35 32 22 22 21
1630832636.029 57 42 36 33 23 23 20
1630832636.278 59 43 35 33 22 24 20
1630832636.528 56 41 37 33 22 25 21
1630832636.777 55 42 36 32 22 23 22
1630832637.028 57 41 34 32 23 23 20
1630832637.278 60 40 38 34 22 24 21
1630832637.528 61 43 37 34 23 22 20
1630832637.781 55 41 36 32 24 23 19
1630832638.032 57 42 36 33 25 21 21
1630832638.281 57 39 36 34 23 23 21
1630832638.529 53 43 36 34 23 23 21
1630832638.779 57 41 36 34 25 23 23
1630832639.028 57 40 37 35 24 22 20
1630832639.278 58 41 36 35 22 22 21
1630832639.528 57 42 37 32 24 23 21
1630832639.781 59 41 35 31 22 22 19
1630832640.031 56 40 36 33 23 23 19
1630832640.278 60 41 36 31 23 23 20
1630832640.530 57 43 34 35 22 25 20
1630832640.779 59 42 35 32 23 24 21
1630832641.031 59 40 36 34 23 23 19
1630832641.278 58 39 34 31 23 23 20
1630832641.529 56 40 37 34 24 24 20
1630832641.779 57 41 36 30 23 24 20
1630832642.029 58 40 36 32 22 23 20
1630832642.279 59 41 36 35 23 23 19
1630832642.529 57 42 35 33 23 23 19
1630832642.777 58 41 38 35 24 22 24
1630832643.029 59 42 37 31 25 23 21
1630832643.278 58 42 39 32 22 25 19
1630832643.529 54 41 35 34 24 21 20
1630832643.778 56 38 35 31 24 21 20
1630832644.029 58 41 35 32 23 24 20
1630832644.278 56 40 35 34 25 24 21
1630832644.528 56 42 36 32 24 23 18
1630832644.780 55 41 38 33 23 23 21
1630832645.030 58 40 35 30 24 24 21
1630832645.279 60 42 35 31 23 22 20
1630832645.529 58 40 34 34 25 22 20
1630832645.779 58 39 35 33 23 23 20
1630832646.028 57 42 38 33 24 23 21
1630832646.279 55 40 37 30 24 23 20
1630832646.528 61 41 37 34 24 23 20
1630832646.781 57 42 36 33 25 22 21
1630832647.030 57 40 34 34 23 23 21
1630832647.279 56 40 34 33 28 23 21
1630832647.529 59 43 35 33 24 24 22
1630832647.778 56 40 34 34 24 24 20
1630832648.028 58 40 33 34 22 22 20
1630832648.279 57 41 35 35 24 23 22
1630832648.529 54 41 36 33 24 23 20
1630832648.779 57 40 34 33 24 23 19
1630832649.028 56 39 36 33 26 23 21
1630832649.278 61 41 34 30 22 24 20
1630832649.528 58 39 36 31 23 23 21
1630832649.784 53 39 36 32 22 23 20
1630832650.029 57 40 37 31 23 22 19
1630832650.280 58 39 35 34 23 27 21
1630832650.530 56 41 38 35 23 24 20
1630832650.780 56 40 36 32 23 23 22
1630832651.029 56 42 35 34 24 26 22
1630832651.279 58 41 35 32 22 23 21
1630832651.529 56 40 35 32 26 22 23
1630832651.778 57 41 35 32 25 23 20
1630832652.029 58 42 36 32 22 25 19
1630832652.282 59 40 34 30 24 23 20
1630832652.532 60 38 35 29 22 24 19
1630832652.778 55 42 35 34 25 23 20
1630832653.028 57 41 36 33 22 22 20
1630832653.279 54 42 35 32 23 24 20
1630832653.528 56 41 35 34 23 21 20
1630832653.778 58 40 35 33 23 23 21
1630832654.036 58 39 36 33 25 23 22
1630832654.287 58 40 36 33 23 23 24
1630832654.529 60 40 37 32 23 23 20
1630832654.779 59 38 39 33 22 26 23
1630832655.029 56 41 37 33 25 26 21
1630832655.281 57 42 36 33 23 26 21
1630832655.529 57 40 35 32 25 24 20
1630832655.779 59 41 36 34 24 23 23
1630832656.028 56 41 37 32 22 23 20
1630832656.278 58 40 36 33 22 23 20
1630832656.528 59 40 35 31 24 23 22
1630832656.778 56 39 36 31 26 24 19
1630832657.031 57 40 35 35 24 25 22
1630832657.279 60 39 36 31 24 24 19
1630832657.530 56 40 36 33 25 24 19
1630832657.779 58 38 38 32 25 23 20
1630832658.029 58 42 35 30 24 22 20
1630832658.278 58 40 34 32 24 23 21
1630832658.529 56 38 35 32 25 24 20
1630832658.780 58 40 36 34 24 23 23
1630832659.029 61 40 37 32 23 23 20
1630832659.279 58 40 38 32 23 26 19
1630832659.529 57 44 35 32 25 23 21
1630832659.778 59 42 36 34 22 24 24
1630832660.029 59 40 37 33 24 25 25
1630832660.279 62 39 36 32 25 24 20
1630832660.529 55 41 35 32 24 23 21
1630832660.779 58 40 36 34 22 21 20
1630832661.029 56 40 34 33 24 23 22
1630832661.279 56 41 36 32 22 23 22
1630832661.529 56 42 38 34 23 24 21
1630832661.779 58 41 36 33 24 25 20
1630832662.029 58 41 35 32 21 24 20
1630832662.279 57 40 36 33 22 25 20
1630832662.529 58 41 35 33 24 24 23
1630832662.779 57 40 35 33 25 24 23
1630832663.029 60 40 35 32 22 23 20
1630832663.279 58 39 36 31 23 24 21
1630832663.532 56 38 36 32 23 25 22
1630832663.784 60 40 35 34 25 22 23
1630832664.029 59 39 36 31 24 23 21
1630832664.280 58 40 34 33 21 25 22
1630832664.529 58 41 35 33 24 22 20
1630832664.779 60 43 36 32 24 25 20
1630832665.029 58 40 36 33 23 23 18
1630832665.281 59 42 35 32 24 23 21
1630832665.529 57 38 35 35 22 22 20
1630832665.780 58 41 36 32 21 25 21
1630832666.033 59 43 36 33 23 23 19
1630832666.280 56 39 37 32 21 24 20
1630832666.530 57 40 35 33 22 23 22
1630832666.779 56 39 36 35 24 23 22
1630832667.028 55 38 36 32 24 24 19
1630832667.279 57 41 35 33 24 26 22
1630832667.529 57 40 36 35 23 23 19
1630832667.781 54 42 34 32 23 24 21
1630832668.030 55 44 35 34 24 22 21
1630832668.280 57 40 37 32 23 23 22
1630832668.530 56 43 37 32 22 22 20
1630832668.779 59 44 35 34 23 22 21
1630832669.028 58 40 36 32 22 22 23
1630832669.279 58 44 35 32 23 24 19
1630832669.529 55 42 37 34 24 22 23
1630832669.780 58 41 37 34 23 23 22
1630832670.030 58 40 37 35 23 24 21
1630832670.278 57 41 37 33 23 23 22
1630832670.529 55 41 37 32 23 24 21
1630832670.783 59 40 36 33 23 23 20
1630832671.028 55 42 37 32 22 22 21
1630832671.283 59 40 38 32 22 22 20
1630832671.531 58 41 35 33 23 22 22
1630832671.780 59 41 36 31 24 23 22
1630832672.033 57 41 34 34 24 25 19
1630832672.279 58 41 36 34 23 23 20
1630832672.530 59 41 34 33 21 26 18
1630832672.779 56 42 36 33 24 25 21
1630832673.030 56 41 35 34 25 23 19
1630832673.282 59 39 36 34 24 22 20
1630832673.529 60 41 36 33 23 23 20
1630832673.780 58 40 36 34 23 26 22
1630832674.029 57 41 35 33 22 23 21
1630832674.280 58 41 36 34 23 25 22
1630832674.529 56 40 37 33 24 23 22
1630832674.780 57 42 34 33 24 24 20
1630832675.029 59 40 36 34 24 26 20
1630832675.279 57 43 35 31 24 24 22
1630832675.529 56 42 38 34 22 23 22
1630832675.779 60 40 36 33 23 22 21
1630832676.030 56 38 35 34 23 22 21
1630832676.279 62 39 36 34 22 25 21
1630832676.530 60 40 35 32 24 23 22
1630832676.779 59 42 35 32 23 22 20
1630832677.030 56 39 38 31 24 24 20
1630832677.279 58 41 34 32 24 24 21
1630832677.530 60 42 36 35 23 23 20
1630832677.779 59 41 37 31 23 24 18
1630832678.030 56 40 35 31 21 25 21
1630832678.279 60 40 36 33 24 24 22
1630832678.529 56 40 36 32 25 25 20
1630832678.780 57 38 35 33 20 23 20
1630832679.029 63 40 36 34 25 24 20
1630832679.280 57 40 37 32 24 23 21
1630832679.533 54 41 38 33 22 24 21
1630832679.782 56 41 38 34 22 24 18
1630832680.029 54 39 38 34 26 23 19
1630832680.279 58 40 37 32 22 24 20
1630832680.529 56 39 36 33 23 25 20
1630832680.779 59 40 35 34 22 22 21
1630832681.029 56 40 38 33 24 23 20
1630832681.281 61 41 36 34 23 26 18
1630832681.533 59 41 34 34 22 23 22
1630832681.780 58 39 35 34 23 23 21
1630832682.030 56 41 37 33 24 24 20
1630832682.280 58 41 36 32 23 22 20
1630832682.531 56 40 35 35 22 25 20
1630832682.780 60 42 34 34 25 22 20
1630832683.030 59 43 36 34 22 24 19
1630832683.280 55 39 36 35 23 23 22
1630832683.530 56 40 36 34 22 23 22
1630832683.779 56 43 37 32 21 23 20
1630832684.030 57 40 36 32 22 24 22
1630832684.279 55 40 35 35 24 22 20
1630832684.529 57 41 37 33 22 23 21
1630832684.781 60 41 37 32 22 23 18
1630832685.030 58 42 35 36 23 24 21
1630832685.279 58 43 37 32 21 24 21
1630832685.531 54 39 35 32 22 23 21
1630832685.781 57 42 36 33 24 24 20
1630832686.029 58 40 34 32 24 23 20
1630832686.279 56 40 36 32 23 23 20
1630832686.529 55 42 37 32 25 23 22
1630832686.779 59 42 36 32 22 24 20
1630832687.030 54 42 36 33 22 24 21
1630832687.280 56 40 34 32 24 22 20
1630832687.530 58 41 36 32 24 23 20
1630832687.781 56 40 35 33 23 22 19
1630832688.030 58 42 36 34 22 23 20
1630832688.280 58 41 37 33 21 22 20
1630832688.529 61 40 36 34 21 24 24
1630832688.780 59 42 37 33 22 22 19
1630832689.030 56 39 37 34 23 26 19
1630832689.280 53 38 36 32 22 22 20
1630832689.535 57 39 35 34 22 22 20
1630832689.780 56 40 34 32 25 22 21
1630832690.029 55 42 36 33 23 23 21
1630832690.280 57 39 34 34 23 25 20
1630832690.530 58 41 34 33 23 23 20
1630832690.780 58 43 37 35 23 25 20
1630832691.030 57 41 36 33 23 24 21
1630832691.282 55 39 39 34 23 23 21
1630832691.534 59 41 36 33 23 23 22
1630832691.784 55 41 35 33 24 24 19
1630832692.035 59 41 34 32 23 24 20
1630832692.281 54 42 33 33 24 24 20
1630832692.530 56 42 37 34 24 22 21
1630832692.783 55 41 36 33 22 24 21
1630832693.029 57 42 36 31 22 23 21
1630832693.280 59 44 37 35 23 24 20
1630832693.530 58 41 36 33 25 23 18
1630832693.786 57 42 36 31 24 22 21
1630832694.032 60 41 37 32 25 22 20
1630832694.280 57 41 35 34 24 23 19
1630832694.530 60 39 36 33 25 25 21
1630832694.781 56 40 34 33 24 25 21
1630832695.030 56 39 34 34 23 23 19
1630832695.281 57 41 37 31 24 22 20
1630832695.532 56 40 36 33 23 22 20
1630832695.781 59 40 34 32 23 22 21
1630832696.032 56 40 35 33 21 23 20
1630832696.280 58 40 36 31 23 24 20
1630832696.530 55 42 35 33 23 25 22
1630832696.780 58 40 35 33 22 23 21
1630832697.031 58 43 34 33 24 23 23
1630832697.281 55 39 35 33 22 25 23
1630832697.530 58 40 36 31 22 23 19
1630832697.780 58 41 34 35 24 24 22
1630832698.030 59 41 37 32 23 24 21
1630832698.280 57 43 36 35 24 22 22
1630832698.530 57 41 34 33 24 23 19
1630832698.780 56 41 36 34 21 23 19
1630832699.030 59 43 36 32 22 23 21
1630832699.281 59 42 35 33 24 22 19
1630832699.530 58 40 35 32 24 25 20
1630832699.780 58 40 36 34 23 21 21
1630832700.034 58 40 35 35 22 22 20
1630832700.281 59 42 35 33 24 25 19
1630832700.531 55 43 37 35 23 22 21
1630832700.780 58 41 38 32 23 23 19
1630832701.030 57 40 32 32 22 24 20
1630832701.280 55 40 37 33 21 26 20
1630832701.532 59 41 36 32 25 23 19
1630832701.782 56 39 35 33 22 24 20
1630832702.031 59 41 35 32 24 23 22
1630832702.280 61 41 37 32 23 22 20
1630832702.530 54 40 38 33 24 23 20
1630832702.780 55 41 36 34 24 24 20
1630832703.029 58 40 34 32 21 22 22
1630832703.280 57 40 33 32 25 22 23
1630832703.530 61 43 35 33 23 23 19
1630832703.780 56 39 36 31 21 24 20
1630832704.030 56 40 36 31 22 23 21
1630832704.280 58 44 35 33 23 23 20
1630832704.531 57 43 37 30 24 23 21
1630832704.780 58 41 35 32 23 24 21
1630832705.030 58 40 36 33 25 22 20
1630832705.280 56 41 37 34 22 22 20
1630832705.531 56 38 38 34 25 21 20
1630832705.781 59 42 36 34 24 22 20
1630832706.031 60 39 38 31 24 23 20
1630832706.280 58 42 35 36 24 22 22
1630832706.532 59 42 34 34 22 23 21
1630832706.779 55 41 34 32 21 24 20
1630832707.031 58 40 37 36 24 22 21
1630832707.280 55 40 36 35 23 22 20
1630832707.533 61 40 35 33 23 24 21
1630832707.781 56 40 34 32 24 24 20
1630832708.030 54 39 36 33 23 23 21
1630832708.281 55 40 34 34 23 25 22
1630832708.531 56 37 35 31 23 23 23
1630832708.781 58 40 34 32 22 22 20
1630832709.030 58 42 36 34 23 21 20
1630832709.282 56 41 36 32 22 21 22
1630832709.530 58 41 34 35 21 22 22
1630832709.781 56 41 35 32 23 22 19
1630832710.030 56 42 35 32 22 23 21
1630832710.281 55 41 35 34 23 22 20
1630832710.530 57 38 36 32 23 21 20
1630832710.789 58 40 37 31 24 21 20
1630832711.033 58 40 35 32 23 22 22
1630832711.281 55 40 36 33 23 22 21
1630832711.531 60 40 34 33 24 22 20
1630832711.780 56 40 35 33 23 25 20
1630832712.030 56 43 35 34 26 22 21
1630832712.281 61 41 35 33 24 20 22
1630832712.531 61 40 35 33 24 23 20
1630832712.780 60 40 37 32 25 23 21
1630832713.031 56 39 35 32 23 21 21
1630832713.280 59 40 36 31 24 23 19
1630832713.531 58 41 37 31 23 22 21
1630832713.780 59 41 35 32 23 22 21
1630832714.030 55 41 35 31 22 21 22
1630832714.280 55 41 34 32 23 22 19
1630832714.533 58 42 36 31 26 24 19
1630832714.781 55 39 35 32 24 24 21
1630832715.030 57 42 36 32 23 21 22
1630832715.280 57 40 36 33 22 24 20
1630832715.531 57 39 40 31 24 22 21
1630832715.780 56 41 37 31 23 21 22
1630832716.031 58 40 36 34 23 22 21
1630832716.281 58 40 35 34 24 23 20
1630832716.531 58 41 36 34 23 23 20
1630832716.782 56 39 35 33 23 21 22
1630832717.032 57 40 36 31 24 25 20
1630832717.281 59 42 35 32 22 22 20
1630832717.531 58 41 37 30 22 23 21
1630832717.782 55 41 35 31 24 24 24
1630832718.030 60 41 36 31 23 22 20
1630832718.281 54 40 34 33 21 21 22
1630832718.531 57 42 37 34 23 21 21
1630832718.781 56 42 36 31 23 24 20
1630832719.032 59 40 37 32 24 22 20
1630832719.284 56 40 36 36 23 23 20
1630832719.531 54 41 34 32 24 24 19
1630832719.782 59 39 35 32 23 23 21
1630832720.030 57 42 33 35 24 24 20
1630832720.287 55 40 35 32 22 24 20
1630832720.530 54 42 34 32 22 23 21
1630832720.780 59 40 37 32 22 24 20
1630832721.031 58 40 36 33 23 22 22
1630832721.287 59 40 38 31 24 23 20
1630832721.535 57 39 36 32 21 27 21
1630832721.781 58 42 34 34 22 23 21
1630832722.031 56 39 34 30 23 23 20
1630832722.282 60 40 36 32 23 23 20
1630832722.535 57 41 36 32 22 24 23
1630832722.783 60 41 33 32 23 23 21
1630832723.035 57 41 34 34 23 22 20
1630832723.282 58 40 34 32 22 24 20
1630832723.530 58 39 35 33 22 25 20
1630832723.783 57 42 35 33 22 21 21
1630832724.035 55 40 35 34 23 22 22
1630832724.281 56 41 36 32 24 24 22
1630832724.530 59 39 35 32 24 22 21
1630832724.780 58 40 36 33 24 23 23
1630832725.030 59 39 37 32 22 22 20
1630832725.280 58 42 34 32 23 21 20
1630832725.531 58 39 34 33 23 24 22
1630832725.781 56 41 36 33 22 25 22
1630832726.031 58 39 36 33 24 23 20
1630832726.280 57 40 35 34 25 22 20
1630832726.531 57 38 35 34 23 25 20
1630832726.783 59 40 34 32 23 22 18
1630832727.032 58 40 38 33 24 22 22
1630832727.281 58 39 36 34 24 23 21
1630832727.531 60 41 37 34 23 23 21
1630832727.781 59 40 36 35 26 23 20
1630832728.035 57 40 36 33 23 23 21
1630832728.284 58 39 37 32 25 23 20
1630832728.533 59 40 36 32 22 23 22
1630832728.781 55 41 35 33 22 22 20
1630832729.031 59 41 37 32 22 22 19
1630832729.281 60 42 35 31 24 23 22
1630832729.530 57 42 34 34 22 23 21
1630832729.781 59 40 35 34 23 24 20
1630832730.031 57 41 33 34 23 23 21
1630832730.283 58 41 37 34 24 23 20
1630832730.531 58 41 33 31 28 23 20
1630832730.781 57 40 35 34 21 23 22
1630832731.031 60 39 37 34 23 25 21
1630832731.281 58 40 35 31 23 22 20
1630832731.531 57 40 35 33 24 22 22
1630832731.782 57 41 37 34 23 22 20
1630832732.031 57 39 35 31 22 24 22
1630832732.283 54 41 34 34 26 23 21
1630832732.532 59 41 36 34 23 24 20
1630832732.782 59 41 36 33 25 23 20
1630832733.032 59 41 34 31 26 23 21
1630832733.283 58 40 37 31 23 22 20
1630832733.531 59 39 35 35 21 24 20
1630832733.781 56 40 34 34 27 23 22
1630832734.031 59 39 37 34 24 23 20
1630832734.281 56 40 35 35 22 23 21
1630832734.531 57 39 37 33 25 22 21
1630832734.781 59 42 36 32 24 24 20
1630832735.033 55 39 36 32 23 22 20
1630832735.280 57 40 34 35 23 23 21
1630832735.531 56 37 34 33 21 22 21
1630832735.781 55 42 33 35 23 22 21
1630832736.031 58 38 37 32 22 22 20
1630832736.281 56 41 36 34 26 22 20
1630832736.532 57 40 36 35 25 22 22
1630832736.780 60 40 34 35 26 23 23
1630832737.033 59 39 35 35 24 21 20
1630832737.282 55 39 36 33 22 21 21
1630832737.531 57 39 35 35 24 23 19
1630832737.781 57 44 35 33 22 27 21
1630832738.031 57 42 34 33 23 22 20
1630832738.281 56 40 36 33 22 23 20
1630832738.531 58 42 34 34 22 25 20
1630832738.782 54 42 37 33 23 21 21
1630832739.032 55 41 35 34 23 23 20
1630832739.282 56 39 35 38 21 23 21
1630832739.534 57 39 35 34 22 22 22
1630832739.781 57 40 35 33 22 24 18
1630832740.032 57 40 36 32 22 24 19
1630832740.281 59 39 36 31 23 24 19
1630832740.535 57 40 34 33 23 22 20
1630832740.782 61 40 36 33 22 22 21
1630832741.031 55 39 33 32 24 22 21
1630832741.282 56 39 34 32 22 22 20
1630832741.532 63 38 35 33 23 22 22
1630832741.781 58 41 36 32 22 23 22
1630832742.032 57 40 36 32 24 23 20
1630832742.281 58 41 36 34 23 23 21
1630832742.531 61 41 35 32 23 22 21
1630832742.782 59 41 37 33 23 23 23
1630832743.032 58 39 35 34 22 22 20
1630832743.282 58 39 35 33 23 23 20
1630832743.531 58 39 36 34 24 25 22
1630832743.783 58 42 36 32 24 25 22
1630832744.033 58 38 35 32 25 22 20
1630832744.283 60 40 36 34 24 23 21
1630832744.532 58 40 35 32 22 23 22
1630832744.784 55 39 36 30 22 22 20
1630832745.033 58 41 36 33 23 24 21
1630832745.282 57 40 34 32 22 23 22
1630832745.531 56 41 36 32 22 23 21
1630832745.782 61 42 37 33 22 25 20
1630832746.032 59 40 38 32 23 23 20
1630832746.283 59 43 36 31 25 23 21
1630832746.532 58 40 37 33 24 22 21
1630832746.781 57 41 37 34 22 22 22
1630832747.032 59 40 35 32 23 22 23
1630832747.282 59 41 38 35 21 22 21
1630832747.532 57 41 33 32 22 22 20
1630832747.781 55 41 36 32 26 22 19
1630832748.034 56 39 39 35 23 23 20
1630832748.283 59 41 36 33 26 22 19
1630832748.531 55 40 37 32 24 23 22
1630832748.781 56 41 34 32 22 24 20
1630832749.032 59 40 34 34 25 23 19
1630832749.284 58 40 36 33 23 23 21
1630832749.535 58 41 36 32 22 21 22
1630832749.782 56 40 37 33 21 24 21
1630832750.031 60 41 37 32 22 22 21
1630832750.282 57 40 35 33 22 24 21
1630832750.534 59 42 35 32 22 23 20
1630832750.786 55 39 35 32 22 23 20
1630832751.032 61 42 36 34 23 24 20
1630832751.282 55 40 36 31 23 23 22
1630832751.532 57 41 35 31 22 23 22
1630832751.783 57 39 36 32 22 23 22
1630832752.032 57 42 38 33 23 23 22
1630832752.282 57 43 32 33 23 24 21
1630832752.532 59 40 36 32 23 23 20
1630832752.782 58 44 36 33 24 22 21
1630832753.032 54 39 36 33 25 25 20
1630832753.283 57 39 36 35 24 23 19
1630832753.532 56 41 34 31 22 21 20
1630832753.783 55 40 36 35 24 26 20
1630832754.032 59 40 35 34 23 22 20
1630832754.283 59 38 35 31 25 24 20
1630832754.533 61 39 37 33 24 23 21
1630832754.784 56 43 34 33 22 22 20
1630832755.032 55 42 35 33 22 21 22
1630832755.282 54 41 34 33 22 22 20
1630832755.533 54 42 35 33 24 22 22
1630832755.784 60 38 37 31 25 23 20
1630832756.031 57 41 36 34 23 25 25
1630832756.283 59 42 36 33 23 23 23
1630832756.532 57 40 37 33 22 24 20
1630832756.782 58 42 36 35 22 21 21
1630832757.032 55 40 37 31 22 23 20
1630832757.282 56 41 38 33 22 21 21
1630832757.533 58 40 35 32 24 23 21
1630832757.782 60 41 38 33 23 24 21
1630832758.032 57 40 35 34 22 22 20
1630832758.282 56 39 35 34 24 23 21
1630832758.533 58 40 36 32 23 22 21
1630832758.782 55 41 39 32 24 24 20
1630832759.032 59 40 36 33 21 24 21
1630832759.282 59 40 37 32 22 24 20
1630832759.531 56 39 36 34 22 22 21
1630832759.782 58 40 36 34 24 26 21
1630832760.036 59 40 35 35 24 24 21
1630832760.281 58 41 36 35 23 23 20
1630832760.533 58 39 37 34 23 21 22
1630832760.782 60 43 34 33 24 23 19
1630832761.032 55 41 35 32 25 22 19
1630832761.283 58 39 36 36 24 24 21
1630832761.534 56 41 36 32 23 25 21
1630832761.782 54 40 36 34 22 22 19
1630832762.032 58 42 34 33 22 23 20
1630832762.283 58 41 36 34 23 22 24
1630832762.532 59 43 38 34 23 23 21
1630832762.782 55 40 35 33 24 25 19
1630832763.032 57 41 35 32 23 21 22
1630832763.282 59 39 35 33 26 24 22
1630832763.533 58 41 36 32 22 22 19
1630832763.783 56 40 36 32 23 24 20
1630832764.032 53 41 36 32 24 24 22
1630832764.282 58 41 37 34 22 24 22
1630832764.532 60 41 35 34 25 24 22
1630832764.782 58 41 38 33 22 23 19
1630832765.033 59 42 35 33 24 22 19
1630832765.282 58 42 36 34 24 24 23
1630832765.533 59 41 35 33 24 22 23
1630832765.782 60 41 35 32 22 28 20
1630832766.033 56 41 36 34 23 26 22
1630832766.284 60 43 34 33 23 23 21
1630832766.535 56 41 35 32 22 22 18
1630832766.782 58 42 37 33 26 23 20
1630832767.032 56 39 37 35 23 23 21
1630832767.283 59 41 37 34 22 22 19
1630832767.532 57 40 36 33 23 25 24
1630832767.782 55 41 36 32 23 25 21
1630832768.032 56 42 36 33 22 26 20
1630832768.282 57 41 36 32 23 24 22
1630832768.532 59 38 34 32 23 25 20
1630832768.781 61 41 38 32 25 23 22
1630832769.033 58 41 37 34 24 24 19
1630832769.291 58 42 38 36 23 24 21
1630832769.534 59 40 34 32 23 22 18
1630832769.787 57 39 35 32 23 23 20
1630832770.036 56 38 36 33 23 22 21
1630832770.282 55 41 34 31 23 25 22
1630832770.533 55 38 35 33 25 24 21
1630832770.784 56 41 36 33 25 25 20
1630832771.034 59 40 37 33 23 23 20
1630832771.282 59 40 36 32 22 25 19
1630832771.532 59 39 36 34 22 24 21
1630832771.782 58 41 36 32 23 25 23
1630832772.034 58 40 36 34 25 22 19
1630832772.285 57 42 36 32 23 22 21
1630832772.532 57 40 35 33 23 25 19
1630832772.784 57 41 37 34 24 22 20
1630832773.032 56 44 35 31 22 23 20
1630832773.283 57 38 36 32 23 23 22
1630832773.534 56 42 36 34 26 22 21
1630832773.782 58 40 35 33 23 23 22
1630832774.036 60 40 38 31 23 24 20
1630832774.283 56 42 35 32 23 22 23
1630832774.533 56 40 38 33 23 23 20
1630832774.782 55 42 36 30 21 26 20
1630832775.033 58 38 35 32 23 24 19
1630832775.282 55 40 37 32 23 25 20
1630832775.533 55 41 35 33 23 24 20
1630832775.783 58 40 35 34 25 24 21
1630832776.033 59 39 35 34 23 23 21
1630832776.285 59 40 35 31 22 25 22
1630832776.534 55 40 36 32 24 25 22
1630832776.785 57 41 35 33 23 23 20
1630832777.033 62 41 35 33 22 25 20
1630832777.282 55 38 36 33 22 24 20
1630832777.533 58 38 36 33 23 23 20
1630832777.784 55 39 36 32 24 24 19
1630832778.035 59 42 36 33 23 23 19
1630832778.283 55 40 35 31 23 25 21
1630832778.532 58 40 36 34 23 23 21
1630832778.783 54 40 36 33 22 26 22
1630832779.033 57 42 36 32 23 24 19
1630832779.284 55 37 35 34 22 26 20
1630832779.532 59 42 35 32 23 22 20
1630832779.785 59 39 36 35 24 24 20
1630832780.033 53 40 37 37 23 23 20
1630832780.282 57 40 38 34 22 23 23
1630832780.532 58 39 37 32 23 23 20
1630832780.783 59 41 35 34 24 23 23
1630832781.033 61 40 36 33 23 22 21
1630832781.282 56 41 34 35 23 23 19
1630832781.533 59 40 35 34 22 25 22
1630832781.782 58 41 36 31 22 23 23
1630832782.034 57 42 37 32 23 23 21
1630832782.284 58 41 35 34 24 24 22
1630832782.534 56 40 35 32 25 24 20
1630832782.784 57 40 37 33 22 23 22
1630832783.035 56 38 34 30 24 24 19
1630832783.284 57 40 37 33 22 23 21
1630832783.533 57 39 35 33 24 24 22
1630832783.782 55 42 37 32 24 21 19
1630832784.033 58 39 35 34 23 21 20
1630832784.284 57 39 36 31 23 24 20
1630832784.532 59 40 36 34 23 23 21
1630832784.782 58 42 35 33 23 24 20
1630832785.033 56 40 36 32 24 22 21
1630832785.284 58 39 34 32 24 25 22
1630832785.534 58 39 37 34 26 24 20
1630832785.782 59 41 37 34 22 23 20
1630832786.034 56 41 36 34 24 25 20
1630832786.283 60 41 37 33 23 23 21
1630832786.533 57 42 37 32 25 24 23
1630832786.783 56 40 35 36 24 23 21
1630832787.033 57 40 34 32 22 22 21
1630832787.283 55 40 36 32 24 23 21
1630832787.533 57 38 35 35 24 25 20
1630832787.782 56 38 35 31 22 24 22
1630832788.032 55 41 38 33 23 23 19
1630832788.283 57 40 38 31 22 25 20
1630832788.533 56 40 38 33 23 24 22
1630832788.783 59 40 34 35 25 23 23
1630832789.033 61 39 36 35 22 23 21
1630832789.288 55 43 34 34 21 23 20
1630832789.533 58 39 35 31 25 22 20
1630832789.790 56 39 36 32 22 23 23
1630832790.034 57 42 34 31 23 23 21
1630832790.284 59 39 36 34 23 23 23
1630832790.534 57 40 35 32 25 25 20
1630832790.784 59 41 36 31 24 24 21
1630832791.034 55 42 35 32 27 23 21
1630832791.285 57 41 36 33 25 25 20
1630832791.536 59 40 37 33 24 24 20
1630832791.786 61 40 34 33 26 24 19
1630832792.034 55 39 35 34 23 24 19
1630832792.284 57 41 36 32 23 24 20
1630832792.533 57 39 37 33 23 25 21
1630832792.783 59 41 35 31 23 26 21
1630832793.033 59 41 36 33 23 22 20
1630832793.283 54 41 33 34 24 24 23
1630832793.533 58 42 35 33 22 24 22
1630832793.785 57 39 35 34 23 23 22
1630832794.036 58 40 35 32 23 24 19
1630832794.284 56 41 36 33 24 23 21
1630832794.534 56 39 35 33 23 22 19
1630832794.782 56 41 35 33 25 26 22
1630832795.032 56 40 36 32 24 23 21
1630832795.283 59 42 36 32 24 22 21
1630832795.533 57 39 36 33 23 23 19
1630832795.783 57 39 35 32 24 24 22
1630832796.034 57 44 35 31 24 22 22
1630832796.285 61 39 38 34 22 23 21
1630832796.534 59 41 37 32 23 24 20
1630832796.786 58 41 35 34 22 25 21
1630832797.036 55 40 36 32 22 24 19
1630832797.284 58 40 35 34 23 22 21
1630832797.534 53 41 37 32 22 26 19
1630832797.784 58 40 36 33 22 27 20
1630832798.036 55 39 36 34 24 24 20
1630832798.284 61 40 36 32 24 24 21
1630832798.538 57 42 36 32 25 24 19
1630832798.784 57 41 35 31 23 23 22
1630832799.033 56 40 35 31 21 23 21
1630832799.283 58 39 37 33 25 24 19
1630832799.534 58 40 37 30 24 23 20
1630832799.785 58 41 35 32 25 22 22
1630832800.039 54 40 37 32 25 23 19
1630832800.283 59 42 34 32 24 24 20
1630832800.534 58 40 35 31 23 25 22
1630832800.784 57 39 37 32 24 23 20
1630832801.034 57 41 35 33 25 22 20
1630832801.284 54 41 36 35 22 23 21
1630832801.533 57 38 34 32 23 23 19
1630832801.784 60 40 36 31 24 23 22
1630832802.034 58 39 35 33 24 23 20
1630832802.284 58 41 36 33 24 22 23
1630832802.535 58 40 34 34 26 23 20
1630832802.787 56 40 36 31 23 22 21
1630832803.036 58 41 36 32 23 26 19
1630832803.284 59 40 39 36 22 24 19
1630832803.534 57 40 36 32 24 24 22
1630832803.784 56 41 35 33 22 24 19
1630832804.033 57 42 36 34 23 23 20
1630832804.285 57 41 37 35 24 25 21
1630832804.533 59 41 37 33 24 23 20
1630832804.784 58 42 37 32 24 23 22
1630832805.036 56 41 36 31 22 24 21
1630832805.284 57 40 36 30 23 24 22
1630832805.533 55 41 38 34 23 25 20
1630832805.784 57 40 37 32 21 23 21
1630832806.036 60 41 36 33 22 24 20
1630832806.284 58 39 36 34 23 24 20
1630832806.536 57 39 36 33 24 25 22
1630832806.786 58 41 37 33 24 24 21
1630832807.033 54 40 37 31 24 23 20
1630832807.284 57 40 37 33 24 23 20
1630832807.533 59 41 39 34 23 23 20
1630832807.784 56 40 37 31 23 22 20
1630832808.033 58 41 37 33 23 24 20
1630832808.283 58 42 35 31 24 23 22
1630832808.533 56 42 36 33 24 25 20
1630832808.784 57 41 35 33 23 22 21
1630832809.034 55 40 36 35 25 22 22
1630832809.284 56 42 36 33 23 23 22
1630832809.534 57 43 38 32 22 24 20
1630832809.784 58 41 35 35 22 25 22
1630832810.035 59 39 35 32 21 24 23
1630832810.283 60 42 36 32 24 25 20
1630832810.534 58 40 37 32 23 24 21
1630832810.783 57 39 34 32 23 23 21
1630832811.034 56 40 38 33 22 23 20
1630832811.284 57 41 35 32 23 25 21
1630832811.533 57 40 35 32 22 23 20
1630832811.783 58 42 36 33 22 26 20
1630832812.033 57 39 36 32 23 24 21
1630832812.285 57 40 36 32 23 22 20
1630832812.533 57 40 35 32 22 21 20
1630832812.786 58 41 38 32 25 25 20
1630832813.034 57 39 36 33 23 23 23
1630832813.285 57 38 35 32 24 24 20
1630832813.533 56 39 35 32 22 25 19
1630832813.784 57 40 36 32 22 22 19
1630832814.034 59 39 35 32 23 24 22
1630832814.284 56 39 33 33 22 24 20
1630832814.534 60 41 35 33 22 22 22
1630832814.783 56 40 38 32 23 25 20
1630832815.033 54 41 35 33 24 22 18
1630832815.284 60 40 37 34 24 27 20
1630832815.535 54 40 35 31 23 24 21
1630832815.784 56 41 34 34 24 23 22
1630832816.033 57 39 36 34 22 24 21
1630832816.284 58 40 36 31 22 23 21
1630832816.534 56 40 35 33 24 24 20
1630832816.783 58 39 35 32 25 23 20
1630832817.033 56 39 37 31 26 23 21
1630832817.284 59 42 35 32 23 25 18
1630832817.533 56 41 35 33 24 23 23
1630832817.785 61 41 35 34 23 25 22
1630832818.039 59 40 36 33 22 23 21
1630832818.287 56 42 35 30 22 23 19
1630832818.535 56 40 37 31 24 24 22
1630832818.784 56 39 35 33 23 23 21
1630832819.035 59 40 36 34 24 23 21
1630832819.284 58 41 36 33 25 25 21
1630832819.534 59 40 36 32 22 25 19
1630832819.785 56 40 37 32 25 24 20
1630832820.036 55 40 36 33 21 24 21
1630832820.288 57 41 35 29 26 22 21
1630832820.535 57 40 37 31 22 23 20
1630832820.784 60 40 35 34 23 24 20
1630832821.035 59 40 35 33 22 23 20
1630832821.285 56 39 37 32 23 24 21
1630832821.537 56 39 35 32 25 23 21
1630832821.784 56 42 36 33 22 23 19
1630832822.034 59 43 35 33 23 24 20
1630832822.286 55 41 36 32 23 23 20
1630832822.535 60 43 35 32 25 24 20
1630832822.783 56 39 38 34 23 23 20
1630832823.033 58 40 36 32 21 26 20
1630832823.284 57 41 35 31 24 24 23
1630832823.534 59 40 35 32 22 23 20
1630832823.784 55 41 37 33 22 26 20
1630832824.037 57 41 34 32 23 23 21
1630832824.285 60 41 34 33 25 25 20
1630832824.536 58 38 35 34 23 24 19
1630832824.784 57 43 37 33 23 24 19
1630832825.034 60 43 34 34 24 23 20
1630832825.285 57 41 36 32 24 22 20
1630832825.534 57 41 35 33 22 22 24
1630832825.788 59 40 34 34 23 24 19
1630832826.036 55 40 35 31 23 21 22
1630832826.285 55 42 33 31 24 22 22
1630832826.534 54 41 34 33 22 24 19
1630832826.785 58 42 36 33 23 22 20
1630832827.034 55 40 35 32 25 25 24
1630832827.285 56 40 36 31 25 24 21
1630832827.535 55 40 35 33 23 24 23
1630832827.785 57 41 37 34 24 23 20
1630832828.034 59 38 35 32 25 24 20
1630832828.287 57 41 36 35 23 26 22
1630832828.535 58 42 37 35 22 22 20
1630832828.784 58 40 35 35 23 25 22
1630832829.034 57 40 35 31 22 23 20
1630832829.284 60 39 36 32 21 24 21
1630832829.534 58 41 36 32 25 25 19
1630832829.784 58 40 34 33 22 24 20
1630832830.036 54 39 35 33 24 24 20
1630832830.285 57 41 34 32 22 22 20
1630832830.534 56 42 36 32 23 25 20
1630832830.785 57 39 36 32 22 23 21
1630832831.034 57 41 37 31 22 24 21
1630832831.284 59 39 36 30 23 23 21
1630832831.534 58 41 37 30 23 24 20
1630832831.786 55 40 36 33 23 25 21
1630832832.035 56 39 36 33 23 23 19
1630832832.284 57 41 34 34 23 24 21
1630832832.534 56 39 36 34 23 25 21
1630832832.785 55 39 38 32 23 22 19
1630832833.035 57 40 36 33 25 24 19
1630832833.285 57 42 36 32 23 25 20
1630832833.535 55 39 38 31 25 25 22
1630832833.785 57 39 35 33 23 24 23
1630832834.035 56 40 37 32 25 23 20
1630832834.284 59 41 35 36 24 22 20
1630832834.534 54 41 35 32 25 24 20
1630832834.784 61 38 34 33 25 24 20
1630832835.035 54 41 36 32 22 23 21
1630832835.285 57 39 35 34 23 23 21
1630832835.534 57 41 35 32 23 25 19
1630832835.784 57 39 34 30 24 24 21
1630832836.034 59 43 36 34 22 25 22
1630832836.284 58 40 37 34 23 21 23
1630832836.536 55 40 37 33 22 24 21
1630832836.786 54 40 35 34 24 25 20
1630832837.035 60 39 37 32 25 22 21
1630832837.285 58 41 37 31 22 22 22
1630832837.535 59 42 37 30 23 24 20
1630832837.784 58 40 38 32 27 24 20
1630832838.034 60 39 35 33 25 23 21
1630832838.285 60 40 36 32 23 23 21
1630832838.536 58 40 37 33 23 25 20
1630832838.784 62 40 35 33 25 24 19
1630832839.035 60 41 36 33 24 23 21
1630832839.284 55 40 35 32 23 24 20
1630832839.534 56 40 35 31 23 25 21
1630832839.784 58 42 36 33 21 24 19
1630832840.034 59 42 35 32 24 24 21
1630832840.285 56 42 36 32 24 24 21
1630832840.537 54 40 36 33 23 23 19
1630832840.785 60 42 36 31 23 23 21
1630832841.035 59 41 35 32 23 23 21
1630832841.285 57 41 34 34 23 23 21
1630832841.534 58 41 36 31 23 23 19
1630832841.785 55 40 39 33 23 25 19
1630832842.035 56 40 37 31 23 23 20
1630832842.287 56 42 35 33 23 24 19
1630832842.535 55 41 37 33 26 22 21
1630832842.786 56 43 36 32 23 22 20
1630832843.034 59 39 35 34 22 26 20
1630832843.284 62 39 37 34 23 23 21
1630832843.534 59 40 35 34 24 23 21
1630832843.786 55 41 34 32 22 23 19
1630832844.035 57 39 36 30 22 22 19
1630832844.285 59 41 35 33 23 24 21
1630832844.534 55 42 36 33 23 23 19
1630832844.787 56 40 35 33 22 24 20
1630832845.035 56 40 36 32 24 24 21
1630832845.285 57 39 37 34 22 22 21
1630832845.534 57 40 34 32 25 26 21
1630832845.784 57 41 35 33 23 24 21
1630832846.035 60 42 36 33 24 22 19
1630832846.284 58 42 37 33 22 23 19
1630832846.535 59 39 37 34 21 22 22
1630832846.785 57 41 38 33 23 23 21
1630832847.036 57 40 36 32 24 24 20
1630832847.290 56 41 37 32 24 22 21
1630832847.538 58 39 35 35 25 24 20
1630832847.791 57 45 34 32 24 23 22
1630832848.036 58 41 35 34 25 24 19
1630832848.285 55 40 37 32 23 23 21
1630832848.534 60 41 36 31 21 23 21
1630832848.786 55 42 36 32 24 23 22
1630832849.038 59 40 34 31 25 25 20
1630832849.285 58 40 36 34 24 22 22
1630832849.534 60 42 36 33 24 23 20
1630832849.786 55 41 35 33 24 23 23
1630832850.036 56 42 36 34 23 23 18
1630832850.286 58 42 35 32 23 24 22
1630832850.538 58 40 36 32 24 23 21
1630832850.787 59 40 36 33 25 23 21
1630832851.034 58 42 35 33 23 22 22
1630832851.284 58 40 34 33 25 21 20
1630832851.535 55 40 34 32 24 23 21
1630832851.786 61 40 34 32 24 22 20
1630832852.035 60 39 36 34 22 22 21
1630832852.287 54 40 35 33 25 23 21
1630832852.535 58 41 39 34 22 23 20
1630832852.784 54 38 38 34 24 23 22
1630832853.035 57 41 38 34 25 23 22
1630832853.285 58 40 34 34 24 23 21
1630832853.536 60 41 34 34 23 22 23
1630832853.785 55 41 35 32 22 24 20
1630832854.035 58 40 37 34 22 22 19
1630832854.285 56 40 37 34 23 23 22
1630832854.535 56 41 35 31 24 26 20
1630832854.785 60 39 36 32 23 25 21
1630832855.037 58 40 36 31 23 23 21
1630832855.288 57 40 36 34 22 22 21
1630832855.535 59 42 35 32 24 22 21
1630832855.784 58 41 38 32 23 21 21
1630832856.035 57 39 34 31 23 22 21
1630832856.285 57 41 36 31 24 22 23
1630832856.539 57 39 34 30 23 24 21
1630832856.786 59 41 35 33 23 25 21
1630832857.037 59 40 37 33 22 23 20
1630832857.287 59 40 34 33 24 24 22
1630832857.535 54 40 36 33 22 23 19
1630832857.785 56 39 34 36 25 23 20
1630832858.035 54 41 36 33 23 23 21
1630832858.285 55 41 35 32 24 21 22
1630832858.535 58 42 35 32 23 24 20
1630832858.784 56 44 36 34 24 22 20
1630832859.035 59 38 36 33 22 23 22
1630832859.285 56 38 35 33 25 26 19
1630832859.535 58 40 35 35 22 23 19
1630832859.784 58 40 35 34 23 25 19
1630832860.034 58 42 35 32 25 22 23
1630832860.286 57 39 35 33 23 25 23
1630832860.535 55 40 35 31 24 24 24
1630832860.785 59 42 36 32 24 22 23
1630832861.036 55 40 37 32 23 24 19
1630832861.285 54 40 36 33 23 23 21
1630832861.535 59 41 34 32 24 24 21
1630832861.785 55 40 36 34 23 22 21
1630832862.035 56 40 39 32 23 25 20
1630832862.285 58 41 37 34 23 22 22
1630832862.535 58 38 37 34 23 23 21
1630832862.785 57 39 35 33 22 23 20
1630832863.035 58 41 36 32 23 22 23
1630832863.285 57 40 35 34 24 27 19
1630832863.535 58 38 35 32 23 25 18
1630832863.785 56 39 36 32 23 24 20
1630832864.035 54 39 38 34 22 26 22
1630832864.286 55 40 36 34 23 22 23
1630832864.535 58 40 36 35 22 24 20
1630832864.785 60 40 35 32 24 22 20
1630832865.035 56 40 35 32 24 22 19
1630832865.285 56 41 36 34 25 24 22
1630832865.535 59 42 37 32 22 23 20
1630832865.785 61 41 36 34 24 25 22
1630832866.034 56 41 34 31 22 24 22
1630832866.284 58 39 36 33 24 24 22
1630832866.535 57 39 36 32 24 24 19
1630832866.785 56 40 34 33 24 23 21
1630832867.036 56 42 37 32 25 23 20
1630832867.287 55 41 34 32 23 24 21
1630832867.535 57 42 35 34 25 24 20
1630832867.785 60 39 36 33 22 24 22
1630832868.036 56 40 34 32 23 21 22
1630832868.285 55 39 36 32 23 23 21
1630832868.535 57 39 36 33 24 26 20
1630832868.785 56 40 34 35 24 24 20
1630832869.036 56 38 36 33 24 23 21
1630832869.288 56 42 36 34 24 23 19
1630832869.537 56 42 37 33 23 22 21
1630832869.788 57 41 36 34 23 22 21
1630832870.035 56 39 34 33 24 25 20
1630832870.286 55 40 37 32 25 23 20
1630832870.536 58 38 36 33 23 23 21
1630832870.785 56 41 35 34 23 22 21
1630832871.037 58 41 37 31 24 23 21
1630832871.289 57 39 35 36 25 24 20
1630832871.537 60 38 36 31 26 24 21
1630832871.787 57 43 36 33 23 23 20
1630832872.035 58 40 36 32 24 21 22
1630832872.286 57 39 37 32 23 25 20
1630832872.536 56 39 35 33 23 23 21
1630832872.789 58 39 36 32 24 22 20
1630832873.036 58 42 37 33 24 24 21
1630832873.286 56 40 34 32 23 23 20
1630832873.535 54 40 38 31 23 23 19
1630832873.786 58 40 36 34 23 25 22
1630832874.036 59 40 35 33 23 23 21
1630832874.286 57 42 37 32 23 23 21
1630832874.535 58 38 36 32 23 23 23
1630832874.786 57 40 37 31 22 24 21
1630832875.040 59 40 36 32 24 24 21
1630832875.287 57 39 35 32 22 23 21
1630832875.536 56 39 34 32 22 22 20
1630832875.788 59 38 35 30 23 23 20
1630832876.036 57 42 35 34 23 24 20
1630832876.288 56 38 34 32 23 24 20
1630832876.536 56 42 37 32 26 26 19
1630832876.786 58 40 37 32 23 23 20
1630832877.036 58 41 36 31 23 25 19
1630832877.286 58 39 38 34 26 26 22
1630832877.536 58 41 35 33 23 24 24
1630832877.788 60 43 37 30 21 23 19
1630832878.037 54 42 35 34 22 24 21
1630832878.285 56 39 36 32 23 22 20
1630832878.537 55 40 35 32 23 22 21
1630832878.785 59 41 37 32 24 24 21
1630832879.035 57 39 35 32 24 24 21
1630832879.285 57 41 36 33 23 23 20
1630832879.535 58 41 35 34 22 25 21
1630832879.786 57 40 36 31 23 25 20
1630832880.035 57 46 34 32 24 23 21
1630832880.287 58 41 35 32 23 23 21
1630832880.536 55 43 36 31 23 22 23
1630832880.785 55 39 35 35 24 23 20
1630832881.037 57 40 35 33 23 25 22
1630832881.286 57 40 35 34 24 21 19
1630832881.536 58 40 35 33 23 25 21
1630832881.786 57 44 35 32 22 24 21
1630832882.036 54 41 35 32 25 24 23
1630832882.286 56 41 36 34 23 26 19
1630832882.539 61 42 35 33 22 23 20
1630832882.790 55 43 37 33 22 23 21
1630832883.035 60 41 36 34 24 23 20
1630832883.286 56 41 37 31 23 25 23
1630832883.536 56 40 36 32 26 22 20
1630832883.785 57 40 35 31 24 25 20
1630832884.037 58 38 36 33 23 23 21
1630832884.287 58 41 35 32 23 23 22
1630832884.539 55 39 34 32 23 22 21
1630832884.788 60 40 37 31 22 23 21
1630832885.036 56 41 35 31 24 24 22
1630832885.286 61 39 36 31 22 25 22
1630832885.536 56 41 36 32 24 23 21
1630832885.786 55 41 36 33 24 23 20
1630832886.036 55 39 36 30 23 23 20
1630832886.288 56 41 35 32 21 23 21
1630832886.536 58 41 38 35 22 23 21
1630832886.786 58 42 36 32 24 22 21
1630832887.038 58 39 37 32 22 23 20
1630832887.285 58 41 37 33 25 24 19
1630832887.539 58 41 36 32 24 23 20
1630832887.787 56 39 38 31 24 25 19
1630832888.036 58 39 36 31 22 22 22
1630832888.287 54 40 34 34 23 23 20
1630832888.536 61 43 35 33 23 22 21
1630832888.786 59 40 36 32 24 26 21
1630832889.036 58 41 35 33 22 25 20
1630832889.286 58 41 34 31 24 23 22
1630832889.536 57 39 37 33 24 23 21
1630832889.786 56 41 37 34 23 28 20
1630832890.036 57 42 36 33 24 22 20
1630832890.285 58 40 35 35 24 22 21
1630832890.535 57 39 36 32 23 24 20
1630832890.786 61 41 37 33 24 23 21
1630832891.036 57 40 35 33 21 23 22
1630832891.287 57 42 36 32 27 23 20
1630832891.536 58 42 35 33 24 24 22
1630832891.785 58 42 36 33 24 25 21
1630832892.037 55 40 36 34 23 23 24
1630832892.285 59 40 35 32 25 24 18
1630832892.537 57 42 35 33 26 25 22
1630832892.789 58 41 35 35 25 23 21
1630832893.036 58 40 36 33 23 23 21
1630832893.286 56 41 33 34 25 22 20
1630832893.536 58 41 37 34 24 23 22
1630832893.785 54 40 34 33 22 23 20
1630832894.036 56 41 35 32 23 25 20
1630832894.286 56 40 35 33 23 23 20
1630832894.536 59 40 35 34 24 23 20
1630832894.786 56 39 37 32 22 23 21
1630832895.036 53 41 35 32 23 21 21
1630832895.290 54 40 35 32 23 24 21
1630832895.539 57 41 34 30 23 23 20
1630832895.788 59 41 34 33 23 24 23
1630832896.038 55 43 35 33 22 22 21
1630832896.286 56 41 35 33 23 23 20
1630832896.536 56 43 36 33 25 22 24
1630832896.787 59 41 34 30 23 24 21
1630832897.036 60 39 36 33 25 25 21
1630832897.287 56 42 35 33 24 23 21
1630832897.536 57 40 36 32 24 23 21
1630832897.788 55 40 35 31 23 24 21
1630832898.037 56 43 34 34 23 23 22
1630832898.287 55 39 34 32 24 24 21
1630832898.536 61 40 36 29 21 24 20
1630832898.786 60 41 38 33 23 24 23
1630832899.037 57 41 37 32 22 24 20
1630832899.286 59 42 36 33 24 24 19
1630832899.542 60 40 36 32 24 24 20
1630832899.787 56 41 36 33 23 24 20
1630832900.040 58 40 35 32 24 24 18
1630832900.287 56 41 35 31 24 24 20
1630832900.537 59 39 36 33 22 23 24
1630832900.788 56 40 36 32 22 21 21
1630832901.038 61 40 35 33 23 23 21
1630832901.291 54 42 39 32 24 22 20
1630832901.540 59 40 34 34 23 22 21
1630832901.789 56 40 34 33 24 24 19
1630832902.036 58 42 35 34 24 23 21
1630832902.286 57 40 35 32 23 22 21
1630832902.536 58 41 34 33 22 23 20
1630832902.787 59 40 36 32 24 23 19
1630832903.037 56 41 36 31 21 21 22
1630832903.287 58 41 34 32 24 22 22
1630832903.541 56 39 35 34 24 24 21
1630832903.787 60 41 34 36 23 24 20
1630832904.036 62 41 34 34 23 24 21
1630832904.286 56 41 34 31 23 24 20
1630832904.536 59 40 36 34 23 24 23
1630832904.787 59 40 36 36 23 23 20
1630832905.040 59 39 35 35 23 22 18
1630832905.287 59 44 35 32 22 23 20
1630832905.536 57 40 37 33 22 23 19
1630832905.787 55 39 35 32 24 24 22
1630832906.037 57 39 34 34 22 24 19
1630832906.286 58 40 38 30 23 24 21
1630832906.537 57 41 35 32 23 23 21
1630832906.786 59 40 35 33 23 23 21
1630832907.036 58 38 36 34 24 22 22
1630832907.287 57 41 35 32 23 21 20
1630832907.537 57 41 36 32 25 23 21
1630832907.787 59 42 35 33 24 22 21
1630832908.037 56 39 34 32 23 22 20
1630832908.287 57 37 35 33 25 23 20
1630832908.536 59 42 35 33 25 22 21
1630832908.786 57 41 36 33 23 22 21
1630832909.036 56 41 34 31 23 22 20
1630832909.287 56 40 34 32 27 23 20
1630832909.537 57 40 37 32 22 26 21
1630832909.786 55 40 35 33 24 24 20
1630832910.039 55 40 35 33 23 23 20
1630832910.289 57 40 35 34 23 23 21
1630832910.536 61 41 35 32 21 24 20
1630832910.787 57 38 37 31 24 22 25
1630832911.038 59 40 34 32 23 22 20
1630832911.287 56 40 34 31 22 25 24
1630832911.537 59 40 33 31 24 23 21
1630832911.787 55 41 36 32 25 23 22
1630832912.037 57 39 37 31 23 24 19
1630832912.288 57 40 35 32 23 23 20
1630832912.538 58 41 33 31 24 22 22
1630832912.788 59 40 35 31 23 24 21
1630832913.037 55 40 36 34 22 21 21
1630832913.286 54 39 36 32 22 26 22
1630832913.536 56 39 34 35 24 24 20
1630832913.787 60 38 36 30 23 24 20
1630832914.036 55 41 36 33 24 23 21
1630832914.287 56 39 34 32 23 24 21
1630832914.536 58 41 37 33 23 22 20
1630832914.787 59 40 36 31 22 23 20
1630832915.037 56 40 36 31 22 25 22
1630832915.286 56 39 36 30 24 23 20
1630832915.537 57 39 36 33 21 22 20
1630832915.787 58 41 34 31 23 25 22
1630832916.036 57 39 36 33 22 25 21
1630832916.286 58 41 36 33 22 26 23
1630832916.537 59 40 34 32 22 23 22
1630832916.786 57 40 36 34 23 23 20
1630832917.038 58 42 35 33 22 22 22
1630832917.286 58 40 36 33 23 22 21
1630832917.537 55 41 36 34 22 25 22
1630832917.787 60 40 35 32 25 25 19
1630832918.037 58 41 37 31 24 23 20
1630832918.286 59 42 37 34 24 24 20
1630832918.538 58 40 34 33 23 23 19
1630832918.786 54 40 35 32 22 23 20
1630832919.038 58 39 36 31 26 23 22
1630832919.287 59 40 35 32 23 24 20
1630832919.536 56 39 35 32 24 22 21
1630832919.787 56 42 34 30 26 21 21
1630832920.037 58 38 37 35 21 23 20
1630832920.287 55 40 37 31 23 23 20
1630832920.539 58 38 36 31 22 22 20
1630832920.788 57 42 37 31 23 23 23
1630832921.037 57 41 36 32 23 23 21
1630832921.288 55 40 36 32 23 23 18
1630832921.538 57 39 34 33 25 22 21
1630832921.787 56 42 36 33 24 22 22
1630832922.037 56 40 34 32 23 23 21
1630832922.287 57 40 34 31 22 24 21
1630832922.537 59 41 35 33 25 24 21
1630832922.788 56 39 35 30 24 23 21
1630832923.039 57 39 39 30 24 22 21
1630832923.287 58 40 35 32 24 21 20
1630832923.537 58 40 34 31 27 22 23
1630832923.787 57 40 36 32 23 24 21
1630832924.037 60 40 38 32 23 24 21
1630832924.288 56 41 37 32 22 22 21
1630832924.540 58 40 39 32 23 24 20
1630832924.793 58 41 35 32 24 23 20
1630832925.042 58 40 35 33 23 23 18
1630832925.288 57 41 36 32 22 22 19
1630832925.541 55 41 35 34 23 22 19
1630832925.788 60 38 36 31 23 23 20
1630832926.038 57 39 37 31 24 23 20
1630832926.288 54 39 37 33 25 22 22
1630832926.541 57 38 36 33 25 24 19
1630832926.789 57 40 36 31 24 22 20
1630832927.039 57 38 35 32 23 22 21
1630832927.287 55 41 36 32 23 22 22
1630832927.537 57 40 36 32 23 22 20
1630832927.787 55 40 34 32 22 25 20
1630832928.037 54 41 36 33 24 24 22
1630832928.288 59 40 35 32 24 22 18
1630832928.537 59 40 40 33 23 23 20
1630832928.787 55 41 36 31 23 25 18
1630832929.037 57 42 37 30 25 25 20
1630832929.287 56 39 36 31 26 23 19
1630832929.537 58 39 35 32 23 22 19
1630832929.788 57 41 35 31 24 24 20
1630832930.039 56 42 37 32 23 24 22
1630832930.290 55 40 36 34 24 27 20
1630832930.538 56 39 34 33 23 22 20
1630832930.790 58 41 36 30 25 25 19
1630832931.036 56 40 36 33 23 27 21
1630832931.288 59 40 35 32 23 24 21
1630832931.537 54 41 35 31 24 23 21
1630832931.788 60 40 37 32 24 21 21
1630832932.039 59 40 35 33 24 23 20
1630832932.289 57 40 34 32 24 25 20
1630832932.538 57 41 33 32 24 25 21
1630832932.787 57 40 35 33 25 24 20
1630832933.037 59 39 38 32 22 24 21
1630832933.287 56 42 40 34 22 24 20
1630832933.537 63 41 35 34 24 25 19
1630832933.787 56 40 35 34 23 22 19
1630832934.037 57 39 37 34 24 22 19
1630832934.290 59 43 35 32 26 23 20
