1630833793.273 56 37 37 34 27 23 22
1630833793.570 59 36 35 31 28 25 24
1630833793.774 57 41 35 33 27 24 21
1630833794.023 57 38 35 31 26 23 24
1630833794.273 56 39 35 32 25 27 22
1630833794.523 56 36 35 34 28 25 24
1630833794.773 56 37 34 33 25 27 23
1630833795.023 56 38 35 34 27 25 24
1630833795.273 56 41 36 31 25 25 24
1630833795.523 57 37 35 30 25 24 24
1630833795.773 55 38 35 32 25 26 26
1630833796.023 55 36 34 32 26 26 25
1630833796.273 55 37 34 33 25 25 25
1630833796.523 57 37 36 31 26 25 23
1630833796.773 54 37 35 33 25 25 24
1630833797.023 58 37 35 33 26 24 24
1630833797.273 56 37 35 33 27 25 26
1630833797.524 55 39 36 35 26 24 24
1630833797.775 58 39 34 34 24 26 25
1630833798.023 55 38 37 32 25 25 22
1630833798.274 57 38 36 31 27 25 22
1630833798.523 57 38 36 34 27 25 22
1630833798.776 57 39 35 32 26 28 23
1630833799.023 54 38 36 32 27 25 22
1630833799.273 57 39 37 33 25 25 25
1630833799.523 50 38 37 33 28 26 23
1630833799.773 56 37 36 32 27 24 25
1630833800.024 56 38 35 32 26 25 22
1630833800.273 59 38 36 32 27 27 22
1630833800.524 54 37 34 31 27 24 22
1630833800.774 55 37 36 31 24 24 23
1630833801.029 58 37 37 33 26 26 24
1630833801.279 57 37 35 34 25 25 23
1630833801.523 57 38 38 30 27 25 24
1630833801.774 56 38 36 32 29 25 24
1630833802.024 53 39 35 32 26 24 26
1630833802.276 53 39 35 33 26 24 23
1630833802.525 57 38 34 32 26 25 24
1630833802.776 55 35 35 32 26 24 23
1630833803.026 54 39 35 33 26 25 24
1630833803.275 57 37 35 31 26 25 24
1630833803.525 57 36 36 30 28 25 23
1630833803.774 57 38 37 31 27 26 24
1630833804.028 54 39 35 32 27 24 25
1630833804.277 56 41 35 33 27 25 24
1630833804.525 56 40 36 33 27 25 21
1630833804.777 56 41 35 32 29 26 22
1630833805.024 58 39 34 33 26 24 23
1630833805.274 54 38 36 33 27 24 22
1630833805.524 54 38 36 32 28 25 24
1630833805.773 58 38 35 31 26 24 25
1630833806.023 57 37 35 33 27 25 25
1630833806.273 58 37 37 32 27 24 25
1630833806.524 54 37 37 31 26 24 25
1630833806.775 54 38 35 34 26 27 25
1630833807.027 54 36 37 31 26 27 23
1630833807.277 55 39 37 30 28 24 24
1630833807.523 55 39 35 31 25 24 24
1630833807.775 56 37 38 31 26 25 23
1630833808.027 58 37 35 30 28 26 22
1630833808.274 56 39 36 31 25 25 23
1630833808.525 55 37 34 31 26 24 24
1630833808.773 55 38 36 33 25 25 23
1630833809.024 56 39 35 32 26 24 23
1630833809.273 56 37 36 32 30 25 22
1630833809.524 56 36 37 33 29 25 26
1630833809.773 54 38 36 32 25 25 23
1630833810.023 56 38 35 33 26 24 22
1630833810.273 60 36 35 31 28 25 25
1630833810.523 57 37 36 31 27 24 24
1630833810.774 54 37 37 32 26 26 22
1630833811.024 54 37 35 32 26 26 23
1630833811.274 56 39 36 31 27 22 23
1630833811.524 55 37 35 31 26 25 23
1630833811.773 57 38 36 32 26 29 24
1630833812.023 55 40 35 32 27 25 23
1630833812.274 58 39 35 31 26 23 24
1630833812.524 55 38 37 32 25 26 23
1630833812.777 57 40 35 33 25 25 23
1630833813.027 59 39 36 31 28 25 24
1630833813.277 57 40 37 32 25 23 24
1630833813.525 53 39 36 32 26 24 23
1630833813.773 58 38 36 31 27 26 23
1630833814.024 57 40 38 32 25 25 23
1630833814.276 56 37 38 33 26 25 22
1630833814.523 61 38 37 30 28 25 21
1630833814.774 57 38 36 31 27 26 25
1630833815.024 55 38 35 32 28 26 25
1630833815.274 55 37 35 33 28 26 21
1630833815.531 57 40 35 32 27 27 24
1630833815.774 56 39 35 34 27 25 22
1630833816.025 58 38 36 31 28 22 23
1630833816.274 56 37 35 34 26 21 24
1630833816.525 58 37 36 31 29 20 22
1630833816.775 57 37 35 30 26 19 24
1630833817.024 56 36 34 32 28 20 24
1630833817.274 58 36 35 34 26 21 23
1630833817.525 57 37 35 32 26 20 24
1630833817.774 56 36 37 33 28 20 25
1630833818.028 56 35 34 34 26 20 23
1630833818.274 57 37 36 33 24 26 24
1630833818.524 58 36 33 33 28 24 22
1630833818.774 57 36 36 33 26 25 25
1630833819.024 58 39 35 32 26 25 22
1630833819.273 59 38 35 32 26 26 23
1630833819.524 58 37 36 32 28 25 23
1630833819.773 56 36 34 30 26 26 25
1630833820.024 53 35 35 32 29 23 24
1630833820.274 58 36 34 32 29 24 26
1630833820.525 55 36 34 32 26 24 24
1630833820.777 53 39 36 33 26 25 24
1630833821.024 59 35 37 33 27 25 23
1630833821.275 57 40 36 33 28 23 22
1630833821.523 57 36 35 32 26 26 24
1630833821.774 59 37 34 32 25 25 21
1630833822.024 57 38 35 30 26 26 22
1630833822.276 55 37 35 32 26 26 20
1630833822.524 56 35 35 31 27 25 22
1630833822.774 55 36 35 31 26 26 23
1630833823.024 56 35 37 32 25 24 23
1630833823.274 54 36 35 32 27 26 22
1630833823.524 58 38 36 32 25 24 23
1630833823.775 57 36 35 32 26 25 23
1630833824.026 56 35 33 32 27 25 20
1630833824.274 56 36 35 32 27 26 21
1630833824.524 57 35 34 31 27 25 22
1630833824.774 57 37 35 30 26 25 22
1630833825.024 56 39 35 31 28 25 24
1630833825.278 55 38 37 31 27 24 25
1630833825.524 57 35 34 33 27 26 23
1630833825.775 56 34 34 30 25 26 23
1630833826.028 56 37 34 32 27 24 22
1630833826.277 58 37 37 33 26 27 24
1630833826.524 56 36 35 31 26 24 25
1630833826.775 57 35 35 32 28 25 22
1630833827.024 56 36 34 32 25 23 24
1630833827.275 57 35 35 32 27 25 24
1630833827.524 56 34 35 33 25 25 25
1630833827.776 58 35 36 34 27 25 22
1630833828.024 55 35 35 31 26 26 24
1630833828.275 58 36 38 34 25 26 23
1630833828.525 58 34 34 32 28 26 23
1630833828.775 55 39 33 31 27 26 26
1630833829.026 55 35 35 32 26 27 23
1630833829.277 54 36 33 31 26 26 24
1630833829.527 58 37 35 31 24 25 21
1630833829.775 57 36 34 33 27 26 25
1630833830.029 56 36 35 31 29 25 24
1630833830.274 59 36 36 32 27 26 23
1630833830.525 56 36 35 33 28 26 24
1630833830.774 55 35 36 34 29 26 21
1630833831.026 57 38 37 32 27 24 25
1630833831.274 57 37 36 32 28 26 23
1630833831.528 54 36 34 31 26 25 22
1630833831.777 56 40 35 32 27 24 23
1630833832.024 55 36 36 31 25 25 24
1630833832.274 58 37 35 32 27 24 23
1630833832.527 57 36 35 32 28 24 22
1630833832.775 56 37 36 32 28 24 23
1630833833.025 54 42 36 32 27 26 23
1630833833.274 55 39 35 31 27 25 24
1630833833.524 56 37 37 31 26 24 22
1630833833.774 58 36 35 32 26 26 22
1630833834.025 54 38 35 31 27 27 26
1630833834.275 57 36 35 32 27 25 25
1630833834.525 56 37 35 32 27 24 23
1630833834.778 56 35 36 32 26 25 25
1630833835.025 55 37 37 30 27 25 22
1630833835.274 54 36 35 31 25 25 23
1630833835.527 57 37 36 32 26 25 23
1630833835.778 56 37 35 33 27 26 26
1630833836.025 56 38 34 32 25 27 23
1630833836.276 55 36 34 29 26 27 24
1630833836.527 56 36 35 33 26 26 25
1630833836.775 58 35 38 30 27 26 25
1630833837.026 56 38 36 32 27 26 24
1630833837.274 57 36 37 33 26 27 24
1630833837.524 58 36 35 32 27 26 23
1630833837.775 58 36 35 31 27 24 25
1630833838.024 57 36 37 31 28 25 23
1630833838.275 55 35 38 33 25 24 24
1630833838.525 56 36 36 32 24 24 24
1630833838.775 55 37 34 32 27 24 22
1630833839.025 57 36 35 31 29 26 23
1630833839.274 56 36 34 32 27 25 23
1630833839.524 56 37 37 32 27 24 22
1630833839.776 56 37 35 31 26 26 25
1630833840.026 55 36 37 32 28 26 23
1630833840.274 55 37 35 32 26 26 25
1630833840.525 58 36 36 32 27 25 24
1630833840.774 56 37 35 31 26 25 22
1630833841.024 56 37 35 32 26 24 24
1630833841.275 55 37 35 32 28 27 22
1630833841.524 56 35 35 29 27 27 21
1630833841.775 55 37 35 31 27 24 22
1630833842.025 55 36 35 30 30 26 23
1630833842.274 55 35 36 32 26 27 24
1630833842.525 57 37 34 32 26 27 23
1630833842.775 56 35 35 31 27 24 24
1630833843.024 56 36 35 33 28 27 22
1630833843.274 60 35 35 30 28 28 24
1630833843.525 57 37 34 30 26 25 23
1630833843.775 56 38 34 32 28 26 23
1630833844.025 55 36 34 32 27 24 21
1630833844.276 57 34 36 32 27 26 23
1630833844.527 57 35 34 31 27 25 22
1630833844.774 58 37 35 33 28 26 24
1630833845.024 54 37 34 32 26 25 21
1630833845.275 56 37 35 32 27 25 23
1630833845.525 57 37 34 31 27 27 23
1630833845.775 58 37 35 32 27 26 23
1630833846.025 58 37 35 31 28 24 23
1630833846.277 56 38 35 31 26 26 23
1630833846.526 53 37 34 31 25 25 23
1630833846.777 56 37 36 33 29 25 22
1630833847.024 58 37 35 33 25 26 24
1630833847.275 56 35 35 34 28 26 24
1630833847.525 53 35 34 32 28 27 21
1630833847.775 58 35 34 32 26 25 25
1630833848.027 56 37 36 32 26 25 25
1630833848.275 57 36 35 31 26 23 23
1630833848.525 58 38 34 30 28 24 22
1630833848.776 56 36 34 31 25 26 22
1630833849.026 55 38 35 32 27 24 25
1630833849.276 55 38 35 33 26 25 25
1630833849.525 55 38 37 30 25 25 24
1630833849.775 55 37 36 33 25 27 24
1630833850.025 54 35 36 30 31 25 23
1630833850.276 54 36 34 30 28 27 24
1630833850.527 58 39 34 33 25 24 25
1630833850.778 54 37 33 33 27 24 23
1630833851.026 57 37 35 31 26 27 25
1630833851.275 56 38 35 31 28 24 25
1630833851.526 54 37 35 31 27 25 22
1630833851.776 56 38 35 34 28 25 26
1630833852.027 60 36 35 33 27 23 23
1630833852.277 57 36 35 32 26 26 26
1630833852.527 58 36 36 31 26 25 22
1630833852.776 54 38 35 33 26 24 24
1630833853.025 55 36 34 31 25 25 22
1630833853.276 56 35 38 31 27 27 22
1630833853.525 56 35 35 33 27 23 23
1630833853.775 54 36 37 32 28 23 22
1630833854.029 54 36 35 32 28 24 25
1630833854.274 56 38 35 34 26 24 24
1630833854.526 56 37 36 34 28 25 23
1630833854.775 56 36 35 32 25 26 26
1630833855.025 59 36 35 35 25 24 23
1630833855.275 57 36 34 31 28 26 23
1630833855.525 55 35 35 30 25 25 24
1630833855.775 57 35 37 32 26 25 23
1630833856.025 53 37 34 30 27 24 25
1630833856.277 56 37 36 30 25 24 26
1630833856.532 55 37 34 31 26 24 25
1630833856.776 58 36 36 33 26 24 25
1630833857.025 58 37 36 32 27 26 23
1630833857.275 57 35 36 34 29 24 25
1630833857.525 59 36 38 33 28 25 24
1630833857.774 56 36 36 33 27 25 24
1630833858.026 57 35 35 34 28 25 26
1630833858.277 59 36 35 33 26 25 23
1630833858.529 56 36 35 33 27 25 22
1630833858.776 55 36 37 32 28 26 22
1630833859.025 59 38 36 31 26 25 22
1630833859.275 55 36 35 30 25 25 23
1630833859.525 54 36 35 33 29 25 24
1630833859.776 58 39 34 33 28 27 22
1630833860.026 57 37 36 30 26 24 23
1630833860.275 58 37 35 33 26 25 22
1630833860.526 56 38 34 32 25 27 24
1630833860.775 54 37 34 32 26 24 25
1630833861.025 56 38 34 31 25 25 23
1630833861.275 57 38 35 32 25 27 23
1630833861.525 55 35 34 32 26 24 23
1630833861.775 56 40 36 34 27 28 26
1630833862.025 57 36 36 31 24 25 21
1630833862.275 55 36 33 31 26 24 25
1630833862.526 59 38 34 32 28 24 22
1630833862.775 55 36 35 31 27 24 26
1630833863.025 57 38 33 32 29 26 23
1630833863.278 58 38 34 31 25 26 23
1630833863.527 56 37 36 32 27 25 24
1630833863.776 55 38 35 33 28 26 23
1630833864.025 54 37 35 30 27 27 24
1630833864.276 57 37 35 30 27 24 23
1630833864.525 56 39 35 32 25 25 24
1630833864.775 57 37 35 32 26 25 24
1630833865.026 54 37 35 34 25 24 25
1630833865.275 57 38 34 30 28 25 23
1630833865.528 56 34 34 32 25 25 25
1630833865.776 57 39 33 31 25 24 24
1630833866.026 58 36 35 33 29 25 24
1630833866.276 55 38 35 33 26 25 23
1630833866.526 56 36 35 30 25 26 24
1630833866.775 58 37 34 32 27 27 24
1630833867.025 57 36 34 32 27 23 23
1630833867.275 59 36 35 31 27 25 23
1630833867.526 58 39 34 30 27 23 24
1630833867.776 54 36 34 31 28 25 23
1630833868.025 54 35 35 32 26 25 24
1630833868.275 55 35 35 31 26 25 23
1630833868.526 56 37 35 31 25 24 24
1630833868.775 59 39 37 32 26 25 24
1630833869.025 55 36 36 30 26 23 24
1630833869.275 57 37 35 32 29 24 22
1630833869.526 54 38 34 32 25 23 24
1630833869.778 56 38 36 30 28 26 25
1630833870.028 54 38 36 32 26 27 24
1630833870.275 57 38 37 34 25 24 24
1630833870.525 56 38 35 33 28 25 25
1630833870.776 55 38 35 34 29 24 24
1630833871.025 57 35 34 30 26 25 23
1630833871.275 53 37 37 33 25 25 24
1630833871.525 57 35 37 33 28 25 22
1630833871.775 57 35 36 32 27 25 25
1630833872.026 54 38 35 32 26 26 23
1630833872.275 54 38 35 32 29 25 25
1630833872.526 56 36 36 31 27 27 24
1630833872.776 55 37 35 33 25 23 23
1630833873.026 56 38 35 32 27 25 24
1630833873.277 56 37 36 32 29 23 23
1630833873.527 56 39 36 31 25 25 23
1630833873.775 57 38 35 33 26 24 24
1630833874.026 56 38 34 34 26 25 25
1630833874.275 55 37 35 31 26 28 24
1630833874.525 55 38 37 32 27 24 24
1630833874.776 56 38 35 32 28 28 25
1630833875.026 56 39 37 31 27 25 23
1630833875.276 56 36 35 32 27 25 24
1630833875.525 55 37 35 31 27 24 25
1630833875.785 56 37 35 32 29 26 23
1630833876.029 54 38 35 31 27 25 25
1630833876.278 56 38 35 32 27 24 22
1630833876.529 56 36 34 31 31 24 22
1630833876.776 57 37 36 31 27 26 22
1630833877.026 59 37 35 33 29 26 24
1630833877.276 57 38 35 33 26 26 25
1630833877.526 56 37 36 31 26 25 22
1630833877.784 55 36 35 33 27 25 23
1630833878.026 58 38 33 32 27 24 24
1630833878.276 58 39 35 31 26 25 23
1630833878.526 56 39 37 31 27 24 24
1630833878.776 57 38 37 31 26 23 25
1630833879.027 57 37 36 30 28 25 24
1630833879.275 57 38 33 34 29 24 25
1630833879.526 55 36 35 32 27 26 28
1630833879.775 55 39 36 31 29 24 25
1630833880.027 56 38 36 31 27 24 25
1630833880.279 53 39 36 32 28 24 24
1630833880.526 57 37 38 33 28 28 25
1630833880.777 59 38 34 32 28 25 26
1630833881.029 55 38 35 32 27 25 24
1630833881.277 54 36 36 33 26 24 27
1630833881.527 54 38 35 33 27 27 25
1630833881.777 58 38 35 31 27 27 22
1630833882.025 57 39 38 32 29 23 24
1630833882.276 56 37 35 32 27 26 25
1630833882.526 54 39 34 33 25 26 25
1630833882.775 55 37 36 31 27 26 21
1630833883.026 56 36 34 35 27 27 23
1630833883.276 58 38 35 31 26 24 24
1630833883.525 55 38 35 31 28 25 26
1630833883.776 56 38 35 34 27 24 23
1630833884.026 57 40 37 31 27 23 23
1630833884.276 57 39 36 34 27 25 23
1630833884.526 56 37 36 33 27 26 23
1630833884.776 57 37 37 32 26 24 25
1630833885.028 55 37 36 31 28 26 25
1630833885.276 54 36 34 33 27 24 26
1630833885.526 57 38 39 33 27 25 24
1630833885.776 55 35 35 31 26 25 22
1630833886.025 57 37 35 32 27 25 23
1630833886.276 58 37 35 33 31 27 23
1630833886.528 56 37 37 31 27 24 22
1630833886.778 57 38 37 31 27 27 24
1630833887.027 59 37 35 34 26 24 23
1630833887.277 56 38 35 31 27 26 24
1630833887.529 54 38 37 33 27 26 23
1630833887.778 56 37 35 32 27 24 25
1630833888.026 56 36 36 32 26 25 23
1630833888.276 57 39 37 33 26 26 25
1630833888.526 55 38 36 31 27 24 25
1630833888.776 55 38 33 31 28 25 23
1630833889.026 56 37 35 34 28 26 25
1630833889.275 57 36 37 31 28 26 24
1630833889.526 57 38 34 31 26 25 23
1630833889.775 55 37 37 33 27 24 24
1630833890.026 62 38 34 32 29 24 23
1630833890.277 55 40 36 32 27 24 25
1630833890.527 58 39 33 32 27 23 22
1630833890.776 55 41 34 31 26 26 24
1630833891.026 56 38 37 33 25 26 23
1630833891.276 55 38 37 33 27 23 27
1630833891.526 57 40 38 33 27 25 21
1630833891.776 57 37 36 33 25 27 23
1630833892.026 56 40 36 33 25 24 25
1630833892.277 58 39 35 32 27 25 24
1630833892.529 53 40 36 34 26 25 23
1630833892.776 57 39 36 32 27 24 25
1630833893.026 57 38 37 32 26 26 25
1630833893.276 56 38 34 32 29 26 24
1630833893.526 57 37 36 36 27 25 23
1630833893.776 60 40 36 33 26 26 26
1630833894.026 54 38 36 33 25 24 23
1630833894.276 55 35 34 34 28 24 23
1630833894.526 53 37 36 33 27 25 24
1630833894.776 54 38 35 32 26 23 24
1630833895.026 56 38 36 31 28 25 22
1630833895.276 56 37 36 32 26 26 22
1630833895.526 57 36 35 33 27 25 24
1630833895.776 56 36 39 32 28 24 27
1630833896.026 53 38 35 32 27 24 23
1630833896.276 56 38 34 33 27 25 25
1630833896.527 57 36 35 29 29 27 24
1630833896.777 56 38 33 32 29 24 25
1630833897.029 57 36 34 33 27 26 23
1630833897.280 55 36 34 32 28 25 23
1630833897.527 57 37 34 33 27 27 24
1630833897.781 57 37 35 30 26 26 22
1630833898.027 56 38 34 33 27 25 23
1630833898.276 54 36 33 32 25 24 22
1630833898.527 57 37 34 33 27 25 24
1630833898.780 55 36 35 32 26 24 26
1630833899.030 59 36 36 32 28 25 23
1630833899.280 54 38 34 31 30 25 23
1630833899.527 52 36 34 32 27 27 27
1630833899.778 57 37 35 30 25 25 25
1630833900.027 58 40 36 32 28 24 23
1630833900.277 56 39 35 32 26 23 23
1630833900.527 56 36 34 31 27 25 22
1630833900.776 58 36 35 31 26 26 23
1630833901.027 58 36 35 33 27 25 23
1630833901.278 55 39 36 31 27 26 23
1630833901.528 57 37 34 31 27 24 26
1630833901.782 57 34 34 30 27 24 26
1630833902.026 56 37 35 31 28 25 24
1630833902.277 54 37 34 33 28 25 25
1630833902.526 55 35 35 34 28 24 23
1630833902.777 56 40 35 31 28 25 23
1630833903.025 57 38 34 33 27 27 25
1630833903.278 55 38 38 32 26 25 26
1630833903.528 54 39 35 31 26 24 27
1630833903.779 58 39 38 36 25 23 24
1630833904.026 56 36 34 34 28 24 22
1630833904.277 55 36 35 32 28 25 23
1630833904.526 54 35 35 32 28 23 21
1630833904.779 57 36 33 32 29 25 23
1630833905.029 57 40 34 33 29 26 22
1630833905.281 57 37 34 32 28 25 23
1630833905.526 56 37 34 31 28 25 24
1630833905.776 58 36 33 30 28 25 24
1630833906.027 58 37 36 32 27 24 24
1630833906.276 57 36 36 32 28 26 21
1630833906.527 55 37 36 31 27 25 24
1630833906.777 53 38 33 32 29 24 22
1630833907.027 54 38 34 32 28 25 26
1630833907.276 57 38 36 32 26 26 26
1630833907.526 57 37 34 31 27 26 22
1630833907.779 55 37 37 31 27 24 24
1630833908.027 57 37 34 30 28 24 23
1630833908.280 55 39 35 33 27 26 24
1630833908.527 56 38 35 33 27 27 23
1630833908.777 56 35 34 33 26 25 25
1630833909.027 56 37 33 32 26 24 24
1630833909.278 57 36 35 32 29 26 23
1630833909.531 55 39 34 33 26 23 23
1630833909.777 55 37 34 31 28 25 21
1630833910.027 55 39 35 30 27 24 23
1630833910.277 57 37 34 32 28 24 24
1630833910.527 57 39 35 32 26 24 23
1630833910.779 56 37 33 32 27 24 23
1630833911.027 58 37 36 33 29 22 22
1630833911.277 56 38 37 32 29 26 23
1630833911.528 56 39 34 32 27 25 25
1630833911.777 57 37 34 33 26 27 26
1630833912.027 56 39 34 32 28 25 22
1630833912.276 55 41 35 31 27 23 27
1630833912.527 57 38 36 33 26 24 24
1630833912.778 56 40 34 33 28 24 23
1630833913.027 58 40 36 32 27 26 25
1630833913.277 54 40 37 34 27 25 25
1630833913.527 57 36 35 31 28 25 24
1630833913.778 60 37 34 31 26 25 22
1630833914.027 57 38 36 33 26 25 26
1630833914.277 55 36 34 32 27 25 23
1630833914.527 57 35 33 32 30 26 24
1630833914.777 55 37 33 34 26 24 23
1630833915.027 54 35 34 35 28 25 24
1630833915.278 56 35 35 33 25 24 24
1630833915.527 57 38 35 32 27 25 23
1630833915.778 57 37 34 31 28 24 25
1630833916.027 54 37 33 34 27 24 24
1630833916.278 57 37 34 31 27 25 25
1630833916.528 55 36 35 32 26 26 23
1630833916.776 57 39 35 33 28 25 24
1630833917.027 58 35 34 32 28 24 26
1630833917.276 55 36 37 31 28 26 23
1630833917.527 56 37 36 33 27 25 24
1630833917.777 55 38 35 32 29 24 22
1630833918.027 55 36 37 33 28 24 25
1630833918.278 54 39 37 31 28 21 25
1630833918.528 57 39 37 33 28 24 24
1630833918.777 55 39 38 35 27 22 25
1630833919.026 56 38 37 33 28 24 24
1630833919.276 56 39 38 34 28 23 24
1630833919.527 55 41 37 33 28 23 22
1630833919.777 55 36 37 33 27 22 25
1630833920.033 54 36 36 32 28 24 23
1630833920.278 58 39 37 32 27 24 24
1630833920.526 55 37 36 33 27 23 26
1630833920.785 56 37 37 32 28 23 24
1630833921.029 57 38 37 33 27 23 26
1630833921.280 57 40 38 32 26 25 23
1630833921.528 55 39 38 32 28 25 24
1630833921.777 57 36 36 32 28 25 24
1630833922.028 58 37 37 31 27 28 23
1630833922.277 57 36 35 32 28 26 23
1630833922.527 57 40 35 32 26 25 24
1630833922.777 56 37 34 31 29 25 25
1630833923.027 56 36 35 32 28 24 25
1630833923.279 58 38 36 34 25 27 26
1630833923.527 56 38 34 31 27 26 24
1630833923.777 58 37 37 32 27 25 22
1630833924.028 56 40 36 32 28 25 24
1630833924.277 59 39 35 31 27 24 23
1630833924.528 55 36 35 33 27 25 25
1630833924.778 56 39 36 31 25 25 22
1630833925.029 59 38 36 31 27 25 26
1630833925.280 57 36 35 29 26 25 24
1630833925.531 56 38 35 33 26 22 26
1630833925.779 59 36 37 32 26 26 22
1630833926.027 58 38 36 34 27 24 24
1630833926.277 56 37 33 31 25 25 22
1630833926.527 55 37 38 32 27 25 23
1630833926.778 58 39 35 32 27 25 24
1630833927.030 57 35 34 32 26 23 24
1630833927.281 53 36 36 32 28 27 23
1630833927.527 56 37 34 32 25 24 24
1630833927.777 58 37 34 32 27 24 23
1630833928.028 55 38 33 34 27 25 22
1630833928.278 58 37 33 33 27 25 22
1630833928.529 55 37 34 33 26 25 26
1630833928.780 55 35 36 33 26 25 26
1630833929.027 55 39 34 32 28 24 24
1630833929.277 57 37 37 32 28 26 23
1630833929.527 55 39 35 35 28 24 23
1630833929.777 56 34 37 32 27 25 24
1630833930.027 54 39 34 33 27 26 24
1630833930.277 59 37 35 32 28 23 23
1630833930.527 58 36 34 32 27 25 22
1630833930.777 55 38 36 31 28 25 23
1630833931.029 57 35 35 31 27 25 23
1630833931.278 59 36 33 32 29 26 22
1630833931.527 55 37 34 32 27 26 24
1630833931.778 56 37 36 33 28 25 24
1630833932.027 59 36 35 33 26 24 24
1630833932.279 53 37 35 32 28 26 26
1630833932.527 58 37 35 31 27 25 24
1630833932.777 56 38 34 31 27 26 24
1630833933.027 55 36 35 31 30 26 22
1630833933.278 54 35 35 34 27 24 25
1630833933.529 55 38 35 33 27 24 25
1630833933.780 58 37 35 33 28 24 24
1630833934.028 54 38 34 32 30 26 23
1630833934.277 57 38 35 32 30 24 24
1630833934.530 57 37 34 32 27 24 23
1630833934.783 59 36 35 33 27 24 21
1630833935.028 54 36 36 33 28 24 22
1630833935.278 55 37 35 31 27 26 23
1630833935.527 57 38 36 32 27 24 24
1630833935.778 56 37 35 33 30 24 25
1630833936.028 56 36 36 31 27 27 23
1630833936.278 56 39 34 31 27 24 23
1630833936.527 56 36 37 30 28 25 23
1630833936.778 55 36 35 33 27 25 24
1630833937.029 57 35 36 33 29 26 24
1630833937.278 55 38 35 33 28 24 23
1630833937.528 53 37 35 32 29 27 25
1630833937.778 56 39 38 33 26 26 24
1630833938.027 54 37 33 31 29 26 23
1630833938.281 55 37 36 31 27 24 27
1630833938.527 56 36 34 32 28 25 23
1630833938.778 57 36 36 30 29 26 23
1630833939.028 56 37 37 33 30 25 23
1630833939.278 55 38 37 30 26 24 24
1630833939.527 57 38 35 32 26 24 24
1630833939.777 55 37 36 32 26 24 23
1630833940.027 56 37 36 30 28 25 22
1630833940.277 56 42 35 31 26 25 23
1630833940.527 54 37 34 31 26 26 23
1630833940.778 57 38 36 33 25 23 21
1630833941.028 56 39 36 31 28 25 23
1630833941.278 56 37 35 34 27 24 22
1630833941.529 56 38 35 34 27 28 24
1630833941.779 56 37 35 32 25 23 22
1630833942.028 53 37 37 33 26 24 23
1630833942.278 55 39 33 31 26 25 22
1630833942.527 57 37 35 32 28 25 23
1630833942.778 56 39 35 31 27 24 23
1630833943.027 57 37 34 33 26 25 22
1630833943.277 58 37 33 31 25 24 24
1630833943.529 55 38 36 33 28 24 23
1630833943.779 58 37 35 31 25 25 23
1630833944.030 56 38 36 31 28 27 21
1630833944.278 59 37 35 31 27 25 22
1630833944.527 59 36 35 34 26 27 23
1630833944.779 57 37 34 30 29 24 24
1630833945.027 58 37 36 32 27 27 24
1630833945.278 57 38 35 31 26 26 23
1630833945.529 58 38 36 30 27 24 23
1630833945.777 56 37 33 34 26 26 21
1630833946.028 56 38 34 32 27 26 23
1630833946.278 57 36 36 31 28 26 23
1630833946.527 56 36 33 31 27 24 25
1630833946.778 54 36 34 33 28 25 24
1630833947.029 55 37 34 34 26 26 25
1630833947.279 56 35 34 32 26 26 23
1630833947.528 58 36 34 34 26 25 24
1630833947.781 56 35 34 33 26 25 23
1630833948.028 59 35 35 33 27 26 23
1630833948.279 57 35 36 30 27 26 23
1630833948.528 59 35 35 32 29 26 24
1630833948.778 56 37 36 32 27 24 23
1630833949.028 57 36 34 32 27 24 23
1630833949.281 57 36 36 32 25 25 24
1630833949.528 57 38 35 32 27 25 23
1630833949.779 58 37 34 32 29 25 23
1630833950.029 57 35 37 31 25 25 24
1630833950.279 59 34 34 32 28 25 21
1630833950.528 56 35 35 34 28 24 23
1630833950.778 57 37 35 31 26 26 24
1630833951.028 56 36 37 32 28 26 22
1630833951.278 55 36 36 30 26 27 23
1630833951.528 55 36 34 33 26 24 23
1630833951.780 55 35 35 35 27 25 25
1630833952.031 57 37 34 30 27 24 25
1630833952.280 56 35 36 31 25 25 24
1630833952.528 55 35 35 34 26 24 26
1630833952.778 55 35 35 32 28 26 22
1630833953.028 56 35 36 32 28 27 23
1630833953.277 57 35 36 33 29 23 24
1630833953.528 59 38 36 31 27 24 23
1630833953.778 60 39 36 31 24 25 20
1630833954.030 58 35 37 31 28 25 23
1630833954.279 55 34 36 32 26 25 27
1630833954.528 57 37 36 31 29 24 24
1630833954.778 54 35 35 31 26 24 23
1630833955.028 56 37 34 32 27 24 22
1630833955.278 59 36 35 32 30 24 24
1630833955.529 58 35 35 33 27 25 27
1630833955.783 58 37 35 30 28 24 23
1630833956.028 54 38 34 31 28 25 23
1630833956.278 53 37 35 32 27 26 22
1630833956.528 55 37 36 30 28 24 26
1630833956.778 57 37 35 32 29 24 24
1630833957.030 53 36 35 31 26 24 24
1630833957.281 57 37 37 29 26 26 22
1630833957.530 55 33 34 33 26 25 24
1630833957.780 55 38 35 32 26 25 22
1630833958.028 56 36 34 32 27 25 24
1630833958.278 58 38 36 31 27 25 24
1630833958.529 59 37 37 29 28 25 25
1630833958.778 58 38 36 31 29 28 23
1630833959.030 55 36 35 30 25 24 25
1630833959.278 55 37 34 31 28 25 21
1630833959.527 55 35 36 31 27 22 24
1630833959.778 54 35 37 33 27 26 25
1630833960.028 54 35 37 31 29 23 22
1630833960.278 58 36 39 34 28 25 23
1630833960.529 57 36 35 32 30 26 22
1630833960.778 58 36 36 32 27 24 24
1630833961.027 56 35 37 31 26 25 24
1630833961.278 54 36 38 32 27 25 26
1630833961.529 55 34 37 31 26 25 23
1630833961.780 58 35 37 32 27 24 25
1630833962.032 56 36 34 32 27 27 23
1630833962.278 54 35 36 31 25 27 22
1630833962.528 56 37 34 33 27 25 25
1630833962.778 55 36 35 33 27 25 23
1630833963.028 57 36 37 32 28 26 23
1630833963.278 57 37 37 31 25 25 23
1630833963.528 55 38 34 32 27 25 21
1630833963.778 56 35 35 32 25 25 26
1630833964.027 58 37 34 32 26 24 27
1630833964.278 56 35 35 30 27 25 25
1630833964.529 56 35 36 31 25 25 23
1630833964.780 59 36 37 32 26 26 24
1630833965.028 57 35 34 31 26 25 24
1630833965.278 57 37 34 30 27 25 22
1630833965.529 57 36 33 31 26 25 25
1630833965.780 58 36 36 33 25 26 24
1630833966.033 55 38 34 31 27 25 23
1630833966.280 55 36 33 32 27 26 22
1630833966.528 56 39 36 31 26 26 22
1630833966.778 56 38 35 34 27 26 22
1630833967.028 54 36 35 33 26 27 23
1630833967.278 55 36 35 30 25 26 23
1630833967.528 55 37 36 33 27 25 22
1630833967.778 56 37 35 31 26 25 25
1630833968.030 53 38 34 34 26 24 24
1630833968.279 55 37 35 30 28 24 24
1630833968.529 52 38 36 31 26 26 23
1630833968.778 56 37 35 31 26 24 23
1630833969.029 56 37 35 31 26 24 23
1630833969.278 56 37 36 33 26 24 26
1630833969.528 58 39 36 31 25 24 23
1630833969.779 54 39 35 32 26 24 24
1630833970.028 56 38 36 33 26 25 24
1630833970.278 57 35 37 31 27 24 21
1630833970.533 55 37 34 29 27 25 24
1630833970.778 57 36 36 32 27 24 24
1630833971.029 56 37 36 32 27 25 23
1630833971.279 57 37 37 32 27 25 25
1630833971.528 53 37 36 32 27 24 24
1630833971.778 55 36 35 32 26 25 23
1630833972.029 55 38 35 34 27 24 22
1630833972.282 58 34 33 29 27 26 24
1630833972.530 59 36 36 32 27 24 23
1630833972.779 55 36 35 30 26 24 23
1630833973.029 55 36 34 31 27 25 25
1630833973.279 53 36 35 29 28 24 24
1630833973.529 56 36 35 33 27 26 22
1630833973.780 55 35 34 34 26 24 22
1630833974.031 55 38 36 32 28 25 22
1630833974.281 56 34 35 33 28 24 25
1630833974.529 56 36 34 30 28 25 25
1630833974.779 55 38 34 33 28 24 23
1630833975.032 56 38 33 33 25 24 22
1630833975.281 58 37 35 31 28 25 23
1630833975.535 56 36 35 31 26 25 23
1630833975.780 54 38 38 32 25 24 23
1630833976.029 56 37 35 31 29 26 24
1630833976.280 56 37 36 34 27 26 25
1630833976.532 55 36 35 32 27 24 24
1630833976.783 58 39 34 34 25 25 23
1630833977.030 60 37 37 34 28 25 22
1630833977.280 57 37 37 31 28 25 22
1630833977.529 56 35 35 32 27 27 23
1630833977.779 57 37 37 31 26 25 23
1630833978.028 56 36 34 34 28 25 22
1630833978.278 58 35 35 33 29 23 24
1630833978.531 55 37 36 32 26 26 23
1630833978.784 56 37 34 32 27 26 25
1630833979.031 55 36 34 33 26 26 22
1630833979.280 55 36 36 31 28 23 25
1630833979.529 57 38 35 30 27 27 23
1630833979.778 54 37 35 30 27 27 25
1630833980.028 55 37 35 33 28 25 24
1630833980.279 57 35 35 30 26 25 23
1630833980.528 57 38 35 30 28 27 24
1630833980.779 55 37 37 32 26 25 25
1630833981.028 56 37 36 32 28 24 24
1630833981.279 55 37 33 32 29 25 25
1630833981.530 56 36 36 31 28 27 22
1630833981.779 58 36 34 31 26 24 23
1630833982.029 55 36 34 32 28 25 23
1630833982.280 58 37 35 33 27 25 21
1630833982.532 55 35 35 32 26 26 23
1630833982.779 53 37 35 32 25 25 23
1630833983.030 59 37 35 32 28 25 25
1630833983.280 56 36 34 30 25 24 24
1630833983.531 54 37 36 31 27 24 24
1630833983.780 53 37 34 32 26 25 23
1630833984.029 58 36 36 32 28 25 22
1630833984.279 54 38 35 34 28 25 25
1630833984.531 56 35 36 32 28 24 22
1630833984.782 55 35 35 33 26 28 25
1630833985.029 58 38 37 34 25 26 24
1630833985.279 57 34 36 35 27 24 24
1630833985.529 56 35 35 33 27 26 25
1630833985.780 56 37 35 31 26 27 24
1630833986.030 56 35 35 32 29 25 26
1630833986.280 60 35 36 32 25 23 24
1630833986.529 59 34 36 37 27 25 22
1630833986.778 57 35 36 31 27 25 25
1630833987.029 56 36 36 31 28 26 27
1630833987.279 56 33 37 32 26 25 24
1630833987.529 55 34 35 31 27 26 24
1630833987.779 57 35 37 33 25 24 26
1630833988.029 56 36 36 32 25 26 26
1630833988.280 57 37 35 30 27 25 24
1630833988.529 57 34 34 32 28 26 23
1630833988.778 55 37 34 31 28 26 22
1630833989.028 56 36 35 33 26 26 24
1630833989.282 58 37 34 32 28 25 23
1630833989.533 58 37 37 32 28 26 24
1630833989.780 57 36 35 30 28 25 25
1630833990.029 58 37 34 32 27 25 23
1630833990.280 58 35 36 31 28 26 23
1630833990.529 56 37 36 32 29 24 22
1630833990.779 54 35 37 32 27 26 23
1630833991.029 56 37 35 30 26 24 24
1630833991.279 59 36 37 31 27 25 24
1630833991.530 57 35 35 31 29 24 23
1630833991.779 58 38 36 31 26 24 24
1630833992.032 56 36 37 32 27 24 24
1630833992.279 55 35 35 32 29 27 25
1630833992.529 56 36 35 31 26 26 24
1630833992.779 55 39 33 29 26 25 23
1630833993.029 57 36 34 33 24 26 24
1630833993.279 57 35 36 32 26 27 24
1630833993.530 57 36 37 30 25 24 26
1630833993.779 58 37 36 30 26 24 23
1630833994.028 58 36 36 31 28 23 23
1630833994.282 57 36 36 32 27 25 22
1630833994.531 59 37 35 32 25 24 24
1630833994.780 56 38 38 32 26 25 24
1630833995.029 56 38 36 35 27 24 27
1630833995.279 56 38 35 31 29 25 22
1630833995.530 55 36 37 31 25 24 24
1630833995.780 57 36 36 31 26 25 25
1630833996.032 52 35 34 33 26 26 23
1630833996.280 57 38 36 32 25 27 23
1630833996.532 57 35 35 30 27 26 25
1630833996.779 56 37 34 31 27 27 24
1630833997.029 57 37 37 32 29 25 25
1630833997.279 57 38 35 32 26 25 23
1630833997.529 56 36 36 32 26 24 23
1630833997.780 57 37 34 32 26 25 23
1630833998.030 59 37 35 32 27 25 22
1630833998.281 56 34 35 31 25 27 23
1630833998.529 56 36 35 32 27 24 25
1630833998.779 57 37 36 30 26 26 24
1630833999.030 55 38 37 34 25 26 24
1630833999.280 58 38 35 33 27 24 22
1630833999.530 58 35 35 31 26 28 23
1630833999.781 57 34 36 32 24 28 25
1630834000.029 55 35 37 32 27 27 25
1630834000.280 55 36 34 32 26 25 24
1630834000.531 57 37 36 31 27 24 26
1630834000.780 57 36 34 31 28 26 22
1630834001.033 56 36 36 31 28 25 24
1630834001.283 56 37 35 31 26 25 23
1630834001.529 56 36 34 33 27 24 26
1630834001.780 54 37 36 33 27 25 25
1630834002.030 58 37 35 33 28 24 25
1630834002.282 56 36 36 34 28 27 25
1630834002.531 55 37 36 31 27 25 23
1630834002.780 54 36 35 32 27 26 25
1630834003.032 53 35 36 32 29 26 25
1630834003.281 55 37 35 29 27 26 24
1630834003.534 59 36 36 32 27 29 23
1630834003.780 56 35 36 31 28 27 23
1630834004.030 58 37 36 31 25 24 21
1630834004.279 58 37 36 31 25 25 23
1630834004.530 56 36 35 30 28 24 23
1630834004.780 58 37 38 32 25 23 23
1630834005.030 55 38 34 32 25 24 23
1630834005.280 55 36 35 32 27 25 23
1630834005.529 56 35 37 32 27 24 22
1630834005.780 56 36 37 31 25 25 23
1630834006.029 55 36 35 30 28 25 25
1630834006.279 54 35 36 31 26 26 23
1630834006.530 57 36 35 33 27 25 23
1630834006.780 55 36 36 31 25 25 25
1630834007.030 56 37 36 32 28 25 25
1630834007.280 59 35 39 30 28 24 25
1630834007.531 57 36 35 32 27 24 23
1630834007.781 57 36 36 32 25 25 22
1630834008.032 56 36 36 33 27 24 24
1630834008.280 52 37 35 31 30 25 24
1630834008.532 57 37 35 34 27 25 24
1630834008.779 54 34 36 31 27 25 25
1630834009.029 58 37 35 30 27 24 25
1630834009.280 58 36 36 33 26 25 23
1630834009.533 56 36 34 31 27 26 25
1630834009.781 57 37 37 31 26 24 23
1630834010.030 56 36 36 32 28 25 24
1630834010.281 59 37 35 32 27 25 24
1630834010.529 55 37 35 32 25 24 24
1630834010.780 57 36 35 32 27 25 22
1630834011.030 58 39 34 32 24 26 23
1630834011.283 56 37 34 33 26 27 25
1630834011.530 55 40 35 31 25 27 25
1630834011.780 57 38 37 33 25 26 23
1630834012.030 55 36 37 34 27 26 25
1630834012.280 55 38 35 30 28 23 24
1630834012.530 57 37 34 32 28 26 24
1630834012.780 61 36 34 31 27 24 25
1630834013.030 57 36 36 32 27 27 24
1630834013.280 57 38 35 32 29 25 25
1630834013.529 58 38 34 32 29 26 23
1630834013.780 57 36 35 32 26 24 25
1630834014.031 54 38 37 31 25 27 25
1630834014.285 57 37 35 32 26 25 25
1630834014.530 56 36 35 31 27 23 23
1630834014.780 57 36 36 32 28 27 24
1630834015.030 56 37 34 32 28 25 25
1630834015.281 56 38 36 33 24 26 23
1630834015.530 56 36 35 33 27 25 23
1630834015.780 56 41 34 31 27 25 23
1630834016.029 57 36 35 32 28 26 26
1630834016.279 56 37 36 30 27 25 24
1630834016.530 57 37 33 31 26 26 25
1630834016.779 57 39 37 33 25 26 24
1630834017.030 55 39 35 32 27 25 25
1630834017.279 55 37 36 32 26 26 22
1630834017.530 56 35 34 32 28 25 22
1630834017.780 56 37 34 32 27 27 25
1630834018.030 58 39 35 33 26 24 26
1630834018.280 56 37 36 32 27 25 24
1630834018.530 56 37 36 31 27 24 22
1630834018.780 56 37 35 30 28 25 23
1630834019.031 59 36 35 31 27 25 26
1630834019.283 54 37 36 31 26 27 22
1630834019.532 56 36 36 34 26 24 24
1630834019.783 56 35 36 33 26 25 23
1630834020.031 55 37 36 32 27 28 23
1630834020.280 56 36 35 29 28 28 23
1630834020.530 56 36 34 33 27 26 24
1630834020.783 55 37 36 31 28 25 23
1630834021.032 58 36 36 30 30 26 24
1630834021.287 57 36 37 31 28 25 25
1630834021.531 58 37 35 31 25 25 26
1630834021.780 56 38 35 33 27 25 24
1630834022.030 56 37 37 31 27 25 24
1630834022.284 58 37 34 32 27 26 25
1630834022.532 58 37 36 32 24 26 23
1630834022.781 59 37 36 31 28 25 24
1630834023.030 56 34 35 32 28 27 24
1630834023.279 55 35 35 32 28 25 25
1630834023.530 56 38 36 30 27 24 23
1630834023.780 56 38 36 32 28 24 24
1630834024.030 56 36 35 34 27 25 24
1630834024.280 54 37 38 31 28 26 24
1630834024.531 56 36 36 33 27 24 22
1630834024.783 57 34 35 30 28 24 23
1630834025.034 58 37 35 32 29 24 24
1630834025.284 53 35 35 30 27 26 25
1630834025.530 57 36 36 34 27 26 23
1630834025.780 56 37 35 32 28 26 25
1630834026.030 58 36 35 32 28 27 25
1630834026.281 55 36 36 32 28 25 27
1630834026.531 58 40 34 34 27 25 23
1630834026.781 55 36 36 31 27 25 25
1630834027.031 53 39 35 33 29 24 26
1630834027.281 57 37 35 31 27 26 24
1630834027.534 55 35 34 31 28 25 24
1630834027.780 57 36 35 32 24 25 25
1630834028.030 56 36 35 31 27 25 25
1630834028.280 57 35 35 32 26 25 23
1630834028.535 55 37 34 33 27 26 23
1630834028.781 56 37 34 31 27 26 24
1630834029.030 58 35 33 32 27 25 23
1630834029.280 58 38 35 32 26 25 21
1630834029.531 54 37 36 33 26 24 23
1630834029.784 56 37 34 33 27 24 25
1630834030.031 55 37 37 31 27 26 25
1630834030.280 55 34 36 30 27 25 23
1630834030.532 58 38 34 32 24 23 24
1630834030.784 54 38 35 31 25 24 23
1630834031.035 56 39 34 33 27 24 25
1630834031.282 54 37 37 32 28 24 25
1630834031.530 58 36 36 31 25 26 23
1630834031.785 56 37 35 32 27 26 22
1630834032.033 56 37 33 32 27 25 23
1630834032.281 54 39 35 32 25 27 23
1630834032.531 58 37 36 34 24 24 24
1630834032.780 54 35 35 31 26 25 25
1630834033.031 57 36 37 30 28 25 22
1630834033.281 57 38 35 33 27 22 23
1630834033.533 56 38 37 31 26 24 25
1630834033.780 55 37 36 30 28 24 22
1630834034.032 56 37 38 33 27 25 24
1630834034.280 57 36 35 33 29 26 23
1630834034.531 53 35 37 30 28 24 23
1630834034.780 56 37 34 30 28 26 23
1630834035.030 54 36 36 31 27 26 24
1630834035.282 54 37 36 31 27 25 24
1630834035.531 58 37 35 32 29 26 25
1630834035.781 57 35 36 32 28 25 25
1630834036.030 56 38 38 31 27 24 25
1630834036.281 57 37 36 32 26 28 22
1630834036.530 55 37 36 31 27 27 24
1630834036.782 56 37 35 30 28 27 24
1630834037.031 58 36 35 30 26 24 26
1630834037.280 58 36 34 33 27 25 24
1630834037.530 56 37 36 31 30 25 24
1630834037.782 56 37 35 33 28 28 24
1630834038.034 55 35 35 32 26 26 24
1630834038.283 53 36 35 31 26 24 23
1630834038.532 56 37 38 32 25 27 23
1630834038.781 56 34 37 32 25 25 24
1630834039.033 56 36 37 32 27 26 23
1630834039.285 55 35 35 32 28 26 23
1630834039.534 53 38 34 32 28 27 26
1630834039.780 57 36 35 34 28 26 22
1630834040.031 57 35 36 33 31 27 23
1630834040.281 56 38 36 32 28 27 21
1630834040.531 56 36 35 31 26 25 23
1630834040.781 56 35 33 34 28 25 25
1630834041.031 57 36 37 32 28 25 23
1630834041.282 59 37 35 32 28 26 25
1630834041.531 57 35 34 32 26 27 26
1630834041.781 57 37 36 31 29 27 23
1630834042.031 56 37 34 37 29 25 23
1630834042.281 56 36 35 34 28 25 24
1630834042.530 57 36 35 33 27 24 24
1630834042.782 53 35 35 32 28 26 23
1630834043.031 55 37 35 33 29 26 22
1630834043.282 58 35 35 30 26 23 25
1630834043.530 57 36 35 31 30 27 24
1630834043.783 57 36 34 33 27 25 24
1630834044.031 56 36 35 33 29 25 22
1630834044.281 59 36 35 32 28 24 23
1630834044.533 55 37 35 31 28 27 23
1630834044.780 55 37 33 31 29 27 23
1630834045.031 54 37 35 30 27 26 26
1630834045.281 57 37 34 32 28 25 24
1630834045.530 58 36 35 30 27 27 25
1630834045.781 57 35 34 31 27 26 25
1630834046.032 56 34 35 30 29 25 22
1630834046.282 58 38 36 31 26 26 24
1630834046.531 56 36 36 31 25 26 28
1630834046.781 58 35 35 32 28 24 24
1630834047.031 55 36 36 32 26 25 22
1630834047.280 58 36 35 32 27 24 23
1630834047.531 57 37 38 32 27 25 21
1630834047.782 57 36 35 31 27 27 24
1630834048.036 55 39 35 32 28 24 23
1630834048.284 55 37 37 31 26 24 22
1630834048.532 55 38 36 32 28 28 25
1630834048.782 56 38 35 31 26 26 24
1630834049.032 55 37 35 30 27 26 23
1630834049.282 53 37 37 31 28 26 23
1630834049.530 56 33 35 32 26 24 25
1630834049.781 55 38 36 30 29 26 23
1630834050.032 55 38 35 32 27 28 23
1630834050.281 55 35 35 30 30 26 23
1630834050.531 60 36 34 32 29 24 25
1630834050.781 56 38 35 33 29 25 22
1630834051.031 56 36 36 29 28 25 25
1630834051.283 58 36 35 32 30 25 22
1630834051.533 55 38 36 33 26 24 24
1630834051.784 56 35 35 31 26 26 22
1630834052.033 56 37 36 30 29 26 24
1630834052.281 54 35 34 30 24 24 23
1630834052.534 55 35 37 32 25 27 25
1630834052.782 56 40 34 31 26 25 23
1630834053.031 57 36 36 31 26 25 25
1630834053.285 57 37 37 32 28 23 23
1630834053.531 57 37 37 32 25 25 22
1630834053.781 56 36 36 32 26 26 26
1630834054.031 59 37 35 31 27 24 25
1630834054.281 56 36 36 31 27 25 21
1630834054.531 57 35 35 31 26 26 23
1630834054.782 57 36 35 32 26 25 23
1630834055.031 55 37 37 31 26 24 24
1630834055.284 55 36 34 31 28 24 26
1630834055.532 54 37 36 32 27 26 23
1630834055.781 55 38 36 31 26 24 24
1630834056.031 58 38 35 31 28 24 23
1630834056.281 57 36 34 31 26 27 23
1630834056.531 55 36 33 32 29 26 23
1630834056.781 56 36 34 31 27 23 24
1630834057.033 56 36 36 32 28 27 22
1630834057.284 56 36 34 33 25 25 23
1630834057.531 56 36 34 31 28 25 23
1630834057.781 55 35 34 31 27 24 25
1630834058.032 59 37 35 31 28 27 22
1630834058.283 54 37 35 35 26 26 24
1630834058.533 56 35 36 31 27 26 25
1630834058.783 58 37 35 33 27 26 22
1630834059.033 53 37 36 32 28 26 22
1630834059.286 55 38 37 32 26 25 24
1630834059.532 57 38 36 32 29 25 22
1630834059.785 55 35 35 32 25 26 24
1630834060.033 57 36 37 32 27 26 23
1630834060.283 55 38 35 33 26 26 22
1630834060.531 57 37 39 31 26 24 23
1630834060.784 57 36 37 33 25 25 22
1630834061.032 57 39 34 31 26 25 22
1630834061.281 57 38 36 32 25 24 22
1630834061.531 56 38 35 30 27 26 23
1630834061.782 57 39 35 32 26 27 24
1630834062.031 57 38 36 33 27 25 22
1630834062.281 56 37 36 31 27 25 24
1630834062.531 57 39 37 32 29 26 22
1630834062.781 56 37 37 32 27 26 23
1630834063.032 55 39 35 31 28 23 25
1630834063.282 60 37 36 31 27 25 24
1630834063.531 56 36 34 34 28 26 24
1630834063.781 55 35 34 32 27 26 23
1630834064.032 58 37 35 33 28 26 25
1630834064.281 53 36 33 32 26 25 24
1630834064.531 52 35 37 33 27 25 23
1630834064.781 55 36 34 33 26 25 23
1630834065.031 54 38 35 32 29 26 24
1630834065.281 57 35 37 32 26 25 24
1630834065.532 54 35 37 30 27 25 23
1630834065.782 56 35 34 32 27 27 24
1630834066.031 55 38 34 31 26 24 23
1630834066.282 57 37 36 32 27 26 24
1630834066.532 56 36 34 32 25 23 25
1630834066.781 62 36 34 33 27 26 23
1630834067.031 54 36 37 31 27 23 23
1630834067.281 56 36 35 31 26 25 26
1630834067.532 53 35 35 33 28 26 23
1630834067.781 57 36 34 30 26 24 25
1630834068.032 58 35 34 31 25 25 26
1630834068.283 56 35 35 31 26 25 24
1630834068.532 56 34 36 30 27 24 23
1630834068.782 57 34 36 31 27 26 23
1630834069.033 56 36 38 32 27 24 24
1630834069.283 57 38 34 31 28 25 23
1630834069.531 56 38 35 31 28 28 24
1630834069.781 56 36 35 32 27 26 26
1630834070.032 58 36 35 33 26 27 23
1630834070.283 58 37 35 33 28 26 27
1630834070.532 56 38 35 32 28 25 23
1630834070.782 58 34 36 32 26 23 23
1630834071.032 56 36 34 32 27 25 27
1630834071.282 56 36 35 32 26 25 23
1630834071.533 58 37 34 32 29 24 22
1630834071.782 55 36 36 32 30 24 24
1630834072.032 58 36 33 31 26 23 23
1630834072.284 57 38 37 32 28 26 23
1630834072.535 58 37 35 32 29 26 22
1630834072.783 56 35 34 33 26 25 24
1630834073.035 58 37 36 32 29 24 23
1630834073.283 57 35 36 32 27 25 25
1630834073.531 55 38 35 33 27 25 25
1630834073.783 56 36 34 32 27 27 24
1630834074.035 57 35 34 31 27 26 24
1630834074.284 55 37 34 31 26 24 22
1630834074.537 58 36 33 33 28 25 24
1630834074.782 59 38 36 31 26 27 23
1630834075.035 58 35 35 33 27 24 24
1630834075.284 54 39 36 33 26 24 23
1630834075.531 57 37 36 32 27 25 24
1630834075.782 57 35 35 33 26 22 23
1630834076.031 57 35 34 32 27 25 22
1630834076.282 55 38 35 32 28 26 23
1630834076.533 54 36 37 32 30 25 25
1630834076.783 58 36 35 32 27 27 24
1630834077.035 55 36 38 31 28 26 27
1630834077.285 59 36 35 31 28 27 23
1630834077.531 55 37 35 33 29 24 25
1630834077.782 58 37 36 33 27 25 22
1630834078.036 56 37 35 33 25 25 24
1630834078.284 54 36 34 31 29 25 25
1630834078.532 56 37 34 33 27 26 22
1630834078.783 55 36 36 32 30 23 21
1630834079.035 56 36 37 32 28 25 24
1630834079.283 58 35 36 31 27 27 23
1630834079.534 58 36 36 32 26 24 23
1630834079.782 56 36 35 32 29 25 22
1630834080.032 55 38 36 31 26 26 25
1630834080.283 54 35 35 31 26 25 26
1630834080.532 58 37 35 31 30 25 22
1630834080.782 59 35 34 32 27 25 24
1630834081.032 55 35 34 34 29 27 25
1630834081.282 58 35 35 32 27 27 23
1630834081.531 55 36 37 32 27 26 24
1630834081.781 56 37 34 32 29 25 25
1630834082.032 57 36 33 31 27 26 26
1630834082.282 55 35 35 30 29 25 24
1630834082.535 57 36 35 31 27 26 25
1630834082.787 55 35 34 32 27 26 26
1630834083.033 58 38 35 32 28 25 24
1630834083.283 58 36 34 32 25 25 23
1630834083.535 55 37 35 33 26 25 23
1630834083.783 56 39 35 32 28 24 24
1630834084.032 54 36 35 35 27 26 23
1630834084.281 56 37 35 32 28 25 22
1630834084.536 56 38 35 32 28 25 23
1630834084.782 56 36 35 30 26 27 24
1630834085.040 54 38 35 33 28 29 22
1630834085.283 55 37 36 30 27 26 25
1630834085.533 56 38 34 33 27 26 23
1630834085.782 56 36 35 30 27 25 25
1630834086.037 57 36 34 33 29 26 24
1630834086.283 55 35 34 33 28 23 24
1630834086.533 55 35 36 34 25 24 24
1630834086.783 56 37 34 34 28 26 25
1630834087.033 59 35 35 31 27 25 23
1630834087.282 55 37 37 30 28 26 23
1630834087.532 57 37 36 33 28 26 24
1630834087.782 55 36 36 32 26 24 24
1630834088.032 57 36 37 33 27 25 24
1630834088.282 57 36 35 32 27 25 23
1630834088.532 57 36 36 31 27 27 23
1630834088.787 54 37 37 34 27 26 23
1630834089.032 57 36 35 30 29 25 22
1630834089.283 56 36 34 32 28 26 24
1630834089.534 59 37 37 31 28 27 24
1630834089.783 56 36 36 32 28 27 24
1630834090.032 56 36 37 32 27 23 26
1630834090.282 56 39 37 30 27 24 25
1630834090.532 56 35 35 33 25 24 24
1630834090.782 56 36 34 32 26 25 23
1630834091.032 55 36 33 30 27 25 24
1630834091.282 53 35 34 32 25 24 22
1630834091.534 56 35 35 32 27 25 23
1630834091.783 55 36 36 31 28 24 23
1630834092.034 57 35 35 35 27 26 24
1630834092.281 58 34 33 33 27 26 27
1630834092.533 57 38 36 32 28 24 23
1630834092.783 55 36 35 33 26 25 23
1630834093.033 57 35 37 34 28 24 25
1630834093.282 58 37 36 33 28 24 26
1630834093.532 57 35 35 33 27 26 24
1630834093.781 56 37 34 31 27 26 25
1630834094.032 55 37 34 31 27 25 22
1630834094.283 57 34 35 33 28 26 24
1630834094.532 54 38 36 31 28 25 25
1630834094.786 54 38 34 33 31 26 23
1630834095.033 57 36 36 30 26 25 25
1630834095.283 57 36 34 31 30 26 24
1630834095.531 55 38 35 33 30 26 25
1630834095.783 54 38 35 33 27 26 23
1630834096.032 54 36 37 32 29 25 24
1630834096.283 56 37 35 32 27 26 23
1630834096.532 55 37 37 33 27 25 24
1630834096.783 55 38 38 33 27 24 24
1630834097.033 57 35 34 32 26 26 23
1630834097.284 57 35 35 31 28 25 22
1630834097.535 57 36 35 33 28 23 25
1630834097.787 56 39 39 32 27 25 23
1630834098.037 55 36 36 33 27 24 23
1630834098.285 57 38 35 33 24 26 25
1630834098.533 58 35 36 32 26 27 25
1630834098.786 58 35 37 32 28 26 26
1630834099.036 57 37 36 31 27 26 22
1630834099.282 57 36 36 31 27 23 26
1630834099.535 60 35 35 30 26 25 24
1630834099.783 57 35 36 30 25 25 23
1630834100.033 57 36 34 32 26 25 21
1630834100.283 54 38 37 33 28 26 21
1630834100.532 53 36 35 31 26 23 25
1630834100.783 55 37 35 32 29 26 23
1630834101.034 55 37 36 32 28 24 26
1630834101.287 54 35 37 32 26 24 25
1630834101.538 60 36 35 35 27 25 25
1630834101.783 56 37 36 32 25 23 24
1630834102.036 56 35 37 34 27 26 23
1630834102.284 56 35 35 32 29 25 24
1630834102.533 57 36 37 32 26 23 24
1630834102.783 55 37 34 32 28 24 25
1630834103.033 54 36 35 30 27 25 25
1630834103.282 58 36 33 32 26 26 25
1630834103.533 55 36 36 34 28 26 24
1630834103.782 56 38 35 31 28 25 22
1630834104.032 54 37 34 32 26 26 22
1630834104.283 58 36 36 31 28 27 23
1630834104.532 58 35 35 33 26 24 24
1630834104.783 56 35 35 32 27 27 23
1630834105.033 55 37 35 34 26 26 24
1630834105.283 56 37 35 32 27 25 26
1630834105.532 53 36 36 32 27 25 21
1630834105.783 56 37 34 34 27 24 23
1630834106.033 55 34 36 32 26 27 24
1630834106.282 59 37 35 31 28 26 24
1630834106.535 54 35 38 31 26 26 25
1630834106.783 57 35 36 32 26 27 23
1630834107.032 55 36 35 34 29 26 25
1630834107.283 58 36 35 31 28 26 22
1630834107.534 54 37 34 31 28 24 25
1630834107.784 61 36 35 33 26 26 26
1630834108.035 54 35 34 32 28 26 23
1630834108.283 57 36 36 32 27 26 23
1630834108.532 57 36 35 33 26 25 23
1630834108.783 55 36 34 34 28 26 24
1630834109.034 54 36 35 32 29 25 25
1630834109.283 56 36 35 32 28 25 23
1630834109.533 55 35 35 32 29 25 23
1630834109.785 57 37 34 32 26 25 26
1630834110.035 57 36 35 35 28 25 23
1630834110.283 56 37 36 32 27 27 23
1630834110.532 56 37 35 33 27 24 23
1630834110.783 53 36 35 31 28 25 22
1630834111.033 57 35 34 32 29 26 23
1630834111.283 56 38 36 33 25 26 24
1630834111.532 55 34 35 32 28 26 23
1630834111.784 56 38 36 32 27 27 23
1630834112.032 55 36 35 32 26 26 25
1630834112.283 55 39 35 32 28 24 23
1630834112.532 55 37 35 32 28 25 25
1630834112.782 56 36 35 32 28 26 23
1630834113.033 56 38 36 31 28 24 25
1630834113.284 56 36 35 33 28 24 25
1630834113.534 57 36 36 32 28 25 24
1630834113.784 56 37 34 32 25 26 25
1630834114.033 55 36 34 33 27 25 24
1630834114.283 57 40 34 32 27 25 24
1630834114.533 55 36 35 32 25 26 22
1630834114.784 57 36 34 32 25 24 23
1630834115.035 55 36 35 32 27 25 23
1630834115.283 56 36 35 35 27 27 22
1630834115.533 55 37 34 30 27 25 22
1630834115.783 55 38 35 33 27 23 22
1630834116.033 56 35 37 31 28 24 23
1630834116.283 58 38 34 31 25 23 24
1630834116.534 53 38 36 33 28 27 24
1630834116.783 57 36 36 33 29 24 24
1630834117.032 54 36 35 32 29 26 25
1630834117.282 57 37 35 32 27 24 23
1630834117.533 56 35 35 33 26 23 24
1630834117.783 56 38 35 31 28 24 24
1630834118.036 54 36 36 32 28 25 23
1630834118.283 54 36 34 32 24 24 22
1630834118.533 54 37 37 30 26 27 23
1630834118.785 58 36 36 31 29 26 24
1630834119.033 55 38 36 31 28 26 22
1630834119.284 56 37 35 31 26 25 23
1630834119.534 56 37 35 33 26 26 24
1630834119.783 57 37 35 32 25 26 22
1630834120.032 58 36 34 32 27 26 24
1630834120.282 57 37 37 30 28 25 24
1630834120.533 56 36 36 33 27 25 24
1630834120.784 56 36 34 31 27 26 22
1630834121.034 57 36 35 32 26 24 23
1630834121.283 57 35 39 32 27 26 21
1630834121.534 58 35 36 33 27 24 25
1630834121.786 57 37 33 32 28 25 23
1630834122.036 57 36 35 32 27 24 23
1630834122.284 56 34 35 31 26 24 26
1630834122.532 54 35 34 32 28 24 25
1630834122.784 57 36 37 32 28 24 25
1630834123.033 58 37 35 33 26 25 24
1630834123.283 55 35 36 32 26 24 23
1630834123.534 56 34 36 31 27 25 24
1630834123.784 57 36 34 33 27 26 24
1630834124.033 55 37 35 32 26 25 23
1630834124.285 56 36 35 31 27 26 24
1630834124.534 56 36 34 30 25 28 23
1630834124.783 58 36 35 31 26 27 22
1630834125.033 54 37 35 31 26 25 24
1630834125.283 54 35 35 33 26 26 23
1630834125.535 56 36 35 30 27 24 24
1630834125.784 57 37 33 31 24 24 25
1630834126.036 56 36 35 32 28 26 24
1630834126.284 59 38 34 32 27 24 24
1630834126.535 56 37 37 30 28 25 24
1630834126.783 55 34 37 31 28 25 24
1630834127.034 58 36 36 31 26 27 24
1630834127.282 57 36 36 33 26 26 23
1630834127.532 53 37 35 32 26 25 23
1630834127.784 57 36 37 33 27 26 25
1630834128.035 59 36 35 32 28 26 25
1630834128.287 55 37 36 32 27 26 24
1630834128.534 55 35 35 33 26 28 24
1630834128.783 55 36 38 31 25 27 26
1630834129.033 55 37 37 31 27 26 27
1630834129.283 55 36 34 32 25 26 24
1630834129.533 54 36 34 29 27 26 22
1630834129.786 56 37 33 30 27 25 25
1630834130.035 57 34 34 33 28 28 23
1630834130.285 56 35 35 31 28 23 25
1630834130.533 56 36 37 32 29 26 26
1630834130.783 58 37 35 32 26 26 25
1630834131.034 52 37 37 31 27 27 22
1630834131.286 58 36 37 34 26 27 23
1630834131.534 54 37 35 30 27 25 24
1630834131.783 56 36 34 32 29 25 24
1630834132.035 55 35 36 32 27 27 22
1630834132.285 58 34 34 31 29 23 22
1630834132.535 58 35 35 33 26 24 23
1630834132.783 56 36 35 31 26 27 24
1630834133.033 58 36 34 32 26 24 26
1630834133.284 55 37 36 31 24 25 24
1630834133.534 57 37 36 31 26 25 24
1630834133.784 56 37 34 30 26 26 23
1630834134.033 56 38 35 33 30 26 24
1630834134.285 55 37 35 32 27 25 23
1630834134.533 56 35 35 33 26 25 22
1630834134.785 59 36 34 32 25 25 24
1630834135.037 57 35 34 33 26 27 25
1630834135.283 58 36 36 31 26 25 23
1630834135.534 56 36 34 33 29 27 23
1630834135.784 57 36 34 32 28 26 25
1630834136.033 57 37 36 33 25 27 23
1630834136.284 57 37 35 31 26 24 25
1630834136.534 60 36 36 32 29 24 23
1630834136.784 55 36 34 32 27 26 23
1630834137.034 58 37 35 32 27 28 26
1630834137.286 58 39 36 32 28 25 21
1630834137.534 56 38 34 31 29 27 23
1630834137.783 57 35 34 34 27 26 24
1630834138.033 55 37 36 30 27 25 21
1630834138.283 56 37 36 30 26 27 24
1630834138.538 60 37 34 31 28 26 24
1630834138.785 55 37 38 32 26 24 24
1630834139.035 56 35 34 33 27 26 24
1630834139.284 54 37 35 32 29 26 23
1630834139.535 57 36 34 33 27 25 26
1630834139.784 54 36 36 33 26 24 22
1630834140.033 57 37 35 31 28 28 23
1630834140.283 57 35 36 32 27 26 23
1630834140.533 57 37 35 30 26 25 23
1630834140.783 55 36 34 33 28 25 24
1630834141.034 56 36 34 31 27 27 24
1630834141.283 57 37 36 31 29 26 26
1630834141.533 57 36 38 31 29 26 25
1630834141.783 55 36 35 31 30 25 23
1630834142.033 59 34 34 32 28 26 22
1630834142.283 55 35 35 32 28 25 25
1630834142.534 59 36 36 30 27 25 23
1630834142.784 59 37 35 32 27 27 23
1630834143.035 53 36 36 31 28 28 25
1630834143.284 58 36 35 31 26 26 26
1630834143.533 58 35 35 35 28 26 23
1630834143.783 59 37 35 33 29 26 24
1630834144.034 57 35 35 30 26 25 23
1630834144.283 58 36 37 33 27 25 23
1630834144.534 58 36 36 33 26 24 24
1630834144.784 56 39 36 32 28 25 24
1630834145.033 54 36 35 31 28 27 24
1630834145.286 59 40 33 31 26 27 25
1630834145.534 58 37 36 32 25 27 23
1630834145.785 56 36 35 31 27 26 23
1630834146.034 58 36 33 32 26 25 25
1630834146.284 56 36 37 32 27 26 23
1630834146.534 55 37 33 29 26 26 25
1630834146.784 59 36 35 31 27 26 25
1630834147.039 54 36 36 32 28 25 23
1630834147.284 59 34 37 32 27 26 22
1630834147.533 56 37 35 32 28 24 24
1630834147.790 58 39 34 31 27 26 23
1630834148.036 53 38 34 32 28 25 24
1630834148.284 58 36 34 32 26 25 23
1630834148.534 58 36 35 35 26 27 23
1630834148.784 57 36 34 32 28 26 22
1630834149.034 54 37 36 31 28 27 23
1630834149.284 56 37 35 31 28 25 22
1630834149.536 57 37 34 32 27 25 23
1630834149.785 54 35 36 33 27 26 23
1630834150.037 56 38 35 33 28 23 23
1630834150.285 57 37 34 31 27 26 22
1630834150.535 59 35 36 33 25 26 24
1630834150.786 57 34 34 31 28 23 27
1630834151.035 56 35 34 32 26 24 24
1630834151.287 59 37 35 33 26 23 23
1630834151.535 56 36 35 32 26 25 24
1630834151.784 59 36 34 30 26 26 24
1630834152.034 58 36 35 34 27 27 23
1630834152.283 55 37 36 31 27 23 24
1630834152.534 55 36 34 34 27 26 23
1630834152.785 58 36 36 33 28 27 25
1630834153.034 54 35 35 33 28 25 22
1630834153.286 57 36 35 31 27 24 24
1630834153.535 56 40 34 32 30 26 23
1630834153.784 56 37 35 31 26 25 22
1630834154.034 58 37 35 32 28 25 24
1630834154.284 56 34 35 33 25 24 25
1630834154.534 56 36 35 32 25 24 25
1630834154.785 58 34 34 32 28 26 24
1630834155.038 54 38 35 31 24 26 23
1630834155.287 59 35 35 32 27 24 22
1630834155.534 57 36 35 32 28 25 21
1630834155.785 55 38 36 31 26 25 25
1630834156.036 56 36 36 33 26 25 23
1630834156.284 57 39 37 31 26 24 23
1630834156.534 58 37 34 34 27 25 22
1630834156.784 56 37 34 32 26 27 25
1630834157.034 54 36 37 31 29 25 24
1630834157.284 56 36 37 30 27 24 23
1630834157.533 56 36 37 32 27 23 24
1630834157.786 54 37 34 31 28 24 24
1630834158.035 54 35 35 32 26 25 23
1630834158.285 58 36 37 31 26 26 26
1630834158.537 54 36 36 32 28 26 26
1630834158.784 56 35 34 32 26 23 25
1630834159.034 59 35 34 31 27 26 24
1630834159.286 55 34 34 30 26 24 24
1630834159.536 59 38 36 32 28 25 23
1630834159.784 55 35 36 32 27 24 24
1630834160.034 55 36 35 31 28 25 26
1630834160.284 59 35 37 30 26 25 23
1630834160.534 56 37 35 32 26 25 24
1630834160.784 58 35 36 33 27 24 22
1630834161.034 56 36 37 33 29 27 23
1630834161.285 57 36 36 31 26 25 24
1630834161.535 58 35 39 31 27 23 23
1630834161.784 56 38 34 31 25 25 24
1630834162.037 58 34 37 32 28 27 23
1630834162.286 55 37 37 32 27 24 23
1630834162.536 56 35 36 30 26 25 24
1630834162.786 55 36 37 31 28 25 25
1630834163.034 58 36 36 32 28 25 24
1630834163.284 55 35 37 31 28 24 23
1630834163.534 56 36 35 32 26 26 23
1630834163.784 54 39 35 31 25 25 24
1630834164.035 57 37 36 31 28 26 23
1630834164.288 56 37 37 32 26 25 24
1630834164.535 54 37 37 31 28 26 26
1630834164.784 58 35 36 32 26 26 24
1630834165.034 57 37 36 30 27 25 25
1630834165.287 56 35 36 33 26 27 25
1630834165.534 56 36 35 34 26 25 25
1630834165.785 55 37 36 31 26 25 23
1630834166.034 60 37 36 31 25 23 23
1630834166.285 58 37 37 32 25 25 27
1630834166.534 57 34 36 33 29 26 26
1630834166.784 55 36 37 30 25 24 25
1630834167.036 56 37 38 32 27 25 23
1630834167.285 55 36 36 33 28 26 23
1630834167.535 57 37 36 31 27 26 26
1630834167.784 55 34 34 31 27 25 22
1630834168.039 57 36 37 31 29 26 25
1630834168.289 55 35 37 30 27 25 23
1630834168.534 57 34 38 33 25 25 25
1630834168.786 56 37 35 32 26 25 24
1630834169.035 57 36 36 31 29 26 25
1630834169.284 55 36 37 31 27 25 24
1630834169.534 58 36 34 33 27 25 22
1630834169.786 56 36 34 30 29 23 22
1630834170.035 57 36 35 32 26 25 24
1630834170.284 55 34 35 32 29 25 23
1630834170.534 59 35 37 32 27 25 23
1630834170.785 58 36 36 33 27 26 25
1630834171.035 56 35 35 31 28 26 25
1630834171.285 57 35 35 32 27 26 26
1630834171.536 56 35 37 31 28 25 22
1630834171.785 54 36 37 33 27 26 23
1630834172.035 56 36 37 33 27 25 24
1630834172.285 56 36 36 32 29 24 23
1630834172.534 57 35 34 31 27 25 23
1630834172.784 56 36 36 31 26 25 24
1630834173.034 57 38 37 31 27 27 26
1630834173.285 57 35 36 32 27 24 23
1630834173.534 57 35 34 32 29 26 22
1630834173.785 53 39 35 31 27 24 25
1630834174.035 54 37 36 31 28 27 24
1630834174.285 57 38 37 32 27 25 24
1630834174.535 60 37 33 32 31 26 25
1630834174.785 59 37 34 30 28 24 25
1630834175.035 55 36 33 33 28 26 25
1630834175.288 57 36 34 31 27 26 23
1630834175.536 53 36 35 30 28 25 23
1630834175.785 58 37 36 32 26 25 23
1630834176.039 56 37 35 33 26 24 24
1630834176.286 56 38 35 33 27 25 26
1630834176.534 55 37 36 33 26 23 25
1630834176.786 51 38 36 31 28 24 24
1630834177.037 53 35 35 32 27 25 24
1630834177.289 54 35 37 30 26 25 23
1630834177.536 58 36 34 32 27 25 23
1630834177.785 53 35 35 32 28 25 22
1630834178.034 54 36 35 31 27 25 23
1630834178.285 59 36 34 33 31 25 23
1630834178.536 58 37 35 34 27 25 23
1630834178.785 56 38 35 33 28 25 24
1630834179.035 57 36 34 33 28 24 24
1630834179.287 58 38 36 31 31 25 22
1630834179.537 57 36 34 31 26 25 24
1630834179.784 60 37 36 32 28 25 23
1630834180.035 56 34 34 31 27 24 23
1630834180.286 55 36 34 35 25 27 24
1630834180.535 58 41 34 32 28 24 23
1630834180.785 54 38 37 32 26 25 26
1630834181.034 58 36 36 33 28 26 24
1630834181.285 59 37 37 31 26 26 23
1630834181.536 57 37 37 32 27 25 25
1630834181.786 56 36 36 32 28 26 23
1630834182.034 55 37 35 32 27 26 23
1630834182.287 55 35 35 32 29 25 23
1630834182.535 56 37 35 32 27 25 24
1630834182.785 56 35 36 31 28 26 23
1630834183.035 57 37 35 33 26 25 25
1630834183.284 54 37 35 32 28 25 23
1630834183.536 56 38 36 34 27 27 24
1630834183.785 58 37 35 31 26 26 23
1630834184.040 56 39 37 33 26 27 26
1630834184.286 56 35 38 34 26 24 25
1630834184.537 58 38 37 31 27 23 23
1630834184.785 56 38 35 34 28 26 22
1630834185.035 57 35 36 32 27 25 23
1630834185.285 56 37 35 32 26 27 23
1630834185.536 56 36 34 31 26 26 23
1630834185.785 55 38 37 32 27 24 22
1630834186.036 58 37 34 34 31 24 26
1630834186.286 57 36 35 33 25 23 24
1630834186.536 59 35 36 32 27 23 24
1630834186.787 59 35 37 31 27 27 25
1630834187.037 57 38 36 33 26 27 23
1630834187.286 56 35 35 30 26 25 24
1630834187.535 57 36 37 32 25 25 26
1630834187.784 59 35 36 32 26 24 25
1630834188.035 54 34 36 32 28 27 25
1630834188.286 56 37 36 31 28 25 26
1630834188.536 57 37 37 32 25 25 24
1630834188.785 55 37 35 31 26 24 24
1630834189.036 57 34 37 32 28 25 23
1630834189.284 56 36 35 32 28 25 24
1630834189.535 56 36 34 32 29 25 26
1630834189.785 56 36 36 31 28 25 23
1630834190.035 55 36 35 31 27 25 23
1630834190.286 56 36 37 32 29 25 24
1630834190.535 57 36 34 33 27 24 22
1630834190.787 59 36 36 35 29 25 24
1630834191.036 55 36 36 30 26 27 24
1630834191.286 56 35 35 34 25 25 25
1630834191.536 57 35 36 32 25 25 24
1630834191.785 57 36 36 34 28 25 26
1630834192.035 55 37 36 32 27 25 24
1630834192.286 55 34 35 31 30 27 23
1630834192.535 57 35 37 34 29 27 24
1630834192.785 55 36 36 32 25 26 26
1630834193.034 57 35 36 34 28 27 25
1630834193.284 55 36 35 31 26 27 25
1630834193.535 55 38 37 32 26 26 25
1630834193.786 55 34 37 32 26 25 26
1630834194.035 54 34 36 32 29 26 24
1630834194.285 54 37 37 31 27 24 24
1630834194.535 56 37 36 34 26 26 27
1630834194.785 56 37 35 33 27 25 26
1630834195.036 59 38 35 32 29 25 26
1630834195.284 57 36 36 32 29 24 24
1630834195.536 58 35 35 32 28 25 23
1630834195.785 56 35 37 31 29 25 25
1630834196.036 54 35 34 31 27 26 24
1630834196.290 56 35 37 34 28 24 25
1630834196.535 58 36 38 33 27 25 22
1630834196.787 56 37 34 33 25 24 23
1630834197.039 55 37 36 31 27 26 25
1630834197.287 55 37 35 32 26 25 22
1630834197.538 54 37 36 33 24 25 24
1630834197.787 55 37 36 32 28 26 24
1630834198.035 58 37 36 30 27 25 28
1630834198.286 56 34 35 34 27 24 26
1630834198.535 56 38 37 31 26 27 22
1630834198.785 56 37 36 32 26 24 23
1630834199.035 56 37 37 32 29 28 24
1630834199.287 57 35 35 32 26 26 23
1630834199.538 58 37 35 32 27 26 24
1630834199.786 53 37 38 33 27 25 23
1630834200.038 56 35 35 32 28 27 24
1630834200.287 59 35 36 31 30 28 24
1630834200.536 56 37 35 31 26 25 23
1630834200.786 57 36 36 32 27 25 23
1630834201.036 59 34 34 31 30 26 25
1630834201.289 55 37 36 33 27 25 25
1630834201.538 58 37 36 32 27 26 25
1630834201.788 56 37 35 34 28 25 23
1630834202.037 56 36 36 33 28 25 24
1630834202.286 56 37 35 32 29 26 25
1630834202.537 57 36 34 33 28 25 25
1630834202.786 54 35 35 31 27 26 24
1630834203.035 55 36 34 31 27 26 23
1630834203.285 56 36 35 33 27 26 26
1630834203.536 55 38 36 34 27 24 23
1630834203.787 57 36 34 33 26 27 24
1630834204.040 57 36 35 31 26 25 23
1630834204.286 56 35 35 35 27 24 25
1630834204.535 56 38 36 33 27 26 26
1630834204.786 58 36 35 31 27 25 23
1630834205.035 56 36 37 32 30 25 27
1630834205.286 54 36 36 34 30 24 22
1630834205.536 58 36 35 33 28 24 26
1630834205.786 55 37 38 32 25 24 26
1630834206.036 54 37 37 32 27 24 24
1630834206.287 55 37 35 32 27 24 26
1630834206.536 58 36 36 31 25 26 24
1630834206.786 54 37 35 31 26 24 24
1630834207.039 56 37 36 33 28 26 25
1630834207.285 55 35 35 31 27 26 24
1630834207.536 59 35 38 32 26 25 23
1630834207.786 56 37 35 32 25 25 21
1630834208.036 56 36 37 32 28 26 26
1630834208.286 55 36 36 32 25 25 23
1630834208.539 57 34 37 31 28 27 22
1630834208.788 58 37 34 31 28 25 24
1630834209.035 59 36 35 33 28 26 22
1630834209.287 54 37 36 33 26 25 25
1630834209.536 56 38 35 32 27 25 25
1630834209.786 57 37 34 32 27 25 26
1630834210.037 57 36 36 33 32 27 26
1630834210.286 58 36 34 31 27 25 25
1630834210.537 58 40 34 31 25 25 22
1630834210.788 56 36 36 33 28 24 23
1630834211.037 58 35 35 32 28 24 24
1630834211.285 58 36 35 33 25 25 26
1630834211.536 54 36 34 32 26 27 25
1630834211.786 59 36 36 32 28 24 23
1630834212.035 58 38 35 31 26 25 27
1630834212.286 55 36 35 32 27 25 21
1630834212.536 57 38 36 31 28 24 25
1630834212.786 56 36 34 31 28 27 24
1630834213.039 55 35 37 32 28 26 24
1630834213.286 57 38 34 33 26 25 24
1630834213.536 56 36 35 32 27 26 25
1630834213.786 56 36 37 30 26 26 25
1630834214.035 60 36 33 34 27 26 25
1630834214.286 56 34 34 32 28 25 24
1630834214.539 54 37 36 31 28 25 24
1630834214.787 57 38 36 32 27 26 25
1630834215.036 57 36 34 31 27 26 24
1630834215.286 57 37 36 31 28 26 24
1630834215.536 58 36 35 31 27 24 22
1630834215.786 57 36 37 32 27 26 24
1630834216.037 58 36 35 35 27 26 23
1630834216.286 55 36 37 34 27 27 23
1630834216.537 57 37 35 32 26 25 24
1630834216.785 56 38 36 32 26 26 23
1630834217.036 57 40 35 31 28 27 22
1630834217.285 58 36 36 31 27 26 24
1630834217.535 57 38 37 31 25 28 23
1630834217.785 55 36 36 31 27 25 23
1630834218.036 55 37 37 32 26 25 22
1630834218.287 56 39 36 32 27 25 23
1630834218.535 57 38 35 31 28 24 22
1630834218.786 60 37 35 31 27 26 24
1630834219.035 57 37 36 31 29 26 23
1630834219.286 56 36 36 32 26 25 22
1630834219.540 54 35 35 30 27 26 22
1630834219.786 60 36 35 31 28 25 25
1630834220.035 54 35 33 31 27 26 24
1630834220.286 57 39 37 31 26 25 28
1630834220.536 58 37 35 31 27 26 22
1630834220.787 55 36 36 31 28 29 24
1630834221.036 56 37 34 32 26 26 25
1630834221.287 56 37 35 31 27 28 23
1630834221.536 56 37 34 34 26 26 22
1630834221.791 57 36 35 32 27 25 23
1630834222.037 59 36 34 32 28 27 26
1630834222.289 54 34 36 32 28 26 24
1630834222.539 58 36 35 32 27 27 22
1630834222.788 57 39 36 30 29 26 23
1630834223.035 55 38 35 32 27 24 24
1630834223.287 56 37 35 33 27 25 23
1630834223.536 56 36 35 33 27 27 25
1630834223.786 57 36 36 31 26 26 25
1630834224.039 57 37 35 32 26 25 21
1630834224.286 57 38 35 32 27 25 23
1630834224.538 56 38 34 32 29 26 24
1630834224.786 57 33 35 31 28 26 25
1630834225.042 53 34 34 30 27 25 24
1630834225.291 56 35 35 31 26 25 24
1630834225.536 55 37 35 34 26 26 23
1630834225.787 58 37 35 33 28 25 24
1630834226.039 56 34 36 29 28 26 23
1630834226.286 55 38 35 31 28 25 25
1630834226.536 55 38 35 32 26 24 26
1630834226.786 56 37 33 34 28 26 23
1630834227.036 59 37 36 32 28 26 23
1630834227.286 57 38 33 31 25 26 24
1630834227.537 57 35 37 31 28 25 22
1630834227.788 55 36 38 32 27 25 27
1630834228.039 57 36 35 32 26 24 23
1630834228.291 58 35 34 33 28 25 23
1630834228.538 56 38 34 31 27 28 24
1630834228.787 57 37 34 31 27 26 25
1630834229.039 57 35 34 31 28 25 25
1630834229.287 56 38 35 32 27 26 21
1630834229.537 54 34 37 34 27 25 26
1630834229.791 58 35 35 30 27 25 24
1630834230.040 56 36 34 31 30 24 23
1630834230.287 56 35 34 31 28 25 25
1630834230.536 59 35 35 32 29 25 25
1630834230.787 54 37 36 31 30 24 28
1630834231.036 58 34 36 32 29 26 24
1630834231.286 54 36 38 32 29 26 24
1630834231.540 55 39 34 32 26 27 24
1630834231.788 57 37 33 33 30 25 23
1630834232.038 55 36 34 32 27 23 24
1630834232.288 58 35 35 30 26 24 25
1630834232.537 59 36 34 32 26 25 23
1630834232.787 56 37 33 30 26 26 24
1630834233.036 56 35 35 31 26 26 26
1630834233.287 57 36 34 32 28 25 23
1630834233.537 54 37 34 32 26 25 24
1630834233.788 57 37 34 32 26 26 23
1630834234.039 56 36 34 32 28 25 24
1630834234.290 56 36 36 30 27 25 26
1630834234.537 58 35 34 32 28 25 26
1630834234.786 57 36 35 32 26 26 24
1630834235.036 55 36 35 31 24 26 23
1630834235.288 55 37 35 32 27 26 22
1630834235.537 55 37 38 32 24 26 25
1630834235.786 55 36 34 31 26 25 24
1630834236.038 56 37 35 32 26 25 25
1630834236.286 53 37 36 31 28 25 23
1630834236.537 57 39 35 32 28 26 24
1630834236.787 54 36 34 30 27 26 24
1630834237.037 58 36 35 31 28 26 23
1630834237.286 57 36 37 32 26 26 25
1630834237.537 56 37 37 31 29 26 24
1630834237.786 57 36 37 30 26 26 22
1630834238.037 58 37 34 31 27 25 24
1630834238.286 57 36 35 33 27 26 26
1630834238.536 58 37 36 32 28 26 23
1630834238.786 58 36 36 31 29 26 24
1630834239.037 57 38 35 32 28 25 26
1630834239.287 55 37 36 32 26 25 22
1630834239.536 55 38 37 33 29 26 27
1630834239.787 55 37 37 34 29 27 24
1630834240.036 55 36 33 34 28 26 25
1630834240.289 58 36 35 32 28 26 25
1630834240.539 59 36 36 33 28 23 25
1630834240.786 56 37 35 30 26 25 26
1630834241.037 54 41 36 32 31 26 25
1630834241.287 57 38 34 32 26 26 25
1630834241.537 58 36 36 32 29 26 25
1630834241.786 56 36 36 32 29 27 25
1630834242.036 60 36 35 33 27 26 23
1630834242.287 54 37 34 30 27 24 24
1630834242.537 56 36 36 35 26 24 28
1630834242.787 59 37 36 33 25 26 24
1630834243.037 57 38 34 32 27 27 23
1630834243.287 56 37 34 32 28 25 24
1630834243.536 59 36 36 34 28 24 24
1630834243.786 58 36 34 34 26 25 22
1630834244.036 54 37 36 32 26 26 26
1630834244.291 57 38 36 31 29 25 22
1630834244.537 55 36 35 34 27 25 24
1630834244.788 59 37 35 32 26 24 24
1630834245.037 54 36 36 34 28 25 26
1630834245.287 56 37 34 33 27 26 24
1630834245.537 56 38 34 35 28 26 25
1630834245.786 56 37 34 33 27 26 24
1630834246.038 59 37 36 34 27 25 22
1630834246.286 56 38 36 34 27 27 23
1630834246.539 56 37 36 33 29 26 22
1630834246.795 60 38 35 32 26 27 25
1630834247.039 58 37 36 34 27 27 22
1630834247.286 55 36 33 34 26 26 24
1630834247.537 56 36 36 31 27 26 24
1630834247.786 56 39 35 33 28 24 24
1630834248.036 53 36 37 34 27 27 23
1630834248.286 56 36 35 31 27 25 23
1630834248.536 56 37 35 32 27 26 23
1630834248.787 56 38 37 33 28 26 23
1630834249.036 57 37 36 34 28 25 24
1630834249.286 55 37 35 32 27 26 25
1630834249.537 56 37 35 32 28 24 24
1630834249.787 56 36 35 34 27 26 24
1630834250.038 58 36 35 35 28 23 25
1630834250.287 54 38 35 32 29 26 22
1630834250.538 58 36 34 32 27 26 25
1630834250.789 57 37 37 32 26 25 25
1630834251.038 55 38 35 31 28 27 23
1630834251.291 57 36 38 31 29 24 27
1630834251.540 55 37 36 32 28 26 24
1630834251.787 55 36 34 32 29 26 23
1630834252.038 54 36 35 31 27 24 23
1630834252.287 55 36 34 31 26 25 23
1630834252.538 54 38 37 30 26 26 25
1630834252.791 56 37 34 31 28 29 23
1630834253.037 57 38 35 34 29 25 23
1630834253.299 56 37 37 31 29 26 23
1630834253.538 55 38 36 33 27 26 24
1630834253.787 56 36 35 31 27 27 25
1630834254.038 57 35 35 33 26 25 25
1630834254.286 56 35 34 32 28 26 22
1630834254.537 56 36 35 31 27 27 25
1630834254.787 53 38 35 30 26 25 26
1630834255.037 59 38 35 31 27 24 26
1630834255.287 60 35 36 31 28 24 24
1630834255.536 55 36 35 32 27 25 25
1630834255.787 56 37 36 33 26 25 24
1630834256.040 56 37 35 31 27 25 24
1630834256.288 56 35 35 33 27 25 24
1630834256.540 60 36 36 32 28 25 23
1630834256.786 56 35 34 31 28 27 25
1630834257.037 54 36 36 33 28 25 24
1630834257.287 56 35 36 31 28 26 24
1630834257.540 55 35 36 32 27 27 24
1630834257.790 54 35 36 30 28 25 25
1630834258.037 56 36 35 34 26 26 22
1630834258.288 54 36 35 32 29 25 25
1630834258.538 56 37 35 31 28 28 22
1630834258.795 54 37 36 32 27 26 24
1630834259.039 57 36 37 33 27 26 23
1630834259.287 56 36 36 32 27 27 23
1630834259.537 53 40 37 33 26 25 22
1630834259.788 62 36 35 32 26 24 22
1630834260.037 57 35 37 30 27 25 25
1630834260.288 58 37 35 34 26 23 24
1630834260.539 57 35 34 31 29 25 23
1630834260.786 56 35 35 31 27 25 24
1630834261.037 56 36 34 32 27 25 23
1630834261.287 55 38 33 31 26 26 22
1630834261.537 59 38 35 31 26 27 25
1630834261.786 58 38 34 34 28 26 23
1630834262.037 57 37 35 32 28 25 25
1630834262.287 56 37 34 32 27 26 24
1630834262.538 55 36 37 31 27 26 24
1630834262.788 56 35 36 32 27 26 24
1630834263.039 58 36 34 32 29 27 27
1630834263.291 55 37 35 31 27 25 24
1630834263.540 59 37 37 30 27 27 24
1630834263.788 57 36 37 34 26 25 27
1630834264.037 54 37 34 33 29 27 23
1630834264.291 55 36 36 33 26 26 23
1630834264.537 56 37 34 32 28 25 26
1630834264.788 57 40 35 32 26 27 23
1630834265.038 57 36 36 33 28 27 22
1630834265.288 57 37 35 32 28 27 22
1630834265.539 58 36 36 31 29 25 24
1630834265.788 57 36 35 31 28 24 24
1630834266.038 55 36 33 32 26 27 22
1630834266.288 57 38 35 32 27 26 24
1630834266.537 56 36 35 31 27 25 25
1630834266.788 60 37 37 33 26 27 23
1630834267.037 57 38 35 31 27 24 24
1630834267.288 55 36 36 32 26 26 25
1630834267.538 56 35 37 31 27 27 26
1630834267.788 58 35 34 31 26 26 24
1630834268.037 58 35 35 34 25 27 27
1630834268.287 57 36 34 31 26 24 25
1630834268.538 57 37 34 34 26 26 24
1630834268.787 57 36 34 32 27 28 24
1630834269.038 56 38 34 32 27 25 23
1630834269.289 56 36 36 32 27 25 23
1630834269.538 53 37 33 32 27 25 23
1630834269.788 55 35 35 32 28 27 24
1630834270.037 55 36 37 34 28 25 23
1630834270.287 57 39 35 32 26 26 26
1630834270.537 55 36 36 32 28 25 26
1630834270.787 57 39 35 31 27 26 23
1630834271.042 56 35 35 32 27 27 24
1630834271.288 58 37 34 35 26 25 22
1630834271.537 57 38 34 32 28 26 24
1630834271.787 58 34 35 30 28 26 24
1630834272.037 57 36 35 32 27 27 22
1630834272.289 56 38 35 32 27 25 25
1630834272.538 57 37 35 31 26 27 23
1630834272.791 58 40 35 30 27 25 24
1630834273.038 58 36 35 32 26 27 23
1630834273.288 57 35 35 30 28 26 26
1630834273.537 57 39 35 32 29 26 24
1630834273.788 58 36 34 31 28 26 22
1630834274.038 56 37 36 30 27 25 23
1630834274.290 56 38 35 32 29 25 24
1630834274.541 56 36 35 33 27 25 25
1630834274.789 55 36 37 34 27 26 22
1630834275.038 58 37 35 32 29 27 24
1630834275.288 60 34 35 35 28 24 24
1630834275.539 56 36 35 33 30 25 24
1630834275.792 59 39 35 31 27 27 23
1630834276.039 56 34 35 31 27 27 22
1630834276.291 58 37 35 31 27 25 22
1630834276.539 56 36 34 32 27 26 23
1630834276.788 55 36 36 32 28 29 24
1630834277.040 57 37 38 31 27 25 24
1630834277.290 57 36 37 32 26 26 26
1630834277.539 54 36 37 32 26 28 21
1630834277.788 55 35 35 31 30 25 24
1630834278.038 57 34 35 33 26 25 24
1630834278.288 56 37 34 32 26 24 23
1630834278.538 57 36 37 32 27 26 25
1630834278.788 55 38 37 33 26 25 25
1630834279.040 54 37 37 32 25 26 24
1630834279.293 56 36 34 32 28 26 26
1630834279.538 55 35 35 31 25 26 24
1630834279.788 55 36 37 32 28 26 26
1630834280.039 58 35 35 32 28 26 25
1630834280.288 55 38 36 34 27 25 23
1630834280.538 57 35 38 33 25 26 24
1630834280.788 55 36 35 32 25 25 24
1630834281.041 58 36 35 31 27 24 23
1630834281.288 58 35 35 33 27 25 25
1630834281.538 57 38 35 33 26 24 26
1630834281.788 58 33 36 32 26 26 25
1630834282.038 56 36 36 30 26 24 24
1630834282.288 57 35 36 32 28 28 24
1630834282.538 57 36 34 32 28 25 25
1630834282.788 54 36 35 34 27 25 25
1630834283.037 55 37 36 33 26 25 23
1630834283.287 56 36 35 34 28 24 23
1630834283.539 55 37 36 34 26 26 24
1630834283.788 58 35 36 34 29 25 24
1630834284.038 54 36 36 32 27 26 24
1630834284.288 56 38 35 33 28 25 27
1630834284.538 57 37 35 31 26 25 26
1630834284.788 55 36 35 31 27 28 25
1630834285.040 56 39 35 30 28 26 25
1630834285.290 59 36 35 32 27 26 25
1630834285.539 55 36 35 34 26 26 25
1630834285.788 57 36 36 31 28 25 25
1630834286.038 55 38 36 31 30 25 24
1630834286.289 57 34 35 31 28 26 24
1630834286.538 56 35 37 30 27 25 25
1630834286.791 56 36 35 31 27 25 23
1630834287.039 56 35 36 30 26 24 26
1630834287.288 53 39 36 30 27 26 23
1630834287.538 56 35 37 30 27 26 25
1630834287.789 56 35 37 33 27 25 23
1630834288.039 56 35 36 32 27 26 23
1630834288.290 58 35 35 31 27 27 23
1630834288.539 58 35 36 33 28 24 24
1630834288.788 53 36 34 32 30 25 25
1630834289.039 58 38 37 32 28 25 26
1630834289.288 57 36 36 32 29 25 24
1630834289.539 55 38 37 31 29 26 25
1630834289.788 56 37 36 30 29 25 24
1630834290.037 59 38 36 32 31 25 26
1630834290.288 57 36 36 32 26 25 23
1630834290.538 56 35 34 31 26 24 24
1630834290.787 58 37 35 33 27 26 26
1630834291.040 57 36 37 32 28 25 25
1630834291.291 55 37 35 33 27 25 23
1630834291.539 58 38 37 34 28 26 25
1630834291.788 55 37 36 33 28 26 25
1630834292.038 55 37 37 33 26 26 22
1630834292.289 55 36 35 32 29 24 23
1630834292.538 53 37 35 32 26 25 23
1630834292.788 56 35 35 33 27 25 25
1630834293.038 56 38 36 31 29 26 25
1630834293.288 56 39 36 33 28 25 25
1630834293.542 56 38 35 33 28 24 25
1630834293.788 56 37 36 31 26 25 26
1630834294.039 55 36 34 31 29 25 24
1630834294.288 56 36 36 32 26 24 25
1630834294.538 54 37 36 31 28 24 24
1630834294.789 56 38 34 32 28 25 26
1630834295.042 55 37 36 32 26 25 23
1630834295.288 56 35 36 33 27 26 25
1630834295.539 55 37 35 31 26 26 26
1630834295.789 55 36 35 31 30 25 23
1630834296.038 53 36 36 32 26 25 23
1630834296.287 57 37 36 32 25 26 25
1630834296.539 57 36 36 32 28 25 25
1630834296.789 53 36 36 32 27 25 23
1630834297.040 58 36 35 30 27 25 23
1630834297.290 55 37 36 31 27 24 24
1630834297.539 55 35 33 31 27 26 26
1630834297.790 57 37 35 33 26 25 26
1630834298.039 55 37 35 35 26 24 24
1630834298.288 57 37 33 33 27 24 24
1630834298.538 55 37 36 32 26 24 24
1630834298.789 53 35 35 30 26 26 24
1630834299.038 54 34 36 31 27 26 25
1630834299.290 54 35 36 32 28 25 24
1630834299.539 58 36 36 31 25 24 23
1630834299.790 55 36 36 32 26 26 22
1630834300.039 55 35 35 33 29 25 24
1630834300.289 55 36 37 32 28 27 24
1630834300.538 58 37 36 31 29 25 23
1630834300.789 55 38 37 30 26 25 23
1630834301.042 56 35 35 30 27 27 23
1630834301.293 58 36 37 31 28 24 24
1630834301.542 55 36 36 32 27 26 26
1630834301.795 55 36 36 31 28 26 24
1630834302.039 56 35 38 32 28 26 26
1630834302.289 56 37 35 32 26 26 24
1630834302.538 57 39 36 33 27 27 24
1630834302.792 55 36 35 32 29 27 23
1630834303.042 59 36 35 31 27 26 24
1630834303.290 56 37 34 29 27 27 23
1630834303.539 60 36 34 30 28 26 25
1630834303.789 56 37 37 31 27 27 25
1630834304.040 53 35 36 30 27 27 26
1630834304.291 56 36 36 32 28 26 25
1630834304.539 55 35 36 30 26 26 24
1630834304.790 55 35 36 31 26 27 24
1630834305.038 57 35 36 31 29 26 24
1630834305.289 54 37 37 31 27 25 23
1630834305.539 59 36 38 32 27 26 24
1630834305.790 58 36 37 33 26 24 24
1630834306.038 55 37 37 31 27 27 24
1630834306.291 54 35 36 32 29 24 23
1630834306.541 57 38 36 31 28 26 24
1630834306.792 57 38 36 32 24 25 25
1630834307.039 56 37 36 31 26 25 24
1630834307.289 55 36 35 33 25 26 24
1630834307.538 56 38 36 33 28 25 24
1630834307.789 54 38 36 33 26 24 24
1630834308.040 56 37 37 32 26 24 23
1630834308.288 59 37 36 32 26 28 26
1630834308.541 58 37 37 32 28 26 23
1630834308.791 57 36 33 33 27 25 25
1630834309.038 56 37 35 32 27 27 23
1630834309.289 56 36 33 30 28 25 25
1630834309.539 57 37 36 32 26 27 24
1630834309.789 55 36 37 31 25 28 23
1630834310.043 57 37 36 30 28 26 23
1630834310.289 56 37 33 31 27 25 24
1630834310.542 59 39 36 33 26 27 24
1630834310.788 55 36 38 30 27 26 26
1630834311.041 55 38 34 31 27 26 25
1630834311.288 57 37 35 31 28 25 23
1630834311.538 57 38 36 34 27 27 22
1630834311.789 58 37 37 33 28 26 24
1630834312.038 57 37 34 32 26 25 23
1630834312.288 57 35 35 31 25 26 25
1630834312.541 57 38 36 32 26 24 25
1630834312.790 56 35 35 34 28 26 23
1630834313.039 56 36 35 32 26 27 25
1630834313.289 56 35 36 31 29 25 24
1630834313.539 55 37 35 32 27 26 24
1630834313.789 58 36 36 33 27 26 24
1630834314.044 56 36 37 32 28 27 22
1630834314.292 55 37 36 32 29 26 25
1630834314.538 55 37 35 31 26 25 23
1630834314.789 53 37 38 33 27 26 22
1630834315.039 59 35 35 33 29 25 24
1630834315.290 54 38 37 32 29 25 24
1630834315.538 56 36 36 30 28 24 24
1630834315.788 56 36 36 34 26 27 23
1630834316.041 55 36 35 34 28 27 21
1630834316.292 58 35 36 31 28 27 23
1630834316.539 56 35 38 32 29 27 24
1630834316.789 54 38 36 32 29 26 24
1630834317.041 56 35 37 30 28 25 24
1630834317.290 57 36 36 32 28 25 24
1630834317.539 54 37 37 33 28 25 25
1630834317.790 58 36 35 32 28 26 24
1630834318.042 54 38 36 30 26 26 25
1630834318.290 55 36 35 33 27 25 25
1630834318.538 56 38 34 31 29 25 25
1630834318.789 57 36 35 32 27 25 23
1630834319.042 56 36 35 32 26 26 23
1630834319.291 55 36 35 32 30 25 23
1630834319.539 57 36 37 30 27 24 25
1630834319.789 55 37 33 31 28 25 22
1630834320.040 54 35 36 31 26 24 23
1630834320.289 55 35 34 33 28 24 23
1630834320.540 57 35 36 34 26 28 22
1630834320.788 55 37 35 32 26 26 28
1630834321.039 56 36 35 32 27 26 24
1630834321.289 57 37 35 32 28 26 25
1630834321.539 60 38 35 32 29 27 23
1630834321.789 57 34 36 32 27 26 24
1630834322.040 58 35 34 31 27 26 24
1630834322.289 58 36 36 32 28 27 23
1630834322.543 59 36 34 31 27 26 26
1630834322.792 58 37 36 33 27 25 26
1630834323.039 58 35 36 33 26 25 24
1630834323.294 55 34 35 33 26 25 22
1630834323.540 56 37 37 32 30 25 26
1630834323.789 58 34 35 31 26 27 24
1630834324.039 54 35 34 34 27 26 24
1630834324.289 56 36 35 31 27 24 24
1630834324.539 57 38 34 31 26 24 22
1630834324.792 54 36 35 32 25 26 23
1630834325.040 56 36 35 31 30 26 23
1630834325.291 54 37 36 32 25 24 24
1630834325.541 57 35 35 32 26 26 22
1630834325.794 56 37 34 31 27 25 28
1630834326.040 56 35 36 31 26 27 24
1630834326.289 57 35 36 33 29 24 24
1630834326.539 54 39 36 31 29 27 23
1630834326.791 56 38 35 30 26 26 25
1630834327.039 54 37 37 30 27 24 25
1630834327.289 56 34 35 31 26 26 23
1630834327.539 55 38 35 32 26 27 23
1630834327.791 58 35 36 31 27 26 23
1630834328.040 55 37 35 30 26 27 24
1630834328.292 55 36 36 32 27 27 24
1630834328.539 58 36 37 32 28 29 26
1630834328.793 57 38 36 34 29 26 23
1630834329.040 58 35 36 31 29 29 25
1630834329.292 56 36 35 32 26 24 25
1630834329.540 57 36 36 33 29 26 23
1630834329.789 54 35 36 32 27 26 24
1630834330.039 58 36 37 31 25 27 22
1630834330.289 55 36 35 32 24 27 25
1630834330.539 56 35 35 30 27 26 24
1630834330.789 54 36 34 31 28 26 22
1630834331.042 56 38 35 32 30 27 25
1630834331.291 57 37 37 31 27 27 25
1630834331.540 56 36 38 31 28 26 24
1630834331.789 59 36 35 32 27 25 26
1630834332.039 54 35 37 33 29 28 25
1630834332.289 57 34 35 34 26 26 24
1630834332.543 56 37 35 31 27 25 23
1630834332.791 54 36 36 34 28 26 23
1630834333.041 56 35 39 33 26 28 24
1630834333.290 59 37 35 31 30 27 25
1630834333.540 55 35 36 30 26 25 24
1630834333.790 56 37 34 31 26 26 25
1630834334.040 58 38 36 35 27 24 24
1630834334.289 55 36 36 33 26 26 25
1630834334.540 54 39 35 31 27 25 24
1630834334.792 55 38 37 31 28 27 25
1630834335.039 55 36 36 32 29 27 26
1630834335.289 59 35 35 31 26 25 26
1630834335.539 53 36 35 34 27 26 25
1630834335.789 58 35 34 33 28 26 26
1630834336.039 57 36 34 32 28 26 23
1630834336.291 55 39 33 30 31 27 23
1630834336.541 56 37 34 34 27 25 25
1630834336.790 56 37 34 33 25 26 23
1630834337.040 56 35 36 32 28 25 23
1630834337.290 55 35 35 32 29 25 23
1630834337.539 55 37 35 32 30 25 25
1630834337.789 60 38 36 31 28 27 23
1630834338.040 55 36 34 33 28 26 24
1630834338.289 58 39 36 31 29 25 28
1630834338.540 55 34 34 31 28 28 22
1630834338.790 55 37 34 32 28 26 24
1630834339.042 58 36 35 34 26 25 23
1630834339.290 60 36 35 32 27 26 23
1630834339.541 55 36 34 32 28 24 24
1630834339.789 57 35 34 34 28 26 26
1630834340.039 57 36 34 32 29 25 24
1630834340.290 55 36 36 32 26 26 22
1630834340.541 57 37 36 32 27 26 23
1630834340.790 57 35 38 32 27 25 26
1630834341.041 57 36 36 33 27 28 23
1630834341.290 57 37 35 31 28 26 25
1630834341.539 54 36 35 32 26 27 23
1630834341.789 54 38 33 32 28 27 24
1630834342.040 56 36 35 32 26 24 26
1630834342.290 57 39 36 32 27 24 23
1630834342.539 56 39 35 33 26 25 23
1630834342.790 54 36 35 32 28 24 24
1630834343.040 58 37 34 32 26 27 25
1630834343.292 56 36 33 32 28 26 22
1630834343.540 57 35 36 33 26 27 24
1630834343.789 57 38 35 33 26 26 23
1630834344.040 57 39 35 33 27 25 23
1630834344.292 56 37 38 32 26 25 24
1630834344.542 56 37 35 34 26 26 26
1630834344.790 54 38 36 32 26 27 23
1630834345.042 55 38 35 32 26 26 25
1630834345.289 55 37 35 34 25 26 23
1630834345.539 56 36 35 33 28 27 24
1630834345.789 60 37 35 32 29 25 24
1630834346.040 57 39 37 33 26 25 25
1630834346.290 55 35 36 34 28 25 23
1630834346.539 55 37 36 37 26 25 24
1630834346.789 54 35 35 32 25 25 23
1630834347.040 61 38 35 34 24 26 24
1630834347.289 55 38 35 32 26 26 24
1630834347.539 53 36 35 35 26 27 24
1630834347.790 58 36 35 33 28 25 22
1630834348.040 58 39 35 32 28 27 23
1630834348.290 54 36 35 32 26 27 24
1630834348.540 58 36 37 32 27 25 25
1630834348.790 56 38 37 33 27 26 22
1630834349.040 54 39 35 34 28 27 23
1630834349.293 56 36 36 32 26 26 25
1630834349.540 58 37 36 33 28 26 24
1630834349.790 55 36 36 31 29 24 25
1630834350.040 58 37 35 32 28 25 24
1630834350.290 58 37 37 32 28 26 24
1630834350.539 57 39 36 32 28 24 23
1630834350.793 56 35 37 31 27 28 22
1630834351.043 56 38 34 33 26 26 23
1630834351.294 57 37 35 33 28 27 25
1630834351.540 56 36 35 30 28 26 23
1630834351.790 55 37 35 31 29 25 24
1630834352.040 56 36 35 32 27 26 23
1630834352.289 55 35 35 32 28 27 25
1630834352.541 55 36 35 33 27 26 24
1630834352.795 57 38 35 31 28 25 24
1630834353.043 56 40 35 35 30 26 25
1630834353.290 56 37 34 33 27 26 23
1630834353.542 57 35 36 31 27 25 23
1630834353.790 57 36 34 35 27 26 25
1630834354.041 57 37 34 32 29 24 23
1630834354.293 53 38 35 32 28 27 26
1630834354.540 59 36 36 33 27 26 23
1630834354.793 57 38 36 32 27 25 25
1630834355.040 57 37 35 32 28 25 25
1630834355.289 56 37 36 32 28 25 26
1630834355.540 57 35 35 35 28 25 22
1630834355.789 58 38 35 34 26 27 23
1630834356.040 55 35 35 33 27 25 27
1630834356.290 59 37 36 32 26 25 24
1630834356.540 56 37 35 34 26 26 25
1630834356.794 55 36 35 34 27 26 24
1630834357.040 52 37 35 32 27 27 25
1630834357.290 56 38 37 32 30 28 26
1630834357.540 54 36 34 33 27 29 21
1630834357.790 55 37 36 33 28 25 23
1630834358.040 58 37 34 33 28 27 23
1630834358.289 57 36 37 33 29 25 23
1630834358.543 57 36 35 33 29 26 23
1630834358.793 56 36 35 31 26 25 25
1630834359.040 53 37 34 32 27 25 26
1630834359.291 57 35 35 33 29 25 22
1630834359.541 56 39 36 32 29 27 25
1630834359.790 57 36 33 34 27 25 25
1630834360.039 56 35 36 31 26 27 23
1630834360.290 55 36 35 33 27 26 24
1630834360.540 55 34 35 34 28 26 24
1630834360.790 57 36 38 31 27 26 23
1630834361.040 59 35 37 32 28 27 24
1630834361.290 56 36 35 31 28 24 23
1630834361.540 54 36 37 33 27 27 27
1630834361.790 56 36 37 32 28 26 22
1630834362.040 56 37 36 31 28 25 22
1630834362.290 54 37 34 34 27 26 25
1630834362.541 57 35 37 33 29 25 26
1630834362.790 52 37 35 34 26 26 25
1630834363.041 55 36 38 34 27 27 25
1630834363.290 56 38 36 31 27 27 27
1630834363.543 55 38 35 33 28 26 23
1630834363.791 56 36 35 32 26 27 24
1630834364.041 57 38 35 31 27 25 24
1630834364.290 55 37 35 32 28 25 23
1630834364.540 57 36 35 31 26 26 26
1630834364.793 57 37 36 31 28 25 24
1630834365.041 57 36 36 35 28 25 23
1630834365.291 56 35 35 32 26 27 22
1630834365.540 59 35 35 33 27 27 22
1630834365.790 57 36 36 32 26 26 24
1630834366.041 55 37 36 35 28 25 25
1630834366.290 55 38 35 34 26 26 24
1630834366.542 56 36 35 33 29 25 24
1630834366.791 56 37 35 35 28 26 22
1630834367.041 59 35 34 33 29 26 25
1630834367.291 56 38 37 32 28 27 24
1630834367.541 54 36 38 34 27 26 22
1630834367.791 57 35 34 32 27 26 24
1630834368.041 56 39 34 32 26 26 23
1630834368.295 58 36 36 33 29 25 23
1630834368.541 56 36 34 34 27 26 22
1630834368.790 58 37 36 32 27 26 26
1630834369.042 54 37 35 34 30 25 26
1630834369.290 57 35 34 33 28 25 23
1630834369.540 55 35 35 34 28 24 23
1630834369.792 58 36 36 30 29 24 24
1630834370.041 55 38 35 32 26 27 23
1630834370.290 56 37 35 31 26 26 22
1630834370.540 55 35 34 32 28 26 23
1630834370.790 57 36 36 32 26 26 25
1630834371.040 56 38 34 35 27 27 24
1630834371.290 55 38 36 32 30 26 24
1630834371.541 55 37 36 33 28 26 25
1630834371.791 55 36 34 32 27 25 22
1630834372.042 56 38 35 36 28 25 24
1630834372.290 56 37 35 31 27 25 26
1630834372.540 55 37 34 32 28 27 24
1630834372.791 54 34 37 32 27 25 23
1630834373.040 57 37 35 32 29 26 25
1630834373.290 56 38 35 31 28 26 24
1630834373.543 57 35 36 34 26 27 23
1630834373.790 55 37 35 32 27 25 25
1630834374.040 57 37 34 33 28 25 25
1630834374.291 54 37 35 34 31 24 23
1630834374.541 59 36 34 32 29 25 24
1630834374.791 57 37 34 31 27 29 24
1630834375.042 56 35 33 32 28 26 24
1630834375.294 60 35 37 33 27 26 24
1630834375.542 55 37 35 34 27 26 25
1630834375.792 61 40 34 32 26 25 25
1630834376.041 54 38 35 31 30 25 23
1630834376.292 57 38 35 32 27 24 23
1630834376.546 57 37 34 32 28 26 27
1630834376.793 56 38 37 36 27 25 23
1630834377.040 57 38 34 32 28 26 22
1630834377.290 57 36 34 32 27 25 25
1630834377.541 57 38 36 32 27 25 24
1630834377.794 57 36 36 32 28 25 23
1630834378.042 56 36 35 32 28 26 24
1630834378.290 54 40 36 34 25 26 23
1630834378.540 54 38 36 33 26 25 24
1630834378.791 57 39 36 33 28 24 27
1630834379.041 54 37 34 33 29 26 23
1630834379.290 55 35 36 35 30 24 26
1630834379.540 57 37 36 32 27 25 22
1630834379.791 56 36 34 34 25 25 22
1630834380.043 55 37 35 33 26 25 24
1630834380.291 57 37 35 34 29 27 24
1630834380.541 58 37 36 33 26 26 24
1630834380.794 55 36 37 32 27 25 26
1630834381.044 60 35 36 31 27 26 23
1630834381.293 58 36 35 33 26 24 23
1630834381.542 57 38 35 34 27 25 24
1630834381.791 59 37 34 32 27 25 26
1630834382.041 58 37 35 35 28 25 26
1630834382.291 53 34 36 33 28 26 24
1630834382.540 56 38 34 33 26 25 24
1630834382.790 56 40 35 32 26 27 23
1630834383.046 56 36 36 32 27 25 26
1630834383.290 58 37 36 32 28 25 24
1630834383.541 57 36 35 33 28 28 24
1630834383.792 55 35 35 33 27 28 22
1630834384.042 53 38 38 32 27 27 25
1630834384.290 56 35 35 31 25 25 24
1630834384.542 56 37 36 31 26 27 23
1630834384.790 58 38 36 33 29 23 23
1630834385.040 56 37 34 33 28 24 24
1630834385.293 56 36 34 34 28 26 23
1630834385.541 58 38 36 32 27 26 23
1630834385.791 59 36 36 34 27 27 24
1630834386.043 55 35 36 34 28 26 24
1630834386.292 57 36 37 32 27 26 23
1630834386.540 57 35 36 33 27 27 24
1630834386.791 57 37 35 32 29 25 25
1630834387.044 56 35 37 34 27 26 23
1630834387.294 59 35 37 32 29 25 24
1630834387.542 59 37 36 30 26 25 23
1630834387.791 56 34 37 32 25 26 23
1630834388.042 55 38 35 32 28 26 25
