1634222729.694 50 51 39 33 29 22 23
1634222729.936 49 51 41 37 28 22 22
1634222730.188 48 50 40 36 27 23 22
1634222730.436 50 50 39 36 27 25 23
1634222730.687 47 51 38 35 27 24 26
1634222730.938 47 51 39 36 27 23 23
1634222731.185 48 50 37 34 27 23 24
1634222731.436 48 51 38 35 27 23 23
1634222731.686 51 52 38 35 26 24 21
1634222731.939 48 51 38 36 26 22 24
1634222732.186 49 52 37 35 28 24 22
1634222732.436 49 51 38 35 28 21 23
1634222732.689 48 49 40 35 27 25 25
1634222732.936 48 50 40 32 28 24 22
1634222733.186 52 51 37 34 28 23 23
1634222733.442 47 50 37 35 27 23 23
1634222733.686 49 52 39 35 28 23 22
1634222733.937 49 51 39 34 28 24 21
1634222734.196 50 51 39 35 28 23 23
1634222734.438 47 49 37 35 30 24 24
1634222734.691 50 50 38 34 28 26 21
1634222734.939 48 49 39 36 27 23 22
1634222735.187 49 51 39 35 27 24 25
1634222735.436 50 52 41 36 29 26 24
1634222735.687 46 52 37 35 27 25 22
1634222735.937 48 49 39 35 27 23 23
1634222736.186 48 50 38 35 28 23 21
1634222736.443 51 54 38 36 30 23 21
1634222736.686 47 51 37 37 30 26 22
1634222736.936 48 51 37 34 28 23 23
1634222737.191 51 53 40 35 30 23 23
1634222737.436 47 51 40 35 30 23 24
1634222737.688 48 50 38 35 31 22 25
1634222737.937 49 50 41 35 27 23 22
1634222738.190 48 50 38 35 27 24 23
1634222738.444 49 49 40 34 28 22 23
1634222738.687 48 52 39 34 27 23 22
1634222738.937 50 50 37 33 27 22 22
1634222739.192 49 50 38 39 27 22 22
1634222739.440 50 51 38 36 29 25 22
1634222739.693 48 51 38 34 26 22 23
1634222739.936 48 52 40 33 26 24 22
1634222740.186 48 53 39 35 28 26 21
1634222740.440 48 50 38 35 27 21 22
1634222740.687 49 50 40 36 26 23 23
1634222740.943 49 52 39 33 30 25 25
1634222741.186 50 52 38 34 28 24 26
1634222741.437 47 50 40 34 29 25 23
1634222741.694 48 50 38 34 26 23 23
1634222741.936 49 52 40 37 26 22 21
1634222742.190 48 52 38 34 27 24 23
1634222742.442 48 50 39 34 29 24 23
1634222742.690 48 51 40 37 26 24 22
1634222742.939 52 51 39 36 31 23 22
1634222743.187 50 54 38 35 29 26 24
1634222743.437 47 53 38 38 29 24 22
1634222743.686 47 51 38 35 27 25 22
1634222743.942 50 50 39 36 26 25 23
1634222744.187 49 52 39 35 28 23 22
1634222744.438 49 53 36 35 28 22 22
1634222744.688 48 50 40 35 29 23 25
1634222744.936 49 51 38 35 28 26 22
1634222745.192 48 49 37 34 28 24 24
1634222745.437 48 52 37 36 28 22 22
1634222745.689 50 48 37 34 30 22 23
1634222745.937 50 52 37 34 27 24 26
1634222746.191 50 51 39 35 27 23 24
1634222746.443 47 51 39 36 29 23 22
1634222746.687 47 53 41 35 28 23 23
1634222746.938 48 50 38 34 28 23 26
1634222747.186 49 52 37 34 27 23 25
1634222747.439 49 51 36 33 28 24 23
1634222747.686 49 49 39 36 26 20 23
1634222747.937 47 52 37 34 28 25 21
1634222748.187 48 52 43 36 29 23 24
1634222748.437 47 50 39 35 29 25 24
1634222748.687 49 50 40 33 27 24 21
1634222748.937 49 54 37 34 27 22 24
1634222749.186 48 51 37 34 26 25 25
1634222749.436 49 51 38 35 28 23 22
1634222749.687 50 50 37 34 28 22 24
1634222749.941 48 50 39 35 30 25 23
1634222750.186 48 49 37 38 29 24 21
1634222750.440 48 51 37 35 28 23 24
1634222750.686 48 51 37 36 27 22 21
1634222750.938 49 49 36 36 29 23 23
1634222751.186 46 52 38 33 27 23 21
1634222751.437 47 51 38 33 29 24 23
1634222751.691 47 51 38 35 28 23 22
1634222751.937 49 51 38 36 27 23 23
1634222752.187 50 50 38 35 28 23 23
1634222752.437 47 51 39 34 30 25 21
1634222752.687 47 50 39 35 34 23 23
1634222752.937 49 50 37 34 30 23 24
1634222753.187 49 50 39 34 29 23 25
1634222753.437 50 52 39 36 30 22 22
1634222753.687 48 50 39 36 28 22 23
1634222753.944 48 51 38 36 30 23 24
1634222754.186 49 50 38 35 29 25 26
1634222754.438 48 49 38 36 28 24 23
1634222754.690 48 50 38 35 30 24 22
1634222754.940 49 52 38 34 29 25 23
1634222755.187 48 55 41 34 28 24 25
1634222755.437 50 52 40 37 28 25 21
1634222755.693 48 52 38 35 28 22 24
1634222755.936 49 50 40 33 29 22 24
1634222756.186 47 52 39 34 29 23 23
1634222756.439 47 52 39 35 30 24 22
1634222756.695 48 51 38 34 29 25 24
1634222756.937 49 51 39 37 30 23 23
1634222757.191 50 50 37 34 27 24 23
1634222757.437 47 50 38 34 30 22 24
1634222757.686 49 50 38 36 28 23 22
1634222757.938 48 52 39 35 29 25 21
1634222758.186 49 51 40 35 31 25 20
1634222758.437 48 51 39 35 30 22 25
1634222758.688 49 51 38 35 30 20 24
1634222758.938 48 50 38 34 30 23 24
1634222759.187 50 52 39 37 28 24 24
1634222759.442 48 50 37 37 30 25 24
1634222759.687 48 51 39 36 28 23 21
1634222759.936 50 51 39 35 27 22 22
1634222760.189 48 49 38 36 27 22 23
1634222760.437 49 51 37 35 28 24 22
1634222760.688 49 51 38 35 31 24 23
1634222760.938 48 51 37 34 26 23 24
1634222761.186 47 51 40 36 28 25 21
1634222761.439 50 50 37 35 26 22 23
1634222761.686 47 53 37 34 27 20 24
1634222761.936 48 51 38 34 29 23 22
1634222762.191 46 49 39 37 30 24 23
1634222762.436 47 53 41 34 28 22 23
1634222762.686 49 52 39 35 30 21 21
1634222762.942 47 52 38 33 28 23 21
1634222763.194 48 52 40 36 29 22 20
1634222763.439 47 51 38 35 28 22 22
1634222763.689 49 50 39 34 27 22 24
1634222763.937 47 54 37 33 28 23 22
1634222764.188 47 52 38 35 30 23 22
1634222764.436 48 50 37 35 30 24 23
1634222764.686 49 52 38 33 28 22 22
1634222764.937 47 51 38 36 28 26 24
1634222765.187 47 51 38 34 28 23 22
1634222765.436 50 50 38 36 28 22 23
1634222765.687 49 52 38 33 28 23 24
1634222765.937 48 49 41 36 30 21 21
1634222766.187 48 53 38 35 28 22 22
1634222766.437 49 50 37 36 29 22 24
1634222766.686 51 52 38 35 27 23 24
1634222766.941 46 50 37 34 28 25 22
1634222767.187 48 51 37 34 27 22 21
1634222767.436 49 51 38 34 28 24 23
1634222767.688 49 51 38 34 28 21 24
1634222767.936 48 50 36 34 27 22 25
1634222768.188 48 49 38 37 29 24 23
1634222768.437 47 50 39 34 26 26 21
1634222768.686 49 50 39 34 27 25 21
1634222768.937 51 50 40 36 29 23 21
1634222769.186 50 52 37 34 31 23 22
1634222769.436 48 50 38 34 27 22 21
1634222769.686 48 51 38 35 28 21 22
1634222769.937 51 51 39 34 28 22 23
1634222770.187 49 52 38 36 27 23 22
1634222770.437 47 49 40 34 27 22 25
1634222770.687 48 50 39 34 27 22 21
1634222770.936 47 50 37 33 28 23 23
1634222771.187 50 51 40 34 29 23 24
1634222771.438 49 51 37 35 27 25 21
1634222771.687 48 50 37 35 27 21 21
1634222771.936 48 52 39 35 30 23 26
1634222772.186 49 51 38 35 30 23 21
1634222772.437 51 52 38 36 28 21 22
1634222772.687 47 50 39 38 29 23 23
1634222772.940 48 52 40 37 29 22 21
1634222773.186 48 51 39 34 28 23 23
1634222773.437 50 51 39 39 29 23 23
1634222773.686 47 50 39 34 29 21 22
1634222773.937 47 51 38 33 27 23 22
1634222774.186 48 48 38 34 28 21 22
1634222774.436 48 53 36 33 27 22 22
1634222774.686 49 52 40 33 27 23 23
1634222774.937 48 49 39 38 28 22 24
1634222775.187 50 50 39 36 28 23 22
1634222775.439 48 52 38 33 26 21 21
1634222775.686 48 51 37 37 27 23 24
1634222775.937 48 49 38 35 28 22 27
1634222776.187 48 49 40 34 27 23 23
1634222776.449 48 50 40 36 27 23 22
1634222776.687 49 50 38 33 30 21 24
1634222776.936 50 48 38 35 30 24 23
1634222777.188 50 51 41 38 29 27 23
1634222777.438 48 51 38 37 30 23 23
1634222777.687 48 50 38 38 28 22 23
1634222777.937 47 49 39 35 28 23 22
1634222778.187 49 53 36 34 30 23 24
1634222778.438 47 50 39 35 27 20 22
1634222778.687 51 51 36 34 26 23 24
1634222778.936 48 51 40 36 27 22 22
1634222779.189 48 52 38 38 28 23 25
1634222779.436 51 51 38 34 29 24 23
1634222779.688 50 52 37 36 30 25 22
1634222779.939 47 50 40 34 28 24 23
1634222780.187 48 50 36 35 27 23 23
1634222780.438 49 50 41 34 28 24 23
1634222780.687 51 50 37 35 27 25 23
1634222780.937 50 50 43 35 30 24 23
1634222781.186 50 50 38 35 30 27 23
1634222781.436 48 50 39 35 27 23 22
1634222781.687 49 50 37 35 27 24 23
1634222781.937 50 51 38 33 29 22 22
1634222782.187 48 51 39 35 27 23 24
1634222782.437 47 53 38 34 28 23 22
1634222782.686 47 50 38 35 28 22 21
1634222782.937 50 50 39 33 28 24 22
1634222783.189 48 51 37 34 26 27 22
1634222783.437 49 51 38 35 28 24 24
1634222783.691 48 50 39 36 28 25 22
1634222783.937 49 52 37 34 29 23 20
1634222784.186 48 50 39 34 28 24 22
1634222784.438 50 51 38 38 29 23 26
1634222784.689 47 51 37 34 28 24 23
1634222784.938 49 51 42 35 29 22 23
1634222785.187 49 52 40 34 26 24 22
1634222785.436 51 52 39 37 27 23 22
1634222785.687 47 52 38 35 29 24 24
1634222785.945 50 50 42 36 29 23 21
1634222786.187 48 51 38 33 27 22 24
1634222786.438 46 52 37 34 27 23 26
1634222786.689 47 51 39 35 28 22 22
1634222786.936 47 51 38 34 28 23 22
1634222787.187 48 51 38 35 29 23 23
1634222787.439 50 53 39 34 26 25 23
1634222787.688 50 53 39 34 26 22 24
1634222787.938 46 52 37 34 26 23 23
1634222788.188 50 49 37 34 27 22 21
1634222788.437 51 50 39 36 27 22 22
1634222788.693 51 51 38 35 26 24 23
1634222788.938 48 51 39 35 28 23 21
1634222789.186 48 51 39 35 28 22 21
1634222789.436 50 52 39 34 26 23 23
1634222789.688 50 50 37 35 28 25 24
1634222789.938 48 51 39 33 29 25 19
1634222790.187 50 51 39 34 27 24 23
1634222790.439 48 52 37 33 29 25 22
1634222790.691 50 51 38 33 28 26 23
1634222790.939 50 52 38 35 28 23 23
1634222791.188 47 51 38 34 27 23 23
1634222791.437 49 52 40 33 26 23 23
1634222791.687 48 51 38 34 28 24 23
1634222791.941 51 52 40 35 30 24 22
1634222792.186 47 49 37 37 30 23 23
1634222792.437 49 50 40 36 28 24 21
1634222792.687 49 51 38 35 31 22 23
1634222792.938 49 51 37 35 28 23 22
1634222793.187 48 52 38 33 30 25 21
1634222793.437 48 51 39 38 29 24 22
1634222793.692 46 50 36 34 26 25 21
1634222793.937 46 53 39 36 27 24 21
1634222794.187 49 52 39 34 27 22 25
1634222794.439 48 52 38 35 28 25 24
1634222794.695 49 51 38 36 28 23 22
1634222794.938 49 50 37 35 29 24 24
1634222795.186 47 50 38 33 28 24 25
1634222795.438 49 49 38 34 29 23 22
1634222795.688 47 51 40 33 32 25 22
1634222795.937 48 51 39 35 26 23 24
1634222796.187 48 52 39 36 27 21 23
1634222796.439 50 50 43 35 28 23 24
1634222796.689 48 51 36 34 26 25 23
1634222796.937 50 51 38 36 28 24 23
1634222797.188 48 50 39 34 27 22 26
1634222797.438 47 52 39 35 28 25 22
1634222797.688 49 50 39 34 29 22 23
1634222797.937 47 51 40 35 30 25 22
1634222798.188 49 51 39 34 26 24 24
1634222798.438 52 54 39 34 30 25 22
1634222798.690 47 50 39 36 28 23 23
1634222798.936 47 51 37 33 28 24 23
1634222799.187 48 51 37 35 26 25 23
1634222799.438 50 52 39 35 30 23 21
1634222799.688 47 52 37 35 29 22 22
1634222799.937 50 50 37 32 28 24 23
1634222800.186 47 53 39 35 28 24 23
1634222800.439 48 51 40 34 27 24 21
1634222800.688 48 53 39 35 28 23 23
1634222800.937 48 52 38 34 29 22 23
1634222801.187 48 51 38 36 28 24 20
1634222801.438 51 51 37 34 29 25 23
1634222801.698 47 49 40 35 29 24 22
1634222801.939 48 52 36 36 27 22 22
1634222802.190 49 51 38 35 28 23 23
1634222802.437 48 50 37 36 28 23 22
1634222802.687 48 50 38 34 28 24 23
1634222802.940 48 50 38 37 28 23 23
1634222803.189 46 52 39 35 28 24 22
1634222803.439 50 51 38 34 27 25 22
1634222803.690 49 52 37 33 30 21 24
1634222803.939 48 51 39 35 27 21 21
1634222804.187 49 51 37 33 28 25 24
1634222804.437 49 51 38 33 28 26 23
1634222804.689 49 50 37 36 28 25 22
1634222804.940 46 51 39 36 28 25 22
1634222805.187 50 51 39 34 28 24 24
1634222805.437 49 52 38 34 28 26 22
1634222805.689 49 53 38 35 27 24 23
1634222805.938 49 53 40 35 30 22 24
1634222806.187 48 50 37 34 27 23 21
1634222806.442 49 51 42 36 27 22 21
1634222806.688 48 50 38 37 28 23 22
1634222806.941 49 50 39 33 28 23 22
1634222807.187 47 51 39 34 27 24 23
1634222807.441 49 53 38 37 29 23 23
1634222807.689 48 50 38 34 31 23 21
1634222807.937 48 50 38 35 27 22 23
1634222808.190 50 51 39 32 28 24 24
1634222808.438 47 52 36 35 30 25 22
1634222808.689 53 52 38 35 27 23 22
1634222808.938 48 51 38 37 30 23 22
1634222809.187 50 50 36 34 29 22 22
1634222809.437 48 52 38 34 28 23 24
1634222809.689 48 51 40 35 32 22 21
1634222809.936 50 50 37 36 28 25 22
1634222810.187 48 52 37 35 28 24 21
1634222810.440 50 49 37 37 30 25 20
1634222810.690 48 51 38 35 28 26 23
1634222810.940 49 49 38 33 28 24 21
1634222811.191 49 49 38 37 29 22 24
1634222811.440 49 50 37 36 26 23 23
1634222811.687 48 53 37 33 30 25 23
1634222811.936 50 53 40 35 28 25 25
1634222812.188 48 51 39 34 27 23 22
1634222812.440 47 50 39 36 28 23 21
1634222812.690 48 52 38 33 25 22 24
1634222812.939 48 52 37 36 28 22 21
1634222813.188 49 51 39 34 27 23 24
1634222813.441 50 51 40 34 27 24 22
1634222813.688 49 52 41 34 28 25 23
1634222813.940 50 51 40 35 27 21 23
1634222814.188 48 50 38 35 27 24 22
1634222814.442 50 51 38 36 29 22 21
1634222814.689 49 51 38 35 30 23 22
1634222814.937 50 52 38 34 28 23 23
1634222815.188 49 53 38 34 26 23 25
1634222815.439 50 51 36 33 28 23 21
1634222815.688 48 50 40 35 30 23 23
1634222815.937 49 53 39 35 26 23 22
1634222816.187 47 49 40 34 27 23 22
1634222816.439 46 51 41 36 29 25 24
1634222816.688 49 51 37 34 27 22 22
1634222816.939 50 50 39 33 29 23 23
1634222817.194 47 50 38 36 28 23 22
1634222817.437 47 49 39 34 32 24 21
1634222817.691 48 50 36 35 29 26 23
1634222817.938 50 52 38 35 28 23 23
1634222818.189 50 53 39 33 27 23 24
1634222818.438 48 51 38 36 28 22 22
1634222818.687 46 52 40 37 28 24 25
1634222818.938 49 51 42 36 31 23 21
1634222819.190 47 47 38 35 28 23 22
1634222819.439 49 50 37 35 30 24 24
1634222819.687 50 49 38 35 28 23 23
1634222819.938 47 52 39 33 28 23 22
1634222820.190 48 51 40 38 28 23 22
1634222820.442 51 51 38 33 30 24 22
1634222820.689 49 51 37 35 28 25 25
1634222820.938 48 51 38 35 27 26 22
1634222821.188 50 50 42 34 28 21 22
1634222821.438 50 51 37 34 28 23 22
1634222821.689 48 55 39 34 27 23 23
1634222821.938 47 52 37 34 29 23 22
1634222822.188 50 53 38 38 26 23 23
1634222822.437 48 52 38 34 26 22 24
1634222822.688 47 50 39 35 26 24 23
1634222822.938 48 50 37 36 26 22 23
1634222823.189 47 52 37 36 31 23 23
1634222823.439 47 53 37 34 28 22 21
1634222823.692 51 51 40 35 29 24 24
1634222823.938 48 50 38 34 27 23 24
1634222824.188 49 50 39 37 28 22 22
1634222824.438 47 49 38 36 28 24 24
1634222824.694 47 52 37 35 29 23 22
1634222824.941 51 53 36 34 27 23 26
1634222825.190 47 51 38 35 28 23 23
1634222825.439 48 52 38 34 30 24 22
1634222825.689 49 52 40 37 28 28 22
1634222825.939 49 52 36 34 28 24 24
1634222826.191 50 52 37 35 29 22 24
1634222826.437 47 52 36 33 28 24 24
1634222826.689 47 51 38 35 30 23 22
1634222826.939 50 51 38 35 29 22 23
1634222827.190 49 50 39 34 28 24 22
1634222827.437 49 49 39 35 27 25 22
1634222827.688 48 50 40 35 28 22 24
1634222827.937 49 52 39 35 28 23 21
1634222828.192 47 53 38 36 27 23 23
1634222828.438 50 51 40 35 26 21 22
1634222828.690 50 49 37 35 28 21 23
1634222828.938 49 53 39 31 30 24 25
1634222829.189 50 51 38 35 29 26 24
1634222829.438 48 52 37 35 29 23 24
1634222829.693 47 50 39 35 28 22 21
1634222829.939 48 49 38 34 29 23 24
1634222830.189 49 50 40 34 28 23 22
1634222830.441 51 51 38 37 28 24 24
1634222830.688 49 52 37 34 28 21 21
1634222830.940 49 51 38 34 27 22 23
1634222831.188 48 49 38 35 30 21 24
1634222831.438 47 51 41 33 29 23 22
1634222831.692 53 50 38 36 28 22 24
1634222831.938 48 50 38 36 26 23 24
1634222832.188 54 50 39 37 26 21 22
1634222832.441 49 50 37 34 29 26 22
1634222832.689 51 51 37 37 31 24 22
1634222832.939 49 50 39 35 27 23 22
1634222833.192 51 51 39 34 27 24 25
1634222833.441 50 49 38 34 30 23 22
1634222833.689 49 51 39 35 26 22 22
1634222833.938 49 49 38 34 26 23 22
1634222834.193 47 51 37 34 27 22 23
1634222834.439 48 51 37 34 26 22 24
1634222834.689 47 50 38 36 29 24 23
1634222834.939 50 52 40 34 28 24 22
1634222835.188 49 51 38 34 30 23 20
1634222835.438 50 51 40 35 30 21 21
1634222835.688 48 50 38 33 30 23 24
1634222835.938 48 50 38 34 28 24 22
1634222836.188 49 51 38 36 28 23 22
1634222836.443 50 52 38 35 27 21 21
1634222836.689 46 55 38 34 27 22 23
1634222836.938 48 50 39 35 26 22 23
1634222837.191 47 51 37 34 28 23 23
1634222837.439 50 51 41 34 27 22 21
1634222837.692 47 52 37 35 26 22 22
1634222837.939 48 52 41 33 28 24 23
1634222838.189 51 48 39 37 27 22 24
1634222838.437 48 52 37 36 27 22 23
1634222838.691 50 52 37 34 31 22 24
1634222838.939 48 51 39 35 26 23 24
1634222839.189 49 52 37 34 26 21 24
1634222839.438 49 48 37 34 27 22 22
1634222839.687 48 52 38 35 30 23 20
1634222839.938 49 48 40 36 27 24 23
1634222840.188 49 52 38 35 28 23 22
1634222840.437 49 50 36 34 27 22 23
1634222840.688 49 50 37 33 28 22 21
1634222840.937 49 50 38 36 30 24 25
1634222841.187 49 52 37 33 27 22 23
1634222841.438 49 50 40 34 27 24 25
1634222841.688 50 50 38 35 28 23 25
1634222841.938 50 52 38 34 27 22 24
1634222842.189 49 49 38 35 27 25 22
1634222842.437 49 51 37 36 28 21 21
1634222842.689 49 49 38 33 28 22 21
1634222842.938 48 50 39 32 28 23 24
1634222843.191 49 50 37 35 29 21 22
1634222843.439 49 53 38 34 30 25 24
1634222843.689 47 50 37 34 27 22 23
1634222843.939 46 52 39 33 27 24 23
1634222844.189 48 51 38 32 27 24 22
1634222844.438 48 50 38 36 27 22 21
1634222844.688 48 50 38 36 29 22 22
1634222844.939 48 52 38 38 27 24 23
1634222845.188 49 52 37 34 27 23 20
1634222845.439 50 50 37 37 28 22 21
1634222845.690 47 50 39 35 29 24 24
1634222845.937 48 51 38 34 28 25 23
1634222846.189 50 50 38 35 28 23 25
1634222846.439 47 51 38 33 28 24 25
1634222846.687 48 52 38 35 28 22 22
1634222846.938 49 51 37 35 27 22 22
1634222847.188 49 50 39 33 26 24 24
1634222847.438 49 53 38 35 30 22 22
1634222847.688 50 52 40 37 28 22 23
1634222847.938 51 49 40 35 28 24 21
1634222848.190 47 51 38 35 27 22 24
1634222848.438 51 51 40 36 30 23 23
1634222848.688 50 49 38 36 26 22 24
1634222848.938 48 50 38 34 30 24 21
1634222849.188 48 51 38 34 28 23 25
1634222849.440 48 50 39 34 28 23 22
1634222849.689 48 50 39 34 29 24 22
1634222849.941 47 49 40 35 27 23 24
1634222850.188 48 51 39 36 28 24 23
1634222850.441 47 52 38 37 29 23 21
1634222850.688 50 53 37 33 28 23 22
1634222850.938 49 50 39 36 29 23 22
1634222851.188 47 51 39 36 28 23 22
1634222851.440 49 51 40 35 27 23 24
1634222851.688 47 51 38 35 28 23 24
1634222851.941 47 51 39 35 28 23 23
1634222852.188 48 50 39 36 29 23 21
1634222852.438 47 51 38 35 29 21 24
1634222852.691 51 51 40 32 26 22 23
1634222852.942 51 51 38 35 30 21 21
1634222853.189 50 54 39 35 28 22 23
1634222853.444 49 51 38 35 29 23 23
1634222853.688 50 50 38 34 29 23 23
1634222853.940 48 48 36 36 30 24 22
1634222854.188 49 53 37 34 28 22 23
1634222854.437 48 53 37 34 28 24 24
1634222854.689 49 52 38 36 27 22 20
1634222854.939 49 50 39 35 28 24 23
1634222855.189 48 50 37 35 27 22 24
1634222855.440 49 52 38 34 27 23 24
1634222855.691 48 50 38 34 26 23 22
1634222855.939 48 50 39 36 27 23 22
1634222856.193 49 51 36 33 29 22 22
1634222856.440 47 50 38 35 29 22 24
1634222856.688 50 51 38 35 29 24 22
1634222856.943 48 49 38 33 28 22 21
1634222857.188 48 52 39 34 26 21 21
1634222857.438 51 51 40 39 30 23 22
1634222857.690 48 52 39 33 29 23 23
1634222857.942 48 51 37 35 28 23 23
1634222858.188 50 50 39 34 27 21 24
1634222858.439 48 50 38 34 28 24 24
1634222858.688 48 50 38 37 28 21 22
1634222858.939 48 52 38 32 27 24 21
1634222859.194 49 51 39 37 29 23 23
1634222859.440 49 49 38 35 27 24 23
1634222859.688 49 52 38 33 28 22 23
1634222859.944 48 52 38 34 26 23 22
1634222860.193 48 51 38 36 29 24 23
1634222860.438 47 49 37 35 27 21 22
1634222860.689 46 50 39 37 28 22 21
1634222860.939 48 50 37 33 28 22 22
1634222861.189 50 51 39 38 27 22 23
1634222861.439 48 50 39 34 30 22 23
1634222861.689 50 51 38 33 28 24 22
1634222861.938 48 50 38 33 26 22 23
1634222862.190 50 53 39 33 28 22 23
1634222862.439 48 50 37 36 26 23 23
1634222862.689 50 54 39 35 30 23 24
1634222862.939 50 50 38 35 26 25 24
1634222863.192 49 49 39 35 29 24 22
1634222863.438 48 50 38 35 25 22 22
1634222863.689 47 51 38 36 27 23 22
1634222863.939 49 49 39 38 29 21 22
1634222864.189 48 51 38 35 30 23 22
1634222864.443 50 51 37 35 28 23 24
1634222864.690 51 53 38 35 29 23 22
1634222864.937 48 50 36 34 26 24 22
1634222865.188 50 53 38 36 26 23 22
1634222865.439 48 50 37 34 28 21 21
1634222865.692 51 52 36 36 27 21 21
1634222865.938 49 50 38 34 28 24 22
1634222866.190 50 49 40 34 29 22 24
1634222866.439 49 51 39 37 29 21 23
1634222866.688 47 51 38 36 26 24 21
1634222866.939 51 48 39 35 27 25 24
1634222867.188 47 51 38 36 27 24 23
1634222867.440 51 52 39 34 28 22 21
1634222867.689 47 53 39 34 27 23 24
1634222867.937 48 50 39 34 29 23 22
1634222868.191 48 49 37 35 28 23 22
1634222868.438 50 50 39 35 26 24 23
1634222868.688 53 51 37 35 29 25 23
1634222868.938 49 51 40 34 28 24 22
1634222869.188 49 52 39 35 25 23 23
1634222869.438 48 50 39 36 29 22 25
1634222869.689 48 49 38 35 29 22 24
1634222869.939 50 51 38 34 28 23 22
1634222870.189 49 51 37 36 29 23 24
1634222870.442 48 51 38 36 27 25 23
1634222870.691 46 51 37 34 29 23 21
1634222870.938 51 51 39 34 29 23 23
1634222871.191 48 50 39 37 28 21 22
1634222871.441 49 52 40 35 29 22 23
1634222871.689 50 52 38 34 29 22 22
1634222871.939 49 51 38 35 27 25 23
1634222872.191 49 52 38 34 29 21 23
1634222872.438 51 52 39 35 27 21 22
1634222872.688 49 50 39 35 28 21 24
1634222872.939 47 50 37 35 28 22 22
1634222873.192 49 51 39 35 28 27 21
1634222873.440 49 50 38 33 29 21 22
1634222873.690 48 51 39 36 29 22 24
1634222873.939 48 51 37 35 29 24 20
1634222874.191 51 50 39 35 29 21 25
1634222874.438 49 49 38 36 27 22 21
1634222874.689 48 51 38 37 28 22 24
1634222874.939 48 52 38 35 29 22 23
1634222875.189 48 52 39 35 26 25 22
1634222875.440 47 50 39 35 28 23 23
1634222875.694 48 51 38 36 26 23 22
1634222875.940 49 53 39 36 28 22 24
1634222876.197 48 50 38 36 30 22 22
1634222876.441 49 51 38 34 28 23 24
1634222876.689 48 51 38 34 27 24 22
1634222876.942 47 51 36 36 29 22 24
1634222877.191 49 51 37 35 27 22 22
1634222877.440 50 50 39 35 29 22 21
1634222877.689 48 51 41 35 29 24 22
1634222877.939 49 51 37 32 29 24 22
1634222878.188 48 50 39 34 28 25 20
1634222878.449 46 53 38 32 28 23 22
1634222878.689 50 53 37 36 28 24 23
1634222878.941 51 50 39 36 28 25 22
1634222879.195 48 50 38 34 27 23 23
1634222879.440 48 51 37 35 30 22 23
1634222879.688 48 51 37 37 26 23 22
1634222879.939 47 50 39 34 29 22 21
1634222880.190 48 50 39 36 31 22 21
1634222880.439 50 52 37 34 28 22 26
1634222880.689 50 51 39 36 31 24 23
1634222880.941 48 52 38 35 29 24 25
1634222881.190 50 51 38 33 29 22 23
1634222881.441 49 51 37 35 30 22 23
1634222881.688 46 51 38 36 29 21 23
1634222881.940 47 53 37 35 30 22 22
1634222882.190 49 52 38 35 30 24 25
1634222882.438 49 52 39 35 28 24 22
1634222882.689 50 51 38 34 29 23 25
1634222882.938 47 53 39 34 28 24 22
1634222883.190 49 52 38 34 30 22 22
1634222883.442 49 50 38 33 29 24 23
1634222883.688 47 51 40 33 28 25 25
1634222883.940 48 52 41 35 27 23 22
1634222884.189 48 51 40 37 29 23 23
1634222884.440 50 50 38 34 28 24 23
1634222884.691 47 52 37 34 29 24 23
1634222884.941 49 51 39 34 28 23 20
1634222885.191 48 51 37 35 27 22 25
1634222885.439 48 51 37 33 28 22 23
1634222885.689 48 51 37 36 27 22 24
1634222885.942 49 51 39 34 26 23 23
1634222886.190 49 51 37 34 29 22 23
1634222886.439 49 51 37 36 27 23 21
1634222886.688 47 53 40 35 28 22 21
1634222886.940 48 50 38 34 28 24 22
1634222887.191 49 50 37 35 27 24 20
1634222887.438 49 50 37 34 27 23 23
1634222887.693 48 52 37 36 27 23 21
1634222887.941 49 50 36 34 28 24 23
1634222888.189 50 52 38 34 28 22 22
1634222888.440 49 52 38 33 28 21 21
1634222888.689 48 51 38 36 32 24 22
1634222888.939 50 51 39 37 29 22 23
1634222889.189 49 49 37 35 29 21 23
1634222889.443 48 49 37 35 29 21 22
1634222889.689 50 51 37 36 28 23 23
1634222889.940 48 51 38 34 27 23 23
1634222890.189 50 52 40 34 30 24 22
1634222890.440 46 51 38 35 29 23 23
1634222890.689 50 52 38 38 28 23 23
1634222890.939 49 52 40 33 28 21 20
1634222891.189 50 51 36 35 27 23 23
1634222891.439 50 52 38 34 29 24 22
1634222891.690 50 51 38 35 30 24 24
1634222891.938 48 52 37 36 29 22 22
1634222892.189 47 52 38 36 28 21 20
1634222892.439 48 51 38 35 28 24 24
1634222892.690 47 49 39 34 29 22 22
1634222892.938 52 50 38 37 28 22 23
1634222893.189 48 50 38 35 29 23 21
1634222893.440 50 50 38 34 29 23 23
1634222893.689 48 52 38 33 31 21 22
1634222893.939 49 51 38 34 29 24 23
1634222894.190 49 50 38 33 29 22 22
1634222894.439 49 50 38 37 29 23 22
1634222894.688 49 50 39 34 29 25 22
1634222894.938 48 50 40 36 28 24 24
1634222895.190 50 50 40 36 27 22 22
1634222895.439 47 49 39 36 30 24 24
1634222895.691 47 50 38 34 30 25 21
1634222895.940 47 49 38 35 29 20 22
1634222896.188 49 50 36 34 30 22 22
1634222896.438 48 49 39 34 29 24 25
1634222896.693 49 51 38 37 30 22 24
1634222896.939 48 52 38 35 31 24 21
1634222897.189 48 51 38 34 31 23 24
1634222897.442 48 50 41 34 29 22 25
1634222897.689 49 49 39 34 34 22 22
1634222897.939 49 50 39 36 28 20 23
1634222898.189 47 51 41 35 28 22 23
1634222898.439 51 50 37 35 29 22 24
1634222898.690 48 51 37 33 29 22 25
1634222898.943 49 49 38 34 29 22 22
1634222899.189 50 52 36 36 29 24 22
1634222899.444 48 51 38 35 29 26 21
1634222899.692 50 52 39 35 28 24 20
1634222899.940 46 51 40 36 30 25 23
1634222900.191 48 52 38 36 27 24 22
1634222900.440 50 51 39 36 29 22 23
1634222900.690 49 51 36 35 28 23 21
1634222900.940 48 50 39 33 27 23 22
1634222901.190 49 49 38 35 28 22 21
1634222901.439 46 52 38 37 28 23 23
1634222901.690 48 52 39 35 28 23 23
1634222901.941 49 51 39 35 29 24 21
1634222902.189 49 54 39 35 28 24 23
1634222902.440 51 50 39 33 28 24 23
1634222902.693 48 51 38 34 26 24 21
1634222902.940 49 51 40 35 28 24 22
1634222903.190 47 51 38 34 28 24 21
1634222903.440 49 50 37 35 28 23 23
1634222903.695 49 51 38 33 28 23 23
1634222903.941 50 50 40 35 28 23 22
1634222904.192 49 51 39 36 27 25 22
1634222904.442 48 50 37 33 29 24 22
1634222904.689 48 54 39 35 27 22 20
1634222904.940 47 51 38 32 31 23 24
1634222905.189 48 51 39 37 27 23 26
1634222905.441 49 51 38 35 27 23 22
1634222905.690 50 51 38 35 28 22 21
1634222905.940 47 50 37 33 28 23 22
1634222906.190 48 49 39 34 28 22 21
1634222906.441 51 53 38 34 28 23 22
1634222906.692 49 50 39 33 28 22 21
1634222906.947 50 50 36 35 28 22 21
1634222907.191 46 50 38 34 29 25 22
1634222907.439 48 51 38 32 28 22 21
1634222907.691 48 51 38 36 30 23 21
1634222907.940 50 53 41 35 27 26 22
1634222908.189 47 51 40 35 29 22 23
1634222908.440 49 50 39 36 30 23 24
1634222908.689 48 51 39 34 28 22 21
1634222908.943 50 52 42 37 26 22 21
1634222909.191 50 52 40 34 28 22 20
1634222909.439 48 49 40 35 29 22 24
1634222909.689 49 52 37 33 29 23 22
1634222909.938 51 51 38 35 30 23 23
1634222910.191 50 50 38 36 28 23 23
1634222910.440 46 49 38 34 29 23 22
1634222910.689 47 51 39 34 28 24 25
1634222910.940 50 52 39 36 28 23 23
1634222911.189 48 51 39 33 27 21 22
1634222911.440 47 51 39 36 27 21 23
1634222911.692 49 54 37 34 27 22 22
1634222911.939 49 51 42 35 31 23 24
1634222912.189 48 53 39 34 30 25 25
1634222912.439 50 50 39 35 29 25 21
1634222912.689 49 52 38 35 28 24 22
1634222912.939 48 53 40 35 27 24 23
1634222913.191 48 51 37 35 30 23 23
1634222913.442 49 54 37 35 30 23 23
1634222913.690 48 50 38 36 29 23 21
1634222913.941 50 50 38 33 28 24 23
1634222914.189 49 51 38 35 29 23 22
1634222914.440 48 50 39 35 26 23 22
1634222914.691 50 49 39 36 27 22 21
1634222914.939 49 51 38 36 28 24 23
1634222915.190 52 51 37 34 29 23 23
1634222915.439 50 50 37 35 28 22 23
1634222915.690 49 52 38 36 32 24 23
1634222915.939 49 49 38 35 29 25 20
1634222916.191 50 51 38 36 30 23 24
1634222916.439 48 52 39 34 28 22 24
1634222916.688 51 52 37 35 28 21 21
1634222916.939 50 51 41 35 28 23 24
1634222917.195 50 52 38 36 27 22 22
1634222917.439 49 54 39 34 29 23 22
1634222917.689 49 51 38 34 28 21 24
1634222917.941 47 50 38 33 30 22 22
1634222918.189 48 51 39 34 29 23 22
1634222918.440 47 49 38 35 29 23 21
1634222918.695 48 53 38 35 29 23 24
1634222918.940 49 51 39 36 32 21 20
1634222919.189 48 50 37 32 30 23 23
1634222919.439 47 51 38 35 30 22 20
1634222919.690 47 51 38 34 28 21 20
1634222919.945 48 53 36 35 29 24 21
1634222920.189 49 50 38 36 28 25 24
1634222920.439 46 51 38 35 31 22 23
1634222920.690 48 52 39 32 28 21 22
1634222920.940 47 51 38 33 29 22 23
1634222921.193 47 50 40 37 29 23 21
1634222921.441 49 51 37 35 31 22 23
1634222921.690 49 52 39 36 29 23 25
1634222921.940 50 49 37 35 28 22 23
1634222922.190 47 50 40 36 29 21 22
1634222922.440 49 50 37 33 28 23 22
1634222922.690 48 53 39 35 28 23 22
1634222922.941 48 52 37 36 29 21 23
1634222923.191 49 50 37 36 28 24 22
1634222923.442 49 49 38 33 27 22 24
1634222923.691 49 53 37 34 27 22 23
1634222923.941 50 50 37 33 28 23 22
1634222924.189 48 52 38 37 29 23 20
1634222924.442 48 51 37 35 28 24 22
1634222924.689 49 51 39 32 29 22 22
1634222924.941 50 53 39 34 28 23 20
1634222925.194 48 52 38 35 27 24 21
1634222925.441 50 51 40 35 28 26 22
1634222925.689 49 52 38 34 28 21 25
1634222925.939 50 52 39 35 29 21 20
1634222926.193 47 51 38 34 26 25 22
1634222926.441 50 50 38 34 27 22 25
1634222926.691 50 51 39 36 28 23 22
1634222926.942 50 50 38 35 29 22 23
1634222927.190 48 51 36 33 29 22 21
1634222927.440 50 51 40 33 27 21 21
1634222927.690 49 51 40 37 28 24 22
1634222927.940 47 50 38 36 28 22 22
1634222928.195 47 53 38 37 28 22 22
1634222928.440 47 53 41 36 30 23 23
1634222928.697 47 51 38 35 31 24 22
1634222928.947 48 51 38 37 27 22 23
1634222929.194 48 49 39 38 28 22 22
1634222929.444 48 49 37 34 27 21 23
1634222929.689 49 48 40 33 28 23 23
1634222929.940 48 51 42 37 28 23 23
1634222930.191 49 51 39 34 31 22 21
1634222930.442 48 50 38 34 30 22 22
1634222930.691 47 51 38 34 27 24 21
1634222930.941 49 50 40 33 33 23 23
1634222931.190 49 51 40 34 30 22 25
1634222931.439 48 51 37 37 27 22 23
1634222931.692 49 51 39 34 29 24 24
1634222931.948 48 50 42 33 28 21 22
1634222932.192 47 52 37 33 26 22 21
1634222932.440 51 49 37 34 30 22 23
1634222932.690 47 50 39 36 27 23 24
1634222932.940 46 52 36 37 28 22 19
1634222933.190 46 52 38 35 27 25 22
1634222933.440 48 51 41 35 28 23 21
1634222933.691 49 51 38 33 27 23 20
1634222933.942 48 49 37 35 28 22 23
1634222934.190 49 52 38 35 27 23 23
1634222934.439 49 52 39 34 28 21 22
1634222934.693 51 50 39 33 29 22 21
1634222934.940 47 50 38 37 29 21 22
1634222935.190 48 51 38 35 29 22 24
1634222935.439 47 53 40 35 29 22 23
1634222935.692 48 50 40 35 28 23 20
1634222935.941 51 51 37 33 28 21 21
1634222936.191 49 51 39 34 27 22 21
1634222936.444 49 50 37 35 26 22 21
1634222936.690 50 49 39 35 27 22 22
1634222936.939 51 52 36 35 27 22 23
1634222937.194 45 51 39 36 29 22 23
1634222937.441 49 53 39 37 28 25 23
1634222937.694 47 51 38 37 28 22 21
1634222937.940 46 49 41 36 27 24 26
1634222938.192 50 52 39 35 27 23 22
1634222938.440 49 52 37 37 27 23 24
1634222938.689 48 50 38 34 28 23 24
1634222938.940 49 53 37 33 28 22 21
1634222939.190 48 51 38 35 30 24 20
1634222939.443 47 54 39 34 29 24 24
1634222939.690 50 53 37 35 27 23 22
1634222939.943 48 51 40 35 30 22 21
1634222940.189 50 50 40 35 28 23 20
1634222940.440 50 53 39 35 28 22 20
1634222940.693 53 51 37 36 29 24 24
1634222940.940 50 49 38 35 29 21 22
1634222941.190 48 51 40 35 29 22 21
1634222941.441 49 54 38 33 28 24 21
1634222941.691 47 50 38 35 30 22 22
1634222941.940 47 52 37 36 28 21 22
1634222942.190 49 51 38 35 28 22 23
1634222942.443 47 50 37 36 28 22 22
1634222942.691 48 51 39 33 28 22 22
1634222942.939 47 53 38 33 30 23 21
1634222943.190 50 51 39 37 30 23 21
1634222943.441 50 52 37 34 27 22 22
1634222943.693 48 51 39 35 31 23 23
1634222943.940 48 49 39 36 26 26 22
1634222944.190 50 53 40 34 29 22 21
1634222944.440 49 52 38 36 28 25 24
1634222944.691 48 53 38 33 28 22 22
1634222944.940 50 51 39 36 29 25 23
1634222945.190 49 52 36 33 29 22 20
1634222945.439 47 51 38 33 29 24 22
1634222945.694 47 49 37 34 31 24 23
1634222945.941 47 52 40 34 29 23 23
1634222946.190 48 52 37 36 28 26 20
1634222946.443 49 50 38 36 28 25 22
1634222946.691 49 51 40 35 28 23 22
1634222946.939 49 55 37 35 28 24 24
1634222947.190 50 50 38 33 29 23 24
1634222947.440 48 52 37 35 30 23 25
1634222947.690 50 51 39 34 28 22 23
1634222947.942 47 51 39 35 29 23 22
1634222948.190 48 50 38 35 29 22 21
1634222948.440 49 51 38 35 28 22 22
1634222948.690 49 51 39 34 27 21 22
1634222948.940 49 52 37 34 29 23 26
1634222949.190 46 52 38 34 32 23 21
1634222949.441 50 50 40 35 28 22 23
1634222949.691 47 51 38 35 27 25 23
1634222949.941 49 50 37 34 28 22 22
1634222950.190 48 50 40 35 29 23 21
1634222950.440 51 50 41 35 29 23 21
1634222950.692 50 52 38 34 29 23 22
1634222950.941 48 52 39 33 30 21 22
1634222951.191 49 50 37 35 29 22 23
1634222951.446 47 51 38 34 28 21 23
1634222951.691 47 50 36 35 28 23 21
1634222951.941 49 52 39 34 28 22 26
1634222952.190 49 50 37 35 29 23 21
1634222952.440 47 49 39 34 29 22 22
1634222952.690 48 50 38 36 28 23 22
1634222952.940 49 51 38 36 27 23 23
1634222953.191 51 51 38 35 26 23 21
1634222953.442 48 52 37 34 28 23 22
1634222953.691 47 50 37 37 29 23 22
1634222953.940 48 51 37 34 28 22 23
1634222954.191 52 50 37 35 28 25 23
1634222954.441 49 53 38 36 28 22 22
1634222954.691 49 51 41 36 30 21 21
1634222954.942 48 49 37 36 29 22 23
1634222955.193 49 50 41 36 27 22 23
1634222955.440 47 53 39 35 27 23 22
1634222955.691 48 50 39 35 30 23 23
1634222955.941 49 51 38 33 27 23 22
1634222956.190 49 49 39 33 31 22 21
1634222956.440 49 50 39 33 28 22 24
1634222956.693 49 53 36 34 28 23 24
1634222956.942 48 49 39 35 27 23 22
1634222957.191 46 50 38 36 29 22 22
1634222957.441 51 52 37 37 26 24 23
1634222957.691 51 52 39 36 31 22 24
1634222957.941 47 52 38 36 28 22 23
1634222958.190 49 52 38 36 29 24 22
1634222958.440 48 53 38 33 27 23 22
1634222958.692 50 53 38 34 29 23 23
1634222958.942 47 50 36 35 28 22 22
1634222959.190 49 51 39 34 27 23 23
1634222959.439 48 51 37 34 27 25 23
1634222959.693 50 50 37 35 30 22 22
1634222959.941 48 52 40 35 27 21 24
1634222960.195 48 52 39 35 28 22 22
1634222960.442 49 51 36 36 29 23 21
1634222960.693 49 52 40 35 27 23 22
1634222960.941 48 49 38 38 28 23 22
1634222961.191 48 50 38 36 27 24 23
1634222961.442 50 51 37 34 28 22 24
1634222961.690 49 52 40 34 27 22 24
1634222961.944 49 48 39 34 29 21 22
1634222962.191 47 52 39 36 27 21 22
1634222962.443 48 53 40 36 28 21 23
1634222962.691 51 52 40 35 29 20 24
1634222962.940 48 49 38 35 29 23 21
1634222963.190 49 52 41 34 29 22 21
1634222963.441 49 50 38 37 28 23 23
1634222963.690 45 49 39 35 28 23 20
1634222963.941 49 52 38 35 28 23 23
1634222964.191 49 50 38 34 30 23 23
1634222964.442 48 51 40 35 29 22 21
1634222964.690 48 51 38 37 30 23 20
1634222964.940 49 53 40 34 30 21 22
1634222965.190 49 53 37 35 29 25 23
1634222965.443 48 51 37 33 26 23 21
1634222965.690 48 52 38 34 28 22 22
1634222965.941 49 51 39 33 29 24 22
1634222966.190 48 52 38 35 28 23 21
1634222966.441 48 52 37 35 29 22 23
1634222966.691 49 52 40 37 28 23 22
1634222966.941 49 52 37 33 30 22 20
1634222967.190 49 55 41 33 29 21 21
1634222967.441 49 53 39 35 29 22 23
1634222967.690 49 49 38 34 29 22 22
1634222967.941 47 50 40 35 27 22 22
1634222968.190 48 52 37 34 30 22 22
1634222968.441 49 51 39 35 29 24 22
1634222968.690 48 51 37 34 29 23 25
1634222968.941 49 53 38 34 29 24 22
1634222969.192 48 51 37 34 27 23 24
1634222969.441 47 52 39 35 28 26 24
1634222969.691 52 52 37 33 28 22 24
1634222969.940 52 53 39 33 28 21 24
1634222970.199 50 51 37 34 29 23 23
1634222970.441 46 51 39 36 28 22 23
1634222970.690 47 50 39 36 28 23 21
1634222970.943 47 52 38 35 27 22 21
1634222971.192 48 52 41 35 30 23 20
1634222971.441 49 51 38 33 28 22 22
1634222971.695 48 52 39 38 28 23 21
1634222971.942 50 52 38 33 30 23 21
1634222972.190 49 52 39 35 30 23 22
1634222972.441 50 53 36 37 31 24 22
1634222972.691 48 50 38 34 28 22 24
1634222972.940 49 50 40 35 29 23 23
1634222973.190 47 51 39 36 27 22 23
1634222973.447 47 50 39 34 28 22 23
1634222973.690 48 52 37 34 28 21 22
1634222973.941 50 50 39 35 26 23 23
1634222974.191 47 51 40 35 29 23 24
1634222974.441 49 52 38 34 28 23 21
1634222974.692 48 50 36 35 31 23 22
1634222974.941 47 51 40 34 27 22 21
1634222975.193 47 51 38 34 28 22 21
1634222975.441 48 50 37 35 27 22 23
1634222975.700 50 51 36 33 28 22 20
1634222975.940 50 51 37 36 30 24 21
1634222976.195 49 50 38 34 27 22 22
1634222976.441 49 50 39 35 27 22 23
1634222976.691 49 52 38 35 27 23 23
1634222976.942 50 52 38 34 29 22 23
1634222977.191 48 52 38 34 27 22 23
1634222977.443 48 51 36 34 26 23 23
1634222977.690 46 52 38 34 29 23 22
1634222977.942 48 51 38 36 28 22 23
1634222978.194 47 51 37 37 29 23 22
1634222978.440 49 50 41 33 28 23 22
1634222978.691 48 50 38 34 29 24 24
1634222978.942 49 52 39 33 28 23 23
1634222979.191 48 51 37 36 28 23 21
1634222979.442 49 49 38 34 28 23 22
1634222979.690 49 50 37 33 28 24 22
1634222979.941 51 51 39 36 29 23 23
1634222980.193 48 50 38 36 27 23 22
1634222980.441 50 50 38 34 28 22 22
1634222980.691 50 48 39 35 30 23 22
1634222980.940 47 51 40 36 27 23 23
1634222981.192 49 51 39 35 29 22 21
1634222981.441 47 51 37 34 31 22 22
1634222981.692 48 52 39 35 27 24 23
1634222981.941 49 51 40 34 28 24 21
1634222982.194 50 51 37 33 28 22 22
1634222982.441 48 51 36 34 27 23 22
1634222982.692 48 52 39 36 28 23 21
1634222982.941 48 52 40 34 30 24 22
1634222983.193 50 54 38 35 30 24 22
1634222983.442 49 52 40 34 29 24 22
1634222983.691 48 52 38 33 28 24 22
1634222983.941 47 51 39 36 27 21 20
1634222984.194 48 54 40 35 29 21 22
1634222984.449 50 49 38 34 30 23 22
1634222984.691 49 50 42 33 27 24 23
1634222984.942 47 50 38 32 30 23 23
1634222985.190 48 53 39 33 29 23 21
1634222985.442 50 51 40 35 29 23 23
1634222985.690 49 51 38 35 31 23 23
1634222985.940 52 50 37 33 27 23 21
1634222986.190 49 51 37 34 28 26 22
1634222986.443 50 50 38 34 28 23 20
1634222986.696 47 51 38 37 29 22 22
1634222986.942 48 50 40 35 29 24 21
1634222987.193 49 52 41 34 31 23 22
1634222987.442 48 53 38 33 29 24 22
1634222987.693 51 52 38 36 29 23 22
1634222987.943 49 51 39 35 28 22 22
1634222988.191 46 52 39 34 28 22 22
1634222988.441 49 53 41 35 30 21 21
1634222988.691 48 51 38 33 28 23 21
1634222988.943 49 53 38 34 27 25 22
1634222989.190 49 51 38 36 27 22 23
1634222989.442 51 51 40 36 29 23 21
1634222989.694 48 51 39 32 28 24 21
1634222989.941 50 52 39 37 30 22 21
1634222990.194 49 50 39 35 27 24 21
1634222990.442 50 50 38 34 27 23 23
1634222990.695 48 52 38 36 28 24 22
1634222990.942 48 52 38 35 27 22 22
1634222991.191 48 50 37 33 30 23 21
1634222991.441 48 51 39 34 29 24 20
1634222991.691 48 52 39 34 28 22 21
1634222991.941 48 49 36 36 26 23 20
1634222992.190 50 51 38 35 30 22 22
1634222992.441 48 50 39 33 27 23 21
1634222992.691 47 49 38 34 29 22 20
1634222992.941 47 51 37 34 30 25 21
1634222993.191 47 52 39 36 29 26 22
1634222993.441 49 52 39 36 28 22 23
1634222993.691 49 49 37 34 26 22 21
1634222993.946 48 52 39 34 27 23 23
1634222994.192 49 51 38 34 28 23 22
1634222994.447 50 51 38 34 26 22 21
1634222994.692 48 50 37 35 30 24 22
1634222994.944 48 51 38 36 28 23 23
1634222995.193 48 50 40 35 31 22 21
1634222995.441 51 49 39 34 28 22 23
1634222995.694 48 50 37 37 26 24 22
1634222995.944 49 50 37 33 30 23 23
1634222996.194 49 51 41 35 27 23 25
1634222996.443 49 53 37 36 28 23 23
1634222996.691 48 51 39 35 27 22 23
1634222996.942 49 50 37 35 29 22 21
1634222997.193 49 52 39 34 27 22 21
1634222997.444 48 51 40 34 27 22 21
1634222997.691 47 49 37 36 27 24 23
1634222997.943 51 51 38 34 25 30 22
1634222998.199 49 52 38 36 27 22 24
1634222998.442 50 52 38 34 30 24 23
1634222998.698 48 50 37 34 27 23 23
1634222998.943 51 50 38 36 27 23 23
1634222999.193 49 52 37 34 29 22 22
1634222999.446 48 49 38 35 28 22 23
1634222999.691 49 51 38 34 27 23 22
1634222999.944 51 50 38 35 28 21 22
1634223000.192 48 52 37 35 30 22 21
1634223000.442 49 51 38 34 30 21 23
1634223000.694 47 50 38 35 29 22 21
1634223000.943 48 50 37 35 31 22 22
1634223001.191 51 52 38 37 29 22 21
1634223001.441 49 52 38 34 29 23 25
1634223001.691 49 51 38 35 28 23 22
1634223001.942 46 50 37 37 27 21 21
1634223002.191 48 51 39 34 28 23 20
1634223002.444 48 50 38 35 28 24 23
1634223002.692 48 53 37 35 29 23 24
1634223002.942 52 50 38 34 30 25 21
1634223003.193 49 52 37 33 30 24 19
1634223003.441 51 51 37 37 31 22 22
1634223003.692 51 52 38 35 29 23 22
1634223003.941 49 50 38 35 30 23 23
1634223004.195 49 51 39 36 30 22 22
1634223004.442 48 54 36 34 28 22 23
1634223004.692 48 51 38 34 27 23 22
1634223004.942 48 49 39 34 28 23 24
1634223005.192 48 51 38 38 30 23 23
1634223005.441 48 51 39 36 29 22 21
1634223005.692 48 51 38 35 28 23 23
1634223005.948 51 49 39 37 28 22 20
1634223006.192 51 49 37 35 28 26 24
1634223006.442 49 52 39 33 28 23 22
1634223006.693 47 51 39 34 31 21 21
1634223006.942 48 51 38 36 28 22 24
1634223007.194 47 52 38 36 29 24 23
1634223007.441 51 49 38 33 28 24 23
1634223007.692 49 50 38 38 29 22 21
1634223007.942 50 52 39 34 28 24 23
1634223008.193 51 52 37 37 29 23 24
1634223008.445 48 52 40 33 30 23 22
1634223008.691 52 50 38 34 30 24 24
1634223008.941 47 51 39 34 28 22 21
1634223009.191 50 50 39 34 29 24 23
1634223009.442 47 51 37 32 28 24 24
1634223009.691 50 51 38 36 32 24 22
1634223009.942 49 50 37 33 26 21 22
1634223010.192 47 49 37 35 28 22 21
1634223010.442 48 50 40 34 28 23 23
1634223010.692 49 51 38 37 27 22 21
1634223010.942 50 52 38 34 28 23 23
1634223011.191 49 51 42 37 29 22 22
1634223011.442 47 51 39 36 29 21 21
1634223011.691 49 51 38 34 28 22 22
1634223011.942 50 53 40 36 28 24 21
1634223012.191 47 52 40 35 30 23 23
1634223012.441 47 50 38 35 30 22 21
1634223012.692 49 52 38 38 27 22 23
1634223012.943 48 52 39 36 27 24 21
1634223013.192 48 50 37 35 29 22 23
1634223013.443 47 49 36 34 29 23 22
1634223013.691 49 51 40 34 31 22 24
1634223013.942 48 52 38 34 29 22 24
1634223014.192 48 53 37 34 28 23 22
1634223014.441 49 52 39 35 28 23 21
1634223014.691 48 51 40 36 29 23 22
1634223014.942 47 52 38 37 28 22 22
1634223015.192 48 51 39 36 28 23 21
1634223015.442 48 51 38 34 27 23 23
1634223015.694 49 53 38 33 28 23 22
1634223015.942 49 51 37 35 29 22 22
1634223016.194 50 50 36 33 28 24 22
1634223016.444 49 54 37 34 30 23 22
1634223016.694 48 50 40 36 28 24 22
1634223016.945 49 50 37 33 28 23 24
1634223017.193 49 52 39 35 29 24 20
1634223017.450 49 50 39 34 29 23 21
1634223017.692 49 51 37 36 27 23 21
1634223017.941 48 52 37 33 28 25 23
1634223018.195 48 53 40 34 28 22 23
1634223018.443 49 50 39 34 29 24 22
1634223018.692 49 51 39 35 27 23 23
1634223018.943 51 51 41 38 29 21 23
1634223019.194 50 50 39 37 29 25 20
1634223019.444 50 49 39 34 29 21 22
1634223019.691 47 50 38 33 27 25 21
1634223019.946 48 52 38 34 28 22 23
1634223020.193 47 50 39 36 28 22 22
1634223020.442 49 49 40 36 29 23 23
1634223020.693 48 53 39 37 28 25 23
1634223020.945 51 50 37 34 32 26 21
1634223021.191 50 53 38 33 28 23 24
1634223021.442 49 51 38 35 27 24 22
1634223021.696 51 51 39 34 27 25 20
1634223021.943 47 52 37 35 28 23 22
1634223022.195 49 54 38 37 30 22 22
1634223022.443 48 52 37 36 29 23 23
1634223022.693 50 51 38 36 31 22 22
1634223022.945 50 51 39 34 27 21 21
1634223023.193 48 51 39 37 28 22 24
1634223023.443 48 51 38 34 29 22 22
1634223023.694 47 48 38 36 30 22 24
1634223023.942 50 52 37 34 27 21 22
1634223024.192 48 50 38 34 29 23 21
1634223024.447 48 51 41 35 29 22 21
1634223024.698 48 50 38 34 30 22 22
1634223024.943 48 52 39 32 28 24 23
1634223025.193 52 51 37 34 29 22 19
1634223025.450 48 49 39 35 29 22 23
1634223025.692 48 52 39 34 30 23 21
1634223025.943 50 50 39 34 28 23 24
1634223026.192 51 52 37 34 30 23 21
1634223026.444 52 51 36 36 28 22 25
1634223026.694 47 50 39 35 29 23 24
1634223026.943 50 51 38 35 28 24 22
1634223027.192 51 51 38 34 28 23 23
1634223027.445 46 49 37 37 29 23 24
1634223027.695 47 50 39 34 29 24 22
1634223027.942 49 49 38 34 28 25 20
1634223028.192 49 52 40 35 27 22 23
1634223028.443 48 51 37 34 29 22 26
1634223028.694 49 52 37 35 29 23 23
1634223028.943 49 51 39 36 28 22 22
1634223029.192 48 51 40 35 29 21 24
1634223029.445 48 50 39 35 28 24 23
1634223029.692 49 51 37 34 28 23 22
1634223029.942 49 49 39 39 28 26 24
1634223030.195 46 50 39 37 31 22 23
1634223030.444 48 50 38 36 29 22 22
1634223030.694 50 51 38 34 27 23 22
1634223030.943 48 50 40 34 29 21 20
1634223031.193 49 53 39 35 28 24 23
1634223031.445 50 51 40 37 28 24 18
1634223031.692 48 49 37 34 27 21 22
1634223031.942 47 51 37 35 31 22 24
1634223032.192 49 51 40 36 29 24 22
1634223032.443 51 51 37 35 28 23 19
1634223032.693 51 54 37 36 28 22 22
1634223032.943 48 51 36 36 28 22 22
1634223033.194 49 51 40 37 28 22 20
1634223033.442 50 52 39 37 28 22 24
1634223033.693 47 52 37 32 30 22 22
1634223033.945 47 52 39 35 28 23 25
1634223034.192 48 49 39 35 29 23 24
1634223034.443 51 51 39 35 27 23 21
1634223034.695 49 50 37 34 28 22 23
1634223034.944 49 53 38 35 27 25 24
1634223035.192 50 53 37 36 30 24 21
1634223035.442 48 50 38 33 27 22 23
1634223035.693 48 51 39 36 27 25 25
1634223035.943 47 51 37 37 28 24 22
1634223036.193 49 54 37 37 28 22 22
1634223036.442 50 53 37 36 28 25 22
1634223036.692 49 51 38 34 27 21 23
1634223036.943 47 52 39 34 30 22 21
1634223037.194 48 50 40 35 29 25 22
1634223037.444 47 51 37 35 30 24 23
1634223037.693 48 52 39 34 29 26 20
1634223037.945 50 51 38 35 29 25 21
1634223038.192 46 50 38 36 31 23 23
1634223038.443 50 49 37 36 28 23 24
1634223038.696 50 50 38 35 27 22 24
1634223038.942 50 51 38 35 27 24 22
1634223039.193 49 53 40 36 26 23 23
1634223039.443 46 53 37 33 27 23 23
1634223039.693 47 53 39 34 28 22 23
1634223039.942 47 51 39 34 29 24 23
1634223040.193 48 51 38 35 30 22 23
1634223040.442 49 51 39 33 27 21 23
1634223040.695 50 51 39 36 27 24 23
1634223040.942 47 51 37 35 28 23 25
1634223041.193 49 49 39 36 29 23 24
1634223041.447 47 50 39 34 28 23 22
1634223041.692 50 50 39 35 27 23 22
1634223041.943 49 49 41 35 30 22 23
1634223042.193 48 49 37 37 27 23 22
1634223042.442 49 51 38 36 27 24 25
1634223042.694 48 52 37 36 27 25 24
1634223042.943 48 51 38 35 30 24 21
1634223043.192 48 51 40 34 27 23 24
1634223043.442 49 52 37 33 27 23 22
1634223043.695 52 50 39 35 29 24 21
1634223043.946 49 52 37 36 28 24 21
1634223044.193 47 52 40 35 27 23 21
1634223044.445 48 51 38 36 27 23 21
1634223044.695 46 49 38 35 26 24 21
1634223044.942 47 49 37 35 26 22 22
1634223045.193 49 51 37 34 29 23 23
1634223045.444 49 54 38 37 31 24 23
1634223045.693 47 51 37 36 27 24 23
1634223045.944 49 52 40 35 29 25 22
1634223046.194 49 51 39 36 28 23 22
1634223046.444 48 50 37 34 28 24 23
1634223046.693 50 51 39 35 28 24 22
1634223046.947 50 50 38 34 27 21 24
1634223047.193 47 51 38 36 29 22 23
1634223047.442 49 53 37 36 28 22 23
1634223047.694 51 49 37 37 28 25 22
1634223047.942 49 52 37 35 27 23 22
1634223048.192 47 50 37 35 27 24 22
1634223048.450 49 52 39 35 28 24 22
1634223048.692 49 52 37 33 28 24 22
1634223048.943 48 50 37 35 28 24 23
1634223049.197 48 49 37 35 28 25 23
1634223049.442 49 50 38 34 27 26 22
1634223049.694 50 51 38 34 29 25 22
1634223049.942 48 52 38 34 27 23 23
1634223050.195 47 50 37 35 28 24 22
1634223050.444 48 53 39 37 30 24 21
1634223050.693 49 50 37 35 27 25 23
1634223050.943 51 52 38 34 30 22 22
1634223051.193 49 50 38 35 27 21 24
1634223051.445 45 49 39 34 28 25 24
1634223051.693 48 52 40 35 27 22 20
1634223051.944 47 53 40 34 28 23 20
1634223052.193 49 52 38 34 28 23 23
1634223052.443 46 53 39 35 28 22 22
1634223052.700 47 50 38 38 28 24 23
1634223052.943 47 51 38 35 27 23 23
1634223053.195 47 51 38 37 28 24 20
1634223053.444 49 52 36 33 27 23 22
1634223053.692 47 52 39 33 27 26 22
1634223053.943 49 50 37 34 27 24 23
1634223054.193 49 52 39 37 30 23 22
1634223054.442 48 52 39 38 25 24 22
1634223054.694 48 51 37 36 28 24 21
1634223054.942 48 51 37 35 29 23 21
1634223055.193 48 51 39 36 28 23 22
1634223055.444 49 52 38 34 30 23 19
1634223055.694 47 53 39 36 32 23 23
1634223055.943 48 50 39 33 29 25 21
1634223056.195 48 52 37 32 27 22 22
1634223056.443 49 52 39 34 27 25 22
1634223056.692 51 51 40 34 31 22 22
1634223056.943 50 52 37 34 29 25 24
1634223057.193 49 51 40 33 29 23 22
1634223057.442 51 52 37 34 28 24 21
1634223057.696 48 50 39 34 27 24 21
1634223057.946 50 53 37 32 27 24 24
1634223058.194 49 52 37 33 26 22 22
1634223058.444 48 51 39 35 29 24 20
1634223058.695 49 51 38 34 28 23 21
1634223058.943 52 49 38 35 28 25 21
1634223059.193 49 52 37 34 28 23 20
1634223059.443 50 51 40 34 31 25 22
1634223059.694 51 52 38 35 27 24 22
1634223059.944 47 52 37 35 27 22 24
1634223060.193 47 52 37 33 28 23 21
1634223060.443 49 52 38 35 27 22 22
1634223060.693 52 52 38 34 28 25 23
1634223060.943 47 51 37 36 28 25 22
1634223061.195 47 52 38 34 29 22 21
1634223061.446 49 50 38 35 29 24 24
1634223061.694 47 50 38 34 32 21 22
1634223061.945 48 50 37 35 28 23 22
1634223062.193 49 54 38 34 29 23 21
1634223062.442 49 52 39 36 29 22 22
1634223062.694 49 51 37 35 28 22 22
1634223062.942 49 50 38 36 28 23 23
1634223063.192 48 51 38 35 29 25 20
1634223063.444 48 51 39 34 27 24 23
1634223063.696 47 52 39 35 30 24 22
1634223063.943 48 51 37 36 29 21 24
1634223064.193 47 50 38 35 28 24 23
1634223064.444 49 48 39 34 26 23 22
1634223064.694 47 51 39 37 27 23 22
1634223064.943 49 52 39 36 28 25 25
1634223065.194 47 49 40 34 27 24 22
1634223065.449 48 49 41 34 31 24 20
1634223065.693 48 50 39 34 30 22 23
1634223065.943 49 51 38 35 28 24 21
1634223066.193 47 50 36 34 29 24 22
1634223066.443 48 49 37 39 29 26 21
1634223066.696 47 53 36 34 28 25 24
1634223066.945 49 53 38 37 27 24 22
1634223067.193 47 50 38 36 30 23 23
1634223067.443 49 52 38 36 28 23 23
1634223067.693 49 50 38 35 31 24 22
1634223067.943 48 49 38 35 28 23 20
1634223068.192 49 52 40 37 28 22 21
1634223068.443 51 53 38 36 29 22 23
1634223068.693 48 50 39 35 28 21 21
1634223068.943 46 50 39 36 28 23 22
1634223069.195 48 50 38 34 28 23 22
1634223069.443 47 51 38 39 28 24 24
1634223069.694 49 51 36 34 28 24 23
1634223069.943 50 51 37 37 28 24 23
1634223070.196 49 53 40 35 30 23 24
1634223070.443 50 53 39 36 30 24 22
1634223070.695 52 53 38 36 29 23 22
1634223070.950 49 49 40 35 29 25 24
1634223071.195 50 52 40 35 27 24 22
1634223071.447 49 53 38 34 28 24 22
1634223071.693 49 52 38 37 27 22 25
1634223071.944 51 51 39 35 28 25 21
1634223072.194 46 52 38 36 28 22 24
1634223072.445 49 50 38 35 28 22 23
1634223072.693 48 50 39 38 29 23 23
1634223072.946 48 51 39 33 29 24 22
1634223073.196 51 51 38 33 27 25 23
1634223073.444 49 51 37 35 27 24 23
1634223073.700 47 51 37 35 29 23 22
1634223073.944 48 51 39 37 27 24 26
1634223074.195 49 51 42 34 29 24 22
1634223074.448 49 50 40 36 28 26 21
1634223074.697 47 49 37 34 29 22 21
1634223074.944 48 52 37 33 30 23 22
1634223075.195 49 54 38 35 29 23 21
1634223075.443 50 51 37 34 29 23 23
1634223075.699 48 53 38 34 27 22 22
1634223075.944 48 51 40 35 28 22 24
1634223076.194 47 50 37 34 29 23 21
1634223076.445 49 51 41 36 29 23 22
1634223076.697 51 52 40 35 30 23 22
1634223076.944 49 50 38 35 28 24 22
1634223077.196 50 51 39 36 26 23 23
1634223077.443 48 51 39 34 29 22 23
1634223077.694 51 50 42 35 26 23 23
1634223077.946 49 52 37 36 28 24 20
1634223078.196 50 52 39 35 28 24 21
1634223078.443 48 51 38 35 28 23 22
1634223078.695 48 50 37 33 28 22 22
1634223078.944 48 51 38 36 28 22 22
1634223079.194 49 50 38 34 28 23 22
1634223079.446 48 53 37 35 26 24 25
1634223079.694 50 50 40 35 28 25 21
1634223079.944 48 51 38 35 26 21 22
1634223080.196 51 50 38 34 27 22 22
1634223080.446 50 52 39 36 27 25 23
1634223080.695 52 50 38 36 28 24 22
1634223080.945 50 53 40 36 27 23 21
1634223081.195 48 52 39 34 28 23 22
1634223081.444 47 50 37 35 27 21 20
1634223081.695 49 51 38 37 28 22 23
1634223081.948 49 51 38 35 27 23 20
1634223082.194 45 49 38 34 28 22 21
1634223082.449 46 51 40 33 28 23 21
1634223082.693 50 51 39 35 29 22 22
1634223082.945 49 50 39 36 28 25 22
1634223083.194 48 52 36 37 27 22 20
1634223083.444 47 50 38 35 27 24 24
1634223083.693 46 54 38 34 28 23 23
1634223083.947 47 50 40 32 28 23 22
1634223084.198 46 50 39 34 27 25 23
1634223084.444 47 53 36 34 26 25 21
1634223084.694 47 51 41 33 26 24 20
1634223084.945 48 51 38 33 27 23 22
1634223085.194 48 52 40 34 27 21 24
1634223085.445 47 52 38 34 28 22 24
1634223085.696 49 50 38 34 28 22 22
1634223085.945 48 52 39 34 27 24 20
1634223086.194 48 51 39 34 28 22 24
1634223086.444 47 53 39 34 28 23 20
1634223086.694 49 52 39 35 28 21 22
1634223086.943 47 50 37 33 29 22 23
1634223087.195 48 51 40 35 29 22 22
1634223087.445 49 49 37 34 29 23 23
1634223087.694 46 50 37 35 30 25 22
1634223087.944 49 50 37 34 28 25 21
1634223088.195 49 50 41 33 29 24 22
1634223088.447 48 50 38 33 29 25 20
1634223088.694 47 51 38 34 27 23 23
1634223088.946 52 50 38 35 31 22 23
1634223089.193 51 53 38 34 28 24 22
1634223089.443 48 51 39 35 28 23 22
1634223089.695 49 52 38 35 30 24 23
1634223089.945 52 51 38 34 28 21 22
1634223090.195 47 50 38 35 29 21 23
1634223090.445 49 51 38 36 29 22 23
1634223090.694 48 51 37 34 28 23 25
1634223090.944 47 51 38 37 28 22 19
1634223091.194 48 53 37 34 29 25 24
1634223091.447 46 50 37 34 27 22 22
1634223091.693 49 51 41 35 31 24 21
1634223091.944 47 51 39 36 28 25 22
1634223092.197 48 51 39 36 28 23 21
1634223092.444 49 49 38 36 29 23 23
1634223092.694 48 50 38 33 29 22 23
1634223092.944 49 50 40 36 28 22 20
1634223093.199 50 50 39 34 27 21 20
1634223093.443 47 49 38 35 29 23 20
1634223093.695 48 49 38 34 28 22 21
1634223093.948 49 49 40 34 28 22 22
1634223094.194 50 51 38 35 27 22 23
1634223094.445 49 51 39 38 28 24 22
1634223094.695 47 51 37 35 28 23 22
1634223094.945 50 50 39 33 29 21 24
1634223095.201 48 53 41 35 28 21 21
1634223095.447 51 53 39 37 30 23 23
1634223095.695 51 49 37 34 28 22 20
1634223095.945 47 50 39 34 30 22 25
1634223096.195 48 52 38 35 28 23 23
1634223096.445 48 53 37 33 28 22 22
1634223096.694 51 52 36 35 27 25 22
1634223096.943 48 52 36 34 27 23 22
1634223097.194 50 50 38 36 29 27 20
1634223097.445 48 51 38 35 28 23 23
1634223097.695 48 52 39 35 29 23 21
1634223097.948 46 50 40 37 29 24 22
1634223098.202 48 51 38 36 26 23 22
1634223098.445 47 51 39 34 27 22 24
1634223098.699 49 53 37 34 28 23 24
1634223098.944 47 50 39 34 26 23 24
1634223099.196 49 52 38 33 28 22 22
1634223099.446 48 49 38 37 28 26 22
1634223099.695 47 47 37 38 28 23 20
1634223099.945 48 52 38 33 28 24 21
1634223100.195 49 52 38 35 27 22 24
1634223100.445 47 52 37 35 26 23 23
1634223100.695 49 51 38 35 26 23 22
1634223100.947 50 52 39 36 27 25 22
1634223101.194 49 51 37 35 30 24 22
1634223101.447 47 50 38 35 27 26 23
1634223101.697 48 50 38 36 27 24 21
1634223101.944 52 51 38 34 27 24 25
1634223102.195 49 51 36 36 29 22 21
1634223102.452 49 51 38 35 26 21 24
1634223102.694 51 51 38 35 30 23 20
1634223102.946 48 49 37 36 28 25 22
1634223103.198 49 51 38 34 28 24 21
1634223103.446 48 50 37 34 29 22 21
1634223103.698 49 52 39 36 28 23 21
1634223103.946 49 52 38 36 26 24 24
1634223104.195 49 49 37 34 27 24 22
1634223104.445 48 53 39 35 29 24 22
1634223104.698 49 50 39 35 28 23 21
1634223104.944 49 51 38 35 29 23 22
1634223105.198 48 49 38 35 28 22 22
1634223105.445 49 49 37 36 29 22 22
1634223105.695 49 50 38 37 28 22 20
1634223105.945 49 48 38 36 28 23 22
1634223106.198 49 51 38 34 27 23 22
1634223106.445 48 50 38 32 29 21 25
1634223106.695 48 51 38 33 29 23 22
1634223106.944 50 51 39 34 27 22 24
1634223107.194 50 51 40 35 31 22 24
1634223107.444 49 51 38 35 28 24 21
1634223107.696 48 51 39 35 28 23 23
1634223107.944 49 53 39 35 28 24 20
1634223108.198 49 50 38 35 28 24 23
1634223108.445 50 50 38 34 28 24 22
1634223108.700 48 52 39 35 28 23 23
1634223108.946 47 52 38 35 28 24 21
1634223109.196 49 52 38 36 28 22 22
1634223109.445 49 52 37 37 29 23 20
1634223109.695 48 51 39 34 26 23 21
1634223109.946 49 50 39 34 27 23 22
1634223110.196 46 52 38 36 29 23 23
1634223110.445 47 54 37 34 27 23 24
1634223110.697 48 52 37 37 29 24 22
1634223110.946 47 52 39 34 31 26 26
1634223111.195 49 50 39 34 27 24 21
1634223111.446 49 50 38 35 29 23 23
1634223111.695 48 54 39 35 28 22 21
1634223111.948 47 51 38 34 27 24 22
1634223112.194 48 51 38 34 28 22 23
1634223112.447 48 50 38 33 26 23 22
1634223112.697 49 51 39 34 28 23 22
1634223112.948 48 50 37 35 28 23 23
1634223113.195 49 52 40 37 29 22 22
1634223113.446 49 52 38 36 28 23 21
1634223113.702 47 51 40 35 29 25 22
1634223113.948 48 51 39 33 28 26 23
1634223114.196 49 51 41 35 28 25 22
1634223114.445 48 49 37 32 29 25 22
1634223114.695 47 52 39 36 27 24 24
1634223114.945 48 51 37 35 28 23 22
1634223115.195 47 49 40 36 28 22 20
1634223115.444 49 50 39 34 27 23 26
1634223115.696 48 49 39 35 30 25 25
1634223115.946 48 52 39 34 28 25 22
1634223116.195 47 52 37 37 28 23 22
1634223116.447 47 53 38 36 27 25 21
1634223116.696 47 50 39 36 28 25 22
1634223116.945 50 51 38 34 27 25 22
1634223117.195 49 50 38 35 28 25 21
1634223117.446 48 52 38 34 27 21 21
1634223117.695 51 51 38 35 28 22 21
1634223117.945 50 50 41 35 28 24 21
1634223118.195 48 52 37 34 27 23 23
1634223118.445 48 50 38 35 29 23 21
1634223118.696 48 50 38 34 29 24 22
1634223118.948 49 54 38 34 30 24 21
1634223119.196 48 48 39 36 26 24 21
1634223119.446 49 49 38 37 30 24 22
1634223119.697 49 52 38 36 27 22 22
1634223119.946 49 50 38 35 26 24 21
1634223120.195 50 50 39 35 29 22 24
1634223120.446 49 50 39 38 28 23 21
1634223120.695 50 50 36 34 27 26 21
1634223120.945 48 51 37 34 28 26 18
1634223121.198 46 51 39 36 26 23 22
1634223121.445 47 52 38 33 31 23 22
1634223121.697 48 52 37 33 30 22 24
1634223121.949 49 52 38 35 29 24 25
1634223122.197 48 52 36 34 29 25 23
1634223122.445 47 51 40 31 27 22 23
1634223122.698 47 50 40 35 28 25 23
1634223122.945 50 52 38 36 26 24 24
1634223123.196 50 53 37 34 27 21 23
1634223123.446 49 51 37 33 29 24 23
1634223123.695 50 50 40 36 27 24 20
1634223123.945 50 51 37 35 28 22 22
1634223124.196 48 50 38 36 27 25 22
1634223124.445 48 50 38 36 26 23 22
1634223124.696 49 52 38 35 26 24 23
1634223124.945 49 53 37 35 28 22 22
1634223125.197 48 51 40 34 29 23 24
1634223125.445 48 51 38 35 28 24 22
1634223125.696 48 49 38 34 28 22 22
1634223125.946 48 52 37 34 28 22 22
1634223126.196 48 51 39 34 26 23 24
1634223126.447 49 50 37 35 29 23 21
1634223126.699 50 52 40 34 30 22 22
1634223126.948 49 51 37 37 26 26 22
1634223127.198 48 51 37 33 27 23 21
1634223127.445 50 50 40 36 27 23 24
1634223127.696 49 52 38 35 27 24 20
1634223127.950 49 49 39 35 28 23 23
1634223128.195 51 53 38 34 28 24 21
1634223128.445 48 51 39 36 27 24 22
1634223128.695 49 49 39 35 25 24 21
1634223128.947 49 52 40 34 27 22 23
1634223129.195 48 51 40 34 26 24 22
1634223129.450 48 49 38 35 28 23 22
1634223129.700 49 54 38 36 30 21 23
1634223129.945 51 50 37 35 28 23 23
1634223130.197 48 52 38 34 28 24 21
1634223130.450 50 51 38 36 28 25 24
1634223130.696 49 53 38 34 26 21 22
1634223130.948 50 48 39 34 29 22 20
1634223131.195 49 50 38 33 28 23 23
1634223131.445 51 51 38 36 27 24 21
1634223131.694 49 52 39 35 27 22 22
1634223131.945 49 51 38 34 28 24 23
1634223132.195 48 50 37 36 27 24 21
1634223132.446 49 52 39 37 30 27 24
1634223132.700 48 52 37 35 27 24 22
1634223132.950 50 52 38 34 28 22 22
1634223133.196 47 54 39 35 28 25 21
1634223133.448 50 51 39 36 28 24 23
1634223133.696 47 51 39 35 28 24 23
1634223133.946 48 53 37 34 29 23 22
1634223134.200 51 51 38 33 26 22 22
1634223134.446 47 50 39 34 28 24 21
1634223134.696 51 54 37 36 27 24 23
1634223134.946 48 52 39 34 29 23 24
1634223135.196 49 53 37 33 27 24 22
1634223135.447 49 53 39 37 28 25 21
1634223135.697 50 52 39 35 29 22 21
1634223135.946 48 51 39 35 28 24 20
1634223136.196 46 50 38 35 28 22 24
1634223136.446 49 50 38 34 26 22 21
1634223136.696 49 52 39 36 28 24 22
1634223136.946 48 52 39 34 28 25 25
1634223137.197 48 51 37 34 29 24 23
1634223137.447 48 50 41 36 28 24 23
1634223137.696 48 53 39 36 27 23 22
1634223137.946 49 50 38 36 26 25 21
1634223138.196 50 52 37 36 29 23 26
1634223138.449 47 50 38 35 28 21 24
1634223138.695 50 50 39 35 26 26 22
1634223138.945 46 50 40 35 29 24 24
1634223139.203 49 51 39 34 28 24 23
1634223139.445 48 51 36 36 30 23 23
1634223139.696 49 51 39 33 29 23 22
1634223139.947 48 51 40 33 28 22 23
1634223140.196 50 51 36 33 28 23 23
1634223140.448 50 51 37 34 27 23 22
1634223140.699 50 50 38 34 28 22 23
1634223140.945 48 50 39 35 28 21 22
1634223141.196 46 50 40 35 31 22 24
1634223141.447 48 50 37 34 28 23 24
1634223141.697 49 49 39 36 28 23 22
1634223141.945 46 52 39 35 28 26 22
1634223142.196 50 51 39 34 27 23 22
1634223142.446 47 50 37 37 27 24 21
1634223142.695 50 50 40 34 29 22 22
1634223142.946 49 50 37 36 27 24 22
1634223143.196 49 52 38 34 27 26 23
1634223143.448 49 52 38 34 29 23 22
1634223143.695 50 50 37 35 29 23 22
1634223143.946 47 51 38 33 28 22 23
1634223144.199 49 51 38 36 28 25 23
1634223144.445 49 50 36 35 30 22 22
1634223144.695 51 52 39 36 29 25 24
1634223144.946 47 53 38 36 28 23 24
1634223145.196 46 53 38 35 30 22 21
1634223145.449 46 49 38 35 30 22 21
1634223145.699 49 49 40 36 29 25 23
1634223145.946 47 53 39 34 28 22 23
1634223146.196 46 51 38 35 27 23 23
1634223146.446 51 52 37 35 28 24 24
1634223146.697 46 51 38 34 28 22 25
1634223146.946 48 51 39 34 29 23 21
1634223147.198 48 52 39 35 29 24 22
1634223147.452 47 51 37 36 30 21 23
1634223147.696 48 52 39 33 29 22 22
1634223147.949 49 51 39 35 29 22 22
1634223148.195 47 51 38 36 29 23 23
1634223148.447 49 53 36 35 28 23 22
1634223148.696 49 50 38 34 27 23 23
1634223148.946 47 51 37 36 28 25 22
1634223149.196 46 52 38 35 28 24 23
1634223149.447 47 51 37 34 27 22 22
1634223149.698 48 49 40 34 29 24 22
1634223149.946 50 49 39 34 27 24 23
1634223150.198 46 54 39 33 27 23 23
1634223150.446 49 53 38 33 28 21 22
1634223150.697 50 52 37 35 28 23 21
1634223150.946 51 52 37 35 29 23 21
1634223151.200 49 52 38 35 30 24 22
1634223151.447 47 50 37 34 28 22 22
1634223151.697 48 50 38 35 28 22 21
1634223151.949 48 51 39 36 27 21 22
1634223152.197 47 51 39 34 28 25 24
1634223152.452 49 52 38 34 29 22 24
1634223152.696 49 50 39 36 27 21 21
1634223152.946 49 51 38 35 29 24 21
1634223153.199 50 52 41 35 28 23 25
1634223153.446 48 49 38 35 27 22 22
1634223153.696 47 50 38 33 28 23 22
1634223153.950 48 51 37 35 29 21 22
1634223154.205 49 51 38 36 28 25 22
1634223154.446 49 50 37 35 26 24 23
1634223154.697 50 53 39 36 29 23 22
1634223154.946 49 52 40 37 27 23 22
1634223155.198 48 50 40 34 27 24 19
1634223155.447 47 52 38 35 28 23 24
1634223155.702 47 54 38 36 28 22 22
1634223155.948 49 50 39 34 27 22 23
1634223156.196 47 51 38 35 27 23 21
1634223156.448 48 52 39 36 28 24 22
1634223156.696 50 50 41 36 29 22 22
1634223156.947 47 48 37 37 29 22 22
1634223157.196 48 50 39 37 29 24 22
1634223157.447 48 52 40 37 28 25 22
1634223157.695 50 51 36 34 29 24 19
1634223157.949 50 51 37 35 27 24 22
1634223158.197 48 51 37 36 30 23 22
1634223158.447 49 50 37 35 30 22 25
1634223158.696 49 50 38 36 28 25 22
1634223158.947 47 52 37 34 28 24 20
1634223159.197 50 50 38 35 28 24 21
1634223159.446 46 50 39 34 27 24 21
1634223159.696 49 51 39 35 27 23 21
1634223159.947 48 52 39 35 28 22 24
1634223160.198 47 50 41 35 29 21 21
1634223160.446 49 50 38 35 28 24 22
1634223160.696 48 52 38 35 28 23 22
1634223160.947 50 52 38 36 30 23 21
1634223161.199 48 52 39 36 29 24 25
1634223161.451 49 51 36 34 28 26 21
1634223161.700 52 52 39 33 28 22 23
1634223161.946 48 50 40 35 28 24 23
1634223162.197 50 53 40 35 30 22 19
1634223162.449 50 54 36 35 27 23 22
1634223162.696 48 49 36 36 28 21 22
1634223162.947 48 50 38 35 29 24 22
1634223163.198 48 52 39 35 28 21 20
1634223163.446 48 50 41 33 28 24 23
1634223163.697 51 51 38 33 30 22 23
1634223163.947 49 51 38 33 29 23 22
1634223164.197 49 51 39 33 30 21 20
1634223164.446 48 51 40 35 28 24 20
1634223164.696 50 51 37 34 28 22 21
1634223164.948 51 52 38 36 30 22 23
1634223165.199 48 51 39 34 30 23 22
1634223165.451 52 50 38 35 28 23 23
1634223165.696 48 50 39 35 29 22 21
1634223165.947 49 53 38 35 30 23 22
1634223166.197 49 50 38 36 30 23 23
1634223166.447 49 50 38 37 28 23 20
1634223166.698 51 50 39 35 26 23 21
1634223166.947 49 54 39 35 28 23 26
1634223167.197 48 51 38 33 29 23 21
1634223167.447 47 51 37 35 28 23 22
1634223167.697 51 50 40 34 28 24 23
1634223167.950 47 50 38 37 28 22 21
1634223168.201 50 50 38 34 27 23 23
1634223168.450 48 48 38 35 29 25 22
1634223168.696 50 50 38 36 28 22 23
1634223168.947 49 51 38 35 29 24 25
1634223169.199 50 50 38 35 28 23 21
1634223169.446 47 50 38 35 29 24 21
1634223169.697 47 52 37 33 28 23 21
1634223169.948 49 51 38 34 28 21 22
1634223170.199 49 52 39 34 29 25 23
1634223170.446 50 52 40 37 27 22 20
1634223170.696 47 49 37 34 29 23 21
1634223170.948 48 52 37 35 28 25 22
1634223171.197 49 51 38 34 27 25 20
1634223171.446 48 51 38 36 31 22 21
1634223171.696 46 50 36 36 29 23 21
1634223171.947 50 56 38 33 29 23 23
1634223172.198 48 50 38 33 26 23 21
1634223172.447 50 51 37 35 27 22 21
1634223172.696 49 51 37 35 26 23 22
1634223172.951 47 51 38 35 28 24 24
1634223173.196 49 49 39 35 28 23 22
1634223173.446 50 50 39 34 26 22 21
1634223173.697 48 51 39 37 31 25 21
1634223173.950 49 52 38 33 29 25 24
1634223174.197 49 53 38 35 29 24 21
1634223174.448 48 50 38 36 29 23 23
1634223174.699 46 50 38 34 28 23 22
1634223174.947 49 51 38 35 27 23 25
1634223175.197 49 51 37 37 28 24 21
1634223175.449 48 49 39 37 27 24 23
1634223175.697 51 53 38 34 31 23 20
1634223175.948 48 51 40 34 28 25 23
1634223176.200 49 50 38 35 29 25 22
1634223176.448 50 52 41 34 27 25 23
1634223176.697 48 50 38 35 26 23 23
1634223176.948 49 50 38 35 27 23 21
1634223177.197 49 52 38 35 27 24 24
1634223177.450 48 50 38 35 28 24 22
1634223177.697 49 53 39 33 27 23 22
1634223177.948 50 50 39 36 28 22 22
1634223178.199 47 49 37 34 29 23 23
1634223178.447 51 50 38 35 27 22 24
1634223178.697 48 52 37 35 29 24 23
1634223178.947 49 50 40 33 29 23 22
1634223179.201 49 50 40 33 28 23 22
1634223179.447 47 49 40 35 27 24 24
1634223179.699 49 53 38 35 28 25 22
1634223179.952 49 51 38 34 29 22 21
1634223180.197 49 52 39 34 29 23 21
1634223180.453 48 51 38 34 28 21 25
1634223180.702 48 51 38 33 27 24 21
1634223180.947 51 50 37 35 28 25 23
1634223181.197 48 54 38 36 27 22 22
1634223181.449 49 53 40 34 30 24 24
1634223181.698 49 53 39 35 26 22 22
1634223181.948 47 52 38 34 28 24 20
1634223182.199 46 50 40 36 28 22 20
1634223182.447 49 50 37 38 28 23 23
1634223182.699 48 52 38 35 29 24 25
1634223182.948 50 49 38 35 30 22 23
1634223183.197 49 50 36 33 27 23 24
1634223183.447 50 52 38 37 29 24 22
1634223183.699 49 51 38 34 29 21 23
1634223183.948 49 52 40 37 28 24 22
1634223184.197 51 51 41 35 28 23 20
1634223184.448 49 52 38 34 28 23 21
1634223184.698 50 51 39 34 26 23 25
1634223184.946 49 52 39 36 27 22 22
1634223185.200 47 52 38 34 28 22 21
1634223185.451 47 51 39 37 29 23 24
1634223185.698 50 51 39 35 30 23 22
1634223185.948 47 52 39 36 26 25 21
1634223186.198 48 51 39 34 28 23 21
1634223186.447 48 51 36 35 28 24 21
1634223186.698 48 50 37 38 27 24 23
1634223186.954 50 52 39 35 31 24 22
1634223187.202 49 49 36 35 28 22 22
1634223187.449 49 51 36 34 29 23 22
1634223187.702 50 51 37 34 27 24 23
1634223187.947 50 51 41 34 29 22 20
1634223188.202 50 51 38 33 29 23 25
1634223188.446 47 50 39 35 28 24 22
1634223188.698 48 50 38 35 27 22 22
1634223188.949 49 50 37 34 28 25 21
1634223189.200 47 52 36 34 28 21 23
1634223189.447 46 50 38 33 26 24 24
1634223189.697 48 53 36 36 27 24 23
1634223189.947 49 51 38 34 26 23 22
1634223190.197 50 50 39 34 28 23 21
1634223190.448 51 50 39 36 27 22 24
1634223190.698 48 52 37 34 27 23 21
1634223190.954 46 52 40 34 28 24 25
1634223191.198 52 50 38 36 28 22 24
1634223191.450 50 52 36 35 29 22 23
1634223191.698 50 50 37 36 28 24 22
1634223191.948 49 52 38 36 29 24 22
1634223192.197 50 50 36 33 26 22 22
1634223192.448 49 52 38 35 29 28 23
1634223192.697 50 52 40 35 28 24 22
1634223192.948 48 50 36 33 27 24 21
1634223193.198 49 51 37 35 28 23 21
1634223193.451 48 51 39 34 27 23 23
1634223193.698 47 55 38 36 28 22 23
1634223193.950 46 53 39 33 28 25 21
1634223194.197 51 48 38 33 28 24 24
1634223194.447 47 52 38 34 30 25 23
1634223194.697 49 50 40 34 26 22 24
1634223194.948 50 52 41 34 27 23 26
1634223195.198 48 51 40 34 28 21 21
1634223195.448 49 50 38 34 27 23 21
1634223195.698 49 50 39 35 28 23 23
1634223195.947 48 50 39 34 28 23 20
1634223196.197 50 53 42 34 29 22 24
1634223196.447 49 49 39 33 28 25 24
1634223196.697 48 53 39 33 27 23 22
1634223196.947 46 50 37 35 26 24 23
1634223197.198 48 51 37 35 29 24 21
1634223197.448 49 50 39 34 27 24 21
1634223197.697 47 55 39 34 27 24 23
1634223197.948 48 51 38 35 28 22 21
1634223198.198 51 52 36 34 27 24 23
1634223198.450 48 51 37 34 28 22 22
1634223198.700 48 51 39 34 30 22 22
1634223198.948 48 50 38 34 30 23 23
1634223199.202 48 51 39 34 28 22 23
1634223199.448 47 51 37 35 29 23 21
1634223199.699 49 49 40 35 28 25 23
1634223199.951 50 50 39 34 27 24 22
1634223200.198 52 52 37 33 28 23 21
1634223200.450 48 51 37 36 28 23 23
1634223200.698 47 49 37 34 30 22 23
1634223200.955 49 51 37 34 27 21 22
1634223201.199 49 52 40 36 30 23 24
1634223201.448 49 51 38 34 27 23 21
1634223201.699 52 52 39 35 29 23 20
1634223201.948 49 49 37 36 27 23 22
1634223202.198 49 51 38 35 27 22 23
1634223202.449 48 49 37 34 28 23 24
1634223202.698 49 52 37 34 29 23 22
1634223202.948 48 52 37 34 28 24 22
1634223203.199 49 50 38 34 30 24 23
1634223203.449 49 51 37 34 28 24 21
1634223203.701 50 51 39 35 28 22 22
1634223203.950 50 50 40 34 28 23 24
1634223204.198 48 50 39 35 31 24 20
1634223204.449 47 52 39 34 28 25 24
1634223204.699 46 50 40 35 28 22 21
1634223204.948 47 52 37 34 28 22 22
1634223205.204 50 51 38 35 28 23 24
1634223205.448 50 52 38 34 27 22 23
1634223205.698 48 51 38 35 28 22 23
1634223205.950 46 51 41 37 26 23 22
1634223206.197 48 51 39 34 29 22 24
1634223206.454 47 50 38 34 28 24 23
1634223206.698 48 50 37 37 27 23 25
1634223206.948 50 52 40 37 28 23 20
1634223207.200 47 52 38 35 26 24 22
1634223207.448 49 49 39 34 29 24 21
1634223207.701 48 50 38 35 28 22 22
1634223207.949 49 52 38 35 28 23 22
1634223208.198 48 52 38 34 29 25 22
1634223208.449 49 51 38 33 26 24 21
1634223208.703 48 52 36 36 29 23 23
1634223208.948 48 51 37 34 29 24 20
1634223209.198 47 51 39 36 29 23 24
1634223209.448 49 51 38 33 29 25 21
1634223209.698 48 52 38 34 27 22 24
1634223209.954 51 51 37 33 30 23 24
1634223210.199 49 50 38 35 28 24 21
1634223210.451 49 52 38 34 28 24 22
1634223210.697 48 50 38 33 31 23 21
1634223210.948 47 51 40 35 27 23 22
1634223211.199 48 50 37 36 29 24 20
1634223211.448 48 54 41 33 30 24 24
1634223211.698 49 50 40 34 29 23 21
1634223211.949 48 53 38 33 28 22 21
1634223212.201 48 50 39 37 30 21 22
1634223212.448 51 52 36 35 29 22 23
1634223212.699 49 51 37 36 29 24 22
1634223212.948 50 49 41 36 29 25 23
1634223213.199 48 50 39 35 28 22 23
1634223213.448 49 51 37 34 28 21 23
1634223213.699 48 54 40 34 28 23 23
1634223213.951 49 51 37 33 30 23 22
1634223214.202 49 50 39 35 29 25 22
1634223214.448 48 50 38 35 29 24 21
1634223214.699 48 50 38 34 27 24 20
1634223214.948 49 51 38 34 27 23 23
1634223215.198 48 51 37 35 28 23 22
1634223215.448 49 51 40 35 30 23 21
1634223215.700 49 51 39 35 29 23 22
1634223215.948 49 51 39 34 29 23 22
1634223216.198 50 50 39 36 29 23 25
1634223216.451 48 50 38 35 28 22 21
1634223216.702 47 51 39 35 28 23 22
1634223216.948 47 50 39 34 29 25 22
1634223217.198 49 49 38 34 31 23 21
1634223217.449 46 51 38 34 27 24 21
1634223217.698 48 51 37 37 27 24 23
1634223217.948 48 51 38 34 28 21 23
1634223218.199 47 50 38 34 27 26 22
1634223218.452 48 52 38 35 28 25 21
1634223218.697 48 49 37 36 27 25 25
1634223218.949 49 51 39 34 28 22 22
1634223219.198 46 53 38 36 28 23 21
1634223219.450 47 51 37 35 28 23 21
1634223219.698 50 52 39 36 28 26 20
1634223219.952 46 48 39 33 28 24 23
1634223220.204 48 51 38 34 28 24 21
1634223220.449 49 49 39 35 27 23 21
1634223220.702 49 51 40 37 28 25 20
1634223220.948 51 52 40 34 29 26 22
1634223221.200 47 51 39 34 28 24 23
1634223221.448 48 49 37 36 30 26 22
1634223221.698 49 49 39 35 29 24 22
1634223221.950 49 50 38 34 28 21 22
1634223222.204 50 51 39 36 28 23 22
1634223222.454 49 50 39 34 28 24 23
1634223222.698 46 50 37 34 28 25 21
1634223222.948 48 51 38 35 28 22 21
1634223223.198 50 51 39 34 28 23 21
1634223223.451 49 52 37 34 27 24 22
1634223223.706 49 49 38 34 27 21 23
1634223223.954 49 53 40 33 28 24 21
1634223224.200 48 54 38 35 28 24 23
1634223224.449 48 52 37 32 28 24 25
1634223224.701 48 53 39 34 30 25 23
1634223224.949 48 50 37 35 31 25 20
1634223225.199 50 51 40 35 28 23 21
1634223225.454 50 50 37 37 27 23 22
1634223225.701 48 54 37 34 29 23 24
1634223225.949 49 51 37 36 28 21 21
1634223226.199 48 52 39 36 29 23 24
1634223226.456 50 50 37 35 28 24 21
1634223226.699 47 51 38 35 28 25 22
1634223226.949 47 52 39 35 27 25 23
1634223227.200 48 50 41 37 28 23 22
1634223227.449 48 50 38 32 29 23 22
1634223227.701 49 52 38 34 26 25 24
1634223227.948 47 49 39 34 27 24 22
1634223228.198 51 53 39 35 27 23 23
1634223228.449 52 52 38 33 27 21 21
1634223228.699 48 51 38 35 28 23 20
1634223228.949 49 50 40 34 29 22 21
1634223229.201 51 53 40 34 31 22 21
1634223229.449 49 52 39 34 29 26 22
1634223229.699 49 52 37 34 28 23 21
1634223229.949 50 51 39 36 28 24 21
1634223230.203 49 49 37 36 27 24 23
1634223230.449 50 52 37 34 26 23 23
1634223230.701 49 53 37 36 28 24 23
1634223230.949 50 50 38 35 28 23 22
1634223231.202 48 52 38 36 28 25 21
1634223231.449 49 50 37 34 28 24 23
1634223231.703 48 51 39 33 27 23 21
1634223231.950 49 52 37 35 28 21 22
1634223232.199 47 50 38 34 28 21 23
1634223232.449 47 51 38 33 29 23 25
1634223232.700 49 49 36 35 27 24 22
1634223232.953 48 49 37 36 30 24 21
1634223233.199 50 52 40 34 29 20 24
1634223233.448 47 51 41 34 29 24 25
1634223233.700 49 50 37 35 28 23 26
1634223233.949 48 53 39 33 28 23 22
1634223234.199 49 50 38 34 28 24 20
1634223234.455 50 51 37 34 28 23 23
1634223234.699 50 50 37 38 29 22 21
1634223234.949 50 51 40 36 29 23 24
1634223235.200 48 49 38 34 28 25 23
1634223235.449 48 51 37 36 28 24 23
1634223235.699 49 51 40 35 26 24 22
1634223235.949 46 52 38 34 26 22 22
1634223236.199 49 51 37 34 28 23 21
1634223236.449 48 51 37 36 29 23 24
1634223236.700 47 51 39 35 29 27 22
1634223236.949 48 51 37 35 29 23 24
1634223237.199 47 51 37 35 29 23 23
1634223237.449 49 52 38 35 28 25 20
1634223237.700 51 51 39 37 28 23 23
1634223237.949 49 50 38 35 28 23 25
1634223238.200 50 51 38 36 27 24 24
1634223238.461 47 50 40 34 27 25 23
1634223238.700 50 50 38 36 28 24 22
1634223238.953 48 49 39 34 29 22 23
1634223239.199 50 51 37 36 29 24 23
1634223239.450 49 53 38 37 27 24 23
1634223239.700 48 50 40 35 28 22 21
1634223239.949 49 50 39 35 29 23 21
1634223240.199 48 50 38 36 28 22 24
1634223240.452 48 50 36 36 27 22 23
1634223240.698 51 52 38 35 28 21 24
1634223240.949 50 50 37 34 29 22 24
1634223241.200 48 50 39 34 29 25 23
1634223241.449 51 50 37 36 27 24 24
1634223241.698 47 51 38 35 28 23 23
1634223241.949 49 52 40 35 30 26 21
1634223242.204 49 50 39 33 28 23 22
1634223242.449 50 50 38 35 30 24 22
1634223242.701 47 51 38 36 30 25 23
1634223242.949 48 53 39 38 28 23 21
1634223243.200 48 50 41 34 27 24 21
1634223243.452 50 51 38 35 28 25 20
1634223243.699 47 49 36 34 28 23 25
1634223243.949 48 52 39 34 25 24 20
1634223244.199 50 49 37 35 27 27 24
1634223244.448 48 51 39 34 27 25 22
1634223244.700 50 48 40 35 31 23 22
1634223244.949 48 51 37 35 29 23 20
1634223245.199 49 50 38 36 29 23 23
1634223245.450 51 51 37 34 27 23 19
1634223245.706 49 51 39 35 29 24 23
1634223245.951 48 53 38 33 29 23 23
1634223246.200 48 51 38 34 28 23 21
1634223246.452 48 52 40 35 28 25 20
1634223246.699 48 51 37 35 30 23 21
1634223246.954 48 52 37 35 29 22 20
1634223247.199 49 49 37 35 29 23 21
1634223247.450 51 53 39 34 27 23 23
1634223247.700 48 50 38 34 28 25 20
1634223247.949 48 52 39 35 28 24 24
1634223248.198 47 52 39 37 29 24 22
1634223248.454 49 52 42 36 28 23 24
1634223248.699 48 51 39 34 28 22 24
1634223248.950 50 50 42 37 28 23 26
1634223249.201 52 50 38 35 27 24 23
1634223249.449 49 51 39 34 29 24 21
1634223249.700 47 52 38 34 28 26 23
1634223249.950 50 50 39 35 28 23 22
1634223250.201 47 50 38 36 27 23 24
1634223250.449 48 49 41 34 29 24 24
1634223250.703 48 48 36 35 28 25 20
1634223250.951 46 52 37 34 27 22 22
1634223251.199 48 50 39 36 28 23 24
1634223251.453 48 51 37 38 28 22 22
1634223251.700 47 52 37 35 29 27 22
1634223251.951 48 51 37 35 28 22 20
1634223252.202 48 52 40 36 29 22 21
1634223252.450 51 49 38 33 28 24 21
1634223252.700 49 50 37 35 27 21 21
1634223252.951 49 53 37 35 28 23 23
1634223253.199 48 52 38 35 30 22 24
1634223253.449 50 51 41 34 28 23 23
1634223253.699 49 51 38 37 26 24 22
1634223253.952 49 52 38 34 27 24 21
1634223254.199 49 51 39 34 29 22 23
1634223254.459 48 52 41 34 29 25 22
1634223254.704 47 52 39 34 28 22 21
1634223254.950 49 51 43 36 27 23 22
1634223255.200 50 51 37 35 32 23 23
1634223255.454 50 53 37 34 28 22 23
1634223255.701 48 51 36 34 29 23 21
1634223255.950 49 49 38 35 28 23 23
1634223256.201 48 52 39 35 29 24 26
1634223256.449 49 52 38 34 30 26 20
1634223256.700 48 51 40 36 28 22 21
1634223256.949 48 51 38 34 28 25 24
1634223257.200 52 50 38 37 27 23 23
1634223257.450 48 51 39 32 28 23 22
1634223257.708 47 51 38 32 29 24 21
1634223257.950 51 52 38 35 29 23 24
1634223258.206 47 51 37 35 28 22 21
1634223258.458 50 52 38 35 30 24 21
1634223258.701 46 52 37 36 29 22 21
1634223258.950 47 49 38 36 28 24 22
1634223259.199 49 52 38 36 28 25 21
1634223259.453 46 52 39 35 29 23 21
1634223259.701 49 51 38 35 28 22 22
1634223259.956 49 51 37 35 28 22 24
1634223260.200 48 54 38 36 29 23 21
1634223260.451 48 50 38 33 29 23 24
1634223260.701 47 50 37 34 27 23 22
1634223260.950 47 52 37 35 29 24 23
1634223261.201 49 52 39 37 27 22 23
1634223261.450 49 52 39 35 27 22 22
1634223261.699 47 53 38 35 28 23 22
1634223261.950 47 52 39 34 30 24 21
1634223262.202 48 53 37 34 27 23 21
1634223262.454 49 53 38 34 26 23 24
1634223262.701 47 50 38 33 28 23 21
1634223262.950 50 50 40 33 27 23 22
1634223263.200 50 52 39 33 28 23 24
1634223263.452 49 52 36 36 30 24 20
1634223263.700 47 50 41 33 28 23 21
1634223263.949 48 50 38 34 30 23 22
1634223264.203 46 54 38 35 27 26 21
1634223264.450 50 50 39 34 27 23 21
1634223264.705 47 51 38 35 27 28 21
1634223264.950 50 50 38 34 29 25 22
1634223265.199 48 52 39 34 28 23 22
1634223265.451 47 51 37 35 27 23 26
1634223265.700 50 54 37 34 29 24 22
1634223265.949 49 51 38 35 28 24 26
1634223266.201 47 50 38 35 29 23 23
1634223266.451 49 50 40 35 26 23 23
1634223266.699 50 51 38 34 29 23 21
1634223266.951 48 51 38 35 29 22 23
1634223267.202 48 49 39 37 30 23 20
1634223267.451 52 51 40 34 29 23 20
1634223267.701 46 53 38 34 28 22 24
1634223267.951 49 51 38 35 28 25 23
1634223268.204 50 51 37 35 28 25 22
1634223268.450 46 51 37 34 28 22 23
1634223268.701 48 50 39 36 29 24 21
1634223268.952 48 50 38 34 30 24 21
1634223269.201 49 51 36 36 30 24 22
1634223269.453 49 50 39 36 26 24 26
1634223269.702 49 50 39 34 26 23 22
1634223269.950 51 48 39 35 28 24 22
1634223270.202 47 50 36 34 28 24 21
1634223270.450 49 51 38 35 29 22 21
1634223270.703 49 51 39 35 30 23 25
1634223270.951 50 52 37 35 27 22 22
1634223271.200 48 51 37 36 28 24 23
1634223271.451 48 53 37 36 28 24 22
1634223271.702 51 52 37 36 27 25 23
1634223271.952 53 51 38 32 26 23 23
1634223272.200 46 51 40 35 28 23 21
1634223272.451 49 50 39 36 26 22 22
1634223272.702 48 50 37 35 29 26 23
1634223272.950 48 50 37 35 29 24 21
1634223273.207 49 53 39 35 26 24 24
1634223273.452 49 52 38 34 28 23 20
1634223273.700 48 51 40 34 28 22 22
1634223273.952 48 51 38 35 32 25 21
1634223274.200 49 53 38 34 29 22 23
1634223274.451 47 51 36 35 29 24 21
1634223274.701 49 50 37 36 27 22 22
1634223274.951 48 52 37 34 28 23 20
1634223275.206 47 50 39 35 29 22 21
1634223275.452 49 53 39 34 29 23 21
1634223275.699 49 51 38 35 29 26 22
1634223275.951 49 51 37 37 27 22 22
1634223276.203 50 48 36 35 28 24 23
1634223276.451 51 51 38 34 28 23 23
1634223276.701 48 53 37 36 28 24 20
1634223276.954 49 52 37 35 29 23 21
1634223277.203 50 51 38 36 27 23 22
1634223277.451 48 51 39 35 26 23 20
1634223277.703 49 50 38 35 27 23 24
1634223277.952 47 50 41 34 29 24 23
1634223278.204 48 51 38 35 26 26 25
1634223278.451 49 51 38 35 29 23 21
1634223278.703 50 52 39 34 27 23 25
1634223278.951 47 51 37 35 29 22 22
1634223279.201 49 49 39 35 28 24 22
1634223279.454 48 50 38 35 27 25 21
1634223279.701 49 50 37 34 28 25 22
1634223279.951 51 51 37 35 29 23 20
1634223280.202 48 52 40 36 27 23 25
1634223280.452 48 50 37 34 29 25 21
1634223280.701 47 53 37 35 27 26 22
1634223280.956 50 51 38 35 27 28 23
1634223281.204 51 51 37 37 29 21 22
1634223281.453 47 52 39 36 27 24 22
1634223281.703 50 52 38 35 28 23 22
1634223281.951 50 50 37 33 28 24 24
1634223282.202 48 52 37 35 29 22 24
1634223282.452 49 50 40 34 28 25 22
1634223282.701 49 53 38 36 27 21 23
1634223282.950 47 50 38 34 27 23 21
1634223283.206 47 54 38 36 30 23 23
1634223283.453 47 51 38 34 26 24 23
1634223283.704 48 51 40 34 27 24 24
1634223283.952 47 51 40 33 31 24 22
1634223284.202 49 52 39 33 29 26 22
1634223284.451 48 52 38 34 30 22 22
1634223284.701 47 49 38 33 29 24 23
1634223284.951 48 51 39 35 28 22 23
1634223285.206 48 53 40 36 29 24 21
1634223285.451 49 51 37 33 27 22 21
1634223285.704 48 52 39 36 27 22 21
1634223285.950 49 52 37 34 26 23 21
1634223286.201 49 52 37 34 26 23 21
1634223286.452 49 51 38 36 31 22 22
1634223286.700 48 51 37 35 29 24 21
1634223286.951 48 52 37 36 28 25 24
1634223287.203 51 49 39 36 28 23 22
1634223287.451 49 52 38 34 29 23 21
1634223287.703 47 52 38 33 28 22 23
1634223287.953 47 50 39 33 30 23 23
1634223288.201 47 50 40 35 30 23 22
1634223288.452 49 53 39 37 28 25 20
1634223288.700 48 51 39 34 28 23 22
1634223288.952 47 53 38 34 27 22 23
1634223289.202 49 50 39 36 29 26 23
1634223289.451 50 52 37 34 28 24 22
1634223289.701 49 50 40 36 26 24 20
1634223289.957 49 54 38 36 28 24 21
1634223290.201 51 51 39 36 29 24 21
1634223290.454 49 53 39 34 29 23 22
1634223290.709 50 52 39 34 27 26 21
1634223290.951 48 50 37 35 28 24 22
1634223291.202 50 53 38 33 29 24 21
1634223291.455 47 48 40 35 28 24 24
1634223291.703 50 53 37 34 29 24 20
1634223291.966 48 51 37 35 29 23 22
1634223292.200 48 50 37 34 28 23 21
1634223292.453 50 54 37 35 28 25 21
1634223292.705 49 52 38 35 28 24 23
1634223292.951 49 51 38 35 27 24 24
1634223293.205 48 52 41 34 30 23 27
1634223293.454 49 50 38 32 27 24 21
1634223293.702 51 51 41 37 26 24 22
1634223293.952 49 49 37 35 29 22 22
1634223294.202 51 50 38 36 28 25 22
1634223294.452 46 49 37 33 28 22 22
1634223294.701 49 50 39 34 28 24 21
1634223294.951 49 52 38 37 28 22 22
1634223295.201 50 51 38 35 29 23 22
1634223295.453 48 53 36 35 29 22 22
1634223295.702 49 50 37 36 29 24 22
1634223295.951 48 52 37 34 28 26 21
1634223296.201 52 51 37 36 27 22 22
1634223296.452 48 52 38 35 28 24 23
1634223296.701 48 51 38 38 29 24 22
1634223296.954 48 52 39 33 28 24 23
1634223297.201 48 50 37 35 28 23 22
1634223297.451 47 49 40 36 29 24 20
1634223297.703 49 51 41 35 29 23 20
1634223297.952 49 52 37 34 29 24 22
1634223298.205 49 50 39 36 28 24 22
1634223298.452 48 50 37 36 27 26 22
1634223298.702 48 49 38 36 29 22 23
1634223298.951 48 49 37 34 28 21 23
1634223299.203 49 52 39 35 29 24 22
1634223299.452 50 53 37 35 27 22 24
1634223299.701 48 50 38 35 28 23 21
1634223299.953 47 48 40 35 28 22 26
1634223300.203 47 51 37 36 30 24 22
1634223300.452 49 50 38 37 30 24 23
1634223300.701 49 51 38 35 28 24 21
1634223300.951 49 52 38 35 31 23 23
1634223301.201 48 52 39 36 27 24 22
1634223301.451 49 52 38 34 28 23 22
1634223301.701 49 51 37 35 28 25 20
1634223301.951 49 51 38 34 28 24 24
1634223302.201 49 50 39 36 28 24 21
1634223302.452 52 51 41 33 29 22 21
1634223302.702 49 51 38 34 27 22 22
1634223302.952 48 52 39 37 29 24 21
1634223303.203 49 52 37 34 28 22 21
1634223303.455 48 50 38 34 27 22 20
1634223303.708 49 51 38 34 26 22 24
1634223303.952 47 52 38 33 27 24 23
1634223304.201 50 51 37 34 28 23 22
1634223304.452 49 49 38 36 26 23 22
1634223304.702 48 51 36 36 30 23 22
1634223304.955 48 50 38 32 28 25 21
1634223305.203 52 51 39 35 28 26 21
1634223305.452 49 52 39 35 28 24 22
1634223305.702 48 51 38 37 27 23 19
1634223305.952 48 51 37 34 28 21 23
1634223306.202 49 50 39 34 27 24 22
1634223306.452 49 51 38 34 28 24 21
1634223306.702 49 50 38 34 27 22 22
1634223306.953 49 52 38 33 29 23 21
1634223307.202 48 51 38 35 28 20 24
1634223307.451 49 50 38 36 30 23 22
1634223307.707 48 52 38 35 28 23 22
1634223307.953 49 51 38 34 28 22 22
1634223308.205 47 49 40 35 27 22 23
1634223308.451 48 49 40 35 27 22 26
1634223308.704 48 53 39 34 31 25 22
1634223308.954 48 52 37 36 30 24 21
1634223309.201 49 52 39 33 30 23 23
1634223309.451 48 49 36 36 28 21 22
1634223309.702 48 49 40 37 27 22 23
1634223309.951 49 50 37 34 29 22 21
1634223310.201 48 52 40 35 30 23 23
1634223310.452 49 51 41 35 29 23 21
1634223310.702 48 52 38 34 28 24 20
1634223310.953 49 49 38 35 27 23 22
1634223311.201 49 50 39 35 28 24 20
1634223311.453 51 50 37 38 28 24 21
1634223311.702 51 51 38 34 28 23 22
1634223311.951 49 49 38 37 28 23 22
1634223312.204 48 51 38 35 27 23 22
1634223312.452 48 51 37 36 30 23 21
1634223312.702 49 51 38 36 28 23 24
1634223312.953 50 51 38 33 27 24 22
1634223313.203 47 50 39 34 28 21 22
1634223313.452 48 52 38 34 31 23 22
1634223313.703 48 49 39 35 28 23 21
1634223313.958 48 53 39 35 30 25 23
1634223314.203 50 54 37 34 31 23 24
1634223314.451 47 50 39 34 29 22 21
1634223314.702 51 53 41 39 28 25 23
1634223314.953 48 51 39 35 29 21 26
1634223315.202 48 49 39 36 28 24 22
1634223315.454 48 51 38 36 27 22 22
1634223315.701 51 54 38 33 28 22 23
1634223315.952 49 53 38 34 29 23 21
1634223316.203 49 52 38 34 26 23 26
1634223316.451 48 52 37 36 28 22 22
1634223316.704 48 51 40 34 29 22 22
1634223316.951 47 52 42 37 28 23 21
1634223317.202 50 53 38 34 26 24 22
1634223317.453 48 51 40 35 27 24 23
1634223317.701 48 50 39 33 28 24 21
1634223317.952 48 51 38 34 29 22 24
1634223318.206 50 52 38 35 26 24 21
1634223318.454 47 50 38 34 27 23 21
1634223318.705 48 51 38 36 28 22 23
1634223318.952 48 50 38 35 27 22 22
1634223319.201 49 50 36 36 26 22 22
1634223319.458 48 50 37 35 28 25 21
1634223319.703 48 53 37 36 30 25 22
1634223319.952 48 52 37 33 27 23 23
1634223320.202 49 50 38 32 28 24 23
1634223320.451 50 52 38 34 27 24 26
1634223320.702 49 53 39 36 29 25 22
1634223320.955 49 50 39 34 30 23 22
1634223321.202 49 49 39 35 28 24 23
1634223321.454 50 51 40 35 27 23 22
1634223321.703 47 52 40 34 29 23 23
