1633928472.043 48 32 27 19 11 11 8
1633928472.292 45 31 26 19 12 9 7
1633928472.547 47 32 23 18 11 11 10
1633928472.790 45 33 24 16 12 12 6
1633928473.043 46 32 25 17 12 13 5
1633928473.300 47 29 25 18 10 12 7
1633928473.541 47 28 23 17 10 11 6
1633928473.791 46 29 23 17 10 13 5
1633928474.040 46 30 24 19 12 13 7
1633928474.291 47 32 24 18 11 11 7
1633928474.544 45 32 22 17 12 11 5
1633928474.791 46 32 23 20 12 9 6
1633928475.042 47 29 23 17 12 10 6
1633928475.291 46 29 23 17 13 10 6
1633928475.540 46 32 25 17 12 11 6
1633928475.791 47 31 24 17 10 11 6
1633928476.041 45 32 23 18 11 12 6
1633928476.292 48 34 25 19 11 10 6
1633928476.542 47 30 24 17 10 14 8
1633928476.793 45 30 23 19 12 10 8
1633928477.043 45 33 23 19 12 12 6
1633928477.291 48 31 24 19 12 12 7
1633928477.545 47 30 26 17 13 9 6
1633928477.791 46 33 24 18 12 8 5
1633928478.041 47 29 23 18 11 11 5
1633928478.291 46 30 23 18 12 10 8
1633928478.543 47 34 23 17 13 10 8
1633928478.793 46 29 25 17 11 12 7
1633928479.041 47 34 23 20 12 11 6
1633928479.292 46 30 24 18 12 13 7
1633928479.541 46 30 25 16 14 9 6
1633928479.792 48 30 26 18 12 10 8
1633928480.041 46 30 24 19 11 11 6
1633928480.294 45 31 24 17 11 10 4
1633928480.541 47 30 23 18 11 11 7
1633928480.796 47 30 25 18 13 12 6
1633928481.042 46 32 25 18 10 11 5
1633928481.299 45 29 24 18 11 11 8
1633928481.542 48 31 24 20 12 12 7
1633928481.793 46 31 23 17 14 13 8
1633928482.042 45 30 24 18 10 12 6
1633928482.297 48 31 21 18 11 13 7
1633928482.541 44 30 23 16 13 12 5
1633928482.792 47 28 25 18 13 9 5
1633928483.046 45 29 23 17 12 13 6
1633928483.294 44 29 23 19 11 11 7
1633928483.543 47 31 24 16 11 12 4
1633928483.791 46 31 26 16 12 11 5
1633928484.042 46 31 26 17 10 14 7
1633928484.301 46 32 26 18 11 11 6
1633928484.546 45 31 25 19 11 11 9
1633928484.795 48 31 23 20 10 11 5
1633928485.048 49 32 24 19 12 12 6
1633928485.292 47 31 24 18 11 11 5
1633928485.544 45 30 23 17 10 10 6
1633928485.794 44 31 24 18 11 11 6
1633928486.041 45 31 25 19 13 12 7
1633928486.296 47 30 22 18 10 14 8
1633928486.542 47 32 23 19 13 12 6
1633928486.800 44 31 23 17 12 10 8
1633928487.041 49 31 23 19 13 11 6
1633928487.292 47 31 23 19 11 11 7
1633928487.544 47 30 24 16 13 12 7
1633928487.792 48 31 25 17 12 12 7
1633928488.042 47 30 23 17 11 12 5
1633928488.296 47 29 27 19 10 12 6
1633928488.543 45 32 23 20 11 8 5
1633928488.796 44 30 24 20 11 10 7
1633928489.045 46 29 23 18 11 12 7
1633928489.296 46 30 24 17 13 12 8
1633928489.541 45 29 24 17 13 12 6
1633928489.792 48 30 21 18 12 11 7
1633928490.044 46 29 23 17 12 11 6
1633928490.292 47 33 24 18 11 11 7
1633928490.544 47 30 25 17 12 12 8
1633928490.794 45 31 22 18 10 10 9
1633928491.044 45 30 24 17 12 12 5
1633928491.294 46 29 21 19 13 13 5
1633928491.542 45 31 25 17 12 10 7
1633928491.795 48 31 23 18 12 9 6
1633928492.042 47 31 23 16 11 10 10
1633928492.297 46 29 22 16 11 10 5
1633928492.544 46 32 25 16 11 11 7
1633928492.794 48 29 24 18 11 10 7
1633928493.043 47 30 21 17 11 10 5
1633928493.293 45 29 23 18 13 11 7
1633928493.545 45 32 23 20 12 10 6
1633928493.794 45 31 23 16 12 10 6
1633928494.042 48 32 24 18 12 12 7
1633928494.294 46 30 24 17 10 10 6
1633928494.549 47 32 23 17 10 12 5
1633928494.797 46 30 24 17 12 12 7
1633928495.042 47 31 25 17 13 11 6
1633928495.294 51 30 24 15 11 11 8
1633928495.543 46 29 24 17 11 12 6
1633928495.794 47 31 24 17 12 10 6
1633928496.043 46 29 24 18 11 11 6
1633928496.292 47 30 22 16 16 10 7
1633928496.544 45 30 25 19 11 10 8
1633928496.793 47 31 24 16 12 13 6
1633928497.042 47 31 24 20 12 13 5
1633928497.296 48 31 23 19 10 11 6
1633928497.544 45 31 25 17 11 11 7
1633928497.793 47 32 25 17 11 11 7
1633928498.045 46 31 26 20 13 12 4
1633928498.295 45 30 23 17 14 12 5
1633928498.544 48 30 23 17 14 13 5
1633928498.794 47 30 25 21 13 14 11
1633928499.045 48 30 23 17 13 13 6
1633928499.294 46 31 24 16 13 11 6
1633928499.544 46 32 24 18 11 14 6
1633928499.792 46 31 24 19 13 10 7
1633928500.043 48 32 23 19 12 13 6
1633928500.297 48 31 26 17 12 14 7
1633928500.544 46 31 24 17 11 10 6
1633928500.793 47 33 24 19 12 13 6
1633928501.057 47 29 24 18 12 11 6
1633928501.295 48 34 23 17 13 12 6
1633928501.547 48 32 24 18 12 11 5
1633928501.799 45 31 27 15 13 11 7
1633928502.051 46 29 23 20 12 14 5
1633928502.293 48 31 26 18 11 11 6
1633928502.544 46 31 25 16 12 12 7
1633928502.794 47 31 26 17 12 12 6
1633928503.049 46 31 24 16 13 11 5
1633928503.293 47 31 23 19 10 15 5
1633928503.544 46 31 24 18 14 10 5
1633928503.799 46 30 23 17 11 12 7
1633928504.047 44 30 25 18 11 9 6
1633928504.301 46 32 23 15 14 12 8
1633928504.546 47 30 24 18 11 11 7
1633928504.792 46 29 22 18 10 12 6
1633928505.044 46 31 23 18 12 10 6
1633928505.293 49 33 24 17 10 12 7
1633928505.547 47 29 24 18 11 12 7
1633928505.792 46 30 24 17 12 11 8
1633928506.045 48 30 24 16 12 12 6
1633928506.295 45 30 23 18 13 8 6
1633928506.551 46 29 23 17 10 11 9
1633928506.799 45 29 24 18 12 12 8
1633928507.057 45 32 26 17 12 10 5
1633928507.297 47 31 26 16 12 11 8
1633928507.542 46 30 23 21 12 10 6
1633928507.795 46 31 24 16 12 12 7
1633928508.046 47 29 24 19 12 11 6
1633928508.293 48 32 23 16 10 13 5
1633928508.543 47 33 25 17 11 11 6
1633928508.796 46 30 25 18 10 10 6
1633928509.043 47 29 23 18 11 11 7
1633928509.298 47 30 24 17 11 12 5
1633928509.545 46 28 24 19 12 10 5
1633928509.796 45 30 25 18 11 11 6
1633928510.043 47 32 25 19 11 11 8
1633928510.298 47 29 23 17 11 11 4
1633928510.550 49 30 26 17 12 11 5
1633928510.794 47 32 26 18 11 9 6
1633928511.045 46 31 24 18 11 10 6
1633928511.295 47 31 24 17 11 11 4
1633928511.544 46 30 25 16 12 10 5
1633928511.800 48 30 24 19 13 16 6
1633928512.046 44 31 22 18 11 11 7
1633928512.295 46 31 24 16 11 10 7
1633928512.545 46 32 25 17 13 12 4
1633928512.794 45 31 23 17 12 10 7
1633928513.044 46 31 27 17 13 12 5
1633928513.294 46 29 25 17 11 11 4
1633928513.544 46 32 23 16 14 11 9
1633928513.793 47 32 22 18 11 10 4
1633928514.044 47 32 25 19 10 11 5
1633928514.297 47 29 24 17 13 11 4
1633928514.544 48 30 23 20 12 12 5
1633928514.795 46 33 25 18 11 9 5
1633928515.042 47 30 23 17 11 13 8
1633928515.296 45 30 23 16 12 12 6
1633928515.543 46 32 24 18 12 12 4
1633928515.793 47 30 22 18 13 12 7
1633928516.044 47 29 25 17 11 12 5
1633928516.295 47 31 25 19 14 11 7
1633928516.546 46 30 23 17 11 13 6
1633928516.794 47 33 24 19 13 11 7
1633928517.046 47 31 26 20 11 11 9
1633928517.297 47 32 26 19 12 11 4
1633928517.544 44 31 24 19 13 11 6
1633928517.794 46 31 23 19 11 13 6
1633928518.045 47 30 23 17 11 12 7
1633928518.293 46 31 27 18 12 11 6
1633928518.544 47 31 25 20 11 12 6
1633928518.795 45 31 23 19 13 12 8
1633928519.044 45 30 25 18 12 14 5
1633928519.295 47 33 22 16 12 13 7
1633928519.544 45 30 24 18 12 11 6
1633928519.794 48 33 24 18 12 12 6
1633928520.045 46 31 24 16 12 9 6
1633928520.294 45 29 25 17 13 10 5
1633928520.543 48 27 24 16 13 11 5
1633928520.795 45 33 24 16 12 10 5
1633928521.047 46 29 24 17 10 9 6
1633928521.293 48 33 24 17 12 10 6
1633928521.544 45 31 26 17 12 12 7
1633928521.797 44 31 26 17 11 10 6
1633928522.043 47 32 24 18 11 11 5
1633928522.293 47 31 24 16 10 10 8
1633928522.549 45 31 24 17 12 11 3
1633928522.797 47 30 25 16 11 11 8
1633928523.046 45 31 24 17 14 12 7
1633928523.293 46 29 25 18 12 10 7
1633928523.549 49 32 24 18 15 11 7
1633928523.797 47 29 28 16 14 13 10
1633928524.044 45 31 22 17 13 11 8
1633928524.295 47 31 24 19 11 10 8
1633928524.547 46 30 25 17 10 12 5
1633928524.794 44 29 24 20 11 11 6
1633928525.044 46 31 24 17 10 11 6
1633928525.295 44 31 25 19 10 10 5
1633928525.544 47 31 27 18 12 13 8
1633928525.796 45 31 25 17 9 10 6
1633928526.045 45 32 25 17 11 9 6
1633928526.297 47 31 24 19 11 13 7
1633928526.546 44 30 25 20 11 8 7
1633928526.795 47 31 25 16 11 11 6
1633928527.045 45 31 24 17 13 10 7
1633928527.297 47 29 25 19 11 10 5
1633928527.545 49 31 25 17 11 10 4
1633928527.799 45 31 24 17 10 11 4
1633928528.045 48 30 24 17 9 12 8
1633928528.295 45 31 24 16 10 11 4
1633928528.547 45 31 24 17 11 11 8
1633928528.795 48 29 24 18 15 13 7
1633928529.044 45 30 24 18 11 14 7
1633928529.294 47 34 25 17 12 10 6
1633928529.545 46 30 24 19 11 11 5
1633928529.796 45 30 24 17 13 12 6
1633928530.049 45 32 24 17 10 12 7
1633928530.296 44 31 24 20 13 13 4
1633928530.543 46 29 22 16 11 13 6
1633928530.795 49 31 23 17 12 11 7
1633928531.045 45 32 26 18 13 11 7
1633928531.297 45 31 27 18 11 10 5
1633928531.544 45 30 23 18 12 10 8
1633928531.797 48 31 23 19 13 11 7
1633928532.046 46 31 25 18 12 10 5
1633928532.295 46 31 24 18 12 10 6
1633928532.549 48 32 26 18 11 12 8
1633928532.796 46 29 25 17 11 10 6
1633928533.044 46 32 25 19 12 9 6
1633928533.297 47 30 24 18 13 10 8
1633928533.545 45 30 25 16 14 10 8
1633928533.797 47 32 25 17 11 10 7
1633928534.047 46 30 22 18 11 9 7
1633928534.297 46 31 24 17 10 10 4
1633928534.544 46 31 23 17 12 11 6
1633928534.797 47 29 23 16 9 11 6
1633928535.044 46 31 27 15 13 10 5
1633928535.296 48 31 28 19 11 12 9
1633928535.549 46 30 24 19 12 12 8
1633928535.794 47 33 24 16 13 12 5
1633928536.048 46 29 25 17 12 11 6
1633928536.298 46 31 23 17 13 9 5
1633928536.546 45 29 26 16 13 9 7
1633928536.801 46 30 25 17 11 12 5
1633928537.046 45 31 23 19 12 12 5
1633928537.297 46 32 24 18 12 10 8
1633928537.546 47 31 25 18 12 11 7
1633928537.796 45 31 24 19 11 13 5
1633928538.046 46 31 24 17 12 13 6
1633928538.296 47 30 24 17 12 13 5
1633928538.545 48 29 25 16 11 13 7
1633928538.797 46 29 24 16 12 10 6
1633928539.046 47 31 26 18 13 11 6
1633928539.294 45 29 22 16 13 11 6
1633928539.549 47 31 23 19 13 10 6
1633928539.796 46 30 24 17 13 12 6
1633928540.044 47 31 25 19 12 15 5
1633928540.297 45 31 25 17 11 12 6
1633928540.546 44 32 24 18 11 14 8
1633928540.796 45 30 22 16 11 11 6
1633928541.045 46 31 24 16 12 11 7
1633928541.295 46 30 24 17 13 9 7
1633928541.546 46 32 25 20 11 9 5
1633928541.795 45 32 23 17 11 11 4
1633928542.045 46 29 25 16 12 12 6
1633928542.297 46 30 24 17 11 10 5
1633928542.548 45 32 27 18 13 11 9
1633928542.796 47 28 24 16 11 9 7
1633928543.047 47 30 26 17 10 10 6
1633928543.296 46 30 24 18 10 11 5
1633928543.546 46 32 23 18 12 12 5
1633928543.795 47 30 25 17 10 11 7
1633928544.046 44 30 24 19 12 10 9
1633928544.294 48 31 22 19 11 11 6
1633928544.544 46 30 23 17 13 11 8
1633928544.796 46 30 24 15 13 11 7
1633928545.046 46 31 25 20 10 10 7
1633928545.295 47 29 24 18 11 11 6
1633928545.545 46 30 23 16 12 10 8
1633928545.796 47 30 26 15 15 10 6
1633928546.046 45 31 27 17 13 10 6
1633928546.295 46 31 24 18 11 11 7
1633928546.547 45 32 27 18 11 10 7
1633928546.794 48 31 24 17 10 11 7
1633928547.046 46 29 25 18 13 10 7
1633928547.296 44 30 25 17 12 9 10
1633928547.545 46 28 24 17 12 10 10
1633928547.798 44 31 24 16 12 10 4
1633928548.046 48 31 24 17 13 9 6
1633928548.296 44 31 23 18 16 10 5
1633928548.547 46 31 24 18 11 13 8
1633928548.808 46 30 24 17 12 11 4
1633928549.047 45 31 24 17 11 11 7
1633928549.296 45 31 23 18 11 12 6
1633928549.547 45 31 24 21 11 12 6
1633928549.795 48 30 25 21 12 11 7
1633928550.049 47 29 25 18 12 9 6
1633928550.298 44 31 24 20 14 10 6
1633928550.545 47 31 24 17 12 11 7
1633928550.796 47 32 23 17 12 10 6
1633928551.046 49 32 23 16 11 11 6
1633928551.298 47 34 24 20 12 12 5
1633928551.548 45 30 23 20 12 13 6
1633928551.797 47 30 23 21 10 12 5
1633928552.045 45 32 25 17 12 9 7
1633928552.298 45 30 25 18 11 10 7
1633928552.546 46 32 25 17 10 13 7
1633928552.796 46 31 23 18 10 12 6
1633928553.046 45 31 23 16 14 11 8
1633928553.296 46 30 23 17 10 10 6
1633928553.545 47 34 22 18 11 12 7
1633928553.797 46 32 24 17 12 11 5
1633928554.047 46 31 23 18 11 12 8
1633928554.296 46 29 24 17 12 11 6
1633928554.547 50 29 23 16 14 9 5
1633928554.795 46 32 22 18 12 11 5
1633928555.051 50 29 23 19 11 10 9
1633928555.298 44 29 23 17 12 11 6
1633928555.547 47 33 24 16 12 10 6
1633928555.799 48 30 25 17 12 12 5
1633928556.048 44 30 23 16 11 10 8
1633928556.295 46 31 24 15 12 11 5
1633928556.546 47 33 24 17 11 10 6
1633928556.797 47 29 24 17 12 12 8
1633928557.046 45 30 23 18 12 12 6
1633928557.295 46 32 22 19 12 14 7
1633928557.548 46 30 22 18 13 10 8
1633928557.799 45 30 26 16 11 11 8
1633928558.046 48 30 24 17 14 10 9
1633928558.297 46 32 23 16 11 13 6
1633928558.546 48 30 24 16 9 10 6
1633928558.795 46 29 26 18 12 12 7
1633928559.048 46 30 27 18 11 11 7
1633928559.298 49 31 23 17 14 13 5
1633928559.547 47 30 23 17 14 11 6
1633928559.798 47 31 23 16 13 10 8
1633928560.050 46 31 22 15 10 11 5
1633928560.297 47 31 22 18 12 11 8
1633928560.546 45 28 23 18 11 12 7
1633928560.795 49 31 22 17 10 12 6
1633928561.048 47 32 22 18 11 12 6
1633928561.297 47 32 24 16 11 10 7
1633928561.551 48 28 23 17 11 8 7
1633928561.799 44 31 24 16 11 10 4
1633928562.048 47 32 24 17 13 12 6
1633928562.296 47 32 23 18 12 14 7
1633928562.547 44 31 26 20 12 11 4
1633928562.795 46 30 22 18 10 9 8
1633928563.046 48 31 26 15 11 11 6
1633928563.296 47 29 26 16 12 11 4
1633928563.549 47 30 28 17 10 10 7
1633928563.798 45 31 24 18 11 11 6
1633928564.047 46 31 24 17 11 11 5
1633928564.298 47 29 23 18 12 11 5
1633928564.546 47 30 25 17 11 10 7
1633928564.797 46 30 22 18 11 10 7
1633928565.048 46 31 25 17 11 10 7
1633928565.298 46 31 24 18 13 11 5
1633928565.551 47 29 22 17 12 9 8
1633928565.799 47 29 22 19 11 12 7
1633928566.046 46 33 26 18 12 10 5
1633928566.298 47 31 25 17 12 12 7
1633928566.550 46 32 24 16 12 9 7
1633928566.797 49 30 23 18 11 9 7
1633928567.046 48 28 24 17 13 14 6
1633928567.297 47 28 24 18 12 10 5
1633928567.546 47 30 21 17 11 11 7
1633928567.797 46 31 26 17 12 10 5
1633928568.047 47 30 26 18 12 10 7
1633928568.297 46 31 24 17 10 11 8
1633928568.546 48 31 25 17 10 12 7
1633928568.801 49 33 24 17 12 9 7
1633928569.049 46 31 24 18 13 13 7
1633928569.296 45 31 23 20 12 10 6
1633928569.547 49 31 22 18 13 12 7
1633928569.800 47 32 24 16 11 9 7
1633928570.045 46 31 24 19 12 9 5
1633928570.298 47 29 23 19 12 11 7
1633928570.553 46 29 24 18 13 12 4
1633928570.796 46 29 24 16 13 10 5
1633928571.048 48 29 25 17 12 11 7
1633928571.300 46 32 23 17 12 11 5
1633928571.545 47 29 23 17 12 9 6
1633928571.797 47 29 25 19 11 12 6
1633928572.046 46 29 25 17 12 12 6
1633928572.300 45 31 23 15 13 12 6
1633928572.552 48 31 22 19 11 12 6
1633928572.799 47 29 24 18 11 12 5
1633928573.050 47 30 24 16 12 10 5
1633928573.297 46 33 23 15 16 9 8
1633928573.547 45 31 26 16 11 11 4
1633928573.797 46 29 24 17 11 10 6
1633928574.048 47 30 23 16 12 9 6
1633928574.297 47 30 23 17 10 10 6
1633928574.546 46 32 24 16 11 13 8
1633928574.798 47 31 24 17 11 11 6
1633928575.047 47 28 23 15 11 12 5
1633928575.300 45 33 24 16 11 10 7
1633928575.547 45 30 24 18 13 9 7
1633928575.798 46 31 25 16 13 10 3
1633928576.047 46 29 24 16 13 11 8
1633928576.299 45 31 25 16 11 10 5
1633928576.546 45 31 24 16 11 12 7
1633928576.796 44 30 27 18 12 10 6
1633928577.053 47 30 24 16 11 10 6
1633928577.297 47 30 24 18 13 11 6
1633928577.546 50 31 25 17 12 13 7
1633928577.799 48 30 23 19 12 12 3
1633928578.051 46 30 25 20 13 11 6
1633928578.298 46 31 26 17 12 9 7
1633928578.546 47 29 25 17 13 10 10
1633928578.797 46 31 26 18 11 10 6
1633928579.047 45 32 26 16 12 12 5
1633928579.297 48 30 25 17 13 9 9
1633928579.546 47 31 24 17 14 10 6
1633928579.797 46 32 24 17 11 13 7
1633928580.050 45 31 22 18 13 11 5
1633928580.296 47 30 25 17 12 11 5
1633928580.546 46 30 25 17 11 11 6
1633928580.799 49 31 24 17 15 11 5
1633928581.047 47 30 23 17 13 11 9
1633928581.298 46 31 24 20 12 10 5
1633928581.547 48 30 22 19 13 11 9
1633928581.797 46 31 25 19 13 12 7
1633928582.048 47 31 24 17 12 10 7
1633928582.296 45 31 26 20 11 9 6
1633928582.547 46 30 24 19 12 10 5
1633928582.797 47 31 26 19 14 8 7
1633928583.048 47 29 23 17 13 8 6
1633928583.298 45 32 24 18 12 10 7
1633928583.546 48 31 24 16 11 9 6
1633928583.797 46 31 23 15 10 11 5
1633928584.050 46 30 24 16 12 11 7
1633928584.309 45 31 24 17 11 10 5
1633928584.548 45 32 24 19 13 10 6
1633928584.803 47 30 24 17 12 12 5
1633928585.051 47 29 23 19 12 10 7
1633928585.298 47 30 25 16 12 11 6
1633928585.552 47 32 26 17 10 12 5
1633928585.799 48 33 24 17 11 11 7
1633928586.049 46 29 23 18 12 12 6
1633928586.299 46 31 24 17 11 12 7
1633928586.546 45 29 24 18 12 12 6
1633928586.801 44 30 24 17 12 14 6
1633928587.048 46 30 26 17 10 12 5
1633928587.301 47 31 24 19 12 11 8
1633928587.548 47 31 24 18 13 11 7
1633928587.801 47 30 27 18 11 12 6
1633928588.046 46 29 24 18 12 10 8
1633928588.298 48 30 22 16 9 10 5
1633928588.547 46 31 26 17 10 10 5
1633928588.797 45 30 26 18 13 13 6
1633928589.048 46 31 25 19 13 12 8
1633928589.297 46 30 27 17 10 10 8
1633928589.546 46 29 25 18 13 11 7
1633928589.799 47 28 23 17 13 9 8
1633928590.048 46 30 25 16 12 12 7
1633928590.297 46 29 24 18 13 9 8
1633928590.550 46 31 25 17 10 11 5
1633928590.798 48 29 24 18 13 10 6
1633928591.047 46 29 25 17 11 11 7
1633928591.297 47 32 24 16 12 13 5
1633928591.547 47 32 26 19 12 11 7
1633928591.798 46 30 25 17 12 12 5
1633928592.049 46 32 23 17 11 11 7
1633928592.297 47 31 24 19 12 11 6
1633928592.547 45 31 25 18 10 12 5
1633928592.801 47 31 27 18 12 11 6
1633928593.047 46 30 26 19 12 11 5
1633928593.298 46 29 24 17 12 11 6
1633928593.548 45 31 25 19 12 10 7
1633928593.800 47 32 25 16 13 10 6
1633928594.049 45 32 23 16 12 10 6
1633928594.299 45 29 24 18 12 12 6
1633928594.547 46 30 25 16 13 8 4
1633928594.801 46 31 25 18 11 9 7
1633928595.050 46 29 23 17 10 11 7
1633928595.300 44 32 25 17 11 12 5
1633928595.547 47 30 22 17 12 12 4
1633928595.798 45 32 25 18 12 11 8
1633928596.047 47 32 24 16 13 11 4
1633928596.298 46 31 25 17 12 12 7
1633928596.548 46 31 24 16 14 12 6
1633928596.799 45 31 24 19 13 9 5
1633928597.048 47 30 24 16 12 11 10
1633928597.297 45 33 25 17 11 12 6
1633928597.549 46 32 26 17 13 12 6
1633928597.803 46 31 22 17 11 10 5
1633928598.048 47 31 25 17 14 12 5
1633928598.302 47 30 22 16 13 10 6
1633928598.549 46 30 23 16 14 10 6
1633928598.799 45 29 25 17 12 11 7
1633928599.048 46 31 25 17 13 13 7
1633928599.306 47 31 24 17 14 10 6
1633928599.547 48 29 23 16 11 12 7
1633928599.802 45 30 22 17 10 13 8
1633928600.048 46 29 22 16 12 12 5
1633928600.297 46 32 24 19 12 10 5
1633928600.548 47 32 23 16 12 11 5
1633928600.798 45 31 22 18 11 10 6
1633928601.051 45 31 25 19 12 12 6
1633928601.299 45 31 23 17 11 10 6
1633928601.552 47 29 24 17 12 12 6
1633928601.798 45 30 28 17 12 11 6
1633928602.049 46 32 22 17 13 10 4
1633928602.300 45 31 23 16 13 11 7
1633928602.549 49 30 24 17 11 10 7
1633928602.800 49 30 24 18 14 10 7
1633928603.047 49 29 22 15 13 10 5
1633928603.299 45 31 26 16 13 11 5
1633928603.548 45 30 24 17 12 10 7
1633928603.799 47 31 26 17 13 10 7
1633928604.050 49 29 24 18 12 12 5
1633928604.298 48 29 25 16 12 12 6
1633928604.549 49 31 24 16 13 10 5
1633928604.797 46 30 24 16 10 11 5
1633928605.048 46 30 23 18 12 11 5
1633928605.302 45 29 23 16 11 11 9
1633928605.555 46 32 25 15 13 9 7
1633928605.798 44 31 23 17 13 10 8
1633928606.051 44 30 24 17 13 10 7
1633928606.300 45 30 25 15 10 11 5
1633928606.552 47 30 23 16 10 12 8
1633928606.799 45 30 25 17 11 12 6
1633928607.050 49 30 22 17 14 10 7
1633928607.299 48 29 25 18 11 10 5
1633928607.549 47 31 23 16 12 10 9
1633928607.808 46 31 24 19 14 12 6
1633928608.049 48 32 24 18 14 11 6
1633928608.302 46 32 23 17 12 10 5
1633928608.549 46 30 21 17 11 13 6
1633928608.799 46 32 25 16 12 11 8
1633928609.053 47 30 28 17 12 12 3
1633928609.299 46 31 25 18 12 13 6
1633928609.552 46 32 25 18 10 11 8
1633928609.801 48 32 25 17 12 11 8
1633928610.055 48 31 23 17 12 9 8
1633928610.299 45 31 25 17 11 11 4
1633928610.549 46 32 23 17 10 10 6
1633928610.801 47 31 25 17 12 10 6
1633928611.050 45 30 23 19 12 10 6
1633928611.302 49 32 22 18 11 10 6
1633928611.548 47 31 25 15 11 11 8
1633928611.802 45 31 23 17 11 12 8
1633928612.049 49 30 24 16 11 10 6
1633928612.299 48 29 24 16 12 12 5
1633928612.553 48 32 23 17 11 11 6
1633928612.803 46 30 25 18 11 8 4
1633928613.050 47 32 24 18 13 9 5
1633928613.299 46 30 24 17 11 10 6
1633928613.550 46 29 25 18 11 12 4
1633928613.799 46 31 26 15 12 11 7
1633928614.050 48 31 25 17 11 9 7
1633928614.300 45 32 24 19 11 11 7
1633928614.549 47 31 25 20 13 11 4
1633928614.801 47 31 24 17 11 8 7
1633928615.050 48 32 25 16 16 11 5
1633928615.303 47 31 23 15 14 9 6
1633928615.551 46 30 23 18 12 8 4
1633928615.800 47 29 24 16 10 10 5
1633928616.050 48 30 23 17 10 10 5
1633928616.302 46 29 22 19 14 9 6
1633928616.549 45 30 24 17 11 10 6
1633928616.798 46 29 24 17 12 11 4
1633928617.048 48 30 24 18 14 12 8
1633928617.299 47 29 25 16 10 10 7
1633928617.549 45 31 25 18 11 10 6
1633928617.805 48 31 25 18 12 12 5
1633928618.049 45 28 26 17 12 11 8
1633928618.299 46 31 24 17 12 10 7
1633928618.550 46 29 25 17 11 10 6
1633928618.799 46 29 25 18 11 12 6
1633928619.048 45 32 25 15 11 12 6
1633928619.300 48 31 23 17 14 10 5
1633928619.552 47 31 24 17 11 11 6
1633928619.799 47 31 23 16 10 10 8
1633928620.049 47 32 23 18 12 9 6
1633928620.300 45 33 26 18 11 11 7
1633928620.548 48 29 23 18 13 10 7
1633928620.802 47 28 24 17 11 9 5
1633928621.051 47 28 23 17 12 10 7
1633928621.300 46 31 24 18 11 10 4
1633928621.548 46 30 25 18 13 11 5
1633928621.800 47 30 25 17 11 12 5
1633928622.049 47 31 23 17 11 15 6
1633928622.299 47 30 24 17 13 9 6
1633928622.550 45 32 25 20 12 10 5
1633928622.801 49 31 24 16 12 11 7
1633928623.052 45 32 26 17 11 11 7
1633928623.300 45 34 24 18 12 13 6
1633928623.551 48 31 25 16 15 13 7
1633928623.799 45 29 24 16 10 12 5
1633928624.048 45 30 24 16 11 12 7
1633928624.301 49 29 24 17 11 11 7
1633928624.549 46 29 25 18 12 11 8
1633928624.799 47 29 25 16 12 12 4
1633928625.049 45 31 25 16 11 16 7
1633928625.299 46 31 25 16 13 11 4
1633928625.549 47 30 24 16 10 11 7
1633928625.800 44 30 23 16 12 11 8
1633928626.049 46 35 26 18 10 11 4
1633928626.299 46 30 24 15 14 11 6
1633928626.550 47 31 23 17 15 10 4
1633928626.800 47 29 25 16 12 10 7
1633928627.050 48 30 25 17 11 12 5
1633928627.299 45 31 23 17 13 11 7
1633928627.550 45 29 23 18 11 9 6
1633928627.804 47 30 26 17 13 11 7
1633928628.049 50 30 23 18 12 11 5
1633928628.299 46 30 24 16 12 11 7
1633928628.550 45 30 23 16 13 13 6
1633928628.803 49 30 24 19 12 13 7
1633928629.050 45 32 25 16 10 12 4
1633928629.299 47 30 25 17 14 12 7
1633928629.550 47 30 25 18 12 12 6
1633928629.800 45 32 26 19 11 10 5
1633928630.053 47 31 24 20 11 11 6
1633928630.302 47 29 25 18 12 11 7
1633928630.552 46 30 23 15 13 10 7
1633928630.800 46 30 23 17 10 11 8
1633928631.057 44 31 24 16 11 11 4
1633928631.306 44 33 25 16 12 12 5
1633928631.551 45 29 25 17 12 11 6
1633928631.800 47 33 25 16 12 11 7
1633928632.049 46 33 23 17 13 12 6
1633928632.299 46 30 24 18 10 12 7
1633928632.550 48 30 25 17 12 11 4
1633928632.800 46 32 24 17 11 11 5
1633928633.052 44 32 24 17 10 9 8
1633928633.302 45 29 25 19 11 11 7
1633928633.551 45 29 24 17 10 9 4
1633928633.805 46 29 23 16 10 9 6
1633928634.050 47 28 24 18 12 12 7
1633928634.299 49 31 23 16 11 13 6
1633928634.557 48 30 23 17 11 11 5
1633928634.800 46 31 24 18 13 11 5
1633928635.060 48 30 23 16 10 11 7
1633928635.301 47 30 23 18 12 14 6
1633928635.561 46 30 23 16 11 12 5
1633928635.800 47 31 22 17 13 10 5
1633928636.050 49 30 21 17 13 13 8
1633928636.301 46 31 24 16 11 11 8
1633928636.552 47 30 22 17 11 11 8
1633928636.804 48 30 25 16 14 11 6
1633928637.051 46 32 23 18 11 9 6
1633928637.300 49 30 23 16 12 13 7
1633928637.550 45 30 24 17 11 8 8
1633928637.801 45 32 25 18 12 10 6
1633928638.051 47 31 24 18 12 10 5
1633928638.299 46 30 24 18 14 10 7
1633928638.551 47 32 26 16 13 10 6
1633928638.799 47 32 24 17 14 10 8
1633928639.050 44 29 24 17 12 9 7
1633928639.300 45 28 25 19 11 11 5
1633928639.551 47 31 24 17 12 9 6
1633928639.799 49 30 25 17 10 8 7
1633928640.050 48 30 24 16 12 10 6
1633928640.300 46 29 25 16 11 9 5
1633928640.550 47 31 25 17 10 12 5
1633928640.801 46 30 23 16 11 12 6
1633928641.052 46 31 25 19 12 11 7
1633928641.300 47 32 25 15 11 8 7
1633928641.550 46 31 24 16 12 8 7
1633928641.802 45 32 25 17 12 11 6
1633928642.050 45 30 25 16 13 12 6
1633928642.300 47 31 22 19 11 9 7
1633928642.553 48 32 26 18 9 10 5
1633928642.803 47 31 25 16 12 10 5
1633928643.050 45 28 25 17 12 10 7
1633928643.302 44 29 25 16 12 10 7
1633928643.550 48 30 23 19 11 9 5
1633928643.801 46 31 24 17 12 12 6
1633928644.051 46 29 25 17 11 9 6
1633928644.301 50 31 22 16 10 8 9
1633928644.551 46 33 23 17 12 10 6
1633928644.800 47 32 24 18 10 11 6
1633928645.052 45 29 21 18 12 9 6
1633928645.301 44 30 24 16 12 11 6
1633928645.550 49 30 24 18 12 10 7
1633928645.800 47 31 24 19 12 10 5
1633928646.052 46 32 25 17 11 11 7
1633928646.301 46 31 24 15 12 9 5
1633928646.550 44 34 24 16 15 11 8
1633928646.803 47 32 24 17 14 10 7
1633928647.052 45 30 22 18 12 11 6
1633928647.302 46 31 23 17 15 11 7
1633928647.550 47 32 23 21 11 9 4
1633928647.801 48 31 25 17 12 10 7
1633928648.057 48 29 23 17 12 9 8
1633928648.300 46 29 24 15 11 13 7
1633928648.553 46 32 23 18 12 11 6
1633928648.804 45 31 24 18 13 11 5
1633928649.051 45 31 23 18 11 12 6
1633928649.304 47 29 25 17 13 13 5
1633928649.551 47 32 27 16 12 11 6
1633928649.800 49 31 26 20 12 12 5
1633928650.054 44 30 28 18 13 12 6
1633928650.303 45 30 24 19 14 13 5
1633928650.552 44 34 24 17 14 12 6
1633928650.801 44 31 24 17 10 12 7
1633928651.052 47 30 24 19 13 13 9
1633928651.303 46 29 25 16 12 11 6
1633928651.553 46 29 25 18 11 13 5
1633928651.803 46 29 23 17 14 12 7
1633928652.052 46 29 24 20 15 9 4
1633928652.305 44 31 25 19 14 10 7
1633928652.551 45 28 24 17 13 10 6
1633928652.801 46 31 23 18 13 9 5
1633928653.055 48 29 24 17 13 12 7
1633928653.302 46 30 22 17 12 9 6
1633928653.552 46 30 25 17 10 12 4
1633928653.808 46 29 24 16 13 9 7
1633928654.052 46 31 24 17 10 9 8
1633928654.301 47 29 24 18 12 9 8
1633928654.552 45 30 26 15 11 11 6
1633928654.801 48 29 23 18 11 8 7
1633928655.050 45 29 24 17 13 12 7
1633928655.302 45 28 23 16 13 12 7
1633928655.554 46 30 23 18 12 11 5
1633928655.801 46 30 23 16 11 11 4
1633928656.052 47 30 22 17 10 12 6
1633928656.300 46 31 23 16 11 10 4
1633928656.552 49 31 22 16 12 10 4
1633928656.800 46 32 26 16 11 11 4
1633928657.051 44 32 26 16 13 10 5
1633928657.304 45 31 24 18 12 10 8
1633928657.553 46 31 24 18 10 11 7
1633928657.801 47 34 25 17 12 13 6
1633928658.051 47 31 25 18 11 10 5
1633928658.302 46 30 22 18 10 9 7
1633928658.555 45 33 22 18 11 12 8
1633928658.804 45 29 23 18 13 11 6
1633928659.052 47 31 24 17 12 10 5
1633928659.302 46 31 23 16 11 11 4
1633928659.551 47 30 23 18 12 9 6
1633928659.801 46 31 23 17 14 11 7
1633928660.051 46 31 23 15 13 11 5
1633928660.310 47 30 23 18 11 13 6
1633928660.551 47 33 25 16 11 10 6
1633928660.802 45 31 24 17 11 11 5
1633928661.051 48 31 24 16 12 11 8
1633928661.302 51 31 25 17 13 10 6
1633928661.553 46 31 24 18 11 10 8
1633928661.801 45 33 24 16 12 11 6
1633928662.052 44 29 25 17 12 11 7
1633928662.309 44 30 25 17 11 11 6
1633928662.554 49 32 23 17 13 9 6
1633928662.802 45 31 25 21 12 10 7
1633928663.054 48 31 23 16 12 13 5
1633928663.304 46 30 21 18 11 12 7
1633928663.553 48 29 26 16 12 10 6
1633928663.801 45 30 24 16 11 11 4
1633928664.055 47 31 23 20 12 14 7
1633928664.302 47 32 23 18 13 10 5
1633928664.555 48 29 24 17 14 11 7
1633928664.802 45 29 26 15 12 9 5
1633928665.052 47 32 24 18 11 11 7
1633928665.304 46 31 24 19 14 12 5
1633928665.552 46 30 27 18 10 11 8
1633928665.801 47 29 23 17 13 11 6
1633928666.053 46 30 24 18 12 10 6
1633928666.311 49 29 23 16 12 9 7
1633928666.552 44 31 22 16 11 11 6
1633928666.803 45 31 25 18 12 11 7
1633928667.054 48 30 24 18 11 9 5
1633928667.304 45 32 24 17 12 11 7
1633928667.552 47 31 23 16 10 10 7
1633928667.803 47 30 24 18 12 12 3
1633928668.052 45 29 23 18 11 9 6
1633928668.306 46 31 23 17 10 10 7
1633928668.551 46 32 26 16 13 8 7
1633928668.801 46 29 25 18 11 10 8
1633928669.052 49 31 24 17 14 12 6
1633928669.303 46 32 24 17 12 9 6
1633928669.556 46 30 23 17 11 10 6
1633928669.805 46 30 24 16 11 9 4
1633928670.052 47 30 24 17 12 9 6
1633928670.302 46 31 25 19 11 9 6
1633928670.556 45 30 24 17 12 10 7
1633928670.805 47 32 23 16 12 10 8
1633928671.053 47 28 23 16 11 11 8
1633928671.303 45 29 26 15 11 12 5
1633928671.551 46 30 25 17 12 13 6
1633928671.802 48 30 21 16 12 11 6
1633928672.052 45 30 21 18 13 9 5
1633928672.303 48 33 24 17 11 10 7
1633928672.551 48 31 25 16 12 12 6
1633928672.803 46 31 25 17 12 12 9
1633928673.051 46 30 24 18 13 10 6
1633928673.306 45 31 24 17 13 10 5
1633928673.552 45 30 23 17 11 10 7
1633928673.803 45 31 23 17 12 9 9
1633928674.051 47 30 23 16 13 9 9
1633928674.302 45 29 25 18 10 9 7
1633928674.553 46 31 24 19 13 10 7
1633928674.802 47 32 25 17 11 10 4
1633928675.052 47 30 23 18 12 11 5
1633928675.304 48 30 26 18 10 10 7
1633928675.552 47 29 23 17 12 12 6
1633928675.806 45 29 23 18 12 9 6
1633928676.055 45 29 23 19 11 10 6
1633928676.302 44 30 24 18 12 10 5
1633928676.553 47 30 26 18 15 9 6
1633928676.802 46 31 25 18 14 9 5
1633928677.053 46 28 25 16 12 10 6
1633928677.305 46 31 23 19 13 9 5
1633928677.555 46 32 23 16 12 9 9
1633928677.802 48 30 25 19 13 11 7
1633928678.054 48 31 24 18 10 10 6
1633928678.305 48 32 24 16 11 10 8
1633928678.552 48 30 24 19 11 10 7
1633928678.803 47 28 25 17 11 12 6
1633928679.053 48 30 23 18 10 11 6
1633928679.304 48 30 23 16 11 8 5
1633928679.554 49 29 23 16 10 9 8
1633928679.803 48 29 24 18 12 11 8
1633928680.053 46 31 25 16 12 9 6
1633928680.304 47 31 24 18 11 12 7
1633928680.552 47 30 23 18 12 12 5
1633928680.804 45 31 26 18 13 13 5
1633928681.055 47 30 25 18 15 11 7
1633928681.302 44 30 23 17 10 11 8
1633928681.555 47 32 22 18 11 10 7
1633928681.804 47 31 24 16 10 12 6
1633928682.054 48 29 25 18 12 10 4
1633928682.307 47 29 25 16 12 9 5
1633928682.558 45 30 24 18 11 10 7
1633928682.803 46 30 23 15 11 11 6
1633928683.055 45 31 24 19 11 11 5
1633928683.303 46 30 23 17 12 13 6
1633928683.554 49 28 23 15 11 10 7
1633928683.802 44 30 23 16 12 11 8
1633928684.054 46 31 24 19 14 12 5
1633928684.322 46 30 23 16 12 12 5
1633928684.554 45 30 22 16 13 11 8
1633928684.804 47 31 24 16 12 12 7
1633928685.053 46 30 25 19 11 11 5
1633928685.303 47 31 25 17 12 10 6
1633928685.553 45 32 24 15 12 9 6
1633928685.805 45 30 23 17 13 11 7
1633928686.055 46 30 23 16 10 13 6
1633928686.305 45 30 24 17 11 9 5
1633928686.559 47 30 25 17 10 12 5
1633928686.805 45 30 25 17 14 12 5
1633928687.055 46 29 23 18 13 11 6
1633928687.308 48 29 23 17 13 13 5
1633928687.554 45 30 23 18 12 12 6
1633928687.805 44 30 24 17 12 11 5
1633928688.055 46 29 24 16 10 9 4
1633928688.307 48 28 23 16 13 9 9
1633928688.554 46 29 24 16 12 10 4
1633928688.805 44 29 23 16 14 12 6
1633928689.053 47 29 24 18 11 13 4
1633928689.305 46 31 24 18 12 10 6
1633928689.553 44 32 22 18 11 13 5
1633928689.803 47 30 26 17 12 12 8
1633928690.054 47 30 22 17 11 11 8
1633928690.303 48 31 22 17 12 10 7
1633928690.557 49 31 24 18 12 11 6
1633928690.805 47 31 23 18 14 12 5
1633928691.054 45 28 23 17 13 10 4
1633928691.303 48 30 24 17 11 10 6
1633928691.554 45 29 26 19 14 9 8
1633928691.805 48 29 24 17 11 11 5
1633928692.059 47 30 24 17 11 11 7
1633928692.304 47 33 25 17 11 12 7
1633928692.554 45 28 24 16 12 10 4
1633928692.806 46 30 25 18 11 11 8
1633928693.055 48 29 24 16 14 11 6
1633928693.305 45 29 23 17 12 10 7
1633928693.553 46 30 23 17 13 11 6
1633928693.803 47 30 24 17 10 12 7
1633928694.054 45 31 25 18 12 9 6
1633928694.303 46 29 23 16 12 11 5
1633928694.554 46 29 24 15 12 11 7
1633928694.803 47 30 25 16 11 10 8
1633928695.054 44 29 23 18 12 11 7
1633928695.303 49 33 24 15 13 9 7
1633928695.554 48 30 25 18 11 12 7
1633928695.804 46 30 25 16 13 10 7
1633928696.054 45 30 24 19 12 10 6
1633928696.303 47 30 23 17 12 9 6
1633928696.555 46 29 25 14 11 12 6
1633928696.804 46 35 25 16 9 10 7
1633928697.054 46 31 24 16 10 13 7
1633928697.306 49 30 24 19 13 10 5
1633928697.554 46 30 22 19 13 11 7
1633928697.804 44 30 24 16 13 9 5
1633928698.053 47 32 25 18 11 10 6
1633928698.305 47 30 26 18 13 10 7
1633928698.553 47 31 24 16 11 9 6
1633928698.804 47 30 24 15 12 11 7
1633928699.055 46 30 23 17 13 9 7
1633928699.306 47 30 24 16 13 12 6
1633928699.560 46 29 25 16 11 10 5
1633928699.807 47 30 25 17 11 13 5
1633928700.055 46 31 24 18 11 11 6
1633928700.310 44 32 28 16 12 8 8
1633928700.555 46 33 25 17 14 9 6
1633928700.805 47 30 23 18 11 10 6
1633928701.055 44 31 25 17 12 12 6
1633928701.305 46 28 25 17 10 9 5
1633928701.554 47 31 25 17 13 11 5
1633928701.812 48 32 24 19 11 12 6
1633928702.054 46 29 24 16 11 10 7
1633928702.305 45 31 23 16 13 9 5
1633928702.554 45 32 22 17 13 10 4
1633928702.805 48 31 25 19 12 9 7
1633928703.054 46 30 27 16 11 13 6
1633928703.307 44 30 24 17 12 11 8
1633928703.555 46 29 24 16 10 14 7
1633928703.804 43 32 22 19 14 9 6
1633928704.059 46 29 23 16 12 12 4
1633928704.304 45 29 25 17 13 10 6
1633928704.554 47 30 23 16 12 11 7
1633928704.805 46 30 23 16 13 10 8
1633928705.054 47 30 24 16 12 11 6
1633928705.305 45 31 26 17 10 12 5
1633928705.556 49 31 24 16 10 14 7
1633928705.808 47 31 24 17 12 9 7
1633928706.055 45 29 24 16 14 9 5
1633928706.305 44 33 22 17 13 12 5
1633928706.554 48 31 24 16 13 12 6
1633928706.805 46 30 26 15 13 9 6
1633928707.057 47 29 24 18 12 10 7
1633928707.304 45 29 22 16 11 10 4
1633928707.556 46 32 23 17 10 9 7
1633928707.805 47 30 25 15 13 9 6
1633928708.054 47 28 24 17 12 10 6
1633928708.307 47 30 22 17 13 11 5
1633928708.554 45 29 26 17 11 11 7
1633928708.804 46 28 24 17 11 11 6
1633928709.056 47 30 24 19 12 11 5
1633928709.307 47 30 24 18 11 11 7
1633928709.555 46 28 27 16 12 10 9
1633928709.806 45 32 24 15 11 11 6
1633928710.054 47 31 23 19 13 12 6
1633928710.306 47 33 23 17 13 14 8
1633928710.557 45 31 23 17 12 10 9
1633928710.805 47 31 24 17 14 10 6
1633928711.054 45 30 23 16 11 10 8
1633928711.305 45 28 24 17 12 10 8
1633928711.557 46 29 23 17 11 11 6
1633928711.805 45 30 23 18 13 12 6
1633928712.054 46 31 24 20 12 10 7
1633928712.310 48 31 24 17 11 12 7
1633928712.555 46 29 23 19 10 10 7
1633928712.811 45 30 24 19 12 10 7
1633928713.055 45 29 23 17 13 13 6
1633928713.306 47 30 24 19 13 10 7
1633928713.557 46 31 23 16 11 10 8
1633928713.809 47 30 23 17 13 9 4
1633928714.056 46 29 23 17 12 9 5
1633928714.305 48 28 23 17 11 9 8
1633928714.558 46 28 25 17 13 11 5
1633928714.818 46 30 24 18 13 10 7
1633928715.056 47 31 24 17 13 11 5
1633928715.308 47 30 23 16 15 11 7
1633928715.561 45 31 25 17 14 9 6
1633928715.805 47 29 26 17 13 11 7
1633928716.057 44 30 23 17 13 9 5
1633928716.306 45 31 23 17 11 9 6
1633928716.555 45 30 24 18 12 10 6
1633928716.804 48 30 23 16 12 11 5
1633928717.060 44 30 24 17 11 11 9
1633928717.305 44 29 25 16 11 10 7
1633928717.555 48 32 21 19 10 12 7
1633928717.806 45 30 23 16 12 12 4
1633928718.054 46 31 23 16 12 10 7
1633928718.304 47 31 23 17 12 10 6
1633928718.558 49 31 25 18 12 12 7
1633928718.804 47 30 23 19 11 10 4
1633928719.057 44 32 25 19 12 9 7
1633928719.305 45 29 22 17 13 11 7
1633928719.558 47 29 24 16 13 10 7
1633928719.807 46 30 24 18 13 10 7
1633928720.058 47 34 25 18 12 9 7
1633928720.305 47 30 25 16 11 10 6
1633928720.556 45 27 24 18 12 9 5
1633928720.804 46 29 22 18 13 11 6
1633928721.056 45 30 23 17 13 9 7
1633928721.305 46 31 24 16 13 9 8
1633928721.554 46 31 22 19 10 9 7
1633928721.805 46 28 25 17 11 8 4
1633928722.061 45 30 24 17 12 11 5
1633928722.306 46 29 25 17 11 10 6
1633928722.555 45 31 24 18 11 11 7
1633928722.805 47 31 24 17 14 11 5
1633928723.057 47 30 23 16 15 10 6
1633928723.307 46 30 24 17 13 11 7
1633928723.556 45 29 23 16 12 11 6
1633928723.805 46 30 23 18 13 10 6
1633928724.059 46 29 25 18 10 11 6
1633928724.309 45 30 25 19 13 10 4
1633928724.556 47 30 24 18 14 10 8
1633928724.806 47 32 24 16 11 12 7
1633928725.055 46 31 24 17 12 13 6
1633928725.307 44 30 26 16 10 14 5
1633928725.557 46 29 23 18 12 11 7
1633928725.807 46 30 25 18 12 12 6
1633928726.062 47 30 23 17 11 11 5
1633928726.308 46 30 23 17 14 11 7
1633928726.555 46 30 22 18 10 13 6
1633928726.807 47 30 26 18 14 12 6
1633928727.063 48 30 23 17 13 10 5
1633928727.306 46 29 25 18 11 10 6
1633928727.556 47 31 24 19 11 10 7
1633928727.806 48 29 25 18 11 10 7
1633928728.056 46 30 24 18 13 12 4
1633928728.306 46 32 26 19 11 11 5
1633928728.557 48 29 25 17 12 12 6
1633928728.805 45 30 23 16 13 12 5
1633928729.055 45 29 24 18 11 12 5
1633928729.308 49 31 24 17 11 13 3
1633928729.556 48 29 25 17 12 12 6
1633928729.807 46 29 25 21 12 10 8
1633928730.059 47 31 24 16 12 12 7
1633928730.306 45 29 24 20 10 11 4
1633928730.556 47 30 23 16 12 11 6
1633928730.812 46 33 24 17 10 10 6
1633928731.058 46 30 24 18 13 9 7
1633928731.310 47 31 23 18 11 13 7
1633928731.556 46 28 23 16 12 10 8
1633928731.806 46 29 26 17 11 10 6
1633928732.055 45 30 23 18 11 9 5
1633928732.306 45 29 25 16 10 10 6
1633928732.556 46 30 23 16 10 10 4
1633928732.807 46 27 24 16 12 9 5
1633928733.057 45 28 23 18 12 12 7
1633928733.305 45 29 23 17 10 11 6
1633928733.556 45 29 24 17 11 11 6
1633928733.807 46 30 27 17 13 11 6
1633928734.057 47 31 22 16 12 10 7
1633928734.316 47 30 25 17 12 12 7
1633928734.557 46 30 24 18 11 10 7
1633928734.808 47 31 24 17 11 12 5
1633928735.058 46 30 24 17 12 10 7
1633928735.314 45 31 25 15 10 11 9
1633928735.556 47 28 23 19 12 11 6
1633928735.808 48 28 22 17 11 11 6
1633928736.058 46 29 23 17 14 10 4
1633928736.306 46 29 23 16 14 14 5
1633928736.556 48 29 24 18 12 11 6
1633928736.807 45 30 24 15 12 11 4
1633928737.056 46 30 25 18 14 9 3
1633928737.308 48 30 23 15 12 10 6
1633928737.556 49 28 25 17 11 12 9
1633928737.808 46 31 22 15 12 11 8
1633928738.061 47 31 23 17 13 11 5
1633928738.308 47 30 24 16 11 10 6
1633928738.557 48 33 24 16 11 11 7
1633928738.808 48 28 23 18 14 10 7
1633928739.068 47 30 25 16 12 10 5
1633928739.318 48 30 23 17 13 11 5
1633928739.557 47 32 24 17 13 11 6
1633928739.808 46 28 23 16 14 10 7
1633928740.057 47 32 24 18 11 11 6
1633928740.310 50 30 22 17 11 13 7
1633928740.557 46 30 25 17 11 12 6
1633928740.807 45 30 25 17 10 10 7
1633928741.056 48 31 24 17 13 11 8
1633928741.307 48 29 26 17 11 11 7
1633928741.556 46 28 26 16 13 12 5
1633928741.805 46 30 25 17 12 13 6
1633928742.056 46 28 23 17 11 11 7
1633928742.306 49 28 24 17 12 11 5
1633928742.560 46 29 24 17 11 12 6
1633928742.812 46 30 26 15 11 11 8
1633928743.059 47 33 27 17 15 11 6
1633928743.321 45 27 25 17 12 11 7
1633928743.558 46 29 26 17 11 8 4
1633928743.806 48 29 24 16 11 9 6
1633928744.056 46 29 25 18 11 10 6
1633928744.306 46 31 25 17 13 10 6
1633928744.557 48 30 25 17 12 10 8
1633928744.808 45 30 24 17 14 9 6
1633928745.059 45 30 23 17 13 11 5
1633928745.307 46 31 25 16 13 9 6
1633928745.557 47 29 24 17 13 10 5
1633928745.806 47 29 22 16 13 8 8
1633928746.057 48 29 24 16 12 10 5
1633928746.309 46 29 24 15 13 11 5
1633928746.556 48 29 25 16 12 9 7
1633928746.807 46 30 24 17 14 9 5
1633928747.058 46 30 23 16 13 11 5
1633928747.308 44 29 23 16 12 11 4
1633928747.557 46 30 25 16 14 11 7
1633928747.807 46 28 23 18 12 12 5
1633928748.058 47 30 25 16 11 9 5
1633928748.306 44 29 24 17 12 10 5
1633928748.558 48 29 25 16 11 10 6
1633928748.808 46 31 25 17 11 13 7
1633928749.059 48 29 24 16 11 8 6
1633928749.309 46 29 23 18 11 11 6
1633928749.559 47 30 25 16 11 12 4
1633928749.809 45 30 24 18 12 13 7
1633928750.059 47 30 23 16 12 10 7
1633928750.306 43 30 23 19 13 11 5
1633928750.558 48 30 25 16 10 10 6
1633928750.807 46 30 24 18 11 10 5
1633928751.056 47 29 24 18 11 9 6
1633928751.312 49 28 25 20 13 9 7
1633928751.560 47 28 24 17 11 11 6
1633928751.808 46 29 24 18 12 11 8
1633928752.058 46 29 22 16 14 11 7
1633928752.306 48 30 25 17 11 9 4
1633928752.560 47 34 25 16 11 9 7
1633928752.806 49 28 24 16 13 11 6
1633928753.056 46 32 25 17 11 12 5
1633928753.308 47 30 22 17 11 9 5
1633928753.560 48 30 24 16 12 11 7
1633928753.809 48 32 24 17 11 12 6
1633928754.056 49 29 26 17 13 8 7
1633928754.307 45 29 26 16 14 10 6
1633928754.559 46 30 24 18 14 9 6
1633928754.807 47 31 25 15 11 10 7
1633928755.057 47 30 29 17 12 10 8
1633928755.310 46 31 23 18 12 8 10
1633928755.559 47 30 23 16 10 11 6
1633928755.811 46 32 24 17 11 10 9
1633928756.056 46 30 25 17 12 10 5
1633928756.306 47 30 24 18 12 9 4
1633928756.558 45 30 24 18 14 9 8
1633928756.810 46 30 24 17 10 9 5
1633928757.059 47 31 24 16 11 11 8
1633928757.308 48 29 26 16 13 10 7
1633928757.558 49 28 26 16 12 10 6
1633928757.810 48 31 26 16 14 10 7
1633928758.058 46 29 23 19 14 10 5
1633928758.307 47 30 25 19 14 9 6
1633928758.556 45 29 25 17 14 11 7
1633928758.807 46 30 26 16 12 11 4
1633928759.057 47 28 25 15 12 10 6
1633928759.306 46 30 24 16 12 9 5
1633928759.558 45 31 26 16 13 11 9
1633928759.807 44 31 24 17 13 12 6
1633928760.063 45 30 24 16 14 9 4
1633928760.307 47 28 25 16 12 9 5
1633928760.557 48 30 25 17 12 10 4
1633928760.807 47 29 24 17 12 11 6
1633928761.058 47 30 22 17 11 11 5
1633928761.316 45 29 25 18 14 12 7
1633928761.556 46 31 24 17 13 9 7
1633928761.807 46 32 23 18 10 9 4
1633928762.060 47 30 24 16 10 11 7
1633928762.307 46 28 24 17 12 9 6
1633928762.561 47 29 24 17 12 10 8
1633928762.807 46 29 24 17 11 7 6
1633928763.058 45 30 23 17 10 9 7
1633928763.309 47 29 24 16 12 10 5
1633928763.558 46 29 25 17 12 12 7
1633928763.807 46 32 25 16 12 10 5
1633928764.059 46 30 22 16 11 10 7
1633928764.308 48 31 24 17 12 10 8
1633928764.559 45 30 24 17 12 9 8
1633928764.810 45 31 23 18 12 12 6
1633928765.057 45 28 24 16 12 10 5
1633928765.309 45 30 25 17 12 9 9
1633928765.557 48 30 23 16 11 9 5
1633928765.808 47 29 25 16 13 11 5
1633928766.066 48 29 22 17 14 13 8
1633928766.307 47 29 23 18 12 11 6
1633928766.562 49 29 23 17 15 11 6
1633928766.807 45 30 23 16 14 10 7
1633928767.058 47 31 25 17 14 11 6
1633928767.310 46 31 25 16 12 11 5
1633928767.557 46 31 24 16 11 11 7
1633928767.809 46 29 22 18 14 11 7
1633928768.058 46 29 23 16 15 12 5
1633928768.307 48 31 23 14 12 13 5
1633928768.558 48 30 25 16 11 12 6
1633928768.807 45 31 24 17 11 10 8
1633928769.062 45 30 23 15 12 8 6
1633928769.308 45 29 23 16 12 11 7
1633928769.560 46 29 23 18 13 10 6
1633928769.816 45 28 22 16 12 10 6
1633928770.059 46 30 21 18 11 11 5
1633928770.314 46 29 23 16 9 12 4
1633928770.559 45 30 24 17 11 11 7
1633928770.809 45 29 21 18 12 11 7
1633928771.057 47 28 22 18 12 11 6
1633928771.310 47 31 25 16 12 13 7
1633928771.565 46 31 23 16 12 10 7
1633928771.808 45 29 23 17 11 12 7
1633928772.059 46 30 23 18 10 12 7
1633928772.310 47 31 24 16 12 12 4
1633928772.558 45 31 22 17 10 11 3
1633928772.817 45 30 22 17 12 10 6
1633928773.061 46 29 24 18 11 13 6
1633928773.318 47 29 24 18 10 12 6
1633928773.559 45 28 25 17 11 13 4
1633928773.814 47 32 25 18 10 11 7
1633928774.057 47 28 24 20 10 12 8
1633928774.311 47 28 27 17 12 10 6
1633928774.565 45 28 24 16 13 10 5
1633928774.808 46 29 22 20 11 10 5
1633928775.072 46 30 23 16 12 10 7
1633928775.309 45 30 25 16 12 10 7
1633928775.558 46 29 23 17 11 10 6
1633928775.812 47 30 25 17 11 9 5
1633928776.058 45 28 26 16 12 9 6
1633928776.324 46 31 23 17 12 12 7
1633928776.558 46 30 24 18 12 11 7
1633928776.810 50 29 23 18 12 10 6
1633928777.062 46 29 27 15 10 10 5
1633928777.308 45 31 24 16 12 12 4
1633928777.561 47 29 24 17 12 11 5
1633928777.807 46 32 25 17 12 12 8
1633928778.058 46 30 23 17 12 11 6
1633928778.310 48 30 24 17 10 11 6
1633928778.559 45 29 24 17 12 10 6
1633928778.812 46 30 22 16 12 10 5
1633928779.059 46 29 23 17 13 11 5
1633928779.312 48 29 22 15 10 10 7
1633928779.561 47 29 24 18 12 12 5
1633928779.810 46 30 23 16 11 11 6
1633928780.060 48 28 23 16 12 11 5
1633928780.309 46 30 24 16 11 11 5
1633928780.563 49 30 24 17 11 10 6
1633928780.808 47 31 23 16 14 10 9
1633928781.058 47 30 22 17 12 12 5
1633928781.310 46 30 26 18 12 10 5
1633928781.561 47 32 23 16 13 9 5
1633928781.810 45 32 24 17 13 11 5
1633928782.059 47 31 22 16 13 9 4
1633928782.313 47 31 22 17 11 9 5
1633928782.561 46 29 25 16 12 11 6
1633928782.809 46 30 25 16 11 10 5
1633928783.058 45 31 23 16 12 11 4
1633928783.310 45 31 25 18 12 10 5
1633928783.559 47 29 23 17 12 9 9
1633928783.811 45 30 25 16 12 11 7
1633928784.063 45 28 24 17 12 13 5
1633928784.308 48 30 26 17 13 12 6
1633928784.558 44 30 24 16 11 13 6
1633928784.810 45 30 22 16 14 12 5
1633928785.061 46 29 26 16 10 11 5
1633928785.309 46 30 23 16 12 13 5
1633928785.559 49 30 24 15 11 12 4
1633928785.811 45 31 23 16 11 12 7
1633928786.060 47 31 24 15 11 9 7
1633928786.310 45 31 24 17 12 13 7
1633928786.560 47 29 25 15 11 9 6
1633928786.809 46 29 25 16 11 9 7
1633928787.059 45 30 23 17 11 10 6
1633928787.309 47 30 22 17 13 11 7
1633928787.559 48 30 22 17 13 12 6
1633928787.811 48 29 24 15 12 12 4
1633928788.059 45 29 25 16 12 11 5
1633928788.308 44 32 23 18 14 12 7
1633928788.568 44 30 24 17 14 12 6
1633928788.811 47 30 24 17 9 12 6
1633928789.059 46 30 24 16 13 12 6
1633928789.308 45 30 24 16 13 9 4
1633928789.562 46 29 24 14 12 12 6
1633928789.814 48 30 24 17 11 14 4
1633928790.060 46 30 25 16 13 13 6
1633928790.309 43 29 23 19 12 9 7
1633928790.558 46 29 24 15 13 10 4
1633928790.812 47 29 23 16 12 10 6
1633928791.062 45 31 23 15 12 13 4
1633928791.309 47 31 25 15 12 11 6
1633928791.563 45 28 24 19 14 12 5
1633928791.809 45 29 23 17 13 11 5
1633928792.060 48 30 23 15 11 13 5
1633928792.312 46 30 23 17 12 10 7
1633928792.566 46 31 23 17 12 9 5
1633928792.809 47 32 23 15 13 11 6
1633928793.060 47 29 25 16 11 11 7
1633928793.309 47 32 24 16 13 13 4
1633928793.563 45 28 23 18 11 10 6
1633928793.809 45 31 24 16 11 12 6
1633928794.059 47 28 24 16 11 11 6
1633928794.310 46 32 24 16 13 11 5
1633928794.559 48 29 25 17 12 11 7
1633928794.811 46 28 24 15 12 9 6
1633928795.062 47 28 26 16 10 10 6
1633928795.309 45 31 24 17 11 11 7
1633928795.559 47 30 24 18 11 9 7
1633928795.816 46 31 24 16 13 12 7
1633928796.059 45 29 25 17 12 9 7
1633928796.314 50 30 24 16 13 10 5
1633928796.558 47 29 23 17 12 9 5
1633928796.809 47 29 26 16 11 10 7
1633928797.060 46 29 24 15 12 11 6
1633928797.309 45 30 25 17 10 11 4
1633928797.563 45 28 22 17 11 10 5
1633928797.808 45 29 23 17 11 11 5
1633928798.060 46 30 24 17 13 11 4
1633928798.311 46 32 25 16 13 10 7
1633928798.559 48 30 27 17 11 11 7
1633928798.815 48 28 24 15 12 11 7
1633928799.060 48 28 23 20 12 10 5
1633928799.309 46 29 25 15 14 9 6
1633928799.572 47 29 25 17 12 11 5
1633928799.810 48 30 24 16 12 10 6
1633928800.072 46 32 24 15 10 10 10
1633928800.309 46 31 24 18 12 12 5
1633928800.563 48 29 23 18 11 10 6
1633928800.810 45 30 25 15 11 11 5
1633928801.062 46 28 25 16 13 13 6
1633928801.309 47 29 23 16 11 9 8
1633928801.561 49 30 25 18 12 11 7
1633928801.823 44 29 25 17 11 10 5
1633928802.060 47 31 24 16 11 10 4
1633928802.320 45 31 23 19 10 10 6
1633928802.566 43 29 24 16 14 10 6
1633928802.811 46 30 23 16 12 12 5
1633928803.059 47 30 24 16 12 10 6
1633928803.310 46 29 24 20 11 8 6
1633928803.565 46 30 23 16 12 10 6
1633928803.809 47 30 26 15 12 12 5
1633928804.064 44 30 24 17 13 10 7
1633928804.309 47 30 25 16 12 12 6
1633928804.565 48 30 24 16 13 11 5
1633928804.812 45 29 24 16 12 11 6
1633928805.061 48 32 24 15 13 12 6
1633928805.315 50 29 24 17 14 9 8
1633928805.562 47 28 24 15 13 11 6
1633928805.811 46 31 25 17 13 10 6
1633928806.072 45 31 23 15 10 12 7
1633928806.310 47 30 26 18 11 10 7
1633928806.567 46 30 26 17 13 11 5
1633928806.810 47 28 23 17 13 12 6
1633928807.068 48 29 24 16 13 11 4
1633928807.315 46 30 22 21 11 10 5
1633928807.562 46 29 25 18 14 13 5
1633928807.816 47 30 22 16 12 16 7
1633928808.061 46 30 26 16 12 10 6
1633928808.316 48 30 23 17 13 10 5
1633928808.560 47 29 23 17 13 12 6
1633928808.813 47 28 22 17 11 11 5
1633928809.061 45 29 24 17 12 14 6
1633928809.311 45 29 23 15 12 13 4
1633928809.561 46 30 25 16 13 13 6
1633928809.809 45 32 23 17 12 13 6
1633928810.061 46 31 25 17 11 11 5
1633928810.318 46 30 24 15 12 10 6
1633928810.559 46 30 26 18 13 11 9
1633928810.813 46 30 22 21 14 12 7
1633928811.059 47 32 25 17 11 10 5
1633928811.312 47 29 25 18 12 12 5
1633928811.561 48 28 25 16 12 11 4
1633928811.812 47 30 25 17 12 11 7
1633928812.063 47 28 24 17 12 10 5
1633928812.310 47 29 24 17 12 10 7
1633928812.564 46 29 22 17 13 11 4
1633928812.809 47 29 22 15 11 11 6
1633928813.060 47 30 22 16 13 9 5
1633928813.314 45 29 23 17 14 10 6
1633928813.561 48 32 25 18 13 10 8
1633928813.817 46 31 24 18 11 10 8
1633928814.060 46 29 23 17 12 9 5
1633928814.311 46 31 24 18 12 9 8
1633928814.566 46 28 24 15 12 13 6
1633928814.811 46 31 25 16 12 10 7
1633928815.063 47 30 25 17 14 12 6
1633928815.310 47 30 22 16 13 11 6
1633928815.560 46 30 23 17 13 12 6
1633928815.810 47 31 24 16 12 11 4
1633928816.061 46 31 27 14 14 12 6
1633928816.314 46 30 21 17 11 10 7
1633928816.563 47 28 24 15 12 10 4
1633928816.811 50 31 24 15 11 9 6
1633928817.066 46 28 22 15 12 9 7
1633928817.318 45 31 24 17 12 9 5
1633928817.561 46 31 26 17 16 10 6
1633928817.813 46 29 24 16 11 10 6
1633928818.063 47 28 23 18 14 10 6
1633928818.309 45 30 25 16 13 11 4
1633928818.562 47 28 23 16 12 10 5
1633928818.810 45 30 22 16 12 12 7
1633928819.061 48 30 24 16 13 13 7
1633928819.319 46 31 23 16 11 11 5
1633928819.562 46 28 25 15 13 11 4
1633928819.811 45 28 25 17 12 11 6
1633928820.060 46 30 23 16 11 12 6
1633928820.311 47 31 26 17 13 10 6
1633928820.562 48 29 24 17 12 11 6
1633928820.813 47 32 23 15 12 10 7
1633928821.061 45 30 24 17 12 12 6
1633928821.313 45 30 23 16 13 10 5
1633928821.560 49 29 26 18 11 11 5
1633928821.812 47 30 24 17 12 11 8
1633928822.067 46 31 23 17 12 11 7
1633928822.311 45 29 23 16 15 11 6
1633928822.561 47 29 24 16 14 8 4
1633928822.813 48 28 25 16 11 10 6
1633928823.060 44 29 22 15 11 11 7
1633928823.311 45 29 22 16 13 13 6
1633928823.560 48 28 25 17 12 10 6
1633928823.810 47 29 22 15 10 9 6
1633928824.061 47 28 24 14 13 11 6
1633928824.312 46 30 22 15 12 12 6
1633928824.561 47 31 23 15 11 10 5
1633928824.811 47 29 24 15 11 11 5
1633928825.061 44 31 24 16 11 10 4
1633928825.312 46 30 22 16 14 11 6
1633928825.561 47 29 24 16 13 10 6
1633928825.819 48 29 24 17 12 13 7
1633928826.063 45 29 26 16 13 10 5
1633928826.311 48 31 23 16 12 12 7
1633928826.564 46 30 24 16 12 13 5
1633928826.811 47 29 21 17 14 12 7
1633928827.065 46 32 24 19 13 12 5
1633928827.312 46 31 22 16 11 10 5
1633928827.562 45 28 25 16 12 11 8
1633928827.811 47 30 25 17 12 10 8
1633928828.061 45 30 24 18 11 10 4
1633928828.316 45 29 23 18 11 11 9
1633928828.562 46 30 25 16 11 9 5
1633928828.811 45 28 23 16 13 14 5
1633928829.061 45 31 25 15 10 11 5
1633928829.312 46 29 25 16 11 13 7
1633928829.562 45 28 23 17 12 10 8
1633928829.813 48 30 23 16 9 11 6
1633928830.060 46 29 22 16 12 10 8
1633928830.311 46 29 24 19 12 10 7
1633928830.567 46 30 24 16 10 10 6
1633928830.810 46 28 23 15 14 11 6
1633928831.064 45 30 24 16 14 12 6
1633928831.314 50 32 23 17 14 11 5
1633928831.561 48 28 23 16 12 10 7
1633928831.813 46 30 23 15 12 11 7
1633928832.064 45 30 23 17 13 10 4
1633928832.310 47 30 22 16 11 8 5
1633928832.564 46 29 23 15 12 11 7
1633928832.820 44 29 24 16 12 12 7
1633928833.062 46 30 24 16 11 11 7
1633928833.311 47 30 23 17 13 8 3
1633928833.562 46 31 22 15 11 9 6
1633928833.812 47 28 23 16 12 11 6
1633928834.066 50 30 22 15 11 13 7
1633928834.311 45 30 23 17 13 12 6
1633928834.562 46 29 24 15 10 11 6
1633928834.812 46 28 24 17 11 12 8
1633928835.061 47 29 24 16 10 11 6
1633928835.311 46 29 24 17 12 11 5
1633928835.561 47 30 23 16 12 11 8
1633928835.812 48 30 24 17 12 11 8
1633928836.069 49 31 24 19 14 10 6
1633928836.312 45 29 24 16 12 9 5
1633928836.568 48 29 24 17 14 10 8
1633928836.816 46 30 22 16 14 11 6
1633928837.062 48 29 23 16 11 9 5
1633928837.313 47 30 22 16 12 12 4
1633928837.562 49 28 24 15 11 13 6
1633928837.813 50 30 24 18 13 12 5
1633928838.061 46 29 23 15 14 12 7
1633928838.312 46 31 26 19 12 9 6
1633928838.564 47 33 24 16 11 11 6
1633928838.813 47 28 24 16 13 12 5
1633928839.075 47 30 24 17 11 11 8
1633928839.315 47 29 22 16 13 14 4
1633928839.565 47 29 26 16 11 10 5
1633928839.821 47 30 25 16 12 11 7
1633928840.061 46 33 25 16 12 11 6
1633928840.321 45 29 26 16 12 13 6
1633928840.563 45 30 23 15 10 12 8
1633928840.813 47 31 23 16 12 13 4
1633928841.064 44 30 23 17 11 14 8
1633928841.312 48 28 25 18 12 12 5
1633928841.561 46 29 22 17 15 13 6
1633928841.814 46 30 22 15 12 12 6
1633928842.061 47 31 25 17 14 11 6
1633928842.316 47 28 24 17 13 9 4
1633928842.562 47 28 24 18 11 10 5
1633928842.812 47 31 23 17 12 12 6
1633928843.065 45 32 24 16 13 10 7
1633928843.313 47 32 24 15 12 10 6
1633928843.567 49 30 23 17 12 12 5
1633928843.815 45 31 22 17 12 11 6
1633928844.064 46 31 24 15 11 13 5
1633928844.327 47 32 24 19 11 12 9
1633928844.562 47 30 25 16 12 12 5
1633928844.815 46 30 23 17 11 14 6
1633928845.065 48 30 25 20 12 12 3
1633928845.312 48 29 26 17 12 11 7
1633928845.563 45 29 23 18 12 9 5
1633928845.815 47 28 22 16 13 10 6
1633928846.062 47 30 23 17 13 10 7
1633928846.316 46 30 23 17 12 12 5
1633928846.565 45 29 22 18 11 10 6
1633928846.814 47 29 24 16 11 11 8
1633928847.063 46 29 23 17 11 12 6
1633928847.312 47 32 24 17 11 10 6
1633928847.562 45 30 21 16 10 13 5
1633928847.818 46 32 23 16 12 10 6
1633928848.065 46 29 23 16 12 13 6
1633928848.319 46 29 24 16 12 11 5
1633928848.562 44 29 25 15 11 11 5
1633928848.812 49 29 24 17 11 12 5
1633928849.064 46 30 25 16 11 10 6
1633928849.312 46 30 23 17 12 11 5
1633928849.567 45 30 22 16 11 11 5
1633928849.819 46 31 22 17 12 12 6
1633928850.062 47 31 23 16 10 11 6
1633928850.319 49 29 26 17 12 10 8
1633928850.562 47 31 25 17 13 13 7
1633928850.812 46 30 25 16 13 10 4
1633928851.063 47 29 23 16 12 11 8
1633928851.314 46 27 24 18 11 12 5
1633928851.579 48 30 23 15 11 9 7
1633928851.813 49 29 23 18 13 13 6
1633928852.062 50 30 23 15 13 12 7
1633928852.312 45 30 24 16 11 10 7
1633928852.563 45 31 24 17 13 9 5
1633928852.811 48 29 23 15 11 12 5
1633928853.065 46 31 24 17 11 12 4
1633928853.313 44 31 23 17 14 11 5
1633928853.564 45 31 26 17 11 12 6
1633928853.813 45 29 23 16 12 9 7
1633928854.064 46 30 24 16 10 11 6
1633928854.314 46 29 24 17 9 10 4
1633928854.568 46 30 24 16 14 11 5
1633928854.812 47 29 25 18 12 10 6
1633928855.062 48 31 25 16 13 13 7
1633928855.316 47 28 23 17 11 11 6
1633928855.563 51 29 22 15 11 11 6
1633928855.813 47 28 23 16 12 11 8
1633928856.064 48 29 23 18 13 13 5
1633928856.312 47 31 24 18 13 10 5
1633928856.564 48 31 23 15 12 12 5
1633928856.813 47 30 24 15 13 9 6
1633928857.064 46 32 24 16 13 10 7
1633928857.314 47 29 25 16 11 14 4
1633928857.562 50 30 25 16 11 11 6
1633928857.813 46 30 25 17 12 12 6
1633928858.062 46 30 25 17 10 10 5
1633928858.313 47 30 24 17 12 11 6
1633928858.565 47 28 24 16 12 10 6
1633928858.816 45 29 23 15 11 10 6
1633928859.062 47 29 24 17 13 11 6
1633928859.312 45 28 25 18 11 11 6
1633928859.562 47 31 24 16 11 14 6
1633928859.818 45 30 23 17 10 9 7
1633928860.063 48 31 24 17 10 10 5
1633928860.313 47 32 24 16 11 11 5
1633928860.563 48 30 24 15 14 10 6
1633928860.813 44 31 23 15 11 10 7
1633928861.064 46 32 25 15 12 11 6
1633928861.313 44 30 23 18 11 9 6
1633928861.563 46 29 24 16 12 9 7
1633928861.813 46 30 22 17 11 10 4
1633928862.063 47 30 22 17 12 9 5
1633928862.313 46 30 24 16 14 10 5
1633928862.567 46 31 22 16 15 9 5
1633928862.813 47 33 23 17 12 11 6
1633928863.063 46 32 24 15 11 13 7
1633928863.314 48 29 24 16 11 11 5
1633928863.568 46 31 23 15 11 11 10
1633928863.814 46 30 22 15 11 11 5
1633928864.062 46 31 22 16 9 11 5
1633928864.315 45 30 25 17 11 14 7
1633928864.566 48 30 24 16 12 10 5
1633928864.818 45 31 23 18 12 12 5
1633928865.063 46 30 25 16 13 15 7
1633928865.314 46 29 23 16 12 10 6
1633928865.563 47 28 25 16 12 9 5
1633928865.813 45 30 24 16 10 10 4
1633928866.062 46 29 23 18 12 11 5
1633928866.313 48 31 23 16 12 13 4
1633928866.564 47 31 26 16 16 12 4
1633928866.817 46 30 23 16 12 13 7
1633928867.065 46 29 25 16 11 11 4
1633928867.320 47 28 24 19 12 12 6
1633928867.562 44 30 25 18 11 11 6
1633928867.815 46 31 25 17 12 11 7
1633928868.070 46 31 24 17 11 11 7
1633928868.314 46 30 23 16 12 10 6
1633928868.568 44 33 24 16 11 9 6
1633928868.814 47 30 25 16 10 9 6
1633928869.062 47 30 24 18 11 10 5
1633928869.317 46 30 24 16 10 11 7
1633928869.564 49 29 23 17 11 12 5
1633928869.813 45 30 24 16 15 9 5
1633928870.065 48 30 25 16 10 11 6
1633928870.314 49 32 23 17 13 11 4
1633928870.565 47 30 23 19 11 13 8
1633928870.820 47 31 25 16 12 12 6
1633928871.064 46 31 23 16 13 11 5
1633928871.315 48 31 24 17 13 10 4
1633928871.564 47 30 23 16 13 13 7
1633928871.814 47 28 26 18 13 11 6
1633928872.064 48 31 22 15 12 11 6
1633928872.313 46 30 23 15 11 9 5
1633928872.564 47 30 23 17 11 12 5
1633928872.819 46 30 25 17 10 11 6
1633928873.064 46 31 25 17 12 11 6
1633928873.334 46 28 23 16 10 10 4
1633928873.566 47 31 25 15 12 12 6
1633928873.820 45 30 26 16 11 12 6
1633928874.066 46 29 25 15 11 15 5
1633928874.315 46 28 24 18 11 9 6
1633928874.569 46 29 24 16 10 11 8
1633928874.815 45 31 24 18 12 10 5
1633928875.065 44 30 24 17 10 8 4
1633928875.313 47 31 26 18 12 12 8
1633928875.567 46 29 23 17 11 11 6
1633928875.815 47 33 26 16 12 11 6
1633928876.065 48 29 22 17 11 11 7
1633928876.313 48 32 25 17 14 11 7
1633928876.570 47 29 24 16 12 12 7
1633928876.814 47 28 24 17 10 11 8
1633928877.080 46 30 24 16 10 9 6
1633928877.316 47 29 26 19 12 11 6
1633928877.565 47 28 23 17 13 10 8
1633928877.815 46 30 24 18 15 11 7
1633928878.069 46 29 23 17 13 10 5
1633928878.334 43 30 23 16 11 10 7
1633928878.568 43 30 23 18 11 10 7
1633928878.815 46 30 23 16 12 11 6
1633928879.067 47 33 23 16 11 9 6
1633928879.314 48 30 23 16 12 14 5
1633928879.567 47 28 25 16 12 13 7
1633928879.817 48 30 26 18 11 9 4
1633928880.064 45 30 24 17 12 11 6
1633928880.315 47 31 26 16 12 10 10
1633928880.570 45 30 24 16 10 10 6
1633928880.816 47 29 24 16 13 10 6
1633928881.067 47 28 22 19 10 10 6
1633928881.314 46 32 24 18 13 9 7
1633928881.564 46 30 26 17 12 10 6
1633928881.817 45 31 26 17 14 9 7
1633928882.064 48 30 22 17 13 10 4
1633928882.317 47 31 25 16 14 9 7
1633928882.565 46 31 24 16 10 11 6
1633928882.814 44 35 25 18 12 10 5
1633928883.067 49 31 24 20 12 11 5
1633928883.315 45 32 24 16 10 10 6
1633928883.566 48 31 22 15 12 10 7
1633928883.814 46 31 23 19 12 12 7
1633928884.068 46 30 24 17 12 7 7
1633928884.315 48 30 25 16 12 12 5
1633928884.571 46 30 25 16 12 9 4
1633928884.815 50 30 24 19 11 11 8
1633928885.064 49 29 24 16 11 11 6
1633928885.317 48 32 24 16 12 10 7
1633928885.566 45 31 26 18 13 10 7
1633928885.817 48 29 22 16 12 11 4
1633928886.066 44 32 25 18 11 8 5
1633928886.314 47 29 26 17 11 8 4
1633928886.564 46 30 24 17 11 13 4
1633928886.814 47 33 23 16 13 9 5
1633928887.066 46 30 26 17 14 9 6
1633928887.316 48 31 23 17 13 10 6
1633928887.567 48 30 23 17 12 10 6
1633928887.813 48 29 25 16 11 12 7
1633928888.068 45 29 24 16 12 11 7
1633928888.318 49 30 23 18 11 10 5
1633928888.563 48 30 24 16 12 10 5
1633928888.815 46 29 22 17 14 8 6
1633928889.064 47 30 23 18 12 13 7
1633928889.317 47 29 25 16 13 10 6
1633928889.565 47 32 22 17 15 11 6
1633928889.818 46 30 23 16 11 9 7
1633928890.066 47 30 24 16 14 11 7
1633928890.315 45 29 23 17 12 11 6
1633928890.566 46 30 23 17 12 9 6
1633928890.817 47 31 23 18 11 11 8
1633928891.065 48 29 25 18 12 11 6
1633928891.315 46 30 21 16 14 11 8
1633928891.564 46 30 23 16 11 10 5
1633928891.820 48 29 24 20 11 11 5
1633928892.067 49 30 24 16 15 9 5
1633928892.314 49 31 26 17 13 11 6
1633928892.564 45 30 23 16 12 10 7
1633928892.816 46 29 23 17 11 11 7
1633928893.067 47 29 24 17 12 10 6
1633928893.315 48 30 22 16 11 10 6
1633928893.573 46 28 23 16 11 10 7
1633928893.818 48 30 24 15 11 11 7
1633928894.065 46 28 23 17 11 10 5
1633928894.316 46 30 23 16 11 10 6
1633928894.566 47 30 22 18 11 9 6
1633928894.815 44 28 25 17 12 9 6
1633928895.071 47 29 23 18 11 11 8
1633928895.315 46 30 23 16 11 12 6
1633928895.573 44 32 22 16 11 9 4
1633928895.815 45 28 24 16 13 9 5
1633928896.065 46 30 23 16 13 9 7
1633928896.315 47 30 22 16 12 10 6
1633928896.575 44 29 24 15 11 10 5
1633928896.817 46 30 23 17 11 12 5
1633928897.072 46 32 24 15 12 9 5
1633928897.316 46 30 24 16 13 12 5
1633928897.568 46 31 23 17 14 10 7
1633928897.822 46 29 25 19 12 9 6
1633928898.064 46 30 24 17 13 9 6
1633928898.315 47 30 22 17 12 11 6
1633928898.569 46 30 26 16 12 11 7
1633928898.816 46 28 22 16 12 11 7
1633928899.068 46 28 25 19 15 13 6
1633928899.316 45 29 24 16 12 10 6
1633928899.569 46 30 24 16 13 11 6
1633928899.819 46 28 27 17 11 11 6
1633928900.068 46 29 23 17 11 11 6
1633928900.322 48 31 23 17 12 10 4
1633928900.567 46 29 24 16 12 11 3
1633928900.816 46 31 25 19 13 9 5
1633928901.069 46 28 22 15 11 10 5
1633928901.317 46 29 22 15 13 10 4
1633928901.566 45 28 25 16 11 9 7
1633928901.816 46 30 24 15 13 12 8
1633928902.065 46 28 23 15 12 11 7
1633928902.317 48 29 23 17 11 13 5
1633928902.571 44 30 23 16 11 13 6
1633928902.815 46 31 24 16 11 10 5
1633928903.067 46 29 22 17 14 10 5
1633928903.319 45 31 23 18 11 10 6
1633928903.564 46 27 23 17 11 10 7
1633928903.816 47 31 24 16 12 10 5
1633928904.065 46 28 23 17 12 9 5
1633928904.314 45 31 23 18 13 13 7
1633928904.566 48 27 23 17 10 10 10
1633928904.821 48 29 22 18 13 11 4
1633928905.066 46 31 22 15 13 12 5
1633928905.316 46 28 25 16 14 9 7
1633928905.570 45 29 24 16 13 10 6
1633928905.816 47 27 23 16 10 12 7
1633928906.065 45 29 23 17 11 11 8
1633928906.320 47 30 23 17 14 10 7
1633928906.567 45 28 24 15 11 11 5
1633928906.817 47 30 25 16 13 14 5
1633928907.068 46 30 22 16 13 11 5
1633928907.320 46 28 24 18 11 10 7
1633928907.575 45 29 23 16 11 10 5
1633928907.816 46 30 23 17 12 10 5
1633928908.066 46 30 25 17 11 11 6
1633928908.317 47 30 26 18 11 12 7
1633928908.567 45 31 24 15 12 13 6
1633928908.817 46 29 25 15 12 12 6
1633928909.074 49 29 23 19 12 12 9
1633928909.317 46 29 26 19 11 11 5
1633928909.574 43 28 23 16 12 12 5
1633928909.820 47 30 24 15 11 10 7
1633928910.069 46 30 23 16 12 10 5
1633928910.318 46 29 23 17 11 10 4
1633928910.567 48 31 22 16 10 10 5
1633928910.829 49 30 22 16 11 11 5
1633928911.065 46 31 25 17 11 10 7
1633928911.334 47 29 24 16 11 9 8
1633928911.570 47 31 25 16 13 9 4
1633928911.815 46 31 24 18 11 9 5
1633928912.066 49 30 23 15 13 10 5
1633928912.320 46 31 22 17 11 10 7
1633928912.565 47 28 23 18 11 12 6
1633928912.822 47 29 25 17 11 11 7
1633928913.066 47 30 24 15 11 10 5
1633928913.333 46 28 26 17 12 11 5
1633928913.566 47 31 25 17 11 9 6
1633928913.816 47 30 26 17 12 9 7
1633928914.065 45 28 25 16 12 10 6
1633928914.320 46 30 22 17 12 12 7
1633928914.566 47 29 24 17 11 11 5
1633928914.819 45 30 23 17 10 11 7
1633928915.073 47 29 26 18 9 14 7
1633928915.317 47 30 22 16 11 10 6
1633928915.566 48 29 23 18 11 9 8
1633928915.817 47 29 24 17 11 11 7
1633928916.066 46 28 24 17 12 13 6
1633928916.316 45 30 24 18 12 13 8
1633928916.567 45 28 23 16 10 11 8
1633928916.818 46 28 23 17 10 11 4
1633928917.071 47 31 25 16 10 12 5
1633928917.318 46 30 23 19 12 11 6
1633928917.567 49 31 23 18 11 11 9
1633928917.816 47 31 25 17 13 10 6
1633928918.073 49 29 23 17 12 11 6
1633928918.316 47 34 26 15 11 10 6
1633928918.573 47 30 23 17 12 9 6
1633928918.816 49 32 23 17 12 10 7
1633928919.066 47 31 23 18 12 9 7
1633928919.315 47 30 24 16 11 12 6
1633928919.569 46 29 22 16 12 11 6
1633928919.821 46 28 24 17 12 9 7
1633928920.067 45 31 23 18 11 10 6
1633928920.318 47 32 24 16 11 10 5
1633928920.567 50 30 24 16 11 12 6
1633928920.817 47 29 25 17 13 10 5
1633928921.066 47 29 23 16 13 10 5
1633928921.316 47 30 23 16 10 9 9
1633928921.567 45 30 26 16 12 10 8
1633928921.818 48 30 23 18 12 10 6
1633928922.066 48 29 24 18 11 10 6
1633928922.315 46 30 26 16 12 10 7
1633928922.567 49 29 24 16 11 9 6
1633928922.816 45 32 25 16 10 11 4
1633928923.071 47 28 24 17 12 9 6
1633928923.321 46 29 24 18 14 8 7
1633928923.567 46 29 25 14 12 10 5
1633928923.820 46 28 24 18 10 13 5
1633928924.066 46 29 24 18 11 9 8
1633928924.317 46 29 24 18 11 10 6
1633928924.568 45 31 25 17 13 11 6
1633928924.817 48 31 25 17 11 9 6
1633928925.066 46 30 24 18 11 13 7
1633928925.318 48 30 25 16 11 10 5
1633928925.566 48 30 23 16 12 10 7
1633928925.819 46 31 24 16 12 10 6
1633928926.066 45 30 23 19 12 11 7
1633928926.319 48 29 23 17 13 10 6
1633928926.568 46 30 23 17 14 11 7
1633928926.818 46 29 22 17 10 14 7
1633928927.067 47 29 24 16 12 13 6
1633928927.318 46 32 23 16 11 10 5
1633928927.567 45 29 22 16 12 10 6
1633928927.819 46 32 23 17 11 10 8
1633928928.067 46 29 23 18 12 13 7
1633928928.321 44 29 25 18 11 11 8
1633928928.569 49 32 23 17 12 12 6
1633928928.818 46 32 22 14 13 12 6
1633928929.066 46 29 24 18 12 10 5
1633928929.318 45 31 25 17 11 12 8
1633928929.567 47 30 23 18 13 12 6
1633928929.817 47 29 23 16 12 11 6
1633928930.066 46 27 23 18 12 12 9
1633928930.318 50 31 24 16 10 11 9
1633928930.566 46 30 24 16 12 11 4
1633928930.816 46 29 24 15 12 13 7
1633928931.067 47 30 24 15 12 11 5
1633928931.321 47 30 24 20 11 13 7
1633928931.567 46 30 25 16 11 15 9
1633928931.816 46 30 24 17 12 13 5
1633928932.068 45 29 24 15 11 14 7
1633928932.317 43 29 21 17 16 13 7
1633928932.570 45 30 25 17 11 10 7
1633928932.818 45 30 24 16 12 12 7
1633928933.068 46 31 24 16 11 11 7
1633928933.319 48 29 25 16 11 11 7
1633928933.567 50 29 25 15 13 10 5
1633928933.819 46 29 23 16 10 9 5
1633928934.068 47 30 24 16 12 10 10
1633928934.318 44 30 26 17 12 13 5
1633928934.568 46 32 23 17 13 11 7
1633928934.821 47 30 23 16 12 10 8
1633928935.068 47 31 24 17 12 10 7
1633928935.318 46 29 22 15 10 12 6
1633928935.566 46 30 23 16 13 12 6
1633928935.817 46 29 24 17 13 11 3
1633928936.069 49 29 23 15 14 10 7
1633928936.316 48 30 24 18 12 11 6
1633928936.568 47 31 23 16 13 13 4
1633928936.818 47 28 24 17 11 11 5
1633928937.067 45 32 24 18 14 10 5
1633928937.317 47 29 23 19 11 11 6
1633928937.578 48 30 25 16 12 12 8
1633928937.818 45 30 23 16 14 10 8
1633928938.068 46 30 25 19 11 9 6
1633928938.317 45 29 23 16 11 10 8
1633928938.568 46 31 22 18 13 11 5
1633928938.818 46 29 24 17 13 12 6
1633928939.070 46 28 25 15 12 10 5
1633928939.318 46 31 23 17 12 10 6
1633928939.569 47 30 24 16 11 10 5
1633928939.817 46 31 25 19 13 10 6
1633928940.066 48 30 23 18 13 9 6
1633928940.316 48 28 25 16 12 12 7
1633928940.569 45 32 23 17 11 10 7
1633928940.818 48 30 24 17 13 10 5
1633928941.068 46 30 22 17 10 13 5
1633928941.318 45 29 23 17 12 12 7
1633928941.567 47 30 25 17 12 10 4
1633928941.818 45 30 24 17 11 12 4
1633928942.067 45 32 24 16 11 10 6
1633928942.320 47 32 24 16 13 14 7
1633928942.570 45 30 24 18 13 10 5
1633928942.817 46 29 25 16 12 12 7
1633928943.069 47 31 25 16 12 11 7
1633928943.319 46 30 24 17 12 11 7
1633928943.567 45 30 24 17 13 9 7
1633928943.817 45 29 25 17 14 12 5
1633928944.069 45 32 23 17 12 9 6
1633928944.317 47 31 24 16 13 10 8
1633928944.566 46 29 24 17 12 13 7
1633928944.818 46 29 22 18 12 11 7
1633928945.069 48 31 24 17 12 12 5
1633928945.317 48 32 28 18 12 9 8
1633928945.566 46 34 23 16 13 10 7
1633928945.817 45 31 22 18 11 10 5
1633928946.066 46 29 24 18 11 11 5
1633928946.320 45 31 26 16 13 13 6
1633928946.566 47 29 24 17 13 12 6
1633928946.817 46 29 25 16 12 12 8
1633928947.068 45 32 22 18 12 10 5
1633928947.317 44 32 23 18 13 11 5
1633928947.569 45 31 23 16 12 12 5
1633928947.818 47 31 23 16 12 14 5
1633928948.067 45 30 25 16 12 11 6
1633928948.316 47 31 24 18 12 11 6
1633928948.577 47 30 23 16 13 13 4
1633928948.818 45 30 24 15 15 12 6
1633928949.068 46 29 26 18 13 12 5
1633928949.319 49 31 25 16 12 12 5
1633928949.568 44 31 25 18 13 10 6
1633928949.818 47 29 26 18 14 12 6
1633928950.067 47 30 25 18 12 12 9
1633928950.318 45 29 24 17 14 12 4
1633928950.568 46 31 23 17 11 11 5
1633928950.818 46 29 24 16 14 10 5
1633928951.069 47 30 23 15 12 12 5
1633928951.319 47 28 24 18 12 11 4
1633928951.568 47 30 23 17 11 12 6
1633928951.819 47 30 25 17 14 10 5
1633928952.070 46 32 24 17 13 14 6
1633928952.317 44 31 25 17 13 10 6
1633928952.572 47 29 23 16 13 13 7
1633928952.827 46 30 23 17 13 10 7
1633928953.068 46 33 24 19 12 11 5
1633928953.321 44 30 24 16 11 10 7
1633928953.568 46 30 25 17 10 10 9
1633928953.818 46 29 22 17 11 9 6
1633928954.070 46 31 24 18 13 8 8
1633928954.319 47 31 22 16 13 13 6
1633928954.569 45 31 24 18 14 10 5
1633928954.825 49 31 24 16 13 11 6
1633928955.067 48 31 26 15 12 12 9
1633928955.321 46 31 22 16 14 14 4
1633928955.573 47 30 23 16 13 11 7
1633928955.819 46 29 25 19 13 10 7
1633928956.068 47 29 24 16 13 11 5
1633928956.319 48 31 24 16 11 10 8
1633928956.571 48 31 23 14 13 12 6
1633928956.819 48 29 24 18 12 11 5
1633928957.068 46 30 22 16 13 10 7
1633928957.322 48 29 25 17 10 11 5
1633928957.573 48 30 23 16 12 11 4
1633928957.818 46 32 25 16 13 9 4
1633928958.068 47 32 25 16 14 10 4
1633928958.322 45 32 25 17 11 11 4
1633928958.568 46 30 25 18 11 11 6
1633928958.826 47 30 24 19 14 10 7
1633928959.069 45 31 25 17 14 12 9
1633928959.319 46 30 22 17 10 11 6
1633928959.575 47 29 23 16 13 11 5
1633928959.817 47 29 24 19 12 8 5
1633928960.067 46 30 23 16 11 12 5
1633928960.322 45 31 27 17 12 10 8
1633928960.568 46 31 24 16 13 11 6
1633928960.817 48 33 25 19 12 10 6
1633928961.068 46 30 24 16 11 12 5
1633928961.318 46 32 24 18 14 11 5
1633928961.576 46 32 24 17 11 11 5
1633928961.819 46 30 25 15 11 11 6
1633928962.068 46 28 23 18 11 9 6
1633928962.321 45 28 25 16 12 11 4
1633928962.573 46 31 25 18 11 12 4
1633928962.824 48 32 21 17 13 12 6
1633928963.070 47 31 24 17 12 12 4
1633928963.326 48 28 23 16 11 9 9
1633928963.569 45 27 23 18 13 9 7
1633928963.823 47 31 23 16 13 11 5
1633928964.070 47 30 25 15 13 10 7
1633928964.322 46 33 25 16 11 11 6
1633928964.571 45 30 24 17 12 9 5
1633928964.821 47 29 21 17 10 11 8
1633928965.071 45 31 24 16 11 11 6
1633928965.321 47 31 26 20 12 9 6
1633928965.570 48 31 25 17 12 10 5
1633928965.821 46 30 24 17 10 10 6
1633928966.071 46 30 24 17 12 10 6
1633928966.320 45 29 25 17 11 13 4
1633928966.570 45 30 26 16 11 10 5
1633928966.820 46 31 24 18 13 12 6
1633928967.079 46 31 24 15 14 11 6
1633928967.321 47 31 23 16 13 10 9
1633928967.569 44 29 24 15 10 11 5
1633928967.820 47 31 23 17 13 10 5
1633928968.069 48 31 23 18 12 12 7
1633928968.321 47 30 24 18 12 11 6
1633928968.570 48 28 22 18 11 12 6
1633928968.820 45 31 24 16 11 11 7
1633928969.069 45 30 24 19 12 11 5
1633928969.319 44 30 23 18 12 11 6
1633928969.569 47 29 24 16 12 12 5
1633928969.819 46 30 23 16 12 12 6
1633928970.073 47 30 24 15 12 12 6
1633928970.333 46 30 24 17 11 12 4
1633928970.570 49 32 24 17 12 9 5
1633928970.818 48 32 24 17 13 12 6
1633928971.070 46 32 23 19 13 12 6
1633928971.319 46 31 24 16 13 9 7
1633928971.569 46 31 23 17 14 12 5
1633928971.819 47 32 23 16 11 12 6
1633928972.069 47 29 24 17 13 13 6
1633928972.322 45 30 24 17 11 12 7
1633928972.570 49 30 25 19 12 12 4
1633928972.819 46 31 22 17 12 10 9
1633928973.068 46 30 24 16 13 12 8
1633928973.320 46 29 24 17 11 12 5
1633928973.569 46 30 24 18 13 9 7
1633928973.819 47 32 25 16 11 10 6
1633928974.070 45 31 23 19 11 11 6
1633928974.318 46 30 24 15 12 12 7
1633928974.570 46 32 24 16 13 11 6
1633928974.824 46 31 24 16 12 12 6
1633928975.069 46 30 23 15 11 11 8
1633928975.321 48 30 25 18 13 11 6
1633928975.568 46 30 24 15 13 11 6
1633928975.820 48 31 24 17 12 11 6
1633928976.069 46 30 24 17 11 10 6
1633928976.319 46 30 25 18 12 11 7
1633928976.572 46 29 25 18 13 12 7
1633928976.819 46 29 23 16 13 12 5
1633928977.069 46 32 21 17 13 10 5
1633928977.320 46 32 24 18 14 12 8
1633928977.571 45 30 25 16 12 13 6
1633928977.823 48 31 23 17 10 9 7
1633928978.073 47 30 24 18 12 9 6
1633928978.319 44 30 24 17 12 12 6
1633928978.572 45 29 22 17 10 9 5
1633928978.819 46 30 25 17 12 11 7
1633928979.070 46 32 25 15 12 12 6
1633928979.323 47 32 24 18 12 9 7
1633928979.568 47 30 23 19 12 11 8
1633928979.818 47 30 24 16 12 10 5
1633928980.072 45 31 26 15 12 11 5
1633928980.322 50 31 22 16 9 10 7
1633928980.569 48 30 24 16 11 11 9
1633928980.819 46 31 23 18 11 11 8
1633928981.069 45 29 24 16 12 10 8
1633928981.320 50 30 21 19 12 11 5
1633928981.569 45 32 21 18 10 11 5
1633928981.819 45 29 23 16 14 11 7
1633928982.069 45 31 23 16 10 9 7
1633928982.320 46 30 24 16 11 10 6
1633928982.574 47 28 24 16 14 11 7
1633928982.819 44 28 23 17 12 11 5
1633928983.069 47 30 22 17 12 10 6
1633928983.326 47 28 21 17 12 10 5
1633928983.570 45 28 23 16 12 12 6
1633928983.820 47 32 24 16 11 9 8
1633928984.071 46 29 22 16 12 11 7
1633928984.320 47 29 26 20 14 10 7
1633928984.571 46 29 25 18 14 8 6
1633928984.819 46 33 22 18 13 9 6
1633928985.071 48 29 25 18 11 9 7
1633928985.321 45 30 25 16 13 12 5
1633928985.571 49 30 24 18 10 10 6
1633928985.821 45 30 26 17 12 11 9
1633928986.072 49 31 23 17 12 12 6
1633928986.323 45 30 24 17 12 11 7
1633928986.571 48 30 22 18 13 8 9
1633928986.822 43 30 25 16 12 10 7
1633928987.072 46 30 25 18 14 12 5
1633928987.321 48 30 24 18 12 14 8
1633928987.570 47 31 23 18 10 10 6
1633928987.821 46 30 22 16 11 11 6
1633928988.071 45 31 24 16 13 10 8
1633928988.321 44 31 23 19 11 10 8
1633928988.571 47 31 24 16 11 10 6
1633928988.821 45 32 24 17 11 9 5
1633928989.071 47 31 24 16 12 14 7
1633928989.322 47 31 23 17 12 9 5
1633928989.572 47 30 23 18 12 11 6
1633928989.821 44 29 24 17 12 11 5
1633928990.071 48 28 23 16 12 13 6
1633928990.322 46 29 25 16 10 9 6
1633928990.571 47 30 24 17 10 9 6
1633928990.821 46 32 23 15 13 13 7
1633928991.071 44 31 23 16 12 11 5
1633928991.321 47 33 25 18 11 11 8
1633928991.571 45 31 23 17 12 10 8
1633928991.822 47 30 25 18 12 9 6
1633928992.072 47 31 24 17 10 11 5
1633928992.322 46 29 25 16 12 10 6
1633928992.571 46 33 24 17 14 12 9
1633928992.822 48 30 24 17 11 10 7
1633928993.071 47 30 23 17 11 10 8
1633928993.322 45 29 23 16 11 10 6
1633928993.571 47 32 22 19 10 11 6
1633928993.821 46 29 25 17 10 10 7
1633928994.072 46 30 24 15 9 10 7
1633928994.322 46 32 22 17 13 10 5
1633928994.573 47 30 25 19 11 9 7
1633928994.822 47 29 24 16 11 10 5
1633928995.072 45 30 24 17 14 14 6
1633928995.322 44 29 21 18 11 12 7
1633928995.571 47 30 21 16 11 10 9
1633928995.822 46 29 24 19 12 13 7
1633928996.071 47 33 25 16 12 13 7
1633928996.324 47 30 24 17 11 12 7
1633928996.570 47 32 24 16 11 12 7
1633928996.821 46 30 24 16 11 11 6
1633928997.072 46 29 24 17 16 11 6
1633928997.322 47 30 22 18 11 9 6
1633928997.572 45 30 24 17 12 12 7
1633928997.823 46 30 25 17 10 10 5
1633928998.074 46 30 25 16 14 10 7
1633928998.321 46 31 25 19 11 11 5
1633928998.569 45 30 24 18 10 10 5
1633928998.820 46 28 24 18 12 10 5
1633928999.071 46 31 26 16 11 8 6
1633928999.322 47 30 26 19 14 10 7
1633928999.572 47 29 24 18 12 11 6
1633928999.822 44 29 23 16 12 12 6
1633929000.071 48 30 28 15 13 9 7
