1630835109.035 54 29 29 18 16 20 13
1630835109.285 56 28 27 19 16 21 13
1630835109.537 56 29 26 19 17 21 17
1630835109.785 53 29 27 18 17 18 13
1630835110.037 52 30 27 21 18 17 14
1630835110.288 54 32 25 19 19 18 14
1630835110.534 53 29 25 18 18 18 13
1630835110.785 54 29 28 19 17 19 12
1630835111.035 54 26 26 19 17 17 13
1630835111.284 55 23 29 18 17 20 16
1630835111.535 55 25 27 19 18 21 16
1630835111.785 52 26 28 18 18 18 14
1630835112.037 55 26 28 18 18 20 13
1630835112.285 53 26 29 18 17 19 14
1630835112.537 53 22 28 16 19 21 13
1630835112.786 52 28 27 18 18 21 14
1630835113.035 54 26 27 18 15 19 15
1630835113.286 55 26 27 18 18 18 14
1630835113.535 52 26 25 19 20 18 13
1630835113.784 54 26 27 20 21 20 12
1630835114.035 52 28 27 20 17 20 12
1630835114.285 52 31 28 19 15 20 16
1630835114.534 54 27 26 19 17 20 15
1630835114.785 52 28 26 20 17 19 17
1630835115.035 52 26 26 21 16 17 14
1630835115.285 55 26 25 18 18 19 14
1630835115.535 54 27 28 19 17 20 14
1630835115.784 53 29 27 17 18 18 15
1630835116.035 53 26 27 16 17 19 17
1630835116.284 53 27 29 18 17 18 16
1630835116.535 53 26 28 21 17 19 16
1630835116.787 53 26 26 19 17 21 15
1630835117.035 56 28 27 18 18 18 11
1630835117.285 55 27 27 18 19 21 14
1630835117.535 53 29 25 18 16 21 15
1630835117.785 55 29 26 16 16 17 14
1630835118.035 53 28 27 19 19 19 14
1630835118.284 55 26 28 18 16 20 17
1630835118.534 54 29 26 22 19 21 15
1630835118.785 55 28 27 20 18 20 13
1630835119.034 54 27 27 20 19 18 16
1630835119.285 54 26 25 22 17 18 15
1630835119.534 54 25 26 18 19 18 14
1630835119.788 55 26 27 18 15 18 15
1630835120.043 53 24 28 19 19 18 14
1630835120.292 54 26 27 18 19 19 14
1630835120.537 52 26 28 20 15 19 14
1630835120.786 51 25 28 18 16 18 14
1630835121.037 55 27 28 19 17 18 16
1630835121.287 54 28 29 20 19 20 13
1630835121.539 53 27 26 19 16 18 15
1630835121.787 54 29 25 19 16 18 17
1630835122.044 51 26 28 20 17 17 14
1630835122.288 53 28 26 19 17 18 13
1630835122.537 52 27 26 18 18 19 15
1630835122.785 54 28 28 18 17 18 16
1630835123.035 55 26 27 18 16 18 12
1630835123.285 55 27 26 19 16 17 14
1630835123.536 53 24 28 19 16 18 15
1630835123.784 53 29 26 19 16 18 15
1630835124.035 54 26 28 21 17 18 15
1630835124.285 54 27 26 19 17 20 13
1630835124.536 55 25 26 19 19 19 16
1630835124.784 53 25 27 19 16 19 16
1630835125.038 55 28 28 20 18 21 14
1630835125.285 54 29 29 19 15 18 17
1630835125.534 55 25 28 20 16 19 15
1630835125.784 56 24 27 19 16 20 14
1630835126.035 51 25 28 18 17 18 13
1630835126.285 53 29 25 20 16 18 14
1630835126.536 55 30 27 18 17 17 16
1630835126.785 53 28 28 19 17 18 13
1630835127.036 53 30 27 19 18 18 15
1630835127.285 55 28 28 18 15 21 15
1630835127.534 53 28 28 17 16 18 15
1630835127.784 55 30 27 18 19 17 17
1630835128.035 55 28 27 19 16 21 14
1630835128.286 54 29 27 19 15 19 15
1630835128.536 53 30 27 19 18 21 14
1630835128.786 54 28 28 19 22 21 16
1630835129.037 53 27 27 20 18 21 14
1630835129.287 53 29 28 19 20 20 15
1630835129.535 55 29 28 22 18 19 15
1630835129.787 54 30 27 19 18 21 15
1630835130.038 54 29 26 20 17 17 15
1630835130.285 56 25 26 20 19 19 13
1630835130.536 53 26 25 18 16 19 12
1630835130.786 54 26 27 18 17 19 13
1630835131.038 56 25 27 18 16 22 12
1630835131.286 53 28 27 18 16 17 13
1630835131.537 58 28 26 17 17 18 15
1630835131.787 53 29 27 19 17 20 13
1630835132.035 55 27 26 18 19 20 13
1630835132.285 54 28 25 19 17 19 12
1630835132.536 54 28 28 18 16 19 13
1630835132.785 54 29 25 19 19 18 13
1630835133.038 54 26 28 17 17 17 16
1630835133.285 54 28 26 19 15 20 12
1630835133.535 55 29 27 20 19 19 14
1630835133.784 54 28 28 22 18 21 14
1630835134.035 53 29 26 18 16 20 15
1630835134.284 55 27 28 17 16 21 16
1630835134.535 53 28 28 17 17 19 16
1630835134.786 53 30 30 19 18 18 15
1630835135.035 53 27 27 20 16 20 16
1630835135.284 52 27 28 18 17 21 12
1630835135.535 52 29 27 19 19 21 14
1630835135.784 52 28 26 20 18 20 14
1630835136.035 53 30 28 20 16 21 17
1630835136.284 53 32 26 19 17 20 15
1630835136.534 54 29 24 18 18 23 14
1630835136.787 55 28 27 19 16 19 14
1630835137.036 52 32 28 19 17 19 14
1630835137.285 52 31 29 17 17 20 14
1630835137.535 54 31 26 17 16 23 15
1630835137.785 51 29 28 17 16 20 15
1630835138.035 53 27 29 18 18 16 14
1630835138.284 55 30 27 21 18 18 14
1630835138.534 53 29 27 20 16 19 13
1630835138.784 52 27 27 19 17 18 12
1630835139.035 55 28 27 20 17 20 12
1630835139.285 55 27 27 19 18 19 15
1630835139.535 55 28 28 19 17 21 17
1630835139.785 53 30 29 19 17 20 14
1630835140.034 53 31 28 20 18 22 17
1630835140.289 54 28 24 19 19 20 17
1630835140.535 54 31 25 18 17 19 14
1630835140.788 52 33 28 18 20 18 15
1630835141.040 54 31 27 19 19 17 14
1630835141.291 53 32 26 18 20 19 14
1630835141.536 52 26 28 19 18 20 14
1630835141.785 57 31 26 20 16 22 14
1630835142.035 55 28 28 17 18 19 17
1630835142.285 53 27 29 18 19 19 13
1630835142.537 55 29 28 19 17 21 16
1630835142.791 53 31 26 20 18 19 13
1630835143.039 54 30 27 18 20 20 12
1630835143.285 54 30 30 20 19 22 14
1630835143.537 55 32 27 18 23 18 14
1630835143.786 54 26 28 19 18 18 14
1630835144.036 54 28 26 18 18 17 15
1630835144.287 52 30 27 19 19 17 15
1630835144.536 54 30 27 18 17 19 15
1630835144.792 53 30 28 18 20 20 16
1630835145.036 52 28 27 19 17 17 14
1630835145.289 54 28 28 19 18 18 14
1630835145.535 53 26 29 19 18 20 15
1630835145.791 55 28 30 19 16 19 15
1630835146.035 54 29 30 22 18 21 16
1630835146.293 55 27 25 20 17 19 14
1630835146.535 55 28 25 20 20 19 14
1630835146.786 58 26 27 18 18 17 14
1630835147.042 55 32 26 19 17 21 14
1630835147.285 52 28 27 17 16 20 16
1630835147.541 53 32 29 19 17 19 14
1630835147.785 54 30 29 19 18 19 14
1630835148.035 53 31 28 18 14 19 15
1630835148.285 55 27 27 18 16 19 13
1630835148.538 52 26 27 19 18 20 14
1630835148.787 53 32 27 18 17 19 16
1630835149.036 56 30 28 17 19 19 17
1630835149.287 53 29 26 19 16 20 16
1630835149.542 54 27 25 19 17 21 13
1630835149.786 52 30 29 21 17 20 14
1630835150.036 54 33 27 20 16 19 14
1630835150.284 53 26 29 18 17 21 14
1630835150.535 53 28 28 19 18 19 16
1630835150.788 55 30 26 21 17 22 15
1630835151.038 53 28 27 20 19 20 15
1630835151.286 52 31 26 19 16 20 12
1630835151.535 54 33 26 19 19 21 15
1630835151.786 56 30 27 20 17 20 14
1630835152.035 52 31 27 19 18 19 15
1630835152.286 53 30 27 21 17 22 13
1630835152.539 53 29 27 19 19 21 12
1630835152.789 53 31 26 18 17 20 15
1630835153.040 54 30 27 22 19 22 14
1630835153.286 54 30 27 20 17 19 17
1630835153.535 51 32 26 19 17 20 14
1630835153.788 55 31 26 20 16 20 14
1630835154.040 56 29 29 19 18 22 21
1630835154.287 56 30 25 20 16 20 16
1630835154.536 54 29 26 19 17 20 13
1630835154.786 55 31 28 20 17 19 13
1630835155.035 53 32 27 18 18 19 15
1630835155.286 54 30 26 18 16 19 15
1630835155.535 55 30 26 19 19 19 16
1630835155.786 51 29 27 20 16 19 13
1630835156.035 53 28 27 19 17 19 15
1630835156.286 52 30 26 18 16 21 16
1630835156.536 54 29 27 17 19 20 17
1630835156.786 52 30 28 20 16 19 16
1630835157.035 51 28 27 19 18 20 15
1630835157.285 54 30 29 19 18 21 14
1630835157.535 53 29 26 18 18 21 15
1630835157.785 52 29 27 18 17 22 14
1630835158.036 53 30 26 19 17 19 15
1630835158.285 52 30 27 18 18 22 16
1630835158.538 52 30 27 17 16 19 14
1630835158.788 54 30 29 19 16 20 13
1630835159.036 53 29 26 21 16 19 14
1630835159.286 54 27 30 19 19 20 13
1630835159.535 56 30 27 20 17 21 12
1630835159.784 54 27 27 19 19 19 15
1630835160.036 55 28 28 19 17 22 17
1630835160.290 52 28 27 16 15 17 14
1630835160.536 52 28 28 20 17 20 13
1630835160.786 55 30 29 19 16 20 13
1630835161.036 55 26 27 17 17 20 12
1630835161.286 52 28 29 19 16 21 13
1630835161.535 52 29 29 19 17 22 12
1630835161.786 54 26 26 18 18 22 13
1630835162.035 54 28 25 20 18 19 12
1630835162.288 56 27 28 18 17 22 12
1630835162.536 53 28 26 18 17 20 11
1630835162.786 52 29 26 21 17 20 15
1630835163.036 55 28 26 19 19 20 13
1630835163.285 54 30 28 18 18 18 12
1630835163.537 54 29 29 19 16 19 14
1630835163.786 56 22 25 18 15 22 12
1630835164.039 54 29 28 19 15 20 12
1630835164.285 54 29 28 17 16 18 13
1630835164.535 54 29 27 18 15 19 13
1630835164.785 54 30 27 18 16 21 13
1630835165.036 52 26 26 20 15 23 11
1630835165.285 52 32 26 19 16 18 13
1630835165.536 54 29 26 17 15 16 12
1630835165.785 54 27 30 18 15 17 11
1630835166.036 51 27 26 21 13 15 14
1630835166.286 53 29 26 19 15 18 10
1630835166.536 54 28 26 19 16 22 12
1630835166.789 54 28 28 20 16 23 13
1630835167.039 55 24 28 18 15 23 13
1630835167.285 55 25 27 19 16 22 13
1630835167.536 55 27 26 17 16 23 14
1630835167.787 54 28 26 16 18 21 12
1630835168.036 54 24 29 19 17 20 13
1630835168.288 54 26 28 18 17 20 15
1630835168.543 53 28 26 19 20 21 12
1630835168.786 53 30 26 19 16 22 16
1630835169.037 52 30 26 18 19 22 12
1630835169.288 54 28 27 17 16 20 13
1630835169.538 54 28 28 19 17 19 15
1630835169.791 53 30 28 18 18 22 13
1630835170.037 51 27 27 17 16 20 15
1630835170.287 53 28 26 18 17 20 12
1630835170.536 53 27 26 20 17 19 12
1630835170.786 54 28 28 16 18 20 17
1630835171.036 52 27 28 18 16 22 14
1630835171.287 55 28 28 20 16 21 14
1630835171.537 52 25 27 20 18 18 14
1630835171.787 52 25 28 18 17 19 12
1630835172.037 52 25 28 20 17 21 14
1630835172.288 54 26 27 19 17 20 14
1630835172.537 55 25 27 20 17 20 15
1630835172.786 52 28 26 20 15 20 13
1630835173.036 55 27 27 18 17 19 16
1630835173.289 54 30 26 19 16 19 15
1630835173.539 54 27 27 18 18 20 15
1630835173.786 53 27 25 20 16 19 13
1630835174.036 53 28 28 18 19 18 15
1630835174.286 54 27 27 19 17 19 14
1630835174.535 53 28 30 18 17 20 15
1630835174.786 51 29 26 18 18 22 11
1630835175.036 54 28 27 19 16 21 13
1630835175.287 56 27 28 19 19 18 14
1630835175.539 53 29 28 21 19 18 15
1630835175.787 54 28 27 17 15 16 12
1630835176.038 54 24 27 22 12 21 11
1630835176.286 53 23 26 18 13 24 10
1630835176.536 56 22 26 20 15 20 11
1630835176.787 53 19 28 18 12 21 10
1630835177.036 53 24 28 17 13 21 11
1630835177.289 55 22 28 20 14 20 11
1630835177.536 54 26 28 18 14 21 14
1630835177.786 53 23 28 19 15 23 11
1630835178.036 55 24 27 17 15 22 11
1630835178.287 54 22 27 23 14 23 12
1630835178.537 51 21 28 19 12 24 9
1630835178.790 56 23 26 21 14 24 12
1630835179.037 52 22 27 21 16 24 12
1630835179.286 53 25 27 20 15 23 11
1630835179.537 53 22 25 20 16 25 12
1630835179.786 53 23 29 18 14 25 14
1630835180.039 56 21 28 18 15 26 11
1630835180.288 52 25 25 19 18 22 15
1630835180.536 54 24 27 20 14 23 12
1630835180.787 55 23 27 16 14 26 11
1630835181.037 54 21 24 18 15 23 13
1630835181.287 53 24 26 17 12 25 11
1630835181.537 54 22 28 21 15 23 10
1630835181.789 53 26 27 20 15 25 12
1630835182.036 54 25 27 19 14 24 13
1630835182.286 54 25 26 19 14 23 13
1630835182.539 53 25 26 20 15 23 13
1630835182.786 55 24 28 19 16 23 12
1630835183.037 52 24 30 19 14 24 13
1630835183.287 53 26 29 18 17 24 12
1630835183.536 53 25 26 18 14 25 12
1630835183.786 53 24 28 19 14 23 16
1630835184.037 53 27 28 24 14 23 14
1630835184.288 54 25 26 19 15 23 14
1630835184.537 52 25 28 19 14 23 13
1630835184.788 55 27 28 18 14 26 15
1630835185.037 54 25 26 20 15 25 13
1630835185.286 54 25 27 19 16 23 12
1630835185.536 53 26 25 20 15 25 11
1630835185.787 52 25 24 19 14 25 14
1630835186.037 55 23 26 20 14 23 14
1630835186.287 53 26 28 20 13 25 11
1630835186.537 54 25 28 19 12 25 13
1630835186.786 53 26 26 21 14 24 13
1630835187.036 53 27 27 19 13 24 15
1630835187.288 53 24 26 21 14 27 12
1630835187.538 54 23 26 20 14 23 12
1630835187.787 53 25 25 16 15 25 12
1630835188.037 53 28 28 20 13 25 14
1630835188.287 54 24 27 19 15 23 13
1630835188.537 53 25 28 20 15 25 14
1630835188.787 52 23 26 18 13 24 13
1630835189.037 54 25 28 18 12 21 14
1630835189.287 54 26 27 18 15 25 14
1630835189.536 52 26 26 17 14 23 14
1630835189.786 54 26 28 18 16 22 11
1630835190.037 52 27 26 19 14 26 14
1630835190.288 54 24 27 20 14 25 11
1630835190.537 52 25 26 18 13 26 13
1630835190.787 55 26 27 20 14 23 11
1630835191.037 55 24 28 20 15 27 14
1630835191.287 53 26 29 22 16 26 11
1630835191.538 56 24 26 18 12 24 14
1630835191.787 52 24 26 16 14 24 13
1630835192.037 53 20 26 19 13 25 13
1630835192.287 54 25 28 18 14 24 15
1630835192.537 53 24 26 17 14 24 12
1630835192.787 55 25 27 19 14 24 13
1630835193.037 54 24 27 18 15 26 11
1630835193.287 53 21 26 19 13 23 12
1630835193.538 52 24 27 16 15 25 14
1630835193.787 54 26 26 17 16 26 11
1630835194.036 53 24 26 19 16 25 11
1630835194.286 52 24 25 19 12 25 10
1630835194.540 53 22 26 19 13 28 12
1630835194.788 53 24 25 18 16 26 11
1630835195.037 55 26 26 16 15 26 11
1630835195.287 53 23 27 19 14 23 16
1630835195.541 52 26 28 19 16 25 12
1630835195.787 53 24 26 17 14 24 14
1630835196.036 54 25 27 18 15 23 12
1630835196.292 54 26 28 20 15 23 13
1630835196.543 57 28 30 18 14 23 12
1630835196.786 53 27 26 20 13 22 13
1630835197.037 55 24 25 18 14 24 14
1630835197.288 55 25 27 18 14 24 11
1630835197.541 53 22 26 20 14 25 12
1630835197.788 54 23 25 17 18 24 12
1630835198.037 54 25 25 18 18 23 13
1630835198.292 53 25 27 18 14 21 12
1630835198.537 53 25 27 18 14 20 14
1630835198.788 54 26 29 18 15 21 15
1630835199.038 53 26 28 19 20 18 12
1630835199.289 55 26 29 17 20 21 11
1630835199.537 53 28 26 18 17 22 14
1630835199.789 53 25 28 17 17 17 13
1630835200.039 56 26 28 18 17 16 12
1630835200.287 56 26 28 20 16 19 10
1630835200.536 53 26 26 18 18 21 12
1630835200.787 53 27 28 19 19 23 13
1630835201.037 55 27 27 22 18 20 13
1630835201.286 54 27 26 19 18 19 13
1630835201.539 54 29 26 19 18 18 13
1630835201.793 53 28 26 18 17 20 13
1630835202.038 53 28 28 20 17 19 12
1630835202.286 53 29 28 18 18 19 14
1630835202.537 54 30 26 19 18 19 12
1630835202.787 52 27 28 19 18 20 12
1630835203.038 51 27 27 18 19 19 12
1630835203.290 54 27 27 20 19 19 13
1630835203.539 54 28 26 20 20 17 13
1630835203.788 54 30 28 19 20 20 14
1630835204.037 53 27 27 21 18 19 12
1630835204.288 54 27 27 21 19 18 13
1630835204.537 52 26 27 19 20 18 14
1630835204.786 54 27 29 19 17 19 14
1630835205.039 53 28 26 20 19 18 13
1630835205.287 54 28 27 19 17 19 15
1630835205.537 53 27 25 20 17 21 14
1630835205.786 53 29 26 19 19 18 14
1630835206.037 55 27 27 20 21 18 13
1630835206.288 54 26 26 21 20 16 12
1630835206.538 52 28 25 20 19 17 13
1630835206.787 54 27 28 19 18 18 14
1630835207.038 53 26 27 18 19 18 13
1630835207.288 54 25 27 18 20 18 12
1630835207.537 56 25 27 20 20 19 15
1630835207.787 52 27 25 20 17 17 13
1630835208.039 54 29 25 21 18 18 12
1630835208.288 55 27 27 20 20 17 14
1630835208.537 54 26 26 20 19 18 13
1630835208.788 53 28 27 21 18 19 13
1630835209.037 53 27 26 19 19 17 12
1630835209.288 53 29 26 18 16 19 12
1630835209.537 54 27 28 19 18 16 13
1630835209.787 54 26 28 21 19 17 14
1630835210.036 53 24 26 22 18 17 14
1630835210.287 53 28 27 21 20 16 14
1630835210.538 52 27 27 20 18 18 11
1630835210.787 53 26 26 20 17 18 13
1630835211.037 53 28 28 20 17 17 12
1630835211.287 52 25 26 20 17 19 12
1630835211.541 54 29 28 21 17 18 13
1630835211.786 53 28 26 20 20 20 12
1630835212.041 53 26 28 19 18 18 14
1630835212.287 52 29 26 21 18 18 13
1630835212.536 53 28 25 20 16 18 13
1630835212.787 56 26 27 20 18 20 14
1630835213.039 53 26 25 19 18 18 12
1630835213.288 55 27 27 21 20 19 15
1630835213.537 54 25 25 18 18 16 12
1630835213.789 54 26 26 20 16 19 11
1630835214.038 55 28 26 20 16 18 12
1630835214.287 51 26 29 19 19 19 15
1630835214.538 53 28 28 19 16 20 13
1630835214.787 53 28 27 20 19 18 12
1630835215.037 52 28 28 19 18 17 12
1630835215.287 55 27 28 19 17 18 11
1630835215.537 52 28 27 18 17 19 13
1630835215.787 55 26 28 19 17 19 12
1630835216.037 54 26 26 19 17 19 14
1630835216.287 54 25 28 19 19 18 14
1630835216.539 53 26 29 17 16 17 13
1630835216.788 54 26 27 18 19 19 12
1630835217.038 51 27 25 19 19 22 13
1630835217.288 55 24 27 18 18 17 12
1630835217.542 53 34 29 17 18 18 14
1630835217.789 53 28 27 17 16 17 11
1630835218.038 54 28 28 18 19 21 12
1630835218.289 54 28 27 18 16 18 14
1630835218.538 54 31 25 19 18 20 13
1630835218.788 53 31 28 21 18 20 13
1630835219.039 56 23 28 16 16 19 12
1630835219.288 52 24 27 20 14 20 12
1630835219.538 54 25 28 19 15 18 11
1630835219.789 51 25 26 19 14 17 12
1630835220.042 53 25 27 21 12 17 12
1630835220.288 53 25 25 20 13 22 12
1630835220.537 54 24 27 18 16 22 11
1630835220.788 53 26 25 20 14 22 13
1630835221.039 56 25 27 18 15 20 15
1630835221.290 56 26 26 20 14 20 12
1630835221.542 55 22 28 20 14 20 14
1630835221.788 52 24 26 19 14 20 12
1630835222.038 53 25 26 19 12 20 13
1630835222.288 54 24 25 22 15 20 13
1630835222.543 53 27 26 21 15 20 14
1630835222.788 52 25 29 20 15 21 13
1630835223.042 53 24 26 19 14 20 14
1630835223.288 56 25 27 20 16 19 13
1630835223.543 54 23 26 20 14 19 14
1630835223.788 54 24 25 20 15 20 11
1630835224.038 52 24 26 19 14 19 14
1630835224.288 55 27 26 20 17 19 12
1630835224.538 51 25 24 19 13 19 11
1630835224.791 54 26 26 19 15 17 11
1630835225.039 54 24 25 19 12 16 12
1630835225.288 53 23 27 19 15 18 12
1630835225.539 56 26 29 19 15 19 13
1630835225.790 52 25 25 21 15 18 12
1630835226.038 54 25 25 18 15 17 12
1630835226.288 53 23 28 19 14 18 13
1630835226.539 54 23 28 20 14 20 12
1630835226.789 53 25 25 17 14 22 15
1630835227.039 53 27 28 22 16 20 15
1630835227.291 54 29 28 19 19 18 14
1630835227.538 54 29 26 17 17 17 12
1630835227.787 55 30 30 17 15 20 15
1630835228.038 54 28 27 19 15 20 15
1630835228.291 54 26 26 21 17 19 12
1630835228.538 54 23 25 20 16 19 10
1630835228.788 51 22 27 21 14 23 11
1630835229.038 53 21 25 20 14 24 11
1630835229.288 54 23 27 21 16 19 11
1630835229.538 54 24 27 20 15 19 14
1630835229.789 53 24 27 17 15 21 11
1630835230.042 53 23 27 20 14 18 14
1630835230.290 54 24 27 20 16 22 11
1630835230.539 53 24 26 18 16 22 12
1630835230.788 53 25 27 18 17 21 12
1630835231.038 55 25 28 18 16 24 12
1630835231.288 52 25 26 19 16 23 10
1630835231.538 53 25 26 20 16 16 12
1630835231.790 54 21 27 17 18 20 12
1630835232.039 53 24 28 19 14 18 13
1630835232.290 54 25 28 19 16 19 13
1630835232.538 52 26 26 19 15 18 12
1630835232.788 52 27 27 20 18 16 13
1630835233.038 53 25 24 20 15 15 12
1630835233.290 56 26 27 22 16 19 12
1630835233.538 54 26 26 18 15 19 12
1630835233.788 55 26 25 21 16 19 13
1630835234.038 53 26 29 19 17 20 12
1630835234.288 53 27 25 21 18 18 12
1630835234.538 53 25 27 19 14 18 12
1630835234.788 54 27 26 19 18 20 12
1630835235.038 54 21 28 18 16 18 12
1630835235.288 53 28 27 19 16 19 14
1630835235.538 52 28 30 19 17 18 14
1630835235.788 52 26 27 20 17 21 12
1630835236.037 52 28 26 18 18 19 12
1630835236.288 55 26 26 19 17 20 13
1630835236.538 52 27 26 19 16 21 14
1630835236.788 53 27 29 17 15 20 13
1630835237.038 53 28 28 19 17 21 13
1630835237.288 53 28 26 17 17 20 12
1630835237.543 55 28 25 20 17 21 14
1630835237.787 53 29 28 16 17 20 13
1630835238.038 53 27 28 19 18 18 13
1630835238.287 54 26 27 18 18 19 16
1630835238.538 55 27 26 20 18 21 13
1630835238.790 54 26 26 17 21 21 15
1630835239.039 51 29 28 18 19 20 11
1630835239.289 57 28 28 18 19 21 12
1630835239.538 55 24 25 19 17 20 15
1630835239.789 53 26 25 20 17 21 12
1630835240.039 55 28 25 20 16 19 12
1630835240.293 53 30 28 18 15 20 11
1630835240.539 52 27 26 18 19 20 12
1630835240.789 53 29 27 18 18 18 14
1630835241.038 52 26 28 20 17 18 14
1630835241.289 54 29 27 19 14 19 13
1630835241.539 52 29 27 17 18 19 17
1630835241.789 54 28 26 21 16 19 11
1630835242.041 56 30 26 19 16 20 13
1630835242.289 54 27 26 19 17 19 14
1630835242.541 54 30 25 18 18 17 13
1630835242.792 53 28 27 20 16 20 13
1630835243.041 53 31 26 18 16 17 15
1630835243.288 54 27 28 17 16 17 13
1630835243.539 53 26 27 19 16 18 13
1630835243.790 55 29 26 19 17 18 15
1630835244.041 54 28 26 18 18 16 16
1630835244.291 54 27 26 17 16 19 13
1630835244.541 52 30 26 19 16 17 14
1630835244.788 51 29 27 18 16 18 16
1630835245.038 54 29 28 18 18 18 12
1630835245.288 53 28 26 18 14 18 13
1630835245.538 54 29 25 19 16 18 14
1630835245.788 56 29 27 20 16 20 14
1630835246.039 54 29 31 19 16 19 15
1630835246.289 54 27 28 17 15 16 12
1630835246.539 54 21 27 20 15 17 14
1630835246.790 54 26 28 19 15 17 14
1630835247.039 54 27 27 20 17 18 16
1630835247.289 54 27 27 19 14 22 13
1630835247.539 55 26 27 21 14 20 14
1630835247.789 53 30 25 19 15 18 13
1630835248.038 51 29 26 19 18 20 16
1630835248.289 54 27 28 17 17 18 15
1630835248.538 53 31 25 18 16 19 15
1630835248.789 54 28 26 20 17 21 14
1630835249.039 53 30 25 19 16 18 13
1630835249.289 53 28 28 21 16 18 15
1630835249.539 53 25 27 20 17 19 14
1630835249.791 51 22 27 20 17 19 13
1630835250.039 52 24 25 19 18 19 13
1630835250.292 54 27 26 19 19 19 13
1630835250.538 55 24 26 18 16 20 14
1630835250.789 54 25 26 17 17 19 15
1630835251.039 54 25 30 18 15 18 15
1630835251.289 54 25 27 21 17 19 15
1630835251.538 55 23 26 18 18 20 13
1630835251.788 52 27 26 19 17 18 13
1630835252.039 50 25 25 21 19 22 16
1630835252.289 54 27 28 18 19 18 14
1630835252.539 55 30 28 20 19 18 13
1630835252.793 54 29 26 19 21 20 14
1630835253.039 52 29 25 19 17 19 13
1630835253.289 53 28 29 19 21 20 14
1630835253.539 52 27 26 23 18 19 15
1630835253.789 53 26 27 18 17 19 11
1630835254.039 53 30 26 18 16 19 13
1630835254.288 54 30 27 20 15 17 14
1630835254.540 52 27 25 20 14 17 14
1630835254.791 54 30 26 19 17 19 15
1630835255.040 52 26 27 20 15 19 16
1630835255.288 52 28 26 17 18 20 11
1630835255.538 54 26 27 18 20 20 13
1630835255.789 56 30 26 19 18 19 14
1630835256.038 54 28 28 19 17 20 14
1630835256.289 54 29 26 20 16 20 15
1630835256.540 52 28 26 19 19 19 13
1630835256.789 53 29 27 19 15 19 13
1630835257.039 53 29 26 20 15 19 13
1630835257.289 51 30 29 20 17 17 14
1630835257.538 56 29 27 19 16 20 15
1630835257.789 53 31 25 19 17 20 13
1630835258.038 56 32 27 19 18 18 17
1630835258.289 54 30 29 19 18 17 14
1630835258.539 54 31 29 19 17 18 13
1630835258.790 54 32 26 18 17 18 16
1630835259.039 53 30 27 19 16 17 14
1630835259.289 52 29 26 18 18 17 15
1630835259.539 53 31 26 19 18 18 14
1630835259.788 54 31 29 20 17 17 13
1630835260.039 53 28 26 20 14 17 14
1630835260.289 52 30 26 18 19 21 14
1630835260.539 53 30 26 19 18 19 15
1630835260.788 54 30 26 19 16 18 13
1630835261.038 58 32 25 17 15 19 14
1630835261.289 54 30 26 20 15 18 15
1630835261.539 53 29 28 19 18 17 16
1630835261.789 53 32 28 18 19 18 14
1630835262.038 52 30 26 21 16 16 13
1630835262.289 52 29 30 18 16 18 14
1630835262.540 54 29 28 18 16 18 13
1630835262.792 53 29 27 19 16 18 14
1630835263.041 54 30 25 18 15 19 12
1630835263.288 56 29 26 17 17 19 12
1630835263.539 55 33 25 18 16 17 13
1630835263.789 53 30 26 20 17 20 12
1630835264.042 54 32 28 19 15 18 13
1630835264.289 54 29 25 19 17 17 15
1630835264.539 58 32 24 17 17 20 13
1630835264.791 56 30 26 17 17 18 14
1630835265.039 55 29 28 19 17 18 13
1630835265.291 54 31 27 17 16 19 13
1630835265.540 52 33 28 19 17 18 13
1630835265.788 55 31 25 18 19 21 15
1630835266.040 53 29 26 20 17 19 14
1630835266.291 51 29 27 18 16 19 12
1630835266.539 54 31 28 18 18 20 15
1630835266.790 53 29 27 19 20 21 13
1630835267.041 53 31 27 19 17 19 13
1630835267.289 54 29 27 19 16 19 13
1630835267.540 52 29 26 20 18 19 16
1630835267.789 52 30 25 18 17 20 13
1630835268.039 53 30 26 17 16 21 14
1630835268.295 54 31 25 18 18 22 14
1630835268.540 53 30 28 19 16 20 16
1630835268.792 52 30 28 22 20 22 16
1630835269.042 52 31 27 20 18 22 15
1630835269.289 55 28 27 18 18 19 15
1630835269.544 54 29 26 18 17 20 15
1630835269.789 54 28 27 20 20 19 12
1630835270.039 53 31 29 19 19 19 14
1630835270.292 52 31 29 18 19 20 14
1630835270.541 53 28 27 18 18 20 13
1630835270.790 52 29 26 22 17 21 16
1630835271.040 53 28 27 22 20 20 15
1630835271.288 56 28 27 19 20 19 14
1630835271.542 53 28 27 20 18 19 14
1630835271.789 55 28 27 18 19 20 14
1630835272.039 54 31 27 19 19 19 11
1630835272.289 53 30 27 18 19 22 15
1630835272.539 54 29 26 18 20 20 12
1630835272.790 53 29 27 19 17 18 13
1630835273.040 54 30 27 18 21 19 14
1630835273.290 52 30 28 20 17 17 15
1630835273.541 55 29 30 19 16 20 15
1630835273.790 54 29 26 20 17 19 14
1630835274.039 53 32 26 19 18 19 14
1630835274.289 54 32 28 20 16 20 13
1630835274.540 54 28 28 20 19 19 14
1630835274.790 54 31 26 19 18 20 15
1630835275.040 53 28 28 18 18 18 13
1630835275.289 52 31 26 19 18 18 13
1630835275.540 55 30 27 19 18 19 14
1630835275.790 53 31 26 18 19 20 16
1630835276.039 54 29 26 24 20 20 16
1630835276.291 54 31 27 18 19 19 13
1630835276.541 52 29 27 19 16 19 13
1630835276.790 55 29 26 20 18 18 14
1630835277.039 53 29 28 19 18 19 13
1630835277.289 54 30 28 18 18 19 14
1630835277.542 53 32 26 20 19 20 12
1630835277.790 53 31 26 18 18 18 12
1630835278.039 52 27 28 20 19 20 12
1630835278.290 52 29 24 19 21 19 13
1630835278.539 53 28 28 18 18 21 14
1630835278.789 54 28 26 18 19 20 13
1630835279.040 55 32 28 20 17 19 12
1630835279.291 54 29 29 18 18 21 11
1630835279.539 52 30 27 19 17 18 13
1630835279.789 54 28 26 18 16 18 13
1630835280.039 54 30 27 19 20 19 13
1630835280.289 51 32 27 19 17 21 13
1630835280.540 55 31 27 19 16 19 14
1630835280.790 55 30 26 19 18 20 12
1630835281.039 56 30 26 20 17 21 11
1630835281.289 53 30 27 19 16 19 12
1630835281.539 52 29 28 17 18 19 14
1630835281.791 53 32 27 19 19 20 12
1630835282.040 55 29 24 16 19 20 12
1630835282.290 53 30 25 18 17 20 12
1630835282.540 55 26 25 18 19 18 12
1630835282.790 52 31 27 17 16 20 14
1630835283.039 53 29 25 19 18 21 13
1630835283.290 53 28 24 16 18 21 13
1630835283.540 53 30 27 16 17 19 13
1630835283.789 55 26 26 17 16 20 13
1630835284.040 56 27 27 19 16 21 12
1630835284.289 55 27 27 19 17 18 13
1630835284.540 54 28 25 17 16 18 12
1630835284.793 52 26 28 17 16 19 14
1630835285.043 52 22 27 16 18 20 12
1630835285.290 52 21 26 19 18 16 13
1630835285.540 54 22 26 19 16 19 12
1630835285.790 55 23 29 19 18 20 12
1630835286.039 52 26 26 19 16 18 13
1630835286.290 55 26 27 21 17 22 11
1630835286.541 53 26 26 19 14 20 14
1630835286.791 54 27 26 17 17 20 13
1630835287.043 53 25 27 17 17 22 13
1630835287.290 53 27 26 18 17 22 11
1630835287.541 54 28 26 19 18 17 13
1630835287.790 55 24 26 18 15 25 14
1630835288.040 53 24 25 21 16 20 12
1630835288.290 54 27 26 19 16 23 12
1630835288.540 53 24 26 18 15 25 12
1630835288.790 54 26 25 19 17 24 12
1630835289.041 54 25 25 20 18 24 13
1630835289.290 54 25 24 18 18 23 12
1630835289.542 53 28 26 19 16 19 14
1630835289.790 53 29 26 17 19 18 12
1630835290.040 52 28 26 20 19 19 14
1630835290.290 54 29 25 20 18 19 15
1630835290.541 54 31 26 21 17 22 15
1630835290.790 52 29 25 20 19 22 13
1630835291.041 52 28 25 19 18 20 13
1630835291.293 52 30 26 20 18 20 14
1630835291.541 56 30 26 20 20 19 13
1630835291.792 51 30 25 21 18 19 14
1630835292.042 53 27 24 21 15 18 13
1630835292.291 55 30 26 20 17 19 11
1630835292.540 53 29 24 20 18 17 13
1630835292.792 51 28 26 17 17 19 12
1630835293.042 55 27 27 19 19 20 14
1630835293.292 53 30 26 20 19 17 14
1630835293.542 54 29 29 18 16 18 13
1630835293.790 51 27 25 17 16 17 14
1630835294.040 50 26 27 18 16 18 11
1630835294.291 53 30 26 21 18 17 12
1630835294.541 51 30 28 20 16 19 14
1630835294.795 53 27 25 18 15 20 13
1630835295.041 52 28 26 20 16 19 11
1630835295.292 51 31 26 19 17 18 12
1630835295.541 55 27 27 17 15 20 13
1630835295.791 55 28 28 17 14 23 12
1630835296.041 52 25 27 20 14 24 12
1630835296.292 54 29 25 19 14 24 9
1630835296.539 53 27 25 19 15 24 12
1630835296.794 55 28 29 18 15 22 12
1630835297.040 51 29 26 21 15 19 11
1630835297.294 53 27 28 16 15 21 14
1630835297.542 55 28 26 19 15 19 12
1630835297.790 55 24 25 18 14 21 12
1630835298.040 54 26 25 17 14 21 10
1630835298.291 52 26 25 19 14 22 13
1630835298.544 52 24 26 18 14 29 11
1630835298.791 54 25 24 18 15 27 12
1630835299.041 53 28 26 17 15 22 10
1630835299.291 53 26 28 16 16 21 12
1630835299.540 53 27 26 18 14 20 12
1630835299.790 53 30 26 19 16 21 13
1630835300.040 56 27 26 17 15 20 13
1630835300.290 53 29 26 20 14 20 13
1630835300.540 52 27 26 18 16 20 13
1630835300.791 54 24 27 19 15 22 9
1630835301.041 53 28 24 20 15 21 12
1630835301.291 52 26 26 19 14 19 10
1630835301.543 53 29 26 18 16 20 12
1630835301.791 54 30 27 18 19 17 14
1630835302.040 54 31 26 17 17 18 13
1630835302.293 54 28 28 21 18 19 14
1630835302.542 54 26 27 19 20 21 15
1630835302.790 54 27 26 18 19 19 13
1630835303.040 52 30 26 18 18 18 11
1630835303.290 53 29 27 19 18 20 14
1630835303.540 53 27 25 17 21 20 14
1630835303.791 53 27 26 18 18 20 14
1630835304.041 55 27 27 18 17 17 13
1630835304.291 53 28 27 19 16 18 16
1630835304.541 53 31 25 18 18 19 11
1630835304.797 53 27 26 20 17 18 12
1630835305.040 55 26 27 19 19 18 12
1630835305.291 53 30 25 19 17 19 13
1630835305.541 54 28 26 20 20 19 13
1630835305.791 52 30 25 18 19 18 14
1630835306.040 52 29 26 20 17 19 13
1630835306.291 52 27 26 20 18 19 11
1630835306.541 53 30 26 16 19 18 13
1630835306.791 56 28 27 20 15 19 12
1630835307.040 52 24 25 17 17 18 15
1630835307.294 55 25 26 20 17 18 13
1630835307.541 53 26 26 20 17 18 15
1630835307.792 54 27 25 18 13 18 13
1630835308.041 54 29 25 20 15 18 12
1630835308.292 54 29 26 19 18 20 12
1630835308.542 53 28 27 18 17 19 14
1630835308.792 52 26 25 19 21 18 13
1630835309.042 53 30 29 18 16 20 13
1630835309.290 54 29 28 17 16 19 12
1630835309.540 55 28 24 19 18 20 11
1630835309.791 52 27 28 19 18 20 12
1630835310.040 54 29 24 18 16 20 12
1630835310.291 51 30 26 20 16 19 12
1630835310.540 52 29 26 18 18 20 13
1630835310.791 53 29 25 21 17 16 14
1630835311.042 52 30 27 17 18 17 14
1630835311.291 54 28 27 21 16 18 14
1630835311.541 53 28 26 19 16 19 13
1630835311.791 55 29 28 20 15 17 11
1630835312.041 53 28 26 20 16 18 13
1630835312.291 51 29 27 20 16 16 16
1630835312.540 53 28 25 20 16 17 13
1630835312.791 55 27 26 19 18 17 13
1630835313.044 54 30 28 18 17 18 14
1630835313.292 54 28 27 20 16 20 11
1630835313.542 52 29 26 20 18 19 11
1630835313.790 52 27 26 17 17 18 11
1630835314.041 53 29 26 18 18 17 15
1630835314.291 53 25 27 17 17 15 13
1630835314.541 54 26 27 19 17 18 13
1630835314.791 52 29 29 18 16 18 16
1630835315.049 54 27 26 20 15 19 14
1630835315.293 53 28 26 18 15 19 14
1630835315.542 54 29 26 18 18 18 12
1630835315.791 54 27 27 18 18 19 12
1630835316.041 54 31 27 18 19 18 13
1630835316.297 53 29 28 17 17 19 12
1630835316.542 54 27 27 18 16 21 13
1630835316.796 55 27 25 18 17 17 12
1630835317.042 53 26 27 19 16 20 11
1630835317.292 54 26 26 19 17 20 13
1630835317.541 56 25 26 17 17 18 11
1630835317.791 54 27 27 17 16 20 13
1630835318.041 53 23 27 18 18 17 11
1630835318.290 55 24 25 17 17 18 14
1630835318.540 53 23 25 19 16 18 12
1630835318.793 52 30 27 17 19 18 13
1630835319.042 54 23 27 17 16 19 13
1630835319.295 55 25 27 17 18 21 13
1630835319.541 53 25 27 20 19 20 14
1630835319.791 55 26 28 17 17 20 13
1630835320.041 53 27 26 17 17 18 12
1630835320.292 53 25 25 19 15 19 13
1630835320.542 52 27 25 20 17 17 14
1630835320.792 53 26 27 17 17 18 11
1630835321.042 54 28 27 18 19 18 12
1630835321.291 54 25 26 18 15 18 12
1630835321.541 54 24 27 19 14 18 12
1630835321.793 53 23 25 18 16 17 14
1630835322.043 53 22 24 18 18 20 14
1630835322.291 51 24 25 18 20 20 14
1630835322.542 53 24 24 21 16 17 15
1630835322.794 52 24 26 18 16 19 14
1630835323.047 53 24 24 19 17 19 14
1630835323.292 54 22 24 18 17 17 15
1630835323.541 54 23 25 18 20 17 14
1630835323.791 53 20 28 19 19 19 13
1630835324.041 52 23 27 19 16 19 12
1630835324.292 52 22 25 18 17 17 15
1630835324.542 53 26 25 18 18 20 14
1630835324.792 54 23 25 19 18 18 13
1630835325.047 54 22 28 18 15 18 13
1630835325.292 56 23 27 20 18 19 16
1630835325.543 52 22 25 18 19 18 12
1630835325.792 54 29 30 18 17 17 13
1630835326.041 53 24 26 18 16 19 12
1630835326.293 56 22 27 18 18 18 12
1630835326.542 52 25 27 17 15 21 13
1630835326.792 52 24 26 18 15 18 11
1630835327.041 53 27 26 19 17 20 14
1630835327.294 58 25 26 19 16 20 13
1630835327.542 53 27 27 18 14 17 11
1630835327.792 54 27 25 18 15 18 14
1630835328.041 55 26 26 18 18 17 12
1630835328.291 56 27 26 19 16 17 13
1630835328.542 54 27 26 17 16 18 11
1630835328.792 56 23 26 16 17 19 14
1630835329.041 53 24 24 18 17 18 14
1630835329.291 55 23 28 18 16 21 14
1630835329.544 53 25 27 19 18 22 15
1630835329.793 52 22 26 17 18 17 15
1630835330.041 54 24 27 19 19 18 14
1630835330.291 54 23 27 18 18 19 13
1630835330.541 53 25 28 19 18 19 12
1630835330.792 55 25 28 20 18 19 13
1630835331.044 53 21 27 17 18 18 14
1630835331.293 54 23 26 16 19 18 12
1630835331.541 54 25 28 20 17 19 13
1630835331.792 52 22 26 17 17 20 11
1630835332.042 53 25 27 17 18 19 11
1630835332.291 52 23 27 18 16 19 14
1630835332.542 56 24 29 18 16 19 11
1630835332.792 53 26 27 19 18 21 13
1630835333.042 54 21 27 18 16 20 14
1630835333.291 52 24 26 18 16 18 14
1630835333.542 50 23 26 19 17 19 14
1630835333.791 53 23 27 17 17 18 13
1630835334.042 57 23 26 18 18 19 13
1630835334.292 54 24 26 18 16 18 13
1630835334.542 54 27 28 17 20 18 14
1630835334.791 55 25 27 19 17 17 15
1630835335.046 53 23 30 19 20 20 13
1630835335.292 55 24 28 18 20 19 14
1630835335.541 55 28 28 21 17 20 14
1630835335.792 54 23 31 21 18 18 16
1630835336.042 53 23 27 18 16 18 14
1630835336.292 55 25 30 20 17 21 13
1630835336.547 53 22 26 19 17 20 11
1630835336.794 54 24 25 17 18 17 14
1630835337.042 56 22 27 18 17 18 11
1630835337.294 53 22 24 17 17 19 15
1630835337.546 53 22 27 17 19 23 12
1630835337.796 54 25 25 17 17 19 13
1630835338.041 51 23 26 18 19 17 14
1630835338.291 53 23 24 18 17 18 13
1630835338.542 54 22 26 16 18 17 14
1630835338.794 53 23 24 18 16 18 15
1630835339.042 54 24 25 20 16 18 14
1630835339.291 52 21 26 17 18 17 12
1630835339.542 54 22 26 18 18 18 15
1630835339.792 53 23 28 16 16 18 13
1630835340.042 53 23 27 18 20 19 14
1630835340.294 53 23 24 17 18 20 13
1630835340.541 52 25 27 19 18 22 12
1630835340.792 52 25 26 19 18 17 12
1630835341.042 52 26 27 17 18 17 14
1630835341.293 55 24 26 18 17 20 15
1630835341.544 54 24 27 18 17 20 12
1630835341.792 53 22 26 18 16 18 15
1630835342.042 55 24 26 18 18 20 13
1630835342.292 53 24 28 15 18 20 13
1630835342.542 55 21 30 18 16 18 12
1630835342.792 53 21 28 18 16 19 13
1630835343.042 52 25 26 18 17 19 13
1630835343.292 53 23 27 18 18 18 15
1630835343.544 53 25 25 18 18 21 13
1630835343.792 51 22 28 19 17 19 16
1630835344.043 54 23 28 17 17 18 13
1630835344.293 54 23 27 20 17 20 12
1630835344.548 53 22 26 18 17 20 12
1630835344.796 53 22 26 18 17 16 12
1630835345.043 53 23 26 17 16 20 16
1630835345.292 58 25 26 17 17 20 13
1630835345.543 53 27 27 17 17 21 13
1630835345.793 55 26 28 17 18 19 13
1630835346.043 54 28 26 18 18 20 12
1630835346.293 54 27 25 19 18 18 15
1630835346.544 50 26 24 18 17 17 13
1630835346.795 53 27 25 18 16 15 14
1630835347.042 53 26 27 20 17 19 14
1630835347.293 53 24 27 20 17 18 14
1630835347.542 53 30 26 19 19 18 11
1630835347.794 53 22 25 16 17 18 15
1630835348.044 51 24 26 19 17 20 15
1630835348.292 53 26 25 20 18 19 12
1630835348.542 52 25 27 19 18 19 12
1630835348.796 54 25 27 18 19 18 15
1630835349.042 53 28 25 19 16 18 14
1630835349.293 54 27 25 16 17 17 14
1630835349.543 50 26 27 18 16 20 15
1630835349.792 54 24 25 18 17 17 11
1630835350.042 51 30 26 21 16 19 12
1630835350.293 56 25 26 18 18 20 12
1630835350.542 53 29 26 19 16 18 11
1630835350.792 52 27 25 19 16 19 12
1630835351.042 54 28 28 17 16 17 13
1630835351.292 53 24 26 17 21 19 13
1630835351.541 52 30 26 16 17 19 17
1630835351.793 53 23 25 17 17 17 12
1630835352.044 54 30 26 21 16 17 13
1630835352.293 54 28 27 19 18 18 15
1630835352.543 53 24 27 16 17 18 13
1630835352.792 52 31 25 17 18 17 12
1630835353.042 55 23 28 20 18 17 13
1630835353.292 53 29 27 20 19 20 13
1630835353.543 52 29 27 20 17 19 14
1630835353.793 54 27 25 17 18 19 16
1630835354.042 53 27 27 18 16 19 15
1630835354.295 52 25 26 19 18 19 12
1630835354.544 55 24 26 18 17 19 14
1630835354.793 52 27 27 18 17 16 13
1630835355.043 52 30 27 19 20 21 14
1630835355.295 55 31 27 19 18 18 14
1630835355.543 56 26 28 17 18 15 12
1630835355.792 57 30 24 19 18 16 14
1630835356.042 53 31 26 18 17 19 11
1630835356.294 53 28 26 19 19 19 12
1630835356.544 53 26 27 16 19 18 13
1630835356.794 54 23 26 17 17 18 14
1630835357.044 54 27 27 19 17 19 13
1630835357.293 54 22 26 19 18 19 14
1630835357.543 55 24 28 17 18 18 15
1630835357.792 52 25 27 17 16 21 11
1630835358.043 53 30 26 17 18 18 12
1630835358.293 53 29 25 17 16 19 12
1630835358.543 53 28 27 17 17 16 14
1630835358.793 53 27 26 20 20 17 15
1630835359.043 54 28 27 16 16 17 13
1630835359.292 51 23 26 16 17 17 14
1630835359.542 49 26 26 19 17 18 12
1630835359.793 53 27 27 17 17 19 12
1630835360.043 56 26 25 17 18 16 13
1630835360.293 54 25 27 18 17 20 13
1630835360.544 52 25 25 19 19 19 14
1630835360.793 55 26 26 18 20 20 11
1630835361.042 52 26 27 21 19 18 12
1630835361.293 55 26 28 18 17 21 11
1630835361.542 52 29 26 20 17 19 16
1630835361.793 54 28 25 18 16 18 13
1630835362.043 53 30 27 21 16 17 14
1630835362.293 53 27 28 20 18 18 15
1630835362.543 52 28 23 19 17 19 12
1630835362.792 52 27 26 18 18 19 13
1630835363.042 53 27 24 16 20 18 15
1630835363.293 54 25 26 17 20 17 12
1630835363.544 54 28 25 16 19 19 14
1630835363.793 54 26 28 17 18 20 16
1630835364.042 55 27 25 17 16 18 13
1630835364.293 52 26 27 19 19 19 15
1630835364.542 55 26 26 17 18 18 14
1630835364.792 53 30 27 19 17 20 13
1630835365.050 52 25 27 16 18 23 14
1630835365.295 52 28 25 17 15 17 14
1630835365.547 52 28 26 18 16 19 15
1630835365.793 52 29 29 17 17 20 14
1630835366.043 53 25 27 17 17 18 14
1630835366.292 56 30 28 16 18 17 14
1630835366.544 51 27 29 19 16 19 15
1630835366.793 53 28 26 16 15 20 12
1630835367.043 51 25 26 18 17 21 14
1630835367.292 54 26 28 20 19 18 13
1630835367.542 56 26 25 18 18 19 15
1630835367.793 54 27 28 19 20 19 15
1630835368.044 53 26 25 19 19 20 13
1630835368.294 50 27 26 16 20 19 12
1630835368.545 52 27 25 19 16 19 13
1630835368.793 55 27 25 18 16 19 14
1630835369.043 54 28 27 19 18 19 13
1630835369.293 53 28 26 20 19 19 13
1630835369.543 51 27 26 18 16 19 12
1630835369.795 56 27 25 19 17 19 14
1630835370.044 54 25 26 17 18 21 14
1630835370.293 55 25 25 16 19 19 14
1630835370.544 53 27 25 18 20 20 16
1630835370.793 53 29 23 17 18 19 15
1630835371.042 54 26 27 21 18 18 13
1630835371.294 52 26 25 20 20 19 15
1630835371.543 55 27 26 18 17 20 14
1630835371.794 53 26 28 17 18 18 12
1630835372.043 52 29 27 18 18 22 16
1630835372.295 54 30 27 19 17 18 13
1630835372.545 52 26 27 19 18 18 15
1630835372.796 53 27 27 17 19 19 13
1630835373.044 53 27 24 18 16 18 12
1630835373.294 52 26 27 20 17 18 13
1630835373.546 54 29 25 18 15 19 13
1630835373.792 53 26 25 20 17 19 15
1630835374.043 52 27 26 17 21 19 14
1630835374.293 52 24 27 18 17 17 14
1630835374.546 52 29 24 17 16 18 13
1630835374.798 52 24 25 19 19 19 15
1630835375.044 54 27 28 20 19 19 14
1630835375.293 51 30 27 17 16 20 14
1630835375.544 52 26 27 19 17 18 11
1630835375.793 54 28 28 21 16 19 11
1630835376.044 54 22 26 19 17 17 15
1630835376.295 53 24 24 18 18 19 14
1630835376.545 54 25 24 20 18 18 14
1630835376.794 51 27 26 19 18 18 15
1630835377.045 52 25 25 18 18 18 13
1630835377.293 53 27 26 19 18 20 15
1630835377.543 52 29 27 21 17 19 13
1630835377.793 53 26 27 18 19 19 12
1630835378.043 52 27 27 17 18 19 15
1630835378.295 52 25 26 18 16 21 14
1630835378.544 54 25 28 17 17 19 14
1630835378.797 53 29 25 19 18 19 13
1630835379.045 53 27 26 18 20 17 13
1630835379.294 55 26 25 21 18 17 11
1630835379.544 53 29 26 18 17 18 11
1630835379.796 52 26 24 17 18 19 12
1630835380.044 50 24 26 17 17 19 12
1630835380.292 51 27 24 17 17 18 12
1630835380.543 53 26 26 19 17 19 12
1630835380.793 54 25 26 17 17 21 12
1630835381.044 53 23 26 18 17 18 11
1630835381.293 55 19 25 18 16 19 13
1630835381.544 53 27 30 19 19 19 13
1630835381.795 54 25 27 18 16 17 12
1630835382.043 56 25 26 18 19 21 12
1630835382.294 54 26 25 20 16 19 13
1630835382.545 54 25 27 17 18 22 12
1630835382.793 52 26 28 19 18 18 12
1630835383.043 53 28 27 17 16 17 15
1630835383.294 54 26 28 19 16 20 17
1630835383.544 52 24 27 17 19 17 13
1630835383.796 52 24 26 17 16 20 13
1630835384.047 55 24 26 19 16 17 12
1630835384.294 54 23 26 18 18 18 13
1630835384.546 52 25 27 20 16 18 13
1630835384.796 53 25 27 19 19 19 14
1630835385.044 53 20 26 16 15 19 12
1630835385.294 52 25 26 17 15 18 13
1630835385.543 53 27 26 18 18 20 12
1630835385.793 54 25 26 18 17 19 12
1630835386.045 55 32 26 19 18 17 12
1630835386.294 53 22 25 16 20 20 13
1630835386.546 52 26 26 17 17 19 13
1630835386.794 54 26 26 20 18 19 13
1630835387.044 51 27 26 17 19 18 12
1630835387.294 53 30 27 18 20 20 12
1630835387.545 53 26 26 18 17 20 11
1630835387.794 53 25 26 18 18 18 11
1630835388.044 53 27 27 20 18 18 12
1630835388.293 56 27 25 17 18 18 13
1630835388.544 53 29 25 18 16 18 10
1630835388.794 52 32 26 18 17 17 15
1630835389.044 51 30 28 20 17 18 12
1630835389.295 54 27 27 19 17 20 14
1630835389.543 54 24 25 16 16 17 13
1630835389.794 51 25 28 17 17 17 13
1630835390.045 53 24 27 18 19 20 13
1630835390.293 52 26 28 18 16 21 12
1630835390.543 53 22 27 17 17 20 12
1630835390.793 52 24 26 16 18 21 13
1630835391.044 54 28 25 17 19 17 13
1630835391.295 51 27 28 18 18 17 14
1630835391.544 53 27 29 18 17 20 17
1630835391.796 55 27 27 20 18 19 14
1630835392.044 54 26 26 18 17 19 17
1630835392.294 54 28 27 18 19 18 12
1630835392.543 54 28 28 17 17 18 15
1630835392.794 54 26 24 18 19 17 14
1630835393.044 54 25 29 18 17 19 14
1630835393.294 53 26 27 18 17 23 13
1630835393.547 54 30 28 16 17 18 11
1630835393.794 53 27 26 18 17 20 14
1630835394.045 53 28 28 18 19 18 12
1630835394.294 51 27 26 17 16 18 14
1630835394.545 53 27 26 18 18 23 13
1630835394.795 52 28 26 18 19 18 12
1630835395.047 55 28 28 16 19 18 14
1630835395.295 53 30 27 18 16 19 13
1630835395.544 52 28 26 18 18 19 13
1630835395.794 53 27 27 17 20 18 14
1630835396.046 55 27 26 20 18 20 12
1630835396.297 55 26 26 18 16 19 12
1630835396.544 53 26 28 19 18 20 12
1630835396.794 54 28 27 19 18 17 12
1630835397.048 53 28 26 17 17 19 13
1630835397.293 52 26 28 16 18 20 13
1630835397.544 51 27 26 21 16 19 14
1630835397.799 53 24 26 20 20 19 14
1630835398.044 52 22 25 18 18 18 14
1630835398.294 52 23 27 17 16 19 15
1630835398.544 54 25 24 17 17 20 12
1630835398.794 55 28 26 18 19 19 12
1630835399.046 52 32 25 16 20 19 13
1630835399.294 53 28 25 17 17 18 12
1630835399.545 52 28 27 17 15 18 13
1630835399.793 52 26 27 17 18 19 12
1630835400.046 54 27 27 17 19 19 13
1630835400.303 53 25 25 17 16 19 12
1630835400.547 52 24 25 20 18 21 15
1630835400.795 52 26 26 18 17 21 12
1630835401.045 55 30 28 19 16 19 13
1630835401.295 53 22 26 17 16 19 13
1630835401.545 57 30 26 17 18 19 14
1630835401.794 54 26 27 17 17 19 12
1630835402.047 52 23 27 17 18 20 14
1630835402.295 53 26 27 17 18 20 12
1630835402.546 51 24 26 17 18 22 13
1630835402.794 53 19 26 20 15 19 14
1630835403.048 54 29 26 18 17 19 15
1630835403.295 52 30 26 19 18 18 13
1630835403.544 54 29 26 17 16 18 13
1630835403.794 55 28 24 19 16 18 15
1630835404.048 53 27 25 18 18 18 11
1630835404.295 53 28 26 18 16 17 14
1630835404.546 52 27 27 17 19 18 15
1630835404.795 52 29 29 19 15 17 12
1630835405.046 55 28 26 22 16 17 13
1630835405.294 54 31 27 19 16 20 15
1630835405.544 54 30 24 19 15 18 15
1630835405.797 55 30 25 18 18 19 15
1630835406.045 55 28 25 18 15 17 14
1630835406.296 53 27 27 18 18 18 13
1630835406.546 54 27 27 17 14 19 13
1630835406.795 54 29 25 19 18 19 12
1630835407.046 54 25 27 19 16 19 13
1630835407.295 55 26 27 18 16 18 14
1630835407.545 52 20 25 19 15 17 13
1630835407.795 53 21 25 18 15 17 13
1630835408.045 52 20 25 19 18 16 16
1630835408.295 52 26 26 17 16 17 14
1630835408.545 53 27 26 19 20 20 14
1630835408.795 53 27 27 20 17 17 14
1630835409.044 53 28 27 18 17 20 15
1630835409.299 52 28 27 18 17 17 15
1630835409.544 53 25 25 18 16 21 13
1630835409.795 52 24 26 17 16 18 14
1630835410.044 56 23 27 18 16 19 14
1630835410.297 52 27 26 22 16 16 13
1630835410.546 53 28 26 20 16 17 12
1630835410.794 52 27 26 18 17 20 15
1630835411.046 53 24 25 19 19 16 11
1630835411.295 54 21 28 20 15 17 14
1630835411.545 53 20 26 17 16 18 15
1630835411.794 54 23 26 18 16 19 11
1630835412.044 51 27 26 20 16 17 14
1630835412.296 54 22 26 19 15 18 13
1630835412.546 52 21 26 16 16 21 14
1630835412.794 54 23 24 20 15 19 12
1630835413.044 54 22 25 18 17 17 14
1630835413.294 53 22 25 21 17 18 15
1630835413.545 54 24 26 19 17 18 14
1630835413.794 54 27 27 20 17 16 14
1630835414.044 54 24 25 18 15 18 16
1630835414.294 56 24 26 18 15 17 16
1630835414.545 54 22 26 18 16 18 13
1630835414.795 52 26 26 19 14 20 14
1630835415.045 53 26 28 18 17 18 13
1630835415.295 54 29 25 18 17 18 11
1630835415.544 53 29 27 18 16 19 13
1630835415.795 53 24 25 18 18 19 11
1630835416.046 52 21 25 18 17 18 13
1630835416.296 56 22 25 18 15 17 14
1630835416.544 54 29 26 20 17 18 13
1630835416.796 55 25 24 17 15 18 13
1630835417.045 53 25 25 16 15 17 14
1630835417.295 54 22 25 19 16 19 13
1630835417.545 50 27 26 18 17 21 14
1630835417.795 52 26 25 17 15 21 13
1630835418.045 51 29 24 18 16 20 14
1630835418.295 53 25 27 17 15 19 14
1630835418.544 52 26 28 16 16 16 15
1630835418.795 54 23 26 18 15 19 10
1630835419.045 53 23 27 18 16 20 13
1630835419.296 53 25 24 19 18 19 14
1630835419.546 53 26 27 17 17 17 16
1630835419.795 52 23 27 19 20 18 14
1630835420.045 53 24 27 19 18 19 13
1630835420.295 54 23 28 17 17 17 12
1630835420.545 53 27 25 17 20 16 14
1630835420.796 54 27 27 17 17 18 14
1630835421.048 52 29 25 21 15 19 13
1630835421.295 54 29 24 18 15 18 11
1630835421.545 54 29 25 17 16 18 11
1630835421.799 51 27 25 17 16 19 14
1630835422.046 52 27 29 18 18 20 13
1630835422.295 54 25 27 18 14 17 13
1630835422.546 52 25 25 21 18 18 12
1630835422.795 52 26 25 18 17 19 14
1630835423.045 52 27 25 19 17 17 14
1630835423.298 54 26 25 18 17 18 13
1630835423.551 53 27 27 18 17 16 12
1630835423.799 56 28 27 19 17 19 12
1630835424.045 53 27 27 18 16 18 12
1630835424.296 55 25 25 17 18 19 13
1630835424.545 54 26 27 17 18 17 15
1630835424.795 55 22 23 18 16 16 13
1630835425.047 51 23 24 20 17 17 14
1630835425.297 54 27 25 17 19 18 13
1630835425.546 52 27 26 18 17 22 14
1630835425.798 52 29 25 18 17 20 10
1630835426.047 51 23 28 17 16 19 13
1630835426.295 53 27 24 21 19 19 12
1630835426.545 53 25 28 16 18 20 11
1630835426.795 52 25 26 19 16 17 13
1630835427.047 54 25 29 19 20 19 14
1630835427.295 56 25 26 17 17 18 13
1630835427.547 53 23 27 16 18 21 13
1630835427.795 55 23 25 17 17 19 11
1630835428.047 58 26 28 18 19 21 12
1630835428.298 54 23 25 19 20 20 12
1630835428.547 52 23 24 17 17 18 11
1630835428.796 52 25 24 20 16 21 13
1630835429.045 54 24 26 18 17 20 12
1630835429.296 53 25 25 18 18 18 13
1630835429.545 53 25 27 19 18 18 11
1630835429.796 52 24 26 17 17 17 13
1630835430.045 54 25 26 18 17 19 12
1630835430.297 53 24 23 17 18 18 12
1630835430.548 54 24 26 17 19 19 15
1630835430.795 53 24 26 20 17 18 11
1630835431.046 53 24 25 17 20 19 13
1630835431.296 53 25 25 19 18 17 11
1630835431.545 54 25 27 18 19 17 11
1630835431.795 54 21 25 18 16 20 12
1630835432.047 53 24 25 18 17 22 13
1630835432.296 52 23 27 19 16 18 13
1630835432.548 53 25 26 20 18 19 12
1630835432.795 52 27 25 18 18 18 12
1630835433.045 52 26 24 19 18 17 13
1630835433.295 52 25 24 21 17 19 12
1630835433.545 53 23 28 19 17 20 13
1630835433.795 54 26 27 17 18 19 14
1630835434.045 54 24 26 19 16 19 13
1630835434.296 52 24 24 17 17 19 14
1630835434.545 53 26 26 18 17 19 13
1630835434.796 51 23 27 19 19 18 14
1630835435.045 55 24 25 17 19 18 11
1630835435.297 52 24 25 19 17 19 10
1630835435.546 53 26 24 17 19 21 12
1630835435.795 54 26 26 19 17 18 13
1630835436.045 53 24 26 19 18 19 12
1630835436.295 55 24 29 19 19 19 11
1630835436.545 55 26 28 18 19 19 13
1630835436.795 52 25 26 19 18 20 12
1630835437.045 54 27 26 16 20 17 12
1630835437.297 52 26 25 18 17 17 16
1630835437.546 53 25 25 16 18 21 15
1630835437.795 54 24 26 18 18 22 16
1630835438.046 53 24 26 19 16 19 14
1630835438.296 52 24 25 21 18 18 15
1630835438.545 53 25 25 17 18 18 15
1630835438.796 53 26 26 18 17 19 14
1630835439.045 55 26 28 18 16 19 12
1630835439.295 55 24 25 17 19 19 13
1630835439.545 54 23 26 17 15 20 13
1630835439.796 55 23 25 19 19 20 12
1630835440.045 53 26 27 19 17 20 14
1630835440.295 52 27 26 21 16 19 13
1630835440.545 55 27 26 17 17 20 14
1630835440.797 53 23 26 18 18 18 12
1630835441.047 57 25 26 17 19 18 11
1630835441.301 51 24 25 18 19 18 13
1630835441.545 53 26 28 18 17 19 12
1630835441.797 51 26 27 19 17 20 12
1630835442.048 52 29 25 20 17 22 11
1630835442.296 52 24 24 17 17 19 13
1630835442.545 54 27 27 17 17 18 16
1630835442.797 53 26 26 17 18 21 12
1630835443.051 53 25 26 20 17 19 16
1630835443.300 53 25 27 17 16 20 14
1630835443.545 52 25 27 18 17 18 11
1630835443.796 53 27 25 17 16 20 13
1630835444.045 53 28 25 19 18 19 13
1630835444.297 53 26 27 18 17 20 12
1630835444.545 55 28 26 17 18 19 13
1630835444.795 52 26 25 16 16 17 13
1630835445.046 55 27 24 17 16 18 11
1630835445.296 56 28 24 18 17 17 13
1630835445.545 52 27 25 19 17 19 13
1630835445.796 55 25 25 18 18 19 12
1630835446.046 54 25 26 18 16 20 12
1630835446.296 53 25 25 19 17 19 13
1630835446.546 54 29 24 16 17 21 14
1630835446.795 54 24 24 17 19 18 13
1630835447.046 53 26 23 20 19 18 16
1630835447.296 53 26 24 20 19 19 12
1630835447.548 55 25 25 18 16 17 13
1630835447.797 53 25 26 20 17 20 14
1630835448.048 51 28 25 18 17 19 13
1630835448.296 53 27 26 18 17 19 14
1630835448.546 52 26 26 20 16 18 14
1630835448.798 53 27 27 17 18 18 14
1630835449.049 54 25 24 17 16 20 16
1630835449.296 55 23 24 18 14 19 14
1630835449.546 58 23 23 19 14 19 13
1630835449.796 53 24 24 22 17 23 13
1630835450.048 53 27 23 18 17 19 15
1630835450.299 54 25 26 19 15 19 15
1630835450.547 51 25 25 18 16 20 13
1630835450.795 54 26 26 18 18 20 12
1630835451.047 54 24 24 17 20 19 11
1630835451.296 54 28 25 16 16 18 13
1630835451.546 54 25 26 19 17 21 14
1630835451.796 52 24 25 17 19 20 13
1630835452.045 53 26 27 18 18 22 14
1630835452.295 54 27 26 18 16 20 13
1630835452.550 54 26 26 17 17 20 13
1630835452.797 53 26 24 19 16 20 14
1630835453.045 54 25 26 18 17 18 12
1630835453.302 54 25 28 17 16 18 13
1630835453.550 54 28 26 18 20 20 13
1630835453.797 51 29 27 17 15 19 14
1630835454.046 54 28 25 16 17 20 15
1630835454.298 53 29 25 19 18 20 15
1630835454.549 51 28 26 21 18 19 13
1630835454.797 54 25 25 18 18 20 13
1630835455.048 54 24 24 18 16 17 13
1630835455.295 56 30 25 17 16 19 13
1630835455.546 53 29 26 16 16 18 14
1630835455.795 51 24 27 17 15 18 11
1630835456.046 54 26 26 16 16 20 13
1630835456.296 54 25 24 17 16 19 12
1630835456.549 53 28 25 21 16 20 12
1630835456.796 52 28 24 18 16 19 12
1630835457.046 53 31 25 19 19 19 15
1630835457.296 55 30 27 19 18 19 14
1630835457.547 54 29 29 18 17 20 13
1630835457.796 55 26 26 18 17 20 14
1630835458.046 54 27 24 17 17 19 15
1630835458.296 53 25 25 19 18 21 14
1630835458.546 54 28 25 19 17 20 10
1630835458.797 54 28 24 18 18 19 13
1630835459.047 54 27 26 18 16 19 13
1630835459.297 54 25 24 17 15 19 13
1630835459.548 52 30 25 19 17 20 12
1630835459.799 53 26 24 19 18 18 12
1630835460.048 53 29 27 18 17 18 14
1630835460.300 54 29 25 19 16 18 13
1630835460.547 52 31 22 17 15 20 14
1630835460.797 52 26 23 18 16 17 14
1630835461.047 54 29 27 17 17 18 16
1630835461.297 54 29 25 22 18 19 14
1630835461.547 52 26 26 19 16 20 15
1630835461.797 55 25 24 17 17 19 13
1630835462.046 52 26 26 17 17 18 12
1630835462.296 52 26 25 17 16 20 14
1630835462.551 53 26 24 17 18 21 15
1630835462.799 53 26 25 20 16 20 14
1630835463.046 53 25 25 17 19 19 14
1630835463.296 52 27 25 16 19 19 15
1630835463.547 53 24 27 20 16 20 13
1630835463.797 53 28 25 18 17 19 13
1630835464.051 54 23 27 18 15 19 10
1630835464.298 56 24 26 17 15 18 12
1630835464.547 53 28 25 17 18 20 12
1630835464.797 53 25 26 17 16 20 13
1630835465.048 55 27 24 19 16 18 12
1630835465.297 52 24 24 18 17 20 14
1630835465.547 54 27 26 18 17 20 14
1630835465.797 52 25 29 18 16 20 13
1630835466.047 53 27 24 17 16 21 12
1630835466.296 53 27 27 16 17 18 14
1630835466.546 53 28 26 17 18 17 12
1630835466.797 53 28 25 19 18 18 13
1630835467.048 55 29 27 17 18 19 12
1630835467.296 53 27 26 16 20 19 13
1630835467.550 55 27 24 17 16 21 12
1630835467.797 55 25 25 16 18 18 12
1630835468.046 53 26 27 19 18 19 14
1630835468.296 53 25 25 18 17 21 14
1630835468.546 52 23 26 16 18 20 13
1630835468.796 54 28 24 17 20 21 14
1630835469.047 54 30 24 18 16 19 12
1630835469.299 52 23 25 17 16 17 12
1630835469.548 53 30 26 17 17 19 11
1630835469.797 51 25 25 20 17 19 12
1630835470.047 52 27 28 16 17 19 14
1630835470.296 52 27 23 18 20 20 14
1630835470.547 53 30 27 17 18 20 14
1630835470.798 53 28 27 18 18 18 13
1630835471.047 54 26 26 18 16 20 14
1630835471.298 54 29 26 18 17 19 11
1630835471.551 52 27 26 17 17 20 14
1630835471.797 55 28 26 17 16 20 13
1630835472.046 55 28 27 16 16 21 13
1630835472.296 54 27 25 19 19 20 13
1630835472.547 53 26 28 18 20 19 13
1630835472.797 53 25 26 17 17 20 13
1630835473.049 56 25 27 17 18 20 13
1630835473.300 53 28 26 18 18 18 16
1630835473.548 56 30 28 19 18 17 14
1630835473.798 54 24 25 17 19 20 13
1630835474.048 56 26 26 17 16 20 13
1630835474.298 52 24 24 17 15 19 12
1630835474.547 54 27 28 20 18 20 12
1630835474.797 55 27 25 19 16 19 13
1630835475.051 53 27 25 17 17 19 14
1630835475.298 54 26 25 17 16 19 13
1630835475.551 52 28 27 17 17 20 13
1630835475.797 52 25 27 17 18 21 13
1630835476.048 53 27 24 17 17 19 13
1630835476.298 56 21 26 17 17 22 15
1630835476.548 52 28 24 19 18 20 13
1630835476.797 55 28 25 16 16 18 14
1630835477.046 55 28 25 21 18 19 12
1630835477.297 52 25 26 16 18 19 14
1630835477.549 52 26 28 18 17 21 12
1630835477.802 52 26 25 18 18 20 13
1630835478.052 53 28 27 19 17 20 14
1630835478.297 56 29 25 18 17 18 15
1630835478.548 55 28 25 19 19 18 13
1630835478.797 52 24 25 18 16 22 15
1630835479.048 53 30 25 17 17 20 12
1630835479.299 54 27 23 18 17 20 14
1630835479.548 53 27 24 18 17 20 12
1630835479.797 52 27 26 18 17 19 13
1630835480.047 54 25 25 20 17 19 13
1630835480.302 55 25 27 18 17 18 11
1630835480.548 56 25 25 17 17 19 13
1630835480.800 55 28 24 16 17 18 13
1630835481.048 53 25 24 17 15 20 13
1630835481.298 53 24 24 17 17 18 13
1630835481.548 52 26 27 17 17 18 13
1630835481.797 52 26 24 18 18 19 12
1630835482.050 52 26 26 17 16 19 14
1630835482.297 52 26 26 16 16 18 11
1630835482.547 55 26 26 17 20 20 14
1630835482.797 54 26 25 17 17 19 13
1630835483.047 55 25 24 17 19 22 11
1630835483.297 54 25 25 16 19 20 14
1630835483.548 53 27 24 18 19 20 12
1630835483.797 52 25 23 17 17 20 13
1630835484.053 54 27 26 17 18 18 13
1630835484.300 51 27 25 17 17 19 12
1630835484.550 54 26 26 19 17 19 14
1630835484.799 55 29 26 18 18 19 14
1630835485.047 54 26 26 16 15 22 13
1630835485.297 53 26 26 17 17 19 14
1630835485.549 53 25 27 16 18 19 13
1630835485.800 52 28 25 17 16 20 13
1630835486.049 52 25 26 18 18 21 14
1630835486.297 53 27 26 19 19 21 12
1630835486.547 52 27 27 17 21 20 13
1630835486.797 52 27 26 18 17 19 14
1630835487.048 52 26 27 17 16 22 14
1630835487.301 54 24 25 17 16 20 15
1630835487.549 53 27 25 18 18 19 12
1630835487.797 57 27 25 18 18 23 13
1630835488.051 54 28 26 18 18 20 14
1630835488.298 55 26 27 17 17 17 12
1630835488.551 52 24 24 18 18 20 13
1630835488.798 54 26 26 18 20 18 12
1630835489.048 54 27 25 15 18 17 12
1630835489.298 53 23 27 18 16 20 14
1630835489.551 55 27 26 18 17 20 12
1630835489.798 53 26 24 15 19 19 13
1630835490.047 54 23 26 19 16 20 13
1630835490.298 55 24 29 21 17 17 14
1630835490.551 55 28 26 16 17 22 13
1630835490.799 54 26 26 19 16 21 12
1630835491.048 56 26 25 18 18 19 14
1630835491.299 53 27 25 17 17 19 12
1630835491.547 53 24 24 19 18 21 12
1630835491.797 52 24 26 19 16 18 15
1630835492.047 54 26 28 16 17 20 13
1630835492.298 53 24 26 17 14 21 13
1630835492.548 55 26 26 18 18 20 13
1630835492.798 52 27 25 19 17 22 14
1630835493.047 53 28 25 17 17 17 13
1630835493.297 54 27 26 17 17 18 12
1630835493.549 54 23 26 19 16 18 13
1630835493.798 52 25 26 18 17 22 15
1630835494.049 53 25 27 18 14 20 15
1630835494.298 52 24 27 18 16 17 15
1630835494.550 53 27 25 18 16 20 14
1630835494.799 53 24 27 17 18 21 12
1630835495.049 55 25 24 17 20 18 14
1630835495.298 54 25 25 17 17 19 13
1630835495.548 53 25 24 18 19 20 13
1630835495.798 55 28 27 19 17 18 10
1630835496.049 54 26 26 17 19 19 15
1630835496.298 54 26 25 17 18 20 13
1630835496.549 54 29 27 16 18 19 12
1630835496.798 54 28 26 17 16 19 13
1630835497.047 52 28 26 18 16 19 11
1630835497.300 52 26 27 18 19 20 13
1630835497.549 52 25 25 17 17 18 12
1630835497.798 54 28 28 20 16 19 12
1630835498.048 52 28 26 17 19 18 12
1630835498.299 52 25 25 17 18 19 13
1630835498.549 52 30 27 19 19 19 12
1630835498.799 54 26 25 18 17 20 14
1630835499.049 54 27 28 18 17 21 14
1630835499.299 51 27 24 17 18 21 12
1630835499.548 55 28 27 19 19 19 14
1630835499.797 53 27 28 20 18 19 13
1630835500.048 52 26 24 16 20 19 11
1630835500.298 55 26 24 20 19 22 14
1630835500.547 52 27 25 18 19 18 12
1630835500.799 53 28 26 19 17 18 13
1630835501.049 51 23 25 18 19 18 13
1630835501.298 54 26 26 17 20 19 16
1630835501.549 53 27 25 19 18 21 12
1630835501.798 56 26 26 17 16 18 14
1630835502.047 55 26 24 18 19 19 13
1630835502.298 53 28 26 18 19 20 13
1630835502.549 54 25 25 17 19 19 15
1630835502.799 54 24 27 17 19 21 12
1630835503.050 52 27 28 18 18 17 13
1630835503.302 53 26 26 21 19 20 13
1630835503.548 55 24 27 19 19 18 12
1630835503.799 51 25 27 20 17 18 12
1630835504.048 53 30 26 18 16 18 12
1630835504.301 54 27 28 18 17 20 12
1630835504.549 52 24 27 16 18 19 12
1630835504.798 52 28 26 19 17 19 14
1630835505.048 55 24 26 17 18 18 11
1630835505.299 54 28 24 18 16 19 14
1630835505.548 57 26 27 18 16 20 14
1630835505.798 54 28 26 19 18 19 14
1630835506.048 53 25 26 18 17 19 13
1630835506.298 51 26 25 17 19 20 13
1630835506.548 52 29 25 19 19 20 13
1630835506.799 51 26 24 18 17 20 13
1630835507.048 54 29 26 17 17 21 13
1630835507.301 52 26 26 20 16 20 13
1630835507.548 51 28 26 17 17 18 13
1630835507.799 54 29 24 20 17 20 12
1630835508.048 53 27 25 18 18 18 11
1630835508.300 54 28 27 18 18 18 13
1630835508.552 54 27 25 18 18 21 12
1630835508.798 52 26 24 17 15 19 12
1630835509.049 54 26 26 18 18 17 12
1630835509.299 55 24 25 19 17 17 12
1630835509.555 52 24 24 16 18 19 12
1630835509.802 51 28 26 17 17 20 13
1630835510.049 52 25 24 18 19 20 14
1630835510.298 54 24 24 18 17 18 13
1630835510.552 52 22 25 15 18 22 12
1630835510.800 51 29 26 19 17 18 11
1630835511.049 54 24 27 17 15 19 11
1630835511.298 51 25 28 20 15 21 11
1630835511.548 55 27 26 17 16 20 13
1630835511.799 55 23 24 19 19 20 13
1630835512.048 53 21 24 18 17 22 13
1630835512.299 53 28 25 18 20 22 15
1630835512.550 52 24 26 20 19 22 13
1630835512.799 52 24 24 19 16 21 13
1630835513.048 57 24 26 18 19 21 15
1630835513.298 54 21 27 20 18 22 14
1630835513.551 54 28 26 20 18 22 11
1630835513.801 51 24 24 19 20 20 13
1630835514.048 53 22 25 17 17 20 13
1630835514.298 54 28 27 20 20 21 12
1630835514.548 53 30 25 20 15 18 15
1630835514.799 56 25 26 18 16 18 13
1630835515.051 57 28 26 15 15 19 12
1630835515.300 54 29 25 18 16 19 12
1630835515.549 52 26 27 17 16 17 15
1630835515.799 54 21 28 18 17 21 11
1630835516.049 53 26 27 17 16 20 12
1630835516.298 53 29 26 22 18 17 11
1630835516.550 52 24 26 17 17 19 13
1630835516.801 54 25 27 17 18 19 12
1630835517.049 55 25 27 17 18 19 13
1630835517.302 52 25 26 19 17 20 13
1630835517.549 55 28 26 17 18 19 14
1630835517.800 52 25 26 19 17 19 15
1630835518.049 53 26 27 20 17 21 13
1630835518.298 55 26 26 18 18 19 12
1630835518.549 52 28 26 16 17 18 12
1630835518.799 54 25 26 19 18 20 12
1630835519.049 53 23 26 19 19 20 12
1630835519.299 52 24 25 18 17 19 11
1630835519.551 53 25 27 18 17 19 12
1630835519.801 53 24 25 16 17 18 14
1630835520.050 52 26 25 18 16 20 13
1630835520.299 52 26 25 17 18 19 12
1630835520.548 55 26 26 17 16 20 12
1630835520.799 51 27 27 20 17 19 11
1630835521.049 54 27 26 18 17 20 12
1630835521.299 55 25 27 20 16 19 12
1630835521.549 51 23 26 17 20 18 12
1630835521.800 53 26 27 17 18 18 11
1630835522.049 53 25 26 18 17 20 12
1630835522.299 56 26 25 18 19 18 11
1630835522.548 53 28 26 21 17 19 12
1630835522.799 54 28 25 18 17 19 13
1630835523.048 54 29 26 18 18 19 11
1630835523.300 53 27 27 16 20 21 13
1630835523.549 53 27 24 18 17 21 12
1630835523.801 52 29 25 17 17 19 15
1630835524.052 54 25 28 17 20 21 13
1630835524.308 54 27 27 17 17 19 14
1630835524.550 53 23 27 17 18 19 14
1630835524.798 53 27 26 18 16 19 12
1630835525.049 53 26 26 20 18 19 13
1630835525.304 51 27 26 17 17 19 12
1630835525.551 54 28 28 17 19 20 11
1630835525.799 54 26 25 19 21 18 13
1630835526.049 57 26 25 19 16 19 12
1630835526.299 53 28 25 20 17 19 13
1630835526.549 54 28 27 19 18 23 10
1630835526.800 52 25 26 17 18 20 13
1630835527.049 52 24 25 19 20 19 11
1630835527.300 52 23 25 15 19 23 11
1630835527.549 54 26 24 19 16 21 13
1630835527.799 54 24 27 16 19 21 13
1630835528.049 51 25 26 19 15 19 14
1630835528.302 51 27 29 19 16 18 11
1630835528.552 55 28 26 17 17 19 14
1630835528.800 56 27 28 19 18 19 14
1630835529.053 53 28 24 18 18 18 14
1630835529.298 54 25 26 17 17 22 13
1630835529.550 50 23 25 18 17 20 12
1630835529.801 54 27 25 18 18 18 12
1630835530.051 53 27 26 18 15 20 11
1630835530.302 56 26 24 18 18 19 14
1630835530.551 53 24 22 18 15 20 12
1630835530.802 52 30 26 18 17 19 11
1630835531.049 52 22 25 20 18 19 12
1630835531.300 53 24 25 18 18 18 13
1630835531.549 53 23 24 19 16 21 14
1630835531.800 51 24 26 19 18 18 12
1630835532.051 55 26 25 18 17 19 12
1630835532.301 54 28 24 19 17 18 13
1630835532.553 53 29 24 19 17 19 11
1630835532.800 52 25 26 19 17 18 13
1630835533.050 55 25 27 19 15 17 12
1630835533.299 55 32 25 19 18 18 12
1630835533.549 54 24 25 16 17 20 11
1630835533.801 52 24 26 17 17 17 13
1630835534.051 51 26 25 18 18 20 11
1630835534.304 52 27 25 20 17 19 12
1630835534.549 51 26 26 17 17 19 13
1630835534.802 54 24 26 17 16 19 15
1630835535.052 54 26 25 18 16 23 12
1630835535.299 51 24 25 18 17 20 14
1630835535.549 53 22 24 18 17 17 12
1630835535.801 56 23 26 16 16 20 10
1630835536.049 54 27 26 20 17 21 15
1630835536.300 54 25 25 19 18 19 13
1630835536.548 52 28 27 19 16 21 12
1630835536.801 54 25 26 19 16 19 12
1630835537.053 52 24 23 18 18 22 12
1630835537.299 51 25 25 18 17 20 15
1630835537.549 54 24 29 19 17 21 12
1630835537.800 55 26 26 18 18 20 16
1630835538.050 52 25 27 17 16 22 15
1630835538.303 54 26 26 16 16 21 14
1630835538.549 56 27 25 17 18 22 15
1630835538.799 54 24 25 18 18 20 14
1630835539.052 55 25 25 18 16 19 12
1630835539.300 53 28 26 19 18 19 14
1630835539.550 55 25 25 18 18 21 12
1630835539.800 51 25 25 21 18 19 13
1630835540.050 54 26 26 20 20 19 12
1630835540.303 54 30 30 18 18 19 13
1630835540.549 57 26 26 16 18 21 12
1630835540.801 54 25 27 18 17 22 14
1630835541.050 55 25 26 18 18 21 11
1630835541.300 53 28 24 18 18 18 14
1630835541.549 53 25 25 18 18 17 13
1630835541.799 54 26 26 17 17 19 12
1630835542.051 54 26 27 17 18 18 13
1630835542.299 55 27 26 17 17 20 13
1630835542.551 54 24 24 20 16 19 14
1630835542.801 54 26 26 18 20 20 12
1630835543.050 52 24 25 18 18 19 12
1630835543.299 52 31 26 17 17 17 13
1630835543.550 53 25 26 17 18 20 13
1630835543.799 52 27 25 20 20 20 15
1630835544.048 52 24 25 19 17 18 14
1630835544.300 55 26 27 17 18 19 12
1630835544.552 54 22 25 18 17 19 12
1630835544.800 53 26 27 17 16 17 12
1630835545.049 53 28 28 19 18 20 12
1630835545.299 53 27 26 16 18 18 13
1630835545.549 52 26 26 18 17 19 13
1630835545.800 52 27 26 19 20 20 11
1630835546.050 53 21 25 19 19 20 13
1630835546.301 51 26 25 17 19 21 14
1630835546.554 54 22 26 18 19 17 13
1630835546.803 53 26 23 18 18 20 13
1630835547.049 52 26 26 20 17 17 12
1630835547.300 53 29 26 20 20 18 13
1630835547.550 55 27 25 18 18 18 13
1630835547.801 56 23 25 18 16 19 13
1630835548.049 54 26 25 19 19 21 14
1630835548.300 52 23 26 16 18 19 17
1630835548.549 52 29 27 21 18 20 14
1630835548.800 52 24 24 18 18 21 14
1630835549.050 53 24 25 18 16 20 12
1630835549.300 53 26 27 17 20 20 11
1630835549.550 53 22 27 18 18 20 13
1630835549.799 56 23 25 20 17 21 15
1630835550.055 55 23 28 19 17 21 13
1630835550.299 56 23 26 17 19 22 15
1630835550.549 53 21 27 18 17 23 14
1630835550.801 54 20 26 16 17 20 14
1630835551.050 54 23 25 19 18 20 14
1630835551.300 52 25 24 18 18 21 14
1630835551.550 52 24 24 19 17 21 16
1630835551.800 52 22 24 18 17 20 14
1630835552.050 55 21 26 17 17 20 14
1630835552.300 51 23 25 17 18 20 14
1630835552.550 55 22 26 18 16 20 12
1630835552.800 53 21 27 17 19 21 13
1630835553.050 54 22 25 18 19 21 13
1630835553.301 52 25 27 20 17 23 15
1630835553.551 53 24 26 17 18 20 12
1630835553.802 53 23 28 20 17 20 13
1630835554.050 54 21 26 16 16 20 14
1630835554.302 53 27 23 19 19 20 12
1630835554.552 53 28 25 17 17 22 15
1630835554.800 56 28 26 20 17 22 15
1630835555.051 53 24 29 20 17 21 16
1630835555.303 54 26 27 19 17 21 14
1630835555.553 52 25 25 17 17 20 14
1630835555.803 54 26 27 20 18 19 15
1630835556.050 55 27 27 17 18 21 15
1630835556.302 52 27 25 18 16 20 17
1630835556.550 55 24 25 17 17 21 16
1630835556.800 54 24 26 18 18 20 13
1630835557.051 53 24 26 16 16 19 16
1630835557.300 55 24 28 17 18 20 12
1630835557.550 52 24 26 17 20 18 12
1630835557.800 55 26 26 19 18 19 12
1630835558.051 54 25 25 20 19 20 11
1630835558.300 53 23 26 17 17 21 15
1630835558.550 54 25 25 17 17 19 16
1630835558.800 53 21 26 19 17 20 13
1630835559.052 53 22 25 16 18 19 16
1630835559.301 55 22 24 20 17 19 15
1630835559.554 53 22 25 17 17 21 11
1630835559.800 54 24 25 20 20 19 16
1630835560.050 51 24 23 19 17 20 14
1630835560.300 54 22 25 19 19 18 12
1630835560.551 51 24 25 21 18 19 14
1630835560.802 54 24 26 18 16 20 14
1630835561.050 55 24 28 20 17 20 14
1630835561.300 55 24 27 19 17 20 16
1630835561.551 53 24 26 17 17 21 15
1630835561.800 53 24 27 17 17 19 13
1630835562.051 54 24 25 20 17 19 14
1630835562.300 53 25 25 19 17 19 15
1630835562.550 52 22 26 17 16 17 12
1630835562.801 54 24 28 21 19 21 14
1630835563.052 54 22 28 17 16 20 13
1630835563.300 52 23 28 17 18 21 13
1630835563.550 54 23 27 19 18 21 12
1630835563.800 55 25 26 17 19 19 13
1630835564.050 54 26 28 19 18 19 15
1630835564.301 55 25 25 18 17 20 12
1630835564.550 53 23 25 19 16 19 13
1630835564.803 53 27 27 19 17 21 14
1630835565.051 54 29 28 18 17 16 12
1630835565.301 54 24 26 20 17 18 12
1630835565.551 53 28 26 19 15 19 12
1630835565.801 52 23 27 19 16 22 11
1630835566.050 54 21 25 16 15 20 12
1630835566.302 54 22 26 18 15 22 10
1630835566.554 55 19 27 18 14 21 11
1630835566.801 52 22 25 18 16 18 11
1630835567.051 54 22 24 20 16 19 12
1630835567.301 53 23 26 17 18 19 13
1630835567.550 52 26 25 18 16 17 11
1630835567.802 52 24 27 19 16 19 12
1630835568.051 53 24 25 17 18 23 12
1630835568.301 53 27 25 19 17 20 11
1630835568.551 52 24 26 19 18 22 12
1630835568.801 54 24 25 19 15 20 14
1630835569.052 54 23 27 17 15 20 11
1630835569.300 53 26 25 17 19 19 13
1630835569.551 51 25 24 20 15 19 15
1630835569.801 53 23 27 19 17 17 12
1630835570.051 54 26 24 19 15 18 13
1630835570.300 53 27 24 20 16 18 13
1630835570.555 55 25 25 18 15 20 17
1630835570.801 55 24 27 18 17 20 11
1630835571.052 52 26 24 17 16 20 15
1630835571.300 52 25 25 16 17 20 12
1630835571.551 53 25 27 19 16 19 13
1630835571.800 55 23 24 17 16 22 14
1630835572.050 52 25 25 18 18 19 14
1630835572.300 52 25 28 18 16 18 14
1630835572.550 53 24 26 16 17 18 12
1630835572.801 53 26 25 20 17 17 12
1630835573.051 52 23 26 19 17 18 16
1630835573.301 53 25 25 19 16 22 13
1630835573.550 54 23 27 17 15 23 13
1630835573.800 53 22 24 22 16 21 12
1630835574.051 52 28 26 20 17 20 13
1630835574.301 53 24 26 17 14 22 12
1630835574.551 54 26 26 20 17 21 12
1630835574.801 54 27 28 16 19 19 11
1630835575.051 56 25 27 17 18 20 14
1630835575.301 51 24 25 18 16 18 12
1630835575.550 56 27 26 17 16 20 15
1630835575.801 51 26 26 18 18 19 13
1630835576.050 54 24 26 17 17 21 12
1630835576.300 54 24 25 19 18 20 12
1630835576.555 52 28 27 20 18 17 12
1630835576.801 54 21 27 21 16 20 11
1630835577.051 56 23 26 19 17 17 12
1630835577.302 54 23 24 20 18 20 14
1630835577.551 53 25 27 18 19 20 12
1630835577.801 53 27 25 18 21 19 13
1630835578.051 53 24 24 16 17 19 12
1630835578.304 53 27 27 18 20 22 13
1630835578.552 53 26 26 20 20 22 12
1630835578.802 54 25 26 17 18 20 14
1630835579.050 55 27 25 19 18 21 13
1630835579.300 53 24 27 18 17 18 14
1630835579.552 52 25 24 18 16 17 12
1630835579.800 53 24 25 19 18 19 17
1630835580.053 54 24 26 21 19 19 12
1630835580.302 52 24 25 19 16 20 10
1630835580.551 53 22 27 17 18 21 13
1630835580.802 55 25 25 18 18 19 14
1630835581.052 53 25 27 17 18 20 13
1630835581.303 53 23 26 20 18 18 12
1630835581.551 53 22 27 20 16 17 12
1630835581.802 52 27 26 18 17 21 15
1630835582.053 53 25 26 19 16 22 11
1630835582.303 53 24 24 17 17 22 13
1630835582.553 55 23 26 18 18 19 13
1630835582.802 54 26 25 21 18 19 12
1630835583.051 52 26 26 18 17 19 12
1630835583.301 54 25 26 18 17 20 13
1630835583.552 52 25 25 19 17 21 13
1630835583.803 52 24 26 19 16 19 13
1630835584.052 52 25 27 20 17 20 14
1630835584.304 52 26 24 18 18 20 11
1630835584.551 54 24 26 17 17 19 15
1630835584.801 52 21 26 20 18 22 14
1630835585.052 53 26 26 18 16 20 13
1630835585.302 53 22 24 18 16 18 13
1630835585.551 54 25 27 19 19 20 12
1630835585.804 52 27 26 18 15 19 14
1630835586.051 54 26 25 18 19 20 14
1630835586.301 52 24 26 17 17 20 14
1630835586.551 54 25 26 18 16 18 13
1630835586.801 52 25 25 17 17 18 13
1630835587.051 53 25 24 19 16 20 14
1630835587.301 53 29 28 17 18 18 12
1630835587.554 52 22 26 18 17 21 12
1630835587.802 54 23 26 19 16 21 12
1630835588.051 55 26 26 18 16 20 12
1630835588.301 54 25 26 19 18 18 13
1630835588.553 53 25 23 20 18 19 12
1630835588.802 52 25 26 20 18 18 14
1630835589.055 54 26 25 18 15 17 12
1630835589.303 55 26 25 17 17 19 15
1630835589.552 52 26 25 18 18 20 13
1630835589.802 54 26 24 18 18 22 11
1630835590.052 53 26 25 16 20 21 14
1630835590.303 52 28 26 17 18 19 13
1630835590.553 54 29 23 18 18 19 12
1630835590.802 54 24 25 19 18 19 14
1630835591.051 54 25 25 18 17 19 12
1630835591.301 55 24 26 17 19 20 14
1630835591.552 54 25 25 19 16 20 11
1630835591.801 53 26 26 18 17 20 13
1630835592.051 52 26 28 18 15 20 12
1630835592.301 54 24 28 18 17 22 11
1630835592.552 54 26 29 19 17 22 13
1630835592.802 54 23 24 16 16 18 13
1630835593.052 55 25 27 18 15 21 13
1630835593.301 53 25 24 18 20 20 13
1630835593.551 54 26 26 17 17 21 13
1630835593.801 53 24 24 19 17 21 10
1630835594.051 52 27 25 19 19 20 12
1630835594.301 54 27 26 17 16 19 15
1630835594.553 54 26 24 19 19 18 11
1630835594.804 52 26 25 18 17 19 15
1630835595.054 54 26 25 17 19 21 12
1630835595.302 52 24 25 17 19 20 12
1630835595.552 55 26 25 20 17 19 14
1630835595.805 53 23 26 18 18 22 14
1630835596.051 53 26 27 18 19 21 14
1630835596.303 55 26 27 20 17 20 15
1630835596.552 54 25 24 18 18 21 14
1630835596.801 52 28 25 17 17 20 13
1630835597.051 53 26 26 17 17 20 11
1630835597.302 52 27 26 16 16 19 12
1630835597.551 56 25 26 19 16 20 13
1630835597.801 52 27 24 18 17 21 14
1630835598.052 53 28 24 18 17 18 14
1630835598.301 54 25 24 16 19 22 13
1630835598.551 54 24 27 18 18 20 13
1630835598.804 52 24 24 17 16 21 14
1630835599.052 53 24 27 17 17 20 16
1630835599.304 53 28 25 18 18 21 11
1630835599.551 52 26 25 19 17 20 11
1630835599.802 53 28 24 19 15 20 12
1630835600.051 53 28 25 17 17 20 12
1630835600.301 52 25 26 19 18 21 12
1630835600.552 54 26 24 16 18 19 13
1630835600.802 52 27 24 19 18 18 11
1630835601.052 56 26 24 16 16 19 13
1630835601.302 52 24 27 20 18 20 13
1630835601.551 53 26 25 17 16 20 13
1630835601.802 54 24 25 16 17 19 11
1630835602.052 52 24 25 18 17 20 12
1630835602.302 52 25 25 18 17 20 13
1630835602.551 52 26 25 17 17 19 13
1630835602.801 54 28 26 18 16 18 17
1630835603.053 53 29 26 17 17 21 14
1630835603.302 53 27 25 17 18 19 12
1630835603.552 56 28 27 20 17 19 12
1630835603.803 56 24 29 18 16 20 14
1630835604.052 54 29 27 18 19 20 15
1630835604.305 55 29 28 18 18 19 13
1630835604.552 51 26 26 16 17 18 13
1630835604.802 52 27 27 17 16 20 11
1630835605.051 53 29 26 17 17 18 13
1630835605.302 55 23 26 17 16 19 13
1630835605.552 52 25 26 17 20 19 12
1630835605.803 56 31 23 18 17 20 15
1630835606.054 53 24 25 19 18 18 14
1630835606.303 54 31 24 19 17 20 12
1630835606.553 54 26 25 17 16 20 15
1630835606.803 54 25 25 18 15 18 12
1630835607.053 52 30 24 17 18 19 13
1630835607.304 54 25 24 20 17 19 11
1630835607.552 53 27 24 18 16 19 13
1630835607.802 53 28 24 18 19 19 14
1630835608.053 53 26 25 17 18 21 12
1630835608.303 54 25 25 18 19 17 14
1630835608.555 53 24 25 18 18 18 13
1630835608.805 51 23 28 17 16 20 14
1630835609.055 53 28 25 16 17 18 11
1630835609.302 53 29 25 17 16 18 14
1630835609.553 56 27 25 19 18 20 12
1630835609.801 51 29 24 18 18 18 12
1630835610.052 53 28 26 16 17 18 14
1630835610.303 54 26 28 16 17 19 14
1630835610.555 53 23 25 17 17 20 12
1630835610.805 55 21 25 16 18 17 15
1630835611.051 54 23 27 17 17 18 12
1630835611.302 52 27 25 20 19 17 14
1630835611.552 54 28 25 20 19 18 12
1630835611.801 52 29 27 19 16 18 14
1630835612.052 55 26 27 16 18 19 11
1630835612.303 54 26 26 17 19 19 12
1630835612.552 53 27 25 18 19 18 13
1630835612.804 55 28 25 17 16 19 13
1630835613.052 55 26 26 18 17 20 12
1630835613.304 55 27 26 15 17 20 13
1630835613.553 53 25 26 17 18 21 13
1630835613.802 52 26 25 18 18 18 12
1630835614.053 54 28 26 17 18 18 12
1630835614.304 53 27 24 19 17 20 12
1630835614.555 54 28 26 16 18 19 14
1630835614.802 52 28 24 16 18 18 12
1630835615.052 56 26 26 16 19 19 13
1630835615.302 53 27 25 18 19 18 13
1630835615.556 53 26 24 18 19 17 12
1630835615.803 54 27 24 17 16 18 13
1630835616.053 51 28 23 18 18 20 15
1630835616.303 55 25 26 16 19 20 12
1630835616.556 54 28 25 19 17 18 13
1630835616.805 54 30 26 19 17 15 12
1630835617.053 52 23 26 18 16 25 12
1630835617.302 53 21 26 18 17 24 12
1630835617.553 53 21 25 21 15 26 14
1630835617.802 52 20 25 17 17 23 14
1630835618.052 54 24 26 17 16 21 11
1630835618.303 53 24 26 18 17 18 13
1630835618.552 54 27 25 18 17 20 12
1630835618.804 57 28 26 19 20 18 13
1630835619.052 52 29 28 19 17 19 12
1630835619.302 52 27 25 16 17 17 13
1630835619.553 54 27 27 19 16 20 13
1630835619.803 54 26 27 17 19 21 14
1630835620.052 54 27 23 17 16 17 13
1630835620.303 53 23 25 17 15 22 13
1630835620.555 52 21 24 20 18 25 12
1630835620.802 55 20 23 20 16 24 14
1630835621.053 53 20 25 19 18 26 12
1630835621.305 52 20 25 17 15 23 10
1630835621.553 52 20 26 17 16 24 11
1630835621.803 52 23 25 19 16 24 11
1630835622.053 55 24 24 18 18 18 14
1630835622.304 55 24 27 19 15 20 12
1630835622.552 54 26 25 18 18 18 11
1630835622.802 51 29 25 17 18 19 11
1630835623.053 54 28 27 18 17 20 14
1630835623.302 53 27 27 18 18 19 14
1630835623.553 52 25 26 21 16 20 11
1630835623.803 56 26 29 19 16 22 14
1630835624.056 56 27 27 17 17 21 11
1630835624.303 55 28 27 18 18 21 12
1630835624.552 55 27 24 16 16 19 14
1630835624.806 52 28 26 18 15 19 13
1630835625.053 54 24 24 20 17 21 15
1630835625.304 54 26 26 20 15 20 12
1630835625.553 54 25 25 17 17 20 12
1630835625.804 52 27 25 17 17 22 12
1630835626.052 52 28 26 18 19 20 12
1630835626.302 53 27 25 18 18 17 12
1630835626.553 56 28 27 18 18 19 14
1630835626.803 54 28 26 18 18 19 13
1630835627.053 52 27 24 17 18 21 13
1630835627.303 51 29 24 17 18 19 14
1630835627.555 51 29 26 15 18 18 13
1630835627.803 53 28 25 19 16 20 12
1630835628.054 53 29 27 19 18 20 15
1630835628.303 55 26 26 16 20 19 11
1630835628.554 55 19 26 20 18 18 12
1630835628.803 52 22 24 18 14 21 12
1630835629.054 51 19 24 20 16 19 14
1630835629.304 52 20 26 18 17 23 13
1630835629.555 53 22 25 16 18 19 13
1630835629.804 52 21 27 21 18 18 14
1630835630.056 55 23 24 19 18 22 14
1630835630.306 53 20 25 19 18 20 13
1630835630.556 54 20 27 18 22 17 14
1630835630.802 55 20 25 18 18 19 12
1630835631.053 54 19 27 17 17 22 15
1630835631.303 52 23 28 20 16 20 12
1630835631.553 53 21 28 19 18 20 11
1630835631.803 55 20 25 19 17 19 14
1630835632.057 50 21 26 16 19 19 14
1630835632.305 56 21 26 18 18 21 12
1630835632.556 55 22 27 18 18 20 13
1630835632.803 50 19 25 18 19 23 13
1630835633.053 55 19 26 17 19 21 12
1630835633.303 52 20 26 18 18 20 13
1630835633.553 53 25 25 18 20 19 14
1630835633.804 54 23 25 17 19 21 11
1630835634.054 51 24 26 16 17 19 13
1630835634.303 51 21 27 17 18 20 11
1630835634.553 54 22 28 18 18 19 14
1630835634.802 54 20 25 19 17 19 11
1630835635.052 52 20 25 18 18 18 13
1630835635.305 52 24 26 18 18 18 12
1630835635.555 53 22 25 19 17 17 12
1630835635.803 52 21 27 17 17 18 12
1630835636.053 52 20 26 18 19 18 13
1630835636.305 53 21 26 18 19 19 12
1630835636.553 52 19 24 19 17 18 12
1630835636.803 54 20 26 18 18 17 12
1630835637.054 50 23 26 17 17 16 12
1630835637.306 55 22 24 17 17 18 12
1630835637.557 52 21 26 18 18 20 13
1630835637.804 54 21 26 18 21 17 13
1630835638.053 53 20 27 20 21 19 12
1630835638.303 54 20 25 19 18 22 15
1630835638.556 52 20 26 18 18 20 13
1630835638.803 53 19 25 16 17 19 13
1630835639.052 55 28 26 18 16 18 13
1630835639.306 53 31 27 17 18 19 12
1630835639.556 51 27 25 17 17 17 13
1630835639.803 52 26 26 17 19 19 12
1630835640.053 52 26 26 19 16 19 13
1630835640.303 54 25 26 20 16 18 13
1630835640.553 53 24 25 19 19 21 14
1630835640.807 52 27 25 20 19 19 12
1630835641.056 53 27 26 19 18 19 13
1630835641.305 53 25 25 18 20 18 15
1630835641.555 51 27 27 19 17 19 13
1630835641.804 55 28 27 17 17 18 12
1630835642.052 54 25 27 18 20 17 13
1630835642.302 55 28 27 19 17 20 13
1630835642.554 53 25 25 17 17 21 13
1630835642.804 53 26 24 18 20 18 14
1630835643.054 53 24 25 19 19 19 13
1630835643.305 55 26 23 17 19 18 15
1630835643.554 53 26 26 19 17 18 12
1630835643.803 52 26 23 17 16 18 12
1630835644.054 53 27 27 16 20 18 14
1630835644.305 53 28 30 17 17 19 13
1630835644.553 52 25 26 18 17 19 14
1630835644.804 51 26 25 16 18 20 15
1630835645.053 53 26 26 18 16 21 14
1630835645.303 55 28 24 18 16 19 13
1630835645.553 55 28 25 18 17 19 11
1630835645.803 54 29 28 18 18 18 12
1630835646.053 54 27 27 16 21 20 13
1630835646.307 53 27 27 17 17 20 12
1630835646.553 53 27 26 16 16 20 12
1630835646.803 54 29 26 17 19 19 12
1630835647.053 52 28 27 17 19 20 15
1630835647.303 53 28 25 18 17 19 13
1630835647.553 53 28 26 19 18 20 13
1630835647.806 51 24 27 18 18 19 13
1630835648.053 51 30 24 18 17 19 12
1630835648.304 53 27 25 18 16 17 13
1630835648.556 53 28 23 17 17 21 15
1630835648.803 56 27 25 18 18 19 12
1630835649.054 54 29 26 19 19 19 15
1630835649.303 51 26 25 17 20 18 13
1630835649.554 52 29 25 18 17 20 12
1630835649.803 52 28 26 17 16 22 14
1630835650.054 54 30 26 16 17 17 13
1630835650.303 54 30 25 17 17 19 13
1630835650.554 54 27 26 19 18 22 16
1630835650.804 53 23 27 17 19 18 12
1630835651.053 53 21 25 19 22 22 11
1630835651.303 52 22 24 18 17 23 11
1630835651.557 54 24 26 18 17 22 13
1630835651.808 53 19 25 18 19 20 13
1630835652.057 53 22 24 17 18 19 12
1630835652.304 53 26 25 17 19 19 16
1630835652.554 54 23 25 17 17 19 13
1630835652.805 54 24 28 18 18 19 13
1630835653.054 51 20 25 19 21 18 14
1630835653.305 52 20 24 17 19 19 14
1630835653.554 53 24 25 16 18 17 13
1630835653.804 53 22 28 17 18 19 14
1630835654.054 53 22 25 17 16 20 13
1630835654.304 51 24 26 18 17 18 15
1630835654.556 52 23 25 18 18 19 14
1630835654.804 53 22 24 19 19 18 15
1630835655.054 53 24 25 19 17 20 15
1630835655.304 52 21 25 20 17 17 15
1630835655.554 55 22 24 19 18 18 12
1630835655.804 53 20 25 18 18 18 14
1630835656.053 55 21 28 18 19 19 11
1630835656.303 53 20 25 17 20 18 12
1630835656.558 53 20 24 18 19 19 11
1630835656.805 52 22 25 20 17 18 11
1630835657.054 54 20 26 19 18 18 14
1630835657.305 51 20 25 19 18 18 11
1630835657.554 53 21 25 18 17 21 11
1630835657.808 53 22 23 18 18 20 12
1630835658.055 54 24 25 19 17 17 12
1630835658.307 53 21 26 20 17 18 13
1630835658.557 53 21 25 19 18 19 13
1630835658.805 52 23 25 16 19 20 10
1630835659.055 54 25 24 17 18 19 11
1630835659.305 54 21 26 18 18 18 11
1630835659.555 54 20 23 19 19 19 13
1630835659.804 55 23 26 18 17 18 12
1630835660.057 52 22 24 19 19 18 14
1630835660.308 52 22 26 20 17 19 13
1630835660.558 53 20 27 19 18 18 12
1630835660.805 54 19 24 18 19 18 12
1630835661.054 52 20 25 20 19 20 13
1630835661.304 55 22 26 19 19 21 13
1630835661.555 53 23 25 17 19 23 15
1630835661.805 52 23 26 19 22 22 11
1630835662.056 51 24 24 17 17 21 14
1630835662.307 54 22 25 19 20 23 13
1630835662.554 53 23 25 17 21 23 12
1630835662.806 51 22 27 20 19 24 12
1630835663.054 54 23 27 19 21 21 13
1630835663.304 52 21 26 18 20 24 12
1630835663.558 55 22 26 19 21 22 11
1630835663.804 53 24 24 17 21 22 12
1630835664.057 52 21 25 17 21 22 11
1630835664.304 52 22 24 17 18 23 14
1630835664.554 52 22 24 17 18 22 15
1630835664.806 54 22 25 16 19 21 15
1630835665.055 54 22 26 16 19 21 13
1630835665.309 53 18 24 17 21 20 12
1630835665.555 52 20 27 16 20 20 13
1630835665.804 53 19 25 18 18 20 14
1630835666.054 55 21 27 17 19 20 12
1630835666.305 55 24 24 17 18 22 12
1630835666.555 51 21 25 16 18 21 14
1630835666.806 53 17 23 16 20 20 14
1630835667.057 51 22 27 17 22 17 14
1630835667.307 53 22 27 18 20 20 13
1630835667.555 53 23 26 18 21 20 12
1630835667.804 52 21 27 18 19 19 14
1630835668.055 52 21 26 19 20 16 15
1630835668.305 54 19 24 18 20 20 12
1630835668.557 56 23 28 17 19 19 11
1630835668.806 54 26 26 14 19 19 11
1630835669.055 55 27 26 17 18 20 12
1630835669.305 53 24 26 18 18 20 12
1630835669.555 54 28 27 17 16 19 11
1630835669.805 55 26 24 19 17 19 12
1630835670.054 55 25 27 17 20 17 13
1630835670.304 53 27 26 19 18 18 15
1630835670.555 52 25 25 18 17 18 12
1630835670.806 52 22 26 17 17 17 13
1630835671.055 54 25 27 16 18 19 12
1630835671.304 53 25 25 16 17 19 12
1630835671.555 54 27 26 18 17 19 12
1630835671.804 53 28 26 18 18 17 11
1630835672.054 57 27 26 18 19 18 11
1630835672.305 52 28 25 17 16 18 13
1630835672.555 55 25 25 17 16 18 14
1630835672.805 53 26 25 17 20 20 13
1630835673.056 52 28 27 18 18 20 14
1630835673.305 53 25 25 16 17 17 12
1630835673.555 54 27 26 18 15 18 15
1630835673.804 53 30 26 18 17 18 12
1630835674.055 53 27 26 17 18 17 12
1630835674.304 55 28 25 16 18 18 15
1630835674.555 53 27 26 17 19 17 12
1630835674.804 55 31 26 18 16 19 11
1630835675.055 54 25 27 15 18 18 13
1630835675.305 53 30 26 17 20 19 13
1630835675.555 52 26 25 16 19 22 14
1630835675.807 56 21 26 17 20 22 14
1630835676.054 55 22 25 17 18 22 12
1630835676.304 55 22 27 18 20 22 13
1630835676.554 52 21 27 20 18 21 13
1630835676.805 53 23 25 17 17 21 13
1630835677.054 51 21 25 18 20 22 13
1630835677.304 54 22 24 18 18 22 14
1630835677.555 55 22 26 17 20 24 13
1630835677.805 53 22 25 18 21 21 12
1630835678.054 54 22 26 17 16 22 10
1630835678.305 54 22 27 17 20 24 12
1630835678.554 53 24 26 19 19 20 13
1630835678.804 52 25 26 19 20 23 13
1630835679.055 54 26 25 17 19 21 11
1630835679.307 52 26 26 19 19 21 13
1630835679.555 53 28 26 17 18 18 12
1630835679.804 56 25 27 17 19 20 15
1630835680.057 54 27 27 17 17 18 13
1630835680.306 50 25 25 18 19 22 13
1630835680.556 54 28 27 17 17 20 12
1630835680.805 53 28 26 16 17 19 13
1630835681.055 52 27 27 19 18 17 15
1630835681.305 55 26 25 17 19 22 14
1630835681.555 53 27 26 18 20 17 12
1630835681.806 55 23 26 17 16 19 12
1630835682.055 54 27 25 20 18 19 12
1630835682.305 56 26 26 16 20 19 14
1630835682.554 53 26 27 16 20 18 12
1630835682.807 53 26 26 17 16 17 13
1630835683.055 53 27 25 17 16 18 13
1630835683.305 53 25 26 16 17 18 14
1630835683.554 53 25 26 18 18 20 12
1630835683.806 53 26 26 18 16 20 14
1630835684.055 52 27 26 16 19 18 11
1630835684.306 55 31 26 17 19 19 13
1630835684.555 53 30 26 16 18 18 15
1630835684.805 54 28 27 18 17 18 11
1630835685.054 54 27 26 19 18 17 13
1630835685.305 51 27 25 19 16 18 14
1630835685.555 51 28 27 17 18 20 13
1630835685.812 53 31 25 15 17 18 13
1630835686.056 53 29 27 17 17 21 12
1630835686.307 52 27 27 16 17 18 13
1630835686.559 53 26 26 17 18 18 12
1630835686.806 52 27 26 16 16 18 11
1630835687.056 52 27 25 17 20 16 11
1630835687.305 53 27 25 18 17 19 14
1630835687.557 54 28 26 17 18 18 13
1630835687.810 54 27 29 16 18 19 15
1630835688.055 53 26 27 17 17 18 12
1630835688.307 51 26 25 16 18 19 13
1630835688.556 52 28 24 17 16 20 13
1630835688.805 55 26 23 18 19 18 11
1630835689.055 54 26 27 15 17 18 12
1630835689.307 53 31 26 18 17 18 13
1630835689.557 53 28 25 17 17 19 14
1630835689.805 54 29 25 16 17 19 13
1630835690.056 51 28 27 17 17 20 12
1630835690.307 54 26 26 17 19 19 13
1630835690.555 51 25 26 17 16 21 13
1630835690.805 55 26 26 18 19 20 12
1630835691.055 53 29 24 17 18 17 15
1630835691.307 54 30 25 19 16 18 12
1630835691.555 54 26 25 17 15 19 10
1630835691.806 52 26 26 16 17 20 10
1630835692.055 53 25 27 17 16 17 13
1630835692.305 56 26 26 17 17 19 11
1630835692.560 54 31 26 16 17 19 12
1630835692.806 53 29 26 19 17 19 13
1630835693.055 54 28 26 20 15 19 11
1630835693.308 52 28 25 19 18 18 11
1630835693.558 53 27 26 18 18 18 14
1630835693.806 53 30 26 16 18 19 12
1630835694.055 53 29 27 18 19 18 12
1630835694.305 53 28 25 19 19 19 12
1630835694.555 53 28 27 16 17 19 13
1630835694.806 55 27 26 18 16 18 12
1630835695.058 53 29 26 17 17 19 12
1630835695.307 52 30 26 16 17 18 14
1630835695.555 52 30 23 16 18 19 12
1630835695.806 53 27 24 17 19 19 12
1630835696.055 55 27 24 20 18 19 13
1630835696.306 51 26 25 18 18 17 14
1630835696.556 52 27 25 21 17 20 11
1630835696.806 53 27 26 16 18 16 13
1630835697.055 53 29 25 17 18 20 13
1630835697.305 53 28 27 18 18 18 12
1630835697.555 52 26 27 16 19 19 13
1630835697.806 55 27 27 18 18 18 12
1630835698.056 55 26 25 15 15 18 14
1630835698.306 54 26 26 17 18 16 13
1630835698.556 55 26 28 16 17 18 11
1630835698.805 54 29 24 19 18 17 13
1630835699.056 54 27 26 17 19 19 15
1630835699.306 53 28 29 16 18 17 13
1630835699.556 54 28 25 17 16 18 10
1630835699.805 54 27 27 17 15 20 12
1630835700.056 55 27 27 17 16 21 16
1630835700.306 53 29 25 18 19 17 14
1630835700.556 53 27 27 18 17 21 12
1630835700.805 54 27 24 17 16 20 12
1630835701.056 55 28 25 17 19 19 15
1630835701.305 50 29 25 20 17 19 12
1630835701.555 53 28 26 18 19 19 13
1630835701.810 53 27 26 16 16 18 12
1630835702.055 52 26 25 17 17 21 15
1630835702.307 54 28 26 16 17 18 14
1630835702.556 54 24 26 16 18 23 11
1630835702.806 53 26 26 18 20 22 14
1630835703.056 54 26 28 17 21 20 16
1630835703.306 54 23 29 17 20 23 12
1630835703.556 52 20 25 16 18 21 13
1630835703.806 54 21 26 22 18 22 14
1630835704.058 53 24 23 20 16 17 13
1630835704.311 53 29 25 17 23 19 12
1630835704.556 56 27 27 17 22 20 13
1630835704.807 53 27 26 19 21 19 14
1630835705.056 52 26 25 19 22 21 12
1630835705.306 52 25 24 18 18 19 11
1630835705.557 53 24 26 19 19 21 12
1630835705.811 55 21 26 17 19 22 13
1630835706.058 54 24 27 16 19 21 14
1630835706.308 53 28 28 17 19 18 11
1630835706.557 54 29 27 18 17 17 11
1630835706.806 54 29 25 19 17 19 12
1630835707.056 52 28 26 16 15 18 12
1630835707.307 54 27 26 19 18 19 13
1630835707.556 53 26 26 17 18 18 13
1630835707.806 53 29 26 19 18 17 13
1630835708.055 52 29 25 16 17 19 13
1630835708.307 54 27 27 15 18 19 12
1630835708.556 54 28 23 19 19 19 12
1630835708.806 55 28 26 19 20 17 12
1630835709.055 51 28 26 18 16 18 12
1630835709.306 54 28 27 17 19 18 13
1630835709.555 53 28 26 17 16 19 15
1630835709.806 52 30 26 18 18 18 13
1630835710.059 56 30 27 16 17 17 12
1630835710.315 53 30 25 16 16 17 11
1630835710.558 54 27 26 17 15 18 13
1630835710.807 52 27 27 18 16 18 12
1630835711.056 52 26 26 18 16 18 12
1630835711.307 53 27 23 16 16 18 13
1630835711.557 52 26 28 16 16 19 12
1630835711.809 54 26 25 18 17 19 13
1630835712.056 53 28 26 17 20 19 14
1630835712.306 52 28 26 18 21 17 13
1630835712.556 51 29 25 20 17 17 14
1630835712.807 53 29 26 17 16 18 11
1630835713.057 53 27 25 17 15 21 14
1630835713.307 54 27 26 17 18 18 12
1630835713.556 53 29 27 19 19 19 12
1630835713.806 52 27 25 18 16 19 12
1630835714.056 53 25 25 18 17 17 14
1630835714.307 52 27 26 18 18 20 11
1630835714.559 55 25 25 16 18 18 13
1630835714.808 56 27 25 17 17 19 10
1630835715.060 54 28 27 16 18 18 13
1630835715.306 53 27 25 17 18 17 12
1630835715.559 54 29 26 18 17 18 11
1630835715.808 52 26 25 17 19 17 12
1630835716.057 55 25 27 18 16 18 12
1630835716.310 55 27 26 16 15 22 12
1630835716.556 53 28 24 17 18 15 10
1630835716.806 53 27 27 18 16 18 13
1630835717.056 52 29 25 16 18 19 14
1630835717.306 54 27 26 17 17 19 12
1630835717.556 53 28 26 17 20 20 14
1630835717.807 55 29 25 18 17 20 15
1630835718.056 52 27 27 18 19 20 13
1630835718.307 53 25 26 16 17 20 15
1630835718.555 53 29 27 16 16 17 12
1630835718.807 53 28 25 18 17 18 13
1630835719.057 52 27 26 18 19 17 14
1630835719.306 52 28 25 17 18 19 12
1630835719.556 56 27 26 17 16 18 13
1630835719.807 54 26 26 18 18 19 13
1630835720.055 53 27 26 17 19 19 13
1630835720.306 53 29 25 18 17 20 13
1630835720.557 51 27 28 18 18 19 13
1630835720.807 52 30 27 17 16 18 11
1630835721.056 54 28 25 19 18 20 12
1630835721.306 52 28 26 20 18 19 14
1630835721.557 54 28 27 17 16 17 12
1630835721.807 56 27 26 16 17 18 11
1630835722.058 53 27 26 16 19 17 15
1630835722.306 54 27 28 17 20 20 14
1630835722.556 51 25 25 18 18 17 12
1630835722.807 53 26 26 17 19 20 15
1630835723.056 54 24 25 17 16 20 13
1630835723.306 54 28 27 18 18 19 14
1630835723.557 54 26 26 17 16 22 12
1630835723.807 53 28 27 16 17 20 13
1630835724.059 55 32 26 18 19 18 14
1630835724.307 54 27 27 19 19 17 13
1630835724.557 53 25 26 16 17 18 12
1630835724.807 55 26 26 19 16 19 14
1630835725.057 52 28 24 18 18 18 13
1630835725.308 53 26 27 18 18 19 12
1630835725.557 54 27 26 17 19 21 12
1630835725.806 52 30 26 16 19 20 12
1630835726.056 53 25 26 18 20 19 13
1630835726.306 54 28 26 18 20 18 15
1630835726.558 52 26 26 17 18 19 14
1630835726.807 52 29 25 18 16 19 12
1630835727.058 56 27 24 22 16 18 12
1630835727.306 56 27 27 17 16 18 12
1630835727.559 51 25 25 16 18 19 12
1630835727.807 54 26 25 19 17 19 12
1630835728.056 53 28 26 18 17 18 15
1630835728.306 53 27 27 18 19 19 12
1630835728.557 52 26 27 17 18 20 16
1630835728.807 53 27 26 19 18 20 14
1630835729.057 53 27 24 16 18 20 13
1630835729.311 54 26 26 16 16 19 12
1630835729.558 54 26 27 21 17 18 12
1630835729.807 57 26 28 16 18 19 13
1630835730.058 53 26 26 16 16 18 12
1630835730.307 53 27 27 16 19 19 14
1630835730.557 51 27 28 16 19 17 11
1630835730.807 55 27 27 18 17 17 15
1630835731.059 54 26 28 18 15 18 14
1630835731.308 52 28 29 17 19 18 11
1630835731.557 51 28 26 18 17 18 13
1630835731.806 53 24 26 17 16 18 13
1630835732.058 52 27 25 17 16 19 15
1630835732.306 52 29 26 19 14 18 13
1630835732.560 53 27 27 18 16 20 12
1630835732.808 52 26 29 17 17 17 15
1630835733.057 55 28 29 17 19 18 13
1630835733.307 55 27 27 18 17 20 11
1630835733.558 54 31 25 19 20 21 13
1630835733.809 53 29 25 18 18 17 13
1630835734.058 53 26 26 16 18 20 13
1630835734.311 54 29 28 21 19 20 13
1630835734.561 55 26 25 16 16 20 13
1630835734.808 55 27 28 18 17 19 12
1630835735.060 53 29 25 17 18 19 13
1630835735.311 54 25 27 18 18 19 12
1630835735.560 54 28 27 16 15 17 12
1630835735.808 55 27 28 17 16 18 14
1630835736.058 52 26 28 18 17 21 13
1630835736.308 54 20 25 17 19 17 14
1630835736.557 53 22 27 17 17 18 13
1630835736.807 55 27 26 15 19 17 12
1630835737.057 55 26 28 17 18 18 13
1630835737.306 51 26 27 19 18 18 12
1630835737.557 53 30 26 18 17 17 11
1630835737.807 56 27 27 19 19 19 12
1630835738.056 53 29 25 17 16 20 13
1630835738.306 54 28 26 16 16 19 12
1630835738.557 53 29 23 17 16 21 13
1630835738.807 52 27 25 17 18 22 11
1630835739.056 51 29 28 18 18 22 13
1630835739.307 54 30 25 18 18 19 13
1630835739.557 54 28 26 18 16 22 15
1630835739.806 53 28 26 17 17 20 12
1630835740.057 53 32 29 18 19 18 12
1630835740.306 52 31 27 18 18 19 13
1630835740.558 52 31 29 19 18 20 12
1630835740.808 55 30 27 17 17 18 13
1630835741.058 55 29 26 19 18 20 12
1630835741.306 52 27 26 17 17 19 11
1630835741.556 53 28 25 18 18 21 13
1630835741.807 53 31 26 17 18 20 13
1630835742.057 54 31 26 18 20 20 14
1630835742.308 53 28 26 17 20 23 12
1630835742.556 53 28 28 19 18 21 12
