1633940994.328 46 36 26 18 11 12 5
1633940994.575 46 34 26 17 11 12 6
1633940994.825 46 34 27 19 11 12 8
1633940995.076 46 35 27 18 13 12 5
1633940995.323 47 35 27 21 12 14 5
1633940995.576 47 33 25 19 10 13 3
1633940995.825 45 34 26 16 13 12 5
1633940996.074 47 33 26 18 12 14 6
1633940996.323 44 34 28 18 13 13 5
1633940996.576 48 34 27 15 11 11 6
1633940996.824 46 36 27 18 10 13 6
1633940997.075 48 35 27 18 13 13 5
1633940997.325 48 32 28 18 11 13 5
1633940997.574 46 34 28 18 13 12 6
1633940997.830 45 37 27 18 11 12 5
1633940998.073 43 34 27 18 13 13 6
1633940998.329 45 33 28 18 11 13 6
1633940998.575 44 35 27 17 11 12 4
1633940998.823 47 34 27 20 12 14 6
1633940999.075 44 34 27 16 11 12 6
1633940999.329 46 34 27 20 10 14 5
1633940999.574 48 33 26 17 13 14 7
1633940999.824 46 34 25 18 15 11 4
1633941000.078 45 34 27 17 14 16 6
1633941000.323 45 34 27 16 13 12 5
1633941000.574 45 34 25 19 11 13 6
1633941000.828 46 36 26 19 11 12 5
1633941001.073 46 33 25 19 14 11 9
1633941001.324 46 34 27 19 12 13 4
1633941001.575 47 36 28 19 12 15 6
1633941001.823 46 34 26 19 12 13 5
1633941002.074 44 34 26 19 11 15 5
1633941002.328 46 34 26 17 10 14 6
1633941002.573 44 33 26 18 13 12 7
1633941002.824 45 35 27 21 13 12 6
1633941003.074 45 34 29 18 10 12 7
1633941003.324 46 34 26 17 11 12 6
1633941003.573 46 33 29 18 12 12 6
1633941003.823 46 31 26 19 11 12 9
1633941004.079 45 32 26 17 11 11 7
1633941004.323 46 36 25 19 12 13 7
1633941004.578 46 37 28 20 11 11 6
1633941004.825 48 35 26 17 12 13 6
1633941005.075 45 34 26 16 12 12 5
1633941005.323 46 35 27 18 12 12 7
1633941005.577 46 33 26 19 12 15 8
1633941005.825 47 32 26 20 14 11 7
1633941006.073 44 32 27 16 12 12 5
1633941006.327 47 34 25 18 11 13 7
1633941006.573 45 32 25 18 14 12 8
1633941006.825 46 34 25 17 13 17 9
1633941007.074 46 33 26 18 13 11 4
1633941007.328 44 33 29 19 14 16 4
1633941007.573 44 37 28 20 14 11 3
1633941007.824 45 34 27 18 12 13 5
1633941008.075 45 34 24 20 13 12 4
1633941008.324 43 34 27 17 12 16 7
1633941008.573 44 33 26 16 13 16 5
1633941008.823 46 34 27 18 13 10 8
1633941009.074 46 33 27 20 10 13 6
1633941009.325 45 34 24 18 12 12 6
1633941009.573 47 34 27 16 13 14 7
1633941009.823 46 34 28 18 13 14 5
1633941010.081 46 34 27 18 12 12 4
1633941010.329 47 32 26 19 11 13 5
1633941010.573 47 34 28 18 11 14 3
1633941010.824 46 36 29 17 11 11 8
1633941011.082 45 34 24 19 12 12 5
1633941011.324 45 35 26 17 10 13 7
1633941011.575 46 32 27 20 11 12 5
1633941011.828 47 35 25 20 12 13 5
1633941012.075 44 34 26 19 11 13 4
1633941012.323 45 33 29 18 12 13 6
1633941012.575 47 34 27 18 13 12 4
1633941012.826 45 32 27 18 11 11 6
1633941013.076 44 34 25 17 11 13 6
1633941013.326 46 37 25 19 13 11 5
1633941013.577 44 34 27 19 12 11 8
1633941013.829 44 34 24 17 12 11 5
1633941014.074 44 35 25 16 13 11 6
1633941014.327 46 33 27 19 11 14 4
1633941014.577 44 34 28 18 11 12 5
1633941014.823 45 34 25 17 12 12 7
1633941015.078 46 34 27 20 9 14 5
1633941015.329 44 36 28 18 15 12 6
1633941015.578 47 34 28 17 12 11 5
1633941015.832 45 35 27 19 12 14 6
1633941016.077 48 33 28 19 12 11 5
1633941016.327 47 33 25 18 11 12 7
1633941016.583 46 36 26 18 12 12 6
1633941016.825 45 36 25 17 14 16 5
1633941017.074 46 34 28 19 13 12 5
1633941017.335 47 35 26 20 13 13 4
1633941017.578 44 35 28 17 12 15 5
1633941017.826 45 34 25 18 12 12 8
1633941018.077 45 34 27 19 11 13 4
1633941018.324 47 36 25 16 11 13 7
1633941018.578 47 35 26 19 11 13 6
1633941018.835 46 36 26 18 13 13 5
1633941019.075 44 35 27 18 10 15 5
1633941019.326 44 34 26 18 12 12 6
1633941019.584 47 36 27 19 13 13 3
1633941019.824 47 32 27 18 12 14 6
1633941020.075 47 35 26 18 14 11 5
1633941020.327 47 32 26 18 11 12 6
1633941020.575 46 34 27 18 10 12 5
1633941020.823 44 35 26 19 15 11 4
1633941021.075 47 33 24 18 10 10 6
1633941021.328 45 34 26 18 10 12 4
1633941021.578 44 35 26 18 11 11 6
1633941021.827 44 34 26 18 13 14 5
1633941022.076 46 32 27 19 10 13 8
1633941022.325 44 35 27 19 12 13 5
1633941022.574 45 33 28 17 14 13 6
1633941022.828 45 34 27 20 11 13 5
1633941023.076 48 32 26 19 11 11 6
1633941023.327 45 33 26 17 13 11 5
1633941023.583 47 34 27 19 12 12 6
1633941023.824 45 32 27 18 18 13 9
1633941024.074 46 33 24 20 14 11 7
1633941024.326 48 33 26 19 12 13 5
1633941024.574 46 35 27 21 12 11 6
1633941024.825 45 32 28 20 12 13 7
1633941025.074 46 33 26 16 10 11 5
1633941025.325 49 33 26 18 12 13 9
1633941025.575 44 33 28 19 13 12 5
1633941025.825 46 33 26 19 11 11 7
1633941026.074 44 33 27 19 15 11 4
1633941026.328 45 34 26 17 11 11 5
1633941026.575 45 35 26 19 12 13 5
1633941026.824 46 34 26 18 12 13 5
1633941027.078 46 33 25 16 12 14 5
1633941027.324 48 34 26 21 13 11 5
1633941027.578 45 34 25 18 11 13 6
1633941027.825 47 34 28 18 12 13 5
1633941028.080 46 34 26 18 13 13 6
1633941028.324 47 32 28 21 12 14 7
1633941028.574 44 35 28 19 12 13 5
1633941028.827 45 35 26 18 12 14 6
1633941029.075 44 36 28 20 14 13 7
1633941029.325 47 35 28 19 11 13 5
1633941029.575 45 34 27 16 12 12 8
1633941029.824 46 35 28 18 12 13 7
1633941030.074 46 33 26 17 12 12 7
1633941030.327 43 35 28 19 10 13 5
1633941030.575 46 34 28 17 13 11 3
1633941030.824 45 34 27 18 12 13 7
1633941031.074 45 33 27 20 12 11 7
1633941031.326 44 35 26 18 11 10 5
1633941031.576 46 35 29 20 12 13 8
1633941031.824 46 35 26 19 14 12 5
1633941032.076 44 34 27 17 10 16 7
1633941032.331 44 33 25 17 11 10 6
1633941032.575 46 34 27 16 12 12 4
1633941032.824 47 34 27 17 11 13 4
1633941033.085 48 33 26 19 13 12 6
1633941033.325 45 35 25 18 11 12 5
1633941033.575 45 34 26 19 13 9 4
1633941033.828 47 32 25 16 11 12 6
1633941034.075 47 34 28 17 11 13 6
1633941034.324 45 33 26 19 11 12 6
1633941034.579 45 36 28 18 13 11 7
1633941034.827 46 34 27 18 13 13 5
1633941035.075 46 37 28 18 13 10 5
1633941035.330 46 36 26 18 11 11 5
1633941035.575 45 33 28 19 11 13 7
1633941035.830 47 32 28 19 11 11 6
1633941036.080 47 35 27 19 10 14 6
1633941036.326 45 34 30 19 13 13 5
1633941036.581 46 34 26 20 13 12 8
1633941036.832 47 35 27 21 14 13 6
1633941037.074 46 36 25 18 12 11 5
1633941037.329 45 35 26 18 14 11 5
1633941037.584 44 34 27 19 12 10 5
1633941037.828 45 34 30 20 12 11 6
1633941038.078 47 35 25 18 12 14 6
1633941038.326 48 32 27 19 13 10 6
1633941038.576 48 36 27 20 11 12 7
1633941038.829 47 33 29 19 11 11 5
1633941039.076 45 36 24 17 13 11 7
1633941039.330 45 34 28 18 11 12 6
1633941039.579 44 34 26 19 12 13 5
1633941039.826 44 32 27 20 11 12 6
1633941040.076 46 33 28 20 12 12 5
1633941040.328 46 33 25 18 11 14 5
1633941040.575 45 35 28 18 11 11 7
1633941040.826 46 34 24 18 14 12 6
1633941041.078 45 34 28 18 13 12 8
1633941041.325 45 34 26 18 13 13 8
1633941041.577 45 34 27 18 15 12 6
1633941041.828 46 34 25 19 12 12 7
1633941042.075 46 36 26 19 13 12 6
1633941042.330 48 33 26 18 13 15 5
1633941042.578 45 34 24 17 13 11 7
1633941042.825 46 34 25 20 13 11 5
1633941043.077 45 34 26 20 11 12 6
1633941043.328 45 34 24 17 13 11 7
1633941043.575 46 34 27 21 11 12 4
1633941043.830 45 33 25 17 12 14 6
1633941044.077 44 35 26 17 10 12 7
1633941044.326 45 33 24 18 12 13 8
1633941044.575 47 32 29 17 13 12 5
1633941044.826 46 34 25 18 11 12 4
1633941045.077 46 34 25 18 13 11 5
1633941045.326 46 34 25 18 13 11 6
1633941045.579 45 34 27 17 12 14 4
1633941045.826 46 34 26 18 11 12 5
1633941046.078 44 33 26 17 14 14 5
1633941046.325 45 34 26 20 12 12 7
1633941046.577 46 32 28 18 11 11 5
1633941046.825 44 33 23 18 11 11 5
1633941047.079 46 34 25 18 12 11 5
1633941047.325 47 34 26 18 11 11 5
1633941047.576 46 33 29 19 14 15 7
1633941047.828 44 34 25 17 11 12 6
1633941048.076 46 35 26 19 14 12 6
1633941048.325 48 33 28 19 13 11 3
1633941048.576 48 34 27 21 12 12 4
1633941048.826 47 33 25 18 12 13 5
1633941049.079 46 33 29 20 12 13 5
1633941049.327 46 32 24 20 10 12 4
1633941049.577 45 34 26 20 12 12 5
1633941049.826 46 34 27 18 13 12 8
1633941050.076 46 34 28 19 13 13 4
1633941050.327 45 36 25 17 12 12 5
1633941050.580 46 33 26 18 14 13 6
1633941050.826 46 33 25 19 10 11 9
1633941051.075 47 35 28 20 14 12 6
1633941051.328 47 35 25 18 12 11 8
1633941051.575 47 34 28 17 13 13 5
1633941051.826 45 33 24 16 10 12 6
1633941052.076 46 33 27 19 14 13 5
1633941052.328 46 35 26 20 15 14 7
1633941052.579 47 34 26 19 11 12 4
1633941052.836 47 34 28 19 12 11 7
1633941053.078 46 34 25 19 12 12 6
1633941053.329 46 36 28 19 12 11 5
1633941053.578 45 33 26 19 16 15 6
1633941053.826 45 32 26 18 12 13 7
1633941054.077 46 35 26 19 12 11 7
1633941054.328 46 36 27 20 10 13 7
1633941054.576 45 33 25 18 14 14 6
1633941054.827 46 37 26 18 14 11 7
1633941055.077 45 34 27 18 12 12 7
1633941055.331 45 35 24 19 13 12 7
1633941055.579 46 33 26 18 14 10 8
1633941055.825 46 34 28 19 15 11 6
1633941056.090 46 35 27 17 13 13 4
1633941056.328 48 33 24 19 10 13 7
1633941056.576 47 36 25 19 13 12 6
1633941056.826 46 34 25 19 12 11 5
1633941057.078 46 34 25 18 11 14 5
1633941057.327 47 34 24 19 10 11 6
1633941057.581 46 33 28 20 11 13 5
1633941057.832 47 34 27 20 11 12 6
1633941058.076 44 34 27 16 11 14 8
1633941058.342 45 34 29 17 12 13 6
1633941058.582 45 34 25 16 13 15 5
1633941058.830 47 34 26 19 12 11 6
1633941059.082 49 33 26 19 12 13 4
1633941059.326 45 32 26 19 13 15 6
1633941059.576 46 38 26 18 12 14 5
1633941059.828 47 34 25 18 13 13 7
1633941060.081 47 34 27 18 14 13 6
1633941060.327 46 38 26 17 12 14 5
1633941060.577 45 33 26 19 12 11 8
1633941060.830 44 34 26 18 12 14 4
1633941061.076 45 35 27 20 13 12 8
1633941061.328 44 33 27 19 12 12 7
1633941061.579 45 36 27 18 10 13 6
1633941061.827 45 36 28 18 12 15 5
1633941062.079 49 34 25 18 12 14 5
1633941062.329 45 35 25 18 10 13 7
1633941062.576 45 34 26 21 10 14 6
1633941062.827 45 33 26 20 12 12 6
1633941063.081 45 35 24 19 11 12 6
1633941063.329 45 33 26 19 14 12 6
1633941063.576 45 33 26 18 9 12 4
1633941063.827 46 35 26 17 11 14 7
1633941064.080 46 34 26 19 12 12 6
1633941064.326 48 33 27 19 12 12 6
1633941064.579 46 35 24 19 13 15 7
1633941064.830 47 32 26 18 14 12 5
1633941065.077 43 34 28 20 11 12 7
1633941065.326 45 35 27 18 14 12 4
1633941065.579 46 34 26 18 11 13 6
1633941065.826 46 34 26 19 11 13 6
1633941066.079 46 34 26 17 13 9 6
1633941066.328 45 36 26 20 11 12 6
1633941066.579 46 34 27 19 12 13 7
1633941066.827 48 34 25 19 12 13 6
1633941067.077 44 34 26 18 11 13 4
1633941067.333 45 35 25 17 12 13 7
1633941067.577 47 33 27 19 13 13 7
1633941067.828 47 34 27 18 13 10 6
1633941068.078 46 34 26 18 12 11 5
1633941068.326 44 34 27 16 12 13 7
1633941068.577 45 33 28 19 11 13 6
1633941068.827 45 34 27 18 14 16 7
1633941069.077 47 36 26 19 13 13 4
1633941069.330 45 34 27 20 13 12 5
1633941069.577 47 33 27 20 12 11 4
1633941069.827 47 34 27 19 12 14 9
1633941070.077 45 32 27 18 14 13 5
1633941070.330 48 33 27 21 11 11 4
1633941070.577 46 34 25 18 11 12 6
1633941070.828 46 33 28 18 17 12 4
1633941071.077 47 35 29 17 16 14 7
1633941071.327 45 34 27 19 12 10 6
1633941071.577 48 35 27 18 11 12 4
1633941071.827 46 35 24 21 13 12 7
1633941072.079 46 36 28 18 15 12 5
1633941072.327 45 32 28 18 13 13 5
1633941072.577 44 34 26 20 14 12 6
1633941072.827 45 34 26 18 12 11 4
1633941073.085 45 35 28 17 12 12 6
1633941073.329 46 35 27 19 13 13 8
1633941073.577 45 35 27 20 12 11 5
1633941073.827 46 34 25 20 12 13 7
1633941074.077 46 33 27 18 14 14 6
1633941074.351 48 35 25 19 12 12 5
1633941074.577 45 35 29 19 12 13 5
1633941074.827 46 32 30 17 12 12 6
1633941075.084 46 35 24 18 14 12 7
1633941075.329 46 35 27 18 14 14 3
1633941075.577 45 34 28 17 12 11 5
1633941075.827 46 34 26 19 15 13 8
1633941076.078 45 34 27 18 11 13 4
1633941076.331 45 35 28 18 14 13 6
1633941076.578 45 34 26 19 13 12 6
1633941076.827 46 36 27 17 12 12 7
1633941077.086 46 37 27 19 11 11 6
1633941077.327 46 34 25 20 11 13 6
1633941077.577 46 34 26 17 11 11 5
1633941077.829 45 33 28 20 14 14 5
1633941078.083 46 31 26 18 11 11 6
1633941078.328 47 34 26 19 13 12 6
1633941078.578 46 31 26 17 12 12 5
1633941078.831 47 33 26 18 10 11 6
1633941079.077 46 32 27 19 12 15 7
1633941079.331 43 33 26 19 11 10 5
1633941079.579 46 35 25 17 13 12 4
1633941079.830 45 36 25 19 14 13 5
1633941080.084 45 34 26 18 12 13 6
1633941080.329 46 33 28 18 12 12 5
1633941080.577 44 34 27 17 14 11 7
1633941080.828 47 34 25 20 11 12 5
1633941081.080 46 34 28 18 13 10 7
1633941081.327 47 34 25 18 12 11 5
1633941081.580 45 34 25 18 12 12 6
1633941081.830 46 34 25 20 13 12 5
1633941082.077 48 33 26 20 12 11 7
1633941082.329 47 34 28 19 12 13 6
1633941082.580 44 33 28 20 14 12 7
1633941082.829 47 35 25 18 13 14 7
1633941083.080 45 34 27 17 12 14 4
1633941083.330 45 33 27 19 13 12 5
1633941083.577 45 35 25 19 13 12 6
1633941083.828 44 33 27 19 12 12 4
1633941084.079 47 33 25 18 12 12 6
1633941084.327 44 34 27 19 12 12 5
1633941084.577 45 33 26 19 10 13 7
1633941084.827 47 34 24 19 12 12 6
1633941085.080 43 34 27 21 12 13 5
1633941085.327 46 32 29 18 14 12 5
1633941085.578 47 35 26 19 11 12 4
1633941085.830 45 35 30 20 12 15 5
1633941086.077 44 34 26 18 13 11 6
1633941086.328 45 35 25 17 12 12 6
1633941086.580 45 33 27 20 12 12 4
1633941086.830 44 32 26 20 11 12 9
1633941087.077 46 35 27 17 14 14 6
1633941087.329 45 34 26 20 14 11 6
1633941087.583 47 35 26 18 12 14 5
1633941087.827 45 34 27 18 12 12 5
1633941088.079 46 33 26 17 12 13 6
1633941088.328 45 34 27 18 12 12 5
1633941088.581 46 33 26 19 13 12 7
1633941088.827 46 36 31 19 13 13 6
1633941089.081 46 33 27 19 11 14 7
1633941089.331 47 35 25 18 12 11 4
1633941089.578 47 35 26 19 13 14 5
1633941089.830 45 35 26 18 12 12 7
1633941090.080 44 36 25 19 12 13 6
1633941090.328 44 33 26 18 12 11 5
1633941090.578 45 33 25 18 13 12 6
1633941090.830 45 35 26 20 14 12 6
1633941091.077 46 35 29 20 13 13 5
1633941091.328 46 34 25 18 11 14 5
1633941091.577 45 34 23 23 13 14 3
1633941091.828 46 32 26 17 12 12 3
1633941092.078 45 32 24 19 13 12 5
1633941092.328 48 33 25 18 12 12 5
1633941092.578 45 34 26 19 10 12 5
1633941092.828 46 36 26 18 12 11 7
1633941093.078 46 32 27 19 13 12 6
1633941093.334 44 34 28 17 12 11 7
1633941093.578 46 33 27 19 12 11 5
1633941093.828 44 33 27 18 14 13 5
1633941094.078 46 35 25 20 13 9 5
1633941094.335 46 35 28 18 13 14 6
1633941094.578 45 35 26 20 14 13 7
1633941094.828 46 33 28 19 11 11 4
1633941095.079 47 35 23 19 13 12 6
1633941095.329 44 36 25 19 13 11 6
1633941095.578 46 37 26 19 12 12 7
1633941095.830 47 35 26 18 13 12 6
1633941096.099 46 34 27 21 11 12 8
1633941096.330 47 35 27 21 13 13 7
1633941096.578 46 35 27 19 14 12 8
1633941096.827 46 37 26 18 12 13 8
1633941097.083 47 34 28 18 13 11 6
1633941097.328 47 36 26 18 11 12 6
1633941097.578 46 34 27 19 12 13 5
1633941097.844 45 34 25 20 12 12 5
1633941098.085 46 34 25 18 12 12 8
1633941098.329 44 33 26 20 12 12 5
1633941098.580 45 34 26 20 12 12 7
1633941098.835 45 33 26 18 13 12 6
1633941099.078 44 37 26 18 11 12 5
1633941099.328 43 36 27 18 13 13 4
1633941099.584 45 34 28 19 12 12 5
1633941099.828 46 34 25 17 12 13 7
1633941100.079 46 34 26 19 12 12 7
1633941100.335 44 33 25 18 13 11 6
1633941100.578 46 36 26 20 12 13 8
1633941100.828 44 33 27 20 11 13 4
1633941101.081 45 33 28 19 11 13 7
1633941101.329 44 35 26 17 13 12 7
1633941101.586 44 36 27 19 14 12 7
1633941101.830 46 32 27 16 11 12 6
1633941102.078 45 33 29 19 12 10 5
1633941102.329 45 37 27 18 13 13 5
1633941102.585 45 34 28 21 10 11 7
1633941102.828 47 33 25 19 11 15 6
1633941103.084 45 35 25 18 11 12 6
1633941103.331 43 32 25 18 14 13 7
1633941103.581 44 35 26 18 12 13 5
1633941103.830 45 34 25 19 13 12 7
1633941104.081 46 35 27 21 10 12 7
1633941104.328 46 35 25 19 11 12 6
1633941104.580 47 35 27 19 12 13 6
1633941104.831 46 33 27 16 12 13 6
1633941105.078 46 34 26 18 14 11 6
1633941105.330 45 34 25 19 12 11 6
1633941105.585 46 35 27 23 11 12 4
1633941105.828 44 34 26 17 13 13 6
1633941106.082 47 35 26 21 12 12 5
1633941106.333 45 33 27 20 14 12 5
1633941106.578 45 36 25 17 10 13 6
1633941106.829 44 34 27 19 14 12 6
1633941107.081 46 36 23 19 13 11 5
1633941107.331 46 35 25 20 14 13 4
1633941107.579 44 35 25 18 12 11 6
1633941107.832 44 34 26 20 11 14 4
1633941108.081 45 34 26 18 12 11 4
1633941108.330 45 33 24 18 13 13 6
1633941108.580 45 33 24 20 14 11 6
1633941108.829 45 36 28 19 12 13 6
1633941109.080 46 35 25 18 13 12 6
1633941109.328 45 34 24 21 13 13 8
1633941109.580 46 35 26 18 12 13 7
1633941109.832 47 35 28 19 13 13 4
1633941110.078 45 36 27 20 11 12 6
1633941110.329 46 34 26 20 13 12 6
1633941110.580 45 34 28 20 12 13 7
1633941110.832 45 34 27 18 13 13 7
1633941111.079 48 37 28 19 12 11 5
1633941111.329 45 33 27 20 14 12 5
1633941111.579 45 33 26 20 12 13 6
1633941111.830 46 35 25 19 12 13 7
1633941112.079 46 33 26 18 13 11 6
1633941112.332 44 32 25 19 11 11 6
1633941112.581 44 32 26 21 15 13 5
1633941112.829 46 33 25 21 11 13 5
1633941113.083 48 35 27 19 14 10 8
1633941113.329 46 34 27 18 16 14 4
1633941113.579 46 33 26 18 12 13 7
1633941113.832 45 34 27 17 13 12 7
1633941114.078 44 34 25 17 12 13 7
1633941114.329 45 34 26 19 11 14 6
1633941114.579 44 35 28 18 12 11 5
1633941114.831 45 35 26 18 12 14 6
1633941115.079 45 34 25 19 10 12 8
1633941115.329 46 35 27 19 14 11 7
1633941115.579 43 37 26 19 14 11 5
1633941115.834 45 34 25 17 13 11 8
1633941116.079 45 35 27 18 14 14 7
1633941116.329 45 33 27 19 11 13 6
1633941116.578 46 33 26 19 10 12 5
1633941116.847 46 33 26 21 13 12 6
1633941117.079 46 32 28 20 14 11 5
1633941117.329 47 34 27 19 13 10 6
1633941117.587 46 37 26 19 13 13 7
1633941117.830 44 34 28 18 13 11 6
1633941118.079 46 35 26 19 15 13 5
1633941118.329 45 36 25 17 11 14 7
1633941118.583 46 36 28 22 12 12 6
1633941118.830 47 35 25 18 12 13 7
1633941119.082 45 33 27 19 11 12 9
1633941119.333 45 36 26 19 11 12 5
1633941119.579 46 34 27 21 13 12 4
1633941119.829 46 32 27 20 11 12 6
1633941120.100 47 33 24 18 14 13 8
1633941120.331 44 34 25 20 13 12 7
1633941120.579 45 32 26 19 14 13 5
1633941120.832 45 35 26 18 13 12 10
1633941121.082 44 35 26 18 12 14 6
1633941121.329 47 32 26 19 13 11 5
1633941121.593 46 34 27 20 12 12 8
1633941121.833 49 35 25 18 12 14 7
1633941122.080 45 34 27 21 13 14 5
1633941122.331 45 36 27 18 12 12 7
1633941122.583 45 33 27 19 12 15 6
1633941122.831 45 36 25 17 16 12 7
1633941123.082 46 36 27 21 14 13 7
1633941123.332 46 34 27 18 12 12 4
1633941123.579 46 33 26 19 12 14 6
1633941123.829 44 32 27 21 14 13 5
1633941124.081 44 33 26 20 15 15 5
1633941124.332 45 33 26 19 12 12 6
1633941124.579 45 34 25 18 12 14 5
1633941124.832 45 34 29 19 12 14 6
1633941125.084 44 34 25 17 13 12 6
1633941125.330 44 36 25 21 13 13 6
1633941125.581 46 33 27 19 12 13 7
1633941125.833 44 35 29 19 12 12 6
1633941126.080 47 35 26 19 13 11 6
1633941126.334 47 33 26 18 12 14 7
1633941126.582 44 34 26 18 14 13 5
1633941126.829 45 33 26 18 11 10 6
1633941127.081 45 35 26 17 13 12 5
1633941127.331 46 33 28 19 12 13 6
1633941127.582 46 33 27 21 13 11 7
1633941127.831 45 35 26 18 12 11 7
1633941128.080 47 33 26 18 12 11 6
1633941128.329 45 33 28 18 13 13 5
1633941128.582 45 34 27 21 12 13 4
1633941128.830 45 35 27 19 14 14 7
1633941129.081 45 33 26 20 12 12 7
1633941129.331 46 34 26 19 12 13 6
1633941129.580 48 34 28 18 11 12 6
1633941129.830 45 34 27 17 10 13 6
1633941130.081 45 35 26 18 11 11 4
1633941130.330 46 33 24 18 13 13 6
1633941130.580 45 34 27 18 11 13 4
1633941130.834 47 34 27 19 10 12 6
1633941131.080 46 34 28 20 13 11 6
1633941131.331 47 34 25 20 12 14 4
1633941131.581 45 34 25 20 11 13 4
1633941131.831 45 34 27 18 12 12 6
1633941132.081 45 34 24 19 12 13 7
1633941132.331 46 33 25 19 11 11 4
1633941132.580 45 35 25 19 14 14 6
1633941132.830 45 33 27 23 12 13 7
1633941133.085 49 35 27 20 14 13 6
1633941133.330 46 35 28 19 13 13 7
1633941133.581 47 33 27 19 13 13 6
1633941133.829 46 33 26 18 12 11 6
1633941134.081 45 33 27 19 13 15 7
1633941134.334 45 35 25 20 11 15 9
1633941134.580 45 33 28 18 11 13 4
1633941134.830 46 33 26 18 13 12 7
1633941135.081 45 34 28 20 14 14 8
1633941135.330 43 35 29 18 14 13 5
1633941135.580 47 34 27 18 13 12 7
1633941135.831 44 33 25 17 14 15 6
1633941136.083 45 34 26 17 11 14 6
1633941136.330 47 36 26 17 12 11 5
1633941136.582 46 36 27 18 13 15 5
1633941136.830 49 33 26 20 15 13 5
1633941137.087 47 34 25 21 13 14 5
1633941137.331 47 33 26 20 12 15 7
1633941137.580 46 35 27 20 12 13 7
1633941137.833 45 34 26 20 15 13 5
1633941138.080 47 33 26 18 13 15 7
1633941138.330 46 34 28 20 13 12 5
1633941138.583 45 34 28 18 11 12 6
1633941138.830 45 33 26 22 12 15 5
1633941139.080 46 35 26 17 14 14 5
1633941139.335 46 34 25 20 12 13 6
1633941139.580 44 35 27 19 12 11 5
1633941139.831 46 35 25 18 11 13 6
1633941140.084 46 33 25 19 11 12 7
1633941140.331 44 33 24 18 11 13 4
1633941140.585 46 36 26 17 13 13 5
1633941140.834 46 35 27 18 13 12 6
1633941141.080 47 38 27 17 14 13 4
1633941141.347 45 33 26 20 14 11 5
1633941141.585 47 32 27 18 13 13 5
1633941141.831 49 34 26 19 14 16 6
1633941142.094 46 33 25 15 12 16 7
1633941142.331 46 33 27 18 13 13 5
1633941142.585 44 35 28 18 12 13 5
1633941142.835 44 35 29 19 12 11 6
1633941143.080 45 37 27 18 10 14 8
1633941143.344 46 32 26 19 13 11 6
1633941143.582 46 34 25 18 12 11 6
1633941143.830 47 35 28 18 12 11 6
1633941144.084 45 36 26 20 13 11 4
1633941144.330 45 33 26 21 11 11 8
1633941144.581 44 34 27 20 14 14 4
1633941144.832 47 33 26 19 10 12 5
1633941145.083 45 33 25 19 11 11 6
1633941145.331 46 35 25 22 11 11 4
1633941145.582 46 34 28 19 15 13 6
1633941145.830 49 35 26 17 13 13 5
1633941146.085 44 33 26 19 11 13 9
1633941146.333 45 34 25 19 11 13 5
1633941146.581 45 34 26 20 14 13 7
1633941146.833 46 35 27 18 13 13 5
1633941147.083 46 35 26 18 13 12 5
1633941147.330 47 34 28 19 14 11 5
1633941147.581 45 35 27 19 11 11 5
1633941147.830 43 34 27 18 14 12 5
1633941148.082 45 36 27 18 12 12 6
1633941148.335 45 36 28 18 13 15 7
1633941148.583 46 36 26 19 12 12 6
1633941148.834 45 34 25 20 10 12 5
1633941149.081 47 36 24 19 11 13 5
1633941149.332 46 35 26 20 12 13 6
1633941149.583 49 31 26 18 14 14 5
1633941149.831 46 33 29 20 12 13 6
1633941150.083 46 34 25 18 14 12 7
1633941150.332 46 35 25 23 12 12 6
1633941150.585 45 32 25 18 13 12 3
1633941150.831 45 36 25 18 14 14 6
1633941151.082 46 33 28 21 12 12 5
1633941151.334 45 35 27 20 10 11 7
1633941151.581 47 34 28 21 14 12 4
1633941151.834 44 35 24 18 11 10 9
1633941152.084 45 38 27 20 12 12 5
1633941152.332 47 33 26 20 14 12 5
1633941152.582 45 36 27 21 13 13 6
1633941152.833 46 33 26 20 12 16 8
1633941153.082 49 33 26 20 12 11 7
1633941153.331 45 34 26 19 11 13 6
1633941153.582 44 34 24 18 14 11 6
1633941153.832 44 35 26 19 14 13 6
1633941154.081 44 35 25 20 13 11 6
1633941154.332 44 35 27 18 11 13 5
1633941154.582 44 32 26 18 12 13 7
1633941154.831 45 35 25 16 12 14 6
1633941155.091 46 34 26 18 12 12 8
1633941155.331 48 33 26 18 12 11 5
1633941155.581 47 35 25 20 10 13 6
1633941155.832 44 34 26 19 13 14 5
1633941156.082 45 34 25 18 12 13 5
1633941156.332 45 35 26 20 13 14 5
1633941156.581 47 34 26 18 12 12 7
1633941156.832 47 34 28 19 12 11 4
1633941157.081 45 36 25 19 12 11 6
1633941157.331 46 35 27 20 13 11 4
1633941157.581 44 35 27 18 14 13 5
1633941157.834 45 36 28 20 11 12 7
1633941158.083 44 35 27 21 12 12 7
1633941158.331 45 34 29 19 12 13 6
1633941158.581 46 33 29 18 16 12 7
1633941158.836 45 34 26 19 13 11 7
1633941159.081 47 36 26 18 12 12 5
1633941159.331 46 35 27 17 12 14 5
1633941159.584 46 33 28 20 12 13 7
1633941159.832 45 34 27 19 14 11 10
1633941160.081 47 34 28 19 14 13 5
1633941160.335 46 33 29 17 11 12 5
1633941160.581 46 35 24 19 11 13 5
1633941160.835 46 35 26 18 13 11 7
1633941161.085 46 34 26 18 14 14 5
1633941161.332 45 34 26 18 13 14 5
1633941161.584 46 35 28 18 13 15 6
1633941161.836 44 34 27 21 12 13 6
1633941162.081 46 33 25 19 13 12 7
1633941162.338 44 33 26 21 13 13 6
1633941162.586 46 34 28 18 12 14 7
1633941162.832 47 35 27 18 11 12 5
1633941163.082 48 35 26 20 11 13 6
1633941163.332 45 33 26 19 13 13 5
1633941163.581 45 35 25 16 10 15 6
1633941163.853 49 35 28 20 10 13 6
1633941164.085 44 34 27 18 14 14 6
1633941164.334 45 34 27 18 10 12 5
1633941164.587 45 37 27 19 13 10 6
1633941164.833 49 33 27 19 13 13 5
1633941165.083 47 33 27 19 12 12 8
1633941165.333 45 34 25 17 12 13 6
1633941165.581 47 34 25 18 14 11 7
1633941165.832 46 31 24 20 13 11 5
1633941166.081 45 33 28 22 14 11 2
1633941166.332 45 33 27 16 13 12 6
1633941166.583 45 35 28 18 11 12 6
1633941166.833 47 34 27 20 10 12 8
1633941167.081 48 34 26 20 14 13 6
1633941167.332 47 34 26 20 13 13 7
1633941167.583 44 33 26 19 12 11 5
1633941167.832 47 35 26 18 12 11 6
1633941168.083 46 33 27 21 12 12 5
1633941168.334 44 34 25 20 12 12 7
1633941168.583 46 36 26 18 13 13 6
1633941168.832 46 36 25 20 11 13 5
1633941169.086 45 33 26 18 14 14 8
1633941169.331 45 34 27 19 13 10 5
1633941169.583 45 33 28 19 11 11 6
1633941169.834 45 36 29 18 12 12 6
1633941170.082 45 34 25 20 11 14 4
1633941170.332 45 32 28 20 12 13 4
1633941170.585 45 36 26 21 12 12 8
1633941170.832 45 37 28 18 11 16 5
1633941171.086 45 36 25 18 14 12 7
1633941171.334 47 33 26 19 10 13 5
1633941171.582 45 36 26 17 15 13 6
1633941171.835 46 34 25 18 13 13 4
1633941172.084 45 33 26 18 12 12 4
1633941172.332 44 33 26 19 12 11 5
1633941172.583 44 34 25 19 11 12 5
1633941172.834 46 35 25 18 13 12 8
1633941173.082 45 32 28 20 10 12 5
1633941173.336 46 34 26 20 11 13 6
1633941173.582 46 34 27 18 13 12 6
1633941173.832 48 36 24 21 11 10 4
1633941174.083 47 36 26 19 12 12 7
1633941174.332 44 33 25 18 11 14 7
1633941174.584 45 34 27 17 14 15 4
1633941174.838 45 35 25 19 14 10 6
1633941175.086 44 34 26 20 12 14 5
1633941175.332 46 34 26 18 12 13 6
1633941175.590 48 34 27 19 12 11 7
1633941175.835 44 34 25 20 11 15 5
1633941176.082 45 33 27 19 12 12 4
1633941176.346 45 35 27 18 12 15 7
1633941176.582 45 34 26 18 12 12 7
1633941176.832 46 33 25 16 14 12 6
1633941177.085 45 35 25 20 13 14 4
1633941177.332 45 35 25 18 11 12 5
1633941177.582 45 35 26 17 12 14 8
1633941177.836 47 33 26 19 12 11 6
1633941178.083 46 35 25 18 13 12 3
1633941178.332 46 34 27 19 13 13 6
1633941178.582 46 34 27 18 13 12 4
1633941178.848 45 36 29 19 13 14 5
1633941179.082 46 33 27 19 11 13 5
1633941179.333 45 35 29 18 12 11 7
1633941179.587 45 35 27 19 10 11 7
1633941179.839 45 35 24 19 11 12 4
1633941180.083 46 34 26 18 12 12 5
1633941180.334 44 34 27 18 13 14 6
1633941180.591 47 34 26 21 11 13 6
1633941180.833 46 33 27 18 14 13 5
1633941181.082 44 35 26 18 12 12 6
1633941181.338 44 36 26 19 13 13 5
1633941181.583 45 35 26 19 12 14 7
1633941181.841 45 34 25 21 13 13 5
1633941182.084 44 34 27 18 12 12 6
1633941182.334 45 34 26 19 11 12 7
1633941182.591 46 33 27 18 14 14 4
1633941182.834 48 35 27 18 13 13 5
1633941183.085 44 34 26 19 12 15 4
1633941183.337 45 35 25 20 10 10 5
1633941183.585 47 34 28 20 11 11 7
1633941183.838 45 34 25 19 12 13 7
1633941184.086 46 33 27 18 11 13 5
1633941184.334 48 34 28 20 11 12 6
1633941184.584 46 34 24 17 11 12 4
1633941184.837 46 34 26 22 10 12 8
1633941185.083 46 32 28 20 11 12 7
1633941185.332 46 34 27 18 12 13 8
1633941185.585 44 35 26 18 12 14 4
1633941185.834 46 36 25 17 12 13 6
1633941186.083 45 35 25 18 11 13 4
1633941186.335 46 33 27 17 11 13 6
1633941186.586 45 32 25 18 13 13 6
1633941186.833 45 35 26 18 11 12 8
1633941187.084 43 34 26 18 13 11 7
1633941187.335 46 33 25 19 12 13 5
1633941187.583 46 33 25 19 11 12 6
1633941187.838 44 33 29 20 12 12 5
1633941188.083 45 33 26 18 12 12 6
1633941188.333 47 36 26 18 14 13 6
1633941188.586 45 33 25 18 13 12 6
1633941188.835 44 35 25 20 13 14 7
1633941189.084 46 33 25 20 11 13 6
1633941189.334 46 34 25 19 13 12 4
1633941189.583 46 33 26 18 13 13 7
1633941189.836 46 34 24 20 11 13 4
1633941190.086 46 36 25 18 12 13 8
1633941190.334 44 33 24 19 12 12 6
1633941190.584 46 34 24 21 10 13 5
1633941190.833 48 35 25 19 13 15 5
1633941191.084 45 34 28 18 13 13 6
1633941191.334 45 34 27 23 13 15 7
1633941191.584 48 33 25 19 12 11 5
1633941191.834 48 34 26 19 13 12 6
1633941192.085 44 34 26 18 12 13 5
1633941192.333 44 34 25 19 13 13 5
1633941192.586 47 34 25 21 12 12 7
1633941192.833 44 36 25 18 12 14 6
1633941193.084 48 34 26 18 11 12 7
1633941193.336 46 34 27 19 13 13 7
1633941193.583 46 38 25 17 11 12 7
1633941193.833 48 32 26 18 13 12 6
1633941194.083 46 32 26 19 13 11 4
1633941194.336 45 33 24 19 13 13 6
1633941194.583 46 34 26 18 12 14 7
1633941194.835 45 37 23 19 11 15 7
1633941195.095 45 35 29 19 13 12 6
1633941195.333 44 35 26 20 11 13 6
1633941195.583 49 36 26 18 12 15 8
1633941195.834 44 35 27 19 13 13 5
1633941196.084 46 33 25 20 13 13 5
1633941196.334 48 34 24 21 13 14 4
1633941196.583 45 35 25 19 13 15 5
1633941196.843 45 34 27 17 13 13 9
1633941197.084 45 34 26 17 10 13 6
1633941197.334 45 33 28 18 12 13 10
1633941197.597 46 35 26 17 12 13 5
1633941197.834 46 34 26 21 14 12 7
1633941198.084 46 34 26 18 12 11 5
1633941198.335 45 33 26 18 13 12 8
1633941198.583 45 33 26 19 17 14 11
1633941198.835 47 35 26 19 12 13 5
1633941199.087 46 33 24 19 11 12 4
1633941199.333 45 34 25 20 13 13 5
1633941199.594 45 34 25 19 15 16 9
1633941199.840 45 35 29 21 10 11 6
1633941200.083 45 35 26 18 11 14 4
1633941200.339 45 35 26 18 11 15 5
1633941200.589 45 33 25 19 11 13 6
1633941200.835 43 36 25 17 10 13 7
1633941201.090 46 35 25 22 12 13 7
1633941201.335 45 33 27 18 12 14 6
1633941201.584 46 35 26 19 11 14 6
1633941201.839 45 34 26 20 11 13 4
1633941202.088 43 34 26 18 11 15 5
1633941202.333 46 33 26 19 10 11 7
1633941202.585 44 36 25 18 13 14 5
1633941202.834 46 35 25 21 14 14 5
1633941203.086 45 35 25 19 12 14 5
1633941203.334 44 34 28 21 11 13 6
1633941203.588 47 35 26 19 15 14 7
1633941203.836 45 35 27 18 12 11 7
1633941204.083 44 35 26 18 13 13 8
1633941204.335 45 33 26 17 12 13 6
1633941204.586 48 34 28 19 12 13 5
1633941204.834 44 32 25 19 12 11 6
1633941205.088 46 34 25 18 12 12 5
1633941205.336 47 35 25 18 13 11 6
1633941205.584 45 35 27 19 13 14 5
1633941205.836 45 34 25 18 13 13 5
1633941206.086 46 33 26 22 12 13 5
1633941206.333 46 34 25 18 11 12 6
1633941206.584 46 35 27 20 12 12 7
1633941206.839 47 34 25 18 12 13 6
1633941207.085 45 35 25 19 12 12 6
1633941207.336 48 35 26 18 13 12 8
1633941207.587 45 34 24 19 11 12 5
1633941207.834 47 35 25 19 13 13 5
1633941208.087 46 33 27 17 13 13 5
1633941208.336 46 35 25 19 13 10 7
1633941208.584 44 32 27 17 12 14 6
1633941208.834 46 33 25 18 12 13 7
1633941209.092 48 34 24 18 12 13 7
1633941209.334 46 32 25 19 12 13 5
1633941209.585 44 34 29 18 13 14 4
1633941209.834 46 34 24 18 15 13 6
1633941210.089 44 33 27 20 10 12 6
1633941210.334 48 34 24 18 16 16 5
1633941210.587 46 35 25 19 12 14 7
1633941210.838 46 34 26 20 13 13 6
1633941211.085 44 34 26 19 16 12 6
1633941211.334 45 36 27 19 12 12 7
1633941211.584 46 34 26 19 13 12 5
1633941211.842 45 33 26 19 13 13 6
1633941212.084 45 33 26 19 12 14 5
1633941212.335 46 35 24 17 11 13 8
1633941212.585 45 35 27 20 14 13 7
1633941212.834 45 35 27 17 11 14 4
1633941213.086 44 33 27 18 13 13 8
1633941213.334 48 32 25 18 13 12 4
1633941213.585 47 34 27 18 12 15 6
1633941213.835 45 35 26 18 11 13 6
1633941214.085 45 33 27 18 12 13 9
1633941214.335 47 34 27 18 12 11 7
1633941214.584 44 35 24 17 12 11 6
1633941214.835 46 34 25 19 14 13 6
1633941215.085 46 34 24 18 12 13 3
1633941215.336 47 34 27 18 10 13 6
1633941215.585 46 34 29 18 13 12 4
1633941215.835 45 34 27 20 11 9 7
1633941216.084 47 35 25 22 12 12 7
1633941216.334 44 36 27 20 12 13 6
1633941216.584 45 35 27 18 12 12 9
1633941216.842 47 34 26 20 13 11 8
1633941217.089 45 34 25 18 10 11 8
1633941217.334 46 34 27 17 14 15 5
1633941217.584 46 34 27 18 11 12 6
1633941217.835 45 33 26 20 12 14 7
1633941218.084 44 34 25 18 12 12 5
1633941218.334 47 33 26 17 12 13 8
1633941218.584 45 33 26 18 13 12 3
1633941218.835 44 36 27 18 13 11 6
1633941219.084 45 36 24 19 11 13 6
1633941219.334 45 34 28 18 11 13 5
1633941219.584 47 33 26 19 13 11 5
1633941219.849 45 33 25 17 13 11 7
1633941220.086 46 35 26 17 10 11 7
1633941220.335 44 34 24 19 13 12 7
1633941220.590 47 32 26 18 14 13 8
1633941220.840 46 36 25 22 15 12 5
1633941221.085 45 34 27 19 13 12 7
1633941221.340 45 34 27 16 14 12 7
1633941221.589 45 34 27 19 14 15 5
1633941221.834 46 33 26 19 12 15 6
1633941222.085 46 34 25 19 11 13 6
1633941222.341 47 34 25 19 12 12 7
1633941222.585 46 33 25 18 12 13 7
1633941222.839 45 35 24 18 12 13 7
1633941223.090 46 36 27 19 13 14 6
1633941223.335 46 33 26 18 12 11 5
1633941223.589 46 34 27 20 12 13 5
1633941223.839 45 33 25 18 13 15 7
1633941224.085 45 33 26 18 13 13 7
1633941224.335 45 36 27 17 12 13 4
1633941224.588 45 34 26 18 13 11 8
1633941224.835 45 34 26 20 11 13 5
1633941225.087 45 34 26 17 12 12 6
1633941225.338 46 34 26 19 14 12 7
1633941225.585 46 33 26 18 11 12 5
1633941225.836 45 34 25 19 12 10 5
1633941226.087 47 33 25 20 13 12 6
1633941226.335 46 34 26 18 13 12 5
1633941226.586 44 33 28 19 13 14 6
1633941226.836 46 34 27 17 14 12 5
1633941227.085 47 33 27 18 14 12 5
1633941227.338 46 34 25 19 11 12 4
1633941227.588 45 36 27 20 13 14 5
1633941227.836 45 32 26 19 13 13 6
1633941228.085 47 32 27 18 12 12 7
1633941228.340 46 34 25 19 12 14 6
1633941228.585 45 34 25 18 13 13 7
1633941228.836 44 33 25 18 13 12 6
1633941229.087 45 34 24 20 12 13 5
1633941229.335 49 36 28 20 13 12 6
1633941229.586 46 32 25 20 11 11 7
1633941229.840 45 34 27 21 14 12 6
1633941230.087 45 35 24 19 15 14 5
1633941230.335 46 34 27 18 13 13 4
1633941230.585 45 33 26 21 11 11 6
1633941230.837 46 36 26 18 14 13 4
1633941231.085 47 34 26 19 11 14 5
1633941231.337 45 34 27 18 13 10 6
1633941231.587 46 34 26 20 12 16 5
1633941231.835 48 35 25 18 12 14 8
1633941232.088 46 33 27 19 11 13 7
1633941232.336 45 34 26 20 15 12 8
1633941232.588 44 35 28 18 14 11 6
1633941232.837 46 34 28 20 14 12 6
1633941233.086 46 35 28 18 14 12 6
1633941233.338 47 34 27 19 13 14 4
1633941233.586 45 33 26 17 13 11 5
1633941233.836 48 34 25 19 13 12 6
1633941234.089 45 36 26 19 12 12 7
1633941234.337 45 34 23 18 12 11 8
1633941234.585 44 34 27 20 13 13 5
1633941234.838 46 33 26 20 12 12 5
1633941235.086 45 35 26 19 12 13 6
1633941235.336 47 35 26 20 13 12 5
1633941235.585 43 33 28 19 14 14 7
1633941235.838 46 33 25 19 13 13 5
1633941236.085 47 32 24 19 13 12 6
1633941236.339 44 35 24 17 12 12 7
1633941236.586 45 33 27 19 12 13 8
1633941236.846 47 35 25 18 15 14 8
1633941237.085 46 32 26 18 12 12 7
1633941237.335 44 36 27 20 12 13 6
1633941237.586 45 33 27 19 13 12 8
1633941237.835 47 33 24 18 13 14 6
1633941238.087 45 36 26 18 12 14 6
1633941238.335 46 36 27 18 13 13 7
1633941238.585 47 34 25 22 10 11 6
1633941238.849 50 35 26 20 11 13 6
1633941239.085 45 36 26 18 12 13 5
1633941239.335 47 35 26 17 13 10 6
1633941239.605 47 35 28 20 14 11 8
1633941239.836 45 33 26 19 12 13 6
1633941240.086 44 34 26 18 12 13 6
1633941240.337 46 34 25 20 12 12 4
1633941240.589 46 33 26 18 12 14 8
1633941240.836 45 35 26 19 12 12 5
1633941241.088 45 33 25 19 14 15 7
1633941241.339 45 37 24 17 12 15 7
1633941241.586 43 35 26 15 13 12 5
1633941241.837 45 35 27 18 12 12 4
1633941242.087 44 34 25 20 12 13 5
1633941242.335 46 35 26 19 14 12 4
1633941242.587 44 35 29 20 12 13 6
1633941242.838 45 36 27 20 14 14 5
1633941243.085 44 35 26 17 14 16 5
1633941243.342 47 33 26 18 13 12 7
1633941243.589 47 34 25 19 13 12 8
1633941243.835 45 35 24 19 12 11 7
1633941244.086 45 38 25 18 15 12 10
1633941244.338 45 35 24 17 11 15 8
1633941244.585 46 33 25 19 11 14 4
1633941244.852 46 33 25 20 13 11 5
1633941245.088 46 33 25 18 13 14 7
1633941245.335 45 34 26 19 13 13 10
1633941245.592 44 35 25 17 10 12 4
1633941245.839 46 36 24 19 13 13 5
1633941246.087 44 34 26 20 13 11 6
1633941246.340 46 35 26 19 11 12 7
1633941246.586 47 34 26 20 13 13 5
1633941246.838 45 36 26 17 12 12 8
1633941247.087 45 35 24 20 13 11 6
1633941247.336 45 35 25 20 14 15 6
1633941247.587 45 33 25 17 16 13 7
1633941247.844 46 34 26 19 12 12 6
1633941248.088 44 34 27 17 13 13 6
1633941248.337 44 35 26 18 13 11 8
1633941248.591 46 36 28 17 13 13 8
1633941248.836 45 33 27 18 14 13 7
1633941249.087 46 31 24 19 10 12 6
1633941249.338 46 34 24 18 11 13 7
1633941249.589 47 34 25 18 12 12 6
1633941249.838 46 36 25 18 13 12 9
1633941250.089 45 34 24 18 14 15 4
1633941250.339 46 34 26 18 14 14 8
1633941250.587 45 33 26 20 12 10 5
1633941250.836 45 34 25 19 12 15 6
1633941251.088 48 34 28 19 13 13 6
1633941251.339 45 32 26 18 12 13 6
1633941251.590 46 34 25 19 13 13 5
1633941251.837 45 34 28 18 13 13 6
1633941252.090 44 33 28 19 12 14 7
1633941252.336 46 34 25 17 13 12 7
1633941252.587 46 35 26 19 11 13 4
1633941252.836 48 32 28 18 12 11 4
1633941253.087 43 35 26 18 15 13 6
1633941253.337 46 34 26 18 12 13 8
1633941253.587 47 34 26 20 12 14 6
1633941253.837 46 34 26 19 12 13 7
1633941254.087 45 33 26 19 15 14 6
1633941254.337 47 34 26 17 13 12 7
1633941254.588 46 34 26 18 12 13 6
1633941254.836 47 35 27 21 11 12 7
1633941255.087 45 33 24 17 13 13 8
1633941255.338 45 33 26 16 14 13 7
1633941255.588 45 33 26 18 11 13 5
1633941255.837 47 34 24 17 14 10 6
1633941256.087 46 35 27 19 14 12 4
1633941256.339 46 33 26 19 15 11 8
1633941256.587 50 34 27 18 14 12 6
1633941256.841 45 35 25 18 12 11 6
1633941257.087 45 33 25 17 14 12 6
1633941257.337 45 34 26 22 13 14 6
1633941257.606 46 33 26 20 11 10 8
1633941257.837 44 33 25 19 10 14 10
1633941258.087 45 33 26 20 11 12 6
1633941258.338 48 35 26 19 12 11 7
1633941258.588 46 37 25 19 12 12 6
1633941258.837 46 32 26 18 15 13 6
1633941259.087 46 33 26 18 13 12 6
1633941259.338 47 34 25 18 12 12 5
1633941259.589 46 34 26 19 12 13 7
1633941259.837 46 35 24 18 11 15 5
1633941260.086 45 34 25 19 14 12 8
1633941260.338 44 36 26 20 14 13 6
1633941260.587 48 35 28 18 14 12 4
1633941260.837 45 33 25 18 15 14 6
1633941261.091 47 34 25 19 12 14 7
1633941261.342 48 35 28 18 11 13 5
1633941261.587 45 35 25 19 14 12 6
1633941261.837 45 35 26 19 12 12 4
1633941262.094 46 34 26 19 13 13 6
1633941262.336 46 35 25 19 12 14 4
1633941262.587 46 35 24 17 12 13 4
1633941262.845 43 35 27 19 12 12 6
1633941263.087 45 35 27 20 12 15 9
1633941263.340 43 33 28 19 12 12 8
1633941263.593 46 36 26 18 12 14 7
1633941263.838 49 36 24 19 11 12 6
1633941264.096 48 34 27 20 12 11 7
1633941264.342 45 35 24 18 11 12 3
1633941264.587 45 34 25 20 12 11 7
1633941264.838 46 34 24 19 13 12 5
1633941265.093 46 35 28 20 17 15 7
1633941265.338 46 33 27 20 13 13 7
1633941265.591 50 34 27 18 14 11 7
1633941265.842 44 35 24 19 13 14 7
1633941266.086 47 35 26 17 12 12 8
1633941266.345 46 35 26 18 13 12 6
1633941266.595 47 33 26 18 12 13 7
1633941266.838 46 33 28 18 13 10 7
1633941267.090 44 35 26 19 13 13 5
1633941267.342 45 33 25 17 12 14 5
1633941267.587 45 34 25 19 12 15 8
1633941267.838 44 36 23 21 13 12 6
1633941268.091 46 34 28 18 11 13 7
1633941268.339 49 35 25 17 14 14 5
1633941268.589 46 35 26 19 12 13 5
1633941268.838 46 34 25 19 12 12 6
1633941269.088 44 33 26 20 11 12 6
1633941269.341 44 34 28 18 12 13 5
1633941269.588 45 32 26 19 11 13 5
1633941269.838 47 34 26 19 14 12 6
1633941270.090 45 33 27 19 14 13 6
1633941270.342 46 37 26 21 13 12 6
1633941270.587 46 35 26 19 16 13 6
1633941270.839 46 34 27 19 12 13 6
1633941271.091 47 34 26 18 13 14 6
1633941271.338 47 37 24 18 12 12 11
1633941271.589 45 34 24 18 13 12 5
1633941271.839 45 33 28 20 12 12 6
1633941272.087 45 34 24 19 12 11 5
1633941272.338 45 34 25 18 12 11 5
1633941272.591 45 34 26 19 12 12 7
1633941272.838 44 34 25 19 13 13 6
1633941273.088 45 33 26 19 13 14 8
1633941273.340 46 33 26 19 12 13 6
1633941273.589 45 34 24 21 13 13 7
1633941273.838 46 33 27 18 12 13 5
1633941274.090 45 34 27 20 13 12 5
1633941274.341 46 36 26 18 13 14 6
1633941274.587 46 34 25 18 12 13 6
1633941274.838 48 35 26 18 14 14 6
1633941275.090 44 33 25 19 13 12 6
1633941275.338 46 34 25 17 11 12 4
1633941275.589 44 35 26 18 13 13 5
1633941275.838 45 33 25 18 12 12 6
1633941276.087 46 32 26 18 14 12 5
1633941276.338 48 33 25 18 13 12 6
1633941276.587 47 35 26 18 12 13 7
1633941276.838 45 33 25 18 11 12 6
1633941277.088 45 34 25 19 10 14 6
1633941277.338 45 35 26 20 12 12 6
1633941277.588 46 35 26 21 12 14 8
1633941277.839 47 33 26 18 11 11 5
1633941278.088 45 33 26 20 11 12 6
1633941278.345 46 34 24 18 13 11 5
1633941278.588 46 36 26 18 13 11 6
1633941278.838 47 37 27 20 14 14 6
1633941279.091 45 37 25 19 13 13 6
1633941279.339 46 35 27 19 12 15 8
1633941279.588 47 35 25 17 13 14 6
1633941279.838 45 34 25 17 15 12 6
1633941280.092 46 34 25 19 11 13 5
1633941280.340 45 35 26 19 11 13 7
1633941280.588 45 36 26 18 12 11 7
1633941280.838 46 34 24 18 13 12 7
1633941281.088 46 35 26 20 12 13 5
1633941281.338 46 36 25 19 11 13 7
1633941281.588 48 34 25 21 12 14 7
1633941281.837 44 34 23 18 13 12 7
1633941282.088 44 32 24 19 15 13 8
1633941282.338 44 33 25 19 13 11 9
1633941282.591 46 34 26 18 14 12 4
1633941282.842 46 35 25 17 12 14 10
1633941283.088 44 32 26 18 14 12 5
1633941283.343 45 33 28 19 11 15 4
1633941283.594 43 34 24 20 13 13 9
1633941283.838 45 34 24 20 13 10 5
1633941284.089 47 33 25 19 13 11 4
1633941284.341 46 33 26 19 15 15 7
1633941284.588 45 34 25 17 13 13 5
1633941284.839 44 32 26 18 12 11 6
1633941285.090 46 35 25 20 12 12 5
1633941285.339 46 36 24 20 14 13 6
1633941285.589 45 33 27 19 12 12 6
1633941285.843 49 34 27 19 13 10 6
1633941286.090 45 33 25 18 12 12 6
1633941286.339 48 33 26 19 10 13 6
1633941286.591 46 33 26 20 12 13 7
1633941286.837 48 34 27 18 13 13 7
1633941287.096 47 34 25 18 11 12 5
1633941287.342 44 34 25 20 10 14 4
1633941287.588 45 35 26 19 12 14 5
1633941287.842 46 34 26 19 13 12 6
1633941288.091 45 34 27 18 14 12 7
1633941288.338 46 37 25 18 13 13 3
1633941288.592 47 34 27 23 13 11 4
1633941288.843 46 36 26 22 12 13 5
1633941289.088 47 35 27 18 11 17 5
1633941289.342 46 36 28 19 13 11 8
1633941289.589 47 36 24 19 13 11 7
1633941289.840 44 35 25 20 13 12 5
1633941290.091 44 35 27 20 13 13 8
1633941290.338 46 33 25 18 13 12 6
1633941290.589 44 33 26 21 14 13 7
1633941290.843 47 33 25 19 11 14 5
1633941291.089 47 34 25 20 13 14 6
1633941291.339 45 34 29 18 12 15 7
1633941291.589 48 34 28 20 14 12 6
1633941291.840 45 36 26 21 11 13 8
1633941292.089 46 33 24 20 15 12 6
1633941292.341 45 34 25 23 12 14 5
1633941292.593 46 34 25 19 12 12 6
1633941292.840 48 34 28 20 11 12 5
1633941293.094 46 34 26 20 12 11 9
1633941293.340 48 33 26 19 13 13 6
1633941293.592 46 35 27 20 11 13 5
1633941293.840 45 34 24 19 12 13 5
1633941294.089 44 33 28 20 11 14 5
1633941294.342 46 33 26 18 13 14 5
1633941294.592 48 34 26 19 13 12 6
1633941294.839 47 33 27 17 12 13 5
1633941295.090 45 36 26 18 13 12 6
1633941295.340 46 34 27 21 12 11 5
1633941295.589 46 34 22 19 14 13 4
1633941295.840 47 34 26 19 12 12 6
1633941296.090 46 36 27 19 14 13 5
1633941296.341 46 35 26 20 12 11 5
1633941296.589 46 33 28 21 13 12 8
1633941296.841 45 33 26 19 11 12 4
1633941297.088 44 34 26 18 15 12 6
1633941297.340 44 35 25 19 12 14 6
1633941297.589 45 33 26 18 12 12 5
1633941297.839 44 35 27 18 9 11 4
1633941298.089 45 34 25 20 10 12 4
1633941298.339 45 35 25 18 15 13 7
1633941298.590 45 34 27 19 11 12 5
1633941298.840 45 35 24 20 13 13 7
1633941299.089 46 35 24 19 12 12 6
1633941299.339 44 34 24 18 14 14 5
1633941299.591 44 35 25 18 11 13 9
1633941299.839 46 36 26 20 15 13 7
1633941300.089 46 33 25 22 14 14 7
1633941300.339 46 34 25 18 12 13 7
1633941300.589 44 34 25 21 14 13 7
1633941300.839 46 34 24 19 12 12 7
1633941301.089 45 32 26 20 13 11 6
1633941301.339 44 33 26 21 14 12 5
1633941301.590 45 34 26 19 12 12 7
1633941301.839 48 33 26 17 14 13 5
1633941302.091 45 33 24 19 12 11 7
1633941302.338 45 36 26 18 13 14 7
1633941302.596 47 34 28 19 13 12 6
1633941302.839 45 36 25 19 12 12 5
1633941303.089 47 35 27 18 12 15 6
1633941303.339 47 35 26 20 13 14 5
1633941303.602 46 35 26 21 13 12 6
1633941303.839 43 34 25 17 14 10 7
1633941304.090 47 36 25 19 14 13 6
1633941304.345 47 34 27 19 13 13 5
1633941304.589 46 35 27 19 14 12 5
1633941304.842 44 34 25 20 12 11 4
1633941305.100 45 33 26 19 10 13 6
1633941305.340 44 34 24 19 14 14 6
1633941305.589 44 34 27 20 13 13 6
1633941305.843 43 34 27 20 11 13 7
1633941306.089 44 34 25 18 13 12 6
1633941306.345 46 36 24 19 13 11 9
1633941306.599 49 34 26 20 12 12 7
1633941306.840 45 35 24 18 12 12 5
1633941307.094 46 36 26 19 12 13 5
1633941307.344 45 35 26 22 9 14 5
1633941307.590 44 34 28 21 11 11 7
1633941307.845 46 35 26 20 12 11 5
1633941308.092 45 34 24 18 10 14 6
1633941308.339 44 34 26 18 13 13 7
1633941308.594 47 35 27 19 11 13 7
1633941308.841 45 33 25 19 13 11 8
1633941309.089 45 33 25 19 14 13 4
1633941309.342 46 33 25 19 13 13 5
1633941309.592 47 34 27 19 12 13 7
1633941309.841 43 34 25 18 12 12 7
1633941310.095 46 35 27 20 11 13 8
1633941310.342 44 32 28 19 13 11 6
1633941310.590 45 35 27 20 12 12 5
1633941310.842 44 34 26 20 12 12 7
1633941311.090 46 35 27 19 13 13 5
1633941311.342 44 34 27 19 13 13 6
1633941311.592 46 37 25 19 12 13 6
1633941311.840 46 32 27 20 13 11 6
1633941312.091 45 35 25 18 15 13 7
1633941312.341 44 34 26 18 11 12 8
1633941312.590 43 35 26 19 14 13 5
1633941312.839 46 36 26 19 11 13 5
1633941313.091 45 34 26 21 13 13 7
1633941313.341 46 34 25 19 13 12 4
1633941313.590 44 35 25 18 14 12 9
1633941313.840 44 34 28 21 13 15 6
1633941314.092 45 33 25 19 12 14 6
1633941314.341 45 34 26 20 11 14 7
1633941314.592 45 33 25 21 13 14 6
1633941314.840 45 36 27 19 13 11 6
1633941315.090 45 34 25 19 14 13 6
1633941315.343 45 36 26 20 12 13 4
1633941315.590 47 33 26 21 11 11 7
1633941315.839 47 34 24 19 12 14 5
1633941316.090 49 33 26 18 13 12 6
1633941316.341 45 36 25 18 11 13 6
1633941316.590 46 35 28 19 10 14 5
1633941316.840 48 35 24 19 10 13 5
1633941317.091 46 32 28 18 15 12 7
1633941317.343 44 34 28 18 13 13 8
1633941317.589 46 35 27 19 12 11 7
1633941317.845 44 34 26 20 11 14 7
1633941318.091 48 33 26 20 13 13 7
1633941318.340 44 34 26 20 10 14 5
1633941318.594 45 35 25 19 11 12 6
1633941318.840 46 35 26 20 12 11 8
1633941319.089 45 36 26 18 11 13 4
1633941319.349 48 35 27 19 11 11 5
1633941319.591 46 35 25 19 11 12 8
1633941319.840 46 34 26 19 12 13 8
1633941320.099 44 36 25 20 13 14 8
1633941320.340 45 35 26 21 11 13 8
1633941320.590 47 36 26 20 12 13 6
1633941320.841 45 34 25 18 12 14 5
1633941321.095 45 36 27 19 13 11 4
1633941321.340 45 34 26 18 11 12 6
1633941321.590 46 33 26 22 11 14 4
1633941321.841 48 34 26 20 15 12 6
1633941322.093 46 35 25 20 13 14 5
1633941322.341 44 35 24 20 13 11 7
1633941322.590 47 33 25 20 10 15 7
1633941322.845 47 34 26 19 13 13 5
1633941323.095 46 35 26 19 13 11 5
1633941323.340 46 35 25 18 13 13 4
1633941323.590 47 34 27 19 12 15 6
1633941323.841 46 33 27 20 12 14 6
1633941324.092 46 33 24 20 13 9 9
1633941324.340 46 34 27 20 11 11 5
1633941324.590 46 33 25 19 13 13 7
1633941324.841 45 33 26 19 11 14 5
1633941325.093 46 34 26 20 12 12 7
1633941325.340 47 34 27 18 14 11 7
1633941325.590 46 35 26 20 14 14 4
1633941325.845 44 33 25 19 14 12 6
1633941326.090 47 35 26 19 13 12 6
1633941326.345 45 34 25 21 11 14 9
1633941326.596 46 33 26 19 9 12 7
1633941326.840 46 36 25 18 13 12 6
1633941327.110 46 35 25 17 11 14 6
1633941327.343 45 33 28 18 12 13 6
1633941327.590 46 35 27 19 13 13 4
1633941327.845 44 36 26 22 12 12 7
1633941328.095 45 35 26 18 12 12 7
1633941328.341 45 35 26 19 13 11 6
1633941328.601 46 32 28 22 11 14 6
1633941328.844 43 33 28 18 11 12 6
1633941329.091 47 34 25 21 12 11 5
1633941329.366 47 35 27 20 12 14 4
1633941329.595 48 36 26 18 12 11 7
1633941329.841 43 35 28 21 13 13 5
1633941330.104 46 36 25 20 13 13 6
1633941330.343 44 35 28 18 13 13 7
1633941330.591 45 34 26 20 13 11 4
1633941330.842 44 34 25 19 11 12 6
1633941331.092 44 33 25 18 13 14 6
1633941331.340 45 34 25 18 13 12 5
1633941331.594 45 34 24 19 11 12 4
1633941331.843 47 34 26 18 12 12 7
1633941332.091 44 34 27 22 12 16 7
1633941332.341 44 34 28 19 13 13 8
1633941332.593 46 34 26 21 11 12 7
1633941332.840 44 33 26 20 13 11 8
1633941333.093 45 33 24 21 12 12 7
1633941333.346 45 34 24 19 12 12 8
1633941333.591 46 34 25 20 12 13 5
1633941333.841 44 35 26 20 13 14 5
1633941334.094 45 35 26 19 13 14 5
1633941334.340 45 36 26 18 13 15 5
1633941334.593 45 33 26 20 12 11 5
1633941334.845 46 35 26 18 12 11 4
1633941335.091 46 33 25 18 12 11 8
1633941335.344 44 32 26 20 10 12 6
1633941335.592 46 34 27 18 11 13 6
1633941335.842 44 35 26 20 12 11 7
1633941336.091 43 33 26 19 11 11 6
1633941336.341 47 34 27 19 13 14 5
1633941336.593 46 34 26 19 12 14 7
1633941336.841 46 34 25 17 13 12 5
1633941337.093 47 34 27 18 13 13 5
1633941337.342 45 34 25 19 10 12 6
1633941337.594 46 34 26 19 10 14 5
1633941337.841 45 34 25 18 11 15 7
1633941338.091 48 34 25 18 13 12 7
1633941338.342 47 32 25 19 11 10 6
1633941338.591 46 35 26 20 12 11 5
1633941338.842 46 34 29 19 12 12 6
1633941339.094 45 33 27 18 13 13 6
1633941339.343 44 32 27 19 12 13 5
1633941339.591 45 35 26 19 12 13 5
1633941339.844 46 36 26 19 12 13 5
1633941340.093 46 34 25 17 11 11 5
1633941340.341 45 34 26 19 11 13 5
1633941340.612 44 34 26 19 10 11 5
1633941340.841 48 32 24 18 14 14 5
1633941341.091 46 34 28 19 13 11 5
1633941341.341 44 35 26 20 11 11 6
1633941341.593 44 34 27 20 12 12 8
1633941341.841 45 33 25 20 11 13 6
1633941342.093 44 35 24 19 10 13 7
1633941342.341 45 35 25 21 12 11 6
1633941342.592 45 37 26 22 11 12 6
1633941342.841 45 35 26 20 12 10 5
1633941343.091 46 33 28 18 12 12 4
1633941343.341 45 33 27 19 12 13 4
1633941343.603 46 35 26 20 13 10 7
1633941343.841 47 33 27 19 14 11 7
1633941344.091 45 34 24 19 13 11 7
1633941344.346 44 34 24 21 12 11 6
1633941344.593 43 34 24 19 11 12 4
1633941344.841 44 33 24 20 12 14 6
1633941345.091 47 35 25 19 13 13 7
1633941345.345 47 33 25 19 12 12 6
1633941345.591 45 33 26 19 14 12 8
1633941345.844 46 35 24 20 12 13 6
1633941346.095 44 35 25 20 12 12 7
1633941346.342 46 36 26 20 15 11 5
1633941346.611 44 35 28 19 12 12 6
1633941346.845 46 34 27 17 10 13 5
1633941347.091 46 32 23 18 12 12 7
1633941347.343 44 34 27 21 14 12 6
1633941347.597 47 34 24 20 15 13 7
1633941347.842 45 34 24 21 11 11 4
1633941348.092 46 33 27 20 12 12 5
1633941348.346 47 37 25 18 14 12 7
1633941348.592 46 34 27 22 10 12 5
1633941348.854 47 35 25 22 11 13 6
1633941349.092 44 34 25 21 10 12 6
1633941349.342 44 34 27 19 14 14 4
1633941349.592 46 34 25 22 13 11 6
1633941349.846 46 34 24 20 12 11 7
1633941350.094 45 34 26 20 13 12 5
1633941350.346 45 37 26 19 14 12 6
1633941350.597 46 32 23 19 11 11 6
1633941350.843 46 33 27 18 14 13 5
1633941351.093 45 37 24 18 12 14 6
1633941351.343 43 34 25 21 12 12 5
1633941351.593 43 34 26 20 13 16 6
1633941351.842 44 36 23 18 12 11 7
1633941352.093 47 34 24 19 15 12 6
1633941352.343 47 33 27 18 14 11 6
1633941352.592 47 35 26 20 12 13 6
1633941352.842 47 35 25 19 9 13 8
1633941353.094 46 35 28 19 13 13 5
1633941353.342 44 33 26 21 12 13 6
1633941353.594 46 36 26 18 13 12 5
1633941353.850 46 34 24 19 13 13 5
1633941354.092 46 36 24 19 16 11 6
1633941354.344 46 34 26 19 13 12 5
1633941354.592 48 32 25 20 12 13 6
1633941354.843 45 36 26 18 12 11 8
1633941355.091 48 35 27 20 14 12 7
1633941355.341 44 34 25 19 13 12 5
1633941355.594 46 34 24 19 10 13 7
1633941355.843 44 36 24 18 12 12 8
1633941356.093 45 34 25 21 14 12 8
1633941356.344 48 34 26 19 12 13 6
1633941356.592 44 34 25 20 12 14 5
1633941356.845 44 37 28 20 13 11 5
1633941357.093 45 36 26 22 12 12 6
1633941357.342 45 34 24 21 14 13 4
1633941357.594 45 33 26 19 11 12 6
1633941357.844 46 37 26 18 10 12 5
1633941358.094 44 33 25 20 13 15 4
1633941358.342 44 34 26 18 13 14 6
1633941358.595 45 35 25 18 14 13 5
1633941358.844 45 34 25 21 13 12 6
1633941359.092 45 33 26 19 15 11 5
1633941359.342 47 36 24 19 12 15 5
1633941359.595 44 34 25 19 15 11 5
1633941359.842 43 34 24 18 11 12 6
1633941360.093 47 35 26 19 12 13 6
1633941360.342 47 33 28 19 12 14 8
1633941360.594 46 36 27 19 15 13 5
1633941360.842 47 33 25 19 13 12 6
1633941361.092 45 35 25 19 13 11 6
1633941361.343 47 36 26 22 11 11 4
1633941361.594 47 34 27 20 15 12 8
1633941361.844 46 35 25 20 14 13 5
1633941362.093 47 37 25 19 12 14 8
1633941362.342 46 35 25 19 13 12 5
1633941362.593 44 36 25 20 12 10 8
1633941362.843 44 34 26 18 13 11 7
1633941363.092 47 32 25 18 13 12 6
1633941363.342 46 35 26 19 13 14 5
1633941363.594 44 35 27 18 14 14 3
1633941363.844 44 34 25 19 12 11 6
1633941364.092 45 33 26 18 14 12 8
1633941364.343 47 32 24 20 12 14 8
1633941364.595 45 35 27 19 13 12 4
1633941364.842 48 35 26 21 14 13 5
1633941365.092 45 33 25 18 12 11 4
1633941365.342 45 36 26 20 13 13 6
1633941365.594 46 33 26 18 11 14 6
1633941365.844 45 37 26 18 12 14 7
1633941366.096 44 32 25 20 13 14 5
1633941366.347 43 33 27 18 12 14 3
1633941366.593 46 35 26 21 12 11 7
1633941366.843 47 33 30 20 12 14 4
1633941367.102 47 33 27 20 13 13 6
1633941367.344 44 36 25 20 11 13 5
1633941367.593 46 34 25 17 14 15 5
1633941367.845 45 35 25 19 14 13 6
1633941368.098 46 34 27 19 12 13 8
1633941368.342 46 32 25 20 13 13 5
1633941368.604 46 38 25 20 12 11 5
1633941368.848 45 34 27 20 12 13 5
1633941369.093 47 36 26 18 13 12 5
1633941369.349 45 34 25 20 11 12 5
1633941369.597 48 36 27 20 14 11 4
1633941369.842 44 34 25 19 12 13 6
1633941370.095 48 36 23 19 13 13 5
1633941370.345 46 35 24 17 13 12 5
1633941370.593 46 35 26 18 16 13 7
1633941370.843 46 34 26 20 12 12 6
1633941371.098 44 34 24 20 14 12 5
1633941371.343 47 34 25 19 12 14 8
1633941371.595 45 36 25 20 11 15 5
1633941371.846 43 34 29 21 12 13 5
1633941372.093 45 34 25 21 14 12 8
1633941372.346 45 34 25 19 12 13 7
1633941372.598 44 36 28 20 13 12 6
1633941372.847 46 36 26 20 11 12 7
1633941373.094 44 33 23 19 13 12 7
1633941373.345 48 34 24 18 12 12 6
1633941373.592 45 34 26 19 13 13 7
1633941373.843 45 34 29 20 11 12 7
1633941374.095 45 33 27 20 12 13 4
1633941374.343 46 36 24 19 13 13 4
1633941374.598 46 34 25 21 12 11 6
1633941374.843 44 34 26 18 12 15 6
1633941375.093 44 35 26 19 13 13 7
1633941375.345 47 35 28 19 13 12 7
1633941375.595 47 34 25 18 12 13 6
1633941375.846 44 35 25 18 12 10 9
1633941376.096 45 33 24 20 12 12 6
1633941376.343 46 36 24 19 13 13 6
1633941376.592 47 38 28 18 13 13 4
1633941376.845 43 37 26 18 12 12 9
1633941377.096 46 35 25 18 13 11 6
1633941377.344 46 33 25 20 10 13 8
1633941377.594 46 33 25 18 12 11 7
1633941377.851 46 34 26 22 12 14 6
1633941378.095 46 35 27 19 11 14 5
1633941378.344 48 34 25 22 12 12 5
1633941378.594 45 34 25 18 13 12 7
1633941378.843 44 36 26 19 13 13 7
1633941379.094 45 34 25 20 15 14 6
1633941379.343 45 33 24 18 13 15 8
1633941379.594 47 35 26 19 11 11 5
1633941379.844 46 35 25 21 13 11 6
1633941380.094 43 34 26 19 13 12 9
1633941380.343 46 34 25 18 14 15 8
1633941380.594 45 33 26 19 10 10 5
1633941380.845 44 38 26 19 11 12 5
1633941381.093 45 36 25 19 15 13 4
1633941381.345 48 35 23 21 13 12 5
1633941381.593 48 35 27 20 12 12 7
1633941381.844 44 34 28 19 10 11 3
1633941382.093 47 34 27 21 13 13 7
1633941382.345 44 33 27 19 13 13 5
1633941382.593 45 35 26 17 10 12 8
1633941382.843 46 35 26 22 12 12 6
1633941383.093 45 36 25 18 14 12 6
1633941383.344 46 34 25 17 12 13 5
1633941383.594 45 34 26 18 11 13 9
1633941383.843 46 36 27 19 12 11 7
1633941384.093 45 34 25 20 12 11 8
1633941384.348 46 32 25 17 11 11 7
1633941384.595 45 35 26 17 14 11 5
1633941384.843 48 35 26 19 12 12 8
1633941385.093 45 34 25 20 11 13 8
1633941385.345 47 35 25 16 12 11 6
1633941385.595 46 36 24 20 12 12 6
1633941385.843 45 33 26 20 10 12 6
1633941386.094 45 33 25 19 11 13 5
1633941386.365 47 36 23 19 12 11 9
1633941386.596 46 35 27 19 12 12 7
1633941386.843 48 36 27 22 13 12 7
1633941387.097 46 36 27 17 12 11 5
1633941387.350 46 34 25 18 14 13 5
1633941387.595 49 37 26 19 12 13 6
1633941387.846 44 35 24 18 13 11 3
1633941388.098 44 33 25 19 11 12 5
1633941388.343 45 33 24 19 14 11 6
1633941388.596 44 36 26 17 13 12 6
1633941388.849 45 35 25 17 12 12 7
1633941389.094 44 33 24 18 12 13 6
1633941389.349 46 34 24 20 14 15 4
1633941389.599 47 35 27 19 13 12 5
1633941389.844 48 37 24 19 13 11 7
1633941390.097 47 34 25 20 11 12 4
1633941390.349 46 34 25 20 12 15 5
1633941390.594 46 37 25 19 14 13 6
1633941390.848 45 35 25 18 12 13 5
1633941391.098 45 37 26 20 13 12 5
1633941391.346 47 34 24 19 14 14 7
1633941391.595 47 34 25 18 11 14 6
1633941391.847 43 35 28 21 12 12 8
1633941392.097 45 36 25 21 12 12 4
1633941392.345 43 36 26 21 11 12 5
1633941392.598 44 36 25 18 11 13 6
1633941392.845 50 33 27 19 12 11 7
1633941393.098 45 34 26 19 13 12 3
1633941393.344 46 35 25 19 12 14 6
1633941393.597 45 34 26 22 13 14 4
1633941393.847 48 34 25 18 11 13 7
1633941394.094 46 33 26 18 14 13 6
1633941394.346 47 33 26 19 13 12 6
1633941394.596 44 35 26 20 15 13 5
1633941394.844 44 34 24 19 13 11 7
1633941395.098 46 36 28 22 15 12 5
1633941395.346 49 34 27 20 15 13 6
1633941395.596 45 34 25 18 14 12 6
1633941395.847 45 34 25 19 13 14 8
1633941396.101 46 34 26 18 12 12 5
1633941396.347 45 35 25 18 12 11 8
1633941396.599 47 37 26 19 14 11 5
1633941396.846 45 34 25 20 12 14 5
1633941397.096 47 34 25 20 16 13 6
1633941397.348 47 34 25 17 11 10 6
1633941397.595 45 35 24 17 13 12 7
1633941397.846 46 35 27 21 11 13 4
1633941398.101 45 34 26 18 12 14 5
1633941398.344 45 35 25 19 12 12 6
1633941398.595 45 34 25 19 12 14 4
1633941398.850 44 34 25 18 11 11 8
1633941399.094 46 33 25 18 11 12 6
1633941399.351 45 36 26 20 11 13 7
1633941399.594 45 32 26 20 12 15 7
1633941399.844 45 37 25 20 10 11 5
1633941400.100 47 34 25 18 11 12 4
1633941400.346 47 34 26 21 15 12 6
1633941400.596 47 34 26 19 13 12 4
1633941400.848 47 35 24 18 13 13 4
1633941401.094 47 35 25 20 12 11 6
1633941401.346 46 35 27 18 13 13 6
1633941401.596 44 35 25 21 13 13 8
1633941401.847 45 34 27 19 11 13 6
1633941402.098 46 33 25 19 12 11 7
1633941402.345 47 33 26 17 13 10 3
1633941402.598 44 35 27 21 13 14 5
1633941402.846 46 36 25 19 12 13 6
1633941403.094 47 33 24 21 13 14 6
1633941403.356 46 35 25 20 13 12 5
1633941403.594 46 33 25 19 13 12 9
1633941403.846 44 33 25 19 12 13 5
1633941404.104 48 34 26 19 13 13 4
1633941404.344 44 33 24 18 10 11 6
1633941404.597 46 34 24 20 11 12 6
1633941404.848 45 32 26 19 13 12 5
1633941405.095 46 34 27 20 13 13 6
1633941405.346 44 33 27 19 12 12 5
1633941405.604 43 36 23 18 13 13 6
1633941405.846 45 34 27 19 12 14 9
1633941406.104 47 34 26 19 12 10 5
1633941406.350 46 32 25 19 12 12 4
1633941406.597 45 34 27 19 11 12 7
1633941406.846 46 35 25 18 12 11 5
1633941407.102 47 33 27 19 11 11 5
1633941407.345 45 36 26 20 13 12 6
1633941407.603 45 33 25 19 13 11 6
1633941407.849 47 37 26 19 13 13 6
1633941408.095 47 36 24 21 12 15 6
1633941408.365 44 33 25 21 14 13 9
1633941408.597 46 34 24 17 12 11 5
1633941408.847 47 36 25 19 15 12 7
1633941409.100 43 33 26 19 12 13 6
1633941409.345 45 33 27 18 12 13 8
1633941409.609 47 35 26 18 14 15 5
1633941409.847 45 37 24 19 13 12 6
1633941410.096 46 33 27 20 12 12 6
1633941410.352 45 35 26 17 13 13 4
1633941410.599 46 32 25 19 12 13 6
1633941410.847 45 34 26 19 15 13 7
1633941411.098 47 34 27 20 12 11 6
1633941411.349 44 34 28 20 12 12 6
1633941411.599 44 34 25 19 14 13 6
1633941411.845 47 33 26 18 12 12 6
1633941412.096 45 34 26 19 16 12 6
1633941412.350 46 33 25 19 11 13 7
1633941412.597 46 35 26 19 15 11 7
1633941412.846 44 33 27 18 14 13 7
1633941413.096 43 35 26 22 13 11 7
1633941413.348 45 35 27 19 12 11 6
1633941413.602 45 34 26 20 13 12 6
1633941413.848 45 33 24 19 13 13 7
1633941414.098 45 33 26 18 14 14 5
1633941414.348 46 33 25 18 11 13 6
1633941414.602 48 34 26 18 15 13 7
1633941414.848 44 34 24 20 14 12 6
1633941415.105 46 35 27 20 11 13 6
1633941415.352 45 35 24 18 12 13 5
1633941415.596 46 34 25 18 12 13 5
1633941415.846 47 33 26 20 13 14 6
1633941416.101 49 33 25 19 11 15 5
1633941416.345 48 33 26 19 12 11 5
1633941416.597 45 35 25 18 13 14 6
1633941416.847 45 35 28 19 13 13 5
1633941417.095 48 33 26 21 14 13 8
1633941417.349 46 32 26 17 11 11 7
1633941417.598 45 36 24 18 13 16 7
1633941417.847 45 35 25 19 10 14 8
1633941418.100 46 34 25 19 12 13 7
1633941418.349 45 36 28 18 12 15 6
1633941418.596 48 33 28 19 13 10 6
1633941418.847 46 34 26 17 14 13 5
1633941419.104 45 34 27 17 15 13 5
1633941419.350 46 35 25 20 14 13 5
1633941419.595 45 33 26 19 15 13 7
1633941419.847 45 35 26 19 13 12 5
1633941420.095 44 33 27 19 12 12 6
1633941420.366 48 34 25 19 14 13 5
1633941420.597 46 37 27 19 11 12 6
1633941420.845 46 34 25 18 10 12 8
1633941421.098 44 35 25 20 12 11 4
1633941421.347 44 33 27 18 10 15 7
1633941421.596 47 35 29 19 11 11 6
1633941421.846 47 35 27 19 14 12 5
1633941422.099 44 34 26 18 13 14 5
1633941422.345 44 33 27 18 13 16 5
1633941422.598 44 35 25 19 11 12 7
1633941422.846 47 36 28 19 11 12 5
1633941423.096 46 34 29 20 11 13 6
1633941423.349 47 35 26 19 12 12 5
1633941423.599 44 34 26 18 13 11 6
1633941423.845 45 34 25 18 12 14 3
1633941424.095 46 37 25 19 12 11 4
1633941424.358 45 33 24 18 12 13 7
1633941424.597 45 37 28 20 11 13 5
1633941424.845 45 33 26 21 13 11 6
1633941425.096 46 34 24 19 12 12 9
1633941425.351 47 34 24 19 12 11 4
1633941425.595 43 35 27 20 12 14 6
1633941425.847 45 35 26 18 15 10 5
1633941426.100 44 34 26 18 11 14 8
1633941426.347 45 34 27 20 11 12 6
1633941426.596 45 33 25 20 13 13 7
1633941426.848 45 35 25 20 13 12 7
1633941427.104 45 34 26 18 11 12 5
1633941427.350 49 35 26 19 13 11 6
1633941427.597 44 35 27 19 11 12 5
1633941427.848 47 35 24 19 12 13 5
1633941428.101 44 34 24 19 12 12 4
1633941428.347 46 35 25 17 12 10 6
1633941428.605 46 34 26 17 10 11 5
1633941428.851 46 34 26 18 11 13 6
1633941429.096 47 33 28 19 12 12 4
1633941429.348 45 36 25 20 12 12 6
1633941429.598 46 34 26 17 13 12 6
1633941429.845 46 36 26 19 10 12 5
1633941430.100 46 35 27 18 14 12 7
1633941430.351 44 35 25 17 14 12 8
1633941430.598 47 34 25 18 12 13 5
1633941430.847 49 35 24 20 11 14 5
1633941431.097 45 34 27 18 12 14 4
1633941431.352 45 35 25 18 12 12 6
1633941431.599 43 36 26 20 11 13 6
1633941431.847 45 36 27 18 11 10 6
1633941432.097 46 36 26 19 12 11 5
1633941432.348 46 34 23 18 14 13 4
1633941432.596 47 34 25 20 12 12 7
1633941432.848 45 35 26 20 11 12 5
1633941433.098 46 33 25 20 10 13 6
1633941433.349 49 35 25 19 12 12 6
1633941433.597 44 32 26 20 11 13 6
1633941433.848 47 34 27 16 14 15 4
1633941434.096 45 35 27 19 12 12 5
1633941434.347 47 33 24 20 11 14 7
1633941434.600 45 34 26 21 12 14 6
1633941434.846 45 34 25 20 14 13 7
1633941435.098 46 35 28 17 12 12 4
1633941435.349 45 36 25 17 14 12 8
1633941435.598 47 34 27 18 11 11 5
1633941435.848 45 34 25 19 13 12 7
1633941436.102 44 35 24 20 13 13 4
1633941436.348 44 35 26 17 11 13 5
1633941436.597 46 34 27 20 13 12 6
1633941436.848 48 36 26 19 12 12 6
1633941437.097 44 34 26 19 13 10 5
1633941437.351 47 34 28 20 12 11 6
1633941437.597 46 36 27 19 12 13 5
1633941437.848 47 37 25 19 11 12 6
1633941438.099 45 34 26 17 10 15 4
1633941438.347 47 33 28 18 14 12 5
1633941438.596 44 33 26 19 12 14 6
1633941438.846 44 34 26 17 12 12 5
1633941439.097 45 33 27 20 13 13 5
1633941439.347 46 35 25 20 11 13 4
1633941439.596 46 33 24 20 10 12 6
1633941439.846 45 37 26 20 13 14 6
1633941440.097 45 34 26 19 12 13 6
1633941440.348 47 33 26 18 12 12 5
1633941440.596 45 32 26 20 13 13 7
1633941440.846 48 34 24 18 11 15 6
1633941441.109 45 37 26 19 13 14 9
1633941441.349 47 33 27 19 11 12 5
1633941441.597 45 33 26 19 11 15 6
1633941441.850 45 35 25 19 13 12 7
1633941442.099 44 34 25 18 12 14 4
1633941442.348 48 35 24 17 12 12 6
1633941442.603 47 33 26 18 10 16 6
1633941442.848 46 34 26 18 11 13 5
1633941443.097 47 35 24 19 11 15 6
1633941443.347 45 32 26 19 11 13 7
1633941443.603 43 34 25 19 13 11 3
1633941443.847 44 34 25 18 12 14 4
1633941444.106 45 34 26 19 12 13 6
1633941444.350 46 35 25 19 12 14 6
1633941444.596 44 34 27 17 11 14 4
1633941444.849 45 35 25 19 12 17 6
1633941445.098 49 34 25 19 14 12 5
1633941445.347 45 35 26 19 11 12 7
1633941445.623 46 35 27 18 11 12 5
1633941445.851 46 34 25 20 11 12 5
1633941446.097 44 35 25 19 12 10 6
1633941446.350 46 34 27 19 10 11 7
1633941446.598 45 34 27 18 11 13 7
1633941446.862 45 34 27 18 11 13 6
1633941447.102 46 34 26 19 11 13 6
1633941447.348 46 35 26 18 14 14 6
1633941447.601 44 34 26 16 12 12 7
1633941447.853 44 34 25 20 11 10 6
1633941448.099 45 34 25 18 12 13 5
1633941448.348 43 34 26 22 13 12 5
1633941448.599 46 35 25 18 11 12 8
1633941448.848 46 33 28 20 13 12 5
1633941449.099 45 34 26 21 14 15 7
1633941449.348 46 34 25 18 14 15 7
1633941449.598 44 34 27 18 11 12 3
1633941449.852 44 35 24 19 12 13 5
1633941450.096 45 33 25 18 13 11 8
1633941450.349 50 35 24 17 13 12 8
1633941450.601 46 35 27 18 12 11 6
1633941450.847 44 33 27 20 13 11 4
1633941451.099 46 35 26 17 12 14 4
1633941451.348 46 33 27 18 12 11 5
1633941451.597 46 34 28 20 12 13 7
1633941451.850 46 34 26 20 15 12 8
1633941452.099 45 34 27 17 11 12 5
1633941452.348 46 34 28 20 12 13 5
1633941452.598 46 34 25 20 14 12 5
1633941452.848 45 34 27 20 11 10 7
1633941453.098 48 33 26 18 10 12 6
1633941453.348 44 35 27 20 12 14 6
1633941453.600 47 34 27 17 14 14 6
1633941453.848 46 33 26 19 13 13 6
1633941454.099 46 37 24 18 12 11 6
1633941454.351 46 35 24 19 13 15 4
1633941454.597 47 36 26 18 11 13 6
1633941454.849 46 34 25 18 10 12 6
1633941455.098 45 35 25 20 12 14 5
1633941455.348 47 35 26 18 13 13 6
1633941455.600 46 35 26 18 13 14 8
1633941455.848 48 33 25 20 13 15 4
1633941456.100 45 35 26 17 12 11 5
1633941456.350 46 37 27 18 12 11 5
1633941456.597 45 35 26 17 12 11 7
1633941456.848 46 36 24 20 13 14 7
1633941457.100 48 35 26 18 12 13 7
1633941457.347 48 35 25 20 12 13 4
1633941457.601 44 34 26 20 11 15 5
1633941457.847 44 34 25 19 10 13 6
1633941458.114 45 33 29 17 12 11 6
1633941458.347 46 35 25 18 11 13 5
1633941458.599 46 33 25 18 14 11 4
1633941458.848 48 35 26 19 11 12 5
1633941459.097 46 34 25 19 13 14 6
1633941459.347 45 34 25 18 13 14 8
1633941459.597 47 34 26 20 14 12 5
1633941459.852 44 35 25 20 11 13 6
1633941460.098 49 33 24 19 10 13 6
1633941460.349 45 32 26 19 13 11 8
1633941460.606 48 33 25 17 14 13 5
1633941460.850 45 34 25 18 12 13 5
1633941461.102 47 33 27 19 12 12 7
1633941461.353 44 36 27 17 9 11 6
1633941461.597 44 35 26 19 12 14 7
1633941461.848 47 34 25 18 10 12 5
1633941462.101 45 33 25 17 15 14 7
1633941462.348 47 36 24 19 12 11 6
1633941462.597 46 32 26 18 15 12 7
1633941462.869 45 36 25 18 14 14 6
1633941463.099 44 34 26 19 15 13 7
1633941463.347 47 34 25 20 12 14 7
1633941463.601 45 32 24 19 13 12 5
1633941463.848 45 34 25 19 11 11 7
1633941464.101 46 36 27 18 13 13 4
1633941464.355 44 34 26 18 13 14 4
1633941464.598 47 35 23 19 11 12 5
1633941464.853 47 35 25 19 13 15 8
1633941465.103 46 33 24 18 12 13 9
1633941465.348 44 35 24 19 12 11 5
1633941465.598 47 34 25 18 12 13 7
1633941465.862 45 35 26 18 12 16 7
1633941466.099 48 34 26 20 12 11 4
1633941466.353 46 33 24 20 12 11 7
1633941466.600 45 35 26 19 12 13 5
1633941466.854 48 34 28 17 10 12 9
1633941467.104 45 35 25 20 12 12 5
1633941467.349 45 34 26 19 12 12 7
1633941467.605 47 33 28 20 11 14 6
1633941467.852 44 34 26 17 13 12 6
1633941468.099 44 33 25 19 15 12 8
1633941468.361 46 34 25 19 11 14 7
1633941468.601 45 34 25 17 12 13 5
1633941468.851 46 33 25 20 11 14 6
1633941469.098 43 34 24 19 15 14 7
1633941469.350 46 35 27 21 13 14 7
1633941469.599 45 34 25 18 12 13 7
1633941469.853 47 34 24 20 13 10 5
1633941470.100 46 34 29 18 14 12 6
1633941470.349 45 34 25 18 12 12 6
1633941470.599 46 37 25 19 13 11 6
1633941470.851 45 32 26 19 11 14 8
1633941471.101 45 34 27 18 13 12 6
1633941471.350 47 34 26 18 13 13 7
1633941471.598 46 33 25 20 13 11 7
1633941471.849 45 33 24 18 12 11 7
1633941472.101 46 35 26 18 13 13 6
1633941472.348 45 34 25 18 13 12 7
1633941472.600 45 35 24 19 12 13 6
1633941472.851 45 34 24 20 11 11 6
1633941473.099 46 33 26 20 14 12 6
1633941473.350 44 34 28 17 11 13 7
1633941473.602 45 34 25 20 14 14 7
1633941473.852 44 34 27 18 12 12 8
1633941474.100 45 33 25 18 11 12 6
1633941474.348 45 34 27 18 12 12 5
1633941474.600 46 34 25 19 12 12 4
1633941474.851 44 33 25 18 11 12 5
1633941475.099 45 32 26 19 11 13 6
1633941475.356 47 34 26 19 12 12 7
1633941475.600 45 35 26 21 12 12 5
1633941475.849 47 33 25 19 11 12 6
1633941476.101 45 32 25 20 14 12 6
1633941476.349 44 31 26 18 12 14 6
1633941476.601 45 35 25 18 11 12 7
1633941476.854 44 34 24 21 11 10 6
1633941477.099 45 33 26 19 10 11 6
1633941477.353 45 34 27 22 12 11 9
1633941477.598 45 34 25 19 12 15 6
1633941477.855 46 36 26 19 12 12 6
1633941478.099 44 35 24 20 12 14 5
1633941478.348 43 34 25 18 15 10 7
1633941478.598 43 35 25 20 12 14 5
1633941478.850 46 35 26 20 11 11 6
1633941479.100 47 35 26 20 12 13 6
1633941479.358 46 33 26 18 11 11 4
1633941479.598 47 35 27 19 13 14 5
1633941479.848 44 35 25 20 12 12 6
1633941480.100 48 35 25 20 12 14 4
1633941480.350 43 35 25 17 12 13 7
1633941480.599 46 34 26 21 13 13 5
1633941480.859 45 34 26 19 12 14 6
1633941481.098 45 34 24 18 12 14 6
1633941481.348 44 33 26 17 13 12 7
1633941481.605 46 32 26 18 12 15 8
1633941481.849 44 35 28 20 11 12 6
1633941482.099 46 32 25 17 10 13 4
1633941482.349 45 35 24 18 11 11 6
1633941482.607 46 35 26 19 12 13 6
1633941482.849 47 34 25 19 11 12 6
1633941483.100 47 36 25 18 12 11 7
1633941483.353 47 35 26 18 13 13 6
1633941483.599 45 35 27 18 10 13 7
1633941483.855 45 34 25 19 11 12 5
1633941484.100 45 34 25 19 10 13 7
1633941484.358 47 36 28 20 13 11 7
1633941484.603 45 33 25 19 12 12 5
1633941484.849 47 35 25 17 12 12 7
1633941485.103 46 36 26 18 9 13 7
1633941485.348 48 35 28 19 11 13 8
1633941485.600 46 32 25 19 13 13 5
1633941485.853 44 34 26 20 12 11 6
1633941486.099 46 33 26 19 12 12 7
1633941486.355 44 36 24 17 12 11 5
1633941486.601 43 33 26 20 9 15 6
1633941486.850 46 34 25 18 11 11 5
1633941487.108 45 35 24 18 13 14 7
1633941487.353 45 34 26 18 12 12 6
1633941487.598 45 34 26 19 12 14 6
1633941487.851 45 36 26 19 11 12 7
1633941488.106 45 33 26 18 13 12 9
1633941488.351 44 35 24 20 13 12 8
1633941488.622 45 34 28 17 12 11 5
1633941488.851 47 34 24 17 12 10 6
1633941489.102 47 35 27 18 11 11 8
1633941489.353 44 33 25 19 13 13 6
1633941489.602 46 33 26 19 12 11 8
1633941489.850 46 35 25 20 12 13 6
1633941490.100 46 34 25 18 14 14 7
1633941490.349 45 34 24 19 13 13 4
1633941490.602 45 32 24 19 12 14 4
1633941490.852 45 34 26 20 11 13 8
1633941491.100 45 35 25 17 13 12 6
1633941491.350 45 36 24 17 11 12 5
1633941491.601 44 33 26 20 12 12 6
1633941491.849 46 34 24 18 13 13 4
1633941492.099 47 35 25 17 11 13 4
1633941492.352 46 33 25 18 10 15 6
1633941492.599 46 34 24 18 13 12 9
1633941492.850 46 32 26 21 11 12 6
1633941493.102 46 35 25 18 11 12 7
1633941493.349 46 35 26 19 12 12 6
1633941493.600 48 34 26 18 12 12 8
1633941493.851 48 35 27 18 12 12 7
1633941494.102 46 34 24 21 13 14 5
1633941494.349 46 33 28 18 11 12 6
1633941494.600 50 34 27 19 14 12 7
1633941494.853 44 36 25 19 10 12 6
1633941495.100 46 34 26 20 13 13 5
1633941495.350 46 35 24 19 12 13 5
1633941495.602 46 34 25 17 14 14 5
1633941495.853 45 35 25 18 14 13 5
1633941496.100 45 34 26 19 12 10 9
1633941496.350 47 34 27 17 16 13 5
1633941496.603 44 32 27 22 13 12 5
1633941496.849 47 33 23 18 13 14 7
1633941497.102 45 36 25 22 11 11 6
1633941497.354 46 35 24 20 11 11 6
1633941497.600 47 35 25 19 13 12 6
1633941497.850 44 35 25 18 10 11 5
1633941498.102 48 35 28 19 14 12 6
1633941498.358 44 37 26 17 12 14 6
1633941498.602 47 34 25 22 12 12 7
1633941498.851 46 37 24 22 12 12 6
1633941499.101 46 35 27 19 12 12 6
1633941499.350 46 33 27 20 12 12 8
1633941499.601 48 33 25 18 13 13 7
1633941499.851 47 33 25 21 13 13 4
1633941500.101 47 36 26 18 12 13 5
1633941500.350 45 32 25 20 13 11 7
1633941500.601 44 33 25 19 11 13 7
1633941500.849 44 33 24 19 11 11 5
1633941501.101 46 35 27 20 10 12 6
1633941501.350 47 36 26 19 11 13 7
1633941501.602 46 36 28 20 12 15 5
1633941501.851 45 34 27 20 13 12 5
1633941502.100 47 34 25 19 13 13 7
1633941502.349 47 34 25 19 15 12 4
1633941502.600 45 35 27 19 10 11 7
1633941502.852 47 33 26 18 12 12 6
1633941503.100 47 34 24 19 12 14 7
1633941503.350 46 35 27 18 15 11 5
1633941503.608 46 34 24 20 11 13 5
1633941503.850 45 33 26 18 15 14 7
1633941504.100 45 35 25 19 11 12 6
1633941504.356 45 33 24 20 12 15 6
1633941504.602 46 34 27 20 11 14 8
1633941504.851 46 35 28 18 11 11 5
1633941505.101 47 33 27 20 11 12 4
1633941505.355 44 32 26 18 12 13 5
1633941505.600 46 35 25 18 13 11 6
1633941505.853 49 34 24 19 12 14 5
1633941506.107 48 34 26 19 11 11 8
1633941506.350 44 34 25 21 12 13 8
1633941506.603 46 34 27 19 12 12 5
1633941506.853 44 33 26 17 13 10 6
1633941507.100 47 34 26 18 12 11 8
1633941507.353 46 34 25 18 12 11 5
1633941507.605 45 35 26 19 11 12 7
1633941507.854 47 36 26 19 14 11 5
1633941508.110 46 34 25 17 12 12 7
1633941508.350 46 36 25 19 12 12 5
1633941508.605 44 34 27 21 10 13 8
1633941508.854 46 34 24 19 13 14 5
1633941509.100 47 35 26 21 10 14 6
1633941509.351 45 34 27 19 14 12 5
1633941509.604 47 34 26 18 14 12 7
1633941509.853 43 34 26 20 13 12 5
1633941510.100 45 33 25 19 13 11 6
1633941510.350 46 35 25 18 13 11 5
1633941510.603 45 32 25 18 11 13 5
1633941510.850 46 34 26 19 14 12 6
1633941511.101 46 33 24 18 10 12 5
1633941511.353 45 34 29 20 11 14 6
1633941511.603 44 35 25 17 11 12 6
1633941511.851 48 33 26 17 12 12 8
1633941512.103 46 33 25 21 10 13 6
1633941512.350 46 35 25 18 11 11 5
1633941512.604 46 32 25 19 11 18 4
1633941512.852 47 34 25 19 14 13 6
1633941513.101 47 33 26 20 11 12 7
1633941513.353 45 32 25 18 13 12 7
1633941513.601 46 33 25 19 14 13 5
1633941513.851 46 34 28 19 11 12 6
1633941514.101 44 32 25 18 12 14 4
1633941514.353 46 34 27 20 12 13 5
1633941514.602 46 34 27 19 14 13 5
1633941514.851 46 33 25 19 15 12 6
1633941515.103 46 34 25 19 12 11 5
1633941515.351 45 35 26 19 12 13 5
1633941515.601 47 34 23 16 15 13 5
1633941515.854 45 34 26 18 14 14 6
1633941516.101 46 34 25 17 12 11 6
1633941516.352 44 35 26 22 12 15 5
1633941516.604 47 35 25 18 12 13 7
1633941516.853 46 34 29 19 11 12 5
1633941517.100 45 35 27 18 14 13 5
1633941517.352 44 34 25 19 13 12 7
1633941517.602 45 34 25 19 14 14 4
1633941517.852 46 35 26 18 12 12 5
1633941518.104 45 35 26 18 13 11 7
1633941518.351 47 36 25 18 13 12 6
1633941518.601 47 34 25 18 12 12 6
1633941518.851 47 36 27 19 10 12 6
1633941519.102 45 34 25 17 11 12 4
1633941519.351 45 37 29 19 14 13 6
1633941519.601 47 34 28 19 11 14 5
1633941519.865 46 33 25 19 12 11 6
1633941520.101 49 33 28 18 13 12 4
1633941520.351 45 34 26 19 12 11 6
1633941520.601 44 33 28 20 11 13 5
1633941520.851 46 33 26 18 10 14 6
1633941521.101 46 34 26 19 13 12 5
1633941521.352 45 34 27 19 13 14 5
1633941521.604 44 34 25 21 15 13 5
1633941521.851 46 35 27 18 13 14 6
1633941522.103 46 33 27 20 12 12 4
1633941522.351 46 34 28 18 12 11 5
1633941522.606 47 34 26 19 11 11 5
1633941522.851 45 34 24 18 12 12 7
1633941523.102 44 36 27 17 13 12 6
1633941523.353 45 34 28 18 13 14 5
1633941523.604 47 34 29 20 12 15 5
1633941523.851 44 34 25 18 13 12 6
1633941524.106 46 36 25 19 12 12 6
1633941524.354 45 32 26 19 12 13 6
1633941524.601 46 33 25 19 12 12 6
1633941524.853 46 35 29 20 12 15 4
1633941525.103 46 33 27 18 13 14 8
1633941525.354 45 34 26 19 10 12 5
1633941525.604 46 33 26 20 12 13 6
1633941525.854 46 34 26 19 11 11 6
1633941526.104 45 34 25 18 13 12 6
1633941526.354 47 33 26 20 13 14 8
1633941526.604 43 33 26 21 11 14 7
1633941526.854 45 34 28 19 13 12 5
1633941527.105 46 33 26 19 12 10 5
1633941527.354 45 34 26 18 12 14 6
1633941527.601 46 34 26 20 11 10 5
1633941527.852 50 33 27 20 15 14 5
1633941528.104 42 32 28 20 15 14 4
1633941528.354 48 33 27 18 14 12 6
1633941528.604 44 33 26 20 12 12 6
1633941528.854 43 33 28 18 13 14 5
1633941529.101 47 35 25 20 11 14 5
1633941529.351 44 33 25 19 13 13 5
1633941529.604 46 35 26 18 12 13 5
1633941529.855 43 33 26 18 12 14 8
1633941530.105 45 34 25 19 11 11 5
1633941530.355 46 34 27 18 13 12 6
1633941530.605 46 35 28 20 14 11 7
1633941530.854 44 35 27 19 14 12 6
1633941531.104 46 35 24 17 14 11 5
1633941531.351 46 32 25 18 12 13 6
1633941531.602 45 33 25 20 11 14 6
1633941531.854 44 33 27 20 14 11 6
1633941532.102 45 33 25 21 12 13 4
1633941532.352 46 35 26 18 10 15 6
1633941532.605 44 34 26 18 13 12 5
1633941532.854 45 34 25 19 13 12 4
1633941533.104 43 34 26 20 14 12 7
1633941533.352 45 36 27 18 12 13 7
1633941533.604 46 33 25 19 11 16 7
1633941533.853 45 35 26 18 11 12 6
1633941534.106 44 37 27 19 12 14 5
1633941534.354 45 34 28 19 15 13 7
1633941534.605 46 32 26 19 13 12 7
1633941534.855 46 34 24 21 11 12 6
1633941535.103 46 35 25 18 11 14 6
1633941535.356 46 35 25 18 12 11 4
1633941535.604 44 34 26 20 11 12 6
1633941535.855 48 34 27 19 11 12 6
1633941536.104 47 37 26 19 12 12 7
1633941536.354 47 33 26 19 14 14 4
1633941536.606 46 34 27 18 14 13 7
1633941536.854 44 34 26 19 11 12 5
1633941537.103 47 34 26 18 13 13 5
1633941537.355 45 37 27 18 14 14 7
1633941537.604 46 36 26 18 12 14 7
1633941537.855 47 33 25 19 12 12 5
1633941538.105 44 34 25 20 13 12 7
1633941538.356 46 35 26 20 13 11 6
1633941538.603 45 34 28 19 12 12 6
1633941538.853 47 32 27 19 14 12 7
1633941539.104 43 35 26 21 13 11 6
1633941539.353 47 36 27 20 13 14 4
1633941539.603 45 34 29 20 12 12 5
1633941539.853 46 35 25 18 9 12 6
1633941540.103 47 36 26 20 12 13 4
1633941540.353 45 35 24 19 12 13 6
1633941540.603 49 34 25 18 12 14 5
1633941540.853 47 35 25 19 13 12 8
