1633938437.355 48 36 26 17 11 11 9
1633938438.002 50 35 26 18 12 11 6
1633938438.003 47 35 25 17 12 11 5
1633938438.107 46 33 24 18 11 10 6
1633938438.354 46 34 28 18 11 13 9
1633938438.605 46 36 27 17 9 9 5
1633938438.868 46 35 26 18 10 12 6
1633938439.104 47 33 27 17 11 13 5
1633938439.355 47 33 27 18 13 9 9
1633938439.606 47 34 27 17 10 12 6
1633938439.855 45 35 27 18 12 11 7
1633938440.105 45 34 26 19 10 9 7
1633938440.356 46 36 28 16 12 14 8
1633938440.604 47 34 27 18 11 11 7
1633938440.856 46 35 26 18 10 11 5
1633938441.107 44 34 26 18 13 12 8
1633938441.355 47 33 26 19 12 13 4
1633938441.604 46 34 26 18 12 11 7
1633938441.859 45 32 26 17 10 13 6
1633938442.106 45 33 26 19 11 10 6
1633938442.355 47 34 28 17 12 11 7
1633938442.608 47 32 27 19 10 11 6
1633938442.856 47 36 26 17 10 10 8
1633938443.104 46 35 27 17 12 11 5
1633938443.358 47 35 26 17 12 12 9
1633938443.608 47 34 26 19 10 12 8
1633938443.854 47 34 27 17 13 12 6
1633938444.106 44 34 26 17 11 10 5
1633938444.362 47 34 26 19 13 13 9
1633938444.606 46 33 26 18 11 11 7
1633938444.856 46 35 26 18 13 10 9
1633938445.107 48 35 26 17 9 13 11
1633938445.360 44 35 26 18 11 11 10
1633938445.610 45 33 26 18 12 10 4
1633938445.860 46 35 26 18 11 11 9
1633938446.106 46 35 27 18 12 12 4
1633938446.358 51 34 28 19 13 10 7
1633938446.604 46 34 27 19 11 13 6
1633938446.856 46 35 27 17 10 11 6
1633938447.105 46 34 28 18 10 11 6
1633938447.356 46 36 26 18 12 12 7
1633938447.607 44 32 28 18 13 10 5
1633938447.858 46 35 26 17 10 12 7
1633938448.105 47 34 26 18 12 12 7
1633938448.358 45 33 27 18 11 11 4
1633938448.606 47 35 27 17 13 11 6
1633938448.857 46 33 27 17 13 10 8
1633938449.105 48 32 28 17 14 10 7
1633938449.360 45 36 29 17 12 12 5
1633938449.608 45 32 29 17 12 11 5
1633938449.856 46 35 27 16 13 11 6
1633938450.107 45 34 28 17 12 14 8
1633938450.357 47 34 26 17 12 10 6
1633938450.606 46 33 26 19 12 10 5
1633938450.855 45 34 28 17 12 11 5
1633938451.107 45 33 27 18 10 11 5
1633938451.355 45 34 25 17 11 11 5
1633938451.606 48 35 27 17 9 12 7
1633938451.855 47 34 24 18 12 11 4
1633938452.109 44 37 26 19 10 10 7
1633938452.359 46 32 26 18 13 12 8
1633938452.608 45 35 26 16 10 13 7
1633938452.857 50 33 28 16 12 13 6
1633938453.106 46 36 27 16 9 12 5
1633938453.356 44 32 26 17 10 12 5
1633938453.611 48 33 27 17 11 11 5
1633938453.855 47 33 26 18 12 12 7
1633938454.107 46 34 27 17 12 12 9
1633938454.358 46 34 27 17 11 14 7
1633938454.606 48 35 27 17 10 11 8
1633938454.858 47 36 30 17 14 9 8
1633938455.109 46 34 29 18 11 12 6
1633938455.356 48 34 28 16 12 10 6
1633938455.607 46 34 26 17 12 10 7
1633938455.855 46 34 27 18 13 10 5
1633938456.107 47 34 25 19 12 12 8
1633938456.358 46 34 25 17 10 10 4
1633938456.607 48 34 27 18 9 12 4
1633938456.857 47 33 27 17 10 10 7
1633938457.114 47 33 27 16 12 11 6
1633938457.356 46 33 26 16 12 10 7
1633938457.605 46 36 27 19 11 11 5
1633938457.866 46 34 27 18 13 10 6
1633938458.107 48 35 27 17 11 9 5
1633938458.355 46 35 27 19 12 10 7
1633938458.621 47 35 27 19 10 9 6
1633938458.856 46 35 27 18 11 11 6
1633938459.108 45 32 24 17 13 10 6
1633938459.357 46 34 28 19 12 10 6
1633938459.606 45 34 28 20 12 10 7
1633938459.856 47 34 25 19 13 11 8
1633938460.106 47 34 27 16 11 12 7
1633938460.357 46 34 27 18 11 12 6
1633938460.609 47 34 26 19 10 11 6
1633938460.856 45 34 27 16 11 11 5
1633938461.107 44 35 26 17 12 10 5
1633938461.361 48 33 25 17 13 10 8
1633938461.606 47 33 29 18 10 13 6
1633938461.862 47 33 28 18 15 10 8
1633938462.110 47 35 30 20 12 9 6
1633938462.356 46 34 26 17 10 12 6
1633938462.610 46 33 27 18 11 11 6
1633938462.861 47 33 28 19 11 11 5
1633938463.106 47 34 29 17 11 12 7
1633938463.370 45 33 25 18 11 8 7
1633938463.606 46 35 26 18 10 10 6
1633938463.856 46 33 26 16 13 12 6
1633938464.112 46 35 29 17 13 11 7
1633938464.359 49 37 25 16 14 9 5
1633938464.607 48 33 29 17 14 10 5
1633938464.870 47 32 27 18 11 11 6
1633938465.108 47 32 27 17 12 11 7
1633938465.365 47 34 30 19 11 12 7
1633938465.609 44 34 25 18 11 12 5
1633938465.857 46 33 28 18 11 11 7
1633938466.107 46 36 32 17 10 10 6
1633938466.359 49 33 28 19 10 11 8
1633938466.608 49 37 27 16 11 12 6
1633938466.859 47 33 27 16 12 10 7
1633938467.108 48 33 28 16 12 9 8
1633938467.357 47 35 27 16 11 12 9
1633938467.607 47 34 26 18 12 13 5
1633938467.859 47 34 26 19 11 12 8
1633938468.107 48 35 26 18 11 12 6
1633938468.357 46 32 28 17 13 12 8
1633938468.608 46 34 26 17 12 11 6
1633938468.857 45 33 26 18 11 13 6
1633938469.107 47 33 28 19 14 10 5
1633938469.357 46 34 27 19 11 9 5
1633938469.607 47 33 26 18 13 9 7
1633938469.857 46 35 26 17 10 12 7
1633938470.109 45 34 28 18 11 10 6
1633938470.359 46 34 26 19 10 10 7
1633938470.608 45 37 27 19 11 10 6
1633938470.861 46 34 25 18 10 10 5
1633938471.109 48 33 27 19 13 12 7
1633938471.357 45 35 26 16 13 12 6
1633938471.608 46 34 27 17 13 10 6
1633938471.856 49 37 29 17 12 11 8
1633938472.108 45 31 27 18 10 10 6
1633938472.357 47 35 27 16 11 10 7
1633938472.607 47 34 28 17 12 10 7
1633938472.857 46 33 26 19 11 10 6
1633938473.107 46 34 26 18 10 11 5
1633938473.360 45 36 26 17 11 12 6
1633938473.606 48 34 27 17 10 11 5
1633938473.857 45 33 27 17 13 14 5
1633938474.108 44 34 26 17 12 13 5
1633938474.356 46 35 27 17 11 9 6
1633938474.610 48 35 28 19 12 11 5
1633938474.859 47 34 28 16 12 11 10
1633938475.108 46 36 27 18 12 13 5
1633938475.358 47 34 28 17 13 9 4
1633938475.608 47 33 27 17 12 12 8
1633938475.857 48 35 27 18 12 10 3
1633938476.108 46 34 27 20 12 11 7
1633938476.357 47 33 25 18 11 10 5
1633938476.607 48 34 26 16 11 12 7
1633938476.860 44 37 27 17 12 10 5
1633938477.106 45 33 28 20 10 12 6
1633938477.357 46 34 28 18 13 11 5
1633938477.608 46 33 27 18 10 10 6
1633938477.859 45 36 27 16 11 14 7
1633938478.108 45 36 25 18 12 10 6
1633938478.357 46 36 29 17 11 13 9
1633938478.623 46 32 28 17 12 11 6
1633938478.857 45 34 26 17 12 10 6
1633938479.107 48 35 27 16 9 11 6
1633938479.362 46 35 28 16 13 10 7
1633938479.608 48 34 27 18 11 11 8
1633938479.857 47 32 27 16 13 11 6
1633938480.108 47 32 29 17 10 10 8
1633938480.358 46 36 27 19 11 9 7
1633938480.607 46 36 25 18 11 12 6
1633938480.857 45 35 26 16 13 12 7
1633938481.108 45 32 24 19 10 9 5
1633938481.358 45 36 28 16 11 11 8
1633938481.608 48 34 27 16 12 11 4
1633938481.861 45 34 26 18 14 10 5
1633938482.110 47 33 27 19 12 9 6
1633938482.357 47 33 26 19 14 12 4
1633938482.627 48 33 25 18 11 12 7
1633938482.860 45 35 27 17 12 14 7
1633938483.107 47 34 26 18 10 11 6
1633938483.360 45 32 27 17 12 10 5
1633938483.612 46 33 26 17 12 11 8
1633938483.859 47 34 27 17 11 11 8
1633938484.110 47 32 27 17 10 10 6
1633938484.361 45 35 27 18 10 11 6
1633938484.607 45 34 26 17 9 12 5
1633938484.862 46 33 25 18 11 11 9
1633938485.108 46 34 27 17 12 9 9
1633938485.359 45 34 28 16 11 13 6
1633938485.615 46 36 27 19 8 9 8
1633938485.859 48 33 26 19 10 9 7
1633938486.109 46 31 27 18 12 10 6
1633938486.378 46 34 25 16 10 11 9
1633938486.615 45 34 27 16 12 11 7
1633938486.857 46 34 26 16 10 12 8
1633938487.114 45 33 28 16 11 10 8
1633938487.361 45 35 26 17 11 12 6
1633938487.607 47 31 25 17 13 13 6
1633938487.865 45 33 26 18 11 12 7
1633938488.109 48 38 26 20 13 12 5
1633938488.359 45 33 27 17 10 11 6
1633938488.608 47 36 29 18 13 13 7
1633938488.859 45 34 29 18 11 9 8
1633938489.114 46 35 28 17 9 13 7
1633938489.359 47 35 27 17 11 11 5
1633938489.612 47 36 28 17 11 11 7
1633938489.860 47 36 28 18 11 12 5
1633938490.109 46 35 27 17 11 12 6
1633938490.360 48 32 26 16 12 12 7
1633938490.609 47 35 30 17 12 12 5
1633938490.858 47 35 28 20 12 9 8
1633938491.110 48 34 28 18 12 11 5
1633938491.358 47 35 27 17 12 11 7
1633938491.609 46 34 29 17 10 10 6
1633938491.860 45 34 29 16 11 12 7
1633938492.108 45 34 27 20 12 12 7
1633938492.358 45 34 26 16 13 10 8
1633938492.611 45 34 26 18 11 10 5
1633938492.859 46 37 27 18 11 11 6
1633938493.109 44 33 26 18 13 11 8
1633938493.360 48 34 27 17 11 10 9
1633938493.609 46 36 28 16 11 11 6
1633938493.859 47 34 26 17 11 12 7
1633938494.110 47 36 29 17 10 11 7
1633938494.358 46 34 25 15 11 13 7
1633938494.608 46 33 28 16 12 10 9
1633938494.858 49 33 27 16 13 11 6
1633938495.110 45 34 26 16 11 12 5
1633938495.357 44 34 27 18 11 10 7
1633938495.610 47 34 27 17 10 12 8
1633938495.859 46 35 26 17 9 11 6
1633938496.108 45 35 28 17 11 11 6
1633938496.361 46 34 26 17 11 10 7
1633938496.609 47 35 27 18 11 12 6
1633938496.860 45 31 25 17 12 12 5
1633938497.108 46 34 27 19 14 11 6
1633938497.359 45 34 26 18 10 12 7
1633938497.608 50 34 27 16 11 11 6
1633938497.860 45 33 30 15 13 12 8
1633938498.108 46 33 27 16 12 12 6
1633938498.360 48 33 28 18 11 12 9
1633938498.608 46 34 27 16 12 11 7
1633938498.857 48 33 28 16 11 9 9
1633938499.109 46 33 26 16 10 11 6
1633938499.358 48 33 28 18 11 11 8
1633938499.614 46 34 26 16 12 10 8
1633938499.859 49 35 29 17 12 12 4
1633938500.110 45 34 27 18 12 10 9
1633938500.359 45 34 29 17 12 10 6
1633938500.610 45 34 29 16 13 12 9
1633938500.858 46 34 28 17 11 12 7
1633938501.118 47 37 28 16 11 12 7
1633938501.361 46 33 26 15 12 9 8
1633938501.614 46 34 26 17 13 11 7
1633938501.861 45 32 26 16 13 12 6
1633938502.109 46 33 28 18 13 11 9
1633938502.360 47 32 28 18 13 11 7
1633938502.611 44 33 25 16 13 9 7
1633938502.859 48 33 26 17 11 12 7
1633938503.115 48 34 27 18 14 11 7
1633938503.376 46 34 25 18 10 10 8
1633938503.610 47 33 25 15 12 13 7
1633938503.864 46 36 24 16 11 11 8
1633938504.115 45 35 29 17 12 12 7
1633938504.359 47 34 27 18 12 11 6
1633938504.617 47 33 30 19 11 12 6
1633938504.859 47 34 26 18 12 13 6
1633938505.109 47 34 28 16 11 11 5
1633938505.358 46 36 28 19 10 13 7
1633938505.612 46 33 27 18 12 12 7
1633938505.858 48 36 27 16 12 10 6
1633938506.114 45 35 26 16 11 13 10
1633938506.362 45 34 29 17 12 9 7
1633938506.610 46 36 30 18 12 11 8
1633938506.869 44 33 27 18 13 9 5
1633938507.108 46 34 27 18 12 11 7
1633938507.362 46 35 28 17 13 10 7
1633938507.608 46 37 26 17 12 12 5
1633938507.867 46 33 28 17 12 11 7
1633938508.113 45 35 27 17 11 11 6
1633938508.362 46 34 27 18 13 11 5
1633938508.614 47 35 29 16 12 9 5
1633938508.858 45 33 29 20 10 11 7
1633938509.108 47 34 27 18 13 11 6
1633938509.363 46 33 27 17 11 11 10
1633938509.611 46 31 27 19 13 9 6
1633938509.862 44 35 28 17 12 11 7
1633938510.111 46 36 28 17 13 12 7
1633938510.361 47 32 27 17 11 10 5
1633938510.609 46 35 28 16 12 12 6
1633938510.860 45 35 28 17 12 10 6
1633938511.110 47 34 29 19 11 10 8
1633938511.361 47 35 26 17 13 11 6
1633938511.609 47 34 27 17 10 13 7
1633938511.868 47 36 26 16 13 12 8
1633938512.109 47 34 27 18 12 14 6
1633938512.361 46 33 25 16 12 10 7
1633938512.614 46 35 27 17 12 12 7
1633938512.858 46 34 27 17 10 10 7
1633938513.115 45 36 27 16 12 13 7
1633938513.360 45 34 28 16 11 11 6
1633938513.608 47 35 26 19 11 11 6
1633938513.861 45 34 27 18 12 12 8
1633938514.118 46 34 26 19 11 11 7
1633938514.362 47 34 27 18 11 12 6
1633938514.610 47 34 28 18 12 11 8
1633938514.879 45 36 29 18 13 11 7
1633938515.109 47 33 28 18 12 12 6
1633938515.360 47 33 28 18 11 11 7
1633938515.615 48 34 26 18 15 12 7
1633938515.860 48 34 29 20 11 14 6
1633938516.111 47 34 27 16 10 10 6
1633938516.362 46 34 26 20 11 10 5
1633938516.614 46 33 26 18 12 12 7
1633938516.859 46 35 27 18 12 13 5
1633938517.111 45 33 27 19 10 10 5
1633938517.360 47 34 26 17 14 10 5
1633938517.609 45 35 27 17 12 11 7
1633938517.861 46 34 26 17 10 9 7
1633938518.111 46 36 26 17 11 11 6
1633938518.361 45 36 26 18 11 9 6
1633938518.611 46 37 27 16 11 10 6
1633938518.861 45 35 26 18 11 11 5
1633938519.114 45 34 27 16 10 12 6
1633938519.359 45 35 26 16 12 10 5
1633938519.618 47 33 27 17 9 12 7
1633938519.866 48 35 26 18 10 13 5
1633938520.112 47 37 27 17 10 11 5
1633938520.360 48 34 26 16 11 12 7
1633938520.614 47 35 27 18 9 11 6
1633938520.861 45 34 27 17 8 11 5
1633938521.115 45 34 26 19 11 12 5
1633938521.361 46 34 29 16 9 13 5
1633938521.611 45 34 28 17 11 14 5
1633938521.861 47 34 26 16 13 13 5
1633938522.111 47 34 28 17 10 11 6
1633938522.360 46 34 27 18 13 13 9
1633938522.610 46 33 26 17 12 11 5
1633938522.861 46 35 26 17 10 13 6
1633938523.110 47 34 25 18 12 13 6
1633938523.359 44 36 27 18 11 11 7
1633938523.609 48 36 29 17 14 11 7
1633938523.861 47 37 27 18 10 11 7
1633938524.110 47 34 29 17 12 13 7
1633938524.361 44 37 29 15 11 13 5
1633938524.620 46 34 27 18 12 12 8
1633938524.860 46 34 27 17 11 13 9
1633938525.109 47 36 29 17 11 12 6
1633938525.361 50 34 26 16 12 9 6
1633938525.618 49 35 28 20 11 12 5
1633938525.862 46 35 26 18 10 10 7
1633938526.111 47 36 25 16 10 10 6
1633938526.371 45 34 27 17 10 11 6
1633938526.609 46 37 26 17 11 13 8
1633938526.860 46 34 26 17 11 12 8
1633938527.112 47 34 28 17 11 13 6
1633938527.360 45 32 26 17 12 13 7
1633938527.609 45 34 27 18 10 11 8
1633938527.860 47 34 25 17 10 12 6
1633938528.117 49 33 26 17 11 12 8
1633938528.359 49 34 27 19 9 10 5
1633938528.609 51 35 27 17 11 12 7
1633938528.864 46 35 27 17 12 11 6
1633938529.111 49 36 28 16 12 12 6
1633938529.360 46 34 28 14 13 12 6
1633938529.614 48 34 26 18 12 11 7
1633938529.863 47 34 27 18 11 11 6
1633938530.110 47 33 25 18 13 12 4
1633938530.364 46 35 27 17 12 12 7
1633938530.616 45 34 28 18 11 11 9
1633938530.862 46 32 26 17 12 10 6
1633938531.110 47 35 27 18 11 11 8
1633938531.373 48 34 26 17 10 10 7
1633938531.613 47 33 27 18 12 11 5
1633938531.862 46 34 28 18 12 10 7
1633938532.113 47 34 28 18 12 11 7
1633938532.366 47 33 29 17 13 13 8
1633938532.613 46 36 28 18 14 10 5
1633938532.860 45 34 28 17 11 10 5
1633938533.118 47 35 27 17 13 11 6
1633938533.361 46 34 25 17 10 11 6
1633938533.610 45 35 26 18 13 13 6
1633938533.861 46 34 28 18 13 13 4
1633938534.115 46 36 26 17 11 11 4
1633938534.368 47 34 27 18 13 12 4
1633938534.620 45 32 28 19 14 12 6
1633938534.860 45 33 28 16 12 11 7
1633938535.110 49 35 28 17 12 13 5
1633938535.362 46 34 28 17 10 12 5
1633938535.612 47 35 25 16 11 13 9
1633938535.861 46 34 26 18 12 12 5
1633938536.114 47 35 26 19 10 14 5
1633938536.362 46 32 26 17 11 13 6
1633938536.613 46 33 26 18 10 11 8
1633938536.864 45 36 28 17 12 12 4
1633938537.110 44 34 26 19 11 12 9
1633938537.364 48 33 28 18 10 8 6
1633938537.610 46 33 27 18 10 10 7
1633938537.860 45 34 27 17 11 12 4
1633938538.111 44 35 28 17 13 10 7
1633938538.361 46 35 27 18 14 11 7
1633938538.614 47 34 27 18 11 12 7
1633938538.863 48 35 28 18 11 12 6
1633938539.111 46 32 28 19 11 11 6
1633938539.365 45 35 26 18 10 12 8
1633938539.611 44 33 26 19 12 12 6
1633938539.867 47 36 26 18 14 10 8
1633938540.112 46 33 27 18 12 10 6
1633938540.361 48 32 27 18 10 12 5
1633938540.611 46 36 27 18 10 12 7
1633938540.860 44 33 31 19 12 10 4
1633938541.110 45 33 28 15 11 13 9
1633938541.362 46 33 27 20 12 12 6
1633938541.611 44 34 27 16 11 11 5
1633938541.862 47 35 28 18 12 11 4
1633938542.111 46 34 28 18 10 11 5
1633938542.360 48 34 25 18 12 11 8
1633938542.612 46 37 28 18 13 10 7
1633938542.860 47 33 28 18 12 12 7
1633938543.112 47 34 26 15 12 10 7
1633938543.367 47 34 26 16 13 10 6
1633938543.610 48 35 26 17 10 10 10
1633938543.864 47 34 27 16 11 12 6
1633938544.111 45 36 28 16 12 13 6
1633938544.360 46 32 26 18 13 13 6
1633938544.612 48 34 27 16 11 11 8
1633938544.861 44 34 26 17 12 10 6
1633938545.111 46 34 27 17 12 13 5
1633938545.361 45 34 26 18 11 10 6
1633938545.611 47 37 29 18 12 9 5
1633938545.861 45 35 27 17 11 14 6
1633938546.110 44 33 27 16 11 11 9
1633938546.363 46 35 27 16 10 12 8
1633938546.610 45 35 28 17 13 12 7
1633938546.861 47 35 27 17 11 13 5
1633938547.112 47 34 27 18 12 12 5
1633938547.362 46 33 29 17 11 11 7
1633938547.610 46 33 28 17 10 10 9
1633938547.863 47 33 28 17 12 12 8
1633938548.111 47 35 26 18 12 12 9
1633938548.363 45 34 26 18 12 13 8
1633938548.624 46 32 27 17 13 11 8
1633938548.862 45 34 29 17 11 12 6
1633938549.113 47 33 26 18 11 12 7
1633938549.369 46 34 28 16 15 15 7
1633938549.611 46 35 28 16 13 11 7
1633938549.861 47 35 25 17 13 10 6
1633938550.126 49 32 27 17 10 11 5
1633938550.362 45 34 26 16 13 11 8
1633938550.615 46 35 25 18 13 13 7
1633938550.861 48 34 26 16 10 10 6
1633938551.120 45 34 27 17 9 11 7
1633938551.362 45 33 27 15 13 10 7
1633938551.628 45 34 26 17 13 10 8
1633938551.863 46 32 28 16 9 10 7
1633938552.115 45 34 26 19 10 11 6
1633938552.366 45 33 26 16 11 11 5
1633938552.611 46 32 27 18 13 11 7
1633938552.884 45 34 26 18 12 12 7
1633938553.111 47 34 28 17 11 12 6
1633938553.368 46 34 26 16 12 11 5
1633938553.612 46 34 27 16 10 9 7
1633938553.868 45 35 28 18 13 11 4
1633938554.124 47 32 27 17 10 10 6
1633938554.363 47 34 27 20 10 13 6
1633938554.628 47 37 27 16 14 12 7
1633938554.865 46 33 28 16 10 12 8
1633938555.121 47 35 26 16 13 10 6
1633938555.365 46 34 27 16 13 10 8
1633938555.615 46 33 27 16 13 11 8
1633938555.875 49 35 26 17 13 10 7
1633938556.112 46 36 26 17 13 11 6
1633938556.366 47 36 27 17 13 12 6
1633938556.615 45 35 27 17 10 13 6
1633938556.863 46 34 26 16 10 12 8
1633938557.116 45 33 27 16 9 11 6
1633938557.362 45 35 26 16 10 12 5
1633938557.616 46 33 25 18 12 12 9
1633938557.861 46 35 29 17 12 12 8
1633938558.115 46 34 27 18 11 12 6
1633938558.363 45 35 28 15 11 11 8
1633938558.611 46 32 24 18 14 12 5
1633938558.864 46 34 27 18 13 10 7
1633938559.113 45 34 27 18 13 11 8
1633938559.364 45 34 26 17 13 12 7
1633938559.614 46 36 27 16 13 10 8
1633938559.862 47 36 28 18 10 13 7
1633938560.116 48 35 27 17 11 13 5
1633938560.363 47 32 26 16 12 12 7
1633938560.616 47 34 25 22 11 11 7
1633938560.862 46 34 28 17 10 11 8
1633938561.112 45 35 24 17 11 13 8
1633938561.362 45 33 25 18 11 12 6
1633938561.612 46 35 30 17 13 13 6
1633938561.861 46 34 28 17 13 10 5
1633938562.115 45 34 27 16 10 11 7
1633938562.364 46 34 29 17 10 10 6
1633938562.613 46 32 25 21 12 12 6
1633938562.864 45 34 28 16 11 11 8
1633938563.113 45 33 24 17 11 12 10
1633938563.363 47 35 25 18 14 10 7
1633938563.613 44 33 25 15 12 13 8
1633938563.863 49 35 26 17 11 11 5
1633938564.113 44 34 27 16 13 12 6
1633938564.365 46 34 27 16 11 13 5
1633938564.619 46 33 25 15 11 12 7
1633938564.862 44 34 28 16 9 10 8
1633938565.115 46 33 26 18 12 10 9
1633938565.362 47 32 27 16 12 12 6
1633938565.616 48 34 28 17 10 12 6
1633938565.865 45 37 27 18 12 11 5
1633938566.115 47 33 27 19 12 11 9
1633938566.363 46 36 27 18 12 10 8
1633938566.613 45 34 26 17 11 11 8
1633938566.862 44 36 27 17 13 11 6
1633938567.112 45 35 27 16 11 15 7
1633938567.366 44 34 26 17 13 13 5
1633938567.612 46 34 26 17 14 13 7
1633938567.864 47 33 25 18 12 12 7
1633938568.112 47 33 27 15 11 11 5
1633938568.364 44 33 25 16 10 11 6
1633938568.611 47 32 26 18 14 11 6
1633938568.862 47 34 28 18 11 11 7
1633938569.116 47 36 26 17 14 12 6
1633938569.366 44 34 26 17 14 12 4
1633938569.615 45 34 28 16 12 13 7
1633938569.864 48 34 26 16 12 11 5
1633938570.113 46 32 27 17 11 12 5
1633938570.362 48 35 29 18 13 11 6
1633938570.612 46 32 27 17 12 13 8
1633938570.862 45 34 28 16 14 12 7
1633938571.112 47 32 26 17 13 11 4
1633938571.362 47 32 25 15 10 11 5
1633938571.616 46 34 26 15 11 10 7
1633938571.863 46 35 25 17 12 10 5
1633938572.113 46 33 28 16 10 12 6
1633938572.362 45 33 27 17 14 11 8
1633938572.613 46 37 26 17 11 12 6
1633938572.864 46 35 26 17 12 12 5
1633938573.114 47 34 26 18 12 12 8
1633938573.363 47 34 27 17 12 13 9
1633938573.615 45 35 26 18 12 12 6
1633938573.864 44 35 27 17 12 12 6
1633938574.113 46 33 26 16 11 11 10
1633938574.373 45 33 26 17 16 13 5
1633938574.613 46 31 28 19 12 11 8
1633938574.863 45 35 25 16 11 13 5
1633938575.125 47 35 26 18 11 13 7
1633938575.365 47 34 26 16 11 13 7
1633938575.612 47 34 26 19 11 11 8
1633938575.867 47 36 29 17 13 12 9
1633938576.112 44 34 28 18 10 12 8
1633938576.367 46 35 27 18 12 12 6
1633938576.613 46 36 27 19 12 12 6
1633938576.864 46 35 25 17 14 13 6
1633938577.116 46 34 27 18 11 10 6
1633938577.363 45 36 26 17 11 13 7
1633938577.613 46 36 26 17 11 14 8
1633938577.864 43 35 26 18 12 14 6
1633938578.114 46 33 28 16 10 12 8
1633938578.363 47 35 29 16 12 12 4
1633938578.613 48 36 29 19 13 11 4
1633938578.862 45 35 26 18 11 13 7
1633938579.112 45 34 26 17 14 15 6
1633938579.364 46 33 30 17 12 12 6
1633938579.615 45 36 25 17 11 11 6
1633938579.863 45 33 30 17 12 10 7
1633938580.117 46 35 28 17 11 13 6
1633938580.370 46 34 27 18 11 12 7
1633938580.612 48 34 25 18 12 11 6
1633938580.864 45 33 29 18 11 11 6
1633938581.112 47 34 27 18 11 13 7
1633938581.364 47 34 26 16 11 12 6
1633938581.616 46 35 26 18 11 13 8
1633938581.865 46 33 28 16 11 10 8
1633938582.120 46 37 25 19 12 12 7
1633938582.362 45 34 29 16 12 12 6
1633938582.617 45 37 25 19 12 12 6
1633938582.866 47 34 27 18 12 13 7
1633938583.112 46 36 27 16 9 13 8
1633938583.364 44 34 28 18 10 9 5
1633938583.618 47 36 26 17 9 11 6
1633938583.882 45 34 25 18 12 11 7
1633938584.113 46 34 26 17 11 11 6
1633938584.364 45 33 27 17 11 11 10
1633938584.612 47 33 24 18 10 11 6
1633938584.863 46 34 25 18 14 11 6
1633938585.114 48 35 26 17 11 12 5
1633938585.368 47 33 26 18 12 11 7
1633938585.613 47 37 26 17 13 14 9
1633938585.863 46 36 29 18 13 12 5
1633938586.113 45 35 30 16 15 11 6
1633938586.364 46 35 26 18 11 13 9
1633938586.616 45 34 27 18 11 11 9
1633938586.863 46 34 25 16 12 11 7
1633938587.116 46 35 26 17 13 11 5
1633938587.363 46 34 27 16 12 12 6
1633938587.616 47 35 26 18 10 13 6
1633938587.864 47 34 25 18 12 13 7
1633938588.115 45 35 28 16 10 10 7
1633938588.364 46 35 25 18 13 12 8
1633938588.617 45 35 27 18 15 11 8
1633938588.864 47 35 27 17 10 13 6
1633938589.114 46 33 25 16 12 11 7
1633938589.366 45 34 25 18 10 12 7
1633938589.619 46 33 26 18 13 13 6
1633938589.863 48 35 27 17 14 15 6
1633938590.113 46 35 24 16 12 13 9
1633938590.368 47 34 27 18 12 12 6
1633938590.614 46 34 26 18 11 11 5
1633938590.866 46 34 27 19 13 11 3
1633938591.140 47 34 26 18 11 12 6
1633938591.364 47 32 27 17 12 13 6
1633938591.621 47 35 25 18 14 11 5
1633938591.870 46 35 27 17 12 14 6
1633938592.121 46 34 26 16 10 12 6
1633938592.366 48 34 29 17 12 13 6
1633938592.626 45 33 25 18 12 13 5
1633938592.866 47 35 24 18 15 12 7
1633938593.122 45 33 27 18 13 12 7
1633938593.368 46 35 27 18 13 10 7
1633938593.615 48 34 25 16 13 12 5
1633938593.884 48 32 26 16 9 11 4
1633938594.118 44 36 27 19 11 12 7
1633938594.364 46 34 26 17 10 12 6
1633938594.624 46 37 26 18 13 13 7
1633938594.867 44 35 26 16 10 13 8
1633938595.114 46 37 28 20 13 12 6
1633938595.386 46 34 27 16 13 12 7
1633938595.617 48 35 26 17 10 11 4
1633938595.876 47 33 26 17 12 12 6
1633938596.123 48 32 29 20 11 12 6
1633938596.369 47 34 26 18 14 12 7
1633938596.623 46 35 26 19 12 13 4
1633938596.864 45 34 27 19 13 10 9
1633938597.132 46 34 25 17 11 12 6
1633938597.367 48 37 27 19 12 11 6
1633938597.616 46 34 25 16 12 11 6
1633938597.867 48 37 27 17 14 10 6
1633938598.114 45 33 28 18 12 11 6
1633938598.364 45 34 27 18 11 13 8
1633938598.616 47 36 28 18 12 12 6
1633938598.867 47 34 27 16 12 12 8
1633938599.118 47 34 27 19 11 12 6
1633938599.364 46 37 26 16 12 12 6
1633938599.618 46 32 26 16 10 12 5
1633938599.866 45 33 28 18 13 10 8
1633938600.116 47 34 26 17 11 12 7
1633938600.365 47 36 25 19 14 13 7
1633938600.614 45 36 27 17 12 10 9
1633938600.866 45 35 26 17 13 11 6
1633938601.116 47 33 26 17 12 13 6
1633938601.366 46 35 27 17 10 12 7
1633938601.616 46 34 27 17 10 10 7
1633938601.865 45 33 26 19 12 12 5
1633938602.117 48 32 26 18 12 11 5
1633938602.366 46 34 26 17 14 11 7
1633938602.614 46 36 26 18 12 12 5
1633938602.866 47 33 26 17 15 11 4
1633938603.118 48 35 25 15 11 12 7
1633938603.364 48 33 28 19 13 12 7
1633938603.615 47 36 28 19 12 15 7
1633938603.864 45 33 26 16 11 14 9
1633938604.118 46 34 26 18 12 10 8
1633938604.365 47 35 27 17 11 12 7
1633938604.615 46 34 27 19 11 12 7
1633938604.864 46 35 27 18 11 14 8
1633938605.114 48 34 28 18 12 11 6
1633938605.365 46 34 25 17 12 10 7
1633938605.614 46 35 27 18 10 11 8
1633938605.865 47 35 25 17 12 13 7
1633938606.115 46 34 26 17 13 12 6
1633938606.364 45 32 25 18 13 14 8
1633938606.615 47 34 27 18 12 11 9
1633938606.865 44 34 28 16 15 11 9
1633938607.115 48 37 27 17 14 13 8
1633938607.365 46 35 26 19 10 11 8
1633938607.614 48 34 26 16 12 9 6
1633938607.865 47 35 26 16 12 12 7
1633938608.121 47 33 28 17 10 11 9
1633938608.365 44 35 26 17 10 12 7
1633938608.615 46 36 27 19 12 10 5
1633938608.865 46 34 25 16 14 11 5
1633938609.115 44 32 26 17 13 10 8
1633938609.365 47 35 29 17 10 14 8
1633938609.615 45 36 26 17 11 14 6
1633938609.867 48 34 27 18 12 10 6
1633938610.114 46 33 25 17 13 12 5
1633938610.366 46 35 27 16 13 11 6
1633938610.615 47 34 27 17 13 11 7
1633938610.864 46 34 27 18 13 12 7
1633938611.120 46 32 27 16 12 11 6
1633938611.364 47 35 27 18 12 10 7
1633938611.614 46 34 29 18 11 11 7
1633938611.865 46 32 26 18 12 11 6
1633938612.121 46 33 28 16 13 12 8
1633938612.364 47 34 27 19 11 11 7
1633938612.618 49 34 27 17 11 12 7
1633938612.865 49 35 28 16 11 13 7
1633938613.115 45 34 25 20 13 13 7
1633938613.386 46 35 26 20 11 12 7
1633938613.616 47 35 26 17 13 10 5
1633938613.868 47 34 27 17 12 13 6
1633938614.116 45 35 26 19 13 11 5
1633938614.364 47 35 25 16 12 9 5
1633938614.615 46 33 28 16 12 9 5
1633938614.869 47 33 25 16 12 10 8
1633938615.116 47 35 27 17 13 11 4
1633938615.375 45 35 27 16 12 10 6
1633938615.621 46 32 27 16 14 12 5
1633938615.865 47 34 27 18 10 12 7
1633938616.121 44 32 26 16 11 13 5
1633938616.366 46 34 25 19 10 11 6
1633938616.616 48 33 28 18 10 12 7
1633938616.871 47 33 25 18 11 10 7
1633938617.117 47 35 26 18 13 11 6
1633938617.371 46 33 25 17 11 9 8
1633938617.615 47 34 26 20 11 11 7
1633938617.866 49 35 27 18 11 10 5
1633938618.122 46 33 27 18 14 10 6
1633938618.368 46 36 27 17 11 13 7
1633938618.615 46 34 26 19 14 11 6
1633938618.868 47 35 27 16 11 12 5
1633938619.123 45 33 26 20 13 13 6
1633938619.367 50 33 28 17 11 9 5
1633938619.614 47 36 26 16 13 11 8
1633938619.873 47 33 28 17 12 11 6
1633938620.115 46 34 30 19 13 13 7
1633938620.365 45 34 26 17 12 12 7
1633938620.617 45 35 27 16 12 11 6
1633938620.866 48 35 26 19 11 13 7
1633938621.116 45 34 26 19 11 10 4
1633938621.367 45 35 28 16 10 10 8
1633938621.616 46 34 26 18 13 12 8
1633938621.869 47 32 25 17 14 12 6
1633938622.115 45 36 26 19 11 11 8
1633938622.369 46 34 28 18 12 11 7
1633938622.616 48 34 29 20 11 11 6
1633938622.865 46 32 27 18 12 11 6
1633938623.115 47 34 25 18 14 10 7
1633938623.369 46 35 28 17 12 12 6
1633938623.617 46 35 25 16 12 12 9
1633938623.865 47 33 29 16 13 12 7
1633938624.116 45 35 27 18 16 14 5
1633938624.367 49 36 26 16 13 10 7
1633938624.615 47 34 26 16 12 14 9
1633938624.869 46 33 27 19 11 11 5
1633938625.116 48 33 26 18 12 13 5
1633938625.365 45 34 27 17 12 10 4
1633938625.616 47 35 25 17 14 12 5
1633938625.866 45 36 27 16 11 13 7
1633938626.116 46 36 26 17 12 11 5
1633938626.369 48 34 27 15 13 12 7
1633938626.615 46 35 27 15 12 10 6
1633938626.868 45 34 26 15 12 12 6
1633938627.117 48 35 28 17 11 13 6
1633938627.367 50 36 28 17 12 13 5
1633938627.615 48 35 26 18 12 16 5
1633938627.866 49 33 27 17 10 12 9
1633938628.116 46 34 26 17 14 13 5
1633938628.365 45 36 29 18 10 11 7
1633938628.616 47 33 27 16 13 13 6
1633938628.872 46 33 26 17 13 11 8
1633938629.117 47 32 25 17 12 14 7
1633938629.366 47 35 26 18 12 12 4
1633938629.617 47 37 29 18 11 12 4
1633938629.867 46 33 27 17 13 13 7
1633938630.120 47 35 27 18 11 13 8
1633938630.366 44 35 26 17 12 11 7
1633938630.618 47 36 27 18 11 11 6
1633938630.871 48 33 28 18 11 11 8
1633938631.115 48 32 27 18 11 13 5
1633938631.365 45 33 28 19 11 12 7
1633938631.617 48 34 27 18 13 12 8
1633938631.873 47 33 26 18 12 12 8
1633938632.116 44 34 27 19 12 13 7
1633938632.367 48 37 27 18 15 13 5
1633938632.633 46 37 27 17 13 12 6
1633938632.866 46 34 29 19 11 11 6
1633938633.121 48 34 29 17 12 13 7
1633938633.383 46 34 25 19 12 12 6
1633938633.619 45 34 28 17 14 12 5
1633938633.883 48 34 27 17 12 13 6
1633938634.118 46 35 27 18 14 13 6
1633938634.365 44 32 27 17 10 14 5
1633938634.631 47 34 28 18 13 10 7
1633938634.869 46 33 26 18 13 12 6
1633938635.116 47 35 28 17 12 13 7
1633938635.367 47 34 26 19 12 13 7
1633938635.619 46 33 26 17 14 10 7
1633938635.866 46 34 27 17 11 10 6
1633938636.118 48 36 27 19 11 11 4
1633938636.367 46 35 27 20 14 12 6
1633938636.618 46 34 29 18 12 13 7
1633938636.885 46 37 28 18 13 10 5
1633938637.119 46 34 27 17 11 13 6
1633938637.367 47 34 26 18 10 11 7
1633938637.632 44 36 27 18 11 10 7
1633938637.868 45 35 26 19 12 10 6
1633938638.122 46 37 28 18 14 10 6
1633938638.378 45 34 26 17 13 12 5
1633938638.619 48 33 26 18 12 12 7
1633938638.867 45 35 27 17 11 11 6
1633938639.120 46 39 25 16 12 11 7
1633938639.366 47 35 27 20 13 10 6
1633938639.618 46 37 27 16 12 12 4
1633938639.867 46 34 30 19 13 11 6
1633938640.116 47 33 26 17 12 11 7
1633938640.369 46 33 28 16 13 13 8
1633938640.622 46 35 27 18 12 11 5
1633938640.866 47 35 26 15 12 11 5
1633938641.117 47 33 26 16 13 15 7
1633938641.368 45 33 26 19 13 12 9
1633938641.618 45 35 28 19 12 11 7
1633938641.868 47 35 26 16 12 11 7
1633938642.117 48 35 26 19 12 14 6
1633938642.366 46 36 28 18 11 12 7
1633938642.620 47 35 26 19 13 10 8
1633938642.867 45 34 27 17 12 11 7
1633938643.118 47 34 26 17 10 13 7
1633938643.371 47 34 27 17 12 12 8
1633938643.616 46 33 28 18 12 11 8
1633938643.868 46 34 26 16 12 13 8
1633938644.117 48 34 27 19 10 10 7
1633938644.368 45 34 24 16 12 12 6
1633938644.617 48 34 26 17 11 12 7
1633938644.868 46 34 26 17 12 11 7
1633938645.117 47 35 28 17 10 10 9
1633938645.366 45 34 26 17 12 11 5
1633938645.617 44 34 28 16 13 12 6
1633938645.867 45 34 30 17 12 11 6
1633938646.119 45 34 26 18 12 10 6
1633938646.366 46 34 26 18 12 12 6
1633938646.617 46 34 27 18 11 11 4
1633938646.866 47 33 27 17 14 11 7
1633938647.118 46 34 25 16 13 11 7
1633938647.367 46 33 27 16 11 11 7
1633938647.617 44 36 28 18 13 11 7
1633938647.866 49 35 25 22 13 10 6
1633938648.116 46 33 27 18 12 12 6
1633938648.367 46 35 28 17 13 11 6
1633938648.616 45 33 26 16 10 10 7
1633938648.867 48 34 27 19 12 14 6
1633938649.118 46 33 27 18 15 10 6
1633938649.371 46 33 25 17 12 11 7
1633938649.617 47 35 28 18 11 10 8
1633938649.868 47 33 28 17 10 12 9
1633938650.117 48 33 26 19 14 10 6
1633938650.367 45 34 28 18 13 11 9
1633938650.618 46 36 26 16 13 13 7
1633938650.867 46 34 26 16 12 11 6
1633938651.118 46 34 26 20 11 13 6
1633938651.368 46 33 27 16 12 11 8
1633938651.636 45 36 27 20 11 13 5
1633938651.868 48 35 26 16 11 14 6
1633938652.119 46 35 27 17 13 11 5
1633938652.373 46 34 27 16 10 13 6
1633938652.620 46 33 29 17 12 12 7
1633938652.868 47 38 28 17 10 12 8
1633938653.139 45 34 26 19 11 11 9
1633938653.367 47 34 26 17 13 10 8
1633938653.620 47 33 26 17 11 12 7
1633938653.867 47 34 25 17 10 13 8
1633938654.119 45 36 28 18 12 11 5
1633938654.368 47 33 26 18 10 12 8
1633938654.617 48 34 27 16 12 12 6
1633938654.866 46 32 26 17 11 13 7
1633938655.126 44 36 27 18 12 12 7
1633938655.368 45 35 28 15 14 10 6
1633938655.619 46 33 26 17 13 13 6
1633938655.873 45 35 27 17 13 12 6
1633938656.118 46 36 26 19 12 11 6
1633938656.370 46 35 29 18 12 12 6
1633938656.622 45 35 26 19 13 12 9
1633938656.870 49 35 28 18 12 14 6
1633938657.133 46 33 26 16 12 12 6
1633938657.369 46 33 26 18 11 13 8
1633938657.618 48 33 26 17 12 11 5
1633938657.870 47 33 26 17 11 13 7
1633938658.135 47 35 27 17 9 10 9
1633938658.367 47 35 26 20 11 13 7
1633938658.620 47 33 29 18 9 12 7
1633938658.871 47 33 26 18 10 10 7
1633938659.118 46 34 25 18 10 11 6
1633938659.369 46 35 27 17 13 13 7
1633938659.619 46 35 27 16 11 11 9
1633938659.867 46 32 26 17 9 13 6
1633938660.134 46 37 25 18 13 11 9
1633938660.369 46 34 27 19 14 12 8
1633938660.621 45 35 26 18 11 15 8
1633938660.873 46 34 27 18 11 11 7
1633938661.117 49 34 26 18 12 11 9
1633938661.381 46 33 26 17 10 13 6
1633938661.620 47 35 26 20 9 14 7
1633938661.868 47 33 28 19 10 12 7
1633938662.119 46 35 27 16 11 11 7
1633938662.368 47 37 26 17 10 13 5
1633938662.634 46 37 28 18 12 11 6
1633938662.869 46 34 26 18 10 11 6
1633938663.117 48 36 27 16 10 11 8
1633938663.373 44 34 27 17 11 13 5
1633938663.618 46 33 26 19 11 11 6
1633938663.869 47 33 26 17 13 10 7
1633938664.120 46 33 26 18 12 12 7
1633938664.368 48 34 27 17 13 12 8
1633938664.618 46 36 24 17 11 10 6
1633938664.870 46 35 27 16 12 14 7
1633938665.121 50 34 26 17 11 11 6
1633938665.370 46 33 26 17 12 12 6
1633938665.622 47 32 26 18 13 12 7
1633938665.868 45 36 27 18 13 12 9
1633938666.118 46 32 27 17 13 13 7
1633938666.372 45 35 25 17 10 11 6
1633938666.618 46 33 25 18 13 12 5
1633938666.869 45 35 26 18 12 13 5
1633938667.119 43 35 26 19 11 13 8
1633938667.368 45 35 27 17 11 12 7
1633938667.619 47 34 28 19 13 12 8
1633938667.869 47 32 27 19 10 11 5
1633938668.118 48 34 27 17 15 12 6
1633938668.373 45 34 25 17 13 13 7
1633938668.620 48 34 27 18 13 12 5
1633938668.868 48 34 25 18 11 10 6
1633938669.121 47 34 26 17 13 11 6
1633938669.370 48 33 27 18 10 13 5
1633938669.618 47 35 28 18 12 10 7
1633938669.870 47 32 28 18 11 11 8
1633938670.118 48 36 26 16 13 15 5
1633938670.368 46 34 29 17 12 12 6
1633938670.618 47 33 27 17 11 13 7
1633938670.868 47 34 25 16 11 11 8
1633938671.119 44 33 26 21 13 12 6
1633938671.372 47 34 28 18 11 12 6
1633938671.618 46 35 27 18 14 10 8
1633938671.868 46 33 27 17 13 13 6
1633938672.119 47 35 26 18 14 13 7
1633938672.368 47 32 27 18 12 12 8
1633938672.618 49 37 27 17 12 11 10
1633938672.871 46 34 27 18 10 12 6
1633938673.125 46 35 27 18 11 12 8
1633938673.368 45 34 25 18 11 11 9
1633938673.620 44 34 25 17 12 8 7
1633938673.870 47 33 26 17 12 13 7
1633938674.118 46 36 27 17 10 10 7
1633938674.369 48 35 28 17 12 12 6
1633938674.621 47 34 25 18 9 13 8
1633938674.868 47 34 27 18 9 11 6
1633938675.118 44 33 26 19 11 10 5
1633938675.368 47 35 27 15 9 11 6
1633938675.618 46 34 25 19 11 11 8
1633938675.869 46 33 27 18 12 12 7
1633938676.120 46 35 29 19 10 10 7
1633938676.369 47 32 25 17 10 11 8
1633938676.619 46 34 26 16 10 10 7
1633938676.877 44 34 25 17 10 9 5
1633938677.119 47 35 26 17 11 13 7
1633938677.370 48 33 26 18 11 12 7
1633938677.623 46 35 29 17 9 13 8
1633938677.871 46 33 26 18 8 13 5
1633938678.126 45 33 30 19 11 14 5
1633938678.369 46 33 26 21 12 10 6
1633938678.618 48 32 26 17 11 14 6
1633938678.872 47 33 27 19 9 13 6
1633938679.119 47 34 29 18 11 11 5
1633938679.371 48 35 24 19 10 12 9
1633938679.622 45 34 27 17 11 11 6
1633938679.869 46 35 26 18 12 12 6
1633938680.126 46 36 28 19 10 12 4
1633938680.376 47 37 24 19 10 12 7
1633938680.619 47 36 24 17 11 12 7
1633938680.875 46 35 26 18 12 11 5
1633938681.121 46 34 25 18 11 12 6
1633938681.369 47 33 25 19 10 10 6
1633938681.624 45 33 27 17 10 11 5
1633938681.870 47 35 26 18 12 12 9
1633938682.127 47 37 27 18 11 11 5
1633938682.372 49 34 30 18 11 12 5
1633938682.620 45 35 26 17 13 12 4
1633938682.870 47 36 24 16 14 11 6
1633938683.119 44 33 26 18 12 13 5
1633938683.378 47 33 27 18 13 10 6
1633938683.619 44 34 26 18 11 11 8
1633938683.869 46 36 26 18 12 14 7
1633938684.120 45 34 25 18 13 11 8
1633938684.370 46 35 27 17 11 13 6
1633938684.618 45 35 26 16 11 11 7
1633938684.869 45 33 26 18 12 11 6
1633938685.119 46 33 27 18 11 11 6
1633938685.368 46 36 27 17 11 12 6
1633938685.625 46 37 28 17 12 12 6
1633938685.870 46 34 25 20 10 10 8
1633938686.121 46 35 27 17 13 10 9
1633938686.371 47 34 28 18 11 15 6
1633938686.619 46 34 26 17 9 11 8
1633938686.869 47 34 27 18 13 13 7
1633938687.120 46 34 28 17 13 11 7
1633938687.372 46 36 26 18 12 11 10
1633938687.625 46 35 27 16 11 12 7
1633938687.879 46 34 26 18 11 13 9
1633938688.119 46 34 28 18 12 11 8
1633938688.371 47 35 27 18 12 12 6
1633938688.618 47 34 26 17 11 12 8
1633938688.868 47 36 26 18 11 12 6
1633938689.119 44 36 28 19 12 12 6
1633938689.376 45 37 30 18 11 10 7
1633938689.627 47 34 27 17 13 12 7
1633938689.869 46 36 27 18 11 11 7
1633938690.122 44 34 27 19 11 12 5
1633938690.370 47 36 28 19 12 12 8
1633938690.619 49 37 27 20 11 11 8
1633938690.869 45 34 26 18 12 11 6
1633938691.122 47 32 27 18 11 10 8
1633938691.369 47 34 29 17 11 12 9
1633938691.619 44 33 26 17 11 10 6
1633938691.872 46 33 26 17 11 12 6
1633938692.121 45 34 26 18 11 13 5
1633938692.370 47 34 25 16 12 13 4
1633938692.621 45 35 27 18 13 12 8
1633938692.877 47 36 26 17 12 12 5
1633938693.120 46 35 26 18 13 13 7
1633938693.370 47 34 27 19 10 12 8
1633938693.620 45 34 26 17 11 11 6
1633938693.871 46 33 26 19 11 13 7
1633938694.119 46 34 27 17 10 10 8
1633938694.370 45 34 26 16 10 10 6
1633938694.620 46 33 26 19 14 10 5
1633938694.869 45 33 26 19 11 13 8
1633938695.119 46 35 27 18 11 10 5
1633938695.371 45 33 25 16 12 12 7
1633938695.621 44 36 27 18 12 10 7
1633938695.869 45 33 26 18 12 11 8
1633938696.125 46 36 26 17 14 12 8
1633938696.400 51 34 28 17 9 12 6
1633938696.620 49 34 27 17 10 10 7
1633938696.869 45 35 27 18 9 12 8
1633938697.120 45 35 27 18 11 12 6
1633938697.369 46 33 27 19 11 12 6
1633938697.619 46 33 26 17 12 13 6
1633938697.881 48 35 27 19 11 11 8
1633938698.123 49 35 27 17 13 11 7
1633938698.371 46 33 28 18 11 11 6
1633938698.626 46 35 26 17 14 11 8
1633938698.873 49 35 27 19 12 13 9
1633938699.119 45 35 28 17 12 11 5
1633938699.375 47 33 25 17 12 12 9
1633938699.623 46 37 25 17 13 11 6
1633938699.869 46 33 30 18 10 12 7
1633938700.127 46 34 27 17 13 13 9
1633938700.370 46 34 25 18 13 11 9
1633938700.619 46 34 27 20 10 13 7
1633938700.880 45 36 27 17 10 10 8
1633938701.121 47 35 26 16 12 11 5
1633938701.370 45 34 27 17 10 14 9
1633938701.639 48 34 27 17 11 12 7
1633938701.871 45 35 28 19 12 10 7
1633938702.120 47 35 27 20 12 9 6
1633938702.374 48 34 27 18 15 12 9
1633938702.625 45 34 26 18 11 10 6
1633938702.870 46 34 27 20 12 14 6
1633938703.132 46 35 27 17 10 11 7
1633938703.370 47 33 27 18 13 11 7
1633938703.620 46 37 26 16 12 11 8
1633938703.884 46 36 27 17 12 11 5
1633938704.122 45 36 26 18 13 13 7
1633938704.370 47 32 29 18 12 10 5
1633938704.641 47 35 28 18 11 12 8
1633938704.874 44 36 26 17 10 12 6
1633938705.122 44 35 28 18 12 9 8
1633938705.377 46 35 26 18 11 10 6
1633938705.624 46 33 26 17 9 10 8
1633938705.870 47 36 26 16 11 13 8
1633938706.123 45 34 25 16 13 12 8
1633938706.373 48 35 28 18 9 13 8
1633938706.622 46 34 26 18 11 10 5
1633938706.872 47 33 27 18 12 11 6
1633938707.120 46 33 27 18 13 9 5
1633938707.371 49 33 26 18 12 10 7
1633938707.622 48 35 25 17 12 11 8
1633938707.872 47 34 26 17 13 10 6
1633938708.121 46 33 26 19 10 12 6
1633938708.373 46 33 29 18 12 12 7
1633938708.622 50 33 26 17 12 12 5
1633938708.874 47 34 26 19 11 12 7
1633938709.121 46 34 27 18 12 12 8
1633938709.371 47 33 27 18 13 10 5
1633938709.620 45 35 28 18 13 12 7
1633938709.871 46 33 27 17 12 13 5
1633938710.120 46 33 28 16 12 12 6
1633938710.371 45 34 26 18 10 9 6
1633938710.620 46 35 27 16 12 13 6
1633938710.871 48 34 26 18 11 10 7
1633938711.121 45 34 27 18 10 13 7
1633938711.370 47 34 28 17 11 12 6
1633938711.621 46 37 26 18 13 13 8
1633938711.870 45 35 25 18 11 11 7
1633938712.121 46 35 27 18 12 11 5
1633938712.372 48 36 27 20 11 13 6
1633938712.620 47 34 27 16 11 10 7
1633938712.871 47 34 25 19 10 10 7
1633938713.120 49 35 28 18 12 13 7
1633938713.372 49 35 26 19 11 11 8
1633938713.621 48 37 26 17 14 12 6
1633938713.871 45 34 26 18 12 11 6
1633938714.128 47 35 27 18 13 13 8
1633938714.372 46 36 26 19 11 11 8
1633938714.621 47 33 26 16 14 11 9
1633938714.872 45 35 27 17 12 12 5
1633938715.122 48 33 25 17 10 15 8
1633938715.371 45 32 27 19 11 16 4
1633938715.621 46 35 26 19 10 11 6
1633938715.871 46 33 26 18 10 11 6
1633938716.121 46 35 27 17 12 10 9
1633938716.372 47 34 27 18 11 12 5
1633938716.625 45 36 26 16 12 10 7
1633938716.870 47 32 26 19 11 11 7
1633938717.121 47 35 28 17 10 12 5
1633938717.375 47 35 26 17 11 12 6
1633938717.621 47 33 27 17 11 11 7
1633938717.871 45 34 25 19 12 11 7
1633938718.122 46 34 25 17 11 10 6
1633938718.371 47 36 25 18 13 11 8
1633938718.623 49 36 26 18 12 12 6
1633938718.871 47 34 29 17 11 12 7
1633938719.123 47 36 26 14 11 10 5
1633938719.372 48 35 25 17 10 12 7
1633938719.621 46 34 29 18 11 15 4
1633938719.872 45 34 27 18 10 12 8
1633938720.122 46 36 24 17 10 12 7
1633938720.371 45 35 27 15 11 14 6
1633938720.648 44 34 26 16 12 11 5
1633938720.871 44 33 26 17 11 11 5
1633938721.131 46 35 25 18 12 11 5
1633938721.373 48 35 27 17 12 11 6
1633938721.626 47 34 27 17 11 11 7
1633938721.872 47 34 26 17 11 10 8
1633938722.122 47 36 28 18 10 9 6
1633938722.389 46 35 28 18 11 13 9
1633938722.624 45 34 27 18 14 11 7
1633938722.874 46 33 26 16 12 11 7
1633938723.123 45 35 28 18 13 11 6
1633938723.375 47 34 25 16 14 11 6
1633938723.626 49 36 29 18 11 11 7
1633938723.873 48 35 26 19 11 11 6
1633938724.136 48 35 24 20 12 11 8
1633938724.372 46 37 26 18 9 13 6
1633938724.623 45 33 26 16 12 10 7
1633938724.877 44 34 26 18 12 10 7
1633938725.121 45 34 29 18 12 11 6
1633938725.381 46 34 27 17 11 10 9
1633938725.621 46 33 26 16 10 12 7
1633938725.871 46 34 26 17 12 12 5
1633938726.127 48 36 28 18 12 11 5
1633938726.373 45 34 27 17 10 12 8
1633938726.629 47 36 27 17 12 10 6
1633938726.872 45 36 27 15 12 12 4
1633938727.123 45 34 26 16 9 12 7
1633938727.380 45 35 26 16 15 11 7
1633938727.623 48 34 27 16 11 10 8
1633938727.875 45 33 25 17 11 10 6
1633938728.121 47 34 26 16 14 11 5
1633938728.382 47 36 24 18 10 10 6
1633938728.623 50 33 27 17 11 13 6
1633938728.872 48 32 27 17 11 10 6
1633938729.125 45 33 27 18 11 11 7
1633938729.372 46 35 25 16 9 9 6
1633938729.631 45 37 30 17 12 9 7
1633938729.878 44 33 28 17 13 11 7
1633938730.122 47 35 28 18 13 10 3
1633938730.394 46 34 30 17 12 13 6
1633938730.623 45 31 28 16 12 9 7
1633938730.873 48 35 27 17 12 10 8
1633938731.125 46 34 26 18 12 13 8
1633938731.372 45 34 25 17 13 11 5
1633938731.623 48 34 26 18 12 10 8
1633938731.874 47 36 25 17 12 11 8
1633938732.123 46 32 27 17 10 11 5
1633938732.374 46 34 29 17 9 10 7
1633938732.625 48 34 28 16 13 12 7
1633938732.873 47 33 26 17 11 11 8
1633938733.123 47 33 27 17 9 10 6
1633938733.373 46 33 26 17 10 12 7
1633938733.623 46 35 27 16 12 13 7
1633938733.874 45 35 27 18 11 10 7
1633938734.123 46 34 30 20 12 11 6
1633938734.375 46 37 26 16 11 10 5
1633938734.623 46 34 26 19 11 10 6
1633938734.873 48 37 26 17 10 11 6
1633938735.125 48 36 27 17 11 11 5
1633938735.372 45 35 26 16 11 11 6
1633938735.623 47 34 28 18 14 11 7
1633938735.874 47 34 28 18 11 9 9
1633938736.123 45 35 25 17 10 9 7
1633938736.374 46 34 27 16 13 12 8
1633938736.626 45 34 27 17 10 11 8
1633938736.872 46 36 26 17 13 12 8
1633938737.122 47 34 27 17 13 10 6
1633938737.372 45 32 26 16 13 12 7
1633938737.622 46 33 27 20 12 11 7
1633938737.873 45 34 25 17 12 11 7
1633938738.122 46 33 28 18 11 11 7
1633938738.373 45 34 28 16 12 9 5
1633938738.622 45 34 28 18 11 11 5
1633938738.872 45 37 27 18 12 10 6
1633938739.123 47 36 25 18 9 11 5
1633938739.372 48 34 26 18 13 12 8
1633938739.623 46 34 28 17 11 11 8
1633938739.874 48 35 26 16 11 10 7
1633938740.123 48 35 27 19 11 11 4
1633938740.376 50 33 26 18 13 13 9
1633938740.631 45 36 27 17 14 13 6
1633938740.872 47 35 28 18 10 10 7
1633938741.123 47 36 27 15 11 11 7
1633938741.373 45 35 28 18 12 10 6
1633938741.622 46 35 26 17 10 11 6
1633938741.872 46 32 28 17 12 14 6
1633938742.122 47 35 27 17 11 9 5
1633938742.375 46 34 25 17 8 11 5
1633938742.622 47 34 28 18 11 14 6
1633938742.874 45 34 28 17 10 13 4
1633938743.124 47 33 27 17 11 7 6
1633938743.375 47 34 27 16 11 11 5
1633938743.622 45 34 26 16 12 14 6
1633938743.873 48 35 27 16 12 12 6
1633938744.126 50 31 29 16 11 12 7
1633938744.373 46 33 26 17 12 9 8
1633938744.630 47 34 26 18 11 12 5
1633938744.876 46 36 25 15 11 10 8
1633938745.122 50 33 28 17 13 10 8
1633938745.374 48 33 26 16 11 11 7
1633938745.622 47 34 28 18 12 9 6
1633938745.872 45 33 29 18 13 10 7
1633938746.124 45 34 27 16 10 11 6
1633938746.372 45 33 27 18 10 11 5
1633938746.623 45 34 27 17 11 11 9
1633938746.880 46 34 26 16 11 11 6
1633938747.124 45 34 26 16 11 11 5
1633938747.373 46 34 27 17 13 11 7
1633938747.626 46 34 27 17 11 12 6
1633938747.874 47 34 27 16 11 12 7
1633938748.122 46 34 27 17 11 12 4
1633938748.380 47 33 28 18 13 14 6
1633938748.628 47 34 28 16 10 12 7
1633938748.874 44 34 28 15 12 9 7
1633938749.132 46 35 27 19 11 11 5
1633938749.373 49 36 26 18 13 11 8
1633938749.623 47 31 27 17 12 9 6
1633938749.873 45 34 26 17 11 11 8
1633938750.122 49 36 28 18 12 12 7
1633938750.373 46 35 25 16 10 12 6
1633938750.623 47 36 27 17 11 11 6
1633938750.873 48 33 28 17 10 13 7
1633938751.125 46 35 28 18 12 12 6
1633938751.372 45 35 28 17 14 12 6
1633938751.625 45 34 28 17 12 9 4
1633938751.879 47 34 26 16 13 10 7
1633938752.124 46 34 28 17 12 13 5
1633938752.374 48 35 28 19 13 12 6
1633938752.623 46 36 24 18 10 11 4
1633938752.874 47 33 28 18 13 10 5
1633938753.126 46 36 27 19 12 10 7
1633938753.373 45 32 26 18 11 10 6
1633938753.623 47 35 27 19 11 12 7
1633938753.874 48 34 26 17 11 13 8
1633938754.123 47 34 28 19 12 11 8
1633938754.380 47 34 28 17 11 12 5
1633938754.624 48 33 28 17 12 12 6
1633938754.872 47 35 28 17 11 11 6
1633938755.126 45 35 25 16 11 11 7
1633938755.373 48 33 25 15 11 11 6
1633938755.624 48 35 30 18 11 11 5
1633938755.873 48 34 29 17 12 12 5
1633938756.135 48 35 27 18 11 10 6
1633938756.374 45 35 28 16 11 10 6
1633938756.623 45 34 27 16 12 10 5
1633938756.873 46 36 27 16 12 14 4
1633938757.123 47 32 26 17 11 12 5
1633938757.374 45 33 30 18 12 12 5
1633938757.623 47 35 27 19 12 12 7
1633938757.875 46 34 27 17 12 11 5
1633938758.124 47 37 26 18 9 11 5
1633938758.374 45 36 26 16 11 10 7
1633938758.624 46 34 27 17 11 12 6
1633938758.874 45 34 27 17 12 10 6
1633938759.123 47 35 26 19 12 12 6
1633938759.374 46 32 27 16 11 12 6
1633938759.624 48 35 28 17 12 10 6
1633938759.873 48 34 27 16 12 10 5
1633938760.124 47 34 29 18 14 10 7
1633938760.380 48 36 27 17 11 12 5
1633938760.624 46 35 26 20 12 12 5
1633938760.874 45 34 29 17 10 14 6
1633938761.123 48 36 27 17 11 11 7
1633938761.385 47 33 27 18 14 11 7
1633938761.624 48 34 26 18 11 15 5
1633938761.873 48 34 26 18 12 13 6
1633938762.124 47 33 28 18 12 12 6
1633938762.373 47 34 26 17 11 13 5
1633938762.623 47 33 27 16 15 12 6
1633938762.879 46 35 27 18 14 12 5
1633938763.126 46 35 28 17 9 13 5
1633938763.373 46 35 27 17 12 11 6
1633938763.623 46 34 26 18 11 10 6
1633938763.877 43 33 29 18 13 11 6
1633938764.126 46 34 27 18 11 11 6
1633938764.373 45 34 27 17 10 10 5
1633938764.624 47 36 29 18 11 10 5
1633938764.883 49 36 26 19 14 9 6
1633938765.125 46 33 26 18 11 12 6
1633938765.375 45 32 27 19 14 10 6
1633938765.626 46 33 27 18 12 11 7
1633938765.874 46 35 27 18 10 13 8
1633938766.125 49 35 29 16 12 11 5
1633938766.374 45 35 28 16 10 10 6
1633938766.638 47 34 28 18 11 10 7
1633938766.874 47 32 26 16 11 11 6
1633938767.124 48 35 28 17 11 11 6
1633938767.383 46 35 28 18 11 9 8
1633938767.629 45 34 27 16 12 15 6
1633938767.876 46 33 27 15 13 13 4
1633938768.131 46 34 26 17 9 12 5
1633938768.379 47 37 26 19 12 10 6
1633938768.624 46 34 27 19 12 11 7
1633938768.874 48 33 27 17 12 9 8
1633938769.130 47 34 27 16 12 11 7
1633938769.373 48 35 27 17 13 10 8
1633938769.628 47 33 28 18 12 9 4
1633938769.879 48 34 25 16 11 11 5
1633938770.127 47 34 29 17 12 11 6
1633938770.382 47 34 26 17 10 10 7
1633938770.644 48 34 27 17 12 10 5
1633938770.876 47 33 26 16 10 11 8
1633938771.125 46 33 28 16 11 10 8
1633938771.378 45 33 27 17 13 12 9
1633938771.628 46 33 26 17 12 12 5
1633938771.874 46 34 27 17 10 11 7
1633938772.131 45 36 27 18 11 11 5
1633938772.378 46 35 26 17 11 10 6
1633938772.634 45 35 26 17 10 12 8
1633938772.880 47 33 29 20 12 10 6
1633938773.125 46 35 27 16 12 10 6
1633938773.379 46 33 26 15 12 13 6
1633938773.627 47 33 29 18 12 11 8
1633938773.874 45 34 26 16 11 9 7
1633938774.128 46 35 28 17 11 9 6
1633938774.375 45 35 28 16 11 12 6
1633938774.623 46 33 26 16 13 12 6
1633938774.874 50 33 26 17 13 10 6
1633938775.125 45 34 27 17 12 10 8
1633938775.374 45 36 27 16 12 11 7
1633938775.625 46 33 26 20 14 9 8
1633938775.875 47 33 28 16 12 12 8
1633938776.125 45 36 28 17 11 11 7
1633938776.375 46 35 26 16 12 15 6
1633938776.624 45 34 28 16 11 14 5
1633938776.876 45 33 27 16 12 10 5
1633938777.125 47 33 26 16 14 13 7
1633938777.376 44 34 26 17 10 11 7
1633938777.624 47 36 28 17 13 11 7
1633938777.876 47 33 26 16 11 9 7
1633938778.126 46 36 28 16 12 10 6
1633938778.375 48 36 28 19 13 10 5
1633938778.624 47 33 25 19 14 11 6
1633938778.878 46 34 28 19 11 10 7
1633938779.124 46 35 26 17 13 11 5
1633938779.375 48 35 27 18 12 10 6
1633938779.625 47 34 27 17 13 10 6
1633938779.875 48 35 26 18 13 10 5
1633938780.128 48 33 26 19 11 10 6
1633938780.375 46 34 26 16 11 14 5
1633938780.624 47 33 28 18 13 10 6
1633938780.876 43 34 26 18 12 10 7
1633938781.125 47 35 27 18 12 11 7
1633938781.374 47 33 27 19 14 10 4
1633938781.624 46 36 29 19 12 11 5
1633938781.875 46 33 28 17 13 10 5
1633938782.124 49 36 27 16 14 9 7
1633938782.376 46 35 25 17 14 10 6
1633938782.626 44 33 29 16 13 8 6
1633938782.875 45 33 27 18 11 10 4
1633938783.124 46 32 27 18 11 10 6
1633938783.375 46 34 28 16 12 10 5
1633938783.627 46 36 27 18 12 10 7
1633938783.874 46 34 26 18 13 10 5
1633938784.124 46 34 27 18 13 12 7
1633938784.375 45 35 27 19 11 11 6
1633938784.627 46 34 28 16 11 13 7
1633938784.875 46 32 28 18 12 10 6
1633938785.126 45 37 26 16 13 11 5
1633938785.374 46 34 26 18 10 9 7
1633938785.625 46 33 28 19 11 11 6
1633938785.876 45 35 26 19 12 12 5
1633938786.125 45 33 25 19 13 9 6
1633938786.375 46 33 27 17 13 10 5
1633938786.626 47 33 27 17 10 11 5
1633938786.874 46 31 25 17 11 11 6
1633938787.124 48 34 28 17 10 11 6
1633938787.377 48 35 26 17 13 10 7
1633938787.625 46 34 27 16 12 11 8
1633938787.875 48 34 26 18 14 13 7
1633938788.131 49 34 27 19 11 10 9
1633938788.378 46 34 32 17 12 9 7
1633938788.627 44 35 29 16 14 9 6
1633938788.877 48 35 26 17 12 12 8
1633938789.128 46 33 28 21 11 12 6
1633938789.377 47 35 30 17 11 12 7
1633938789.642 46 33 29 17 12 10 6
1633938789.875 47 36 26 17 13 11 9
1633938790.129 48 33 29 18 13 11 9
1633938790.376 47 34 26 17 13 10 7
1633938790.628 45 34 26 17 13 9 5
1633938790.878 46 35 27 18 13 9 6
1633938791.130 44 34 27 17 13 14 4
1633938791.376 47 35 26 18 10 11 8
1633938791.628 46 33 28 16 13 12 5
1633938791.876 45 33 27 16 12 11 6
1633938792.136 47 34 27 17 12 10 5
1633938792.375 47 33 26 17 13 11 6
1633938792.626 46 37 29 17 11 14 5
1633938792.884 46 35 26 16 14 11 5
1633938793.126 44 34 27 18 10 11 7
1633938793.375 47 33 25 19 12 11 5
1633938793.629 47 32 29 17 12 9 7
1633938793.875 45 33 27 18 12 9 6
1633938794.128 47 32 28 18 14 12 6
1633938794.375 46 33 29 18 13 13 7
1633938794.626 46 34 27 17 10 12 6
1633938794.875 47 33 27 17 12 9 6
1633938795.127 46 35 27 18 12 9 4
1633938795.376 46 35 26 17 13 11 5
1633938795.626 45 33 29 17 11 10 7
1633938795.875 46 33 27 18 13 10 7
1633938796.125 46 32 28 17 12 12 6
1633938796.382 46 35 26 17 13 11 7
1633938796.627 47 34 27 17 12 11 6
1633938796.876 47 34 28 16 13 11 7
1633938797.135 47 32 29 18 11 11 6
1633938797.376 48 35 27 17 13 11 6
1633938797.627 48 33 27 18 13 11 4
1633938797.880 46 35 26 18 11 11 6
1633938798.125 46 35 26 17 12 11 6
1633938798.375 47 34 27 18 13 10 7
1633938798.628 47 35 28 17 14 9 6
1633938798.875 47 35 26 17 11 9 5
1633938799.126 46 34 27 17 12 10 5
1633938799.377 46 33 26 18 11 12 6
1633938799.626 46 35 29 18 14 11 6
1633938799.876 45 34 27 18 12 12 8
1633938800.126 46 34 26 17 13 13 7
1633938800.378 45 34 28 17 13 12 6
1633938800.626 48 34 29 20 13 11 6
1633938800.877 47 34 25 16 13 12 6
1633938801.127 45 35 25 18 15 14 7
1633938801.376 47 33 26 18 11 10 7
1633938801.625 45 35 27 18 12 14 5
1633938801.877 47 33 28 17 14 10 7
1633938802.128 47 36 25 21 11 12 7
1633938802.376 46 33 27 19 11 12 8
1633938802.629 47 34 26 19 12 9 6
1633938802.882 46 34 26 18 13 10 7
1633938803.125 46 37 28 19 14 10 8
1633938803.376 48 34 26 18 13 10 8
1633938803.628 45 36 26 16 15 11 4
1633938803.880 46 35 27 16 14 11 7
1633938804.127 44 33 26 17 13 13 7
1633938804.376 45 35 27 20 12 11 5
1633938804.633 47 33 26 18 12 12 6
1633938804.876 45 34 25 16 13 11 5
1633938805.125 45 36 25 17 14 10 6
1633938805.377 46 35 27 17 11 11 8
1633938805.626 47 35 28 17 11 10 6
1633938805.877 48 33 27 17 13 9 5
1633938806.126 47 35 29 16 12 10 8
1633938806.376 45 35 27 17 13 11 8
1633938806.631 44 34 26 18 13 10 7
1633938806.876 44 34 25 18 14 10 6
1633938807.126 46 34 29 18 13 12 6
1633938807.375 47 34 25 17 13 12 6
1633938807.627 50 35 28 17 13 10 5
1633938807.876 46 35 28 18 12 11 7
1633938808.127 45 33 27 17 12 12 5
1633938808.377 46 34 27 18 15 11 6
1633938808.646 46 34 26 16 10 10 5
1633938808.875 45 33 26 16 12 9 4
1633938809.129 45 36 27 16 12 10 7
1633938809.384 46 34 29 16 11 11 7
1633938809.627 45 33 28 17 12 9 7
1633938809.876 45 37 26 17 11 10 6
1633938810.133 48 33 27 17 12 11 9
1633938810.376 44 35 27 18 11 13 6
1633938810.626 49 34 29 18 13 11 6
1633938810.876 46 34 28 17 14 11 7
1633938811.136 49 33 27 17 11 10 3
1633938811.376 50 33 27 17 10 10 6
1633938811.626 46 36 28 18 11 11 6
1633938811.883 46 33 28 16 11 9 6
1633938812.126 49 32 27 17 12 10 6
1633938812.376 46 37 26 18 11 11 7
1633938812.631 46 34 25 17 11 11 8
1633938812.882 46 33 28 17 11 11 6
1633938813.127 48 34 27 17 11 9 6
1633938813.382 46 33 27 19 13 11 5
1633938813.630 47 34 27 19 12 10 6
1633938813.877 46 34 27 17 10 13 6
1633938814.128 45 37 25 18 12 9 6
1633938814.380 47 35 27 17 12 11 7
1633938814.627 46 34 26 17 11 11 5
1633938814.887 45 35 27 17 11 10 5
1633938815.130 46 34 28 17 11 10 5
1633938815.377 47 35 27 16 13 11 6
1633938815.646 48 34 28 18 12 12 7
1633938815.879 44 33 30 16 14 11 4
1633938816.128 46 34 27 17 13 10 8
1633938816.377 45 33 25 18 12 12 5
1633938816.628 47 37 27 19 13 10 6
1633938816.877 46 33 26 16 12 11 8
1633938817.132 47 36 28 16 11 12 5
1633938817.379 46 36 26 19 13 9 6
1633938817.628 48 34 30 17 11 11 9
1633938817.884 46 33 26 17 12 10 6
1633938818.128 46 34 26 15 13 10 8
1633938818.385 49 36 28 16 12 9 9
1633938818.631 45 33 26 17 11 13 6
1633938818.879 45 34 27 17 13 10 9
1633938819.136 46 34 27 18 10 11 5
1633938819.377 47 34 26 16 12 10 7
1633938819.627 47 36 28 18 11 11 5
1633938819.879 48 35 30 17 11 9 8
1633938820.127 47 34 28 20 12 12 6
1633938820.376 45 35 27 17 13 8 8
1633938820.627 46 34 26 17 12 10 7
1633938820.877 46 34 28 17 12 10 6
1633938821.126 45 33 28 18 13 10 6
1633938821.379 47 33 28 17 12 11 6
1633938821.628 46 33 27 17 12 10 6
1633938821.878 49 35 27 18 12 11 6
1633938822.128 50 35 26 18 14 10 6
1633938822.377 46 35 27 16 10 10 8
1633938822.629 45 33 26 19 11 12 6
1633938822.880 47 34 29 18 12 12 6
1633938823.127 49 35 26 16 13 11 7
1633938823.381 47 32 27 19 12 9 8
1633938823.628 47 34 27 18 14 11 5
1633938823.878 45 34 27 20 10 11 7
1633938824.126 48 32 26 18 13 11 6
1633938824.382 45 34 27 16 10 11 7
1633938824.632 47 34 27 16 10 12 7
1633938824.882 45 35 28 17 12 9 6
1633938825.129 46 34 28 19 13 10 5
1633938825.380 44 34 27 17 12 10 8
1633938825.630 48 35 28 18 12 9 6
1633938825.882 45 36 28 17 12 11 8
1633938826.128 45 32 27 18 13 10 7
1633938826.378 47 33 26 17 10 12 5
1633938826.629 48 35 27 18 13 11 7
1633938826.878 46 35 28 17 10 11 6
1633938827.128 47 35 27 18 12 11 6
1633938827.381 46 34 29 17 14 11 5
1633938827.628 46 34 28 18 12 11 6
1633938827.877 46 36 27 17 14 9 7
1633938828.129 46 35 25 17 11 11 5
1633938828.377 44 35 26 18 11 11 6
1633938828.627 44 34 26 17 10 10 7
1633938828.878 46 33 28 17 11 11 8
1633938829.129 46 34 27 18 11 10 6
1633938829.380 46 34 29 19 11 10 4
1633938829.629 47 35 29 17 13 11 7
1633938829.883 46 36 29 18 13 12 6
1633938830.127 47 34 29 18 11 10 6
1633938830.378 48 35 29 17 11 12 8
1633938830.628 46 34 26 17 13 9 10
1633938830.878 47 33 26 18 12 11 7
1633938831.129 49 34 25 15 11 12 6
1633938831.377 45 32 27 15 10 12 6
1633938831.629 47 34 26 17 12 12 6
1633938831.880 46 36 29 17 12 11 6
1633938832.130 47 34 27 17 11 11 5
1633938832.378 46 33 26 17 11 10 7
1633938832.629 47 34 27 17 11 10 5
1633938832.882 46 33 25 16 10 14 8
1633938833.128 46 33 27 17 11 13 7
1633938833.377 47 36 29 16 11 11 8
1633938833.630 46 34 27 18 12 11 9
1633938833.881 48 35 28 17 12 11 4
1633938834.128 47 39 27 17 12 11 7
1633938834.381 47 34 26 16 13 11 6
1633938834.632 46 34 27 19 11 11 6
1633938834.877 47 36 28 16 10 11 6
1633938835.128 47 35 26 17 14 12 6
1633938835.388 45 35 26 17 14 13 6
1633938835.627 45 34 28 19 13 10 6
1633938835.877 46 34 27 18 12 11 9
1633938836.129 47 36 27 17 11 11 7
1633938836.389 48 33 25 18 10 11 7
1633938836.627 49 34 26 17 11 12 4
1633938836.878 46 33 28 16 14 11 9
1633938837.128 48 36 27 16 13 12 7
1633938837.377 46 37 28 20 12 10 6
1633938837.628 45 36 27 17 13 10 6
1633938837.881 46 34 28 16 11 9 7
1633938838.128 48 34 27 18 13 9 6
1633938838.394 46 33 27 18 13 12 6
1633938838.629 44 33 28 18 10 11 5
1633938838.877 47 34 31 19 12 10 5
1633938839.130 46 36 28 17 12 11 6
1633938839.379 46 34 27 17 13 10 5
1633938839.628 46 34 27 17 13 12 6
1633938839.904 47 33 27 17 10 10 6
1633938840.128 46 34 27 19 12 10 6
1633938840.377 46 34 27 18 15 10 6
1633938840.643 46 34 28 16 13 12 8
1633938840.879 49 34 25 18 11 11 5
1633938841.129 46 35 26 18 12 10 8
1633938841.380 48 34 25 16 12 10 5
1633938841.628 46 34 27 18 12 13 4
1633938841.886 44 33 26 18 12 10 6
1633938842.130 47 34 27 17 12 10 8
1633938842.378 49 34 27 16 10 11 6
1633938842.628 49 35 28 17 10 10 6
1633938842.885 46 35 27 18 11 10 8
1633938843.129 45 35 26 18 13 14 7
1633938843.380 46 33 27 16 11 11 7
1633938843.631 45 34 25 19 12 9 5
1633938843.878 48 33 26 18 13 11 6
1633938844.129 46 33 29 15 12 10 4
1633938844.382 45 33 26 16 12 10 4
1633938844.630 47 35 27 19 9 10 7
1633938844.882 45 34 26 18 12 10 6
1633938845.130 45 35 28 17 12 10 5
1633938845.383 46 35 27 16 11 12 4
1633938845.628 46 37 27 20 13 11 8
1633938845.883 46 34 27 19 12 10 5
1633938846.128 47 35 27 19 11 9 5
1633938846.379 46 34 26 17 10 11 6
1633938846.629 46 33 28 16 12 10 9
1633938846.878 47 36 28 18 11 11 8
1633938847.131 48 35 29 18 11 12 7
1633938847.378 45 36 26 18 14 11 7
1633938847.630 47 35 27 18 12 11 7
1633938847.879 47 36 28 17 11 11 7
1633938848.130 46 33 27 17 10 13 7
1633938848.378 46 32 26 16 9 10 6
1633938848.629 46 32 27 17 10 12 6
1633938848.878 46 33 26 18 13 11 7
1633938849.129 45 35 27 16 11 11 6
1633938849.378 47 34 30 19 9 11 9
1633938849.631 46 35 28 17 12 10 5
1633938849.882 46 34 28 17 10 10 7
1633938850.131 49 34 26 17 10 13 7
1633938850.378 45 35 28 18 12 11 5
1633938850.632 45 37 26 16 11 11 6
1633938850.880 47 34 29 18 13 11 6
1633938851.132 47 34 27 16 12 13 5
1633938851.378 47 35 26 19 12 10 4
1633938851.632 46 34 29 17 12 11 5
1633938851.880 45 35 27 18 12 9 8
1633938852.128 46 35 28 18 12 10 5
1633938852.381 45 34 28 18 11 10 8
1633938852.629 46 34 27 16 12 11 7
1633938852.903 49 32 27 17 12 11 9
1633938853.129 46 34 27 17 12 10 10
1633938853.380 44 32 28 17 11 10 6
1633938853.641 46 36 28 17 12 11 8
1633938853.879 46 33 28 19 12 13 7
1633938854.128 48 37 28 17 12 9 6
1633938854.378 48 33 24 16 13 11 8
1633938854.631 47 34 27 17 12 9 5
1633938854.879 45 33 29 17 10 13 5
1633938855.133 49 33 28 18 11 10 6
1633938855.396 47 34 28 18 11 12 8
1633938855.629 46 33 26 18 12 13 7
1633938855.881 47 33 29 19 14 11 5
1633938856.135 47 37 27 18 10 9 8
1633938856.382 46 35 26 19 8 11 5
1633938856.629 44 34 26 16 11 13 7
1633938856.879 45 34 31 17 11 13 7
1633938857.131 49 36 27 18 12 11 6
1633938857.380 46 34 26 17 13 11 6
1633938857.630 46 34 29 18 13 10 6
1633938857.881 45 35 26 18 14 13 7
1633938858.134 48 33 28 18 11 12 5
1633938858.379 46 35 28 17 13 10 5
1633938858.630 47 35 27 19 11 12 8
1633938858.880 49 34 30 17 12 11 5
1633938859.143 46 34 27 18 13 11 6
1633938859.381 47 34 27 18 11 13 7
1633938859.631 47 34 26 16 12 10 6
1633938859.882 46 34 28 17 11 12 5
1633938860.130 46 34 27 18 12 12 7
1633938860.385 47 34 27 17 9 10 6
1633938860.629 46 35 26 16 11 11 6
1633938860.883 46 34 28 18 12 12 5
1633938861.145 46 34 28 18 12 12 7
1633938861.388 44 34 28 19 12 14 6
1633938861.630 45 34 27 19 11 11 6
1633938861.880 44 33 28 17 13 14 6
1633938862.138 47 35 25 17 13 12 6
1633938862.379 47 35 29 17 11 13 6
1633938862.634 49 36 27 19 11 11 6
1633938862.880 50 35 26 16 12 12 6
1633938863.131 44 32 28 17 11 13 8
1633938863.381 44 34 27 17 10 8 6
1633938863.633 47 33 29 19 14 12 5
1633938863.882 45 34 26 18 11 12 6
1633938864.133 47 32 28 17 10 11 7
1633938864.383 46 34 27 18 13 10 5
1633938864.630 47 35 29 19 12 10 6
1633938864.888 46 35 27 18 13 13 6
1633938865.129 48 36 27 18 12 11 4
1633938865.380 48 33 26 17 12 11 7
1633938865.632 45 35 27 19 13 13 5
1633938865.884 48 36 27 17 12 10 7
1633938866.129 47 35 27 18 13 9 6
1633938866.383 46 34 28 16 11 9 7
1633938866.631 48 35 28 19 10 11 8
1633938866.879 46 33 28 18 13 10 8
1633938867.132 46 35 28 19 12 12 5
1633938867.390 46 36 27 19 11 11 7
1633938867.631 47 35 26 19 10 9 7
1633938867.881 46 34 26 17 12 11 5
1633938868.134 46 34 28 18 14 10 7
1633938868.379 45 34 29 18 11 11 6
1633938868.633 47 35 26 18 11 11 5
1633938868.883 45 34 27 17 12 9 5
1633938869.129 46 34 29 19 11 9 6
1633938869.380 47 33 25 18 14 11 7
1633938869.633 47 35 28 18 11 13 7
1633938869.881 48 35 28 17 10 10 6
1633938870.131 47 34 26 17 12 12 6
1633938870.380 46 33 28 17 12 14 5
1633938870.631 46 33 26 17 12 14 5
1633938870.880 46 33 27 16 11 10 7
1633938871.132 47 34 28 18 10 11 9
1633938871.381 46 34 28 17 12 9 7
1633938871.632 46 33 27 18 12 13 8
1633938871.880 47 34 27 17 13 10 5
1633938872.136 47 35 25 19 11 11 9
1633938872.380 45 34 28 18 13 9 7
1633938872.631 46 35 28 16 12 11 5
1633938872.881 44 33 28 18 15 10 4
1633938873.131 45 35 28 17 11 10 6
1633938873.383 45 35 26 18 10 11 5
1633938873.631 46 35 27 19 11 10 7
1633938873.883 46 33 26 16 12 9 6
1633938874.132 49 35 28 22 12 11 6
1633938874.380 46 35 27 17 12 11 6
1633938874.629 48 35 28 16 10 11 5
1633938874.882 44 38 27 17 11 13 6
1633938875.132 47 33 27 19 10 11 7
1633938875.380 45 34 28 18 12 11 6
1633938875.633 47 34 26 19 10 11 7
1633938875.883 48 32 28 19 12 12 7
1633938876.131 47 36 27 17 14 11 7
1633938876.380 47 35 27 18 12 11 6
1633938876.631 45 35 27 17 12 13 8
1633938876.886 47 33 27 19 10 11 5
1633938877.130 45 35 26 17 10 10 8
1633938877.381 45 36 28 18 10 10 7
1633938877.632 47 34 26 16 13 12 7
1633938877.880 47 34 26 16 11 11 7
1633938878.132 44 37 26 18 12 11 6
1633938878.381 47 36 27 16 12 13 8
1633938878.632 46 34 28 18 12 12 5
1633938878.882 48 35 26 17 12 12 8
1633938879.133 45 33 28 19 12 13 6
1633938879.381 44 35 26 18 10 12 6
1633938879.633 46 33 26 18 11 10 6
1633938879.883 46 36 26 17 12 12 6
1633938880.131 48 37 29 18 10 14 6
1633938880.380 45 33 25 18 11 10 5
1633938880.632 44 34 28 19 11 10 7
1633938880.881 47 35 24 18 11 11 5
1633938881.133 45 35 26 16 9 16 5
1633938881.383 47 35 27 18 10 10 8
1633938881.631 46 35 28 20 9 13 5
1633938881.885 44 34 28 16 10 11 8
1633938882.134 46 34 29 18 11 11 6
1633938882.383 45 34 29 19 10 11 7
1633938882.632 45 35 27 18 13 12 6
1633938882.884 46 33 29 15 11 12 4
1633938883.132 46 32 26 18 12 12 6
1633938883.387 45 34 29 17 12 12 7
1633938883.640 45 34 27 17 11 13 6
1633938883.881 46 34 27 19 11 13 7
1633938884.134 46 34 27 15 10 12 6
1633938884.380 47 34 27 17 11 12 6
1633938884.632 46 32 27 16 9 13 5
1633938884.896 46 33 27 15 11 11 8
1633938885.131 44 34 27 15 11 12 6
1633938885.383 46 33 28 17 12 12 5
1633938885.632 46 34 26 18 10 12 7
1633938885.889 46 34 26 16 10 13 6
1633938886.135 47 32 27 18 9 12 7
1633938886.382 47 33 26 19 12 14 9
1633938886.645 46 37 27 19 10 13 6
1633938886.883 45 34 27 17 9 14 5
1633938887.134 45 32 29 17 10 11 6
1633938887.384 45 33 27 18 9 13 6
1633938887.631 46 33 26 16 11 13 6
1633938887.882 45 34 27 15 11 12 6
1633938888.134 45 32 27 16 10 12 6
1633938888.380 50 33 26 18 11 12 7
1633938888.634 46 33 27 15 11 12 7
1633938888.880 46 34 28 16 12 10 5
1633938889.135 45 32 28 17 12 12 8
1633938889.386 44 35 27 16 13 12 7
1633938889.631 46 33 28 18 11 11 5
1633938889.885 45 33 28 16 13 15 6
1633938890.133 45 33 27 18 11 13 5
1633938890.381 44 34 27 17 11 15 7
1633938890.634 47 34 27 18 11 14 8
1633938890.884 47 35 29 18 10 13 6
1633938891.133 45 33 26 17 11 12 7
1633938891.383 45 34 28 17 11 11 4
1633938891.632 47 34 27 16 10 11 8
1633938891.884 46 34 31 20 9 11 7
1633938892.131 45 34 28 16 10 12 5
1633938892.384 46 32 28 16 11 12 7
1633938892.634 49 33 26 15 12 12 7
1633938892.882 47 36 25 17 13 14 7
1633938893.134 47 33 27 18 11 12 6
1633938893.385 46 35 27 18 9 11 6
1633938893.631 45 34 27 18 9 11 6
1633938893.884 47 35 27 18 10 12 8
1633938894.136 45 31 27 17 11 16 5
1633938894.386 46 36 25 15 10 12 5
1633938894.631 46 34 28 16 10 12 7
1633938894.882 46 33 27 18 10 11 6
1633938895.131 47 35 27 16 9 14 6
1633938895.382 44 34 29 15 12 11 6
1633938895.633 45 36 29 17 11 12 9
1633938895.881 50 32 28 17 10 12 5
1633938896.133 48 33 28 18 10 13 7
1633938896.381 46 32 29 16 9 14 5
1633938896.631 44 32 27 14 11 12 8
1633938896.881 47 34 27 17 11 14 7
1633938897.133 47 33 30 18 10 15 6
1633938897.381 48 32 28 18 11 11 5
1633938897.632 47 32 27 18 11 12 6
1633938897.882 45 34 28 17 11 13 6
1633938898.132 49 34 27 18 12 13 4
1633938898.382 46 34 26 22 11 14 4
1633938898.632 47 33 28 19 11 13 6
1633938898.894 48 31 27 17 10 11 9
1633938899.131 46 30 27 16 9 12 7
1633938899.382 46 31 26 18 14 12 5
1633938899.634 44 35 27 16 11 14 8
1633938899.881 45 32 29 18 11 13 7
1633938900.135 46 33 27 18 11 13 7
1633938900.390 45 35 28 16 12 10 6
1633938900.632 47 34 27 15 10 13 5
1633938900.882 46 34 26 18 11 13 6
1633938901.139 47 35 26 17 13 11 7
1633938901.384 46 35 26 15 10 11 5
1633938901.633 45 34 27 16 12 14 7
1633938901.881 45 33 28 17 9 14 5
1633938902.131 45 35 28 18 13 12 7
1633938902.388 45 33 27 17 10 9 7
1633938902.633 46 33 29 16 12 12 6
1633938902.882 44 32 28 16 11 14 8
1633938903.136 48 32 26 18 12 11 7
1633938903.381 49 32 29 18 12 11 6
1633938903.635 45 34 25 17 13 12 5
1633938903.887 47 32 27 19 14 13 5
1633938904.135 44 30 27 18 13 10 7
1633938904.387 45 33 26 17 11 10 7
1633938904.632 45 33 27 17 13 11 4
1633938904.884 45 33 27 18 13 12 5
1633938905.133 47 34 28 18 12 13 7
1633938905.384 45 34 27 17 12 10 6
1633938905.637 46 33 28 16 12 14 8
1633938905.883 47 35 26 17 11 13 7
1633938906.139 45 32 26 17 11 11 6
1633938906.383 49 36 26 16 13 9 6
1633938906.634 47 36 26 16 12 10 5
1633938906.884 50 32 28 20 12 10 6
1633938907.135 46 33 30 17 12 12 5
1633938907.384 48 33 29 16 10 13 6
1633938907.633 47 35 27 22 11 11 6
1633938907.883 45 34 26 16 13 11 7
1633938908.135 48 34 26 16 15 13 7
1633938908.385 46 33 28 16 12 11 4
1633938908.633 49 33 27 17 14 11 5
1633938908.883 46 34 28 16 12 11 5
1633938909.134 47 34 26 18 12 12 5
1633938909.383 46 34 30 18 11 11 10
1633938909.634 46 34 28 16 13 11 6
1633938909.882 47 36 29 19 12 11 7
1633938910.136 46 35 29 17 10 12 8
1633938910.388 48 33 28 18 12 13 8
1633938910.633 46 35 27 18 11 12 6
1633938910.885 45 33 27 16 11 11 9
1633938911.134 49 33 26 17 11 14 7
1633938911.388 47 34 30 18 10 13 6
1633938911.632 46 33 29 15 10 11 6
1633938911.884 46 33 27 17 11 11 7
1633938912.134 47 33 27 15 13 12 9
1633938912.383 48 33 26 18 12 11 6
1633938912.636 49 35 27 17 12 12 7
1633938912.883 48 35 26 17 10 11 7
1633938913.136 46 34 28 19 13 12 7
1633938913.383 43 32 26 17 13 13 4
1633938913.635 47 34 28 17 12 12 10
1633938913.886 45 33 29 18 11 12 5
1633938914.133 44 36 27 17 13 13 8
1633938914.385 44 34 29 17 12 11 7
1633938914.633 48 33 28 17 12 12 6
1633938914.884 46 35 27 15 12 15 7
1633938915.133 45 35 27 15 13 11 7
1633938915.386 46 33 27 16 12 13 7
1633938915.633 47 35 27 18 13 12 6
1633938915.883 48 35 30 16 9 13 6
1633938916.136 46 34 25 17 12 14 5
1633938916.383 45 33 26 19 11 15 5
1633938916.632 47 33 29 15 10 13 9
1633938916.883 46 34 28 18 11 13 6
1633938917.133 46 32 28 16 11 11 7
1633938917.383 47 34 28 18 10 14 6
1633938917.633 46 36 27 18 12 13 6
1633938917.885 46 34 26 17 12 14 6
1633938918.134 47 36 28 14 10 14 5
1633938918.385 46 34 28 20 12 15 6
1633938918.633 48 33 26 19 14 13 6
1633938918.883 47 33 27 18 11 13 6
1633938919.137 48 34 30 17 11 13 4
1633938919.382 49 30 27 17 10 12 8
1633938919.634 46 34 28 16 12 14 8
1633938919.888 46 32 29 17 11 11 7
1633938920.137 46 34 26 18 10 12 7
1633938920.383 46 34 25 15 11 14 8
1633938920.647 45 34 28 17 12 12 8
1633938920.883 49 33 26 16 9 11 5
1633938921.133 47 32 27 16 10 12 6
1633938921.387 47 33 29 15 11 12 5
1633938921.634 44 34 29 16 11 12 6
1633938921.885 48 33 30 18 10 10 7
1633938922.136 46 34 28 18 13 12 8
1633938922.383 48 35 28 16 13 11 6
1633938922.635 46 35 26 17 13 13 6
1633938922.884 45 35 27 16 13 12 5
1633938923.136 45 36 27 19 11 12 7
1633938923.391 46 35 28 17 10 11 8
1633938923.634 45 33 26 17 12 13 6
1633938923.891 46 35 28 17 13 13 5
1633938924.134 45 31 27 18 13 13 8
1633938924.386 45 34 28 18 10 15 8
1633938924.635 47 33 26 18 12 13 7
1633938924.882 49 36 26 17 11 12 5
1633938925.140 47 34 26 17 12 12 7
1633938925.385 44 34 27 17 12 13 5
1633938925.635 46 33 26 17 14 13 8
1633938925.900 47 34 28 16 12 10 10
1633938926.134 47 33 26 17 12 12 8
1633938926.385 47 34 28 17 13 12 9
1633938926.642 46 34 25 16 11 12 8
1633938926.884 48 34 27 18 11 13 7
1633938927.155 47 34 26 15 11 13 4
1633938927.384 45 34 29 16 13 11 7
1633938927.640 47 34 27 17 13 13 6
1633938927.898 46 34 26 17 11 10 4
1633938928.134 46 35 26 17 12 12 6
1633938928.401 45 33 27 17 11 11 4
1633938928.635 46 35 27 16 12 15 6
1633938928.884 46 34 26 18 12 12 8
1633938929.140 44 33 27 17 11 12 5
1633938929.384 47 36 26 17 11 13 7
1633938929.637 45 34 28 17 12 12 6
1633938929.887 45 33 27 16 11 11 5
1633938930.133 48 34 26 16 12 16 7
1633938930.388 46 35 29 15 12 12 6
1633938930.635 46 32 28 16 12 12 7
1633938930.884 47 37 27 18 13 12 8
1633938931.140 44 36 28 19 13 11 7
1633938931.385 46 31 28 18 14 13 6
1633938931.636 49 34 26 18 11 13 6
1633938931.888 47 35 27 17 10 13 6
1633938932.137 46 36 27 17 11 13 5
1633938932.384 46 33 26 18 10 13 6
1633938932.648 47 33 29 16 13 13 5
1633938932.884 46 32 28 17 13 15 6
1633938933.134 47 33 26 16 12 11 8
1633938933.387 46 32 28 17 12 11 5
1633938933.635 46 33 26 16 12 14 6
1633938933.886 47 35 28 18 11 12 5
1633938934.149 46 34 25 17 13 12 5
1633938934.384 47 34 29 18 12 10 5
1633938934.634 49 34 26 18 13 13 7
1633938934.887 44 34 27 16 12 12 9
1633938935.136 45 34 27 15 11 12 6
1633938935.384 46 36 28 16 13 13 7
1633938935.634 46 34 28 15 12 11 7
1633938935.885 44 36 27 16 13 13 6
1633938936.137 47 34 27 18 11 11 7
1633938936.386 48 35 27 16 13 12 8
1633938936.637 46 33 26 15 14 14 6
1633938936.886 47 36 27 18 10 13 6
1633938937.138 48 34 27 16 10 13 6
1633938937.384 46 34 28 17 9 14 6
1633938937.643 49 34 26 17 9 14 5
1633938937.884 47 34 27 19 12 10 7
1633938938.383 47 35 28 18 10 11 6
1633938938.635 45 33 27 20 12 15 6
1633938938.888 46 34 27 17 10 12 6
1633938939.136 47 35 28 18 14 12 5
1633938939.385 47 33 26 18 12 12 6
1633938939.633 48 34 28 17 10 12 4
1633938939.889 47 33 28 16 11 13 8
1633938940.135 46 35 26 16 10 13 6
1633938940.385 46 34 27 16 12 12 6
1633938940.636 45 33 26 16 11 11 5
1633938940.886 45 33 29 16 14 10 4
1633938941.137 46 32 28 18 13 12 4
1633938941.384 47 34 27 16 11 13 7
1633938941.635 45 35 30 15 10 14 5
1633938941.885 46 33 26 16 10 14 5
1633938942.134 48 35 29 18 12 10 8
1633938942.385 47 33 28 17 14 13 7
1633938942.635 45 35 27 17 11 12 5
1633938942.884 49 34 26 17 13 12 7
1633938943.139 44 34 29 17 12 12 7
1633938943.385 47 33 26 18 13 12 8
1633938943.635 47 33 27 16 12 13 6
1633938943.886 47 34 27 18 11 12 8
1633938944.135 47 33 29 17 11 11 6
1633938944.390 46 32 27 17 11 11 7
1633938944.634 44 35 28 15 12 11 7
1633938944.884 48 34 29 19 10 10 5
1633938945.136 47 36 26 18 13 12 7
1633938945.385 46 34 28 18 11 14 7
1633938945.635 46 33 29 16 12 12 5
1633938945.886 47 35 27 17 13 14 7
1633938946.135 45 34 28 17 11 12 6
1633938946.385 46 35 27 16 11 13 8
1633938946.635 47 35 28 17 12 12 8
1633938946.887 46 35 29 17 11 11 4
1633938947.136 46 33 29 19 12 12 6
1633938947.385 47 32 29 17 12 13 8
1633938947.634 45 33 27 16 10 12 9
1633938947.884 46 33 28 16 11 12 6
1633938948.134 47 34 27 17 11 14 7
1633938948.386 45 34 26 17 11 11 4
1633938948.635 47 32 26 16 12 11 5
1633938948.887 46 32 28 17 11 13 5
1633938949.135 47 35 27 18 12 13 7
1633938949.394 47 35 28 16 12 13 7
1633938949.634 45 33 27 21 11 13 6
1633938949.885 46 33 29 17 11 12 9
1633938950.138 48 38 27 15 14 13 6
1633938950.386 46 34 28 17 12 13 9
1633938950.634 46 34 27 18 11 15 5
1633938950.885 47 35 27 17 13 11 6
1633938951.134 46 33 28 16 12 15 5
1633938951.385 47 32 28 16 11 14 6
1633938951.635 46 33 26 17 11 13 6
1633938951.885 44 32 26 16 12 14 5
1633938952.134 44 35 26 17 12 11 6
1633938952.384 46 33 29 17 13 12 8
1633938952.636 46 34 27 17 11 11 8
1633938952.888 46 35 27 18 10 13 5
1633938953.134 46 34 28 19 11 11 6
1633938953.385 49 34 30 17 13 13 5
1633938953.641 48 32 26 18 11 12 4
1633938953.884 48 34 26 19 11 11 6
1633938954.135 46 32 30 16 12 14 4
1633938954.385 48 34 27 16 10 11 6
1633938954.638 44 33 27 17 12 13 5
1633938954.885 46 35 26 18 13 13 8
1633938955.137 49 33 26 17 12 11 8
1633938955.384 46 33 26 17 12 14 6
1633938955.636 46 33 28 17 12 14 7
1633938955.888 47 35 30 17 12 14 8
1633938956.136 47 37 27 17 13 13 7
1633938956.387 46 32 27 18 11 14 8
1633938956.639 47 34 28 16 13 12 7
1633938956.885 46 32 28 16 14 12 7
1633938957.135 46 34 27 18 12 12 6
1633938957.388 46 33 27 16 12 14 7
1633938957.636 47 32 27 19 12 11 4
1633938957.885 49 36 26 17 11 12 6
1633938958.136 46 34 27 15 12 14 6
1633938958.388 46 34 28 18 10 15 7
1633938958.639 45 35 28 17 12 14 6
1633938958.888 45 35 27 18 11 12 8
1633938959.135 46 34 27 18 11 11 6
1633938959.392 46 34 25 18 12 13 7
1633938959.635 47 34 28 17 12 13 6
1633938959.887 49 35 27 18 14 11 9
1633938960.135 45 33 28 17 11 12 6
1633938960.391 47 34 26 15 11 12 6
1633938960.638 45 33 29 17 12 12 5
1633938960.886 46 36 28 18 12 14 7
1633938961.140 47 32 28 16 13 14 7
1633938961.385 45 34 29 16 12 15 6
1633938961.635 45 34 25 18 11 11 6
1633938961.885 46 33 25 16 12 10 6
1633938962.136 45 33 26 17 12 13 6
1633938962.393 45 34 27 17 13 11 8
1633938962.638 45 33 30 18 12 10 6
1633938962.886 44 35 26 16 12 11 8
1633938963.137 47 34 28 15 10 11 8
1633938963.386 46 34 27 18 11 12 6
1633938963.636 45 33 26 18 12 12 4
1633938963.885 48 37 28 16 11 11 6
1633938964.136 45 35 27 15 11 12 6
1633938964.387 46 32 28 16 11 10 6
1633938964.635 46 34 29 15 12 13 6
1633938964.886 45 33 28 17 12 13 6
1633938965.142 46 35 27 16 12 13 5
1633938965.386 47 32 26 18 11 10 7
1633938965.637 47 35 29 17 13 11 6
1633938965.887 47 32 27 19 13 12 6
1633938966.135 45 36 28 16 11 14 8
1633938966.387 48 33 27 20 10 16 7
1633938966.640 48 32 26 18 12 14 5
1633938966.888 45 34 26 18 9 10 6
1633938967.135 47 34 28 16 13 10 8
1633938967.385 45 34 31 16 13 11 7
1633938967.635 47 34 28 16 12 12 5
1633938967.889 45 36 28 16 11 11 7
1633938968.137 45 34 28 18 13 10 6
1633938968.385 48 34 28 16 11 12 6
1633938968.636 46 32 26 15 11 11 6
1633938968.886 48 35 28 17 13 12 8
1633938969.136 47 35 29 19 12 12 6
1633938969.387 45 33 25 18 12 13 7
1633938969.636 46 36 26 17 12 10 8
1633938969.886 47 34 31 17 12 12 8
1633938970.139 48 32 28 14 11 13 5
1633938970.391 45 33 27 18 12 11 8
1633938970.636 49 34 26 16 12 13 6
1633938970.889 47 34 28 17 10 12 6
1633938971.138 45 33 28 17 13 11 7
1633938971.386 44 32 29 17 12 11 7
1633938971.639 48 38 28 16 12 13 5
1633938971.890 47 33 28 16 13 11 6
1633938972.136 48 34 26 17 10 11 6
1633938972.386 50 34 27 15 12 11 6
1633938972.636 47 34 28 16 13 12 5
1633938972.888 47 33 28 18 12 12 6
1633938973.140 46 31 26 17 13 12 5
1633938973.388 46 34 28 18 11 12 7
1633938973.638 45 33 29 15 13 12 4
1633938973.890 44 35 28 16 13 11 8
1633938974.138 45 35 27 17 13 12 5
1633938974.388 46 34 27 18 14 10 5
1633938974.636 46 33 27 17 12 10 7
1633938974.888 46 34 27 15 11 12 6
1633938975.145 47 34 29 18 10 12 7
1633938975.388 46 35 28 18 12 11 6
1633938975.639 48 35 26 16 12 13 7
1633938975.887 46 35 27 15 12 11 5
1633938976.145 48 34 29 17 12 12 7
1633938976.386 45 34 26 18 13 11 4
1633938976.642 47 34 28 17 12 13 8
1633938976.888 46 33 28 15 11 12 6
1633938977.139 45 32 28 18 14 11 7
1633938977.389 45 34 28 15 13 12 7
1633938977.644 47 33 27 17 13 13 7
1633938977.888 46 36 27 18 12 14 7
1633938978.143 46 35 29 15 11 12 6
1633938978.392 46 35 30 17 11 12 5
1633938978.641 45 31 27 17 11 13 7
1633938978.888 44 32 28 16 12 11 6
1633938979.139 47 33 26 16 12 11 8
1633938979.387 45 35 28 17 11 10 7
1633938979.636 46 33 28 16 10 10 5
1633938979.891 47 34 27 18 13 10 5
1633938980.140 47 35 29 15 12 11 6
1633938980.387 47 33 25 18 11 14 4
1633938980.638 48 33 28 16 9 11 6
1633938980.887 46 33 27 17 10 11 8
1633938981.137 48 34 25 17 11 11 6
1633938981.391 47 35 30 16 12 15 5
1633938981.640 44 33 30 16 11 12 6
1633938981.888 47 32 28 17 12 12 6
1633938982.139 46 33 30 16 12 12 8
1633938982.388 47 34 28 17 13 14 7
1633938982.638 49 34 29 16 13 12 6
1633938982.890 47 35 28 16 11 12 7
1633938983.137 45 33 27 18 12 14 9
1633938983.391 47 33 28 19 13 12 6
1633938983.637 46 36 29 17 12 13 7
1633938983.887 46 34 28 16 13 11 6
1633938984.138 47 34 29 17 12 11 6
1633938984.390 46 35 28 17 13 12 7
1633938984.636 45 36 27 19 10 12 6
1633938984.894 49 34 28 17 12 13 6
1633938985.136 47 33 29 15 12 14 7
1633938985.389 43 35 29 16 11 12 6
1633938985.643 44 34 27 15 12 13 4
1633938985.888 45 34 28 15 10 13 7
