1633936894.229 47 34 27 16 14 13 7
1633936894.481 45 35 28 18 14 13 6
1633936894.733 46 34 26 17 14 13 8
1633936894.981 46 32 27 18 16 13 8
1633936895.233 47 34 26 16 14 11 6
1633936895.485 48 33 26 16 13 11 8
1633936895.733 49 32 26 19 16 14 7
1633936895.983 47 34 26 20 13 14 8
1633936896.235 47 35 25 16 13 12 5
1633936896.478 47 33 25 17 13 14 6
1633936896.734 48 33 27 19 14 12 8
1633936896.979 48 35 27 16 15 12 5
1633936897.229 46 32 26 18 12 14 7
1633936897.481 48 33 26 17 16 13 8
1633936897.729 48 34 26 19 14 12 8
1633936897.983 48 36 26 19 15 16 5
1633936898.229 49 34 25 17 15 13 5
1633936898.478 49 35 25 19 14 14 7
1633936898.732 48 33 25 19 15 14 8
1633936898.979 46 34 26 17 13 14 6
1633936899.229 48 33 26 18 13 13 6
1633936899.481 46 33 27 17 14 14 7
1633936899.729 47 32 25 19 14 15 7
1633936899.980 46 33 25 17 14 12 7
1633936900.231 48 34 26 19 12 15 7
1633936900.480 44 33 26 20 14 13 6
1633936900.732 48 34 28 17 14 16 6
1633936900.980 47 32 26 19 13 13 8
1633936901.231 46 33 25 18 14 13 6
1633936901.480 48 34 26 19 13 14 6
1633936901.729 47 34 27 17 14 17 6
1633936901.981 46 36 26 20 16 14 8
1633936902.230 47 32 28 18 13 13 4
1633936902.482 47 32 25 19 13 15 6
1633936902.729 48 33 27 18 14 12 6
1633936902.979 47 35 25 17 12 12 9
1633936903.230 48 32 25 18 14 12 5
1633936903.481 49 35 26 22 13 11 9
1633936903.732 48 33 27 16 16 12 7
1633936903.980 48 33 27 18 16 12 6
1633936904.233 48 32 25 19 12 12 8
1633936904.479 47 38 25 17 12 15 7
1633936904.729 46 33 27 17 15 13 7
1633936904.979 49 35 27 19 14 12 7
1633936905.229 47 34 28 18 13 14 6
1633936905.481 45 34 27 17 14 13 8
1633936905.729 46 34 26 17 13 13 7
1633936905.980 49 34 26 18 14 10 5
1633936906.230 47 34 25 19 14 14 7
1633936906.479 46 34 27 19 13 15 10
1633936906.731 48 34 26 20 13 12 8
1633936906.980 47 33 27 18 12 13 8
1633936907.236 46 32 28 18 16 11 6
1633936907.479 47 34 26 17 13 15 7
1633936907.730 47 32 27 19 16 13 7
1633936907.982 47 33 26 20 14 12 6
1633936908.229 47 34 26 17 13 13 7
1633936908.480 48 36 26 19 13 11 4
1633936908.729 46 32 25 19 13 14 7
1633936908.981 46 33 25 16 14 13 5
1633936909.229 50 34 28 18 13 14 8
1633936909.479 46 32 28 17 12 12 6
1633936909.730 48 34 27 17 14 13 8
1633936909.981 46 32 26 18 14 13 7
1633936910.229 45 33 27 20 13 13 7
1633936910.481 48 35 26 18 15 17 5
1633936910.730 47 33 29 16 15 14 7
1633936910.979 50 36 26 16 12 12 6
1633936911.230 48 36 26 18 12 14 7
1633936911.479 47 33 26 18 14 13 6
1633936911.732 46 34 27 21 13 12 5
1633936911.980 49 35 26 20 13 13 6
1633936912.229 46 33 28 18 15 13 8
1633936912.481 50 38 27 18 14 12 6
1633936912.731 49 34 28 18 14 12 8
1633936912.980 47 33 28 19 13 13 6
1633936913.241 48 32 26 18 14 14 8
1633936913.479 49 33 26 17 15 14 7
1633936913.730 47 33 26 16 16 12 6
1633936913.980 48 36 25 19 12 15 6
1633936914.240 47 31 25 19 14 13 6
1633936914.480 47 35 29 19 13 12 7
1633936914.729 49 32 27 17 14 13 6
1633936914.979 50 33 27 17 15 14 7
1633936915.230 47 32 26 17 13 13 7
1633936915.485 47 34 26 16 16 13 6
1633936915.732 47 35 27 18 11 14 7
1633936915.980 46 35 26 17 13 10 6
1633936916.231 48 31 27 17 12 13 6
1633936916.480 46 32 27 17 14 13 6
1633936916.731 47 33 27 16 13 13 6
1633936916.981 49 34 25 17 13 13 8
1633936917.231 49 34 25 17 13 13 8
1633936917.481 46 33 26 17 13 13 8
1633936917.733 47 33 26 18 15 12 7
1633936917.987 47 33 28 18 11 13 6
1633936918.237 45 32 26 19 12 12 10
1633936918.482 49 33 26 18 15 12 8
1633936918.732 48 35 25 18 13 12 7
1633936918.984 47 35 29 16 12 12 7
1633936919.232 46 36 28 16 14 11 8
1633936919.480 46 36 25 19 13 13 6
1633936919.730 46 32 26 18 16 14 6
1633936919.980 47 35 29 16 11 14 8
1633936920.230 47 34 28 16 13 14 8
1633936920.481 45 35 26 16 13 13 7
1633936920.730 46 32 26 17 13 12 6
1633936920.979 49 33 26 16 13 14 6
1633936921.230 50 32 25 19 13 13 7
1633936921.480 46 33 24 17 14 11 6
1633936921.730 47 35 27 17 14 11 9
1633936921.984 46 36 28 16 15 13 7
1633936922.233 48 33 26 17 12 14 5
1633936922.480 48 33 28 18 14 12 8
1633936922.732 48 34 26 18 13 13 10
1633936922.980 49 35 26 15 13 14 8
1633936923.231 47 35 24 17 14 12 6
1633936923.480 48 32 27 18 11 11 7
1633936923.731 47 35 27 17 14 11 6
1633936923.981 49 34 26 19 14 12 8
1633936924.231 48 35 25 18 11 13 7
1633936924.480 47 33 27 18 13 13 10
1633936924.730 48 32 27 18 15 13 6
1633936924.980 49 32 27 17 13 12 7
1633936925.234 49 34 29 16 14 11 6
1633936925.480 47 31 27 19 12 13 5
1633936925.732 46 33 25 18 13 11 7
1633936925.983 49 34 26 17 12 13 7
1633936926.230 47 34 28 17 14 15 7
1633936926.480 48 36 27 17 15 11 9
1633936926.731 47 32 27 17 14 14 7
1633936926.980 47 36 27 19 13 11 6
1633936927.231 50 32 27 18 14 13 7
1633936927.481 48 33 26 18 14 12 8
1633936927.747 47 32 29 20 13 12 7
1633936927.981 46 34 29 19 14 10 5
1633936928.230 46 33 27 20 12 14 7
1633936928.483 48 34 26 18 14 11 6
1633936928.731 47 34 26 20 13 15 8
1633936928.984 50 32 27 20 15 13 7
1633936929.231 46 36 27 17 13 11 8
1633936929.482 47 34 26 18 16 12 9
1633936929.730 45 34 25 18 13 12 7
1633936929.981 48 32 27 19 11 14 8
1633936930.231 45 32 27 16 12 12 7
1633936930.480 49 33 26 17 15 14 7
1633936930.731 46 33 26 19 16 14 6
1633936930.981 45 36 25 18 14 11 6
1633936931.231 48 33 25 18 13 13 6
1633936931.481 47 34 28 19 16 13 6
1633936931.737 49 33 26 18 14 14 7
1633936931.980 48 35 23 19 15 10 6
1633936932.230 47 34 28 18 15 10 7
1633936932.492 46 34 25 18 14 12 6
1633936932.752 47 33 28 17 13 14 8
1633936932.982 46 35 26 18 16 10 7
1633936933.235 46 33 26 18 12 10 7
1633936933.484 47 35 24 20 11 14 6
1633936933.733 47 35 27 18 13 11 6
1633936933.982 46 33 27 17 15 12 7
1633936934.232 48 33 28 18 14 13 6
1633936934.482 46 33 25 17 12 13 8
1633936934.731 47 35 26 19 14 12 8
1633936934.980 48 34 28 21 14 13 8
1633936935.231 46 32 24 16 14 14 8
1633936935.509 45 32 27 19 12 14 7
1633936935.730 47 32 25 18 14 14 9
1633936935.983 48 36 24 18 12 12 8
1633936936.239 47 33 25 18 11 13 6
1633936936.480 46 33 27 19 14 13 5
1633936936.731 46 35 26 16 13 10 8
1633936936.988 47 34 28 18 11 16 6
1633936937.232 49 32 25 19 15 15 6
1633936937.501 50 34 26 17 14 12 6
1633936937.732 49 36 27 19 14 12 7
1633936937.991 47 32 25 19 15 11 7
1633936938.232 47 32 27 17 13 13 6
1633936938.484 49 37 28 20 13 13 6
1633936938.735 45 34 29 18 16 12 7
1633936938.982 47 33 27 18 13 17 7
1633936939.237 47 34 26 18 13 12 7
1633936939.483 47 33 26 21 12 11 7
1633936939.732 47 33 27 18 13 15 6
1633936939.985 49 34 27 18 13 12 7
1633936940.231 47 33 25 21 14 11 8
1633936940.483 47 32 26 17 12 14 6
1633936940.734 47 33 28 18 12 15 4
1633936940.982 48 33 27 20 14 12 8
1633936941.237 45 33 24 18 13 10 5
1633936941.485 46 33 26 18 15 16 6
1633936941.733 46 35 26 17 13 12 6
1633936941.983 48 34 27 18 13 14 8
1633936942.234 48 34 28 19 13 13 7
1633936942.487 46 33 27 18 14 11 7
1633936942.737 47 33 27 17 12 13 5
1633936942.982 47 33 28 18 13 13 8
1633936943.233 47 34 26 19 13 13 7
1633936943.481 46 34 25 18 14 11 5
1633936943.732 47 33 25 19 14 12 7
1633936943.985 49 34 26 20 12 14 6
1633936944.232 47 34 26 20 12 13 5
1633936944.483 49 32 27 19 13 13 7
1633936944.734 48 34 28 18 15 14 6
1633936944.982 48 33 25 18 14 12 5
1633936945.234 48 36 26 17 14 13 5
1633936945.482 49 32 28 20 12 12 6
1633936945.732 47 34 25 17 16 12 7
1633936945.982 47 33 26 16 14 12 7
1633936946.232 49 33 26 19 13 13 8
1633936946.482 47 33 27 17 13 15 6
1633936946.732 47 33 29 18 15 12 8
1633936946.981 47 34 26 17 13 14 5
1633936947.237 45 33 27 18 12 13 7
1633936947.481 46 33 26 16 12 13 6
1633936947.732 49 33 25 18 13 13 10
1633936947.984 49 36 26 18 13 14 9
1633936948.232 48 34 27 17 12 11 7
1633936948.483 47 34 27 18 13 13 7
1633936948.736 48 33 26 17 14 13 7
1633936948.984 48 32 26 19 13 14 7
1633936949.235 47 32 27 19 13 12 8
1633936949.481 47 34 27 17 14 13 8
1633936949.731 47 35 25 18 12 12 8
1633936949.981 48 33 29 20 14 13 6
1633936950.232 49 34 26 20 13 11 6
1633936950.483 45 35 26 17 16 12 6
1633936950.731 46 32 27 18 16 13 9
1633936950.984 46 32 26 21 14 11 7
1633936951.232 46 35 25 16 13 13 7
1633936951.481 49 33 27 17 13 15 5
1633936951.732 48 35 26 20 13 13 7
1633936951.985 47 35 25 17 14 12 6
1633936952.233 48 33 26 17 12 14 6
1633936952.481 47 32 26 17 13 12 8
1633936952.735 49 35 28 19 15 12 7
1633936952.983 45 35 27 16 13 12 7
1633936953.234 47 32 25 19 14 13 8
1633936953.482 48 35 26 17 15 13 6
1633936953.733 48 33 28 18 12 13 8
1633936953.983 48 34 25 16 13 12 5
1633936954.232 48 34 25 18 15 13 8
1633936954.485 47 33 26 19 16 13 7
1633936954.736 48 33 28 18 12 13 6
1633936954.982 44 35 26 16 13 14 7
1633936955.234 50 35 26 17 15 15 7
1633936955.490 47 34 26 17 15 15 5
1633936955.734 48 35 26 19 14 14 5
1633936955.983 49 34 26 18 14 14 7
1633936956.233 49 35 28 19 14 13 5
1633936956.483 49 33 27 18 14 12 8
1633936956.745 46 34 25 18 13 11 4
1633936956.983 49 33 27 19 14 12 10
1633936957.234 47 34 25 18 13 12 7
1633936957.482 48 34 28 15 15 16 7
1633936957.734 48 32 28 17 13 11 8
1633936958.008 47 34 25 17 14 13 9
1633936958.233 48 32 26 18 15 10 5
1633936958.484 47 32 26 19 15 12 7
1633936958.737 48 34 25 19 14 14 6
1633936958.984 47 34 25 17 13 11 6
1633936959.237 48 32 26 20 12 11 6
1633936959.487 48 33 26 17 13 12 11
1633936959.733 47 34 26 18 13 13 7
1633936959.984 46 35 26 18 15 12 6
1633936960.233 46 34 27 17 12 12 6
1633936960.488 49 33 27 19 13 10 7
1633936960.735 47 33 29 17 13 13 8
1633936960.983 47 34 26 17 13 13 6
1633936961.237 47 33 27 19 16 11 5
1633936961.482 45 33 27 17 15 13 6
1633936961.742 50 33 25 16 14 12 8
1633936961.983 48 33 26 17 14 12 7
1633936962.233 46 33 25 17 13 13 7
1633936962.484 47 34 27 16 15 12 7
1633936962.733 47 34 24 18 13 12 6
1633936962.983 48 35 27 19 13 12 6
1633936963.238 47 35 27 16 13 13 6
1633936963.482 49 35 27 17 12 12 6
1633936963.739 46 35 26 20 12 13 8
1633936963.983 48 33 25 18 12 13 7
1633936964.232 49 34 26 17 13 16 7
1633936964.488 48 33 26 16 14 16 6
1633936964.736 50 33 26 17 14 14 9
1633936964.984 48 31 27 17 14 14 6
1633936965.240 47 35 26 18 13 11 6
1633936965.487 47 32 25 16 13 12 6
1633936965.733 47 32 27 17 15 13 6
1633936965.988 48 32 27 17 15 11 6
1633936966.237 49 35 26 19 14 14 8
1633936966.483 47 33 24 20 13 12 6
1633936966.736 46 33 27 18 12 13 6
1633936966.984 50 35 27 19 14 11 5
1633936967.233 49 34 25 18 14 12 8
1633936967.482 48 34 25 18 12 12 8
1633936967.734 47 33 29 18 16 14 6
1633936967.986 46 33 26 16 12 11 7
1633936968.236 47 35 26 19 13 12 8
1633936968.483 47 37 25 18 14 13 6
1633936968.734 47 34 27 16 14 12 8
1633936968.984 47 33 24 18 14 10 6
1633936969.233 50 32 27 19 13 13 8
1633936969.484 48 34 26 17 13 11 7
1633936969.736 48 32 26 16 14 12 7
1633936969.983 48 35 26 18 14 12 6
1633936970.235 46 34 26 17 13 12 8
1633936970.487 49 32 26 18 12 10 8
1633936970.734 48 33 25 16 13 13 8
1633936970.986 48 32 25 18 14 13 8
1633936971.232 47 33 25 16 12 14 6
1633936971.483 49 35 26 17 14 12 8
1633936971.733 48 33 28 19 13 12 7
1633936971.985 49 33 25 16 14 13 7
1633936972.234 45 34 25 18 14 14 7
1633936972.485 48 33 26 16 15 13 6
1633936972.739 47 33 28 17 14 12 6
1633936972.984 48 35 27 18 15 13 6
1633936973.233 50 34 26 16 14 13 7
1633936973.489 47 34 28 16 13 10 7
1633936973.737 47 32 25 17 13 10 5
1633936973.987 46 33 28 16 15 14 6
1633936974.240 46 32 28 16 14 12 6
1633936974.483 46 35 27 16 12 13 8
1633936974.733 47 33 27 17 12 12 9
1633936974.991 50 36 27 18 14 14 9
1633936975.234 48 33 28 16 13 13 7
1633936975.484 49 34 28 18 11 13 6
1633936975.734 48 34 27 16 13 11 8
1633936975.986 49 35 25 18 15 14 6
1633936976.234 46 32 26 17 12 12 8
1633936976.488 45 34 27 18 16 13 5
1633936976.739 48 33 24 17 13 11 7
1633936976.985 44 34 26 18 14 11 6
1633936977.235 49 31 26 17 14 17 7
1633936977.486 47 33 27 18 16 12 6
1633936977.734 46 38 26 18 12 13 6
1633936977.985 46 33 27 19 13 13 7
1633936978.238 47 33 26 18 14 12 7
1633936978.484 48 33 26 19 13 12 6
1633936978.734 49 35 27 18 13 14 5
1633936978.987 46 34 24 20 16 10 6
1633936979.235 47 33 27 20 15 13 5
1633936979.483 51 33 26 18 14 12 5
1633936979.735 46 36 27 16 14 14 8
1633936979.984 46 33 27 18 15 12 7
1633936980.235 46 31 28 17 15 13 8
1633936980.486 47 32 26 18 13 14 5
1633936980.733 47 37 27 20 13 13 7
1633936981.002 45 33 26 18 12 15 8
1633936981.234 45 33 26 18 15 14 7
1633936981.483 46 33 26 19 12 16 8
1633936981.737 48 34 26 16 14 13 6
1633936981.985 46 34 29 17 13 13 6
1633936982.234 47 34 25 18 14 14 7
1633936982.486 46 34 25 17 13 15 6
1633936982.734 47 34 27 18 13 14 9
1633936982.990 48 32 27 17 13 14 5
1633936983.236 47 35 29 17 14 14 6
1633936983.485 47 33 26 18 14 16 9
1633936983.734 49 34 28 19 13 15 7
1633936983.987 48 32 28 19 14 14 5
1633936984.237 48 34 26 17 13 15 7
1633936984.484 46 34 27 20 14 13 7
1633936984.736 45 34 27 16 15 12 8
1633936984.986 48 34 25 16 13 13 8
1633936985.236 47 32 28 17 16 14 6
1633936985.486 46 33 27 17 14 13 7
1633936985.735 46 33 28 19 14 13 7
1633936985.985 48 35 27 17 14 14 9
1633936986.235 46 33 27 19 13 16 7
1633936986.484 47 37 25 15 13 12 8
1633936986.736 49 32 27 18 12 14 7
1633936986.984 47 35 26 18 15 13 6
1633936987.235 47 36 26 16 14 13 7
1633936987.488 47 32 26 19 16 13 7
1633936987.734 48 33 27 18 12 14 5
1633936987.984 48 34 25 18 14 15 8
1633936988.237 48 33 26 19 14 14 6
1633936988.484 46 35 26 19 13 14 6
1633936988.735 48 33 28 18 17 14 5
1633936988.987 48 33 26 18 11 14 6
1633936989.234 46 33 26 17 13 14 8
1633936989.486 47 32 25 16 11 13 8
1633936989.735 45 34 29 17 15 13 7
1633936989.985 47 34 27 16 13 13 10
1633936990.235 47 33 25 18 16 12 8
1633936990.486 48 35 27 19 14 13 8
1633936990.740 47 35 27 16 14 14 5
1633936990.990 45 32 28 18 13 13 7
1633936991.234 50 34 26 17 14 13 9
1633936991.485 46 33 26 16 11 13 7
1633936991.735 48 33 27 18 12 11 6
1633936991.985 47 34 25 17 14 15 8
1633936992.235 47 34 28 16 14 13 7
1633936992.486 47 32 27 16 11 13 8
1633936992.735 47 35 25 17 13 14 7
1633936992.986 47 35 26 18 13 14 6
1633936993.234 50 32 28 18 15 14 7
1633936993.485 47 33 26 17 15 15 5
1633936993.735 48 33 25 18 16 13 5
1633936993.985 48 33 27 17 15 14 8
1633936994.235 47 35 26 16 14 11 7
1633936994.485 47 34 26 19 13 13 6
1633936994.735 48 32 25 18 12 13 6
1633936994.985 49 35 29 16 14 13 7
1633936995.235 47 34 29 17 15 13 6
1633936995.499 48 32 27 17 13 13 5
1633936995.734 47 33 26 18 12 14 8
1633936995.984 45 31 25 18 15 16 6
1633936996.236 47 32 26 19 15 13 6
1633936996.484 48 33 28 17 13 13 7
1633936996.736 47 36 27 16 12 16 5
1633936996.990 48 33 26 17 13 12 7
1633936997.235 45 32 28 18 13 12 3
1633936997.485 47 34 27 16 12 13 7
1633936997.738 48 34 26 17 16 11 7
1633936997.987 49 32 25 18 14 11 6
1633936998.239 48 35 26 18 13 9 6
1633936998.486 48 33 26 17 14 12 6
1633936998.736 47 35 26 18 15 11 8
1633936998.987 46 33 29 18 15 12 7
1633936999.236 47 33 25 17 14 14 5
1633936999.489 49 34 26 17 12 12 5
1633936999.743 47 34 25 17 13 13 5
1633936999.987 46 35 26 18 16 13 5
1633937000.236 48 34 27 17 16 13 7
1633937000.487 48 32 26 17 14 12 6
1633937000.737 49 34 26 17 14 10 7
1633937000.989 46 32 25 19 14 12 7
1633937001.235 48 37 26 19 13 13 6
1633937001.487 47 33 26 18 17 14 5
1633937001.736 48 33 27 17 16 13 4
1633937001.984 49 34 26 17 14 14 7
1633937002.236 47 37 26 17 15 13 7
1633937002.489 47 33 24 17 13 12 6
1633937002.743 47 33 25 19 11 13 7
1633937002.991 45 34 26 18 13 13 7
1633937003.236 49 33 26 18 12 14 6
1633937003.488 46 34 26 19 13 12 6
1633937003.741 46 34 28 17 15 12 9
1633937003.986 46 32 26 19 13 14 7
1633937004.256 46 31 25 18 14 12 7
1633937004.486 47 32 27 16 18 14 6
1633937004.738 49 32 27 17 14 13 7
1633937004.987 47 34 29 19 14 12 5
1633937005.243 49 32 25 20 16 14 6
1633937005.485 46 32 31 18 14 14 5
1633937005.736 47 34 26 17 14 13 6
1633937005.993 47 33 24 19 13 15 6
1633937006.237 45 34 25 17 13 12 5
1633937006.491 46 33 25 19 14 17 5
1633937006.742 46 33 26 18 12 14 7
1633937006.987 45 34 28 17 16 14 5
1633937007.242 50 33 26 17 14 15 6
1633937007.486 50 35 25 18 13 16 4
1633937007.736 46 33 26 17 14 12 5
1633937007.992 46 33 25 16 13 14 6
1633937008.237 47 32 26 17 12 14 6
1633937008.485 46 34 27 17 14 12 5
1633937008.738 47 34 26 17 13 11 6
1633937008.987 49 36 27 19 14 14 7
1633937009.236 49 32 26 18 14 14 6
1633937009.485 46 33 27 17 14 14 5
1633937009.734 45 34 26 17 12 13 7
1633937009.992 46 33 26 17 11 14 7
1633937010.237 48 31 25 17 15 12 7
1633937010.485 47 32 27 15 13 14 6
1633937010.735 46 32 25 17 14 13 5
1633937010.986 46 33 27 17 13 13 6
1633937011.236 45 33 26 18 13 11 7
1633937011.489 46 33 27 16 12 13 7
1633937011.735 47 34 27 18 15 12 8
1633937011.985 46 33 26 18 15 14 7
1633937012.240 49 33 27 17 13 14 5
1633937012.485 46 35 26 16 15 13 8
1633937012.736 49 32 26 19 13 12 6
1633937012.985 48 37 26 19 13 11 7
1633937013.238 47 32 29 18 13 15 6
1633937013.485 49 33 26 19 14 12 8
1633937013.736 48 34 28 17 14 11 8
1633937013.985 47 32 25 19 13 13 7
1633937014.235 47 33 26 18 16 12 8
1633937014.485 49 34 26 18 13 14 9
1633937014.734 46 33 26 16 12 12 8
1633937014.985 49 34 27 16 16 13 6
1633937015.236 47 33 25 18 15 14 6
1633937015.488 47 35 27 17 14 13 6
1633937015.736 48 33 23 16 15 13 6
1633937015.985 47 33 28 18 13 14 5
1633937016.236 44 32 27 16 13 12 6
1633937016.486 45 33 27 20 16 14 6
1633937016.738 47 32 27 17 15 12 5
1633937016.985 47 31 27 20 14 15 5
1633937017.237 48 35 25 17 13 14 6
1633937017.486 48 32 25 19 14 11 6
1633937017.736 47 34 25 17 14 15 7
1633937017.986 47 34 25 16 11 15 6
1633937018.236 44 34 29 16 13 12 7
1633937018.486 45 33 27 19 12 11 9
1633937018.737 47 34 27 18 17 13 6
1633937018.986 48 32 27 19 12 12 7
1633937019.236 47 31 27 17 13 14 6
1633937019.485 49 33 26 18 12 13 8
1633937019.735 47 32 25 18 15 12 7
1633937019.987 45 32 25 18 12 14 5
1633937020.235 48 32 26 20 13 13 6
1633937020.488 46 33 25 19 14 13 5
1633937020.739 46 34 25 17 13 15 5
1633937020.985 48 33 25 18 13 15 4
1633937021.238 47 34 25 17 14 15 6
1633937021.497 47 31 28 17 14 13 6
1633937021.736 48 32 26 18 15 13 7
1633937021.987 47 33 25 19 12 13 5
1633937022.241 48 33 27 17 12 13 6
1633937022.486 48 34 23 18 15 12 5
1633937022.741 47 33 27 18 13 13 3
1633937022.989 47 33 26 19 14 13 8
1633937023.236 48 31 27 18 12 14 8
1633937023.504 48 33 26 19 13 15 5
1633937023.737 47 33 27 16 14 14 6
1633937023.987 47 32 25 18 13 11 8
1633937024.240 48 34 25 18 13 14 7
1633937024.492 47 33 26 15 14 13 9
1633937024.738 48 33 26 17 14 14 6
1633937024.989 49 34 26 17 13 12 6
1633937025.237 46 33 27 17 15 13 8
1633937025.490 46 31 27 18 15 12 7
1633937025.736 47 31 26 17 14 13 6
1633937025.987 46 31 25 16 13 13 8
1633937026.239 49 33 28 16 13 13 5
1633937026.487 47 33 25 20 11 13 6
1633937026.739 47 33 26 20 16 15 5
1633937026.988 47 32 26 17 16 14 6
1633937027.237 47 33 28 16 15 16 8
1633937027.488 47 34 25 17 13 13 6
1633937027.738 46 34 25 18 15 12 6
1633937027.987 47 33 29 18 12 14 6
1633937028.237 46 34 26 17 12 14 5
1633937028.486 49 31 26 17 13 11 8
1633937028.738 49 33 27 18 11 13 6
1633937028.986 45 32 27 18 14 13 8
1633937029.236 46 32 25 17 14 11 7
1633937029.488 46 34 26 16 16 14 6
1633937029.736 46 32 28 17 13 13 7
1633937029.990 48 32 26 17 12 12 5
1633937030.238 48 33 25 16 13 13 5
1633937030.490 47 31 27 16 13 13 6
1633937030.737 47 34 26 16 13 14 7
1633937030.987 47 35 26 18 12 13 6
1633937031.236 47 33 26 17 13 14 6
1633937031.487 47 31 27 18 16 15 7
1633937031.737 46 32 25 18 13 13 8
1633937031.986 48 32 25 19 14 14 7
1633937032.237 47 33 28 16 15 13 6
1633937032.488 47 34 30 19 14 12 8
1633937032.738 46 35 26 16 14 15 7
1633937032.987 47 33 27 19 13 15 6
1633937033.237 50 32 25 18 14 14 7
1633937033.486 46 35 26 19 13 12 10
1633937033.737 45 33 27 18 14 15 8
1633937033.986 48 35 26 18 15 12 9
1633937034.238 46 34 28 18 15 11 8
1633937034.488 46 37 28 17 14 14 8
1633937034.738 49 32 27 18 16 13 7
1633937034.987 48 32 25 17 13 14 7
1633937035.236 47 33 26 18 13 11 7
1633937035.488 49 32 28 19 14 12 6
1633937035.737 47 35 27 18 13 15 8
1633937035.990 46 34 27 18 15 15 6
1633937036.243 48 32 26 18 16 16 7
1633937036.486 47 35 27 19 15 13 6
1633937036.740 45 33 25 19 15 14 7
1633937036.987 48 30 27 18 13 13 5
1633937037.237 46 32 25 18 16 14 6
1633937037.487 46 32 26 18 15 13 10
1633937037.736 47 32 26 18 14 14 5
1633937037.987 47 31 26 19 14 12 6
1633937038.238 46 31 25 16 13 14 7
1633937038.487 45 31 25 17 13 13 6
1633937038.736 49 33 25 16 12 14 6
1633937038.991 46 33 27 18 14 13 7
1633937039.237 48 32 27 17 13 13 8
1633937039.486 48 31 25 17 13 15 8
1633937039.736 48 34 26 18 14 12 7
1633937040.007 46 32 26 17 15 13 9
1633937040.236 46 34 25 18 14 11 7
1633937040.492 49 34 25 17 13 12 8
1633937040.738 48 33 26 19 16 14 6
1633937040.987 49 32 25 19 12 10 6
1633937041.238 47 31 27 17 16 14 5
1633937041.489 46 32 26 20 14 12 8
1633937041.736 46 32 26 19 14 12 5
1633937041.987 47 32 26 17 12 12 7
1633937042.237 46 34 26 18 13 14 5
1633937042.489 48 35 27 18 15 12 8
1633937042.749 47 33 28 21 13 13 5
1633937042.990 47 31 28 17 15 12 7
1633937043.239 47 35 26 16 14 14 5
1633937043.493 46 33 25 16 15 12 7
1633937043.738 48 33 27 18 15 11 7
1633937043.987 47 32 27 19 15 13 5
1633937044.242 49 34 26 17 14 12 6
1633937044.490 47 34 26 16 14 14 7
1633937044.738 47 33 28 18 14 14 6
1633937044.992 47 32 27 17 15 13 7
1633937045.238 50 32 26 17 15 14 7
1633937045.491 46 32 29 15 13 15 5
1633937045.737 47 31 26 18 14 12 5
1633937045.988 50 34 26 18 12 13 6
1633937046.238 47 36 26 17 14 14 7
1633937046.492 47 33 25 18 13 12 7
1633937046.738 48 31 28 18 12 13 9
1633937046.988 48 32 26 19 15 11 8
1633937047.240 48 31 26 18 15 12 7
1633937047.488 47 34 29 19 16 14 6
1633937047.742 46 32 28 18 16 11 8
1633937047.989 46 33 26 18 15 13 8
1633937048.239 48 34 25 17 13 15 6
1633937048.491 47 32 27 17 16 11 6
1633937048.738 48 33 27 17 14 11 7
1633937048.988 46 33 25 17 14 15 6
1633937049.237 48 33 26 16 13 14 7
1633937049.489 48 33 25 17 13 14 7
1633937049.740 45 35 26 17 13 13 8
1633937049.989 47 32 26 17 12 15 5
1633937050.240 46 33 27 17 16 14 5
1633937050.492 47 34 26 16 12 13 6
1633937050.741 47 33 27 17 13 13 6
1633937050.989 49 33 25 16 17 14 7
1633937051.239 48 33 24 17 12 13 6
1633937051.489 48 33 26 18 16 13 6
1633937051.737 49 32 28 19 15 12 6
1633937051.988 47 30 28 16 13 13 6
1633937052.241 49 35 27 17 15 14 6
1633937052.488 46 34 26 17 14 11 7
1633937052.739 46 34 26 18 14 13 6
1633937052.988 47 34 26 19 15 16 7
1633937053.239 47 34 27 16 14 13 4
1633937053.489 48 34 25 18 11 14 6
1633937053.739 46 33 26 17 13 14 5
1633937053.989 48 34 27 18 14 12 7
1633937054.237 48 34 24 19 13 15 6
1633937054.489 50 32 26 19 12 14 5
1633937054.737 47 32 27 17 14 12 6
1633937054.992 48 32 26 16 12 15 5
1633937055.238 48 35 28 16 14 13 7
1633937055.489 48 32 26 19 14 11 7
1633937055.738 50 35 26 17 14 11 7
1633937055.989 48 31 28 18 13 14 6
1633937056.239 46 31 30 17 13 14 5
1633937056.488 47 35 26 18 12 12 9
1633937056.738 47 34 28 16 13 13 5
1633937056.988 47 32 26 19 14 12 7
1633937057.238 49 33 25 16 14 12 7
1633937057.489 51 33 27 17 15 10 8
1633937057.738 48 31 29 18 14 13 8
1633937057.988 47 33 29 18 14 11 7
1633937058.240 49 34 27 15 12 12 9
1633937058.488 48 33 28 18 13 15 7
1633937058.739 48 36 28 16 14 13 5
1633937058.988 47 33 27 17 12 12 6
1633937059.241 48 33 26 18 14 16 6
1633937059.488 48 32 27 18 15 13 10
1633937059.737 48 32 26 17 12 12 6
1633937059.991 48 32 26 17 14 11 6
1633937060.239 49 31 27 19 13 12 7
1633937060.489 47 33 28 17 12 15 6
1633937060.745 45 33 26 16 12 15 8
1633937060.988 46 33 25 17 12 13 7
1633937061.240 48 34 28 16 11 13 8
1633937061.489 44 32 26 15 13 16 8
1633937061.738 46 33 25 15 13 12 7
1633937061.989 49 33 25 16 12 13 7
1633937062.241 47 32 28 19 13 14 7
1633937062.488 47 32 26 16 13 12 6
1633937062.737 46 35 27 18 17 14 8
1633937062.988 47 33 26 17 16 13 7
1633937063.241 48 33 27 15 12 12 6
1633937063.489 48 34 26 19 15 13 7
1633937063.744 46 34 26 18 13 11 6
1633937063.989 46 33 26 17 13 16 7
1633937064.239 48 34 26 17 14 14 7
1633937064.491 49 32 27 16 13 13 6
1633937064.738 45 33 26 21 14 12 6
1633937064.988 47 34 26 17 13 15 7
1633937065.245 47 33 26 18 13 13 7
1633937065.488 47 34 26 16 12 14 7
1633937065.739 47 33 27 19 12 14 4
1633937065.989 48 35 26 18 14 15 5
1633937066.241 49 33 27 18 14 14 6
1633937066.490 46 33 27 18 13 14 8
1633937066.743 47 31 27 19 12 12 6
1633937066.992 47 33 26 16 14 13 7
1633937067.240 48 32 28 17 15 14 8
1633937067.491 48 32 26 18 14 14 8
1633937067.739 46 33 28 16 17 14 7
1633937067.990 46 33 27 16 14 12 10
1633937068.238 48 34 25 18 13 13 7
1633937068.488 47 31 26 16 13 14 6
1633937068.740 47 33 25 17 12 13 7
1633937068.991 46 33 27 17 14 13 8
1633937069.239 46 33 25 17 12 12 7
1633937069.493 46 32 26 19 13 12 5
1633937069.738 46 35 29 15 13 14 7
1633937069.988 49 31 27 16 13 14 8
1633937070.240 48 31 26 18 16 14 9
1633937070.488 48 33 26 16 13 13 7
1633937070.740 48 34 25 14 13 13 6
1633937070.992 47 32 26 18 14 12 8
1633937071.241 47 33 27 19 14 13 7
1633937071.488 47 32 26 17 12 14 6
1633937071.747 48 32 27 18 14 14 6
1633937071.989 50 33 29 18 15 11 8
1633937072.239 49 35 26 16 15 13 3
1633937072.492 49 33 25 19 12 12 7
1633937072.739 50 32 25 16 14 13 7
1633937072.990 49 33 27 17 13 14 7
1633937073.248 46 32 26 16 12 14 8
1633937073.488 49 33 26 18 13 12 6
1633937073.748 49 36 26 15 12 16 7
1633937073.990 49 33 28 18 12 13 6
1633937074.238 48 33 24 17 12 15 5
1633937074.490 48 35 26 17 12 12 8
1633937074.740 47 33 26 17 14 13 7
1633937074.989 50 34 26 17 14 13 7
1633937075.241 48 32 24 16 14 12 5
1633937075.492 48 32 25 16 14 12 7
1633937075.741 47 33 28 19 12 14 6
1633937075.989 48 32 26 16 13 14 7
1633937076.246 49 33 28 17 12 13 7
1633937076.492 47 33 28 17 14 11 8
1633937076.743 49 33 26 17 13 12 4
1633937076.988 48 32 26 17 16 13 7
1633937077.242 47 31 25 19 11 11 7
1633937077.488 47 33 26 18 14 13 8
1633937077.741 50 32 29 19 13 14 7
1633937077.989 47 31 26 18 13 12 6
1633937078.239 47 33 25 17 14 12 4
1633937078.491 46 34 27 15 14 12 7
1633937078.741 48 33 27 16 13 14 6
1633937078.989 48 34 25 16 11 14 8
1633937079.241 46 34 27 16 12 14 6
1633937079.490 49 32 26 18 13 13 5
1633937079.739 47 33 27 17 15 13 6
1633937079.996 48 33 27 16 14 14 6
1633937080.238 45 36 27 17 12 14 7
1633937080.491 48 31 27 16 12 13 5
1633937080.739 46 33 27 16 11 16 7
1633937080.990 48 32 28 19 11 12 6
1633937081.239 49 31 27 18 12 13 6
1633937081.491 46 35 27 16 15 12 7
1633937081.742 46 32 29 17 13 15 8
1633937081.992 47 32 28 16 11 13 5
1633937082.239 47 33 27 19 11 15 6
1633937082.490 46 32 26 16 12 14 4
1633937082.740 47 33 28 16 15 12 7
1633937082.991 48 32 26 17 11 12 4
1633937083.240 46 33 28 17 11 13 7
1633937083.491 46 35 27 18 13 14 9
1633937083.739 47 34 26 17 12 14 6
1633937083.990 46 33 25 17 11 13 6
1633937084.240 47 33 28 17 13 14 5
1633937084.492 47 31 28 16 13 15 7
1633937084.745 47 33 28 18 14 15 6
1633937084.990 47 33 27 16 10 16 9
1633937085.242 46 34 27 16 14 13 5
1633937085.491 46 31 27 18 12 16 5
1633937085.740 49 34 27 17 11 14 6
1633937085.989 47 31 27 18 12 14 5
1633937086.241 45 33 26 16 11 17 6
1633937086.492 49 33 26 16 12 12 6
1633937086.739 47 34 27 17 13 13 6
1633937087.013 46 32 26 17 11 13 7
1633937087.239 47 34 26 16 12 12 9
1633937087.490 47 33 26 17 13 13 7
1633937087.742 47 33 27 16 11 12 8
1633937087.991 46 32 26 14 11 14 6
1633937088.256 47 30 26 17 12 14 6
1633937088.490 47 32 27 17 11 15 7
1633937088.743 47 33 25 16 12 13 6
1633937088.992 47 32 27 17 12 15 5
1633937089.239 50 32 27 17 12 16 6
1633937089.492 46 33 26 16 12 14 9
1633937089.743 47 34 27 15 13 13 8
1633937089.990 49 33 27 18 11 14 7
1633937090.241 46 33 27 14 12 14 6
1633937090.489 47 33 26 17 11 14 5
1633937090.742 48 32 26 15 13 15 8
1633937090.989 46 34 26 16 13 13 6
1633937091.244 46 31 30 18 13 12 8
1633937091.491 49 32 28 17 14 14 6
1633937091.740 48 35 28 17 12 12 6
1633937091.990 48 33 26 18 11 14 8
1633937092.243 48 33 26 17 10 12 6
1633937092.491 47 32 26 18 13 12 5
1633937092.741 47 35 25 17 13 13 7
1633937092.992 46 32 26 17 13 13 6
1633937093.240 48 32 27 16 12 13 6
1633937093.491 47 36 26 16 13 12 6
1633937093.741 47 31 27 17 16 14 5
1633937093.991 47 33 26 16 14 14 6
1633937094.241 48 35 25 16 11 13 8
1633937094.490 48 35 28 17 13 14 6
1633937094.742 46 33 26 19 12 12 6
1633937094.990 48 32 25 16 14 13 6
1633937095.241 47 32 28 16 14 12 6
1633937095.491 50 32 28 16 14 13 6
1633937095.743 50 37 28 16 13 10 8
1633937095.992 46 33 26 17 12 14 8
1633937096.240 49 35 26 15 13 12 7
1633937096.490 46 35 27 17 11 12 6
1633937096.741 46 32 27 16 12 12 7
1633937096.990 48 32 26 17 12 13 6
1633937097.243 45 32 27 15 15 13 6
1633937097.491 47 31 26 16 11 13 6
1633937097.741 47 33 26 17 11 13 7
1633937097.992 49 33 24 19 14 14 7
1633937098.241 47 33 28 17 12 14 8
1633937098.491 48 32 26 19 12 14 10
1633937098.740 47 32 28 16 10 11 7
1633937098.992 49 35 27 18 11 13 7
1633937099.243 46 33 27 17 12 14 9
1633937099.493 48 33 26 15 11 14 6
1633937099.741 46 32 27 17 12 12 8
1633937099.989 47 34 26 15 13 14 5
1633937100.242 46 31 25 16 12 11 6
1633937100.491 45 33 26 17 13 11 9
1633937100.740 47 33 25 18 14 13 7
1633937100.991 49 33 29 19 13 12 5
1633937101.246 46 31 27 15 13 13 6
1633937101.490 46 33 31 16 13 14 7
1633937101.740 48 33 28 17 13 12 7
1633937101.995 49 32 26 16 10 13 5
1633937102.241 48 33 25 16 12 16 7
1633937102.494 47 33 26 17 14 15 6
1633937102.740 49 33 25 18 13 15 7
1633937102.991 48 32 25 17 14 14 5
1633937103.242 47 31 27 18 12 15 7
1633937103.491 50 32 26 21 14 12 5
1633937103.742 47 34 24 17 16 13 6
1633937103.990 46 32 25 16 12 13 5
1633937104.241 48 34 29 17 11 15 8
1633937104.498 46 35 25 17 11 12 4
1633937104.740 48 33 27 18 13 12 5
1633937104.998 49 34 28 17 13 10 9
1633937105.240 47 33 24 15 13 13 6
1633937105.494 49 34 26 16 14 12 8
1633937105.762 47 31 26 18 14 14 6
1633937105.991 49 35 25 17 13 15 8
1633937106.243 48 33 27 17 12 14 7
1633937106.493 51 35 26 17 13 15 10
1633937106.741 48 35 25 18 13 13 8
1633937106.991 48 34 27 17 14 14 10
1633937107.241 46 31 27 18 13 14 8
1633937107.491 47 34 25 16 13 16 7
1633937107.742 48 33 25 18 13 14 6
1633937107.990 47 34 26 16 14 15 6
1633937108.250 50 31 28 17 11 14 7
1633937108.492 46 33 26 16 12 16 8
1633937108.741 48 32 25 18 12 14 7
1633937108.992 44 33 27 17 12 14 6
1633937109.241 47 35 26 16 12 14 6
1633937109.490 48 31 27 17 11 14 6
1633937109.744 47 33 25 17 11 15 5
1633937109.991 46 33 26 17 11 13 6
1633937110.241 48 33 28 16 14 14 6
1633937110.497 47 31 25 18 12 13 7
1633937110.741 48 33 26 16 12 15 5
1633937110.996 47 32 25 18 15 15 7
1633937111.250 46 33 26 17 12 16 7
1633937111.493 47 31 26 18 13 12 4
1633937111.740 47 33 26 17 12 12 6
1633937111.992 47 32 28 16 14 14 6
1633937112.240 48 34 26 17 12 16 6
1633937112.490 48 32 24 19 13 15 8
1633937112.746 47 32 26 17 14 14 6
1633937112.993 47 34 26 17 13 12 6
1633937113.242 48 34 27 19 12 15 8
1633937113.498 48 32 27 17 13 13 7
1633937113.741 47 33 25 17 12 14 4
1633937113.994 46 32 26 16 12 13 6
1633937114.243 47 33 27 14 10 12 7
1633937114.492 47 31 25 16 14 15 10
1633937114.741 46 33 26 16 12 13 5
1633937115.001 48 35 25 19 13 12 9
1633937115.241 47 32 25 16 12 14 9
1633937115.492 47 33 27 17 13 13 6
1633937115.745 46 34 26 16 14 14 9
1633937115.992 48 33 26 15 15 12 7
1633937116.246 48 32 28 16 13 14 6
1633937116.493 49 34 28 19 13 13 7
1633937116.742 47 34 26 16 13 13 6
1633937116.992 49 32 26 17 14 12 6
1633937117.241 48 33 29 17 11 14 6
1633937117.492 46 34 28 18 13 15 6
1633937117.742 46 32 27 16 14 16 6
1633937117.991 48 33 26 16 13 15 6
1633937118.243 48 33 26 17 12 12 5
1633937118.491 47 32 26 17 10 13 6
1633937118.741 48 32 28 15 12 13 6
1633937118.991 49 34 25 16 11 14 5
1633937119.243 49 32 27 18 11 13 7
1633937119.492 48 33 25 15 12 14 6
1633937119.742 48 34 26 18 12 15 9
1633937119.992 47 33 26 18 13 13 7
1633937120.244 46 33 27 15 13 13 7
1633937120.491 47 32 27 15 12 14 6
1633937120.747 48 32 25 16 12 13 5
1633937120.994 47 34 26 18 11 16 5
1633937121.245 48 31 27 17 12 9 7
1633937121.505 49 32 26 17 14 13 6
1633937121.744 48 31 27 15 14 15 6
1633937121.994 46 33 25 17 14 12 5
1633937122.246 47 31 27 15 12 12 8
1633937122.491 50 36 26 18 12 13 5
1633937122.742 47 35 27 17 12 15 7
1633937123.001 49 34 27 16 13 13 6
1633937123.242 47 33 28 16 11 13 6
1633937123.492 48 33 29 17 12 14 5
1633937123.743 50 33 27 17 11 14 8
1633937123.992 46 31 26 15 12 15 7
1633937124.252 46 32 24 16 13 14 6
1633937124.492 46 34 28 16 11 15 7
1633937124.741 48 33 28 18 12 14 9
1633937124.996 46 34 27 17 14 13 7
1633937125.242 48 33 26 17 13 10 8
1633937125.493 46 31 26 17 12 12 8
1633937125.745 49 34 25 18 12 15 6
1633937125.993 48 33 26 15 12 12 7
1633937126.247 47 32 26 16 11 12 6
1633937126.493 52 32 28 16 13 13 6
1633937126.744 46 32 26 19 13 13 6
1633937126.995 47 32 26 16 13 17 7
1633937127.251 46 32 25 20 12 14 7
1633937127.494 49 33 27 17 12 14 6
1633937127.742 45 33 26 18 14 12 7
1633937127.994 47 33 27 15 14 12 7
1633937128.245 46 32 27 15 13 14 9
1633937128.492 47 33 25 16 13 12 6
1633937128.751 47 33 27 15 11 14 5
1633937128.992 47 33 26 17 12 12 6
1633937129.242 49 32 26 17 12 12 5
1633937129.499 46 32 26 17 14 16 6
1633937129.742 47 34 25 17 13 12 5
1633937129.994 50 34 26 15 12 13 6
1633937130.245 51 34 28 16 12 12 7
1633937130.493 47 34 26 17 13 14 5
1633937130.742 48 33 27 16 11 14 6
1633937130.993 47 33 26 15 12 14 7
1633937131.243 47 32 25 16 12 14 5
1633937131.492 47 32 26 17 11 14 6
1633937131.744 47 35 27 15 14 12 5
1633937131.992 47 32 29 16 11 13 6
1633937132.243 49 31 27 15 11 11 8
1633937132.493 48 33 28 16 11 15 6
1633937132.742 46 33 27 17 13 14 6
1633937132.997 48 32 27 18 13 13 8
1633937133.243 47 32 27 16 12 15 9
1633937133.493 49 33 26 18 12 13 6
1633937133.743 47 31 27 18 13 12 6
1633937133.992 47 33 26 18 14 14 8
1633937134.246 47 30 25 17 11 13 7
1633937134.494 46 33 27 16 12 12 7
1633937134.742 46 32 25 18 13 16 8
1633937134.993 47 31 26 16 11 14 6
1633937135.244 47 32 26 20 11 14 6
1633937135.494 47 32 26 16 15 13 5
1633937135.742 49 34 25 15 13 15 5
1633937135.996 48 34 27 17 14 15 7
1633937136.244 47 34 28 17 12 15 8
1633937136.495 47 32 27 17 11 15 6
1633937136.742 49 32 28 17 13 16 7
1633937136.996 48 33 24 17 12 12 6
1633937137.243 48 34 25 17 12 15 5
1633937137.493 45 32 25 16 12 14 8
1633937137.743 47 34 27 17 11 14 7
1633937137.992 47 32 26 16 12 14 8
1633937138.244 49 30 25 17 12 15 6
1633937138.492 47 33 26 16 14 14 7
1633937138.743 47 34 25 17 11 14 7
1633937138.994 47 32 26 17 11 13 7
1633937139.243 48 34 26 15 11 13 7
1633937139.495 45 34 25 18 12 15 7
1633937139.743 47 34 28 17 13 14 6
1633937139.993 49 35 27 17 14 13 6
1633937140.244 47 34 29 16 12 16 6
1633937140.492 47 32 25 16 12 14 7
1633937140.743 46 33 28 16 11 14 7
1633937140.992 46 33 25 17 13 13 6
1633937141.243 46 34 28 17 10 13 5
1633937141.492 46 32 25 16 11 14 5
1633937141.744 48 32 26 16 14 12 6
1633937141.994 49 31 27 15 11 14 6
1633937142.243 48 31 25 17 12 14 6
1633937142.512 46 31 27 15 15 14 8
1633937142.743 48 31 25 15 12 15 5
1633937142.997 49 33 26 17 12 13 6
1633937143.243 47 32 27 16 11 13 6
1633937143.492 48 32 25 16 12 14 5
1633937143.754 47 31 26 17 11 14 5
1633937143.994 48 33 25 17 12 13 7
1633937144.245 46 32 26 14 10 12 5
1633937144.495 47 32 25 16 13 14 8
1633937144.744 48 33 24 16 12 12 6
1633937144.996 47 32 25 16 12 14 7
1633937145.243 50 34 26 15 12 16 5
1633937145.499 46 34 24 16 11 16 7
1633937145.748 47 33 25 15 12 15 6
1633937145.996 47 33 26 16 13 16 7
1633937146.253 48 33 27 16 12 15 6
1633937146.496 50 34 27 17 13 17 6
1633937146.743 46 31 26 17 12 13 6
1633937146.998 46 33 26 17 10 15 6
1633937147.243 49 32 26 18 13 13 6
1633937147.495 48 31 27 18 12 13 6
1633937147.745 48 31 26 17 13 14 6
1633937147.992 47 32 26 16 12 14 7
1633937148.243 48 33 28 15 10 14 7
1633937148.502 47 32 27 16 13 13 8
1633937148.743 46 32 25 16 13 13 5
1633937148.997 49 34 29 16 12 14 7
1633937149.249 47 31 25 16 10 12 8
1633937149.495 48 31 26 15 13 14 8
1633937149.746 46 34 26 16 11 13 9
1633937149.992 47 32 27 16 12 16 9
1633937150.244 46 34 24 17 11 14 8
1633937150.497 48 32 25 17 13 14 5
1633937150.744 47 32 26 16 11 15 7
1633937151.003 49 34 27 16 13 16 7
1633937151.244 47 32 25 16 13 14 6
1633937151.494 48 32 26 16 12 15 5
1633937151.745 49 35 26 16 12 14 7
1633937151.993 47 33 27 17 12 15 5
1633937152.244 48 32 26 17 14 15 6
1633937152.495 49 33 26 18 12 13 7
1633937152.748 47 33 25 17 11 14 7
1633937152.997 44 32 26 17 11 13 7
1633937153.243 47 32 26 15 12 13 6
1633937153.494 47 34 25 15 10 15 7
1633937153.742 44 32 25 16 14 16 5
1633937153.994 47 32 26 16 12 14 6
1633937154.243 47 34 28 18 14 13 8
1633937154.493 48 34 26 18 15 16 9
1633937154.746 47 33 27 16 12 14 8
1633937154.994 47 34 25 15 13 12 7
1633937155.245 50 33 25 17 13 15 6
1633937155.494 47 34 24 16 12 14 7
1633937155.744 49 36 25 17 11 14 7
1633937155.994 47 34 25 16 14 15 7
1633937156.246 45 33 26 16 13 13 6
1633937156.493 46 32 25 16 12 14 7
1633937156.743 47 31 26 17 11 16 6
1633937156.993 48 30 25 14 12 12 6
1633937157.243 46 34 27 16 13 15 5
1633937157.493 47 34 27 16 13 12 8
1633937157.743 48 34 25 14 14 16 7
1633937157.993 48 32 27 15 14 12 5
1633937158.244 48 33 25 15 12 13 6
1633937158.494 48 33 26 15 13 13 6
1633937158.747 47 32 29 15 13 13 7
1633937158.993 47 32 25 15 12 12 9
1633937159.243 47 33 25 16 12 13 7
1633937159.498 46 34 25 16 12 14 6
1633937159.743 46 32 29 17 14 14 8
1633937159.993 47 32 26 15 12 13 6
1633937160.245 47 31 24 15 11 14 8
1633937160.493 46 33 26 15 12 14 9
1633937160.743 45 33 27 15 15 13 7
1633937160.995 47 32 26 18 14 14 7
1633937161.245 47 33 24 17 14 14 6
1633937161.494 48 32 26 18 10 13 7
1633937161.745 47 32 26 17 14 13 6
1633937162.001 48 34 23 17 11 14 7
1633937162.245 47 33 25 16 12 14 6
1633937162.501 46 33 25 19 12 13 6
1633937162.751 48 32 27 17 13 15 6
1633937162.994 47 31 25 17 12 14 8
1633937163.245 48 32 28 16 11 16 4
1633937163.499 48 33 25 17 12 13 5
1633937163.744 47 33 28 17 13 15 5
1633937163.995 46 31 26 16 13 14 7
1633937164.246 47 31 27 16 15 14 5
1633937164.494 45 31 27 17 12 16 7
1633937164.749 47 35 26 16 13 11 6
1633937164.993 47 31 25 17 14 15 6
1633937165.244 47 30 25 18 12 13 5
1633937165.497 48 31 26 17 10 13 8
1633937165.757 45 32 25 17 13 15 7
1633937165.998 48 34 27 16 12 15 8
1633937166.246 49 32 26 18 13 13 6
1633937166.495 47 32 26 17 11 13 7
1633937166.757 47 32 25 17 12 14 7
1633937167.005 47 31 25 17 14 12 6
1633937167.243 46 32 26 19 13 13 7
1633937167.494 48 33 26 16 12 13 8
1633937167.745 46 31 26 17 12 12 4
1633937167.994 49 32 26 15 12 18 7
1633937168.245 49 32 26 16 12 15 6
1633937168.496 47 32 27 17 12 13 8
1633937168.744 48 31 27 17 14 13 8
1633937168.995 46 31 25 17 11 12 7
1633937169.244 48 32 25 16 13 14 7
1633937169.495 48 32 25 19 11 15 7
1633937169.745 48 32 24 15 13 17 8
1633937169.997 45 31 25 16 12 14 7
1633937170.245 47 32 26 19 14 14 5
1633937170.493 48 33 26 16 12 11 6
1633937170.745 47 35 25 17 12 14 6
1633937170.995 46 35 26 15 12 13 9
1633937171.244 46 33 26 18 11 14 5
1633937171.497 48 31 25 18 14 16 6
1633937171.744 46 33 26 18 12 14 6
1633937171.995 48 32 24 16 13 14 6
1633937172.247 48 32 24 18 12 13 7
1633937172.494 46 32 25 16 13 16 7
1633937172.745 48 34 28 17 13 13 6
1633937172.995 47 32 25 16 11 16 6
1633937173.247 48 34 25 17 11 14 7
1633937173.496 46 33 26 17 12 14 5
1633937173.745 47 32 25 16 13 14 9
1633937173.995 47 32 27 17 15 13 6
1633937174.246 46 31 26 18 13 14 6
1633937174.495 47 31 27 17 14 15 5
1633937174.745 46 33 26 17 13 13 6
1633937174.998 48 30 26 18 15 15 7
1633937175.245 47 33 26 16 13 13 6
1633937175.495 46 31 25 18 13 15 6
1633937175.745 47 32 23 18 12 13 6
1633937175.995 48 30 25 16 11 16 7
1633937176.247 48 32 26 16 13 17 6
1633937176.495 47 32 26 19 13 14 7
1633937176.746 46 32 27 16 15 15 8
1633937176.994 48 31 26 16 12 14 8
1633937177.245 46 33 25 17 12 15 7
1633937177.496 46 32 27 16 12 15 8
1633937177.747 47 33 26 16 13 14 6
1633937177.995 47 33 27 19 13 13 7
1633937178.245 47 32 27 18 11 13 7
1633937178.494 49 32 27 15 12 15 7
1633937178.748 48 30 25 15 13 14 8
1633937178.995 46 31 25 16 11 13 8
1633937179.246 47 33 25 17 14 12 7
1633937179.496 48 32 26 18 12 12 6
1633937179.745 46 33 25 17 12 13 8
1633937179.994 47 33 26 17 14 12 5
1633937180.245 48 32 27 16 13 12 8
1633937180.497 48 31 27 16 13 13 5
1633937180.751 48 32 26 18 11 13 7
1633937180.994 45 30 27 18 14 11 5
1633937181.250 47 34 26 18 10 11 5
1633937181.496 46 32 27 17 12 12 8
1633937181.749 48 30 29 17 14 12 8
1633937181.996 47 34 25 18 13 13 7
1633937182.245 50 31 25 17 12 13 5
1633937182.496 48 32 25 16 13 14 7
1633937182.750 47 33 25 17 13 15 5
1633937182.995 48 32 25 17 11 14 7
1633937183.246 50 32 30 15 15 15 7
1633937183.495 46 31 27 17 11 14 7
1633937183.754 46 33 26 14 12 12 7
1633937183.995 48 33 25 17 12 12 8
1633937184.246 47 34 27 18 11 13 5
1633937184.497 46 34 26 17 12 14 7
1633937184.745 48 31 27 16 12 14 7
1633937184.996 47 32 25 18 14 15 6
1633937185.246 47 33 25 17 11 17 7
1633937185.496 46 31 25 17 12 14 7
1633937185.748 46 34 26 17 11 14 5
1633937185.999 51 32 26 16 12 14 8
1633937186.264 47 31 26 17 15 13 9
1633937186.499 48 34 28 18 12 13 6
1633937186.745 49 32 26 16 13 16 5
1633937186.998 48 32 29 15 15 13 7
1633937187.246 50 33 26 17 12 13 8
1633937187.497 45 32 28 18 15 12 7
1633937187.746 49 31 28 17 13 14 8
1633937187.997 46 32 24 16 13 13 5
1633937188.248 48 32 27 15 12 14 6
1633937188.494 50 33 27 16 12 17 6
1633937188.751 46 32 26 17 13 13 4
1633937188.995 48 33 26 16 14 12 6
1633937189.246 47 32 26 17 13 14 5
1633937189.496 47 32 26 17 13 12 7
1633937189.746 50 32 28 17 14 14 6
1633937189.999 47 34 26 16 13 14 6
1633937190.248 46 34 26 17 10 14 4
1633937190.496 48 32 26 17 13 15 5
1633937190.746 47 31 25 17 12 15 5
1633937191.001 46 34 26 16 10 13 8
1633937191.247 49 32 26 16 12 13 7
1633937191.496 47 34 28 15 13 14 5
1633937191.748 47 32 25 17 11 12 7
1633937191.997 46 31 26 16 14 13 6
1633937192.252 48 33 26 17 13 15 7
1633937192.496 47 33 25 16 13 15 6
1633937192.745 46 33 29 17 12 13 7
1633937192.997 45 32 25 16 13 13 6
1633937193.246 46 32 26 17 11 15 5
1633937193.495 46 31 26 17 13 15 7
1633937193.745 46 31 28 17 11 15 5
1633937193.996 47 31 26 18 13 14 6
1633937194.245 48 34 26 17 12 13 6
1633937194.497 48 31 27 18 12 12 6
1633937194.749 50 31 26 16 11 12 5
1633937194.995 46 33 26 15 11 14 6
1633937195.245 46 33 25 18 13 14 8
1633937195.497 49 33 26 16 15 14 6
1633937195.747 49 33 27 18 14 13 5
1633937195.999 49 34 26 17 12 13 6
1633937196.247 46 31 27 17 12 13 6
1633937196.496 48 33 26 15 11 14 5
1633937196.745 47 30 27 16 12 15 4
1633937196.998 49 35 28 17 11 14 6
1633937197.247 47 33 26 17 12 14 6
1633937197.497 48 30 29 15 11 14 7
1633937197.748 48 32 28 16 13 17 6
1633937197.995 48 30 28 17 12 13 5
1633937198.247 50 33 26 17 14 13 7
1633937198.496 49 33 27 17 13 13 7
1633937198.747 46 33 26 15 12 13 6
1633937198.997 47 34 25 18 12 14 6
1633937199.246 47 33 26 16 12 14 5
1633937199.497 50 32 25 17 12 15 6
1633937199.750 49 33 26 17 14 14 6
1633937199.997 46 31 27 16 12 14 9
1633937200.250 46 33 26 16 11 14 6
1633937200.498 48 32 27 16 15 13 6
1633937200.746 50 33 25 17 13 13 5
1633937200.996 47 31 26 17 11 14 5
1633937201.245 48 32 25 18 11 14 6
1633937201.497 50 33 25 16 15 15 5
1633937201.751 48 35 24 17 13 14 9
1633937201.996 47 32 26 16 15 15 9
1633937202.245 47 32 27 19 13 15 8
1633937202.499 49 35 25 16 14 15 7
1633937202.746 47 33 27 16 11 15 7
1633937202.997 45 34 25 17 12 13 6
1633937203.246 48 32 28 17 14 13 6
1633937203.504 47 32 25 16 13 12 4
1633937203.747 49 33 25 16 13 13 5
1633937203.996 48 32 27 16 12 13 5
1633937204.247 46 31 26 16 13 11 5
1633937204.497 46 30 27 19 12 11 5
1633937204.747 46 32 27 18 12 12 5
1633937204.997 46 31 26 20 11 12 7
1633937205.252 48 33 28 16 14 13 7
1633937205.495 49 34 26 19 10 13 5
1633937205.746 47 33 25 17 14 13 8
1633937205.997 48 32 26 16 11 13 7
1633937206.251 46 34 27 15 13 12 6
1633937206.501 45 31 27 17 12 14 8
1633937206.748 48 32 27 17 13 16 6
1633937206.996 49 32 27 16 12 12 5
1633937207.248 46 32 26 18 13 13 6
1633937207.501 47 32 26 16 11 12 8
1633937207.746 48 34 26 17 12 14 6
1633937207.998 45 32 28 16 12 14 5
1633937208.246 48 33 27 18 14 14 5
1633937208.496 48 31 28 17 13 13 6
1633937208.756 46 31 26 18 14 13 7
1633937208.997 48 34 26 18 12 14 4
1633937209.247 48 29 26 16 12 12 6
1633937209.498 47 31 28 18 12 13 5
1633937209.746 45 30 27 19 13 13 7
1633937209.997 49 31 25 16 12 15 5
1633937210.248 48 33 27 16 11 13 6
1633937210.497 48 32 26 16 13 15 6
1633937210.749 47 31 28 17 13 14 7
1633937210.998 49 33 26 17 12 13 7
1633937211.246 50 34 24 17 14 15 6
1633937211.498 49 33 25 18 13 14 8
1633937211.747 49 33 28 17 15 14 8
1633937211.998 47 30 25 17 12 16 6
1633937212.249 48 32 29 16 13 13 6
1633937212.499 48 34 25 18 12 14 6
1633937212.746 47 31 26 17 14 12 3
1633937212.999 47 35 26 17 14 14 7
1633937213.247 48 33 26 18 14 13 7
1633937213.499 50 32 25 17 14 17 6
1633937213.747 47 33 26 17 12 12 6
1633937213.997 48 32 25 18 12 12 6
1633937214.247 49 31 26 18 12 15 5
1633937214.496 50 33 27 15 13 13 9
1633937214.747 47 32 26 16 12 15 6
1633937215.005 46 33 26 17 15 15 6
1633937215.246 45 32 27 17 11 12 4
1633937215.499 48 33 25 16 14 14 5
1633937215.759 49 34 26 17 16 13 10
1633937215.998 49 34 26 18 11 13 5
1633937216.253 48 33 28 19 13 12 6
1633937216.496 48 32 24 18 14 17 6
1633937216.746 48 33 24 18 13 13 7
1633937216.999 47 33 26 17 11 15 5
1633937217.246 48 31 28 17 13 14 6
1633937217.497 45 34 27 16 14 13 9
1633937217.748 47 32 27 16 16 12 6
1633937217.996 48 32 25 15 12 13 5
1633937218.247 48 33 28 17 14 13 7
1633937218.497 49 33 26 17 15 12 7
1633937218.747 47 34 26 16 11 15 5
1633937218.996 46 32 25 17 13 13 7
1633937219.258 46 31 26 18 13 13 7
1633937219.498 47 32 27 16 11 14 9
1633937219.750 47 34 27 17 12 15 5
1633937219.999 49 34 26 16 12 13 6
1633937220.248 48 33 26 18 11 13 7
1633937220.506 48 32 26 17 12 15 8
1633937220.749 48 33 27 15 13 13 6
1633937220.996 47 34 26 17 13 12 6
1633937221.248 46 32 27 15 13 12 6
1633937221.497 48 31 26 16 11 12 6
1633937221.748 46 33 27 17 12 13 5
1633937221.998 46 31 25 15 14 13 6
1633937222.254 46 33 26 18 12 12 7
1633937222.497 48 33 26 16 15 14 7
1633937222.753 46 32 28 16 12 13 7
1633937223.001 49 33 27 16 13 16 8
1633937223.247 49 33 27 16 13 17 8
1633937223.497 47 32 26 16 11 14 6
1633937223.749 48 34 27 18 12 15 6
1633937224.005 50 33 26 18 12 15 7
1633937224.256 48 34 25 17 14 15 7
1633937224.498 47 30 26 17 12 16 8
1633937224.752 49 32 27 17 13 12 7
1633937225.010 47 34 26 17 11 12 7
1633937225.255 48 34 26 16 15 13 7
1633937225.501 48 34 26 16 14 14 9
1633937225.747 48 34 27 17 12 14 5
1633937226.003 51 34 26 15 12 12 8
1633937226.251 48 34 26 16 12 16 9
1633937226.497 48 32 26 17 12 15 5
1633937226.752 46 32 26 16 13 11 6
1633937226.999 47 34 25 19 12 13 8
1633937227.249 47 34 25 20 14 14 5
1633937227.499 48 32 27 18 13 12 5
1633937227.748 48 31 27 17 14 13 6
1633937228.000 47 31 25 17 12 12 5
1633937228.248 48 33 27 17 13 11 6
1633937228.498 49 34 25 16 11 15 11
1633937228.750 47 32 26 16 11 12 6
1633937229.002 48 34 26 18 14 12 8
1633937229.248 47 34 26 18 15 14 8
1633937229.502 47 34 27 16 11 14 8
1633937229.749 48 32 26 18 11 15 6
1633937230.006 46 34 27 16 12 16 6
1633937230.249 46 32 25 18 12 15 5
1633937230.503 47 35 27 17 15 15 8
1633937230.751 47 31 27 16 12 13 7
1633937230.999 46 32 26 19 13 14 6
1633937231.253 47 33 27 18 13 15 6
1633937231.500 46 32 28 18 14 14 8
1633937231.748 48 34 26 19 12 14 7
1633937231.999 46 32 28 16 13 12 7
1633937232.247 47 35 25 18 12 13 6
1633937232.498 49 35 27 16 13 13 7
1633937232.752 46 32 27 17 15 15 5
1633937232.997 47 33 26 16 14 14 6
1633937233.252 47 32 28 17 13 14 8
1633937233.498 47 33 27 17 13 14 5
1633937233.749 46 32 25 16 15 13 8
1633937234.004 46 34 27 18 13 13 7
1633937234.251 49 34 28 19 16 12 8
1633937234.497 45 32 25 16 14 14 8
1633937234.753 46 33 25 18 13 12 9
1633937235.001 47 32 27 17 13 14 7
1633937235.249 47 31 27 16 12 12 6
1633937235.498 47 31 27 16 15 15 8
1633937235.748 49 31 25 15 13 12 7
1633937236.002 46 32 26 17 14 14 4
1633937236.248 46 32 25 18 15 13 6
1633937236.498 48 33 26 17 13 16 5
1633937236.750 49 32 26 16 14 12 7
1633937236.998 48 32 27 17 13 11 8
1633937237.252 48 33 28 18 15 13 7
1633937237.498 48 33 27 16 13 12 7
1633937237.748 46 33 26 17 14 13 8
1633937237.999 49 34 25 17 14 13 6
1633937238.248 46 31 26 19 14 13 8
1633937238.500 47 35 26 18 11 14 6
1633937238.749 49 33 26 17 14 12 9
1633937239.001 46 32 25 16 15 13 7
1633937239.251 48 34 27 16 12 13 6
1633937239.499 47 32 26 17 14 14 7
1633937239.749 47 33 25 16 12 14 6
1633937239.998 48 33 25 17 14 13 7
1633937240.250 47 33 26 16 14 13 7
1633937240.499 47 33 28 17 14 17 6
1633937240.749 50 31 27 17 12 17 7
1633937241.002 48 36 26 18 11 12 7
1633937241.248 48 32 26 17 12 13 6
1633937241.501 48 34 28 16 11 14 7
1633937241.748 48 33 25 18 12 16 8
1633937241.999 48 34 26 17 14 15 5
1633937242.252 49 34 27 17 13 14 5
1633937242.499 49 32 26 15 11 15 8
1633937242.748 47 32 27 16 12 13 6
1633937242.999 47 31 27 15 13 16 6
1633937243.249 46 32 27 17 13 14 7
1633937243.500 48 35 26 19 12 14 6
1633937243.752 47 32 28 17 13 15 7
1633937243.998 48 31 28 16 11 15 6
1633937244.249 47 32 26 16 13 13 5
1633937244.500 48 31 26 16 11 12 6
1633937244.749 47 33 27 18 12 13 7
1633937244.999 47 32 27 20 13 13 6
1633937245.253 45 32 26 17 12 14 7
1633937245.500 47 31 25 16 13 14 6
1633937245.748 47 32 26 17 14 14 6
1633937245.999 46 32 26 16 11 16 7
1633937246.248 47 34 26 18 14 13 6
1633937246.498 46 33 25 17 13 13 6
1633937246.754 48 32 24 17 12 14 7
1633937246.999 48 33 28 16 15 12 6
1633937247.255 47 33 26 16 12 13 5
1633937247.502 47 33 26 17 14 14 7
1633937247.748 48 33 25 17 13 13 6
1633937248.002 46 33 26 16 13 15 5
1633937248.249 46 33 24 16 14 13 8
1633937248.501 46 33 26 17 12 12 8
1633937248.752 48 33 25 16 14 14 6
1633937248.999 47 31 27 16 13 13 6
1633937249.253 46 31 25 16 10 14 7
1633937249.500 47 34 26 16 13 13 8
1633937249.750 46 34 25 17 11 12 5
1633937250.001 47 32 25 17 13 12 8
1633937250.248 49 33 25 18 12 12 6
1633937250.505 49 32 24 18 12 14 7
1633937250.752 46 34 26 16 12 13 6
1633937251.000 49 29 25 16 13 16 6
1633937251.254 46 32 27 17 10 14 7
1633937251.499 45 34 28 17 14 13 6
1633937251.753 49 33 26 18 12 14 8
1633937252.003 47 34 28 16 11 14 6
1633937252.248 48 32 27 16 12 14 8
1633937252.501 46 32 25 17 12 17 6
1633937252.749 49 35 26 17 11 14 8
1633937252.999 48 32 25 15 14 14 6
1633937253.249 47 30 26 16 17 15 9
1633937253.500 45 32 26 18 14 15 6
1633937253.748 47 31 26 17 11 15 7
1633937254.001 47 34 26 16 12 14 4
1633937254.253 48 33 25 19 14 14 6
1633937254.498 48 32 27 18 12 14 7
1633937254.751 50 34 26 15 13 14 8
1633937255.003 48 33 26 16 14 12 7
1633937255.249 51 34 25 19 14 16 7
1633937255.502 48 32 26 17 13 15 6
1633937255.753 48 34 27 17 14 15 10
1633937255.999 47 32 27 17 13 14 8
1633937256.249 49 31 26 18 14 14 6
1633937256.499 47 33 25 16 12 12 7
1633937256.749 49 33 25 19 12 15 6
1633937257.003 47 33 26 18 13 14 6
1633937257.249 47 32 26 21 12 15 6
1633937257.499 48 34 25 16 11 12 7
1633937257.751 48 32 27 17 13 12 6
1633937257.999 48 32 27 17 14 13 4
1633937258.250 47 34 27 18 14 15 7
1633937258.500 48 32 26 17 13 14 7
1633937258.752 46 30 26 16 11 17 8
1633937258.999 47 32 25 17 12 13 5
1633937259.250 48 33 26 17 14 15 7
1633937259.501 47 33 25 16 13 14 9
1633937259.752 49 33 26 19 13 14 6
1633937259.999 47 32 27 15 12 12 6
1633937260.249 48 32 26 16 13 14 8
1633937260.499 48 31 26 15 12 12 6
1633937260.750 48 34 26 18 13 13 7
1633937261.002 47 33 26 14 12 13 5
1633937261.250 46 32 25 17 14 12 6
1633937261.500 47 33 26 19 15 16 6
1633937261.751 48 32 25 15 10 13 7
1633937262.001 46 33 26 17 13 14 8
1633937262.251 47 30 25 18 13 13 7
1633937262.499 46 32 26 17 14 12 8
1633937262.750 49 31 25 17 12 13 6
1633937263.002 46 33 27 20 12 14 5
1633937263.253 50 31 25 16 14 15 8
1633937263.499 47 32 27 16 11 13 6
1633937263.752 46 33 25 17 13 12 5
1633937263.999 48 34 28 16 11 14 5
1633937264.249 48 32 25 17 13 14 6
1633937264.505 47 32 28 16 12 13 7
1633937264.751 48 31 26 16 13 15 6
1633937265.000 45 31 27 15 11 16 6
1633937265.252 50 33 28 18 11 15 6
1633937265.499 45 31 26 16 12 14 5
1633937265.750 48 33 26 17 14 12 3
1633937266.000 46 33 27 16 11 14 6
1633937266.251 49 31 26 19 13 14 6
1633937266.500 48 33 25 15 14 14 6
1633937266.756 48 32 25 17 12 14 7
1633937267.002 47 31 27 19 12 14 6
1633937267.250 48 32 24 19 13 10 5
1633937267.501 47 33 25 15 13 14 6
1633937267.750 46 32 25 19 14 13 6
1633937268.002 46 33 26 16 12 14 6
1633937268.251 45 32 26 16 10 10 7
1633937268.503 48 31 25 16 11 12 6
1633937268.752 46 31 26 17 12 13 6
1633937269.001 47 34 25 15 14 13 6
1633937269.252 46 31 25 17 15 11 7
1633937269.506 48 32 25 16 14 14 5
1633937269.751 50 35 25 18 12 12 5
1633937270.007 47 33 27 17 13 12 8
1633937270.249 47 34 26 16 13 13 6
1633937270.501 50 31 25 17 14 12 6
1633937270.754 47 31 28 18 13 15 8
1633937271.002 47 34 26 16 13 14 5
1633937271.252 47 33 26 16 12 11 6
1633937271.500 47 33 26 16 13 13 7
1633937271.750 49 34 27 17 14 13 6
1633937272.005 50 30 27 16 12 16 6
1633937272.251 46 31 24 17 13 15 5
1633937272.503 47 31 25 17 12 14 6
1633937272.751 47 33 26 18 11 14 8
1633937273.001 48 34 25 16 14 12 6
1633937273.252 47 32 27 16 14 13 7
1633937273.502 48 33 26 18 13 13 10
1633937273.752 48 32 26 17 12 14 5
1633937274.000 45 32 27 15 13 14 7
1633937274.251 50 32 26 17 14 14 7
1633937274.501 49 32 27 16 12 13 6
1633937274.750 48 33 26 20 13 13 7
1633937275.001 50 34 26 17 12 15 7
1633937275.251 47 34 26 16 13 15 5
1633937275.500 47 32 26 17 13 15 7
1633937275.751 48 31 26 17 13 15 5
1633937276.002 48 32 27 19 16 14 7
1633937276.251 46 32 27 18 14 16 7
1633937276.501 46 31 25 16 15 12 6
1633937276.752 48 34 25 17 12 15 6
1633937277.001 49 33 27 15 14 14 7
1633937277.251 48 32 26 16 12 15 7
1633937277.505 49 33 25 16 14 15 8
1633937277.750 48 31 26 17 12 14 8
1633937278.004 48 33 26 16 13 15 8
1633937278.251 47 31 27 16 13 13 9
1633937278.500 47 32 27 17 12 12 6
1633937278.751 48 31 26 15 13 12 5
1633937279.002 48 30 26 16 14 13 6
1633937279.256 49 31 25 16 11 12 5
1633937279.501 46 32 24 17 11 12 5
1633937279.751 49 31 25 18 12 12 6
1633937280.001 47 33 28 16 13 12 7
1633937280.252 46 34 26 17 13 13 6
1633937280.501 48 31 25 17 11 14 6
1633937280.750 48 34 26 17 11 13 7
1633937281.001 46 32 26 16 13 13 9
1633937281.251 47 33 27 17 13 14 8
1633937281.502 48 32 26 16 10 13 7
1633937281.751 48 34 26 18 13 13 5
1633937282.002 47 32 25 16 16 17 7
1633937282.250 45 31 24 16 12 13 8
1633937282.500 48 33 26 16 15 13 6
1633937282.752 47 32 27 18 13 12 6
1633937283.004 46 33 25 16 13 13 5
1633937283.253 47 32 27 16 13 15 6
1633937283.508 48 33 27 18 11 14 8
1633937283.751 47 34 28 16 14 14 7
1633937284.001 46 32 25 17 14 12 8
1633937284.252 48 31 26 16 12 14 6
1633937284.502 47 36 27 17 12 13 8
1633937284.750 48 31 26 16 13 14 6
1633937285.001 49 31 26 17 12 14 6
1633937285.251 48 34 26 16 14 12 11
1633937285.502 47 33 25 17 12 13 7
1633937285.751 49 30 29 18 11 15 5
1633937286.001 47 32 25 17 12 14 5
1633937286.253 49 33 25 18 13 14 7
1633937286.501 50 32 25 18 13 16 7
1633937286.751 49 32 27 15 13 14 6
1633937287.004 49 31 28 16 12 14 7
1633937287.256 48 32 25 17 14 13 7
1633937287.504 48 33 27 17 14 12 5
1633937287.751 47 31 27 14 13 14 6
1633937288.001 49 35 26 18 15 14 7
1633937288.251 47 33 27 17 13 14 6
1633937288.501 47 35 26 17 12 12 7
1633937288.759 47 33 27 19 12 13 5
1633937289.003 46 32 26 16 12 15 5
1633937289.255 48 32 25 15 14 14 8
1633937289.501 48 34 27 15 12 15 7
1633937289.755 46 32 26 16 13 13 7
1633937290.007 48 31 25 16 13 15 6
1633937290.252 48 35 26 15 12 15 6
1633937290.503 47 31 26 16 12 12 7
1633937290.752 47 31 26 18 14 13 5
1633937291.002 47 33 28 16 11 12 6
1633937291.253 47 33 27 19 12 14 6
1633937291.500 47 34 26 18 11 13 7
1633937291.751 48 33 25 15 14 13 6
1633937292.003 46 32 27 18 12 14 8
1633937292.250 49 32 27 17 12 12 6
1633937292.501 48 32 27 18 15 14 6
1633937292.754 46 32 26 16 14 11 7
1633937293.005 48 33 26 18 13 14 5
1633937293.251 48 33 25 17 13 14 7
1633937293.504 49 33 26 16 12 13 7
1633937293.752 49 34 28 17 16 12 7
1633937294.004 49 31 25 18 12 14 7
1633937294.257 46 33 26 17 12 11 8
1633937294.501 47 33 25 17 14 15 6
1633937294.757 49 32 26 16 13 13 6
1633937295.014 47 37 25 18 15 14 6
1633937295.255 48 35 25 17 12 14 9
1633937295.503 48 34 28 18 14 15 8
1633937295.751 46 33 26 15 13 13 8
1633937296.005 48 31 27 19 16 13 8
1633937296.254 47 32 26 18 14 14 6
1633937296.502 48 31 26 16 11 11 5
1633937296.756 48 32 25 16 14 12 7
1633937297.003 49 32 27 16 14 13 6
1633937297.254 49 31 27 17 13 15 8
1633937297.501 47 32 25 14 12 13 7
1633937297.755 46 33 27 15 15 12 8
1633937298.004 47 32 26 15 13 14 9
1633937298.253 49 34 28 17 12 14 7
1633937298.502 48 31 26 16 13 13 7
1633937298.752 47 32 24 16 13 12 6
1633937299.001 47 32 26 18 12 16 7
1633937299.252 45 32 24 16 11 12 6
1633937299.504 48 33 27 16 14 13 8
1633937299.753 47 33 27 18 14 18 8
1633937300.006 46 36 28 18 12 13 6
1633937300.253 47 33 26 16 14 11 7
1633937300.502 49 33 28 17 15 15 8
1633937300.755 49 34 27 18 12 14 9
1633937301.003 46 32 29 16 14 12 7
1633937301.251 48 31 27 17 15 13 7
1633937301.502 47 35 26 18 13 13 9
1633937301.751 47 34 26 20 15 13 7
1633937302.002 47 31 27 17 15 12 4
1633937302.251 47 34 26 16 13 15 7
1633937302.502 48 31 26 16 13 14 8
1633937302.751 47 32 28 15 13 13 7
1633937303.014 48 31 25 16 12 15 4
1633937303.254 47 32 26 15 13 14 5
1633937303.503 48 33 29 18 13 13 5
1633937303.753 48 32 26 16 12 11 7
1633937304.004 46 31 27 16 13 13 8
1633937304.252 48 33 25 17 15 14 6
1633937304.502 47 33 26 16 15 16 8
1633937304.754 47 34 26 16 14 13 5
1633937305.003 47 32 25 18 13 13 5
1633937305.254 49 31 30 15 13 13 7
1633937305.501 49 32 27 16 13 11 5
1633937305.752 46 33 25 18 13 14 5
1633937306.006 49 32 27 17 13 12 8
1633937306.252 47 32 25 17 11 14 6
1633937306.507 49 32 25 18 12 14 8
1633937306.751 47 31 26 14 11 15 6
1633937307.003 46 33 29 20 13 13 6
1633937307.257 47 33 25 18 12 13 6
1633937307.502 48 34 26 17 12 14 6
1633937307.761 48 31 29 18 13 14 6
1633937308.003 49 31 26 17 12 13 7
1633937308.278 48 33 27 16 12 14 7
1633937308.502 47 30 27 18 13 15 4
1633937308.753 49 34 27 17 13 12 5
1633937309.010 47 33 26 16 11 13 8
1633937309.254 47 34 26 16 14 14 7
1633937309.507 46 31 26 18 12 13 7
1633937309.757 46 33 27 17 11 13 5
1633937310.002 47 33 27 15 13 16 7
1633937310.255 46 31 26 17 14 13 7
1633937310.503 46 32 27 18 14 14 7
1633937310.754 47 32 28 15 13 19 5
1633937311.007 50 31 25 17 11 14 9
1633937311.255 47 32 27 17 13 14 7
1633937311.504 47 33 26 17 10 12 5
1633937311.755 46 32 27 16 13 15 6
1633937312.002 47 34 27 17 12 13 7
1633937312.252 47 34 26 18 12 14 11
1633937312.503 46 33 26 16 12 11 6
1633937312.754 46 33 28 15 13 13 8
1633937313.002 50 32 27 15 13 15 5
1633937313.253 45 32 25 16 13 15 7
1633937313.504 46 32 26 16 14 15 6
1633937313.753 49 32 26 17 14 15 7
1633937314.005 47 31 25 16 15 13 6
1633937314.253 49 32 26 16 12 11 7
1633937314.503 47 32 27 17 13 15 7
1633937314.754 45 32 29 16 13 13 7
1633937315.006 46 33 28 16 12 17 6
1633937315.252 47 32 27 21 14 13 6
1633937315.503 47 34 25 19 13 13 8
1633937315.753 47 32 26 16 11 13 5
1633937316.010 47 33 26 16 11 13 8
1633937316.253 47 32 25 18 12 15 5
1633937316.504 49 31 27 17 13 16 7
1633937316.753 46 32 24 19 12 13 7
1633937317.006 48 32 29 17 13 14 6
1633937317.255 49 33 27 17 14 14 7
1633937317.502 49 33 24 16 13 14 8
1633937317.756 46 31 27 17 13 13 7
1633937318.003 49 32 28 17 13 14 5
1633937318.252 49 34 25 17 15 15 7
1633937318.504 47 31 26 19 14 14 5
1633937318.754 47 31 26 16 13 13 7
1633937319.002 47 33 26 17 14 16 6
1633937319.256 47 30 25 15 12 12 8
1633937319.504 47 32 26 15 13 11 5
1633937319.756 45 35 26 20 14 11 6
1633937320.003 45 33 28 18 14 13 7
1633937320.254 46 32 27 20 13 12 7
1633937320.502 48 33 27 17 12 13 4
1633937320.753 46 29 26 16 15 14 7
1633937321.004 45 31 25 18 14 13 6
1633937321.253 46 33 25 17 14 13 7
1633937321.503 46 30 26 16 14 15 7
1633937321.757 50 33 25 16 12 14 5
1633937322.004 47 33 25 16 11 12 6
1633937322.258 48 32 26 16 13 12 6
1633937322.515 47 33 27 17 15 14 8
1633937322.754 46 32 26 16 12 13 8
1633937323.004 48 33 26 17 15 15 7
1633937323.254 48 32 27 16 11 14 8
1633937323.502 47 33 27 17 12 14 10
1633937323.753 48 32 27 17 12 14 6
1633937324.006 48 32 27 18 14 13 6
1633937324.254 45 33 26 17 13 13 7
1633937324.504 47 33 27 15 12 15 8
1633937324.760 47 34 25 17 15 13 6
1633937325.004 48 33 26 17 12 15 6
1633937325.256 49 33 27 17 11 14 9
1633937325.503 45 33 27 18 12 13 8
1633937325.754 46 32 27 17 12 14 7
1633937326.003 47 35 28 17 12 12 5
1633937326.254 47 31 24 17 12 13 7
1633937326.504 46 33 26 16 12 13 6
1633937326.761 48 32 28 15 12 15 8
1633937327.007 47 30 27 15 12 17 5
1633937327.256 49 32 26 17 13 16 6
1633937327.503 47 36 27 17 12 13 6
1633937327.754 51 32 25 18 12 14 7
1633937328.004 47 32 25 17 13 16 6
1633937328.256 51 32 26 16 12 16 8
1633937328.509 49 32 27 16 12 15 6
1633937328.754 47 31 26 19 15 12 6
1633937329.010 48 31 26 17 12 15 5
1633937329.255 46 32 26 17 13 13 5
1633937329.504 47 32 27 18 13 14 8
1633937329.754 46 31 26 17 12 14 6
1633937330.013 46 32 28 17 12 13 5
1633937330.259 45 31 27 16 13 15 5
1633937330.505 49 33 26 17 13 15 9
1633937330.771 49 32 26 17 13 13 6
1633937331.005 50 34 26 16 13 14 6
1633937331.259 49 31 27 19 13 13 7
1633937331.507 47 31 30 17 14 16 7
1633937331.754 48 33 27 17 15 14 8
1633937332.004 50 33 27 17 13 14 5
1633937332.257 47 31 27 17 12 14 8
1633937332.503 46 35 29 17 12 16 8
1633937332.759 47 32 28 17 13 14 6
1633937333.004 46 32 27 17 13 15 9
1633937333.254 48 33 26 19 13 14 8
1633937333.506 48 32 29 16 13 14 6
1633937333.754 48 33 26 15 12 13 7
1633937334.003 48 31 28 18 13 16 6
1633937334.259 47 32 26 16 13 13 4
1633937334.504 46 32 28 16 12 13 8
1633937334.758 48 31 26 16 13 13 6
1633937335.006 47 32 26 17 14 14 6
1633937335.254 49 33 26 17 13 12 7
1633937335.513 47 32 27 17 12 14 7
1633937335.763 47 33 27 17 14 13 5
1633937336.005 48 33 26 16 13 12 7
1633937336.256 48 34 26 17 12 14 6
1633937336.504 47 35 26 16 12 13 7
1633937336.757 48 33 27 16 15 13 3
1633937337.006 48 33 29 16 14 13 6
1633937337.255 48 30 26 16 14 15 10
1633937337.505 45 32 27 18 13 14 7
1633937337.756 47 33 26 19 13 13 7
1633937338.006 49 31 26 15 12 13 8
1633937338.254 46 33 26 17 13 14 7
1633937338.504 47 32 26 16 15 16 5
1633937338.753 45 32 25 18 14 12 6
1633937339.009 47 30 27 18 14 13 8
1633937339.255 48 33 27 16 11 13 6
1633937339.505 47 30 25 17 14 13 8
1633937339.754 46 32 26 16 13 13 6
1633937340.004 45 33 25 16 12 13 6
1633937340.255 46 32 26 16 12 12 9
1633937340.506 49 34 27 17 13 14 5
1633937340.755 46 31 26 16 14 11 8
1633937341.006 48 32 27 16 12 14 7
1633937341.254 46 32 27 18 12 12 8
1633937341.504 47 34 26 15 13 13 8
1633937341.759 47 31 27 16 12 13 6
1633937342.006 48 33 25 16 13 14 8
1633937342.253 48 33 28 16 15 13 5
1633937342.511 46 33 26 18 13 14 8
1633937342.761 48 35 27 18 14 13 6
1633937343.004 46 31 26 18 14 12 5
1633937343.255 48 33 28 17 14 12 6
1633937343.505 48 33 27 15 14 14 6
1633937343.754 46 32 26 17 13 12 6
1633937344.006 49 31 26 17 12 13 6
1633937344.254 48 35 26 16 11 14 7
1633937344.505 49 31 27 15 14 12 5
1633937344.754 48 33 26 17 13 15 7
1633937345.008 51 32 25 17 15 16 7
1633937345.260 47 32 26 17 13 13 9
1633937345.508 46 32 28 16 12 14 7
1633937345.755 47 30 27 16 14 13 5
1633937346.256 47 32 27 16 15 14 5
1633937346.507 46 31 27 16 15 13 5
1633937346.760 46 33 26 18 14 13 7
1633937347.005 48 31 25 17 14 13 8
1633937347.258 46 33 25 19 13 14 6
1633937347.510 47 35 26 16 14 14 6
1633937347.758 49 32 27 18 12 15 5
1633937348.009 48 32 26 19 14 14 5
1633937348.256 46 34 26 18 11 14 7
1633937348.506 48 33 25 18 15 15 8
1633937348.756 47 33 27 18 12 14 7
1633937349.006 48 34 26 16 13 14 8
1633937349.256 47 33 26 19 13 12 6
1633937349.508 49 31 26 16 15 13 6
1633937349.754 48 31 27 15 14 13 6
1633937350.011 47 33 25 17 13 13 9
1633937350.257 47 31 25 16 13 13 7
1633937350.504 49 33 25 16 13 12 6
1633937350.755 48 32 25 17 11 12 6
1633937351.006 47 33 25 18 11 13 7
1633937351.255 47 32 26 18 13 11 8
1633937351.506 47 32 26 18 14 14 6
1633937351.755 47 31 25 17 13 14 8
1633937352.006 47 32 26 18 14 15 6
1633937352.257 45 32 25 18 11 16 8
1633937352.505 48 32 27 19 12 12 9
1633937352.760 47 32 25 18 13 14 8
1633937353.008 48 33 25 17 14 14 9
1633937353.257 49 32 26 16 16 14 7
1633937353.505 48 33 26 19 13 14 7
1633937353.756 47 31 25 17 12 13 6
1633937354.005 47 33 27 17 14 15 8
1633937354.256 46 30 26 15 14 15 7
1633937354.505 47 34 25 17 13 14 7
1633937354.759 45 34 26 17 14 16 8
1633937355.009 48 32 25 18 13 13 6
1633937355.255 47 34 26 15 12 14 6
1633937355.506 46 32 25 16 14 14 6
1633937355.758 48 34 25 18 14 12 6
1633937356.005 49 34 27 19 15 14 7
1633937356.255 50 31 27 16 14 13 7
1633937356.506 48 31 25 17 15 14 9
1633937356.758 47 34 27 19 15 14 8
1633937357.005 49 30 25 16 15 14 8
1633937357.255 44 31 25 16 14 13 6
1633937357.506 49 32 27 17 13 14 7
1633937357.756 46 31 26 17 13 14 9
1633937358.008 48 32 25 15 14 14 7
1633937358.263 47 34 25 17 16 14 7
1633937358.508 46 32 27 18 14 13 6
1633937358.758 52 31 26 17 12 13 6
1633937359.006 48 35 28 16 12 13 6
1633937359.259 48 33 24 20 12 11 5
1633937359.505 47 31 26 17 15 11 5
1633937359.760 48 34 28 16 13 14 6
1633937360.009 49 33 25 18 13 12 6
1633937360.256 45 30 26 18 14 14 8
1633937360.506 48 32 27 17 13 12 7
1633937360.757 49 32 25 18 13 14 7
1633937361.007 49 31 25 16 13 13 7
1633937361.262 47 34 27 17 11 12 6
1633937361.508 47 33 27 17 12 13 8
1633937361.755 50 31 27 17 13 12 9
1633937362.009 46 32 26 16 12 14 6
1633937362.256 45 32 26 17 11 13 7
1633937362.510 48 32 25 18 13 12 7
1633937362.757 47 32 27 17 13 15 5
1633937363.008 48 31 26 17 12 13 7
1633937363.257 47 32 25 18 13 14 8
1633937363.513 46 31 25 17 13 14 6
1633937363.757 48 31 24 20 16 13 6
1633937364.011 46 32 27 18 12 15 5
1633937364.256 46 33 26 18 13 14 8
1633937364.505 45 31 27 18 12 13 6
1633937364.766 46 31 27 17 14 13 7
1633937365.005 49 33 24 16 14 16 4
1633937365.256 47 33 26 15 12 14 5
1633937365.513 47 31 28 16 15 13 7
1633937365.759 47 33 25 18 14 14 6
1633937366.033 48 30 27 17 15 14 6
1633937366.258 46 31 26 17 15 13 6
1633937366.507 48 33 28 17 13 14 7
1633937366.761 47 30 25 16 12 14 7
1633937367.009 47 32 27 17 13 13 7
1633937367.261 49 34 27 16 14 14 6
1633937367.517 47 33 26 19 11 13 10
1633937367.757 49 32 27 16 14 12 8
1633937368.011 46 32 24 16 13 13 8
1633937368.260 47 30 26 16 14 13 7
1633937368.508 46 31 26 17 14 12 7
1633937368.763 45 33 25 16 12 14 7
1633937369.007 47 32 25 17 14 14 6
1633937369.264 48 30 25 17 15 13 5
1633937369.509 48 33 27 15 12 13 6
1633937369.756 48 33 25 17 13 15 9
1633937370.009 49 32 27 16 15 14 5
1633937370.258 46 33 28 19 13 15 9
1633937370.507 47 32 26 18 12 14 7
1633937370.758 47 31 28 17 13 14 9
1633937371.009 48 33 25 16 12 14 5
1633937371.256 48 32 24 15 13 15 5
1633937371.509 49 31 25 17 14 14 5
1633937371.755 47 31 26 17 15 15 7
1633937372.011 49 31 28 19 13 13 7
1633937372.256 48 34 28 20 14 14 6
1633937372.511 49 34 26 19 12 12 6
1633937372.760 47 36 28 16 13 17 7
1633937373.008 50 34 27 18 11 14 6
1633937373.264 48 34 25 16 14 13 6
1633937373.507 47 34 26 18 13 14 5
1633937373.761 45 32 27 16 15 15 8
1633937374.007 46 33 27 20 12 13 7
1633937374.257 47 32 26 18 13 13 6
1633937374.506 49 31 27 19 13 14 6
1633937374.756 48 32 26 15 12 14 8
1633937375.006 49 33 28 19 14 13 6
1633937375.259 47 34 28 17 12 13 6
1633937375.508 48 35 29 14 12 14 8
1633937375.758 48 34 27 17 14 15 6
1633937376.008 48 32 28 17 14 14 5
1633937376.261 47 32 26 16 11 12 6
1633937376.508 50 31 27 19 13 14 7
1633937376.759 45 32 26 17 14 12 7
1633937377.007 49 33 27 17 14 15 7
1633937377.256 48 30 26 16 15 13 8
1633937377.508 49 33 27 16 13 13 6
1633937377.756 49 31 25 17 13 13 6
1633937378.016 48 30 25 17 14 13 9
1633937378.261 48 32 28 17 10 15 5
1633937378.507 47 33 26 17 13 13 7
1633937378.758 48 32 29 20 15 13 7
1633937379.007 47 35 28 16 14 14 7
1633937379.259 50 32 27 17 15 14 5
1633937379.507 46 31 26 18 13 14 8
1633937379.759 46 32 25 16 14 13 7
1633937380.007 46 32 24 18 13 12 6
1633937380.262 48 31 26 16 13 14 6
1633937380.508 47 32 26 16 14 15 7
1633937380.760 47 34 26 17 15 13 7
1633937381.008 46 34 26 16 13 14 7
1633937381.257 46 34 28 17 13 13 5
1633937381.512 48 32 26 18 14 13 5
1633937381.758 48 33 26 16 13 12 10
1633937382.008 46 32 26 16 16 13 6
1633937382.263 47 33 25 17 14 13 7
1633937382.508 45 30 25 17 12 13 6
1633937382.758 48 32 30 16 14 15 7
1633937383.008 46 32 28 18 13 14 7
1633937383.259 48 31 27 18 15 15 7
1633937383.508 49 32 27 16 15 16 7
1633937383.760 48 33 27 17 14 16 6
1633937384.007 49 34 27 18 13 15 6
1633937384.257 47 33 25 17 12 12 8
1633937384.508 49 32 27 18 14 13 9
1633937384.760 49 32 26 16 13 15 7
1633937385.007 46 32 25 18 11 14 6
1633937385.259 46 33 28 16 16 14 8
1633937385.509 47 34 26 19 16 13 5
1633937385.758 48 34 26 18 12 14 5
1633937386.008 46 35 28 16 13 12 7
1633937386.260 48 32 28 16 13 16 9
1633937386.507 49 32 26 18 12 14 8
1633937386.758 45 34 27 17 12 13 7
1633937387.007 48 32 28 17 14 15 10
1633937387.258 48 34 26 18 12 15 10
1633937387.511 46 33 26 19 12 12 6
1633937387.759 47 31 27 18 13 13 7
1633937388.006 47 32 25 16 13 13 8
1633937388.257 48 34 27 17 13 15 6
1633937388.509 46 33 26 16 13 16 6
1633937388.758 47 32 26 17 12 15 7
1633937389.007 49 34 27 18 11 11 7
1633937389.257 48 32 25 16 13 10 6
1633937389.508 48 32 26 16 14 14 9
1633937389.758 46 32 26 17 15 13 8
1633937390.007 47 33 26 16 12 14 7
1633937390.257 46 35 27 18 14 13 4
1633937390.509 45 32 26 17 14 13 7
1633937390.757 47 34 27 18 16 14 5
1633937391.008 46 33 25 18 13 12 8
1633937391.259 48 32 24 16 12 14 6
1633937391.510 47 31 27 18 14 13 9
1633937391.759 47 33 27 18 15 14 6
1633937392.009 45 33 26 16 15 14 7
1633937392.259 47 33 30 16 13 13 8
1633937392.510 49 31 25 17 14 13 9
1633937392.758 46 31 26 19 13 12 7
1633937393.009 46 32 27 17 13 12 9
1633937393.258 47 30 28 16 12 13 8
1633937393.512 49 34 28 17 12 13 7
1633937393.760 48 32 30 17 13 13 8
1633937394.009 47 32 25 16 12 13 8
1633937394.260 46 31 25 18 11 11 6
1633937394.511 46 31 27 17 19 12 8
1633937394.757 47 30 26 17 15 12 7
1633937395.010 46 31 26 18 13 14 7
1633937395.261 47 32 26 18 15 13 9
1633937395.507 46 34 26 16 11 12 7
1633937395.760 48 33 25 16 11 13 7
1633937396.011 48 32 27 17 11 12 6
1633937396.260 49 33 25 16 12 12 6
1633937396.508 46 32 25 17 14 13 5
1633937396.758 48 33 27 16 13 14 6
1633937397.010 46 33 26 17 13 12 7
1633937397.264 46 33 26 19 14 15 7
1633937397.512 46 32 27 16 15 14 7
1633937397.758 47 33 27 19 13 16 9
1633937398.009 47 34 26 17 12 12 6
1633937398.258 48 33 27 16 15 15 6
1633937398.510 48 34 28 17 18 13 7
1633937398.758 46 30 26 17 15 13 7
1633937399.030 49 31 26 17 11 14 7
1633937399.260 49 32 28 17 12 11 7
1633937399.508 47 32 26 16 12 12 8
1633937399.760 47 36 26 18 13 14 9
1633937400.012 47 31 27 19 15 13 7
1633937400.262 48 32 27 16 12 15 7
1633937400.508 46 32 28 19 14 13 6
1633937400.759 48 31 26 17 12 13 6
1633937401.012 49 32 28 17 11 12 6
1633937401.259 47 33 25 17 14 13 7
1633937401.513 49 31 26 18 13 15 5
1633937401.758 47 34 27 17 10 12 6
1633937402.008 48 31 27 17 13 16 7
1633937402.268 46 33 26 18 14 13 8
1633937402.509 50 33 25 17 14 13 6
1633937402.764 48 31 26 18 12 13 9
1633937403.012 48 35 26 18 14 15 7
1633937403.262 46 32 26 16 16 15 6
1633937403.509 46 34 26 18 13 13 6
1633937403.759 50 32 25 17 14 15 9
1633937404.017 48 34 28 18 12 12 5
1633937404.257 47 31 26 16 14 15 9
1633937404.508 47 31 26 16 11 16 7
1633937404.763 47 32 26 16 14 15 8
1633937405.008 49 31 25 17 12 13 7
1633937405.261 48 32 27 17 13 12 6
1633937405.510 46 33 27 16 13 14 7
1633937405.761 47 32 26 19 13 13 6
1633937406.008 45 32 25 18 16 14 7
1633937406.257 48 33 27 19 14 12 7
1633937406.509 46 32 26 19 11 13 6
1633937406.758 47 30 29 17 13 15 7
1633937407.009 47 36 25 17 12 14 7
1633937407.259 48 32 26 19 12 13 6
1633937407.509 48 31 26 17 14 16 5
1633937407.760 49 33 26 14 13 15 6
1633937408.009 48 33 27 19 14 14 6
1633937408.262 48 33 28 16 13 13 6
1633937408.507 48 30 26 18 15 14 8
1633937408.758 48 33 25 18 13 14 6
1633937409.009 45 31 27 16 12 13 7
1633937409.262 47 34 27 16 12 13 7
1633937409.510 47 31 27 17 12 13 6
1633937409.759 48 32 25 17 14 15 6
1633937410.009 46 32 26 18 13 13 6
1633937410.259 47 31 26 18 13 11 7
1633937410.512 46 33 28 16 13 13 6
1633937410.761 48 30 25 16 15 12 7
1633937411.007 46 33 25 17 12 14 7
1633937411.261 48 30 26 16 12 14 6
1633937411.512 48 34 25 20 13 13 7
1633937411.758 47 34 28 16 14 16 6
1633937412.010 47 31 26 19 12 15 8
1633937412.260 48 34 26 19 13 14 5
1633937412.510 49 32 25 18 13 14 4
1633937412.758 48 30 25 15 14 12 6
1633937413.009 50 30 25 16 12 14 9
1633937413.259 49 32 26 17 13 13 7
1633937413.509 51 30 26 18 15 15 5
1633937413.763 48 31 25 18 14 13 6
1633937414.011 50 33 26 17 14 14 8
1633937414.260 48 31 29 17 15 13 10
1633937414.509 47 32 28 15 12 13 7
1633937414.760 48 33 26 19 13 13 5
1633937415.010 50 34 26 17 13 11 8
1633937415.259 45 32 26 19 12 14 7
1633937415.510 46 31 26 19 13 12 6
1633937415.764 49 35 25 18 14 15 8
1633937416.008 48 32 26 17 13 16 8
1633937416.260 48 32 26 16 14 13 7
1633937416.509 48 31 26 16 14 15 6
1633937416.759 46 32 25 17 14 14 7
1633937417.009 49 34 27 16 15 14 7
1633937417.259 46 33 26 17 14 14 7
1633937417.513 47 32 27 18 14 11 7
1633937417.758 47 32 25 18 14 12 8
1633937418.010 45 32 29 17 12 12 5
1633937418.259 48 32 28 20 14 13 7
1633937418.511 47 34 27 17 15 14 6
1633937418.761 49 32 27 16 13 13 7
1633937419.008 47 30 28 18 12 14 7
1633937419.264 47 33 27 18 13 13 8
1633937419.511 50 32 30 16 14 12 8
1633937419.759 46 34 25 16 13 12 6
1633937420.013 47 32 27 16 13 14 7
1633937420.262 49 34 28 18 12 11 8
1633937420.516 47 33 26 19 14 13 5
1633937420.764 48 34 28 17 13 13 10
1633937421.010 47 33 28 18 13 15 7
1633937421.261 48 32 26 17 13 13 7
1633937421.512 49 32 28 16 16 12 7
1633937421.758 47 34 27 16 16 14 8
1633937422.012 46 33 26 17 14 14 4
1633937422.259 48 36 26 16 13 13 8
1633937422.510 50 33 27 18 14 14 7
1633937422.759 48 32 28 17 14 14 8
1633937423.013 49 31 27 17 13 13 9
1633937423.261 48 31 26 16 11 14 8
1633937423.513 46 33 27 18 13 13 7
1633937423.761 48 31 27 18 14 12 8
1633937424.012 50 34 29 18 13 15 9
1633937424.262 46 32 28 17 15 13 6
1633937424.516 47 32 26 17 15 14 8
1633937424.765 46 32 28 17 12 13 5
1633937425.010 47 33 27 17 13 11 8
1633937425.263 47 33 26 18 13 12 6
1633937425.510 47 33 26 18 15 12 7
1633937425.760 48 32 26 18 15 15 6
1633937426.012 49 31 26 16 12 13 7
1633937426.264 46 33 28 18 14 13 7
1633937426.510 47 32 28 17 11 14 8
1633937426.760 46 32 28 17 13 12 6
1633937427.014 47 31 26 17 13 13 9
1633937427.260 48 32 28 16 12 13 7
1633937427.513 47 32 28 18 14 14 6
1633937427.771 47 33 27 18 15 13 7
1633937428.009 47 32 26 18 12 12 7
1633937428.261 50 31 25 18 14 13 7
1633937428.512 46 34 25 19 14 12 8
1633937428.760 47 31 26 18 13 12 7
1633937429.016 46 35 28 16 14 11 8
1633937429.261 51 32 26 17 14 12 5
1633937429.512 46 31 26 18 14 14 8
1633937429.761 46 33 26 20 11 12 5
1633937430.011 47 36 28 18 13 12 5
1633937430.261 46 32 25 19 13 15 6
1633937430.513 47 33 26 16 11 15 9
1633937430.760 51 33 28 17 13 14 6
1633937431.009 47 33 28 18 11 11 5
1633937431.260 48 31 26 17 14 13 6
1633937431.511 46 33 29 18 15 13 8
1633937431.761 50 32 28 17 13 12 5
1633937432.009 45 31 27 18 12 14 7
1633937432.261 48 34 25 21 16 11 7
1633937432.516 47 33 28 18 14 12 7
1633937432.760 48 32 26 17 15 16 7
1633937433.009 48 33 26 16 12 10 6
1633937433.259 48 36 26 17 15 13 9
1633937433.511 49 32 27 20 15 14 6
1633937433.759 49 32 27 17 13 13 6
1633937434.009 52 34 26 15 16 11 9
1633937434.261 49 33 26 16 12 13 9
1633937434.509 48 33 26 17 13 12 6
1633937434.760 48 31 27 18 12 13 7
1633937435.012 46 31 26 18 11 13 7
1633937435.263 46 32 27 17 13 14 9
1633937435.509 47 31 28 17 13 13 6
1633937435.760 46 33 26 16 14 13 10
1633937436.018 48 34 28 18 12 11 8
1633937436.260 47 34 26 19 13 13 7
1633937436.510 46 33 28 17 14 16 7
1633937436.761 46 35 29 17 14 13 10
1633937437.009 49 31 25 18 15 11 6
1633937437.259 48 32 27 18 11 13 8
1633937437.510 45 34 25 16 12 14 6
1633937437.777 46 32 26 19 13 16 7
1633937438.009 48 32 28 19 12 12 8
1633937438.260 48 35 26 16 12 13 8
1633937438.512 47 32 27 17 13 15 10
1633937438.762 48 33 25 16 14 15 6
1633937439.012 47 32 27 17 10 14 6
1633937439.263 46 30 28 17 13 13 6
1633937439.516 49 32 26 17 13 12 5
1633937439.760 49 34 28 18 13 15 7
1633937440.023 49 32 27 18 12 13 8
1633937440.263 49 33 27 17 12 14 6
1633937440.510 48 32 27 16 12 14 7
1633937440.761 47 32 26 19 12 12 7
1633937441.011 46 35 26 16 13 14 7
1633937441.260 48 33 28 17 13 13 7
1633937441.519 48 31 26 18 13 15 6
1633937441.760 48 32 25 19 12 16 6
1633937442.026 49 36 25 17 13 13 6
1633937442.263 46 32 25 19 12 13 6
1633937442.509 47 33 27 17 12 13 6
1633937442.772 48 34 27 19 14 12 5
1633937443.011 48 32 28 17 13 14 7
1633937443.261 47 32 28 18 13 13 7
1633937443.512 48 32 26 17 12 14 6
1633937443.763 47 31 24 16 12 13 6
1633937444.014 50 32 26 19 13 13 8
1633937444.263 46 34 28 17 12 16 7
1633937444.515 47 33 27 17 13 15 7
1633937444.762 48 32 28 18 12 15 7
1633937445.025 50 32 28 18 12 14 6
1633937445.264 48 30 27 18 13 13 8
1633937445.536 49 34 26 19 13 15 8
1633937445.763 46 31 29 19 14 14 8
1633937446.011 48 31 28 16 15 15 7
1633937446.260 50 33 26 18 13 12 5
1633937446.520 46 31 26 15 14 17 8
1633937446.760 50 34 27 18 13 11 7
1633937447.014 48 34 26 18 13 12 7
1633937447.263 49 32 28 19 13 14 7
1633937447.511 47 33 27 17 14 15 6
1633937447.764 46 33 26 17 13 10 8
1633937448.011 45 33 27 18 13 14 7
1633937448.261 46 33 25 19 13 14 8
1633937448.514 49 34 26 17 14 12 7
1633937448.760 49 32 26 17 15 14 7
1633937449.013 48 32 25 18 14 12 6
1633937449.261 47 33 25 15 13 14 7
1633937449.511 46 33 26 18 13 13 8
1633937449.761 47 32 26 18 13 13 7
1633937450.010 49 36 25 16 13 15 10
1633937450.260 48 34 26 17 13 14 7
1633937450.511 47 32 27 16 13 14 7
1633937450.761 47 32 28 19 12 11 7
1633937451.012 46 34 25 17 14 13 7
1633937451.260 49 31 28 18 13 13 7
1633937451.512 48 32 26 16 13 14 7
1633937451.762 48 32 28 18 14 13 8
1633937452.011 50 31 29 18 14 13 9
1633937452.261 47 33 28 18 13 12 5
1633937452.511 51 32 26 17 13 14 6
1633937452.760 47 32 27 17 14 13 8
1633937453.011 46 32 25 18 15 12 6
1633937453.261 48 33 27 17 13 14 8
1633937453.510 48 35 28 17 13 15 6
1633937453.763 47 31 26 16 16 14 6
1633937454.010 49 32 25 16 15 13 7
1633937454.260 48 32 25 16 12 12 6
1633937454.512 46 33 27 19 13 13 6
1633937454.762 46 32 26 17 13 12 6
1633937455.012 48 31 27 19 13 13 7
1633937455.262 46 33 26 19 12 13 7
1633937455.512 47 32 26 18 13 15 6
1633937455.764 48 32 28 16 12 14 8
1633937456.012 47 31 26 16 13 12 9
1633937456.263 49 34 24 16 13 13 6
1633937456.512 48 33 28 17 12 13 6
1633937456.763 45 34 25 17 12 14 7
1633937457.010 50 33 26 18 14 14 7
1633937457.261 47 34 27 17 12 13 8
1633937457.513 47 31 26 19 12 13 7
1633937457.763 47 34 27 18 13 15 6
1633937458.012 48 33 28 19 13 16 6
