1634223411.314 46 51 38 35 29 24 26
1634223411.563 47 51 38 37 28 22 21
1634223411.813 47 50 39 35 30 25 23
1634223412.062 48 53 38 36 29 23 23
1634223412.316 47 51 36 36 28 23 23
1634223412.563 47 52 39 36 30 23 21
1634223412.813 46 52 38 37 28 24 22
1634223413.062 48 51 38 35 30 25 22
1634223413.315 47 49 37 38 29 22 23
1634223413.566 49 50 39 35 32 23 25
1634223413.813 48 49 37 36 28 22 22
1634223414.064 47 50 37 36 31 22 23
1634223414.313 47 50 38 37 31 24 21
1634223414.564 46 51 37 34 29 22 22
1634223414.813 47 50 39 36 27 23 22
1634223415.067 47 50 37 37 29 23 22
1634223415.312 46 52 39 34 28 23 21
1634223415.564 46 50 38 36 28 25 23
1634223415.818 49 53 39 35 28 22 20
1634223416.062 47 51 37 36 28 23 25
1634223416.314 46 51 37 35 27 22 24
1634223416.566 47 51 39 35 29 24 22
1634223416.812 48 51 39 34 28 24 25
1634223417.063 47 50 38 35 28 22 22
1634223417.313 49 51 37 36 30 24 22
1634223417.563 49 52 37 35 30 23 25
1634223417.812 49 50 37 34 28 24 21
1634223418.063 48 50 36 35 29 24 23
1634223418.312 46 53 39 34 30 24 22
1634223418.565 46 51 38 36 28 23 21
1634223418.812 47 49 36 36 27 22 22
1634223419.062 47 51 38 35 27 22 22
1634223419.316 48 53 37 34 27 24 22
1634223419.564 48 52 37 35 29 22 25
1634223419.814 47 49 38 37 27 22 23
1634223420.063 49 49 40 37 27 24 22
1634223420.315 48 50 37 36 27 23 23
1634223420.562 49 50 36 34 28 22 22
1634223420.814 49 50 37 35 27 22 22
1634223421.064 47 51 39 37 28 23 22
1634223421.314 46 51 37 34 28 22 22
1634223421.562 49 51 39 36 27 23 26
1634223421.812 49 49 38 37 29 22 23
1634223422.064 48 51 37 36 29 20 25
1634223422.315 46 50 38 35 28 24 23
1634223422.565 49 50 40 39 26 27 24
1634223422.813 48 52 37 37 28 23 22
1634223423.064 46 50 39 34 28 23 22
1634223423.313 47 50 39 35 28 23 22
1634223423.563 51 51 37 35 28 25 21
1634223423.814 47 52 39 37 29 22 22
1634223424.066 49 51 37 35 27 21 23
1634223424.313 48 49 38 36 28 23 23
1634223424.564 49 51 37 35 27 24 22
1634223424.813 48 52 39 37 29 22 23
1634223425.062 48 53 39 34 30 23 23
1634223425.318 48 50 39 39 29 22 21
1634223425.564 46 50 38 36 28 22 22
1634223425.814 47 51 36 36 29 23 21
1634223426.068 47 51 38 36 27 23 23
1634223426.314 46 51 38 36 28 22 23
1634223426.569 48 53 38 36 27 22 23
1634223426.813 47 50 38 35 30 24 22
1634223427.067 48 50 39 35 30 26 23
1634223427.331 47 51 39 36 28 25 22
1634223427.562 47 51 38 35 32 23 22
1634223427.814 47 52 38 37 29 21 24
1634223428.063 46 53 38 39 29 25 23
1634223428.321 48 53 38 38 28 24 22
1634223428.573 50 50 37 34 28 24 22
1634223428.813 48 50 37 36 28 28 20
1634223429.073 48 50 38 37 29 26 24
1634223429.314 48 53 37 37 31 23 23
1634223429.563 46 50 36 35 30 23 23
1634223429.815 50 47 37 34 29 24 22
1634223430.063 48 52 36 39 28 26 23
1634223430.313 50 49 37 35 28 22 22
1634223430.567 49 49 37 36 25 22 23
1634223430.812 46 50 38 35 30 23 25
1634223431.073 48 51 38 35 27 22 23
1634223431.314 46 51 37 35 29 23 24
1634223431.564 50 49 39 36 28 26 23
1634223431.819 46 49 40 36 28 24 23
1634223432.064 46 52 38 35 26 23 21
1634223432.319 47 52 38 37 29 23 22
1634223432.574 47 52 39 37 28 23 23
1634223432.815 49 52 39 37 27 24 23
1634223433.063 48 52 39 34 29 22 24
1634223433.314 47 53 37 35 28 25 23
1634223433.563 46 53 37 36 29 24 22
1634223433.814 48 51 39 36 27 23 23
1634223434.068 47 52 36 34 29 24 20
1634223434.313 51 51 38 36 27 23 22
1634223434.564 48 50 37 34 28 23 22
1634223434.817 45 51 39 35 28 24 22
1634223435.064 49 50 38 34 28 23 22
1634223435.316 49 50 36 36 27 23 22
1634223435.565 49 52 38 38 28 25 21
1634223435.815 48 52 37 36 27 25 23
1634223436.064 47 51 38 36 27 23 22
1634223436.318 47 51 37 35 29 23 22
1634223436.564 46 51 37 36 27 23 23
1634223436.814 46 52 37 36 26 23 22
1634223437.064 50 50 37 35 29 24 23
1634223437.314 48 51 38 34 28 24 23
1634223437.563 49 51 38 36 28 25 23
1634223437.814 49 52 39 34 29 23 20
1634223438.063 47 51 40 36 27 24 22
1634223438.313 49 50 37 37 28 24 24
1634223438.565 46 51 37 37 27 23 20
1634223438.820 47 50 37 36 28 22 21
1634223439.063 47 50 38 35 30 23 23
1634223439.313 47 53 38 34 30 21 21
1634223439.563 47 50 37 34 28 22 23
1634223439.815 51 51 38 35 28 23 23
1634223440.065 46 50 37 36 26 22 22
1634223440.313 51 49 38 38 28 23 22
1634223440.564 47 53 39 37 30 22 22
1634223440.815 48 51 38 35 27 25 21
1634223441.064 49 50 37 36 28 24 21
1634223441.314 48 52 38 38 28 23 23
1634223441.564 47 51 38 35 29 24 21
1634223441.813 48 50 36 37 28 22 21
1634223442.063 50 51 37 34 28 24 21
1634223442.315 48 50 39 36 28 22 21
1634223442.564 49 52 38 34 30 26 23
1634223442.813 49 53 40 36 28 24 21
1634223443.063 49 52 39 37 26 23 23
1634223443.315 46 54 38 35 28 23 22
1634223443.563 46 50 37 34 27 23 21
1634223443.813 48 54 39 36 28 24 25
1634223444.064 47 51 36 36 28 24 22
1634223444.319 48 51 38 34 28 24 21
1634223444.563 47 52 38 35 28 24 23
1634223444.813 46 50 38 34 28 23 20
1634223445.069 50 50 38 34 27 22 24
1634223445.317 47 51 36 36 29 26 23
1634223445.564 47 51 39 38 27 23 23
1634223445.814 48 50 37 34 27 23 22
1634223446.069 48 52 38 35 27 24 23
1634223446.314 48 50 37 35 26 24 21
1634223446.563 47 51 38 35 30 23 21
1634223446.817 47 50 38 35 28 23 21
1634223447.065 47 50 38 35 29 22 22
1634223447.313 49 51 38 35 28 25 21
1634223447.567 47 51 39 38 27 23 22
1634223447.820 49 50 39 35 26 24 21
1634223448.063 47 49 37 35 28 23 23
1634223448.314 48 50 38 35 28 21 22
1634223448.565 47 51 38 36 33 23 23
1634223448.814 51 50 38 36 31 23 21
1634223449.064 48 53 37 35 29 22 24
1634223449.330 48 54 38 36 27 24 22
1634223449.564 48 50 39 36 27 24 21
1634223449.813 45 50 39 33 30 23 22
1634223450.074 48 51 37 38 30 24 23
1634223450.315 48 50 39 36 29 23 23
1634223450.565 48 50 38 35 28 22 23
1634223450.819 47 50 38 35 30 23 21
1634223451.063 47 52 38 36 28 22 22
1634223451.327 50 52 36 36 29 23 25
1634223451.568 49 50 37 36 29 22 21
1634223451.813 48 52 36 37 27 24 23
1634223452.064 47 51 38 34 31 24 23
1634223452.342 48 48 39 34 28 23 23
1634223452.564 48 51 38 37 28 24 22
1634223452.814 50 51 39 35 30 24 24
1634223453.065 47 51 39 35 27 24 24
1634223453.318 45 49 39 34 32 22 21
1634223453.564 49 51 39 35 29 23 21
1634223453.815 47 52 37 35 29 23 20
1634223454.065 46 51 39 36 31 23 22
1634223454.315 46 55 40 36 28 23 26
1634223454.564 48 51 40 34 29 22 22
1634223454.815 46 52 39 36 28 23 22
1634223455.067 48 50 40 34 26 21 23
1634223455.313 48 51 38 35 30 23 21
1634223455.570 48 51 39 36 32 22 24
1634223455.815 48 50 39 35 28 25 21
1634223456.064 47 49 39 34 31 23 25
1634223456.324 47 51 41 35 30 22 22
1634223456.568 48 51 40 34 28 23 23
1634223456.814 47 49 39 35 29 22 23
1634223457.066 48 50 39 33 28 23 23
1634223457.319 47 51 38 35 30 23 22
1634223457.563 48 51 40 35 30 22 23
1634223457.816 48 50 38 35 30 26 22
1634223458.070 49 51 38 35 28 24 23
1634223458.315 47 51 37 34 31 23 22
1634223458.564 50 52 40 36 27 22 23
1634223458.814 51 49 40 38 27 25 22
1634223459.071 46 49 38 36 27 23 23
1634223459.314 49 52 38 36 28 22 21
1634223459.568 45 49 39 36 28 22 23
1634223459.817 46 50 37 35 27 23 20
1634223460.064 46 51 37 36 27 23 22
1634223460.314 47 51 37 36 29 22 21
1634223460.569 49 50 39 36 28 23 21
1634223460.814 50 50 38 36 29 21 25
1634223461.065 47 53 37 36 30 22 20
1634223461.317 47 50 38 35 28 24 24
1634223461.565 47 50 40 35 28 23 23
1634223461.814 46 51 38 35 27 22 21
1634223462.065 48 51 39 36 28 21 23
1634223462.315 47 51 41 35 27 22 22
1634223462.564 49 52 38 36 27 22 22
1634223462.817 48 50 37 37 28 24 21
1634223463.065 47 50 38 38 27 23 22
1634223463.315 48 53 39 36 28 22 22
1634223463.565 47 49 39 36 28 22 23
1634223463.814 47 51 37 36 28 25 24
1634223464.064 49 50 40 36 28 28 24
1634223464.315 49 52 39 35 29 24 22
1634223464.565 49 49 39 35 27 24 22
1634223464.815 47 51 38 35 28 24 22
1634223465.064 47 51 36 33 29 26 21
1634223465.317 49 50 37 38 28 22 23
1634223465.565 48 49 37 36 28 25 20
1634223465.815 47 50 38 35 30 23 22
1634223466.067 50 50 37 37 29 25 21
1634223466.316 48 53 38 35 27 22 22
1634223466.565 46 52 37 35 30 24 22
1634223466.814 47 50 38 33 28 21 22
1634223467.068 47 53 37 37 29 24 21
1634223467.315 45 52 38 35 29 22 23
1634223467.564 50 49 38 36 29 23 23
1634223467.815 48 52 38 34 28 23 23
1634223468.064 47 51 37 34 29 23 21
1634223468.314 46 50 36 36 28 23 22
1634223468.564 48 49 39 35 28 23 24
1634223468.815 48 51 38 36 28 22 22
1634223469.066 47 49 37 36 29 22 22
1634223469.314 48 52 37 38 29 24 22
1634223469.565 48 52 37 34 28 24 21
1634223469.815 48 51 37 35 28 23 22
1634223470.066 46 51 39 36 28 26 20
1634223470.316 49 51 37 34 29 22 22
1634223470.565 46 52 38 36 29 23 22
1634223470.815 47 52 36 36 28 23 22
1634223471.066 47 50 38 34 30 21 23
1634223471.314 48 50 37 35 29 22 25
1634223471.566 50 49 39 37 29 23 22
1634223471.819 47 51 39 36 28 22 22
1634223472.065 49 51 41 35 30 24 23
1634223472.315 46 50 38 37 28 22 22
1634223472.570 48 52 39 36 30 23 22
1634223472.815 46 51 39 36 29 24 22
1634223473.065 48 52 37 36 29 24 21
1634223473.316 48 50 39 34 28 22 22
1634223473.565 49 51 38 36 29 21 24
1634223473.815 46 51 37 35 28 23 22
1634223474.068 48 52 39 36 29 21 23
1634223474.315 49 50 38 34 28 25 22
1634223474.566 47 50 39 36 30 23 22
1634223474.829 45 52 40 37 28 24 23
1634223475.064 49 50 36 36 27 24 24
1634223475.314 47 53 37 35 28 22 22
1634223475.569 47 51 38 35 30 22 21
1634223475.815 47 52 38 33 30 24 21
1634223476.065 46 49 37 35 30 23 24
1634223476.314 49 51 40 34 28 24 21
1634223476.566 48 50 36 35 29 22 21
1634223476.816 44 50 37 37 27 22 22
1634223477.067 47 53 39 36 29 23 21
1634223477.318 50 52 38 36 30 22 25
1634223477.566 47 51 37 36 28 21 24
1634223477.817 46 51 37 36 30 22 23
1634223478.066 48 51 38 37 29 21 22
1634223478.315 46 50 38 36 28 22 21
1634223478.572 48 53 37 34 28 24 23
1634223478.815 50 53 38 38 30 21 23
1634223479.066 47 50 39 36 31 23 21
1634223479.318 47 50 38 36 28 23 22
1634223479.565 48 51 37 37 27 22 22
1634223479.817 48 48 37 35 28 22 24
1634223480.068 48 48 38 36 27 23 21
1634223480.316 48 53 39 35 29 24 23
1634223480.568 47 52 37 36 28 26 23
1634223480.815 48 49 37 34 28 24 22
1634223481.064 49 51 40 37 28 21 22
1634223481.318 47 53 37 37 28 22 23
1634223481.565 49 54 37 34 29 24 23
1634223481.815 47 50 37 34 29 23 22
1634223482.068 48 52 38 37 28 22 24
1634223482.315 49 52 38 38 28 23 23
1634223482.566 51 50 39 35 30 22 23
1634223482.815 48 52 37 34 28 22 23
1634223483.065 50 49 37 36 29 23 23
1634223483.316 47 51 37 35 31 24 21
1634223483.566 48 51 37 34 28 22 23
1634223483.817 47 53 37 34 30 25 21
1634223484.066 48 50 39 36 27 24 22
1634223484.316 48 52 38 36 26 23 23
1634223484.568 47 53 38 36 27 25 23
1634223484.815 48 49 38 35 28 24 21
1634223485.065 47 49 39 35 27 22 23
1634223485.317 48 52 37 39 28 23 21
1634223485.566 47 51 37 34 30 22 21
1634223485.815 47 50 40 37 30 24 23
1634223486.067 49 49 37 40 28 23 24
1634223486.317 50 51 37 34 26 22 23
1634223486.565 48 51 36 36 28 23 21
1634223486.816 46 51 38 36 29 22 23
1634223487.066 50 51 37 36 29 24 23
1634223487.315 47 49 37 35 29 24 23
1634223487.567 47 51 36 36 29 24 21
1634223487.815 48 49 36 35 29 23 23
1634223488.065 47 49 38 36 27 22 24
1634223488.315 47 51 40 36 28 21 21
1634223488.565 48 52 38 36 28 22 23
1634223488.816 47 51 38 35 29 22 22
1634223489.066 47 50 39 37 29 24 24
1634223489.319 47 52 38 35 28 21 24
1634223489.567 49 53 38 34 29 24 22
1634223489.815 47 50 38 36 28 25 24
1634223490.072 51 49 38 34 28 23 24
1634223490.321 46 51 39 34 29 22 22
1634223490.566 50 49 36 35 28 23 20
1634223490.815 47 50 40 36 28 23 23
1634223491.071 46 51 38 35 29 22 22
1634223491.315 46 49 39 35 26 24 20
1634223491.565 48 48 39 36 27 24 24
1634223491.821 49 53 38 37 27 22 22
1634223492.069 46 52 39 36 29 21 22
1634223492.315 48 51 37 36 27 24 23
1634223492.566 48 51 39 36 30 24 22
1634223492.843 48 50 38 34 28 23 22
1634223493.069 48 51 38 35 26 22 24
1634223493.316 47 51 40 34 28 22 20
1634223493.567 48 52 39 34 27 23 22
1634223493.817 47 50 38 36 28 22 22
1634223494.065 46 51 36 34 28 21 24
1634223494.316 48 50 36 35 30 23 24
1634223494.567 49 53 38 38 27 23 20
1634223494.816 48 50 37 36 29 22 23
1634223495.067 51 51 40 35 31 25 23
1634223495.316 47 51 39 37 28 23 22
1634223495.567 49 51 38 36 26 22 22
1634223495.819 48 50 38 38 29 23 23
1634223496.066 49 51 38 36 28 22 23
1634223496.317 47 50 36 35 30 24 22
1634223496.568 46 51 39 34 30 24 22
1634223496.816 47 51 37 33 28 22 21
1634223497.068 49 49 38 35 29 26 23
1634223497.320 49 51 37 38 30 25 22
1634223497.565 46 52 39 37 28 24 21
1634223497.825 45 50 37 36 30 23 23
1634223498.071 48 49 36 35 29 21 22
1634223498.315 48 50 40 34 31 24 22
1634223498.566 48 52 36 35 30 23 22
1634223498.828 49 51 38 33 30 25 22
1634223499.065 49 50 38 36 28 23 22
1634223499.316 47 52 38 36 27 24 22
1634223499.574 47 53 41 35 29 23 24
1634223499.817 48 52 38 35 27 24 23
1634223500.068 48 51 40 36 27 22 21
1634223500.322 48 52 37 33 28 23 23
1634223500.566 49 53 39 34 31 24 23
1634223500.816 46 50 37 35 28 24 23
1634223501.069 48 52 39 36 28 24 20
1634223501.317 48 50 36 36 29 22 22
1634223501.570 47 50 36 36 27 22 23
1634223501.816 49 50 37 33 28 22 22
1634223502.075 49 48 38 35 29 22 23
1634223502.316 47 50 38 35 28 23 25
1634223502.568 47 51 39 37 28 23 23
1634223502.816 49 49 42 36 30 22 23
1634223503.068 47 52 37 38 28 23 22
1634223503.316 48 51 38 34 27 25 21
1634223503.568 46 53 40 36 28 23 22
1634223503.816 50 51 37 37 29 23 21
1634223504.070 48 50 39 36 26 24 22
1634223504.316 47 52 38 35 28 25 21
1634223504.565 46 50 38 38 29 21 23
1634223504.818 49 52 39 35 31 24 21
1634223505.066 49 50 37 32 29 21 23
1634223505.316 48 50 35 32 29 22 23
1634223505.566 49 54 38 35 27 21 22
1634223505.816 47 51 37 34 31 22 22
1634223506.068 48 51 39 33 28 24 22
1634223506.317 47 51 38 39 26 24 23
1634223506.568 46 52 38 33 29 24 22
1634223506.821 47 50 37 36 28 23 21
1634223507.067 47 51 37 35 28 24 22
1634223507.316 48 51 38 37 28 24 21
1634223507.566 49 50 38 35 29 22 21
1634223507.816 47 51 38 36 28 22 22
1634223508.074 48 51 37 36 29 23 23
1634223508.317 49 49 38 35 29 24 22
1634223508.568 49 52 37 36 29 23 22
1634223508.819 48 51 36 37 27 23 21
1634223509.066 45 51 38 34 26 23 22
1634223509.316 49 51 40 35 26 23 23
1634223509.567 45 53 37 34 32 24 21
1634223509.816 48 50 38 34 31 22 23
1634223510.066 46 50 37 36 27 24 22
1634223510.317 48 50 38 36 28 22 25
1634223510.567 50 52 40 35 27 21 22
1634223510.819 47 48 37 35 28 24 20
1634223511.067 48 49 37 36 27 22 21
1634223511.317 45 50 38 35 31 23 23
1634223511.570 48 52 37 33 29 25 22
1634223511.817 47 51 38 37 27 23 23
1634223512.070 49 52 36 37 27 24 23
1634223512.319 47 51 36 37 29 23 22
1634223512.568 50 52 36 35 28 23 22
1634223512.818 48 54 37 35 30 22 21
1634223513.075 46 51 39 35 26 23 22
1634223513.317 48 51 39 35 27 24 23
1634223513.578 46 50 37 36 28 23 22
1634223513.825 49 50 38 35 28 22 25
1634223514.066 47 51 40 35 28 22 23
1634223514.323 48 51 38 36 29 24 24
1634223514.570 46 50 37 35 31 23 23
1634223514.817 49 51 37 38 29 22 22
1634223515.066 47 50 39 36 29 21 24
1634223515.318 50 50 38 36 31 23 22
1634223515.567 47 50 40 32 27 22 23
1634223515.817 48 50 39 38 28 23 23
1634223516.071 47 49 37 35 29 23 21
1634223516.318 45 49 38 35 28 20 21
1634223516.570 49 51 39 35 27 22 23
1634223516.817 47 52 39 37 28 22 22
1634223517.067 49 50 38 38 27 21 27
1634223517.320 50 51 37 35 28 23 23
1634223517.569 47 50 37 38 26 22 23
1634223517.817 48 50 38 35 25 22 21
1634223518.068 46 51 37 35 28 23 24
1634223518.317 48 50 38 35 29 25 23
1634223518.570 49 52 39 34 29 24 23
1634223518.817 49 51 40 35 28 22 21
1634223519.066 51 50 38 34 27 25 22
1634223519.316 47 50 36 36 27 23 23
1634223519.567 49 50 39 35 26 24 21
1634223519.817 49 50 39 34 27 25 22
1634223520.067 48 51 38 35 28 22 23
1634223520.320 46 52 38 35 26 24 21
1634223520.567 48 52 37 36 26 24 22
1634223520.821 49 51 39 34 26 23 21
1634223521.067 49 51 40 36 27 23 23
1634223521.317 49 51 39 35 25 25 22
1634223521.575 49 50 38 37 27 23 24
1634223521.817 46 50 36 36 27 23 23
1634223522.066 49 51 39 36 27 22 23
1634223522.317 46 48 39 37 28 21 22
1634223522.567 47 50 38 34 28 22 22
1634223522.819 49 49 37 36 28 23 22
1634223523.067 48 51 41 37 31 24 24
1634223523.317 47 51 41 33 27 24 24
1634223523.566 47 51 40 35 28 23 22
1634223523.821 49 49 37 34 31 21 21
1634223524.074 49 50 38 36 31 22 25
1634223524.317 47 50 38 36 28 24 22
1634223524.571 47 52 38 33 28 22 22
1634223524.818 46 50 38 36 29 24 23
1634223525.068 46 51 38 34 27 20 22
1634223525.317 48 51 37 35 30 25 20
1634223525.569 52 50 38 35 29 24 24
1634223525.818 46 52 37 36 28 23 26
1634223526.068 47 51 39 36 29 23 21
1634223526.318 48 52 38 37 28 25 22
1634223526.569 47 51 38 35 28 23 22
1634223526.819 47 52 38 37 28 24 24
1634223527.068 45 50 38 34 29 22 22
1634223527.320 49 50 37 37 28 24 23
1634223527.569 49 50 38 35 29 24 23
1634223527.817 46 52 36 36 27 23 23
1634223528.066 50 49 37 34 28 24 22
1634223528.318 50 50 39 37 31 23 21
1634223528.571 46 51 38 36 31 24 22
1634223528.817 49 53 37 36 29 22 22
1634223529.067 49 51 38 35 30 25 20
1634223529.320 48 50 38 34 29 23 22
1634223529.567 47 54 38 34 28 23 22
1634223529.818 46 53 38 36 27 24 23
1634223530.067 48 52 37 35 28 23 23
1634223530.319 47 51 38 36 28 25 22
1634223530.570 50 53 37 35 30 23 25
1634223530.818 48 53 39 36 28 24 22
1634223531.068 47 50 38 36 29 23 23
1634223531.317 46 50 38 36 27 21 25
1634223531.570 48 51 37 35 27 23 21
1634223531.817 51 52 42 36 29 24 23
1634223532.068 47 51 38 37 29 24 21
1634223532.317 49 52 39 36 29 23 21
1634223532.569 47 52 38 34 28 24 20
1634223532.817 48 50 39 35 29 25 23
1634223533.067 46 50 39 34 28 24 24
1634223533.319 48 51 37 35 28 24 22
1634223533.570 47 51 39 34 27 25 23
1634223533.817 47 51 38 35 25 24 21
1634223534.068 47 50 39 33 27 25 22
1634223534.321 46 50 39 37 28 23 23
1634223534.568 47 51 37 34 28 25 23
1634223534.818 49 51 40 36 27 22 24
1634223535.071 46 51 40 35 28 22 21
1634223535.319 46 51 39 36 29 24 21
1634223535.569 50 50 38 36 28 23 22
1634223535.822 46 50 40 36 31 22 22
1634223536.067 50 50 39 35 28 26 21
1634223536.317 49 49 40 34 28 23 21
1634223536.568 48 49 37 35 28 23 23
1634223536.821 48 49 40 37 31 22 22
1634223537.068 47 51 39 34 28 26 22
1634223537.317 46 52 38 34 28 22 22
1634223537.569 48 52 37 34 27 23 23
1634223537.818 48 51 37 36 30 23 21
1634223538.068 50 50 37 36 27 25 23
1634223538.322 47 52 39 35 27 22 21
1634223538.569 48 52 40 36 28 23 22
1634223538.818 48 50 37 37 28 24 21
1634223539.075 47 49 39 37 30 22 21
1634223539.318 46 48 38 36 28 22 24
1634223539.575 46 49 37 35 29 25 20
1634223539.818 46 50 37 36 29 25 22
1634223540.067 47 51 36 34 26 24 22
1634223540.319 47 49 38 37 31 22 22
1634223540.567 47 51 38 36 29 24 22
1634223540.821 46 53 38 36 27 21 22
1634223541.071 47 51 37 36 28 23 23
1634223541.319 47 50 37 37 28 23 21
1634223541.573 49 51 35 36 27 22 23
1634223541.817 49 49 38 38 28 23 23
1634223542.067 47 51 37 35 28 22 23
1634223542.324 49 49 38 35 26 23 23
1634223542.568 48 52 40 37 27 24 22
1634223542.821 46 50 37 35 28 25 22
1634223543.072 49 52 37 36 28 22 23
1634223543.318 49 49 38 35 29 23 23
1634223543.569 48 50 38 34 29 22 22
1634223543.817 48 52 37 33 29 23 24
1634223544.070 45 52 37 34 27 23 22
1634223544.319 48 49 37 36 26 23 24
1634223544.568 46 51 38 36 30 23 22
1634223544.819 45 49 40 37 29 22 22
1634223545.070 48 50 37 35 29 23 22
1634223545.318 49 50 38 38 28 23 21
1634223545.568 47 51 38 36 29 24 22
1634223545.820 47 51 38 36 27 23 24
1634223546.071 48 51 39 34 27 23 23
1634223546.318 47 50 38 35 28 23 24
1634223546.567 48 50 37 35 28 23 23
1634223546.818 48 49 38 35 28 24 21
1634223547.072 47 50 36 36 30 22 23
1634223547.318 46 52 38 35 27 22 20
1634223547.568 47 51 37 35 27 24 22
1634223547.821 48 51 38 35 27 22 20
1634223548.069 47 51 36 35 27 23 22
1634223548.320 49 52 37 35 27 25 23
1634223548.570 49 52 36 36 27 21 23
1634223548.820 47 51 38 36 28 22 23
1634223549.071 48 48 38 36 27 22 20
1634223549.318 48 50 37 37 28 23 22
1634223549.568 48 50 38 34 28 24 23
1634223549.819 47 52 38 34 29 21 21
1634223550.070 47 51 37 36 27 25 22
1634223550.318 46 50 39 35 28 22 23
1634223550.568 47 49 38 36 27 23 21
1634223550.820 47 50 38 36 29 23 22
1634223551.068 49 48 36 36 29 20 22
1634223551.318 48 50 38 36 29 22 22
1634223551.569 47 50 41 34 29 22 22
1634223551.819 48 52 37 36 27 22 21
1634223552.070 47 51 37 38 28 23 23
1634223552.319 48 51 38 36 27 22 21
1634223552.567 48 50 38 37 28 26 23
1634223552.819 48 51 37 34 27 24 23
1634223553.068 47 48 39 34 30 21 20
1634223553.321 46 51 38 37 27 25 22
1634223553.569 46 52 36 35 29 24 25
1634223553.819 46 51 38 37 30 22 21
1634223554.068 48 51 39 33 28 24 21
1634223554.321 48 51 39 35 27 23 23
1634223554.569 49 50 37 36 27 21 23
1634223554.818 49 51 38 38 25 29 22
1634223555.068 47 50 37 37 28 23 22
1634223555.319 47 51 38 35 28 22 23
1634223555.568 49 51 39 35 28 22 25
1634223555.818 48 51 37 36 27 24 22
1634223556.068 47 51 37 35 29 24 23
1634223556.320 46 50 40 36 28 22 22
1634223556.568 49 51 38 36 27 21 23
1634223556.820 49 50 40 36 27 23 23
1634223557.072 47 50 41 35 28 23 23
1634223557.318 47 52 40 37 30 24 24
1634223557.569 46 52 38 36 30 23 23
1634223557.824 49 51 38 36 27 23 21
1634223558.068 47 50 36 36 29 22 23
1634223558.319 48 52 40 36 27 26 22
1634223558.571 48 50 37 36 29 24 20
1634223558.820 47 52 38 36 29 22 22
1634223559.076 49 52 39 34 28 24 23
1634223559.319 47 53 37 34 29 24 23
1634223559.568 47 49 39 35 31 22 22
1634223559.827 46 50 37 35 28 21 23
1634223560.072 47 50 39 34 27 23 23
1634223560.319 48 50 39 33 29 21 22
1634223560.569 50 51 39 36 27 23 23
1634223560.821 46 51 38 34 27 22 25
1634223561.068 47 53 38 36 29 25 21
1634223561.319 46 51 38 36 27 23 20
1634223561.570 48 53 37 39 28 24 21
1634223561.819 47 50 37 34 29 22 21
1634223562.069 47 49 38 37 29 25 23
1634223562.319 46 51 36 36 28 23 22
1634223562.572 47 52 37 35 30 22 24
1634223562.818 49 52 39 35 30 23 24
1634223563.072 48 49 36 36 28 22 22
1634223563.319 46 51 37 37 28 24 22
1634223563.575 46 51 39 36 28 22 24
1634223563.823 46 52 37 36 30 23 24
1634223564.069 48 49 37 37 28 24 20
1634223564.319 48 52 37 38 27 24 23
1634223564.570 49 53 40 35 30 26 21
1634223564.820 48 51 38 36 27 23 26
1634223565.071 47 49 38 36 28 24 22
1634223565.318 46 49 37 36 30 24 22
1634223565.569 50 50 37 36 28 22 21
1634223566.070 48 51 37 36 29 22 22
1634223566.321 45 50 38 36 28 24 26
1634223566.571 48 52 38 36 29 22 23
1634223566.819 48 52 39 37 28 23 22
1634223567.070 46 50 37 35 26 24 22
1634223567.320 48 51 36 34 30 25 21
1634223567.568 48 50 38 34 29 24 20
1634223567.818 47 51 38 34 28 24 23
1634223568.070 46 50 37 37 27 24 21
1634223568.319 49 51 36 34 29 23 24
1634223568.569 47 50 38 34 27 22 22
1634223568.819 49 51 37 37 28 26 22
1634223569.070 46 51 38 35 30 23 22
1634223569.319 47 49 37 37 29 26 21
1634223569.570 49 52 36 35 28 24 22
1634223569.822 50 50 39 37 27 25 22
1634223570.068 49 51 38 35 29 22 23
1634223570.322 46 51 38 33 29 22 23
1634223570.570 48 50 39 35 28 23 22
1634223570.820 51 52 38 35 28 23 21
1634223571.070 51 51 37 35 29 23 22
1634223571.318 48 52 37 35 27 22 21
1634223571.569 46 52 40 35 28 25 21
1634223571.820 47 50 37 35 28 23 23
1634223572.068 49 51 38 35 29 23 23
1634223572.320 48 49 38 35 28 23 22
1634223572.568 48 51 38 35 28 22 25
1634223572.821 49 51 37 34 28 24 22
1634223573.071 49 51 38 35 26 24 23
1634223573.319 46 52 37 35 29 24 24
1634223573.571 48 50 37 37 28 24 22
1634223573.820 50 50 37 34 30 23 21
1634223574.071 50 50 37 35 28 23 23
1634223574.321 50 51 39 36 28 23 23
1634223574.572 49 51 39 36 29 22 22
1634223574.819 51 53 37 33 28 24 23
1634223575.070 48 51 39 35 27 23 25
1634223575.321 48 51 38 37 28 22 23
1634223575.569 49 52 38 37 28 21 21
1634223575.820 47 50 40 35 30 23 22
1634223576.070 48 52 37 34 28 21 22
1634223576.319 47 51 37 37 27 23 23
1634223576.569 46 49 38 37 27 24 22
1634223576.821 47 51 38 35 27 22 22
1634223577.069 47 53 37 35 29 23 22
1634223577.319 48 52 37 34 27 25 22
1634223577.570 48 51 40 34 29 22 22
1634223577.818 49 51 37 35 29 23 22
1634223578.069 48 51 40 35 26 22 23
1634223578.322 48 50 37 35 29 25 23
1634223578.570 47 50 38 36 26 23 22
1634223578.820 47 49 38 36 28 22 22
1634223579.070 46 50 39 33 27 22 23
1634223579.320 47 51 38 34 27 26 23
1634223579.569 47 52 37 36 27 22 22
1634223579.818 48 50 37 35 27 22 21
1634223580.070 49 53 39 38 28 22 22
1634223580.319 48 49 37 35 28 24 23
1634223580.569 46 48 36 36 29 23 20
1634223580.819 48 52 39 35 26 26 23
1634223581.069 47 49 37 34 29 23 20
1634223581.319 47 51 39 35 28 25 22
1634223581.570 47 52 37 36 29 25 21
1634223581.820 48 52 36 34 27 22 21
1634223582.069 49 52 37 37 28 23 21
1634223582.319 47 52 38 35 28 23 23
1634223582.569 48 51 37 37 28 22 22
1634223582.824 49 52 37 38 28 23 22
1634223583.071 49 52 39 35 27 22 21
1634223583.322 49 51 38 37 28 25 23
1634223583.571 46 50 37 35 27 23 23
1634223583.819 47 48 37 35 28 23 23
1634223584.071 47 52 37 34 28 23 22
1634223584.319 50 50 39 36 27 24 22
1634223584.572 48 49 38 34 28 22 23
1634223584.823 47 48 37 35 29 27 25
1634223585.070 48 49 38 34 29 24 23
1634223585.323 49 52 39 34 29 25 22
1634223585.570 47 52 42 35 28 26 23
1634223585.819 46 50 37 36 27 24 23
1634223586.071 47 51 38 35 28 24 25
1634223586.320 50 49 35 34 27 22 24
1634223586.570 49 50 38 35 29 23 23
1634223586.822 47 50 37 38 29 24 24
1634223587.070 47 50 38 37 28 23 22
1634223587.321 49 51 37 33 26 24 21
1634223587.569 49 49 37 36 26 22 22
1634223587.827 47 51 37 37 27 23 24
1634223588.074 48 50 36 36 29 21 23
1634223588.320 49 49 39 35 30 22 22
1634223588.569 48 53 37 36 29 22 24
1634223588.821 48 50 40 36 29 22 24
1634223589.070 49 51 38 33 28 22 21
1634223589.326 47 52 37 34 28 23 23
1634223589.569 46 52 39 37 27 25 23
1634223589.820 49 51 39 35 27 23 23
1634223590.070 47 52 38 35 28 23 21
1634223590.320 48 52 38 35 29 25 23
1634223590.570 49 53 37 36 28 22 23
1634223590.821 49 51 39 37 28 23 21
1634223591.076 49 52 37 35 28 21 21
1634223591.320 48 51 37 37 27 24 24
1634223591.571 48 51 37 35 28 24 22
1634223591.821 49 52 37 36 28 23 20
1634223592.069 47 51 37 35 30 24 23
1634223592.320 48 49 39 36 28 23 22
1634223592.571 48 51 39 35 29 23 23
1634223592.820 46 49 39 34 27 23 24
1634223593.074 48 52 41 36 29 25 23
1634223593.319 46 49 36 36 28 22 22
1634223593.570 47 49 39 36 29 22 21
1634223593.822 47 50 38 34 27 22 24
1634223594.071 50 50 38 35 28 22 22
1634223594.321 47 50 40 37 29 22 24
1634223594.570 50 48 38 34 28 23 22
1634223594.823 46 51 38 36 29 25 23
1634223595.072 45 50 40 36 29 21 24
1634223595.319 48 51 37 37 29 25 23
1634223595.571 46 50 39 35 29 23 23
1634223595.822 47 51 37 34 29 21 22
1634223596.074 49 50 37 35 29 22 22
1634223596.320 44 49 37 35 28 23 22
1634223596.571 49 49 36 35 28 23 22
1634223596.820 50 52 38 36 27 23 23
1634223597.070 48 52 37 36 29 24 23
1634223597.320 48 50 39 36 28 22 23
1634223597.570 48 51 39 35 27 22 22
1634223597.819 48 52 38 34 27 24 23
1634223598.070 48 51 40 35 30 26 22
1634223598.321 49 54 38 33 29 20 23
1634223598.570 48 51 39 36 29 26 24
1634223598.820 45 51 37 35 30 24 22
1634223599.070 46 50 39 36 29 26 21
1634223599.321 47 52 38 37 28 21 23
1634223599.569 48 50 37 36 30 22 22
1634223599.823 48 50 39 35 28 24 25
1634223600.070 46 50 38 35 29 24 21
1634223600.320 48 52 38 37 30 24 21
1634223600.570 50 50 38 36 26 22 22
1634223600.821 48 52 38 35 27 23 23
1634223601.070 46 51 40 34 27 25 21
1634223601.323 46 49 38 34 28 25 26
1634223601.571 48 50 36 36 28 23 22
1634223601.820 47 51 37 38 28 25 23
1634223602.072 49 52 38 36 28 24 21
1634223602.320 51 51 37 35 29 23 23
1634223602.570 47 51 38 35 28 24 25
1634223602.822 47 51 38 35 29 23 20
1634223603.070 48 52 37 37 27 23 21
1634223603.320 47 52 37 35 28 22 20
1634223603.570 46 51 37 36 27 22 22
1634223603.822 47 49 37 35 30 23 24
1634223604.070 48 52 38 35 29 23 24
1634223604.319 46 51 38 34 30 22 20
1634223604.586 48 51 39 34 27 23 23
1634223604.820 48 50 38 34 28 23 24
1634223605.070 48 51 38 35 30 23 21
1634223605.321 49 50 38 34 28 24 22
1634223605.570 49 51 37 35 27 23 22
1634223605.820 47 48 36 35 28 21 25
1634223606.070 47 49 38 34 27 22 23
1634223606.320 47 48 38 37 26 22 20
1634223606.570 47 50 38 36 28 23 23
1634223606.822 48 52 39 36 30 23 26
1634223607.073 46 50 39 36 26 23 23
1634223607.326 49 52 39 36 27 23 23
1634223607.570 49 52 38 35 30 22 22
1634223607.823 48 50 37 34 27 22 21
1634223608.070 48 49 38 35 28 22 22
1634223608.321 48 51 39 37 30 24 23
1634223608.573 49 51 38 36 29 24 21
1634223608.821 46 52 39 35 29 24 22
1634223609.070 48 52 36 35 28 23 22
1634223609.329 48 51 40 36 28 25 21
1634223609.576 49 50 37 35 28 23 21
1634223609.821 48 52 39 34 28 24 22
1634223610.076 47 51 36 34 29 25 20
1634223610.322 48 52 39 36 28 22 21
1634223610.571 47 50 37 36 30 23 22
1634223610.828 48 49 37 38 28 23 21
1634223611.071 46 52 39 37 27 24 22
1634223611.321 48 51 37 35 27 21 23
1634223611.573 47 49 37 36 28 25 23
1634223611.820 47 50 38 36 27 22 21
1634223612.072 50 54 38 36 27 25 23
1634223612.324 46 52 40 36 26 22 21
1634223612.576 48 50 38 36 28 21 21
1634223612.825 46 51 39 34 27 23 22
1634223613.070 48 54 37 36 28 23 22
1634223613.322 47 50 38 35 27 25 20
1634223613.571 47 51 37 35 27 23 22
1634223613.820 48 52 39 34 28 23 22
1634223614.072 49 53 38 34 29 26 23
1634223614.321 47 51 37 36 29 25 22
1634223614.570 49 51 37 36 27 23 22
1634223614.820 46 52 38 33 28 24 22
1634223615.074 47 50 40 37 29 24 24
1634223615.321 47 52 37 35 30 22 25
1634223615.574 48 50 39 35 29 23 24
1634223615.821 47 52 39 35 29 24 25
1634223616.071 48 52 37 34 26 23 22
1634223616.322 47 52 37 35 26 22 21
1634223616.571 48 53 38 37 30 23 23
1634223616.824 48 52 37 36 27 22 23
1634223617.074 48 51 36 36 29 23 22
1634223617.321 47 50 41 34 27 24 22
1634223617.573 47 49 38 35 29 22 21
1634223617.821 46 51 40 35 26 22 21
1634223618.070 47 51 37 34 27 22 22
1634223618.320 47 52 37 33 28 26 23
1634223618.571 47 50 39 36 29 22 23
1634223618.826 47 51 37 35 29 22 21
1634223619.071 48 52 39 34 30 23 21
1634223619.323 50 51 38 38 30 25 22
1634223619.573 47 52 37 36 28 24 25
1634223619.823 48 53 39 36 29 22 21
1634223620.072 45 51 38 35 31 22 25
1634223620.325 46 51 38 34 29 22 21
1634223620.570 49 51 39 35 30 24 21
1634223620.826 48 52 37 35 29 23 21
1634223621.071 48 50 37 34 30 22 23
1634223621.320 48 51 40 35 28 25 22
1634223621.570 47 52 39 35 29 22 22
1634223621.820 53 52 38 36 28 25 23
1634223622.079 47 50 37 35 29 22 24
1634223622.325 47 50 37 38 29 23 24
1634223622.570 45 53 39 35 27 21 25
1634223622.821 48 50 37 36 28 22 24
1634223623.072 47 53 38 34 27 26 24
1634223623.321 48 48 38 37 30 24 23
1634223623.571 49 51 37 35 28 24 22
1634223623.821 46 52 39 36 29 23 22
1634223624.071 47 52 37 36 30 23 22
1634223624.321 48 50 38 36 30 22 23
1634223624.571 47 52 39 34 29 21 22
1634223624.821 48 49 37 36 29 22 23
1634223625.076 48 51 37 37 28 23 22
1634223625.322 50 52 38 34 27 24 21
1634223625.572 46 52 37 35 28 24 20
1634223625.823 48 52 37 35 31 22 23
1634223626.070 46 52 36 38 28 23 22
1634223626.321 50 51 38 36 30 22 22
1634223626.571 48 49 40 36 27 21 23
1634223626.821 49 51 37 37 30 22 23
1634223627.071 47 51 37 37 28 22 23
1634223627.322 47 50 37 36 31 22 22
1634223627.572 47 54 38 36 27 21 23
1634223627.822 47 51 38 33 27 21 23
1634223628.072 47 50 37 36 28 22 26
1634223628.321 48 51 38 35 26 25 24
1634223628.571 48 50 36 37 28 21 23
1634223628.820 48 49 39 35 28 21 21
1634223629.071 48 52 38 36 30 22 22
1634223629.321 51 51 38 36 29 22 23
1634223629.571 48 51 39 36 28 23 23
1634223629.822 46 50 36 35 27 23 22
1634223630.071 48 51 38 36 29 22 22
1634223630.321 47 51 37 36 26 24 25
1634223630.571 47 52 39 36 27 22 23
1634223630.823 51 50 39 35 27 22 23
1634223631.073 49 51 39 38 29 21 21
1634223631.322 48 50 38 34 27 24 24
1634223631.571 49 51 38 37 27 23 23
1634223631.822 49 51 40 35 29 24 24
1634223632.074 48 51 39 34 29 22 21
1634223632.322 47 50 39 33 29 24 23
1634223632.575 48 52 36 35 29 24 22
1634223632.826 50 52 37 34 28 24 22
1634223633.076 48 53 38 35 26 22 22
1634223633.327 46 52 37 34 32 23 21
1634223633.571 50 51 37 36 29 23 23
1634223633.822 46 50 36 37 30 23 25
1634223634.075 48 51 37 36 28 24 23
1634223634.321 47 52 39 37 28 23 23
1634223634.576 48 50 37 37 27 22 23
1634223634.821 48 49 38 34 28 22 21
1634223635.072 47 50 37 33 28 21 24
1634223635.324 47 51 40 35 30 22 22
1634223635.572 48 52 41 35 30 22 24
1634223635.830 47 50 38 37 27 23 23
1634223636.072 48 50 40 36 29 23 21
1634223636.326 47 52 38 36 29 22 22
1634223636.579 49 52 37 34 28 23 21
1634223636.822 49 48 38 34 28 23 22
1634223637.074 48 49 38 36 26 24 20
1634223637.328 48 50 37 35 29 24 22
1634223637.573 47 51 39 37 26 22 20
1634223637.824 46 51 38 34 28 22 21
1634223638.072 48 49 36 34 26 23 22
1634223638.322 47 51 38 37 27 20 23
1634223638.578 47 51 39 36 28 22 22
1634223638.822 47 51 39 35 29 23 22
1634223639.071 46 51 38 35 29 22 22
1634223639.322 49 52 38 32 29 21 22
1634223639.571 50 50 37 37 27 22 22
1634223639.824 46 50 39 34 27 23 23
1634223640.073 49 52 36 34 28 23 22
1634223640.321 46 49 37 34 28 22 24
1634223640.572 50 51 38 37 27 21 22
1634223640.825 49 51 39 34 30 21 24
1634223641.071 49 52 37 36 28 24 25
1634223641.324 48 49 39 32 27 22 21
1634223641.574 47 50 37 37 28 23 25
1634223641.822 47 50 38 34 28 24 24
1634223642.072 47 51 38 37 27 22 22
1634223642.324 48 50 38 34 26 24 22
1634223642.571 48 50 37 36 25 23 21
1634223642.821 49 49 37 35 28 22 22
1634223643.071 49 48 38 35 28 24 23
1634223643.322 47 50 38 36 27 26 22
1634223643.574 46 50 39 34 29 24 24
1634223643.822 49 51 41 34 28 22 25
1634223644.074 48 51 38 35 28 23 23
1634223644.322 47 50 37 35 30 23 22
1634223644.572 48 51 37 38 31 24 23
1634223644.822 48 51 40 34 28 26 24
1634223645.075 47 51 37 34 31 23 25
1634223645.324 47 50 39 39 30 25 24
1634223645.574 47 49 39 34 31 26 22
1634223645.822 47 49 38 36 29 22 24
1634223646.074 49 52 38 35 29 24 22
1634223646.322 50 51 37 35 28 22 22
1634223646.573 48 50 39 36 30 24 23
1634223646.822 48 50 37 35 27 24 25
1634223647.072 48 51 37 36 29 23 22
1634223647.323 50 51 37 36 29 23 22
1634223647.573 46 50 38 34 29 25 23
1634223647.821 48 50 38 35 28 23 23
1634223648.072 48 50 39 34 29 23 22
1634223648.322 48 51 39 35 29 23 21
1634223648.572 48 52 37 35 28 25 20
1634223648.824 49 51 37 34 30 24 22
1634223649.073 47 51 39 35 28 25 24
1634223649.323 46 52 40 39 28 24 22
1634223649.573 48 51 39 35 29 24 21
1634223649.821 49 50 39 36 27 25 22
1634223650.071 47 50 37 36 28 25 21
1634223650.321 50 52 38 35 27 24 25
1634223650.589 45 49 38 37 27 24 22
1634223650.822 48 49 36 35 28 23 22
1634223651.074 47 52 38 34 28 25 22
1634223651.326 49 52 39 34 28 24 23
1634223651.572 48 51 39 35 30 23 22
1634223651.822 50 53 38 35 29 25 24
1634223652.074 47 51 36 34 28 23 23
1634223652.325 48 54 38 36 29 22 23
1634223652.572 48 52 38 36 28 26 23
1634223652.824 50 52 38 36 28 23 22
1634223653.073 50 50 38 38 30 23 23
1634223653.322 47 52 36 35 31 21 22
1634223653.574 47 52 38 36 28 23 24
1634223653.822 49 52 38 36 29 23 23
1634223654.072 49 48 39 36 29 25 23
1634223654.329 49 50 39 37 28 23 23
1634223654.572 48 49 38 35 27 22 24
1634223654.822 46 51 38 35 27 25 22
1634223655.075 47 52 39 34 29 26 22
1634223655.323 49 51 37 35 28 22 22
1634223655.575 47 49 38 34 28 25 24
1634223655.828 46 51 38 38 29 25 22
1634223656.073 48 52 39 35 30 23 23
1634223656.323 48 49 39 36 29 25 22
1634223656.573 49 50 38 37 29 23 22
1634223656.823 47 51 37 35 28 23 24
1634223657.074 50 52 39 37 28 25 25
1634223657.332 47 50 39 35 28 23 22
1634223657.572 48 52 39 39 27 25 25
1634223657.823 46 50 37 35 28 24 24
1634223658.077 46 50 38 35 30 23 24
1634223658.324 47 49 39 35 29 25 21
1634223658.574 46 51 40 36 28 24 20
1634223658.824 47 50 37 35 28 24 22
1634223659.073 47 51 37 36 27 23 22
1634223659.323 48 51 38 36 28 24 25
1634223659.572 45 51 39 35 27 24 23
1634223659.822 47 50 38 35 27 24 22
1634223660.075 47 50 39 36 28 22 25
1634223660.324 48 51 38 36 27 23 22
1634223660.574 48 49 38 36 30 22 22
1634223660.822 48 52 38 35 29 22 24
1634223661.074 46 52 37 34 28 26 21
1634223661.322 48 51 37 35 30 23 24
1634223661.577 48 51 39 35 28 22 21
1634223661.822 49 50 38 36 30 21 22
1634223662.073 46 51 37 35 29 23 23
1634223662.325 46 51 38 34 30 22 22
1634223662.573 50 52 38 39 26 24 21
1634223662.824 48 52 41 36 28 23 21
1634223663.074 48 52 40 35 30 22 25
1634223663.322 47 52 39 35 28 23 23
1634223663.573 47 50 39 36 28 22 24
1634223663.824 48 52 38 36 32 23 22
1634223664.078 48 53 37 36 28 24 22
1634223664.322 48 50 38 36 28 24 22
1634223664.573 47 51 38 34 28 23 20
1634223664.824 47 52 38 37 27 22 22
1634223665.076 48 50 37 35 26 23 23
1634223665.325 50 49 39 35 28 23 24
1634223665.574 47 51 39 34 29 24 22
1634223665.823 46 52 38 33 27 20 22
1634223666.073 49 51 36 34 26 25 21
1634223666.324 49 53 38 35 30 22 25
1634223666.575 46 50 38 34 28 21 22
1634223666.823 51 51 37 34 28 22 22
1634223667.073 47 50 37 35 30 24 21
1634223667.324 49 49 38 35 28 23 22
1634223667.572 48 52 38 37 27 21 24
1634223667.823 50 52 38 37 28 23 22
1634223668.073 46 51 37 38 28 21 23
1634223668.322 47 51 37 35 27 22 22
1634223668.572 48 50 38 36 28 22 23
1634223668.824 46 52 37 33 29 24 20
1634223669.073 48 50 39 35 27 24 25
1634223669.327 50 51 38 35 29 21 22
1634223669.573 48 50 38 35 29 22 20
1634223669.823 49 51 39 34 27 21 21
1634223670.073 49 52 38 38 27 23 22
1634223670.322 49 50 39 35 27 21 23
1634223670.573 46 51 38 37 28 22 23
1634223670.823 47 50 41 37 27 22 21
1634223671.073 46 50 38 35 27 23 22
1634223671.324 47 49 38 36 28 22 21
1634223671.573 45 51 38 34 31 24 21
1634223671.823 46 52 39 36 27 21 23
1634223672.074 48 50 37 36 28 22 23
1634223672.325 48 52 38 36 28 23 22
1634223672.577 49 52 37 35 30 23 24
1634223672.822 46 52 38 35 30 21 22
1634223673.075 48 50 39 35 29 23 20
1634223673.323 47 51 36 38 29 22 21
1634223673.573 48 52 36 36 28 24 21
1634223673.825 47 51 36 35 29 22 23
1634223674.074 47 51 38 36 28 23 21
1634223674.323 51 51 39 34 27 22 23
1634223674.574 47 52 37 36 27 21 22
1634223674.823 48 50 39 34 31 23 24
1634223675.073 46 51 38 34 28 25 23
1634223675.323 45 51 38 35 28 23 21
1634223675.573 49 53 37 33 28 23 22
1634223675.830 48 52 38 36 26 21 24
1634223676.076 46 52 38 35 29 22 24
1634223676.323 50 52 38 35 30 24 22
1634223676.573 48 51 40 35 28 23 23
1634223676.824 49 49 37 36 28 23 22
1634223677.074 46 50 36 39 30 21 22
1634223677.323 49 51 39 35 30 24 24
1634223677.573 47 50 38 37 32 24 22
1634223677.831 47 50 37 35 27 24 22
1634223678.073 47 51 37 33 28 24 23
1634223678.323 47 52 39 33 29 24 22
1634223678.578 46 52 40 39 28 22 22
1634223678.823 49 51 38 36 29 22 22
1634223679.087 47 50 40 36 29 22 23
1634223679.323 47 52 38 36 29 25 23
1634223679.575 47 49 38 36 28 21 23
1634223679.829 47 49 38 35 26 20 22
1634223680.074 47 51 38 35 26 23 22
1634223680.326 47 49 38 34 31 23 24
1634223680.573 48 50 38 36 27 22 22
1634223680.825 47 51 39 38 26 23 22
1634223681.077 47 50 38 35 26 25 21
1634223681.324 49 52 38 35 28 23 23
1634223681.578 46 51 39 34 29 23 21
1634223681.826 47 50 38 36 30 22 23
1634223682.076 49 52 39 37 28 22 23
1634223682.325 45 51 38 36 29 25 21
1634223682.576 49 51 38 38 28 23 22
1634223682.829 48 51 38 36 26 23 24
1634223683.073 48 49 38 37 27 21 23
1634223683.324 48 50 38 34 27 22 22
1634223683.575 47 49 37 36 27 23 21
1634223683.824 49 51 38 35 29 22 25
1634223684.074 48 53 39 35 28 21 23
1634223684.324 49 52 36 34 28 23 22
1634223684.577 48 50 37 37 29 25 21
1634223684.827 48 53 37 35 28 20 24
1634223685.073 48 50 37 37 30 23 21
1634223685.329 49 51 36 36 29 22 23
1634223685.573 50 52 38 35 28 22 22
1634223685.826 48 51 39 33 27 23 23
1634223686.074 50 52 39 34 31 23 21
1634223686.324 50 52 36 35 29 21 21
1634223686.575 47 49 39 35 30 25 21
1634223686.823 47 50 39 37 29 23 21
1634223687.074 48 52 39 36 30 22 22
1634223687.325 47 51 39 36 30 23 23
1634223687.577 48 49 37 35 27 20 22
1634223687.824 47 49 38 35 32 22 23
1634223688.075 47 50 38 37 26 23 23
1634223688.326 47 52 39 35 27 21 22
1634223688.577 48 49 36 35 26 23 25
1634223688.826 48 52 38 34 28 25 23
1634223689.073 45 50 39 33 27 22 23
1634223689.323 47 51 39 38 28 22 22
1634223689.574 49 51 37 37 27 25 21
1634223689.828 48 50 38 36 27 25 21
1634223690.074 49 49 38 36 27 23 22
1634223690.327 48 49 37 36 28 23 21
1634223690.573 48 51 38 35 27 24 23
1634223690.825 48 52 38 35 27 23 23
1634223691.074 46 53 39 35 31 26 21
1634223691.324 46 51 37 34 28 23 22
1634223691.573 45 51 39 35 27 24 23
1634223691.823 47 50 38 36 28 22 26
1634223692.074 48 52 40 35 28 24 22
1634223692.324 48 54 41 36 27 23 22
1634223692.573 49 52 39 35 28 23 24
1634223692.824 46 52 38 35 29 22 22
1634223693.073 46 51 39 34 28 22 24
1634223693.324 47 49 39 35 28 22 24
1634223693.575 47 50 38 35 28 22 22
1634223693.825 48 51 37 35 30 24 25
1634223694.073 47 51 39 36 29 25 22
1634223694.328 48 50 40 35 29 22 23
1634223694.574 47 51 37 37 28 22 23
1634223694.824 46 52 38 34 30 23 23
1634223695.077 47 50 39 34 29 22 21
1634223695.323 46 52 37 36 29 25 23
1634223695.574 50 49 39 37 28 21 23
1634223695.826 46 52 39 36 28 22 22
1634223696.074 46 51 38 34 27 25 23
1634223696.324 49 51 38 35 28 24 22
1634223696.575 49 50 36 35 27 22 22
1634223696.833 46 51 37 37 28 22 22
1634223697.074 47 50 38 34 30 23 25
1634223697.323 47 50 37 35 31 24 23
1634223697.584 51 50 38 36 29 24 22
1634223697.824 49 48 36 35 28 24 21
1634223698.074 48 51 37 36 26 23 23
1634223698.325 48 52 38 35 27 22 23
1634223698.574 49 51 36 37 27 24 23
1634223698.823 49 51 38 33 27 23 23
1634223699.074 48 50 37 36 29 23 21
1634223699.324 47 50 39 34 31 22 21
1634223699.574 47 50 37 36 27 23 21
1634223699.825 49 50 40 35 28 27 21
1634223700.076 48 49 37 36 29 22 21
1634223700.328 46 54 40 35 27 24 21
1634223700.574 45 52 37 36 28 25 22
1634223700.824 49 49 40 38 27 25 22
1634223701.074 47 51 37 36 30 24 23
1634223701.332 48 50 39 35 27 23 22
1634223701.575 47 52 38 37 28 23 22
1634223701.832 50 48 40 35 28 23 21
1634223702.073 48 51 38 35 30 22 23
1634223702.325 47 50 37 32 27 24 23
1634223702.576 47 51 37 35 28 21 22
1634223702.825 51 52 38 34 28 23 24
1634223703.092 47 50 36 36 30 24 24
1634223703.324 47 51 37 34 27 22 22
1634223703.577 49 50 40 33 30 21 24
1634223703.827 47 50 38 36 27 22 25
1634223704.076 49 49 37 37 30 21 22
1634223704.326 47 50 38 37 29 24 23
1634223704.580 48 52 39 35 27 22 22
1634223704.825 49 52 36 36 29 23 23
1634223705.074 49 49 38 34 28 22 24
1634223705.328 47 50 38 36 27 22 23
1634223705.575 47 50 38 35 26 24 23
1634223705.826 46 52 37 35 29 24 24
1634223706.083 49 52 38 34 29 23 21
1634223706.325 47 52 35 36 29 25 22
1634223706.576 48 48 39 35 27 24 24
1634223706.826 51 49 41 35 29 26 25
1634223707.076 46 50 39 36 29 24 22
1634223707.325 51 51 38 36 28 25 23
1634223707.574 49 49 38 37 28 22 22
1634223707.826 47 50 39 35 29 22 23
1634223708.076 48 51 37 35 26 23 22
1634223708.324 47 52 38 37 28 23 24
1634223708.574 47 51 38 36 28 22 22
1634223708.827 46 50 38 35 28 25 22
1634223709.078 50 51 37 36 29 22 24
1634223709.325 48 54 37 37 30 22 24
1634223709.580 46 49 37 36 27 21 21
1634223709.826 50 52 38 36 28 24 24
1634223710.076 47 51 40 35 30 21 22
1634223710.329 49 54 38 36 27 25 23
1634223710.577 47 49 38 35 27 23 23
1634223710.824 48 50 36 36 28 22 22
1634223711.077 47 49 39 34 28 24 22
1634223711.330 47 49 38 36 29 23 22
1634223711.575 48 50 39 36 28 24 23
1634223711.825 47 52 40 35 29 25 21
1634223712.076 49 51 40 34 30 24 20
1634223712.326 48 50 37 34 28 23 20
1634223712.575 47 51 39 34 28 23 23
1634223712.824 47 51 38 33 28 22 22
1634223713.076 45 48 38 34 28 23 22
1634223713.325 46 49 39 36 29 26 21
1634223713.575 48 50 38 34 27 23 24
1634223713.825 47 50 38 34 27 22 23
1634223714.080 48 51 39 38 31 25 23
1634223714.325 48 52 37 36 27 24 23
1634223714.574 47 50 40 35 28 24 23
1634223714.827 50 52 39 35 28 23 25
1634223715.075 46 50 37 34 28 22 22
1634223715.325 49 52 39 35 28 23 25
1634223715.577 47 50 38 37 28 23 24
1634223715.825 48 52 38 36 28 22 23
1634223716.075 47 51 38 36 28 22 22
1634223716.325 46 52 40 34 28 24 23
1634223716.574 47 51 38 34 27 23 24
1634223716.828 47 54 37 36 28 25 22
1634223717.074 47 53 39 34 28 22 23
1634223717.324 47 50 38 36 28 22 22
1634223717.576 48 50 38 36 28 24 24
1634223717.825 50 52 39 35 30 23 22
1634223718.075 48 50 39 36 28 24 23
1634223718.331 49 54 39 35 30 23 21
1634223718.575 49 51 38 34 29 21 22
1634223718.824 47 50 40 36 31 22 23
1634223719.082 50 50 38 35 26 24 22
1634223719.326 47 53 38 35 27 22 23
1634223719.575 49 49 36 33 28 22 22
1634223719.825 48 49 40 36 26 27 25
1634223720.084 48 50 38 34 28 24 24
1634223720.325 48 52 39 36 28 21 21
1634223720.575 49 51 37 36 28 22 21
1634223720.827 50 50 38 35 28 24 22
1634223721.078 47 51 39 35 28 24 22
1634223721.325 48 52 38 33 28 23 22
1634223721.575 48 51 40 35 27 23 23
1634223721.824 49 51 39 37 30 22 24
1634223722.076 47 50 39 36 28 23 22
1634223722.324 48 50 38 34 26 22 21
1634223722.576 49 50 38 35 29 23 23
1634223722.829 47 51 36 34 28 24 22
1634223723.076 47 50 38 36 26 23 23
1634223723.325 50 53 38 36 27 25 24
1634223723.581 48 51 38 36 29 23 24
1634223723.826 48 51 38 35 27 22 25
1634223724.077 47 52 37 36 27 23 25
1634223724.333 49 52 38 35 26 21 23
1634223724.575 47 51 38 34 27 23 25
1634223724.826 48 50 39 35 28 20 24
1634223725.076 48 52 39 37 29 22 22
1634223725.326 46 50 38 36 27 23 24
1634223725.576 47 52 38 37 30 25 22
1634223725.830 47 49 39 37 27 22 23
1634223726.075 46 49 39 35 27 24 23
1634223726.326 48 51 39 34 27 23 22
1634223726.580 50 51 39 35 28 24 25
1634223726.826 46 49 37 34 29 23 23
1634223727.080 46 51 38 36 28 22 26
1634223727.327 47 49 38 34 26 21 24
1634223727.575 47 50 38 34 29 23 21
1634223727.829 49 50 39 34 27 22 22
1634223728.076 47 50 38 33 28 23 22
1634223728.325 46 52 40 34 27 22 21
1634223728.577 47 52 39 35 27 22 22
1634223728.825 47 50 38 35 27 22 22
1634223729.075 49 53 37 33 28 24 22
1634223729.327 48 49 37 35 28 24 23
1634223729.575 48 51 40 36 29 23 22
1634223729.832 48 50 37 36 27 23 23
1634223730.079 47 50 40 36 28 24 24
1634223730.328 47 52 38 35 30 22 24
1634223730.577 48 51 39 34 28 24 23
1634223730.825 49 51 37 33 27 24 22
1634223731.077 46 52 38 36 27 23 22
1634223731.326 49 49 40 36 29 21 22
1634223731.576 49 52 38 34 31 23 23
1634223731.825 48 54 39 35 29 25 22
1634223732.079 48 50 40 37 28 23 22
1634223732.326 48 50 39 36 28 22 24
1634223732.575 48 50 38 35 27 21 24
1634223732.828 48 51 37 36 28 23 23
1634223733.080 47 51 40 35 30 23 20
1634223733.329 48 50 38 35 27 22 24
1634223733.575 48 51 36 34 29 23 21
1634223733.831 48 51 37 36 29 24 23
1634223734.078 48 51 38 34 28 26 24
1634223734.326 47 51 39 36 28 22 21
1634223734.575 49 51 39 36 27 22 22
1634223734.826 46 52 40 35 30 23 22
1634223735.075 50 51 36 36 30 22 22
1634223735.326 46 51 37 37 27 21 22
1634223735.575 49 53 38 35 26 21 25
1634223735.825 48 49 36 37 27 23 23
1634223736.078 46 50 36 34 28 22 22
1634223736.326 46 50 38 37 31 24 22
1634223736.575 49 50 38 35 29 22 21
1634223736.826 48 50 37 35 29 24 22
1634223737.078 48 52 38 36 27 25 24
1634223737.328 49 50 38 37 32 22 22
1634223737.576 49 50 37 35 29 22 23
1634223737.826 49 51 37 37 30 23 22
1634223738.076 47 49 38 34 28 22 24
1634223738.326 48 51 38 34 28 25 23
1634223738.575 49 51 37 36 29 25 24
1634223738.826 48 52 38 37 28 24 24
1634223739.075 49 50 41 37 29 22 21
1634223739.326 48 49 38 37 28 22 23
1634223739.578 47 51 38 36 28 22 21
1634223739.826 48 51 36 35 32 25 23
1634223740.076 46 50 36 34 28 23 24
1634223740.327 48 50 39 35 30 24 22
1634223740.576 47 50 39 37 28 23 24
1634223740.826 47 54 38 34 30 23 23
1634223741.076 46 53 38 34 29 22 23
1634223741.330 47 52 41 36 28 24 23
1634223741.576 49 52 38 34 28 24 24
1634223741.825 46 49 37 36 29 23 23
1634223742.076 48 50 39 36 30 22 21
1634223742.326 45 51 38 34 29 24 22
1634223742.576 47 50 39 35 30 23 24
1634223742.826 48 54 38 35 29 23 23
1634223743.077 47 51 37 37 28 23 24
1634223743.325 48 51 38 35 28 22 23
1634223743.575 48 51 38 36 27 22 24
1634223743.830 46 51 38 36 29 24 22
1634223744.075 48 54 36 36 29 22 22
1634223744.326 49 49 39 35 30 22 21
1634223744.576 46 51 38 35 31 23 25
1634223744.833 48 51 40 36 29 22 23
1634223745.078 47 51 37 35 29 22 22
1634223745.326 48 49 38 34 28 22 23
1634223745.577 47 51 39 38 29 24 24
1634223745.826 49 49 39 34 27 24 23
1634223746.077 46 51 39 35 28 22 23
1634223746.331 47 51 39 34 29 23 23
1634223746.582 47 53 36 34 31 24 25
1634223746.825 46 52 41 34 28 22 22
1634223747.077 50 49 38 36 28 23 23
1634223747.326 45 51 37 35 30 22 24
1634223747.576 49 51 36 37 27 23 25
1634223747.826 47 50 38 35 28 21 22
1634223748.079 47 50 38 35 30 22 24
1634223748.327 47 50 37 35 30 20 24
1634223748.576 46 49 38 33 31 22 22
1634223748.830 46 52 37 35 27 21 21
1634223749.082 48 53 38 34 29 25 21
1634223749.327 47 51 38 38 27 23 23
1634223749.576 49 50 37 36 29 21 23
1634223749.829 49 51 38 35 28 22 22
1634223750.076 49 49 38 35 28 23 21
1634223750.344 49 51 42 35 28 22 23
1634223750.578 47 49 41 35 28 22 23
1634223750.827 47 51 38 33 28 22 22
1634223751.083 46 51 36 34 27 21 22
1634223751.327 47 50 36 36 29 23 22
1634223751.577 48 52 41 35 28 23 24
1634223751.830 49 50 38 37 29 24 24
1634223752.077 48 53 39 37 30 24 23
1634223752.327 47 50 36 35 26 23 22
1634223752.578 48 51 37 34 28 23 25
1634223752.826 49 54 37 36 28 23 21
1634223753.076 48 52 38 34 29 24 22
1634223753.328 48 51 38 36 31 22 23
1634223753.580 47 50 37 36 29 23 21
1634223753.826 47 52 38 35 28 24 24
1634223754.079 48 52 37 37 29 23 24
1634223754.328 50 51 37 34 28 23 26
1634223754.577 47 51 38 36 30 22 22
1634223754.827 48 51 38 35 28 21 21
1634223755.076 48 51 38 35 28 22 25
1634223755.333 47 52 38 34 28 23 25
1634223755.578 48 53 39 34 30 21 22
1634223755.826 46 50 41 34 29 21 23
1634223756.077 49 51 39 35 29 25 23
1634223756.328 49 49 38 36 29 23 23
1634223756.577 48 51 39 36 29 22 24
1634223756.826 49 50 38 36 27 23 24
1634223757.079 50 52 39 36 29 24 22
1634223757.327 48 51 38 35 28 22 23
1634223757.580 45 49 37 34 31 22 23
1634223757.829 49 51 37 36 27 22 24
1634223758.078 49 52 37 34 27 23 21
1634223758.327 47 52 40 35 29 23 23
1634223758.577 47 50 39 33 27 24 22
1634223758.827 46 49 38 33 27 24 24
1634223759.076 48 50 37 36 28 25 24
1634223759.328 49 50 38 34 28 22 23
1634223759.576 47 52 38 36 28 21 22
1634223759.827 49 50 37 33 29 22 22
1634223760.078 48 48 38 36 28 25 22
1634223760.327 50 51 39 35 28 23 24
1634223760.581 49 52 39 35 29 23 22
1634223760.827 47 50 38 33 31 21 23
1634223761.076 48 51 37 33 27 22 23
1634223761.328 49 50 38 36 27 22 21
1634223761.576 50 52 37 38 31 21 22
1634223761.826 46 51 38 35 27 21 22
1634223762.080 47 52 36 35 30 22 23
1634223762.327 47 52 37 36 28 24 21
1634223762.578 48 51 36 34 27 22 21
1634223762.827 49 49 38 36 28 24 22
1634223763.076 47 50 37 35 27 24 24
1634223763.328 49 52 37 35 28 23 23
1634223763.577 47 51 38 34 30 24 25
1634223763.827 48 51 36 35 29 21 20
1634223764.077 48 53 36 37 27 22 23
1634223764.328 48 50 39 36 29 22 22
1634223764.577 51 50 41 38 27 23 23
1634223764.827 48 52 37 36 28 23 23
1634223765.079 51 50 37 36 29 21 21
1634223765.326 49 52 38 36 27 23 21
1634223765.577 46 51 38 33 29 25 23
1634223765.827 48 50 40 34 27 24 26
1634223766.079 46 52 39 35 26 22 22
1634223766.326 49 52 37 41 28 22 22
1634223766.576 48 53 37 36 29 23 22
1634223766.828 48 50 39 35 28 22 22
1634223767.078 48 50 36 34 28 22 22
1634223767.327 49 52 38 36 27 25 22
1634223767.576 48 49 37 36 29 22 20
1634223767.834 48 51 39 34 30 23 21
1634223768.076 47 52 39 36 28 22 23
1634223768.328 46 50 37 36 26 24 23
1634223768.579 48 50 38 36 30 23 22
1634223768.826 48 51 38 36 28 24 20
1634223769.079 46 54 37 34 26 21 21
1634223769.327 47 51 38 35 29 24 24
1634223769.577 48 50 40 33 26 23 22
1634223769.834 47 49 40 34 28 23 22
1634223770.078 47 54 38 35 30 25 21
1634223770.327 47 52 40 36 29 22 25
1634223770.580 48 50 38 34 28 22 23
1634223770.827 49 51 38 35 28 22 23
1634223771.077 48 52 37 37 29 22 24
1634223771.328 46 48 37 35 28 21 22
1634223771.577 48 51 40 36 27 23 22
1634223771.827 48 51 38 36 30 24 23
1634223772.078 47 51 40 36 28 22 22
1634223772.329 49 49 39 35 26 23 22
1634223772.580 50 52 37 36 28 21 22
1634223772.829 48 49 37 35 28 22 21
1634223773.080 47 52 38 36 28 23 23
1634223773.328 47 51 38 36 29 22 22
1634223773.578 46 52 40 35 30 23 22
1634223773.832 47 51 36 35 28 22 22
1634223774.077 49 51 38 34 28 23 21
1634223774.329 47 49 38 36 29 23 22
1634223774.578 50 55 38 39 29 22 24
1634223774.828 49 51 37 37 28 24 21
1634223775.082 48 53 38 35 29 22 24
1634223775.327 47 50 38 36 27 23 23
1634223775.578 47 51 37 35 27 22 22
1634223775.830 47 48 39 35 27 22 22
1634223776.076 50 51 38 36 30 23 23
1634223776.329 48 50 37 35 28 21 22
1634223776.580 47 51 40 36 28 23 25
1634223776.830 47 51 37 36 27 22 22
1634223777.079 48 51 37 34 31 23 22
1634223777.328 46 52 41 37 30 23 21
1634223777.578 46 52 38 34 28 25 23
1634223777.828 50 51 38 37 28 22 21
1634223778.078 48 51 38 37 28 22 22
1634223778.329 46 51 37 34 27 23 23
1634223778.577 46 51 38 35 30 23 23
1634223778.827 48 50 38 36 30 22 24
1634223779.077 48 50 38 37 26 20 22
1634223779.327 49 49 38 37 28 25 24
1634223779.580 49 52 37 36 28 26 23
1634223779.828 46 51 40 34 28 22 22
1634223780.085 49 51 37 37 28 23 20
1634223780.329 48 50 37 35 29 22 22
1634223780.577 47 48 39 34 31 23 24
1634223780.829 47 51 40 36 30 21 23
1634223781.077 46 51 40 36 30 24 22
1634223781.327 48 52 39 35 28 23 22
1634223781.578 47 49 38 35 27 22 22
1634223781.827 48 53 38 36 28 24 22
1634223782.077 49 49 37 36 30 23 21
1634223782.327 47 53 37 36 28 22 22
1634223782.578 48 50 38 36 28 24 21
1634223782.827 46 52 37 34 31 23 23
1634223783.077 48 50 38 34 28 21 24
1634223783.327 47 52 38 35 29 21 21
1634223783.578 48 51 37 36 28 22 24
1634223783.832 47 51 37 38 29 22 24
1634223784.080 47 52 38 34 29 25 24
1634223784.329 47 50 39 35 29 21 21
1634223784.577 47 50 38 35 28 22 21
1634223784.832 48 51 38 37 29 23 22
1634223785.077 50 50 37 34 31 23 21
1634223785.328 47 52 37 33 29 23 22
1634223785.579 48 50 38 37 30 23 23
1634223785.828 48 50 37 37 30 22 24
1634223786.078 47 51 39 37 29 23 22
1634223786.329 46 51 39 35 29 22 22
1634223786.577 47 50 38 35 28 23 22
1634223786.828 47 51 37 34 30 21 24
1634223787.077 46 52 38 36 29 22 22
1634223787.333 47 52 38 38 29 23 24
1634223787.578 46 51 37 37 32 22 23
1634223787.828 49 51 39 35 28 24 25
1634223788.078 48 50 38 38 28 23 23
1634223788.338 49 52 37 35 27 23 23
1634223788.577 47 51 38 35 28 23 24
1634223788.827 50 50 37 35 27 24 22
1634223789.079 48 51 37 36 30 22 22
1634223789.328 47 50 38 35 26 22 24
1634223789.577 49 49 38 35 29 25 23
1634223789.827 49 51 38 36 27 23 21
1634223790.078 46 53 38 37 27 23 22
1634223790.335 46 50 38 36 27 26 23
1634223790.580 48 51 41 38 27 22 23
1634223790.828 49 51 39 39 29 22 25
1634223791.082 48 50 39 35 29 24 24
1634223791.329 48 50 38 34 29 23 24
1634223791.579 49 49 36 36 28 23 21
1634223791.832 47 50 39 35 29 22 25
1634223792.078 47 48 37 35 29 22 21
1634223792.335 47 53 38 34 29 21 21
1634223792.579 48 52 41 37 30 22 21
1634223792.829 46 52 37 36 28 24 21
1634223793.078 47 51 39 36 26 21 23
1634223793.331 45 49 37 33 28 22 22
1634223793.578 47 53 38 35 31 24 23
1634223793.828 46 50 40 36 28 23 22
1634223794.083 48 51 36 34 28 21 20
1634223794.328 48 51 38 34 28 21 23
1634223794.582 47 51 38 37 28 21 23
1634223794.833 46 51 37 35 27 22 23
1634223795.079 49 50 38 36 28 23 21
1634223795.331 49 50 41 34 29 23 22
1634223795.579 48 51 39 34 29 21 23
1634223795.830 49 49 38 34 27 25 24
1634223796.078 47 50 39 36 28 22 22
1634223796.328 47 50 38 34 28 23 25
1634223796.578 48 51 38 37 26 22 23
1634223796.832 47 50 38 34 28 22 20
1634223797.080 48 51 39 35 28 22 22
1634223797.329 45 52 39 37 26 23 22
1634223797.579 48 51 37 36 28 23 22
1634223797.829 50 50 38 36 28 21 21
1634223798.078 48 51 38 35 28 25 22
1634223798.328 48 51 38 36 28 27 27
1634223798.577 47 50 38 36 28 24 23
1634223798.829 47 50 39 38 29 22 21
1634223799.078 47 50 38 38 31 21 21
1634223799.328 48 50 37 37 29 25 23
1634223799.579 48 50 39 35 27 21 22
1634223799.831 48 54 37 35 27 23 23
1634223800.079 47 50 38 35 27 22 22
1634223800.328 47 52 39 36 28 21 21
1634223800.583 47 51 41 36 27 22 20
1634223800.828 47 52 38 36 28 23 22
1634223801.080 47 51 39 36 28 24 22
1634223801.331 47 50 38 35 30 23 23
1634223801.579 48 53 37 37 28 23 24
1634223801.830 50 50 39 35 30 23 25
1634223802.085 49 52 38 35 29 25 24
1634223802.330 46 53 39 35 29 21 23
1634223802.581 46 48 36 34 28 23 23
1634223802.829 47 52 37 34 28 22 22
1634223803.081 47 51 36 34 27 22 21
1634223803.329 48 52 41 36 31 24 22
1634223803.578 48 51 39 34 28 22 22
1634223803.830 47 50 38 34 26 24 22
1634223804.079 44 53 38 35 30 21 23
1634223804.329 47 51 37 36 28 23 24
1634223804.584 50 50 38 35 28 22 24
1634223804.828 47 54 38 34 28 22 23
1634223805.079 48 49 38 32 29 21 21
1634223805.331 46 50 37 36 28 24 22
1634223805.579 48 51 38 35 28 21 22
1634223805.829 47 51 37 35 29 23 22
1634223806.080 48 53 40 35 29 23 25
1634223806.331 50 51 37 35 28 24 22
1634223806.578 50 51 38 37 26 24 21
1634223806.830 46 49 38 38 28 23 23
1634223807.078 47 54 37 36 27 24 23
1634223807.329 49 52 37 35 28 25 23
1634223807.578 48 49 39 35 28 25 24
1634223807.828 48 53 38 37 27 22 22
1634223808.078 47 50 38 34 27 24 23
1634223808.331 48 51 39 37 29 24 23
1634223808.578 48 52 37 35 28 23 24
1634223808.828 49 49 37 35 27 23 22
1634223809.082 50 51 38 35 29 23 21
1634223809.332 50 52 38 35 29 23 23
1634223809.579 48 53 41 36 28 23 21
1634223809.830 48 51 38 36 30 23 24
1634223810.079 46 49 37 36 27 24 23
1634223810.329 47 50 39 36 28 24 26
1634223810.579 47 51 38 35 28 22 21
1634223810.829 46 51 40 36 28 22 22
1634223811.079 46 49 39 35 29 23 19
1634223811.329 48 52 37 38 32 23 22
1634223811.582 47 54 36 36 29 23 22
1634223811.829 48 51 38 38 28 23 23
1634223812.079 47 51 39 36 27 23 22
1634223812.330 46 51 40 36 27 21 22
1634223812.582 46 49 37 37 26 22 23
1634223812.830 47 50 38 36 26 23 25
1634223813.095 49 49 37 36 29 22 25
1634223813.330 50 50 38 34 27 24 23
1634223813.579 49 49 38 38 28 24 24
1634223813.831 48 53 37 36 27 21 23
1634223814.078 48 50 39 35 30 24 22
1634223814.330 48 50 37 38 28 24 22
1634223814.579 47 51 38 34 27 23 23
1634223814.838 50 51 39 36 26 25 24
1634223815.079 47 51 36 37 28 24 24
1634223815.331 47 53 38 36 29 24 25
1634223815.581 46 53 37 35 30 21 24
1634223815.829 48 50 39 35 30 21 24
1634223816.095 48 51 39 35 27 22 22
1634223816.330 50 50 39 35 29 21 22
1634223816.579 46 53 35 38 29 23 23
1634223816.842 49 51 37 36 27 21 21
1634223817.082 47 52 38 36 28 23 21
1634223817.329 48 52 39 35 28 23 22
1634223817.582 47 49 38 34 28 23 22
1634223817.829 47 52 37 36 30 24 23
1634223818.079 50 52 39 35 28 24 21
1634223818.329 48 51 37 36 31 22 21
1634223818.582 46 51 38 37 27 22 20
1634223818.830 48 50 40 34 27 22 22
1634223819.082 48 51 38 36 27 23 24
1634223819.329 48 50 39 34 28 24 22
1634223819.582 46 52 39 34 27 23 22
1634223819.832 48 52 39 37 28 24 24
1634223820.078 48 50 40 36 28 23 21
1634223820.329 47 52 39 36 27 22 21
1634223820.579 47 51 38 34 28 25 21
1634223820.829 47 51 36 33 29 23 21
1634223821.080 48 50 37 35 29 23 23
1634223821.332 49 50 37 35 27 24 22
1634223821.579 46 50 39 36 30 23 22
1634223821.830 49 49 39 34 29 25 23
1634223822.081 46 51 38 37 30 23 23
1634223822.329 49 51 36 37 28 23 21
1634223822.582 48 51 37 34 28 25 24
1634223822.832 49 51 39 35 28 24 23
1634223823.081 47 51 36 36 29 23 23
1634223823.330 46 50 38 37 29 24 23
1634223823.580 46 49 38 36 28 24 25
1634223823.829 48 49 36 35 27 23 24
1634223824.080 47 52 39 34 29 20 22
1634223824.329 48 50 37 36 27 23 23
1634223824.582 46 52 39 34 29 24 22
1634223824.830 46 52 39 36 29 24 24
1634223825.082 47 53 39 34 28 23 23
1634223825.330 46 50 39 39 28 23 21
1634223825.580 47 51 37 35 28 24 22
1634223825.830 47 53 36 34 30 21 20
1634223826.084 46 50 37 34 29 25 21
1634223826.330 48 51 38 35 31 21 25
1634223826.588 46 53 36 35 27 24 23
1634223826.832 49 51 39 36 29 24 19
1634223827.082 48 52 36 35 27 23 22
1634223827.330 46 53 37 37 27 23 20
1634223827.585 51 52 38 35 29 22 23
1634223827.829 49 49 37 34 30 23 21
1634223828.081 49 50 37 34 28 22 22
1634223828.330 47 49 39 37 28 23 22
1634223828.579 49 50 37 36 28 23 22
1634223828.830 47 50 37 36 30 24 25
1634223829.079 46 51 38 36 29 25 22
1634223829.331 50 52 36 37 27 23 23
1634223829.579 49 50 39 35 31 22 22
1634223829.829 47 50 39 35 31 24 23
1634223830.081 46 50 38 35 28 23 22
1634223830.330 49 52 37 34 27 21 22
1634223830.580 50 49 38 35 28 23 22
1634223830.831 50 50 38 36 30 22 20
1634223831.080 48 51 38 35 27 22 23
1634223831.329 49 53 39 35 28 23 21
1634223831.580 49 49 37 36 29 24 22
1634223831.829 48 49 39 35 28 23 22
1634223832.079 49 54 38 36 29 23 20
1634223832.331 46 52 38 35 29 24 22
1634223832.585 47 53 38 34 28 22 22
1634223832.829 47 52 37 36 28 21 22
1634223833.081 48 49 37 34 31 23 21
1634223833.331 48 50 38 35 28 22 21
1634223833.580 47 50 38 35 30 21 22
1634223833.829 48 51 39 37 28 23 23
1634223834.081 46 51 39 35 27 23 20
1634223834.330 48 50 37 37 32 23 22
1634223834.579 47 50 39 35 28 22 23
1634223834.830 47 49 40 36 28 23 22
1634223835.083 48 49 38 35 30 23 21
1634223835.329 48 51 39 36 29 21 21
1634223835.581 46 52 39 37 27 23 23
1634223835.835 48 51 38 37 28 23 20
1634223836.080 47 52 39 37 30 22 21
1634223836.331 48 50 38 35 29 22 21
1634223836.581 48 51 38 36 29 22 23
1634223836.830 48 51 37 36 26 25 20
1634223837.080 47 51 38 35 28 21 22
1634223837.331 46 51 38 34 28 24 22
1634223837.584 49 49 39 35 28 21 22
1634223837.831 48 53 39 36 27 24 22
1634223838.084 48 52 39 35 28 21 23
1634223838.332 47 50 37 33 25 22 24
1634223838.580 46 51 37 36 29 22 22
1634223838.834 47 53 37 36 30 22 23
1634223839.084 49 52 38 36 28 22 22
1634223839.332 48 50 38 38 27 22 20
1634223839.583 46 52 39 38 30 22 23
1634223839.836 47 53 37 37 28 22 22
1634223840.082 46 52 36 36 28 22 22
1634223840.331 47 49 38 37 29 23 22
1634223840.580 49 51 38 36 28 24 21
1634223840.831 51 53 38 35 28 23 23
1634223841.085 47 49 37 36 28 24 21
1634223841.330 46 50 37 36 28 22 22
1634223841.585 51 51 39 34 28 24 22
1634223841.833 48 51 38 37 27 22 21
1634223842.080 46 50 39 33 28 22 23
1634223842.331 48 51 39 35 28 23 22
1634223842.580 46 50 39 37 27 24 23
1634223842.831 49 53 39 35 29 23 21
1634223843.081 49 51 36 35 28 23 21
1634223843.330 51 53 40 35 28 22 21
1634223843.583 46 53 37 36 26 23 23
1634223843.833 47 50 37 35 27 23 21
1634223844.080 49 51 37 33 31 24 23
1634223844.333 49 50 37 36 28 23 22
1634223844.583 50 50 38 35 29 23 22
1634223844.833 47 53 39 37 28 24 22
1634223845.084 48 50 39 35 27 23 23
1634223845.330 47 51 39 38 28 21 21
1634223845.580 47 49 37 36 27 22 24
1634223845.831 48 51 39 37 27 22 22
1634223846.080 46 52 38 35 28 22 22
1634223846.330 47 49 38 36 28 23 21
1634223846.580 47 52 39 38 30 24 24
1634223846.833 47 50 38 38 27 19 22
1634223847.080 47 50 38 36 27 24 23
1634223847.330 47 51 38 37 29 21 22
1634223847.580 46 50 39 35 30 22 23
1634223847.832 47 50 38 35 32 22 21
1634223848.081 47 52 38 35 27 23 22
1634223848.332 48 51 38 37 26 20 26
1634223848.581 48 51 36 35 27 23 24
1634223848.832 49 51 37 38 27 22 23
1634223849.085 48 51 38 34 27 23 22
1634223849.331 47 49 39 35 27 25 25
1634223849.581 48 51 40 38 28 22 22
1634223849.830 48 49 40 36 29 22 22
1634223850.082 48 52 39 35 28 24 20
1634223850.332 48 51 37 36 32 22 21
1634223850.581 48 53 40 37 32 22 21
1634223850.831 47 51 39 35 29 22 24
1634223851.081 48 50 38 37 31 23 23
1634223851.330 47 51 37 39 29 24 23
1634223851.581 46 53 39 35 28 21 24
1634223851.830 47 50 39 35 31 21 23
1634223852.080 49 50 37 34 29 23 23
1634223852.331 50 51 38 36 27 22 21
1634223852.580 47 52 37 36 30 22 23
1634223852.830 47 50 40 37 31 22 22
1634223853.082 49 50 37 36 28 21 21
1634223853.330 49 51 36 38 28 22 22
1634223853.584 49 52 36 36 29 22 23
1634223853.846 49 49 37 36 29 21 23
1634223854.083 48 49 38 34 28 23 23
1634223854.332 47 49 37 34 32 23 21
1634223854.581 48 51 39 37 31 23 21
1634223854.835 48 49 38 34 32 25 22
1634223855.081 48 53 38 36 29 23 23
1634223855.331 48 49 36 37 27 22 22
1634223855.584 47 51 38 38 30 24 21
1634223855.831 47 51 39 38 29 24 24
1634223856.081 48 51 37 37 27 22 23
1634223856.330 48 52 39 35 29 24 24
1634223856.580 47 51 38 36 27 23 21
1634223856.831 46 50 37 36 30 25 22
1634223857.081 48 51 38 35 28 21 22
1634223857.332 47 51 40 35 30 24 21
1634223857.580 48 52 37 35 28 22 24
1634223857.832 48 51 38 35 31 23 23
1634223858.080 46 50 38 34 29 24 23
1634223858.330 48 51 38 38 29 21 21
1634223858.583 47 50 38 37 29 23 22
1634223858.831 47 52 37 36 30 22 22
1634223859.080 48 50 41 36 29 22 21
1634223859.332 51 51 38 36 28 22 22
1634223859.581 48 51 38 35 29 21 21
1634223859.834 46 53 39 37 30 23 21
1634223860.081 49 50 38 35 28 22 20
1634223860.337 48 52 38 36 27 22 21
1634223860.581 50 53 36 35 27 21 20
1634223860.832 48 53 37 36 28 22 24
1634223861.080 48 50 37 37 30 22 22
1634223861.343 46 52 37 35 30 22 22
1634223861.580 47 53 40 35 28 21 23
1634223861.833 49 51 41 35 31 23 21
1634223862.086 46 51 37 35 30 22 22
1634223862.332 50 51 38 37 26 22 21
1634223862.583 48 52 36 34 32 23 23
1634223862.831 47 51 40 35 29 23 23
1634223863.081 46 51 37 36 27 25 20
1634223863.332 47 50 37 34 29 24 21
1634223863.582 47 51 39 36 30 21 22
1634223863.830 47 51 37 36 28 23 23
1634223864.084 47 50 37 37 30 22 24
1634223864.331 48 52 37 34 32 22 21
1634223864.582 45 50 37 34 29 21 22
1634223864.831 48 51 38 35 29 23 21
1634223865.081 52 51 38 35 28 22 21
1634223865.331 49 52 36 37 29 22 22
1634223865.586 47 52 39 33 29 22 21
1634223865.831 48 49 39 35 28 21 22
1634223866.082 49 50 38 35 29 24 21
1634223866.334 48 52 38 35 29 21 22
1634223866.581 48 55 40 37 29 21 21
1634223866.833 51 52 38 35 28 24 23
1634223867.083 47 51 39 37 28 23 23
1634223867.331 47 50 37 37 29 22 24
1634223867.581 47 53 40 36 28 23 22
1634223867.831 47 53 38 36 29 25 22
1634223868.081 48 51 41 35 29 22 21
1634223868.331 50 51 37 34 29 23 21
1634223868.581 48 49 38 35 28 21 24
1634223868.835 50 51 40 37 29 21 24
1634223869.081 48 51 39 36 32 25 24
1634223869.331 47 50 38 34 32 24 23
1634223869.583 47 51 38 36 29 24 24
1634223869.832 47 51 38 36 29 24 22
1634223870.083 49 52 37 35 29 23 22
1634223870.331 46 51 38 37 31 26 21
1634223870.581 46 49 38 35 30 24 22
1634223870.832 49 52 40 37 27 25 24
1634223871.082 46 52 37 36 29 21 22
1634223871.332 47 50 38 34 27 22 22
1634223871.582 48 52 38 35 29 22 22
1634223871.831 48 51 39 36 30 23 22
1634223872.084 49 52 37 37 29 21 23
1634223872.331 47 51 38 35 30 23 24
1634223872.583 48 52 39 38 29 22 23
1634223872.834 46 52 39 37 29 26 23
1634223873.081 49 55 40 36 30 21 21
1634223873.335 47 51 35 37 30 21 22
1634223873.582 46 52 37 37 30 23 21
1634223873.832 46 49 38 36 30 23 23
1634223874.082 49 50 37 34 30 22 25
1634223874.332 50 53 40 36 30 21 22
1634223874.583 45 51 37 36 28 22 22
1634223874.833 46 51 38 36 30 24 22
1634223875.082 48 50 36 36 30 23 21
1634223875.339 47 50 36 37 29 23 23
1634223875.581 48 51 37 36 30 21 24
1634223875.831 46 49 38 37 28 23 22
1634223876.084 48 51 37 35 28 22 25
1634223876.332 47 50 38 36 28 23 23
1634223876.582 46 49 37 35 30 22 23
1634223876.834 49 50 39 35 30 23 24
1634223877.082 48 50 39 33 29 24 23
1634223877.331 46 52 38 36 29 20 22
1634223877.582 49 50 38 37 30 21 22
1634223877.833 47 50 38 36 28 22 21
1634223878.081 48 49 38 36 27 21 21
1634223878.331 48 51 39 36 28 23 23
1634223878.585 49 50 39 37 27 22 21
1634223878.832 49 51 40 37 28 20 21
1634223879.082 46 51 37 34 28 23 23
1634223879.336 48 52 39 37 28 20 22
1634223879.581 47 52 39 35 29 23 25
1634223880.084 47 49 39 35 25 24 21
1634223880.332 47 49 38 38 31 22 23
1634223880.584 48 51 38 37 31 24 23
1634223880.837 47 50 38 34 28 23 22
1634223881.082 47 51 38 35 27 22 24
1634223881.332 50 52 37 38 29 23 22
1634223881.585 48 52 39 36 29 24 23
1634223881.832 48 50 39 35 27 24 23
1634223882.084 45 52 37 36 29 21 22
1634223882.332 48 50 39 34 28 22 21
1634223882.582 45 52 40 35 27 21 20
1634223882.832 48 50 36 35 28 21 22
1634223883.081 47 50 39 34 29 23 22
1634223883.336 48 51 37 36 28 23 22
1634223883.582 47 53 37 37 30 22 22
1634223883.835 48 51 37 35 31 21 21
1634223884.083 48 51 37 33 28 21 22
1634223884.333 47 52 40 38 28 24 23
1634223884.583 47 50 38 35 30 21 23
1634223884.832 48 50 38 36 29 22 22
1634223885.084 51 50 40 35 30 22 23
1634223885.331 48 51 39 34 29 21 25
1634223885.582 47 50 37 34 29 22 22
1634223885.832 47 48 39 36 27 22 22
1634223886.082 47 52 38 36 28 21 21
1634223886.333 48 49 39 35 26 21 23
1634223886.582 48 51 38 35 28 21 25
1634223886.832 48 52 37 37 28 24 22
1634223887.084 48 51 37 36 29 23 23
1634223887.332 48 52 37 35 28 22 21
1634223887.584 48 53 38 35 31 23 22
1634223887.833 47 51 39 36 29 22 23
1634223888.083 48 52 38 37 31 21 22
1634223888.332 47 49 39 37 28 24 23
1634223888.582 46 51 38 35 29 21 23
1634223888.832 49 51 36 34 33 23 22
1634223889.084 47 52 37 35 28 22 21
1634223889.332 47 49 39 34 29 23 23
1634223889.585 46 53 39 34 28 23 23
1634223889.835 49 49 38 37 29 24 23
1634223890.082 48 50 39 39 29 22 20
1634223890.336 47 51 37 39 28 21 22
1634223890.582 50 50 37 35 29 24 22
1634223890.832 48 51 37 37 29 22 22
1634223891.082 48 52 39 35 29 23 23
1634223891.332 47 52 37 34 28 22 22
1634223891.582 46 50 39 34 30 23 22
1634223891.833 47 50 37 35 28 21 22
1634223892.082 47 49 39 37 31 20 21
1634223892.333 47 50 38 35 28 23 23
1634223892.598 48 51 38 36 29 23 22
1634223892.832 48 52 36 37 28 22 21
1634223893.082 50 51 39 36 26 24 22
1634223893.332 47 51 38 35 28 21 23
1634223893.584 48 50 40 36 29 24 23
1634223893.833 48 50 38 36 28 22 23
1634223894.082 50 50 38 36 29 21 22
1634223894.338 47 52 40 36 30 24 22
1634223894.582 46 51 40 37 26 25 22
1634223894.832 48 52 37 36 29 21 22
1634223895.088 48 50 38 35 28 23 21
1634223895.333 48 51 38 35 29 22 22
1634223895.582 48 51 37 37 26 20 23
1634223895.832 48 49 39 36 28 23 21
1634223896.087 48 52 37 35 27 22 24
1634223896.333 49 50 39 37 27 23 23
1634223896.584 48 50 37 35 30 21 21
1634223896.834 47 50 40 37 32 23 24
1634223897.082 49 51 37 36 29 21 22
1634223897.337 48 52 38 37 30 22 21
1634223897.584 49 52 36 34 28 24 21
1634223897.832 47 49 38 36 29 23 22
1634223898.086 49 50 39 36 28 22 22
1634223898.332 47 50 39 37 29 25 23
1634223898.582 50 49 38 36 27 22 23
1634223898.833 47 51 39 37 28 24 25
1634223899.083 48 50 37 35 27 22 22
1634223899.333 47 51 37 35 30 21 26
1634223899.583 49 51 35 35 30 23 21
1634223899.834 49 50 38 36 29 23 20
1634223900.083 50 49 37 37 27 23 24
1634223900.333 48 52 39 37 32 22 23
1634223900.587 49 52 38 37 28 25 22
1634223900.833 52 52 37 37 28 22 24
1634223901.089 48 52 37 36 28 22 22
1634223901.333 48 51 38 35 29 23 24
1634223901.583 48 49 39 36 29 22 22
1634223901.836 47 50 38 34 29 21 23
1634223902.082 47 50 37 35 32 22 21
1634223902.332 51 51 38 37 28 23 22
1634223902.584 49 53 38 36 27 23 20
1634223902.832 48 51 38 34 30 23 22
1634223903.084 48 50 39 35 28 23 22
1634223903.337 47 50 38 37 29 22 21
1634223903.583 48 50 37 37 27 22 22
1634223903.837 45 52 38 35 27 22 22
1634223904.086 48 49 38 39 28 25 20
1634223904.333 47 50 35 37 28 23 22
1634223904.585 47 54 38 37 28 23 24
1634223904.833 48 51 37 37 29 23 23
1634223905.082 48 51 38 37 28 23 22
1634223905.333 49 52 39 38 27 23 22
1634223905.583 50 50 39 35 28 23 23
1634223905.835 46 51 36 34 26 23 23
1634223906.084 48 50 37 34 29 25 22
1634223906.333 49 51 35 38 31 23 24
1634223906.585 49 51 39 35 29 23 21
1634223906.836 46 50 37 36 28 22 22
1634223907.083 47 50 38 36 28 21 22
1634223907.333 47 50 37 37 27 23 22
1634223907.583 47 50 37 35 27 22 22
1634223907.833 46 51 37 36 26 24 23
1634223908.084 50 52 38 35 30 22 24
1634223908.333 47 50 37 36 29 23 21
1634223908.583 47 51 37 36 29 23 25
1634223908.836 48 51 38 35 29 23 22
1634223909.083 46 52 37 34 28 22 23
1634223909.342 47 52 38 36 28 23 21
1634223909.583 49 51 38 35 29 22 24
1634223909.834 46 51 38 36 28 23 24
1634223910.085 46 52 36 36 27 24 21
1634223910.333 51 51 36 35 28 23 24
1634223910.582 48 52 42 37 30 21 21
1634223910.834 49 50 41 37 27 23 23
1634223911.084 47 50 41 35 29 23 23
1634223911.333 49 50 38 36 28 23 23
1634223911.583 47 52 41 34 27 23 23
1634223911.834 48 51 38 34 27 21 23
1634223912.083 47 51 39 36 30 22 25
1634223912.336 49 52 37 36 31 24 21
1634223912.584 48 50 37 35 29 23 21
1634223912.833 48 49 38 37 28 23 24
1634223913.085 46 53 38 37 29 23 22
1634223913.333 46 50 39 35 27 22 23
1634223913.583 47 54 39 36 29 24 24
1634223913.847 46 51 39 36 28 24 25
1634223914.084 48 50 38 35 27 23 23
1634223914.333 47 50 38 36 33 22 20
1634223914.583 47 49 39 36 29 23 22
1634223914.833 48 53 37 37 29 23 21
1634223915.084 47 50 37 35 27 24 22
1634223915.337 46 51 37 35 29 24 22
1634223915.584 48 51 39 35 28 21 22
1634223915.837 48 50 39 36 30 23 21
1634223916.084 45 51 40 38 28 24 24
1634223916.333 47 51 37 35 28 23 23
1634223916.585 50 50 40 36 29 24 24
1634223916.833 48 51 36 38 29 25 21
1634223917.086 48 52 37 36 27 25 21
1634223917.338 51 52 36 36 27 21 23
1634223917.583 48 52 38 38 29 22 23
1634223917.838 48 51 36 34 29 22 24
1634223918.083 51 52 37 36 27 22 23
1634223918.333 46 51 38 36 28 22 22
1634223918.583 46 53 38 37 30 21 24
1634223918.835 47 53 38 40 27 22 23
1634223919.085 47 48 37 35 29 23 22
1634223919.338 47 50 39 38 29 22 24
1634223919.584 47 50 39 37 27 21 21
1634223919.841 47 52 38 35 29 22 23
1634223920.087 46 51 37 36 28 22 22
1634223920.334 50 50 38 35 29 24 24
1634223920.589 49 49 40 36 28 23 24
1634223920.834 49 52 38 36 28 22 21
1634223921.083 49 51 36 34 28 25 21
1634223921.334 49 50 37 37 28 22 20
1634223921.586 46 51 38 38 27 23 22
1634223921.834 46 50 37 36 29 24 23
1634223922.092 49 51 37 35 28 22 21
1634223922.333 47 50 37 33 26 23 21
1634223922.584 46 50 37 36 28 23 21
1634223922.835 50 48 38 34 29 22 22
1634223923.083 50 51 37 36 29 24 23
1634223923.335 49 50 37 36 28 22 21
1634223923.586 46 50 38 36 28 22 22
1634223923.837 46 50 38 36 28 22 23
1634223924.085 49 50 37 35 27 22 22
1634223924.334 49 52 38 35 29 21 23
1634223924.586 48 51 38 34 28 23 22
1634223924.833 46 50 38 36 29 23 24
1634223925.084 47 52 37 34 26 23 23
1634223925.334 48 52 39 35 28 23 22
1634223925.584 47 50 38 36 28 26 22
1634223925.835 49 49 38 38 32 23 21
1634223926.088 46 54 38 36 29 22 23
1634223926.333 47 51 38 36 29 24 23
1634223926.588 47 51 38 37 28 24 22
1634223926.833 46 49 38 37 27 24 21
1634223927.083 47 52 38 36 29 23 24
1634223927.335 46 51 39 35 29 24 26
1634223927.585 46 51 39 36 28 23 22
1634223927.833 48 51 36 34 27 22 24
1634223928.086 49 50 38 35 27 23 22
1634223928.334 48 51 40 35 29 24 23
1634223928.584 47 50 38 37 28 21 23
1634223928.833 49 51 37 36 30 23 22
1634223929.088 48 50 38 35 27 26 22
1634223929.334 49 52 38 37 28 22 22
1634223929.584 46 50 39 36 28 21 22
1634223929.835 48 51 38 35 28 22 22
1634223930.083 46 51 37 36 28 22 22
1634223930.334 49 48 38 35 27 24 22
1634223930.585 47 52 37 37 29 22 22
1634223930.834 48 51 39 35 28 23 21
1634223931.086 48 52 37 35 28 22 23
1634223931.336 47 51 38 35 29 22 22
1634223931.585 47 49 37 36 29 22 21
1634223931.834 48 51 39 34 28 22 23
1634223932.085 48 53 39 36 27 24 22
1634223932.335 50 50 37 37 29 21 22
1634223932.583 47 50 37 37 27 23 21
1634223932.834 49 49 38 36 27 23 22
1634223933.084 48 51 40 35 29 22 23
1634223933.334 48 50 37 36 29 22 23
1634223933.583 46 50 38 34 30 21 23
1634223933.834 47 50 37 36 31 23 20
1634223934.085 47 50 36 34 29 23 21
1634223934.337 49 52 39 35 29 22 23
1634223934.588 47 55 38 35 27 22 22
1634223934.834 49 53 37 36 27 22 23
1634223935.084 47 48 37 35 28 21 23
1634223935.336 48 50 39 37 28 22 22
1634223935.584 48 52 39 35 28 22 23
1634223935.834 46 53 38 34 28 23 23
1634223936.084 47 49 39 36 29 22 21
1634223936.333 48 51 40 35 28 23 22
1634223936.585 50 51 37 34 29 23 22
1634223936.834 50 52 39 36 29 25 22
1634223937.085 48 53 39 36 26 23 23
1634223937.334 48 50 39 36 31 24 24
1634223937.584 46 51 38 38 30 23 23
1634223937.834 47 54 38 37 26 21 23
1634223938.087 49 50 37 35 29 21 22
1634223938.334 47 48 40 35 27 21 22
1634223938.587 48 51 39 34 29 26 21
1634223938.835 46 49 37 38 28 24 23
1634223939.084 47 51 37 38 27 21 22
1634223939.334 46 52 39 35 29 23 24
