1630830822.526 47 45 37 38 30 27 26
1630830822.777 46 43 38 38 28 26 26
1630830823.027 50 45 38 38 28 26 27
1630830823.276 50 43 40 38 28 25 27
1630830823.526 46 44 37 39 29 28 27
1630830823.777 48 44 37 37 26 24 26
1630830824.026 48 45 40 39 28 26 26
1630830824.276 47 44 37 37 28 24 27
1630830824.526 48 45 39 40 32 26 26
1630830824.775 46 44 39 40 28 28 28
1630830825.026 46 45 39 37 29 26 26
1630830825.277 48 43 39 38 28 25 26
1630830825.526 49 43 39 38 28 27 29
1630830825.776 48 46 38 38 28 28 25
1630830826.027 50 44 38 39 27 25 26
1630830826.281 47 46 37 38 31 27 27
1630830826.534 48 44 38 37 29 27 26
1630830826.777 47 45 38 36 26 26 26
1630830827.026 47 44 41 38 27 26 26
1630830827.278 50 45 39 39 27 27 25
1630830827.530 48 44 40 39 27 26 27
1630830827.779 47 45 38 40 28 25 26
1630830828.030 48 44 37 39 27 28 25
1630830828.279 48 46 39 37 26 26 31
1630830828.527 46 45 39 39 28 26 26
1630830828.778 49 45 37 38 29 26 26
1630830829.028 46 44 38 39 28 26 26
1630830829.276 48 49 36 38 28 26 25
1630830829.529 49 45 39 38 30 26 25
1630830829.783 47 44 37 38 27 27 25
1630830830.031 49 45 39 38 29 27 27
1630830830.283 47 45 37 39 29 26 27
1630830830.533 48 44 40 37 28 27 25
1630830830.780 48 46 39 40 27 26 28
1630830831.033 48 45 40 36 26 25 26
1630830831.281 49 44 40 38 28 27 28
1630830831.528 47 44 38 39 25 27 26
1630830831.779 49 44 40 38 30 25 26
1630830832.029 47 46 40 37 28 27 25
1630830832.281 47 47 39 38 27 25 26
1630830832.530 48 46 37 39 27 26 26
1630830832.779 47 44 38 38 25 26 29
1630830833.031 48 45 40 40 28 27 25
1630830833.279 47 45 38 36 27 25 27
1630830833.531 48 46 37 38 27 26 25
1630830833.779 45 46 38 40 28 25 27
1630830834.029 46 43 38 37 28 25 28
1630830834.279 50 46 40 40 27 26 25
1630830834.530 48 44 40 38 29 26 26
1630830834.778 48 44 39 38 32 28 26
1630830835.028 46 43 40 38 27 26 26
1630830835.277 47 45 38 37 27 25 28
1630830835.528 47 45 39 39 27 26 26
1630830835.778 49 45 39 39 28 26 27
1630830836.027 45 45 37 40 26 26 26
1630830836.277 47 44 38 41 26 27 26
1630830836.529 49 42 40 41 28 26 26
1630830836.779 47 44 39 38 27 26 27
1630830837.027 48 44 41 38 26 26 29
1630830837.277 48 44 38 39 26 26 25
1630830837.527 48 45 38 39 28 27 26
1630830837.776 47 44 37 40 29 26 27
1630830838.027 48 44 40 40 27 26 27
1630830838.277 49 45 38 38 29 26 27
1630830838.527 46 45 41 38 29 27 25
1630830838.776 48 46 40 37 28 26 27
1630830839.027 47 43 38 39 28 26 24
1630830839.277 49 42 39 38 27 24 27
1630830839.528 50 43 39 37 25 26 25
1630830839.777 48 43 37 38 28 28 26
1630830840.027 48 47 40 38 27 26 29
1630830840.277 50 43 38 38 29 25 26
1630830840.527 47 44 40 40 29 25 27
1630830840.777 50 43 40 39 28 24 26
1630830841.027 47 44 39 38 29 26 25
1630830841.277 48 46 38 36 26 27 27
1630830841.530 47 44 38 39 27 25 26
1630830841.777 47 45 38 40 27 25 30
1630830842.027 47 45 38 40 27 26 26
1630830842.276 47 44 38 38 27 25 27
1630830842.527 48 43 40 37 27 26 26
1630830842.777 48 45 39 39 29 25 28
1630830843.028 50 46 39 37 26 25 25
1630830843.276 49 43 38 41 28 25 26
1630830843.528 48 43 38 39 28 26 26
1630830843.777 49 44 38 38 28 26 26
1630830844.027 49 46 39 39 28 29 26
1630830844.278 48 45 39 39 28 26 27
1630830844.530 50 46 38 38 29 28 26
1630830844.781 47 46 39 40 28 26 25
1630830845.033 50 43 39 38 28 26 25
1630830845.280 48 46 38 39 28 26 25
1630830845.532 49 45 40 39 28 25 27
1630830845.780 51 43 40 37 28 27 27
1630830846.032 46 44 39 37 30 26 27
1630830846.280 48 44 39 37 28 26 28
1630830846.529 47 43 40 39 27 25 27
1630830846.779 50 43 39 39 28 26 25
1630830847.029 47 44 38 38 28 29 26
1630830847.282 46 43 39 40 27 26 27
1630830847.530 48 46 37 39 29 27 26
1630830847.780 48 44 38 40 27 27 26
1630830848.030 50 45 39 37 28 25 26
1630830848.281 47 45 40 39 26 28 26
1630830848.532 49 44 41 38 28 27 29
1630830848.780 46 43 39 36 28 26 26
1630830849.031 47 45 38 36 28 27 27
1630830849.277 48 45 40 38 27 26 24
1630830849.528 46 45 39 38 27 25 26
1630830849.778 47 43 38 36 26 25 27
1630830850.029 48 46 40 41 28 25 26
1630830850.278 48 43 37 39 29 26 26
1630830850.528 50 43 41 39 30 28 26
1630830850.778 46 42 40 38 27 25 26
1630830851.027 47 43 38 42 31 27 26
1630830851.277 47 46 38 38 27 26 26
1630830851.527 46 44 39 37 28 26 25
1630830851.777 47 45 39 37 27 29 26
1630830852.027 50 45 39 39 27 25 30
1630830852.277 48 45 38 39 27 26 27
1630830852.527 48 44 40 39 29 26 26
1630830852.777 48 44 39 38 26 27 26
1630830853.026 47 45 40 40 27 25 25
1630830853.277 48 42 40 38 29 24 27
1630830853.527 46 45 40 38 28 27 26
1630830853.777 48 46 39 40 27 25 28
1630830854.027 47 44 41 41 29 25 27
1630830854.278 47 45 40 37 27 26 26
1630830854.528 47 44 39 38 28 27 25
1630830854.778 50 44 38 37 27 26 26
1630830855.027 49 46 39 39 28 26 26
1630830855.277 49 45 40 37 29 26 26
1630830855.528 48 47 39 40 28 26 28
1630830855.779 47 45 37 38 29 27 26
1630830856.027 51 44 39 37 30 27 27
1630830856.277 50 46 41 38 30 27 26
1630830856.527 48 42 39 38 28 26 27
1630830856.777 48 46 38 37 28 25 27
1630830857.026 46 45 39 38 26 26 26
1630830857.278 47 44 38 40 28 27 26
1630830857.527 46 43 38 41 26 26 26
1630830857.778 49 45 38 40 30 25 27
1630830858.028 48 45 39 41 27 27 25
1630830858.277 48 45 39 39 29 25 27
1630830858.529 50 45 38 39 27 28 28
1630830858.782 48 44 39 36 29 26 26
1630830859.031 47 44 41 38 28 25 26
1630830859.284 47 43 40 36 28 27 27
1630830859.531 46 44 39 40 28 27 27
1630830859.782 48 46 38 39 29 26 26
1630830860.033 47 43 39 37 29 26 27
1630830860.280 50 47 38 39 25 27 27
1630830860.533 46 46 38 38 28 25 26
1630830860.783 49 45 39 38 29 26 26
1630830861.033 48 44 39 39 27 26 26
1630830861.282 47 44 38 39 27 26 27
1630830861.530 49 46 40 38 29 27 28
1630830861.780 51 44 39 38 27 27 27
1630830862.030 46 45 38 37 27 26 27
1630830862.281 48 46 38 40 26 26 27
1630830862.534 46 42 38 38 27 26 24
1630830862.779 46 46 38 40 28 26 26
1630830863.028 48 44 38 39 28 28 26
1630830863.282 50 44 38 39 27 25 27
1630830863.528 48 46 40 38 27 26 26
1630830863.783 46 43 40 40 29 25 27
1630830864.028 49 42 37 41 30 25 26
1630830864.277 49 43 41 40 29 26 26
1630830864.527 50 45 40 40 29 26 25
1630830864.778 48 44 38 37 28 26 26
1630830865.028 47 45 37 38 28 26 27
1630830865.277 47 45 38 38 28 24 26
1630830865.528 51 47 41 37 28 26 25
1630830865.777 49 45 40 39 29 26 25
1630830866.028 49 44 40 38 27 25 27
1630830866.277 47 45 37 39 27 25 26
1630830866.528 49 45 40 39 28 24 26
1630830866.777 49 44 41 38 30 28 26
1630830867.027 46 45 39 38 26 28 28
1630830867.277 47 44 43 39 25 26 26
1630830867.527 47 45 38 37 30 27 26
1630830867.778 47 42 40 40 30 26 28
1630830868.028 46 45 38 38 28 28 28
1630830868.276 46 45 39 39 29 25 25
1630830868.527 47 43 38 38 28 26 25
1630830868.778 48 44 40 41 27 27 27
1630830869.028 47 44 37 40 32 25 26
1630830869.277 46 43 39 38 29 24 27
1630830869.527 47 46 38 38 28 26 26
1630830869.777 49 45 38 35 29 27 26
1630830870.027 46 44 39 38 26 28 25
1630830870.277 47 44 38 37 26 26 25
1630830870.528 48 44 37 37 28 27 29
1630830870.777 50 44 39 38 30 25 26
1630830871.029 46 47 38 37 27 26 28
1630830871.278 48 43 39 39 28 27 26
1630830871.530 49 44 38 38 27 23 26
1630830871.782 47 44 39 39 26 27 26
1630830872.031 49 44 38 38 27 27 29
1630830872.282 47 43 38 37 28 26 26
1630830872.532 49 45 37 38 30 25 26
1630830872.781 48 46 39 38 28 27 26
1630830873.034 47 42 37 39 28 28 25
1630830873.280 48 44 38 41 27 28 27
1630830873.534 50 45 37 37 30 26 27
1630830873.780 47 42 39 39 27 26 27
1630830874.031 48 45 38 38 29 25 27
1630830874.281 47 43 39 38 27 24 27
1630830874.531 49 44 38 40 30 27 30
1630830874.782 47 44 40 39 28 25 27
1630830875.032 50 43 38 38 28 27 27
1630830875.280 47 47 40 36 29 27 26
1630830875.533 48 43 37 37 28 25 26
1630830875.781 47 44 39 41 29 25 26
1630830876.030 48 44 38 38 28 26 27
1630830876.280 49 48 38 37 29 25 26
1630830876.530 46 44 38 38 29 25 28
1630830876.782 48 46 39 36 28 26 27
1630830877.027 48 45 39 37 29 26 26
1630830877.279 48 45 39 38 27 27 27
1630830877.527 46 45 41 40 29 25 28
1630830877.778 47 44 38 39 27 26 26
1630830878.028 48 45 39 37 28 28 27
1630830878.278 48 44 40 41 29 27 25
1630830878.528 48 44 40 39 28 25 25
1630830878.778 49 45 38 38 29 28 25
1630830879.028 51 44 37 39 27 25 26
1630830879.278 49 44 39 39 28 25 27
1630830879.528 48 46 39 36 27 25 26
1630830879.778 49 46 37 37 28 26 28
1630830880.028 48 45 39 37 30 24 29
1630830880.279 47 44 40 39 29 27 27
1630830880.528 49 42 39 40 29 27 26
1630830880.777 48 43 39 37 28 26 27
1630830881.028 46 43 39 40 29 26 26
1630830881.278 53 43 39 38 30 25 26
1630830881.528 49 46 39 38 28 27 26
1630830881.778 48 46 39 37 31 28 27
1630830882.028 49 44 39 40 26 25 27
1630830882.278 50 44 39 37 27 25 26
1630830882.528 48 43 41 39 28 25 25
1630830882.779 46 42 38 39 28 26 27
1630830883.028 48 47 38 36 28 27 25
1630830883.279 47 47 40 38 27 25 25
1630830883.528 47 43 39 39 26 25 25
1630830883.782 48 42 41 39 28 26 27
1630830884.028 48 41 39 37 29 27 26
1630830884.279 48 43 37 38 28 26 25
1630830884.528 46 44 39 36 29 27 27
1630830884.779 47 45 37 40 27 26 25
1630830885.031 49 43 40 38 27 26 28
1630830885.280 50 44 37 38 29 26 28
1630830885.529 47 43 39 42 27 24 25
1630830885.780 49 46 38 39 28 25 25
1630830886.030 49 44 39 38 27 27 27
1630830886.281 47 41 38 40 27 27 26
1630830886.531 47 45 40 39 28 24 27
1630830886.783 50 43 41 40 29 25 26
1630830887.031 47 44 37 39 27 26 28
1630830887.281 49 45 40 38 30 26 28
1630830887.530 48 45 38 39 28 26 26
1630830887.780 50 44 40 38 27 25 26
1630830888.030 49 44 39 38 27 27 26
1630830888.280 46 45 38 39 28 27 27
1630830888.531 49 46 38 39 28 24 28
1630830888.779 49 47 40 38 28 25 26
1630830889.031 49 45 38 39 27 25 27
1630830889.281 46 43 38 38 29 26 28
1630830889.532 46 44 41 38 30 25 25
1630830889.781 46 46 39 38 28 25 26
1630830890.031 49 44 38 40 29 25 27
1630830890.281 50 45 38 39 29 26 23
1630830890.529 48 44 39 36 30 26 25
1630830890.779 49 41 39 37 28 26 26
1630830891.030 48 45 39 37 27 26 26
1630830891.279 49 44 41 39 27 26 28
1630830891.529 47 44 40 40 27 26 26
1630830891.778 46 44 41 39 28 25 27
1630830892.028 47 45 38 40 27 27 27
1630830892.278 48 44 38 39 28 26 27
1630830892.528 49 43 37 38 29 26 27
1630830892.778 48 44 39 37 28 27 24
1630830893.028 48 44 41 39 28 26 26
1630830893.278 47 45 38 38 30 25 28
1630830893.528 48 43 37 43 27 24 29
1630830893.778 50 43 39 38 29 26 28
1630830894.028 49 44 38 38 28 28 26
1630830894.280 49 46 38 36 29 26 25
1630830894.528 47 42 38 38 28 26 24
1630830894.778 45 42 37 38 28 27 24
1630830895.028 49 45 38 38 26 26 26
1630830895.279 48 46 39 38 30 27 26
1630830895.528 50 46 38 38 28 29 26
1630830895.778 47 44 40 39 27 25 26
1630830896.028 47 45 38 39 29 25 27
1630830896.278 48 44 39 38 30 26 26
1630830896.528 47 43 40 38 27 26 24
1630830896.779 48 45 37 38 28 26 26
1630830897.029 49 44 39 37 29 24 27
1630830897.281 50 44 39 38 26 25 25
1630830897.528 48 43 40 39 27 25 26
1630830897.778 49 44 39 40 28 27 27
1630830898.028 48 44 38 39 28 25 26
1630830898.278 49 46 38 41 29 26 28
1630830898.529 48 44 41 38 27 26 26
1630830898.780 49 45 39 38 30 26 25
1630830899.028 46 45 40 40 26 25 28
1630830899.278 49 45 39 39 27 27 24
1630830899.528 46 45 39 40 28 25 27
1630830899.778 49 44 39 40 27 25 27
1630830900.028 50 43 38 39 28 26 27
1630830900.277 47 42 38 40 26 26 27
1630830900.532 46 44 40 39 28 26 26
1630830900.778 46 45 39 38 27 25 27
1630830901.028 47 43 39 40 27 26 24
1630830901.280 47 45 39 38 29 26 27
1630830901.529 48 45 39 39 28 24 24
1630830901.780 48 44 39 38 29 26 26
1630830902.028 49 46 40 40 26 25 26
1630830902.279 47 44 38 40 28 25 26
1630830902.531 48 43 37 40 29 25 26
1630830902.780 47 42 38 38 27 25 27
1630830903.031 50 43 39 40 28 29 26
1630830903.278 47 43 40 39 27 26 26
1630830903.529 48 45 40 39 28 25 25
1630830903.782 47 44 38 37 28 26 27
1630830904.033 49 44 38 39 28 26 26
1630830904.280 47 44 38 38 29 25 26
1630830904.530 49 45 41 37 28 26 25
1630830904.780 48 44 40 39 28 27 28
1630830905.030 49 46 39 41 27 27 28
1630830905.279 48 45 38 39 28 26 28
1630830905.533 48 45 40 39 27 27 26
1630830905.779 46 45 39 37 28 25 26
1630830906.029 47 45 38 39 28 25 26
1630830906.278 46 44 39 38 28 25 28
1630830906.529 50 45 40 39 27 27 25
1630830906.778 49 45 39 40 28 25 27
1630830907.028 48 42 38 38 28 24 25
1630830907.279 49 44 38 38 29 25 27
1630830907.529 48 47 38 39 29 25 26
1630830907.779 47 45 38 39 28 25 25
1630830908.030 47 44 39 39 28 26 26
1630830908.279 47 44 40 40 29 27 25
1630830908.530 47 44 38 40 28 25 26
1630830908.782 47 44 39 39 28 26 25
1630830909.032 51 44 39 39 30 26 25
1630830909.283 47 46 40 38 28 26 25
1630830909.532 46 44 38 38 28 26 24
1630830909.780 47 45 39 38 30 26 25
1630830910.030 47 45 40 38 28 25 26
1630830910.281 49 45 38 38 29 26 26
1630830910.530 47 44 39 38 27 27 25
1630830910.780 47 45 38 39 28 26 28
1630830911.033 49 44 37 38 28 25 26
1630830911.283 49 43 42 39 27 25 27
1630830911.528 47 45 38 38 28 27 27
1630830911.782 47 46 37 38 29 26 25
1630830912.028 48 45 38 37 28 27 25
1630830912.281 47 46 41 39 30 27 25
1630830912.529 49 46 37 40 29 27 26
1630830912.778 48 45 39 38 27 26 28
1630830913.030 46 44 39 38 28 26 26
1630830913.280 47 46 39 40 29 28 27
1630830913.529 50 48 41 39 29 25 28
1630830913.779 47 43 38 38 30 25 27
1630830914.029 51 48 38 39 29 27 26
1630830914.279 47 44 40 39 27 25 27
1630830914.529 49 46 38 39 29 25 26
1630830914.779 48 46 38 38 31 26 25
1630830915.029 47 45 39 39 29 29 25
1630830915.282 48 43 39 39 30 28 25
1630830915.529 47 44 38 38 27 27 25
1630830915.779 48 44 38 38 28 27 26
1630830916.029 46 45 38 40 29 26 25
1630830916.279 48 45 39 39 30 27 26
1630830916.529 47 44 38 40 27 26 29
1630830916.780 47 44 38 41 27 26 26
1630830917.028 48 43 39 36 27 27 26
1630830917.280 48 46 40 40 28 25 26
1630830917.529 48 45 37 40 28 25 26
1630830917.780 49 46 39 38 28 28 27
1630830918.030 48 46 37 39 28 26 27
1630830918.278 50 43 39 38 31 24 27
1630830918.529 47 45 40 38 29 28 26
1630830918.779 47 46 36 42 28 27 27
1630830919.031 48 43 38 37 28 25 27
1630830919.279 50 44 38 37 31 26 28
1630830919.531 48 44 38 39 28 26 27
1630830919.779 47 45 39 38 29 26 27
1630830920.028 48 43 38 35 28 27 27
1630830920.279 47 44 40 40 27 25 25
1630830920.529 48 44 39 36 28 25 26
1630830920.780 49 44 39 38 27 27 25
1630830921.030 47 46 39 39 28 27 25
1630830921.281 48 43 38 39 28 26 26
1630830921.530 46 44 38 40 29 26 29
1630830921.781 49 44 38 38 29 27 27
1630830922.030 46 44 41 40 27 25 26
1630830922.283 47 45 39 40 27 27 25
1630830922.533 47 43 39 37 28 26 26
1630830922.781 50 46 38 39 27 27 26
1630830923.031 49 44 37 37 28 24 27
1630830923.282 47 44 38 39 30 26 27
1630830923.532 47 46 38 38 27 26 26
1630830923.781 46 45 39 38 26 25 28
1630830924.033 49 44 40 38 29 25 25
1630830924.282 50 45 39 39 28 25 26
1630830924.532 48 42 38 39 28 26 25
1630830924.781 48 43 37 39 27 26 28
1630830925.031 46 44 39 40 28 27 25
1630830925.281 47 45 40 39 28 24 26
1630830925.532 47 43 36 39 30 24 27
1630830925.781 49 43 37 40 27 27 25
1630830926.032 47 43 38 37 26 25 27
1630830926.282 48 44 38 39 28 25 27
1630830926.532 48 45 38 38 28 24 26
1630830926.780 47 44 39 39 30 25 29
1630830927.030 46 43 40 37 29 25 26
1630830927.281 47 45 39 38 28 25 26
1630830927.531 49 46 39 40 29 26 27
1630830927.781 47 43 39 40 28 27 26
1630830928.032 48 45 38 38 28 25 26
1630830928.283 46 44 40 38 29 26 26
1630830928.529 49 46 40 37 28 28 26
1630830928.782 46 44 39 38 29 26 26
1630830929.030 45 44 39 38 28 25 27
1630830929.280 50 45 38 38 29 25 27
1630830929.530 47 46 37 39 28 26 27
1630830929.780 47 45 37 36 26 26 28
1630830930.029 49 44 37 37 28 28 25
1630830930.280 48 44 39 38 31 25 29
1630830930.530 48 46 38 40 28 25 29
1630830930.781 46 43 38 38 28 26 27
1630830931.030 46 43 40 39 29 25 27
1630830931.279 48 44 37 39 30 26 25
1630830931.529 50 45 40 39 26 25 26
1630830931.779 45 45 40 39 28 26 26
1630830932.029 48 45 38 40 29 25 26
1630830932.279 48 43 38 38 27 28 24
1630830932.529 46 43 38 42 28 26 26
1630830932.780 48 45 38 37 29 26 26
1630830933.030 46 45 39 38 27 25 25
1630830933.280 49 45 39 40 28 26 26
1630830933.530 50 43 39 37 31 27 25
1630830933.779 48 43 38 40 28 26 25
1630830934.030 49 44 39 39 27 25 26
1630830934.279 47 42 39 40 29 26 26
1630830934.529 48 46 39 37 28 26 27
1630830934.780 47 44 37 39 29 25 26
1630830935.031 49 46 39 38 30 27 27
1630830935.279 47 44 38 38 27 27 25
1630830935.529 45 45 38 37 29 24 24
1630830935.779 48 44 41 38 29 25 26
1630830936.029 46 43 39 37 27 26 27
1630830936.284 49 46 38 40 28 27 25
1630830936.530 48 44 39 39 28 25 26
1630830936.779 48 45 38 38 29 26 25
1630830937.029 48 45 41 40 28 25 29
1630830937.279 47 45 39 38 28 26 27
1630830937.531 48 43 38 39 28 25 25
1630830937.780 47 42 38 39 27 27 26
1630830938.030 50 46 39 39 28 27 27
1630830938.279 47 43 39 41 29 26 27
1630830938.529 46 46 38 40 27 27 27
1630830938.780 48 43 39 40 27 25 27
1630830939.030 48 44 38 38 29 27 26
1630830939.280 49 43 37 39 30 26 26
1630830939.529 48 44 39 38 28 27 26
1630830939.781 49 45 38 38 27 27 28
1630830940.033 49 47 38 36 28 25 27
1630830940.280 47 43 38 38 27 27 25
1630830940.533 46 45 38 38 31 26 27
1630830940.781 48 43 39 38 26 25 27
1630830941.034 47 43 38 37 27 24 26
1630830941.283 48 44 38 38 28 25 24
1630830941.535 49 44 39 39 29 26 25
1630830941.784 51 45 37 39 27 25 29
1630830942.034 47 45 38 38 28 24 24
1630830942.282 47 44 37 42 28 26 26
1630830942.532 46 44 41 40 27 25 25
1630830942.781 46 45 39 39 31 25 25
1630830943.032 49 45 40 38 26 26 27
1630830943.282 49 43 41 37 27 24 28
1630830943.532 48 45 38 39 28 25 26
1630830943.782 47 42 39 38 28 26 25
1630830944.031 48 44 40 38 27 28 26
1630830944.281 49 44 39 38 29 26 25
1630830944.533 47 44 39 40 28 26 26
1630830944.781 47 46 38 38 28 24 26
1630830945.032 49 44 38 37 27 25 29
1630830945.283 47 46 40 40 29 27 25
1630830945.531 47 42 38 39 25 26 25
1630830945.781 48 45 36 38 28 25 27
1630830946.031 48 46 40 39 28 26 25
1630830946.280 48 43 42 39 29 26 26
1630830946.530 46 42 41 41 28 25 26
1630830946.780 50 43 41 37 29 26 26
1630830947.029 48 46 37 40 30 26 26
1630830947.280 47 44 38 38 28 27 26
1630830947.530 48 44 37 39 27 26 25
1630830947.780 46 44 38 39 27 24 25
1630830948.030 48 44 40 40 28 24 27
1630830948.279 46 44 38 38 27 24 26
1630830948.530 48 46 38 39 29 28 26
1630830948.780 48 44 38 39 29 28 24
1630830949.029 48 45 41 39 28 25 27
1630830949.281 47 43 40 39 29 27 25
1630830949.530 48 47 39 41 27 26 26
1630830949.780 50 44 41 37 29 25 25
1630830950.030 45 42 40 38 29 25 25
1630830950.279 48 44 39 38 28 25 26
1630830950.530 48 45 40 39 27 25 29
1630830950.780 50 43 39 39 29 26 25
1630830951.031 50 43 39 38 30 26 24
1630830951.279 49 43 38 39 30 25 24
1630830951.535 47 43 39 40 27 25 25
1630830951.780 47 42 37 42 28 26 24
1630830952.031 47 44 37 37 30 25 26
1630830952.281 48 44 39 38 29 27 27
1630830952.529 48 43 38 39 29 25 27
1630830952.779 48 43 39 40 26 26 26
1630830953.030 47 43 39 40 29 28 27
1630830953.280 47 43 39 37 28 25 27
1630830953.530 48 44 40 39 26 24 26
1630830953.780 49 44 40 39 27 26 26
1630830954.030 46 45 39 37 28 25 27
1630830954.280 50 44 39 40 27 26 29
1630830954.530 48 47 39 38 28 27 24
1630830954.780 47 46 38 38 27 26 25
1630830955.030 47 43 37 40 28 27 26
1630830955.280 46 45 39 37 25 28 28
1630830955.530 50 44 38 37 27 27 26
1630830955.779 49 45 42 39 27 27 25
1630830956.030 51 45 38 41 27 27 26
1630830956.280 48 44 39 37 26 26 27
1630830956.531 46 46 39 40 27 24 25
1630830956.780 48 44 39 36 28 26 28
1630830957.030 48 45 38 39 29 28 25
1630830957.280 48 45 39 37 29 26 25
1630830957.531 48 43 41 40 27 25 26
1630830957.781 45 43 40 39 30 25 25
1630830958.030 48 44 39 38 27 26 25
1630830958.281 47 44 37 39 29 25 25
1630830958.531 48 43 39 39 27 26 26
1630830958.782 49 44 38 40 26 26 26
1630830959.032 48 45 38 39 28 26 26
1630830959.280 50 45 38 38 27 24 25
1630830959.533 48 45 38 38 27 26 25
1630830959.784 50 43 37 40 28 26 25
1630830960.044 48 45 39 41 27 26 25
1630830960.285 48 45 41 38 28 25 25
1630830960.536 48 45 40 37 29 25 25
1630830960.785 46 46 40 37 28 26 26
1630830961.035 49 44 39 39 26 26 26
1630830961.284 47 44 40 40 25 26 24
1630830961.533 48 45 39 38 28 25 28
1630830961.784 47 43 39 38 29 25 27
1630830962.034 46 44 41 39 28 25 27
1630830962.280 47 42 40 40 26 26 26
1630830962.533 48 44 40 38 29 25 28
1630830962.784 47 46 37 38 28 26 28
1630830963.036 48 45 38 37 27 25 26
1630830963.283 47 43 40 37 27 25 26
1630830963.532 48 43 40 36 28 26 27
1630830963.783 49 44 38 38 27 26 26
1630830964.033 48 43 40 37 27 24 26
1630830964.283 49 42 37 37 28 25 24
1630830964.535 49 45 39 41 29 26 26
1630830964.783 48 43 37 37 26 26 27
1630830965.035 49 45 39 39 30 25 27
1630830965.281 47 43 38 38 28 26 25
1630830965.531 47 44 44 37 27 25 28
1630830965.782 49 43 39 37 27 25 25
1630830966.031 48 44 40 37 28 26 25
1630830966.283 48 46 38 39 27 26 25
1630830966.533 47 43 41 39 27 30 25
1630830966.782 46 45 40 38 28 28 26
1630830967.032 49 45 38 39 28 25 26
1630830967.283 48 45 38 39 27 25 25
1630830967.531 48 42 38 37 29 26 25
1630830967.781 49 45 40 39 27 25 24
1630830968.032 46 44 38 37 28 25 28
1630830968.281 45 44 39 38 29 25 25
1630830968.531 50 47 39 39 28 26 28
1630830968.781 49 44 40 37 30 27 27
1630830969.031 48 44 38 39 28 25 26
1630830969.281 46 44 37 39 27 25 27
1630830969.531 46 48 39 38 29 26 25
1630830969.780 48 45 39 38 29 24 28
1630830970.031 49 45 39 38 29 27 25
1630830970.281 49 46 42 39 28 24 26
1630830970.531 48 43 40 37 27 27 28
1630830970.781 46 45 41 40 28 26 27
1630830971.032 50 44 40 36 27 26 27
1630830971.282 49 45 38 36 28 27 25
1630830971.532 46 47 38 38 26 27 29
1630830971.783 45 44 37 37 26 26 28
1630830972.031 47 44 38 39 29 29 27
1630830972.283 48 44 36 37 29 27 27
1630830972.531 48 45 37 38 28 25 26
1630830972.781 47 43 40 39 28 27 24
1630830973.031 50 44 39 37 28 27 25
1630830973.281 48 47 38 39 29 25 26
1630830973.530 48 43 37 40 29 25 28
1630830973.781 49 45 40 40 27 23 24
1630830974.030 46 43 38 41 29 26 27
1630830974.281 50 45 38 39 28 25 25
1630830974.531 47 44 37 37 30 28 27
1630830974.781 49 43 39 38 28 28 26
1630830975.033 48 47 39 40 27 26 25
1630830975.282 48 45 38 40 26 25 27
1630830975.532 49 45 41 38 28 26 27
1630830975.785 48 44 39 40 27 27 26
1630830976.034 48 42 39 39 29 26 28
1630830976.287 49 44 39 37 29 25 26
1630830976.533 46 44 38 38 26 25 26
1630830976.783 47 45 40 41 28 26 27
1630830977.032 49 42 39 38 28 25 28
1630830977.281 47 47 39 39 27 27 25
1630830977.534 48 44 40 40 28 27 26
1630830977.783 50 44 40 40 29 25 27
1630830978.032 48 44 37 37 30 28 25
1630830978.285 47 45 39 41 28 25 24
1630830978.534 49 45 39 39 27 26 25
1630830978.785 48 45 37 40 28 24 27
1630830979.035 47 44 40 38 28 26 25
1630830979.283 47 46 38 38 27 26 24
1630830979.533 47 42 38 39 27 24 27
1630830979.782 47 47 38 37 26 28 27
1630830980.033 47 44 39 38 27 25 27
1630830980.283 49 43 39 39 30 26 26
1630830980.534 47 44 40 37 26 26 26
1630830980.787 50 44 38 36 26 25 27
1630830981.032 47 45 38 38 28 28 26
1630830981.283 47 47 40 39 27 27 26
1630830981.532 50 43 40 38 28 25 27
1630830981.782 48 44 38 37 29 28 26
1630830982.031 51 42 40 38 27 24 25
1630830982.280 47 44 39 37 30 24 27
1630830982.531 48 46 41 38 27 26 27
1630830982.783 48 47 37 37 30 25 26
1630830983.034 47 45 41 39 29 24 27
1630830983.281 46 45 40 39 28 25 25
1630830983.531 46 43 39 38 28 26 25
1630830983.782 49 44 37 38 27 28 25
1630830984.031 49 45 39 39 28 26 28
1630830984.280 48 45 38 40 28 26 26
1630830984.531 45 45 39 38 28 26 25
1630830984.781 47 44 40 40 28 26 26
1630830985.031 49 45 40 39 29 26 28
1630830985.282 47 45 40 39 30 24 25
1630830985.531 48 46 39 39 29 26 27
1630830985.782 47 44 38 39 29 25 26
1630830986.032 48 44 38 39 29 25 26
1630830986.282 48 45 40 40 29 26 25
1630830986.531 48 43 41 39 30 28 25
1630830986.784 47 44 38 37 28 28 27
1630830987.032 49 44 37 40 29 26 26
1630830987.281 48 42 37 42 27 27 26
1630830987.530 48 44 38 39 28 26 27
1630830987.784 49 44 39 38 27 29 26
1630830988.033 48 42 40 37 30 25 26
1630830988.280 47 45 39 37 29 26 25
1630830988.531 47 43 39 38 29 28 24
1630830988.781 49 44 39 38 28 28 26
1630830989.031 47 44 38 39 28 26 25
1630830989.281 48 45 40 40 30 25 26
1630830989.531 47 43 40 36 29 27 26
1630830989.783 48 43 38 39 28 26 27
1630830990.034 49 44 39 38 28 25 25
1630830990.288 49 43 38 40 26 25 29
1630830990.533 47 45 39 39 27 29 26
1630830990.784 46 44 39 41 27 27 26
1630830991.035 47 46 38 41 28 27 25
1630830991.287 50 45 38 38 28 25 25
1630830991.536 47 44 38 41 29 27 26
1630830991.783 47 47 38 38 28 24 28
1630830992.034 49 44 41 40 28 26 25
1630830992.284 47 44 39 37 28 26 27
1630830992.534 50 45 39 37 30 25 27
1630830992.786 49 44 38 36 29 26 27
1630830993.034 46 44 38 37 29 25 24
1630830993.283 48 44 38 39 27 27 25
1630830993.534 48 44 39 38 28 26 26
1630830993.784 48 43 38 39 32 24 25
1630830994.035 46 42 39 38 28 27 26
1630830994.282 48 45 39 38 31 26 25
1630830994.533 48 43 40 39 28 28 28
1630830994.782 49 45 41 40 29 26 25
1630830995.032 48 43 38 38 28 25 27
1630830995.281 47 44 37 37 28 27 28
1630830995.532 48 44 39 37 26 26 26
1630830995.782 49 44 39 40 27 26 26
1630830996.032 49 44 40 39 30 26 26
1630830996.282 51 45 39 38 27 24 30
1630830996.531 48 43 39 37 28 27 25
1630830996.782 47 44 38 40 30 26 25
1630830997.032 47 44 40 36 27 23 24
1630830997.282 48 45 40 36 28 25 27
1630830997.532 48 44 37 36 28 26 26
1630830997.782 48 46 42 38 28 25 28
1630830998.032 46 44 40 38 28 26 27
1630830998.282 49 44 41 38 27 27 28
1630830998.532 48 44 40 38 29 26 29
1630830998.782 47 45 39 40 26 24 25
1630830999.033 48 42 39 38 28 24 28
1630830999.281 47 44 37 40 27 25 28
1630830999.532 47 46 39 40 26 28 25
1630830999.783 48 44 39 39 28 25 26
1630831000.035 47 45 40 37 28 26 24
1630831000.281 46 46 39 38 29 25 27
1630831000.532 46 44 38 39 28 27 27
1630831000.783 48 44 39 38 29 27 26
1630831001.031 47 45 38 38 27 26 26
1630831001.281 49 44 40 38 29 25 26
1630831001.532 50 45 41 40 28 25 26
1630831001.782 48 43 39 40 28 26 26
1630831002.032 49 45 39 39 28 27 25
1630831002.283 48 44 38 39 30 27 27
1630831002.533 48 44 39 38 27 26 27
1630831002.783 48 44 38 39 27 25 26
1630831003.037 48 47 39 40 30 25 25
1630831003.286 48 43 38 38 27 28 27
1630831003.534 47 44 39 41 28 25 26
1630831003.787 46 43 38 39 28 26 27
1630831004.036 46 43 38 39 29 25 26
1630831004.286 48 46 39 39 27 27 27
1630831004.538 50 43 39 37 28 24 25
1630831004.784 48 45 39 40 29 26 25
1630831005.034 48 44 40 39 27 25 26
1630831005.284 49 43 38 38 29 26 27
1630831005.534 48 46 38 40 29 26 27
1630831005.788 46 43 39 37 27 26 27
1630831006.036 47 45 39 38 27 26 26
1630831006.287 46 43 41 38 31 24 24
1630831006.535 49 45 39 39 29 25 25
1630831006.785 46 45 39 39 29 27 24
1630831007.035 47 46 39 39 29 25 28
1630831007.284 47 44 40 38 28 25 27
1630831007.533 49 44 42 38 31 27 28
1630831007.782 47 46 40 39 27 25 28
1630831008.032 48 46 40 41 32 27 26
1630831008.282 46 47 41 37 28 27 26
1630831008.532 48 47 40 39 28 26 26
1630831008.782 48 44 40 41 28 28 27
1630831009.035 47 44 38 36 30 25 26
1630831009.282 48 43 39 39 31 26 25
1630831009.534 46 44 38 40 27 27 26
1630831009.781 49 44 40 39 28 27 24
1630831010.032 49 46 39 41 29 25 24
1630831010.281 51 45 39 40 29 25 27
1630831010.534 47 47 39 38 28 27 27
1630831010.781 47 46 38 37 29 27 26
1630831011.031 48 46 40 38 30 26 26
1630831011.281 49 43 42 38 29 26 26
1630831011.533 49 43 38 41 29 25 26
1630831011.782 48 43 39 38 28 26 26
1630831012.032 47 43 39 38 27 26 27
1630831012.282 48 44 38 38 27 27 28
1630831012.532 48 45 37 38 27 26 26
1630831012.782 49 43 39 40 31 26 26
1630831013.032 48 45 38 38 28 27 25
1630831013.283 46 46 39 40 28 26 26
1630831013.532 48 44 40 39 27 27 27
1630831013.781 45 43 39 39 30 28 26
1630831014.032 46 46 39 36 30 26 25
1630831014.284 50 45 37 40 27 27 25
1630831014.533 51 45 39 37 29 24 25
1630831014.782 49 44 38 38 29 26 28
1630831015.032 47 46 39 39 28 26 29
1630831015.282 47 43 38 40 28 27 24
1630831015.531 46 45 40 40 30 27 26
1630831015.782 47 44 40 39 28 25 27
1630831016.031 48 44 40 41 29 27 25
1630831016.282 47 44 43 37 27 28 26
1630831016.532 48 47 41 38 31 26 27
1630831016.782 49 44 40 37 29 25 27
1630831017.032 49 43 38 37 29 27 25
1630831017.282 48 46 39 38 30 27 26
1630831017.532 49 44 40 39 27 26 26
1630831017.783 47 45 40 39 30 25 27
1630831018.033 49 43 38 38 30 27 26
1630831018.282 49 44 38 37 30 26 27
1630831018.531 48 45 39 38 30 27 29
1630831018.782 48 45 40 39 28 28 27
1630831019.033 48 44 38 39 28 25 27
1630831019.282 48 46 39 39 28 26 28
1630831019.533 48 45 40 38 29 26 27
1630831019.782 49 47 41 39 29 23 25
1630831020.032 49 44 39 40 30 25 26
1630831020.282 48 45 37 37 29 25 27
1630831020.532 46 46 40 38 29 28 28
1630831020.782 47 44 39 37 30 26 27
1630831021.032 49 44 38 39 29 25 27
1630831021.282 48 45 38 39 28 27 29
1630831021.532 47 46 38 37 31 26 25
1630831021.782 50 45 40 37 31 27 26
1630831022.032 47 47 40 38 27 26 28
1630831022.283 50 47 38 37 29 26 26
1630831022.535 46 44 42 39 29 27 27
1630831022.785 46 45 41 40 28 26 27
1630831023.033 47 44 39 38 28 27 25
1630831023.284 48 44 41 37 29 29 25
1630831023.535 49 44 39 38 28 28 26
1630831023.785 47 46 40 38 29 26 26
1630831024.035 48 45 40 38 29 26 26
1630831024.285 49 46 40 36 27 26 25
1630831024.538 48 43 39 38 30 27 26
1630831024.783 47 45 38 38 28 26 25
1630831025.033 47 44 40 37 28 25 26
1630831025.285 49 44 39 39 30 26 25
1630831025.536 48 45 41 38 27 24 25
1630831025.785 48 45 38 40 28 26 26
1630831026.034 47 45 41 39 30 25 27
1630831026.285 46 45 40 39 29 25 26
1630831026.533 46 45 42 40 29 27 25
1630831026.783 47 44 39 39 28 26 25
1630831027.033 48 44 38 39 30 25 26
1630831027.283 46 43 39 40 27 26 26
1630831027.535 46 46 38 39 26 26 26
1630831027.784 48 43 38 39 28 26 25
1630831028.032 47 45 40 37 28 26 24
1630831028.288 47 44 37 39 29 25 25
1630831028.535 49 45 38 41 27 26 28
1630831028.783 48 43 38 38 29 27 27
1630831029.033 49 45 39 37 28 27 26
1630831029.283 48 46 41 39 29 27 25
1630831029.532 48 43 38 37 28 26 24
1630831029.795 49 45 40 39 29 26 27
1630831030.032 47 44 39 39 31 28 27
1630831030.283 49 45 39 36 29 25 25
1630831030.532 47 44 41 39 30 27 28
1630831030.783 48 45 40 40 28 26 26
1630831031.033 47 45 37 39 29 26 26
1630831031.283 46 43 38 38 28 28 26
1630831031.532 48 44 40 39 31 25 26
1630831031.782 50 45 39 39 27 27 25
1630831032.032 46 44 40 38 28 27 25
1630831032.283 48 44 43 42 28 26 26
1630831032.533 46 44 40 38 29 26 24
1630831032.787 46 42 38 37 27 27 27
1630831033.034 47 46 37 36 29 25 27
1630831033.283 48 44 42 38 29 29 25
1630831033.532 46 45 39 37 29 24 27
1630831033.783 47 45 40 40 28 28 25
1630831034.033 48 46 41 39 26 26 25
1630831034.284 49 42 38 40 28 26 25
1630831034.532 46 46 39 39 29 25 27
1630831034.782 47 45 38 39 26 28 29
1630831035.033 47 44 38 39 31 28 27
1630831035.285 47 44 41 36 29 27 25
1630831035.532 48 45 38 39 29 25 26
1630831035.782 48 47 40 38 29 26 26
1630831036.032 49 44 37 40 28 26 26
1630831036.283 48 44 42 39 26 26 25
1630831036.533 49 44 40 38 28 25 28
1630831036.783 48 44 38 37 28 25 27
1630831037.035 49 44 38 38 29 26 25
1630831037.283 50 44 38 39 29 25 28
1630831037.533 48 43 38 40 27 25 27
1630831037.783 48 45 39 38 27 25 27
1630831038.033 46 45 38 39 29 26 26
1630831038.283 47 44 40 38 27 26 25
1630831038.534 47 45 38 41 26 25 26
1630831038.783 48 43 39 39 28 27 27
1630831039.036 48 43 43 39 29 26 24
1630831039.286 49 43 40 40 27 27 27
1630831039.536 48 44 38 40 30 27 25
1630831039.783 48 45 40 38 29 26 27
1630831040.033 48 43 38 40 28 25 24
1630831040.286 48 44 39 40 27 25 24
1630831040.535 48 44 42 39 28 27 26
1630831040.785 46 43 39 37 30 26 25
1630831041.036 49 44 39 39 28 27 27
1630831041.285 49 42 40 37 28 26 26
1630831041.532 46 46 39 38 28 27 25
1630831041.784 47 45 37 38 28 29 25
1630831042.035 47 43 39 37 28 25 26
1630831042.284 51 44 39 38 28 25 28
1630831042.536 48 45 39 38 29 26 24
1630831042.785 47 46 39 39 28 25 26
1630831043.034 51 42 39 37 28 24 26
1630831043.285 47 44 38 39 29 26 28
1630831043.535 47 44 39 40 29 27 24
1630831043.785 47 44 38 39 26 24 27
1630831044.035 48 47 41 38 26 26 26
1630831044.285 49 43 40 38 29 27 24
1630831044.536 46 42 40 40 28 25 26
1630831044.785 48 45 39 40 27 27 26
1630831045.035 48 46 39 39 29 26 27
1630831045.285 48 45 38 37 27 26 26
1630831045.534 48 44 38 39 28 26 26
1630831045.784 46 44 40 39 27 26 26
1630831046.032 49 43 40 40 29 26 30
1630831046.284 49 44 39 40 28 26 28
1630831046.533 50 46 39 39 29 26 25
1630831046.783 51 47 39 36 30 25 26
1630831047.033 47 43 40 39 27 25 24
1630831047.283 46 44 40 37 30 26 27
1630831047.533 47 44 42 38 29 24 25
1630831047.783 49 46 40 40 30 24 26
1630831048.033 50 43 37 37 28 28 26
1630831048.286 46 47 38 37 29 29 25
1630831048.535 50 45 37 38 29 26 26
1630831048.784 49 46 38 38 29 25 25
1630831049.033 49 46 37 39 27 27 26
1630831049.284 47 46 40 36 28 26 27
1630831049.534 45 46 38 37 29 26 25
1630831049.783 48 44 41 39 31 26 27
1630831050.034 48 44 40 40 28 25 28
1630831050.284 48 46 41 39 28 26 25
1630831050.533 49 45 38 39 28 28 25
1630831050.782 49 44 38 39 29 26 27
1630831051.034 47 43 40 37 27 26 26
1630831051.282 47 43 41 38 30 25 27
1630831051.533 48 44 39 37 30 26 28
1630831051.783 48 46 40 40 29 25 26
1630831052.034 47 46 39 39 28 26 25
1630831052.284 47 43 40 38 27 26 25
1630831052.533 48 44 39 36 28 24 25
1630831052.783 47 45 38 40 29 26 28
1630831053.033 49 45 39 38 26 24 26
1630831053.282 48 43 38 38 29 26 26
1630831053.533 46 47 38 37 28 26 25
1630831053.782 48 44 40 37 27 27 26
1630831054.032 47 45 39 41 29 26 25
1630831054.284 48 45 38 35 27 26 26
1630831054.533 48 43 38 39 29 27 28
1630831054.783 47 42 40 37 28 26 27
1630831055.032 47 46 39 41 28 25 24
1630831055.283 49 44 40 39 28 28 25
1630831055.533 46 44 38 39 27 28 25
1630831055.784 49 44 40 38 29 28 25
1630831056.032 47 45 39 38 28 26 26
1630831056.283 48 44 39 37 27 26 27
1630831056.534 48 46 39 38 28 25 25
1630831056.784 47 45 39 38 30 27 28
1630831057.034 47 44 39 38 27 28 26
1630831057.284 47 45 37 38 27 28 28
1630831057.536 48 46 37 36 28 24 26
1630831057.785 47 45 38 40 29 25 26
1630831058.036 46 45 41 40 28 26 26
1630831058.286 48 45 39 37 27 27 26
1630831058.537 49 46 41 39 28 27 26
1630831058.787 47 45 37 39 29 26 27
1630831059.034 47 45 39 37 27 25 27
1630831059.286 47 47 38 40 28 24 26
1630831059.537 47 44 39 39 28 26 27
1630831059.786 47 43 37 37 28 26 26
1630831060.035 47 45 38 41 28 26 26
1630831060.284 48 45 40 38 28 26 27
1630831060.534 51 45 40 39 28 27 27
1630831060.786 48 45 40 38 27 24 27
1630831061.034 47 45 38 38 28 24 26
1630831061.285 47 47 40 40 29 27 24
1630831061.534 48 46 40 39 27 24 28
1630831061.784 49 43 41 39 30 27 26
1630831062.034 47 45 40 38 28 25 27
1630831062.283 48 44 38 39 28 28 25
1630831062.534 50 45 39 39 30 27 26
1630831062.786 48 43 38 40 28 25 26
1630831063.034 48 44 36 38 29 27 26
1630831063.284 47 45 38 36 29 25 27
1630831063.534 48 46 38 40 29 28 26
1630831063.784 49 45 40 38 28 26 26
1630831064.035 45 46 41 37 27 27 27
1630831064.288 44 44 39 36 30 27 27
1630831064.537 46 43 39 38 29 26 26
1630831064.786 51 43 38 36 29 25 26
1630831065.037 47 44 38 38 28 26 26
1630831065.286 50 45 38 36 27 24 26
1630831065.536 50 44 39 38 28 28 26
1630831065.786 47 44 40 37 29 24 27
1630831066.036 47 46 39 40 26 25 27
1630831066.284 47 44 40 37 29 27 26
1630831066.536 49 45 38 39 31 24 30
1630831066.786 48 44 39 38 27 27 26
1630831067.036 51 44 39 40 28 27 27
1630831067.286 47 44 39 39 27 26 27
1630831067.534 47 45 39 38 29 26 27
1630831067.785 48 46 40 38 29 25 26
1630831068.035 48 43 39 38 27 25 27
1630831068.285 49 46 38 40 29 28 24
1630831068.533 49 44 39 37 28 27 25
1630831068.785 46 44 41 38 28 26 25
1630831069.034 48 46 38 39 29 26 26
1630831069.283 48 44 38 37 28 25 24
1630831069.533 47 45 38 41 28 26 26
1630831069.786 48 44 37 38 29 25 25
1630831070.037 50 45 39 38 31 26 24
1630831070.283 49 46 41 36 28 29 29
1630831070.533 48 44 41 38 29 25 25
1630831070.783 46 45 41 37 27 24 26
1630831071.034 48 44 39 38 28 27 27
1630831071.284 46 45 38 37 29 25 27
1630831071.533 48 45 38 39 26 25 25
1630831071.786 47 44 40 42 29 26 26
1630831072.034 46 44 39 39 29 27 26
1630831072.284 48 43 39 36 29 25 26
1630831072.533 46 45 38 38 30 29 27
1630831072.784 49 47 40 38 29 26 27
1630831073.034 49 45 40 37 30 26 25
1630831073.284 47 44 38 39 28 26 25
1630831073.533 49 43 40 41 29 27 26
1630831073.784 49 44 38 38 31 26 26
1630831074.035 47 46 41 41 29 26 26
1630831074.285 49 44 42 36 27 26 26
1630831074.533 48 44 39 39 28 26 26
1630831074.783 48 47 38 38 27 27 29
1630831075.034 49 44 39 38 28 25 26
1630831075.285 46 44 40 37 27 26 27
1630831075.533 48 44 38 39 29 27 28
1630831075.785 48 44 40 39 29 25 27
1630831076.035 50 44 40 38 28 25 27
1630831076.284 48 46 40 41 30 26 26
1630831076.534 47 48 39 38 28 26 26
1630831076.784 47 47 41 38 28 25 27
1630831077.034 46 45 41 38 30 25 26
1630831077.285 48 44 40 37 30 26 27
1630831077.535 47 46 41 39 28 26 26
1630831077.786 49 45 38 38 29 25 25
1630831078.037 49 43 39 37 29 25 26
1630831078.286 49 43 40 37 29 26 25
1630831078.534 47 44 39 37 28 26 25
1630831078.785 46 44 40 38 27 25 26
1630831079.037 47 46 41 39 29 27 27
1630831079.287 47 44 41 41 28 25 26
1630831079.537 50 45 39 38 28 26 25
1630831079.786 50 45 40 38 32 25 25
1630831080.037 47 46 39 38 27 25 25
1630831080.289 48 46 40 38 30 27 26
1630831080.536 46 45 41 41 30 25 29
1630831080.786 47 45 39 38 29 25 27
1630831081.037 47 43 38 39 29 26 26
1630831081.288 47 45 39 40 30 26 26
1630831081.535 49 46 39 38 31 25 27
1630831081.785 47 46 39 40 29 27 25
1630831082.036 49 46 42 38 29 27 26
1630831082.287 45 44 40 40 28 27 26
1630831082.535 47 46 38 40 27 26 27
1630831082.787 49 45 40 38 29 24 27
1630831083.036 48 46 39 37 29 28 25
1630831083.286 49 45 39 40 29 26 27
1630831083.537 48 44 41 38 29 26 26
1630831083.787 48 43 38 38 29 26 25
1630831084.037 49 45 38 40 29 27 26
1630831084.285 47 49 38 38 29 25 26
1630831084.535 48 45 40 40 30 26 28
1630831084.786 48 46 42 37 32 24 26
1630831085.035 49 44 40 37 28 26 26
1630831085.284 49 43 41 40 30 26 26
1630831085.534 48 45 39 39 29 26 28
1630831085.784 48 43 42 36 31 27 27
1630831086.034 47 44 40 40 30 26 25
1630831086.283 45 45 40 39 29 25 28
1630831086.533 46 45 40 40 27 25 25
1630831086.784 48 47 40 40 29 25 25
1630831087.034 46 45 39 40 27 26 26
1630831087.285 49 44 41 37 30 27 27
1630831087.533 47 45 41 38 29 24 27
1630831087.784 48 42 38 38 28 26 27
1630831088.034 48 45 40 39 29 27 26
1630831088.286 49 44 40 40 29 26 26
1630831088.535 50 44 41 38 29 26 26
1630831088.786 47 45 40 37 28 26 26
1630831089.034 51 46 41 38 28 27 27
1630831089.284 48 44 39 41 30 27 26
1630831089.534 49 45 41 39 30 27 23
1630831089.784 46 44 40 38 28 26 28
1630831090.035 47 44 41 39 28 26 24
1630831090.285 47 45 37 40 28 25 25
1630831090.537 47 44 39 40 28 26 27
1630831090.785 46 45 39 40 28 26 25
1630831091.034 49 46 40 40 27 25 26
1630831091.284 48 46 38 38 28 26 24
1630831091.533 49 44 39 38 28 26 26
1630831091.784 49 46 39 39 30 26 27
1630831092.034 48 45 40 38 27 25 25
1630831092.284 48 45 41 37 30 25 26
1630831092.535 48 43 39 38 29 27 25
1630831092.785 48 45 40 39 29 25 25
1630831093.033 49 46 41 39 29 25 25
1630831093.284 50 44 40 39 30 25 26
1630831093.534 47 44 39 38 29 25 25
1630831093.785 49 45 40 37 28 26 27
1630831094.034 50 43 38 39 30 26 27
1630831094.284 50 45 41 36 27 26 26
1630831094.535 47 45 39 39 29 26 24
1630831094.785 47 46 39 38 29 26 27
1630831095.034 47 44 40 37 31 27 26
1630831095.285 45 45 39 39 32 27 26
1630831095.535 51 46 40 38 28 27 27
1630831095.786 50 44 40 38 29 27 26
1630831096.035 47 45 41 39 28 27 25
1630831096.287 51 44 40 36 30 26 26
1630831096.536 50 44 38 40 28 25 26
1630831096.787 49 46 40 38 29 26 26
1630831097.039 47 44 40 37 31 25 28
1630831097.287 47 44 41 38 29 27 27
1630831097.535 48 46 40 37 29 25 25
1630831097.787 48 45 40 39 28 25 28
1630831098.035 50 46 40 38 28 25 25
1630831098.286 49 46 40 39 29 27 28
1630831098.537 47 44 40 39 31 26 26
1630831098.788 49 44 43 38 29 27 25
1630831099.035 48 46 41 38 30 25 24
1630831099.286 52 44 41 37 28 27 27
1630831099.536 52 45 40 38 28 27 26
1630831099.785 49 46 41 37 30 24 27
1630831100.035 48 45 39 41 30 28 28
1630831100.285 48 45 41 38 30 25 27
1630831100.535 50 46 40 39 30 26 26
1630831100.784 47 45 39 37 27 28 23
1630831101.034 46 44 40 39 28 26 25
1630831101.285 48 44 40 39 30 27 25
1630831101.534 49 44 39 37 28 26 25
1630831101.784 48 43 39 38 30 25 25
1630831102.036 48 45 41 40 29 26 26
1630831102.284 47 44 40 38 29 25 26
1630831102.534 47 44 41 39 29 25 26
1630831102.785 47 44 39 38 29 26 27
1630831103.034 48 43 39 39 27 25 26
1630831103.285 46 43 40 38 31 25 25
1630831103.535 47 45 42 38 27 24 26
1630831103.785 49 45 38 39 29 25 26
1630831104.035 48 45 40 38 30 26 25
1630831104.287 47 45 39 39 28 24 26
1630831104.536 47 43 42 38 29 26 25
1630831104.787 49 45 40 37 29 26 26
1630831105.035 51 41 40 37 30 26 26
1630831105.286 47 45 39 36 28 26 26
1630831105.536 46 44 38 37 29 27 28
1630831105.785 48 44 40 38 28 24 25
1630831106.035 49 45 38 40 28 27 27
1630831106.285 48 44 39 38 28 24 24
1630831106.536 49 43 40 39 28 28 26
1630831106.786 49 46 39 41 27 26 26
1630831107.036 48 44 41 38 27 27 27
1630831107.286 50 43 41 38 29 25 27
1630831107.535 47 45 39 39 29 26 25
1630831107.786 47 42 40 39 28 25 25
1630831108.035 48 45 42 39 29 26 29
1630831108.284 47 44 39 39 28 27 26
1630831108.534 48 44 39 39 29 26 27
1630831108.785 48 46 40 41 28 26 25
1630831109.034 48 46 39 42 29 27 27
1630831109.284 48 46 40 39 29 25 27
1630831109.535 47 45 41 42 28 28 28
1630831109.784 48 44 38 39 29 26 26
1630831110.034 49 44 38 38 29 25 27
1630831110.284 46 46 41 39 28 27 25
1630831110.535 48 49 39 37 30 25 25
1630831110.784 48 43 39 39 27 26 26
1630831111.034 46 45 39 37 31 27 27
1630831111.285 48 45 38 41 29 27 30
1630831111.535 46 44 40 39 30 26 26
1630831111.784 48 45 42 40 26 27 26
1630831112.035 47 43 40 38 29 26 24
1630831112.284 48 44 40 40 28 26 25
1630831112.536 47 44 40 40 28 27 26
1630831112.785 46 46 39 37 28 26 25
1630831113.035 49 44 37 37 28 27 24
1630831113.285 47 47 40 36 28 25 25
1630831113.535 49 45 40 39 28 25 27
1630831113.785 45 44 39 41 30 25 25
1630831114.035 47 45 36 39 28 26 24
1630831114.286 48 44 40 37 28 27 25
1630831114.535 47 44 41 38 29 26 25
1630831114.784 47 45 40 37 28 26 26
1630831115.035 46 45 42 38 28 26 25
1630831115.285 48 43 41 37 29 24 25
1630831115.535 49 45 38 39 28 26 26
1630831115.784 47 44 40 39 28 26 26
1630831116.035 49 45 38 37 28 28 26
1630831116.286 48 44 40 40 28 25 26
1630831116.535 48 47 39 41 28 25 26
1630831116.787 50 46 40 38 28 26 26
1630831117.038 48 45 42 37 28 28 27
1630831117.287 46 44 39 39 27 28 26
1630831117.536 49 44 41 41 31 26 26
1630831117.787 48 43 42 39 28 26 26
1630831118.036 49 46 40 38 28 26 26
1630831118.288 47 45 41 37 28 25 26
1630831118.536 48 44 41 39 28 26 27
1630831118.786 48 45 37 37 28 26 26
1630831119.037 48 45 39 36 28 26 25
1630831119.286 47 45 39 40 28 26 25
1630831119.538 50 44 38 37 27 27 25
1630831119.786 49 43 41 42 28 27 26
1630831120.037 48 43 40 39 27 29 26
1630831120.286 48 44 39 39 28 27 27
1630831120.536 48 45 40 40 28 26 25
1630831120.786 49 44 42 38 29 27 24
1630831121.036 48 43 41 38 29 28 27
1630831121.286 48 46 39 38 29 26 27
1630831121.536 49 45 39 39 27 26 25
1630831121.786 46 44 40 39 29 24 26
1630831122.036 49 45 40 41 30 26 25
1630831122.287 48 46 40 37 30 26 27
1630831122.535 48 43 39 41 28 27 25
1630831122.786 48 45 38 38 29 26 24
1630831123.035 49 45 40 35 29 29 26
1630831123.286 50 46 42 37 30 26 25
1630831123.536 46 48 39 39 30 26 24
1630831123.787 50 46 42 38 28 26 25
1630831124.035 46 45 40 38 29 27 26
1630831124.285 47 45 41 37 29 29 25
1630831124.537 49 45 39 40 29 26 26
1630831124.785 49 46 39 38 28 26 25
1630831125.035 47 43 41 40 30 26 26
1630831125.285 48 45 40 40 29 26 26
1630831125.535 45 44 39 39 29 25 26
1630831125.785 47 45 39 38 31 28 25
1630831126.035 47 44 40 40 29 26 26
1630831126.285 50 45 39 38 31 26 26
1630831126.535 49 46 38 38 28 25 25
1630831126.785 48 45 39 37 30 26 24
1630831127.034 47 45 42 38 31 26 24
1630831127.285 49 45 39 40 29 26 26
1630831127.535 46 46 40 39 27 25 25
1630831127.786 48 41 39 38 30 25 25
1630831128.035 51 45 41 38 29 25 26
1630831128.286 49 45 38 38 28 26 26
1630831128.535 46 47 41 39 29 27 26
1630831128.785 49 44 42 38 27 27 26
1630831129.035 48 43 41 41 30 26 26
1630831129.286 48 47 39 39 27 27 27
1630831129.535 46 44 41 37 28 25 26
1630831129.784 48 46 42 39 29 24 26
1630831130.035 47 46 39 40 28 26 25
1630831130.285 48 44 41 40 28 26 24
1630831130.535 46 45 38 39 27 26 26
1630831130.784 48 44 39 37 29 26 25
1630831131.035 47 44 39 37 29 26 25
1630831131.285 49 43 40 37 29 28 26
1630831131.536 48 44 38 40 29 25 24
1630831131.786 49 43 38 40 30 25 25
1630831132.036 51 43 41 38 29 25 26
1630831132.285 48 43 38 40 30 24 26
1630831132.535 46 44 38 37 27 25 26
1630831132.785 48 45 40 40 30 24 26
1630831133.035 49 44 42 37 30 27 26
1630831133.285 49 44 39 37 28 26 26
1630831133.535 47 46 40 38 31 27 26
1630831133.786 48 44 40 38 28 26 24
1630831134.035 50 44 38 38 29 27 26
1630831134.285 50 44 41 37 28 26 25
1630831134.535 46 45 40 36 30 26 25
1630831134.786 47 45 40 38 29 26 26
1630831135.037 47 43 40 39 29 25 25
1630831135.287 48 43 37 40 29 24 25
1630831135.537 50 45 41 38 30 26 26
1630831135.788 46 44 39 37 30 26 26
1630831136.038 49 45 40 38 27 26 27
1630831136.289 47 44 41 38 30 27 26
1630831136.537 48 45 41 36 30 26 25
1630831136.787 50 44 39 38 27 28 25
1630831137.036 46 45 39 37 27 26 26
1630831137.285 50 44 41 37 28 26 26
1630831137.537 47 44 39 40 27 25 26
1630831137.786 52 46 37 37 29 24 28
1630831138.035 47 44 39 40 28 26 27
1630831138.286 48 44 38 36 27 25 28
1630831138.535 47 45 40 39 28 27 25
1630831138.785 46 46 40 37 30 27 29
1630831139.035 48 44 41 42 29 26 25
1630831139.285 49 42 40 38 28 25 26
1630831139.535 50 44 42 39 29 27 26
1630831139.786 51 45 38 39 27 27 25
1630831140.035 50 44 39 39 30 26 27
1630831140.286 46 43 38 40 31 26 28
1630831140.535 46 43 39 39 28 27 26
1630831140.785 48 44 40 40 30 27 27
1630831141.036 49 45 39 38 28 27 24
1630831141.288 48 43 39 37 28 26 27
1630831141.536 46 47 38 40 29 25 26
1630831141.787 51 46 41 38 29 27 26
1630831142.038 48 43 39 38 28 26 26
1630831142.287 47 47 41 39 28 25 25
1630831142.536 48 45 41 38 27 26 27
1630831142.786 47 44 38 38 30 25 25
1630831143.037 47 44 39 37 28 25 26
1630831143.287 49 45 39 39 29 26 25
1630831143.537 47 43 40 39 30 26 25
1630831143.787 49 43 40 37 27 25 27
1630831144.037 46 47 40 39 28 25 26
1630831144.287 48 44 39 39 27 28 26
1630831144.538 48 44 38 41 30 26 27
1630831144.787 47 44 40 40 28 26 27
1630831145.037 47 44 40 38 28 27 26
1630831145.287 48 47 40 41 29 25 26
1630831145.536 49 43 40 38 27 26 26
1630831145.786 49 45 39 37 28 27 27
1630831146.036 47 45 40 40 29 27 26
1630831146.286 47 48 40 39 28 26 26
1630831146.537 47 45 40 37 30 26 27
1630831146.785 50 45 39 40 30 25 26
1630831147.036 47 44 40 39 27 24 27
1630831147.286 48 45 38 39 30 24 26
1630831147.536 48 43 39 37 30 28 26
1630831147.786 46 44 42 38 32 25 25
1630831148.036 48 44 37 37 29 27 25
1630831148.285 49 44 41 37 30 27 25
1630831148.535 48 46 39 37 29 25 26
1630831148.785 50 46 41 39 29 25 26
1630831149.035 49 43 39 37 27 25 26
1630831149.285 49 46 38 38 29 27 26
1630831149.535 48 45 40 35 27 27 26
1630831149.786 46 44 43 39 28 27 26
1630831150.036 51 46 40 39 29 26 26
1630831150.285 49 43 40 42 31 26 26
1630831150.537 48 45 40 40 29 28 26
1630831150.786 47 45 42 39 28 27 27
1630831151.035 47 44 38 41 27 25 27
1630831151.286 49 44 41 38 29 26 25
1630831151.535 46 45 39 38 27 26 25
1630831151.785 47 48 40 40 28 27 26
1630831152.036 48 46 41 37 30 26 27
1630831152.285 45 44 40 39 29 26 27
1630831152.536 47 45 41 39 29 27 29
1630831152.786 47 45 43 38 30 25 28
1630831153.035 49 44 40 38 29 28 27
1630831153.286 47 46 39 38 29 26 27
1630831153.535 49 48 39 42 27 28 26
1630831153.786 48 45 39 39 30 25 27
1630831154.035 47 45 41 38 29 27 26
1630831154.287 48 44 38 38 28 28 26
1630831154.537 46 44 39 39 27 25 25
1630831154.786 47 44 39 37 31 28 27
1630831155.037 48 47 39 38 28 28 26
1630831155.288 49 46 40 38 29 25 26
1630831155.537 47 43 39 37 27 26 26
1630831155.787 50 45 38 40 28 26 26
1630831156.038 47 45 39 39 29 27 25
1630831156.288 48 47 40 39 28 26 25
1630831156.537 47 44 40 40 31 26 27
1630831156.787 48 46 39 38 31 25 26
1630831157.038 50 44 40 39 29 26 26
1630831157.288 48 46 41 40 30 26 26
1630831157.537 47 44 41 39 30 26 25
1630831157.788 46 43 39 37 29 25 27
1630831158.038 49 44 40 37 30 27 26
1630831158.287 49 45 39 41 28 25 27
1630831158.538 49 47 40 40 28 25 25
1630831158.787 48 44 38 38 30 25 27
1630831159.037 46 43 38 39 28 25 26
1630831159.289 51 44 40 40 29 26 26
1630831159.537 49 44 40 37 33 26 27
1630831159.787 48 45 39 37 27 26 24
1630831160.038 52 45 40 40 29 26 27
1630831160.287 47 44 39 39 29 27 26
1630831160.537 47 44 38 38 30 25 27
1630831160.787 48 44 41 37 29 25 25
1630831161.037 47 44 39 39 32 26 27
1630831161.287 48 45 44 39 29 26 25
1630831161.536 47 46 39 37 28 25 27
1630831161.786 50 44 40 38 29 26 25
1630831162.036 48 42 39 37 28 25 26
1630831162.286 48 45 41 38 29 26 25
1630831162.536 49 46 40 38 30 25 27
1630831162.786 47 45 38 39 28 26 27
1630831163.037 47 46 39 41 28 26 26
1630831163.286 48 43 40 41 30 25 27
1630831163.536 46 43 39 38 29 25 26
1630831163.786 48 47 38 38 30 25 25
1630831164.036 48 44 41 39 28 24 26
1630831164.286 46 43 39 38 30 24 28
1630831164.536 46 46 41 39 29 25 26
1630831164.786 50 46 40 37 28 27 26
1630831165.036 46 43 39 37 29 26 25
1630831165.286 49 44 40 37 29 26 24
1630831165.536 48 43 38 40 28 26 26
1630831165.786 48 45 41 40 29 28 26
1630831166.037 48 43 40 38 30 27 25
1630831166.286 46 46 38 37 29 26 26
1630831166.537 49 43 40 39 28 27 26
1630831166.786 49 45 40 37 31 25 26
1630831167.038 47 42 40 37 28 27 27
1630831167.286 47 43 37 39 30 26 27
1630831167.538 48 45 40 40 31 25 27
1630831167.786 48 45 40 37 30 26 26
1630831168.036 50 45 39 41 27 25 28
1630831168.286 48 45 41 38 29 27 25
1630831168.536 48 45 41 39 29 26 26
1630831168.786 50 44 38 37 29 25 27
1630831169.036 51 44 39 38 25 26 26
1630831169.286 47 46 40 39 31 26 26
1630831169.536 48 44 38 41 30 26 29
1630831169.787 47 44 39 42 30 27 26
1630831170.036 48 45 39 40 29 29 25
1630831170.286 46 43 39 40 29 26 26
1630831170.537 47 44 40 38 30 28 25
1630831170.786 48 45 40 38 30 28 26
1630831171.037 49 46 38 39 29 26 25
1630831171.286 48 45 43 36 28 25 28
1630831171.536 48 43 42 38 28 26 26
1630831171.786 49 46 41 38 29 26 27
1630831172.036 47 44 41 37 28 24 25
1630831172.286 49 42 38 38 29 26 26
1630831172.537 47 44 39 38 28 27 26
1630831172.786 48 45 41 38 30 27 26
1630831173.038 46 46 37 38 27 25 25
1630831173.287 50 43 42 37 29 26 28
1630831173.539 48 45 39 40 31 25 27
1630831173.787 50 45 38 40 30 27 25
1630831174.038 50 43 41 39 29 25 26
1630831174.288 49 46 39 38 28 26 25
1630831174.539 46 44 42 40 27 26 24
1630831174.788 47 45 42 39 31 26 27
1630831175.039 48 43 39 39 29 27 25
1630831175.288 47 44 39 38 29 27 25
1630831175.538 49 46 39 39 29 25 26
1630831175.788 48 42 40 38 27 25 25
1630831176.038 47 46 40 37 28 24 26
1630831176.287 47 44 40 40 29 26 27
1630831176.536 49 44 39 38 31 26 26
1630831176.788 47 44 41 38 29 23 25
1630831177.038 47 47 39 41 29 25 28
1630831177.287 49 45 40 40 28 25 26
1630831177.537 50 44 39 39 30 26 27
1630831177.787 50 43 38 41 28 27 27
1630831178.037 47 43 38 39 28 25 25
1630831178.287 49 43 39 39 28 26 28
1630831178.536 46 43 39 40 30 26 26
1630831178.786 48 42 38 40 29 24 26
1630831179.036 47 44 39 38 28 26 29
1630831179.287 46 45 38 38 28 26 27
1630831179.536 49 45 39 39 28 26 26
1630831179.787 48 49 40 38 30 29 26
1630831180.037 47 46 40 39 29 27 25
1630831180.287 48 44 40 39 28 27 26
1630831180.538 48 46 39 38 29 26 24
1630831180.788 47 46 39 40 26 25 24
1630831181.039 48 44 40 39 28 26 27
1630831181.288 48 44 39 40 31 24 25
1630831181.539 48 45 40 39 30 28 25
1630831181.788 48 44 39 39 30 26 28
1630831182.038 48 45 39 38 29 25 26
1630831182.288 49 43 38 40 30 26 25
1630831182.539 51 46 40 39 28 25 24
1630831182.788 48 45 39 40 31 26 27
1630831183.038 45 47 41 41 29 26 26
1630831183.288 49 42 41 38 26 25 24
1630831183.538 47 43 40 39 29 26 25
1630831183.788 48 46 40 38 28 26 27
1630831184.039 50 45 40 39 30 27 26
1630831184.288 47 44 40 37 28 26 27
1630831184.538 46 44 40 37 29 26 28
1630831184.787 46 46 40 38 28 25 26
1630831185.037 47 45 40 37 27 27 25
1630831185.287 50 43 40 40 30 26 27
1630831185.537 47 45 39 39 28 26 27
1630831185.787 48 45 39 39 28 26 26
1630831186.037 49 44 39 38 28 26 27
1630831186.288 48 43 41 37 29 26 27
1630831186.537 48 45 40 37 28 27 25
1630831186.787 46 45 39 38 28 24 24
1630831187.037 48 45 40 36 29 26 30
1630831187.287 47 45 38 38 31 26 28
1630831187.538 49 45 40 39 31 26 26
1630831187.788 47 47 40 38 31 26 27
1630831188.037 48 44 41 39 28 25 26
1630831188.287 49 43 40 40 29 25 26
1630831188.536 47 45 41 39 29 26 28
1630831188.788 45 46 39 40 28 29 25
1630831189.037 48 44 42 39 31 25 26
1630831189.288 47 46 40 39 30 25 26
1630831189.537 47 44 42 39 30 26 23
1630831189.788 48 44 40 38 30 26 25
1630831190.037 47 44 40 38 28 25 26
1630831190.288 48 44 40 38 31 25 28
1630831190.536 47 45 40 39 30 25 24
1630831190.787 47 46 39 40 30 27 26
1630831191.037 45 48 40 36 29 25 24
1630831191.287 48 46 39 39 30 25 26
1630831191.538 49 43 40 39 28 26 25
1630831191.787 49 44 40 36 29 26 26
1630831192.038 45 44 39 38 30 27 28
1630831192.288 48 45 39 38 27 25 27
1630831192.537 49 46 39 41 30 27 26
1630831192.787 47 46 40 38 30 26 27
1630831193.037 47 45 41 39 31 24 27
1630831193.288 47 45 37 39 30 26 26
1630831193.540 48 45 41 38 29 24 24
1630831193.788 48 44 39 36 28 25 26
1630831194.038 47 44 41 39 31 25 23
1630831194.290 48 46 41 37 30 26 27
1630831194.538 49 45 40 40 32 26 27
1630831194.787 47 47 39 41 31 24 26
1630831195.039 46 44 38 39 29 25 29
1630831195.290 47 44 39 39 29 26 26
1630831195.542 49 45 38 37 28 26 26
1630831195.791 45 45 39 38 28 26 25
1630831196.040 48 45 38 40 29 27 26
1630831196.288 48 47 40 36 31 29 27
1630831196.539 47 44 40 36 28 27 26
1630831196.788 49 44 40 38 29 26 26
1630831197.039 48 45 39 38 30 27 27
1630831197.288 49 45 40 38 30 26 26
1630831197.538 50 44 39 36 28 25 26
1630831197.789 48 44 42 40 30 27 25
1630831198.038 47 45 40 40 31 25 26
1630831198.288 49 46 40 38 31 27 25
1630831198.538 48 45 40 39 28 26 27
1630831198.789 48 45 42 37 30 26 25
1630831199.038 48 42 41 38 30 26 26
1630831199.288 49 47 41 38 29 25 27
1630831199.538 49 46 39 37 30 27 25
1630831199.788 49 45 39 37 30 28 26
1630831200.039 49 46 37 39 28 26 28
1630831200.289 48 44 39 38 28 27 31
1630831200.538 49 45 38 41 30 27 27
1630831200.788 48 44 39 41 29 26 26
1630831201.038 47 45 37 38 30 27 25
1630831201.287 48 44 41 40 29 25 26
1630831201.539 49 46 39 38 29 24 26
1630831201.789 51 48 40 38 27 26 28
1630831202.037 48 45 39 39 29 29 26
1630831202.287 49 45 40 38 31 28 26
1630831202.537 48 44 41 39 28 26 26
1630831202.787 48 44 39 37 27 25 26
1630831203.037 48 45 40 38 31 29 25
1630831203.287 49 44 40 41 28 25 24
1630831203.537 46 44 40 40 30 26 25
1630831203.787 48 44 38 38 28 26 26
1630831204.037 50 44 39 38 29 24 25
1630831204.288 47 47 38 40 29 28 27
1630831204.537 48 45 38 38 29 26 27
1630831204.789 50 44 40 37 30 25 25
1630831205.037 49 45 38 37 31 25 24
1630831205.287 49 47 40 37 30 25 28
1630831205.537 48 47 38 41 29 27 27
1630831205.787 47 44 40 41 29 26 27
1630831206.036 46 45 40 38 28 25 28
1630831206.287 47 43 40 39 29 26 28
1630831206.538 49 44 39 39 29 26 26
1630831206.788 49 45 42 39 31 27 26
1630831207.038 50 44 39 39 29 28 24
1630831207.288 49 45 43 40 30 24 23
1630831207.537 50 44 39 38 30 26 26
1630831207.787 47 44 37 38 29 26 27
1630831208.038 47 44 39 37 29 25 29
1630831208.287 49 46 40 39 28 26 26
1630831208.538 48 46 40 42 29 24 25
1630831208.789 48 44 38 39 30 25 27
1630831209.037 48 44 39 38 30 26 26
1630831209.288 45 45 40 37 29 27 25
1630831209.537 48 45 40 38 30 26 25
1630831209.788 48 46 39 37 29 24 26
1630831210.037 47 46 41 37 29 24 28
1630831210.288 48 47 39 39 29 26 27
1630831210.538 47 45 38 40 30 25 26
1630831210.788 47 45 40 38 29 29 27
1630831211.038 48 46 38 37 28 26 25
1630831211.288 46 44 41 39 29 25 26
1630831211.537 47 43 41 38 28 25 26
1630831211.788 46 44 37 39 28 25 24
1630831212.039 48 44 41 40 31 24 27
1630831212.289 46 47 42 40 28 26 28
1630831212.539 47 43 38 38 29 27 26
1630831212.789 46 46 37 39 28 26 26
1630831213.039 48 46 39 38 29 26 26
1630831213.290 46 46 38 38 30 26 26
1630831213.539 46 44 40 39 30 26 27
1630831213.790 48 45 39 38 31 25 25
1630831214.039 51 47 40 39 28 25 25
1630831214.289 50 45 38 40 31 26 26
1630831214.540 47 46 41 38 31 26 24
1630831214.789 49 47 41 38 28 26 24
1630831215.039 47 43 39 38 29 26 26
1630831215.288 47 45 39 39 29 24 26
1630831215.539 48 45 40 38 29 26 24
1630831215.788 48 43 40 39 30 26 24
1630831216.038 46 46 39 42 30 26 26
1630831216.287 51 45 39 39 29 26 27
1630831216.538 45 45 40 37 29 27 25
1630831216.787 47 45 38 39 32 26 26
1630831217.038 48 46 41 39 28 25 25
1630831217.290 50 45 41 39 29 26 26
1630831217.538 50 44 41 40 28 26 25
1630831217.788 48 44 40 39 29 28 25
1630831218.039 46 46 39 38 29 27 25
1630831218.290 48 45 39 39 28 25 27
1630831218.539 49 48 40 39 29 27 26
1630831218.790 48 45 41 38 30 27 25
1630831219.039 46 45 41 38 31 27 25
1630831219.290 47 43 41 36 28 26 27
1630831219.539 49 45 39 39 29 26 26
1630831219.789 49 45 39 36 28 27 28
1630831220.040 47 43 42 38 28 26 25
1630831220.290 48 44 39 40 31 26 26
1630831220.540 49 44 40 37 28 25 26
1630831220.788 47 43 40 40 30 29 27
1630831221.039 47 45 40 38 30 26 29
1630831221.289 48 46 38 39 28 24 27
1630831221.540 47 43 40 37 29 26 26
1630831221.788 47 45 37 43 30 25 26
1630831222.038 47 46 41 37 31 28 25
1630831222.288 50 46 39 40 31 28 27
1630831222.538 48 44 39 40 30 25 27
1630831222.788 47 44 40 40 28 27 25
1630831223.039 47 46 37 39 28 27 26
1630831223.288 48 44 41 39 29 27 26
1630831223.538 48 44 38 38 28 25 26
1630831223.787 48 45 39 39 30 27 25
1630831224.038 49 45 40 39 29 25 26
1630831224.288 48 46 40 39 29 26 25
1630831224.538 47 46 40 39 28 25 25
1630831224.788 49 45 41 38 30 26 26
1630831225.037 50 45 40 38 30 26 26
1630831225.288 48 44 41 38 29 26 27
1630831225.539 46 45 41 38 29 26 25
1630831225.788 46 45 41 38 29 26 25
1630831226.038 49 46 40 40 31 28 23
1630831226.288 48 46 39 39 28 27 26
1630831226.538 48 43 39 39 30 24 26
1630831226.788 48 43 40 38 28 27 26
1630831227.038 48 44 39 37 29 26 27
1630831227.288 47 46 38 39 32 27 24
1630831227.539 48 46 39 38 28 28 27
1630831227.789 48 46 40 40 28 26 25
1630831228.039 49 46 39 40 30 26 25
1630831228.288 48 47 40 38 28 27 27
1630831228.539 49 44 40 39 31 24 26
1630831228.788 49 45 40 39 30 26 28
1630831229.038 49 45 40 38 29 24 28
1630831229.288 48 43 39 39 28 26 26
1630831229.538 50 43 39 40 29 25 25
1630831229.789 47 45 39 39 28 25 26
1630831230.039 46 44 38 41 28 27 26
1630831230.288 47 45 40 38 31 26 27
1630831230.538 46 46 42 37 33 25 27
1630831230.789 49 44 39 37 31 28 27
1630831231.039 46 43 39 38 29 24 26
1630831231.288 48 46 40 41 31 26 26
1630831231.539 49 47 41 40 29 28 24
1630831231.789 47 46 37 41 29 25 25
1630831232.040 47 47 38 40 28 27 25
1630831232.290 47 44 39 41 28 26 25
1630831232.540 51 44 40 37 30 26 27
1630831232.790 46 44 38 39 27 24 24
1630831233.041 48 45 41 37 28 26 24
1630831233.290 50 45 42 39 29 27 26
1630831233.539 45 44 39 38 29 25 25
1630831233.791 49 44 38 37 31 26 28
1630831234.042 48 46 41 38 29 27 26
1630831234.289 49 45 39 38 31 26 26
1630831234.540 48 46 41 40 30 25 25
1630831234.790 49 45 41 37 27 26 24
1630831235.040 47 44 40 38 29 25 26
1630831235.289 50 45 39 38 30 26 25
1630831235.540 48 44 38 39 29 27 25
1630831235.790 50 45 41 40 32 26 26
1630831236.040 48 45 38 37 30 26 24
1630831236.290 48 46 40 39 29 28 28
1630831236.539 47 45 39 41 29 26 25
1630831236.790 48 45 40 37 29 25 26
1630831237.039 48 45 39 37 28 25 26
1630831237.289 47 47 39 40 31 25 26
1630831237.540 45 45 42 37 31 28 26
1630831237.789 46 44 40 38 29 25 25
1630831238.040 48 44 39 37 28 27 26
1630831238.289 47 45 41 37 31 26 28
1630831238.538 49 46 42 39 28 27 26
1630831238.789 52 47 38 41 30 25 25
1630831239.038 48 44 39 39 28 26 27
1630831239.291 47 44 38 37 29 25 25
1630831239.540 47 44 41 38 30 24 25
1630831239.791 49 44 40 38 29 29 25
1630831240.038 49 46 41 37 29 26 26
1630831240.288 48 47 40 37 28 26 26
1630831240.538 48 43 39 40 27 26 24
1630831240.788 49 45 39 38 28 26 26
1630831241.038 48 44 39 40 30 26 26
1630831241.288 48 43 40 39 29 27 26
1630831241.538 49 47 39 39 29 26 26
1630831241.788 47 44 39 37 29 27 26
1630831242.039 48 46 41 39 30 26 26
1630831242.288 49 43 40 38 30 28 24
1630831242.538 47 45 40 37 28 26 25
1630831242.788 47 45 39 38 30 28 26
1630831243.039 48 43 39 39 29 26 24
1630831243.288 47 44 41 41 28 26 25
1630831243.538 49 44 40 37 31 26 25
1630831243.788 47 45 40 38 30 26 25
1630831244.038 48 43 39 38 28 26 31
1630831244.288 49 45 40 40 31 26 25
1630831244.538 48 46 41 38 28 26 26
1630831244.788 49 45 40 37 28 27 26
1630831245.039 47 45 39 39 28 27 26
1630831245.289 47 44 41 40 29 26 26
1630831245.539 47 44 41 38 30 27 26
1630831245.788 47 44 38 38 29 26 27
1630831246.038 47 44 39 38 29 26 25
1630831246.288 47 43 39 38 32 25 26
1630831246.539 49 44 40 37 27 25 25
1630831246.789 46 45 41 40 30 26 25
1630831247.038 48 46 39 40 31 25 28
1630831247.288 49 44 38 36 28 25 25
1630831247.539 48 44 40 37 29 26 25
1630831247.789 49 46 40 40 29 25 26
1630831248.039 48 42 38 37 28 25 25
1630831248.288 47 44 38 40 30 25 26
1630831248.539 48 43 40 38 28 26 25
1630831248.789 49 45 40 37 27 25 27
1630831249.039 48 44 42 38 29 27 25
1630831249.289 49 44 39 38 28 25 28
1630831249.539 48 44 41 38 28 25 26
1630831249.790 46 45 41 40 28 24 25
1630831250.039 47 44 39 38 28 28 26
1630831250.291 48 45 40 37 30 27 26
1630831250.539 50 45 38 39 29 25 27
1630831250.791 48 45 39 38 29 27 26
1630831251.041 48 46 40 39 28 25 26
1630831251.292 48 44 40 39 31 26 28
1630831251.540 47 45 40 37 27 27 26
1630831251.790 46 43 40 37 29 24 27
1630831252.041 46 45 39 37 29 26 28
1630831252.292 50 45 39 38 29 26 26
1630831252.540 47 45 39 40 31 27 26
1630831252.791 50 45 40 38 28 25 25
1630831253.040 48 46 38 37 29 26 27
1630831253.291 48 45 38 37 29 26 28
1630831253.540 48 45 38 38 28 25 25
1630831253.791 48 44 41 40 29 25 26
1630831254.040 46 45 39 38 29 25 26
1630831254.290 47 43 40 39 31 26 26
1630831254.540 48 45 38 39 29 26 27
1630831254.791 48 43 40 36 29 26 26
1630831255.041 48 45 40 39 30 26 28
1630831255.291 46 44 39 40 28 26 25
1630831255.539 50 45 40 37 28 25 25
1630831255.790 50 45 40 39 31 26 25
1630831256.039 48 46 39 38 29 23 28
1630831256.290 49 47 39 36 29 29 29
1630831256.540 46 45 41 38 30 26 24
1630831256.790 48 46 40 39 29 23 25
1630831257.039 47 45 41 39 28 26 26
1630831257.289 46 45 38 38 30 27 25
1630831257.539 48 42 40 38 30 26 26
1630831257.789 48 44 40 38 29 29 26
1630831258.041 50 46 39 40 28 26 27
1630831258.289 46 44 42 37 30 26 26
1630831258.539 46 45 40 39 28 25 30
1630831258.789 48 43 38 39 29 27 26
1630831259.040 49 44 41 39 30 27 26
1630831259.289 48 44 40 39 30 25 28
1630831259.540 49 43 39 37 29 28 27
1630831259.790 48 42 40 37 28 28 24
1630831260.039 48 44 41 39 33 27 26
1630831260.289 48 44 40 38 29 25 25
1630831260.539 50 43 39 36 31 25 23
1630831260.790 49 45 40 38 29 26 25
1630831261.041 48 45 41 38 28 26 26
1630831261.289 47 44 40 36 28 25 26
1630831261.539 49 45 41 39 28 28 26
1630831261.790 49 43 40 38 28 24 25
1630831262.039 49 43 41 39 29 27 25
1630831262.291 48 43 39 39 28 28 24
1630831262.539 48 44 39 39 27 27 28
1630831262.789 46 46 40 38 30 26 27
1630831263.039 47 45 40 39 28 26 25
1630831263.289 48 44 43 36 28 25 25
1630831263.539 46 43 38 38 29 27 24
1630831263.789 49 43 41 40 28 26 24
1630831264.039 47 44 39 39 29 26 27
1630831264.290 48 45 38 39 28 25 26
1630831264.541 46 45 40 37 30 27 27
1630831264.789 47 46 39 38 28 24 26
1630831265.039 48 44 40 38 28 25 27
1630831265.290 48 43 39 41 29 24 25
1630831265.540 48 44 39 39 30 26 27
1630831265.789 49 44 39 38 29 27 28
1630831266.039 47 43 38 38 27 28 24
1630831266.289 48 43 40 36 29 26 25
1630831266.539 49 45 40 39 30 26 28
1630831266.789 49 44 38 39 30 25 27
1630831267.039 47 42 39 37 30 25 26
1630831267.289 48 44 40 39 31 26 27
1630831267.539 47 45 39 38 29 26 26
1630831267.789 46 46 38 40 29 26 26
1630831268.040 46 45 40 38 30 26 25
1630831268.289 48 46 39 37 29 24 26
1630831268.541 52 46 39 39 28 24 27
1630831268.791 50 44 41 37 28 27 26
1630831269.043 46 44 39 40 30 24 26
1630831269.296 45 43 39 39 28 24 27
1630831269.540 49 45 40 42 27 27 30
1630831269.790 49 45 38 37 28 26 26
1630831270.041 47 46 40 37 28 24 24
1630831270.292 47 44 39 37 30 27 27
1630831270.543 49 44 41 37 31 27 26
1630831270.791 48 46 39 36 27 26 27
1630831271.040 47 45 41 38 28 26 24
1630831271.292 48 44 39 40 29 27 25
1630831271.542 48 45 40 38 27 27 26
1630831271.792 47 43 39 39 28 27 25
1630831272.042 48 45 41 38 28 28 26
1630831272.291 50 44 40 38 31 24 26
1630831272.543 49 43 38 36 27 27 27
1630831272.793 46 46 41 37 28 25 24
1630831273.042 47 43 41 38 29 27 27
1630831273.293 47 46 43 37 28 25 26
1630831273.542 47 46 39 38 31 26 26
1630831273.795 49 46 40 37 29 28 26
1630831274.042 48 44 38 39 30 26 27
1630831274.291 46 45 38 38 28 26 25
1630831274.542 49 42 38 38 31 26 28
1630831274.792 48 44 38 37 29 26 26
1630831275.042 47 45 38 37 30 24 25
1630831275.292 45 44 39 38 32 26 25
1630831275.542 47 44 41 38 30 27 27
1630831275.792 48 45 40 38 30 25 25
1630831276.043 47 47 42 38 28 25 26
1630831276.292 48 46 40 38 28 26 25
1630831276.542 47 44 41 38 28 26 26
1630831276.792 47 43 40 39 28 26 25
1630831277.040 47 44 39 37 29 25 24
1630831277.290 48 42 38 41 30 25 26
1630831277.540 45 43 38 41 29 26 27
1630831277.790 47 46 39 37 28 27 26
1630831278.040 48 45 41 42 29 27 28
1630831278.290 46 43 38 38 29 26 25
1630831278.540 48 44 40 39 28 26 28
1630831278.789 47 45 40 39 27 25 26
1630831279.039 49 43 40 38 28 27 25
1630831279.290 46 44 42 41 30 26 26
1630831279.541 45 47 40 41 31 26 29
1630831279.791 47 45 39 38 30 26 26
1630831280.039 47 45 39 41 28 27 25
1630831280.289 47 43 42 37 28 26 25
1630831280.539 46 48 39 37 29 25 24
1630831280.790 47 43 40 39 30 27 26
1630831281.040 49 46 39 38 29 24 27
1630831281.290 47 43 39 39 30 26 25
1630831281.540 49 45 40 39 27 26 24
1630831281.790 48 44 40 36 28 28 26
1630831282.039 49 43 40 39 32 24 28
1630831282.290 48 45 39 41 32 27 26
1630831282.540 49 46 39 37 28 26 27
1630831282.790 48 43 39 38 28 25 25
1630831283.040 48 42 41 38 28 26 28
1630831283.289 46 44 42 41 29 26 26
1630831283.540 48 47 40 38 29 26 24
1630831283.790 48 44 40 37 27 25 26
1630831284.040 47 46 42 37 29 25 25
1630831284.290 48 46 39 39 28 27 28
1630831284.541 48 44 40 38 29 29 24
1630831284.790 48 42 40 38 29 27 25
1630831285.040 46 45 38 38 27 25 24
1630831285.291 49 43 41 38 29 26 27
1630831285.542 48 46 43 40 29 25 26
1630831285.792 49 43 38 40 30 26 25
1630831286.043 47 44 40 40 29 25 26
1630831286.293 48 43 38 37 29 25 27
1630831286.546 48 46 40 37 29 24 27
1630831286.793 45 47 39 39 28 26 26
1630831287.042 47 46 39 37 27 26 26
1630831287.293 47 46 39 37 29 25 25
1630831287.543 46 44 42 37 26 24 27
1630831287.793 47 45 41 37 31 26 25
1630831288.044 48 46 38 36 27 25 25
1630831288.294 50 45 40 38 29 27 27
1630831288.543 48 45 42 38 30 27 25
1630831288.793 47 45 38 37 27 26 27
1630831289.043 50 44 40 39 29 28 24
1630831289.293 46 44 40 37 30 26 27
1630831289.543 47 45 40 38 29 26 26
1630831289.793 47 44 38 39 30 25 27
1630831290.043 47 44 40 37 27 26 25
1630831290.291 48 43 39 36 29 26 26
1630831290.543 48 45 40 37 28 26 25
1630831290.793 49 45 39 38 27 24 26
1630831291.042 47 45 41 39 27 26 25
1630831291.291 48 47 42 38 27 25 28
1630831291.540 47 44 40 40 28 26 26
1630831291.791 47 45 40 38 28 25 24
1630831292.040 49 45 40 38 30 26 24
1630831292.290 48 45 41 42 27 26 26
1630831292.541 48 45 39 38 29 25 25
1630831292.790 47 46 41 40 28 26 25
1630831293.042 48 41 41 40 28 25 26
1630831293.290 49 44 38 40 30 25 28
1630831293.540 47 43 41 37 30 25 26
1630831293.790 48 45 38 39 28 25 24
1630831294.042 50 45 41 38 28 27 26
1630831294.292 50 44 38 38 31 26 28
1630831294.540 48 43 42 38 30 27 25
1630831294.790 50 43 41 39 30 26 25
1630831295.040 50 45 39 40 30 26 27
1630831295.290 46 45 40 38 29 25 28
1630831295.540 49 44 39 38 30 26 25
1630831295.789 47 45 39 40 29 26 26
1630831296.040 47 47 40 37 28 26 25
1630831296.291 48 43 42 38 30 26 28
1630831296.541 46 44 40 38 31 29 26
1630831296.790 52 44 41 39 31 26 26
1630831297.040 47 44 42 38 29 25 26
1630831297.290 49 46 39 39 28 25 25
1630831297.540 49 45 39 39 32 26 27
1630831297.791 47 45 39 40 29 26 25
1630831298.041 48 45 42 39 30 26 24
1630831298.291 48 42 37 39 28 27 25
1630831298.541 48 45 39 38 28 26 26
1630831298.792 48 46 40 37 30 25 26
1630831299.042 49 45 40 41 31 25 26
1630831299.294 48 45 39 39 30 27 26
1630831299.543 48 45 41 38 29 26 26
1630831299.793 49 46 42 38 31 24 25
1630831300.044 49 44 40 40 28 25 27
1630831300.294 46 44 38 39 30 28 26
1630831300.545 46 45 40 40 29 24 25
1630831300.793 47 44 39 41 28 26 27
1630831301.043 48 44 40 37 29 25 26
1630831301.292 47 43 38 40 28 26 25
1630831301.547 50 46 40 38 28 25 28
1630831301.795 49 44 40 40 30 25 26
1630831302.045 50 46 39 37 30 27 25
1630831302.292 46 44 39 41 29 25 28
1630831302.543 48 44 39 37 29 24 24
1630831302.793 47 46 39 39 28 24 26
1630831303.043 48 44 40 40 30 26 25
1630831303.295 49 44 42 39 29 26 26
1630831303.543 46 46 40 40 30 27 25
1630831303.796 47 45 41 38 30 26 26
1630831304.045 49 46 42 38 29 26 26
1630831304.295 48 44 40 37 29 28 26
1630831304.542 48 45 39 40 29 25 27
1630831304.794 48 44 39 37 29 25 28
1630831305.042 49 45 41 36 29 25 24
1630831305.291 48 46 40 41 31 25 27
1630831305.541 48 44 39 39 30 26 27
1630831305.791 47 43 38 37 31 27 27
1630831306.041 47 45 37 40 30 26 25
1630831306.291 48 44 40 40 29 27 27
1630831306.540 48 44 40 37 27 26 26
1630831306.790 48 44 40 40 30 26 24
1630831307.041 47 44 42 37 29 25 24
1630831307.292 51 46 40 37 29 26 27
1630831307.541 47 47 40 39 30 25 26
1630831307.790 47 42 40 37 28 24 26
1630831308.040 47 46 38 39 29 24 27
1630831308.290 48 46 40 40 28 26 26
1630831308.540 48 43 39 38 29 26 28
1630831308.791 46 42 39 37 28 26 26
1630831309.040 46 43 42 37 29 25 27
1630831309.290 48 45 41 38 28 28 25
1630831309.541 46 46 41 37 28 26 26
1630831309.790 49 45 41 39 28 26 26
1630831310.041 47 44 39 39 27 25 29
1630831310.293 45 44 40 40 28 24 26
1630831310.541 49 45 38 40 29 26 26
1630831310.791 46 44 42 39 28 25 26
1630831311.041 49 44 39 37 28 24 26
1630831311.290 48 46 40 39 28 25 26
1630831311.541 48 43 37 39 29 25 25
1630831311.791 48 45 39 38 27 25 28
1630831312.041 48 45 41 37 28 26 27
1630831312.290 48 44 41 37 31 25 25
1630831312.541 49 45 39 38 30 25 26
1630831312.791 49 44 39 38 30 26 27
1630831313.041 47 45 38 36 29 29 28
1630831313.291 45 44 39 38 29 28 26
1630831313.543 48 45 40 40 27 27 25
1630831313.794 47 44 40 39 29 25 26
1630831314.044 49 44 40 38 28 25 26
1630831314.294 47 44 40 39 28 25 27
1630831314.543 49 45 39 36 27 26 26
1630831314.791 47 46 41 41 28 26 26
1630831315.045 47 46 43 38 27 25 27
1630831315.297 48 45 38 37 29 24 24
1630831315.544 48 45 40 39 31 26 27
1630831315.794 46 43 39 42 29 26 26
1630831316.043 48 45 40 41 27 25 27
1630831316.295 47 44 42 38 30 24 24
1630831316.544 49 46 40 39 29 28 27
1630831316.794 45 44 40 36 28 25 26
1630831317.044 49 45 39 36 31 26 28
1630831317.294 49 46 39 38 31 26 25
1630831317.545 48 45 40 38 28 27 26
1630831317.794 47 44 40 39 30 24 25
1630831318.043 48 44 41 40 31 27 26
1630831318.292 48 45 38 40 28 27 25
1630831318.542 48 46 37 38 29 27 27
1630831318.792 47 44 40 39 28 27 26
1630831319.043 49 46 41 41 28 25 25
1630831319.294 50 45 41 37 28 25 25
1630831319.542 47 44 40 37 30 27 26
1630831319.792 48 45 41 39 31 25 28
1630831320.042 47 44 40 38 29 25 27
1630831320.294 48 44 39 39 28 25 26
1630831320.542 49 44 40 40 29 25 25
1630831320.792 47 46 39 39 28 27 25
1630831321.041 48 44 39 37 28 25 25
1630831321.291 48 45 41 38 28 26 29
1630831321.541 48 45 40 37 30 27 25
1630831321.791 51 44 39 38 29 27 25
1630831322.041 49 46 42 38 31 26 26
1630831322.291 47 46 39 39 29 24 24
1630831322.541 49 44 40 37 29 26 26
1630831322.793 48 45 41 37 29 26 29
1630831323.041 46 45 40 41 29 26 25
1630831323.290 47 46 41 38 28 26 24
1630831323.540 47 43 41 38 28 26 24
1630831323.791 46 47 41 38 30 26 26
1630831324.041 47 45 42 38 28 26 28
1630831324.291 46 45 41 38 27 24 27
1630831324.541 47 45 39 38 29 25 27
1630831324.791 48 46 39 39 28 26 26
1630831325.042 49 45 39 40 28 26 27
1630831325.294 49 45 40 38 30 25 25
1630831325.542 48 45 40 37 31 27 27
1630831325.792 47 45 39 39 28 27 24
1630831326.042 50 45 41 39 29 27 25
1630831326.292 48 46 39 38 28 26 25
1630831326.542 48 47 40 38 30 25 26
1630831326.791 47 44 39 38 28 25 25
1630831327.041 48 45 39 38 28 26 25
1630831327.291 46 44 39 38 27 26 25
1630831327.541 48 47 39 42 28 27 25
1630831327.791 47 45 39 36 32 26 27
1630831328.042 50 44 38 40 29 25 27
1630831328.292 50 45 40 37 28 24 25
1630831328.544 48 43 40 40 27 26 28
1630831328.795 48 45 41 37 31 27 25
1630831329.045 48 44 39 37 30 27 25
1630831329.296 48 44 39 40 30 27 26
1630831329.542 49 44 39 36 29 26 25
1630831329.794 50 47 39 38 30 26 27
1630831330.044 49 46 39 37 30 26 28
1630831330.293 48 44 41 38 29 27 26
1630831330.546 46 45 39 37 29 25 27
1630831330.794 46 43 39 39 28 24 25
1630831331.045 47 43 41 38 28 28 25
1630831331.294 47 43 39 38 29 26 25
1630831331.544 46 44 38 39 28 26 28
1630831331.794 48 44 39 38 28 26 26
1630831332.043 50 46 38 37 28 25 24
1630831332.294 48 46 40 35 27 26 25
1630831332.543 46 45 39 39 28 26 25
1630831332.794 47 45 40 37 32 25 25
1630831333.044 48 44 40 37 28 25 24
1630831333.294 47 45 39 40 32 26 25
1630831333.543 48 44 39 35 30 28 26
1630831333.794 50 45 37 37 29 27 25
1630831334.046 48 43 40 39 29 25 26
1630831334.295 49 46 39 38 29 26 28
1630831334.542 46 46 42 38 30 25 26
1630831334.792 49 45 41 38 29 26 25
1630831335.042 49 44 39 39 31 26 26
1630831335.292 45 44 40 38 29 26 27
1630831335.543 47 43 39 38 31 26 27
1630831335.794 48 45 39 39 29 26 24
1630831336.042 51 46 40 38 30 25 26
1630831336.291 48 44 42 40 30 27 25
1630831336.541 47 45 41 37 32 25 27
1630831336.791 47 44 38 39 31 25 26
1630831337.041 47 44 40 37 29 26 27
1630831337.292 46 44 39 39 29 26 25
1630831337.541 47 44 40 36 28 25 25
1630831337.792 49 45 38 38 29 26 26
1630831338.041 47 45 39 39 29 25 27
1630831338.291 46 45 39 40 28 25 26
1630831338.541 50 45 39 38 29 26 25
1630831338.792 47 46 41 40 28 26 26
1630831339.042 48 45 40 39 30 27 25
1630831339.291 47 44 39 38 30 25 25
1630831339.541 47 46 39 38 29 26 28
1630831339.791 48 45 39 37 30 26 26
1630831340.041 50 44 39 38 34 26 27
1630831340.291 50 44 39 35 29 26 27
1630831340.542 47 44 39 38 30 25 25
1630831340.792 48 45 42 38 30 26 27
1630831341.042 47 45 41 39 29 25 27
1630831341.292 47 43 38 42 28 26 24
1630831341.541 47 44 40 39 28 25 25
1630831341.791 48 43 39 37 30 26 25
1630831342.042 46 43 41 38 28 25 25
1630831342.292 47 47 39 39 29 25 25
1630831342.542 48 44 40 40 30 27 27
1630831342.791 48 44 39 39 31 25 25
1630831343.041 49 45 40 40 28 25 25
1630831343.292 47 45 39 41 28 27 25
1630831343.542 47 45 40 39 29 26 27
1630831343.791 47 44 39 37 30 27 27
1630831344.043 47 45 38 37 29 25 26
1630831344.294 51 44 41 39 29 25 25
1630831344.543 49 44 41 38 29 24 26
1630831344.793 50 47 40 39 28 24 26
1630831345.044 50 44 39 37 29 25 25
1630831345.293 47 43 41 39 30 27 25
1630831345.545 47 44 40 37 29 25 27
1630831345.794 46 42 38 38 29 26 25
1630831346.044 49 46 39 39 28 28 26
1630831346.294 48 45 40 39 30 25 27
1630831346.543 50 44 40 39 28 25 26
1630831346.796 48 45 40 43 30 27 26
1630831347.043 48 43 39 38 28 25 26
1630831347.293 47 45 41 39 29 26 26
1630831347.543 48 45 40 38 28 25 25
1630831347.793 48 43 39 38 28 27 25
1630831348.044 50 46 41 39 31 24 26
1630831348.292 48 46 40 38 30 24 25
1630831348.543 48 46 40 38 29 27 27
1630831348.793 49 47 40 38 28 26 25
1630831349.044 48 43 40 38 31 27 26
1630831349.294 47 46 40 40 29 26 26
1630831349.544 46 45 42 38 31 25 26
1630831349.793 49 43 41 39 31 26 27
1630831350.043 47 44 41 38 29 25 27
1630831350.294 48 44 38 38 30 26 27
1630831350.543 47 44 40 38 31 26 27
1630831350.792 49 44 39 40 30 25 25
1630831351.044 50 45 40 36 31 25 26
1630831351.292 49 47 40 38 29 27 26
1630831351.542 48 47 38 39 30 25 25
1630831351.792 47 45 39 38 33 26 27
1630831352.042 48 44 40 38 28 26 26
1630831352.292 51 46 39 38 29 26 29
1630831352.542 51 46 40 37 28 28 27
1630831352.792 49 45 41 39 30 25 26
1630831353.044 48 44 38 35 30 27 25
1630831353.292 46 44 40 38 28 26 25
1630831353.542 48 44 40 37 28 26 26
1630831353.792 50 45 39 37 31 26 25
1630831354.043 47 44 40 37 29 25 27
1630831354.291 49 44 39 39 26 24 25
1630831354.542 47 45 40 37 30 26 24
1630831354.792 46 45 41 38 28 27 27
1630831355.042 47 44 42 41 28 25 25
1630831355.293 46 45 39 37 29 25 26
1630831355.542 48 43 40 37 29 27 28
1630831355.791 47 46 39 38 32 26 26
1630831356.041 47 44 39 36 30 25 27
1630831356.292 48 45 42 40 28 25 24
1630831356.542 48 44 39 38 29 26 24
1630831356.792 49 45 40 36 27 25 25
1630831357.042 46 43 42 37 27 25 24
1630831357.292 47 46 40 36 28 25 24
1630831357.542 47 43 39 38 28 27 25
1630831357.792 50 47 40 42 27 27 27
1630831358.042 47 42 39 39 28 26 26
1630831358.291 49 44 39 40 28 25 25
1630831358.542 47 45 40 40 27 27 29
1630831358.792 48 45 39 38 26 25 26
1630831359.042 46 45 42 37 30 26 26
1630831359.292 47 45 39 39 31 25 26
1630831359.541 47 44 40 38 29 24 28
1630831359.792 47 44 40 37 28 24 26
1630831360.041 47 45 40 39 29 25 26
1630831360.292 46 45 39 38 27 25 26
1630831360.542 49 48 43 40 28 27 25
1630831360.792 47 44 40 40 31 25 27
1630831361.042 47 45 40 37 30 25 25
1630831361.293 48 42 39 38 27 26 24
1630831361.542 51 44 38 40 30 28 28
1630831361.793 47 45 40 41 29 27 25
1630831362.043 48 45 40 38 29 27 26
1630831362.293 47 45 39 38 29 25 27
1630831362.545 47 46 38 38 29 27 27
1630831362.794 46 42 39 37 29 26 26
1630831363.045 46 44 40 39 31 26 25
1630831363.294 49 45 41 38 28 26 26
1630831363.544 48 44 40 38 30 24 26
1630831363.795 48 45 40 37 28 29 26
1630831364.044 47 45 40 37 28 24 25
1630831364.293 46 45 40 39 28 25 26
1630831364.545 45 46 40 39 29 26 24
1630831364.793 46 45 38 38 28 25 27
1630831365.044 48 45 39 37 31 25 25
1630831365.294 48 43 39 37 30 27 25
1630831365.544 49 43 39 38 28 26 26
1630831365.794 48 44 40 40 30 28 26
1630831366.044 47 44 40 40 27 27 27
1630831366.294 46 46 41 40 30 26 27
1630831366.544 46 44 41 39 28 26 25
1630831366.793 47 42 40 39 30 25 27
1630831367.044 47 46 40 40 29 24 25
1630831367.294 47 45 41 37 28 25 25
1630831367.543 49 44 40 39 27 27 24
1630831367.794 49 48 40 38 28 26 25
1630831368.045 49 44 40 37 28 27 27
1630831368.292 48 44 40 39 28 27 27
1630831368.544 47 44 39 39 31 24 24
1630831368.794 49 46 43 40 27 24 25
1630831369.043 48 45 41 40 30 25 26
1630831369.293 49 45 41 40 29 26 25
1630831369.542 51 45 41 38 31 25 26
1630831369.793 51 45 42 37 27 27 25
1630831370.042 50 44 41 40 28 26 26
1630831370.292 49 44 40 38 29 25 26
1630831370.546 49 43 40 38 29 26 24
1630831370.792 46 45 43 38 28 25 25
1630831371.042 49 43 39 38 27 26 25
1630831371.292 49 45 37 41 27 24 25
1630831371.542 48 44 40 38 28 26 25
1630831371.792 50 45 39 40 30 25 26
1630831372.042 46 45 38 37 29 26 26
1630831372.293 48 46 41 39 29 26 26
1630831372.542 50 44 41 37 28 24 25
1630831372.792 48 45 39 40 29 26 25
1630831373.043 49 46 39 37 26 24 25
1630831373.292 47 44 40 38 28 25 29
1630831373.543 46 46 39 40 29 25 25
1630831373.792 47 43 41 37 28 25 23
1630831374.042 47 43 41 38 29 24 26
1630831374.293 49 48 40 37 27 25 25
1630831374.542 47 44 39 37 30 25 30
1630831374.793 49 45 38 39 30 26 26
1630831375.042 50 45 40 38 29 27 27
1630831375.292 48 45 38 38 29 26 26
1630831375.543 48 44 41 40 29 26 25
1630831375.792 47 45 41 40 29 25 27
1630831376.042 49 44 38 40 28 27 25
1630831376.293 49 44 40 37 31 26 26
1630831376.542 48 45 40 37 30 24 26
1630831376.792 48 45 39 39 29 25 27
1630831377.042 47 46 40 38 28 25 25
1630831377.292 48 45 41 39 29 25 26
1630831377.542 50 45 44 36 28 27 26
1630831377.793 48 44 40 39 29 26 28
1630831378.043 48 46 39 39 29 27 26
1630831378.294 48 45 40 39 29 26 26
1630831378.544 47 45 39 40 27 27 25
1630831378.793 49 43 42 39 29 27 28
1630831379.042 47 46 38 37 28 24 26
1630831379.293 49 43 42 40 28 26 23
1630831379.544 48 46 41 37 29 26 27
1630831379.793 49 44 42 37 27 28 24
1630831380.044 47 46 39 38 29 25 27
1630831380.294 46 46 39 38 28 25 26
1630831380.544 47 43 40 39 27 26 24
1630831380.796 47 45 39 38 27 26 25
1630831381.045 49 43 39 36 28 25 29
1630831381.295 49 46 41 39 28 25 25
1630831381.544 49 46 39 37 28 25 25
1630831381.795 46 45 38 40 28 25 25
1630831382.045 48 44 42 38 30 25 25
1630831382.294 48 42 38 38 30 26 26
1630831382.545 49 45 39 40 29 27 26
1630831382.795 48 47 39 37 28 27 26
1630831383.044 49 46 40 40 30 25 27
1630831383.295 47 46 39 37 28 26 27
1630831383.547 49 45 39 40 28 24 24
1630831383.797 48 47 39 37 31 24 27
1630831384.048 49 42 41 37 27 25 23
1630831384.296 47 46 40 37 26 24 20
1630831384.544 47 45 40 36 28 25 19
1630831384.794 47 47 41 38 28 23 18
1630831385.044 48 45 42 38 27 22 24
1630831385.293 49 49 43 38 24 20 20
1630831385.544 47 46 42 29 27 20 16
1630831385.794 49 48 39 29 25 22 21
1630831386.044 48 47 41 30 25 21 21
1630831386.293 49 49 42 29 24 20 18
1630831386.543 49 46 42 30 27 22 19
1630831386.793 52 46 42 30 24 22 19
1630831387.043 48 47 41 31 28 21 22
1630831387.293 46 46 41 29 26 21 18
1630831387.543 47 47 40 32 26 19 20
1630831387.793 51 46 40 31 26 22 17
1630831388.043 47 48 40 39 26 21 20
1630831388.293 47 47 40 39 27 23 21
1630831388.543 47 46 37 41 26 24 19
1630831388.793 47 45 41 39 31 23 21
1630831389.044 46 46 41 38 28 28 22
1630831389.294 49 46 40 38 30 24 23
1630831389.545 47 46 36 37 29 27 27
1630831389.796 46 43 38 38 30 28 25
1630831390.045 45 47 39 38 29 25 25
1630831390.296 48 45 39 41 29 26 24
1630831390.544 47 45 39 40 29 26 25
1630831390.793 48 45 39 39 25 24 25
1630831391.044 47 46 40 40 30 27 26
1630831391.295 47 46 39 37 28 24 28
1630831391.546 48 44 40 37 29 25 25
1630831391.794 48 45 39 38 30 25 26
1630831392.045 46 45 40 40 29 25 28
1630831392.294 47 43 38 38 29 26 28
1630831392.544 48 44 40 40 29 25 26
1630831392.794 50 46 40 38 30 24 27
1630831393.044 45 47 40 38 28 25 25
1630831393.294 48 46 44 39 31 25 27
1630831393.545 47 43 41 40 30 24 26
1630831393.793 50 46 40 38 32 26 25
1630831394.043 46 47 38 37 30 24 25
1630831394.293 47 45 38 38 30 24 24
1630831394.543 48 45 40 38 29 27 27
1630831394.793 49 43 39 37 28 25 24
1630831395.043 48 45 39 36 30 27 24
1630831395.293 49 45 41 38 29 25 24
1630831395.543 47 44 39 38 28 28 27
1630831395.793 47 43 40 40 30 24 25
1630831396.042 47 44 39 39 30 27 23
1630831396.293 46 49 41 38 32 25 25
1630831396.548 48 43 41 38 28 26 24
1630831396.794 49 44 41 40 30 24 26
1630831397.043 46 44 39 38 28 25 25
1630831397.294 46 47 40 39 28 26 24
1630831397.545 49 43 40 39 29 25 26
1630831397.794 47 42 39 39 28 24 25
1630831398.044 48 46 42 38 28 26 25
1630831398.294 48 45 39 38 30 26 27
1630831398.543 47 45 39 37 29 27 25
1630831398.794 47 45 40 38 30 27 24
1630831399.043 47 44 42 40 29 28 25
1630831399.293 48 46 41 36 30 24 25
1630831399.543 50 46 40 39 29 25 26
1630831399.794 47 46 41 40 30 28 26
1630831400.044 49 44 38 39 28 24 25
1630831400.294 50 45 37 40 31 25 27
1630831400.546 50 47 42 40 29 25 27
1630831400.794 48 46 41 38 28 26 25
1630831401.045 48 48 39 37 28 24 25
1630831401.294 49 46 41 40 28 25 26
1630831401.546 48 47 41 38 26 24 23
1630831401.795 46 46 41 39 27 22 21
1630831402.044 47 48 41 39 25 23 21
1630831402.296 49 46 41 38 27 25 19
1630831402.544 49 48 41 38 25 25 19
1630831402.795 48 47 45 39 24 26 19
1630831403.045 47 48 41 38 25 24 20
1630831403.295 48 47 41 40 27 25 18
1630831403.544 47 50 44 41 26 24 21
1630831403.794 46 48 43 39 27 22 21
1630831404.045 48 46 39 39 27 22 21
1630831404.295 48 49 42 39 26 25 20
1630831404.545 49 47 42 38 26 26 19
1630831404.794 48 48 41 40 27 24 19
1630831405.044 47 47 40 38 27 23 17
1630831405.294 46 47 45 37 26 26 20
1630831405.544 51 48 40 39 27 25 19
1630831405.794 49 48 43 39 29 24 18
1630831406.044 47 47 43 37 26 24 20
1630831406.294 48 46 42 39 26 22 20
1630831406.545 47 47 42 41 25 24 19
1630831406.794 47 47 42 35 27 27 21
1630831407.044 48 47 40 39 27 25 21
1630831407.295 46 47 41 38 27 24 19
1630831407.544 48 47 40 40 29 25 19
1630831407.795 46 46 41 38 25 25 20
1630831408.045 47 47 43 39 28 23 21
1630831408.294 47 48 40 36 29 23 18
1630831408.543 49 48 41 35 28 24 19
1630831408.794 48 47 44 38 27 21 20
1630831409.044 47 46 43 37 27 24 20
1630831409.295 48 46 42 37 27 21 19
1630831409.544 49 45 42 38 26 23 19
1630831409.794 48 47 41 39 27 25 19
1630831410.044 49 46 42 38 26 26 20
1630831410.294 48 46 40 39 25 23 18
1630831410.545 48 47 41 39 24 23 18
1630831410.794 49 47 43 39 24 24 21
1630831411.043 49 48 41 41 27 24 21
1630831411.293 49 46 40 39 25 26 19
1630831411.543 48 48 42 38 27 25 21
1630831411.793 50 45 41 39 26 22 20
1630831412.043 49 48 39 38 26 26 20
1630831412.293 47 46 43 40 24 24 21
1630831412.544 47 47 41 36 27 23 22
1630831412.794 47 47 40 39 23 23 19
1630831413.043 48 47 40 40 26 23 24
1630831413.293 47 47 44 40 23 23 19
1630831413.543 49 46 43 36 25 23 20
1630831413.793 47 45 40 37 26 23 21
1630831414.043 46 46 40 38 26 24 19
1630831414.294 47 47 41 40 24 26 19
1630831414.544 48 47 41 40 27 27 20
1630831414.793 48 47 40 37 27 26 21
1630831415.044 48 47 41 41 26 25 20
1630831415.294 49 47 38 42 27 27 22
1630831415.544 46 48 40 38 28 26 19
1630831415.793 47 47 42 40 28 25 21
1630831416.043 47 48 41 39 28 24 18
1630831416.293 48 48 40 38 27 25 20
1630831416.543 47 47 40 39 32 25 19
1630831416.794 51 48 41 40 29 27 20
1630831417.044 48 45 41 38 27 24 21
1630831417.295 50 46 40 40 27 24 18
1630831417.546 49 47 39 38 24 23 20
1630831417.795 48 46 41 39 25 23 19
1630831418.044 47 48 40 40 26 25 19
1630831418.294 50 47 40 39 30 27 19
1630831418.544 47 45 43 39 28 24 21
1630831418.795 48 45 40 38 28 23 20
1630831419.045 47 47 42 38 27 24 21
1630831419.295 47 48 40 39 27 25 18
1630831419.545 47 47 40 39 25 27 19
1630831419.797 48 46 40 42 27 27 20
1630831420.047 48 47 41 39 25 24 18
1630831420.296 47 46 41 38 23 24 20
1630831420.546 47 46 40 40 23 23 19
1630831420.796 50 46 41 41 24 25 17
1630831421.046 46 48 42 39 25 23 19
1630831421.296 46 46 41 39 26 23 20
1630831421.545 48 48 40 40 26 23 21
1630831421.796 49 47 42 38 27 23 19
1630831422.046 48 46 38 38 26 23 19
1630831422.296 47 46 38 40 27 23 19
1630831422.547 48 47 41 38 25 25 18
1630831422.797 48 46 41 39 28 25 21
1630831423.045 48 47 40 38 29 25 24
1630831423.296 47 43 41 40 27 29 23
1630831423.545 49 45 41 38 29 26 25
1630831423.795 48 43 40 39 29 25 27
1630831424.045 48 45 40 38 30 28 24
1630831424.296 47 45 42 38 29 27 25
1630831424.546 47 46 40 38 29 25 25
1630831424.796 47 44 40 40 28 25 23
1630831425.044 48 46 40 35 27 28 24
1630831425.295 50 45 42 37 27 28 25
1630831425.544 49 47 40 38 26 27 26
1630831425.795 48 50 39 38 30 26 26
1630831426.044 49 48 39 40 28 27 24
1630831426.294 49 47 42 39 29 30 24
1630831426.544 49 48 43 37 29 29 24
1630831426.794 47 47 40 37 29 28 25
1630831427.044 47 46 44 39 30 31 25
1630831427.294 47 47 41 38 30 29 22
1630831427.544 49 47 43 40 28 27 24
1630831427.794 50 47 40 39 28 27 24
1630831428.044 46 46 45 37 28 28 24
1630831428.294 50 47 40 39 30 27 27
1630831428.544 50 45 41 37 29 26 25
1630831428.794 48 45 38 37 27 25 26
1630831429.046 48 45 40 38 31 25 25
1630831429.296 50 45 40 40 27 24 25
1630831429.545 48 46 40 40 31 27 26
1630831429.794 48 45 42 38 27 26 26
1630831430.045 48 45 40 40 27 26 27
1630831430.295 48 45 42 39 28 28 26
1630831430.544 48 46 39 38 28 26 27
1630831430.795 46 45 39 38 29 26 24
1630831431.044 46 45 40 38 31 26 26
1630831431.295 49 44 40 38 29 26 26
1630831431.545 46 46 40 40 29 26 25
1630831431.795 49 45 39 37 30 24 24
1630831432.045 48 45 41 39 29 27 26
1630831432.295 47 43 39 39 30 24 26
1630831432.544 48 46 40 39 28 26 26
1630831432.794 49 44 40 39 30 26 25
1630831433.044 48 46 41 39 30 28 25
1630831433.295 47 44 39 40 32 24 27
1630831433.544 49 48 40 39 29 25 25
1630831433.795 49 45 40 38 27 26 30
1630831434.044 46 44 42 38 30 27 25
1630831434.295 50 45 40 39 30 26 24
1630831434.544 46 45 40 40 29 25 26
1630831434.794 46 46 40 39 29 27 26
1630831435.045 49 43 41 39 28 25 24
1630831435.294 49 43 41 38 28 26 24
1630831435.544 49 45 42 36 28 25 27
1630831435.794 49 44 40 37 29 24 26
1630831436.044 49 45 40 40 26 25 26
1630831436.294 48 44 42 38 27 24 27
1630831436.544 48 45 40 39 28 25 26
1630831436.795 48 47 40 39 31 27 28
1630831437.045 48 45 39 38 30 26 26
1630831437.295 49 45 38 38 27 25 26
1630831437.544 46 44 39 38 28 26 25
1630831437.796 47 44 40 41 28 24 29
1630831438.045 48 44 40 38 29 26 28
1630831438.295 49 44 39 42 31 25 24
1630831438.546 47 44 43 38 30 24 24
1630831438.794 47 46 38 37 28 24 25
1630831439.045 47 44 39 39 28 27 26
1630831439.294 46 46 41 39 29 25 26
1630831439.545 48 43 39 40 30 26 25
1630831439.795 47 45 38 38 30 25 27
1630831440.048 49 43 40 37 28 25 26
1630831440.294 49 44 40 39 32 26 26
1630831440.546 46 44 40 37 29 25 25
1630831440.795 47 44 38 37 30 25 25
1630831441.044 47 42 38 37 29 26 26
1630831441.295 46 46 39 39 29 26 26
1630831441.544 50 45 38 37 28 27 29
1630831441.794 48 45 38 39 28 27 28
1630831442.048 49 44 40 38 29 25 25
1630831442.296 48 44 41 39 28 27 26
1630831442.549 48 44 41 38 29 25 29
1630831442.797 47 45 39 39 27 26 25
1630831443.045 47 46 40 37 27 27 26
1630831443.297 48 46 40 38 29 25 26
1630831443.544 46 44 39 39 31 25 27
1630831443.794 47 44 38 37 29 27 25
1630831444.044 50 44 40 38 30 28 26
1630831444.296 48 46 40 37 30 28 27
1630831444.547 47 43 39 38 28 26 25
1630831444.796 48 43 40 39 29 26 25
1630831445.046 47 45 40 40 30 26 25
1630831445.295 47 45 39 39 29 26 25
1630831445.545 47 46 40 37 28 26 24
1630831445.794 47 46 38 39 30 25 26
1630831446.045 46 44 41 39 28 26 26
1630831446.296 48 46 39 39 28 24 28
1630831446.545 47 44 38 36 31 25 27
1630831446.797 48 45 39 40 29 28 26
1630831447.047 48 45 38 38 31 26 25
1630831447.295 47 44 41 37 31 26 25
1630831447.544 48 46 40 40 29 28 25
1630831447.795 46 45 40 38 29 26 27
1630831448.046 49 46 40 38 28 25 26
1630831448.294 47 45 39 39 28 26 24
1630831448.545 48 44 39 38 27 25 27
1630831448.794 49 44 39 38 28 25 25
1630831449.047 48 44 39 40 28 26 27
1630831449.298 46 43 43 43 28 26 25
1630831449.546 49 46 38 36 27 24 24
1630831449.798 49 46 40 39 27 24 26
