1633937649.386 48 34 28 16 11 13 6
1633937650.039 47 35 29 16 11 13 7
1633937650.039 47 32 27 17 11 13 7
1633937650.137 46 33 29 17 10 11 6
1633937650.383 45 33 29 17 10 11 6
1633937650.633 48 36 27 16 12 11 8
1633937650.886 45 34 30 16 13 12 6
1633937651.133 47 35 28 16 15 11 5
1633937651.385 48 33 27 15 11 10 8
1633937651.634 46 32 28 16 14 9 8
1633937651.884 48 32 29 17 12 12 5
1633937652.135 47 33 30 17 12 10 5
1633937652.383 47 34 27 16 11 8 5
1633937652.633 46 33 29 17 11 10 7
1633937652.883 47 33 27 17 11 12 6
1633937653.133 46 35 27 17 12 10 7
1633937653.383 48 34 28 16 12 10 6
1633937653.638 48 32 26 15 14 11 5
1633937653.884 46 33 26 18 11 10 5
1633937654.136 45 34 30 17 13 12 5
1633937654.384 47 36 28 17 12 12 7
1633937654.634 45 37 28 15 13 10 5
1633937654.883 48 33 27 16 12 11 5
1633937655.141 47 35 28 17 12 12 3
1633937655.384 47 32 28 16 11 10 6
1633937655.634 46 33 27 17 13 13 5
1633937655.887 45 34 29 17 13 11 7
1633937656.134 46 33 26 16 13 12 5
1633937656.385 47 34 29 16 10 10 5
1633937656.635 48 33 28 17 12 13 6
1633937656.883 46 34 27 18 11 11 6
1633937657.135 45 34 28 17 12 11 6
1633937657.386 46 32 29 16 12 10 5
1633937657.636 47 34 29 17 13 13 5
1633937657.886 46 36 28 17 16 13 7
1633937658.134 47 34 30 17 14 8 6
1633937658.386 48 32 32 19 12 12 7
1633937658.636 46 33 28 17 11 11 5
1633937658.885 45 35 29 16 13 12 4
1633937659.135 48 32 28 17 14 11 4
1633937659.385 46 32 27 18 12 12 4
1633937659.633 49 31 29 16 13 12 6
1633937659.889 47 35 28 16 13 13 5
1633937660.136 48 33 27 15 12 10 8
1633937660.387 45 32 29 16 14 12 7
1633937660.636 46 35 29 16 15 10 6
1633937660.883 48 35 27 15 15 12 6
1633937661.134 46 34 27 17 12 11 5
1633937661.388 46 33 30 16 12 12 5
1633937661.634 48 32 28 17 12 12 7
1633937661.884 47 36 30 15 12 10 6
1633937662.134 45 34 28 16 12 12 8
1633937662.384 49 36 28 17 12 11 6
1633937662.635 45 33 30 17 12 10 7
1633937662.884 46 33 27 16 12 10 6
1633937663.134 49 34 28 17 13 11 6
1633937663.387 48 35 28 15 12 10 5
1633937663.640 45 34 26 16 11 10 6
1633937663.884 46 35 29 16 13 12 6
1633937664.140 45 33 28 16 13 12 6
1633937664.386 48 34 29 17 10 10 5
1633937664.635 45 36 30 19 12 14 5
1633937664.886 47 33 28 19 11 12 5
1633937665.134 46 35 28 18 12 10 5
1633937665.387 46 35 28 21 13 12 6
1633937665.642 48 33 28 18 13 12 7
1633937665.885 47 33 30 16 11 14 7
1633937666.135 47 33 29 16 12 12 8
1633937666.385 46 34 26 17 10 12 7
1633937666.634 47 32 27 16 14 14 6
1633937666.887 49 31 30 18 12 13 5
1633937667.135 48 33 28 16 13 10 5
1633937667.389 48 32 29 16 12 12 5
1633937667.636 47 33 28 19 12 12 7
1633937667.884 48 33 29 16 12 12 7
1633937668.137 46 34 27 17 12 10 5
1633937668.384 46 36 28 18 12 12 8
1633937668.636 46 34 27 16 10 12 8
1633937668.885 45 35 30 18 13 10 6
1633937669.137 47 33 27 17 11 13 6
1633937669.386 47 33 28 18 12 12 7
1633937669.641 47 32 27 16 9 10 5
1633937669.886 47 33 27 17 13 10 8
1633937670.136 44 33 29 15 12 13 8
1633937670.387 49 36 27 17 11 13 8
1633937670.634 45 36 29 16 12 11 6
1633937670.888 47 32 29 17 12 10 5
1633937671.137 45 34 28 16 13 12 7
1633937671.388 45 32 28 15 10 13 7
1633937671.638 48 34 27 18 12 12 6
1633937671.890 48 34 28 17 10 12 6
1633937672.138 45 33 28 16 10 11 7
1633937672.386 46 33 29 18 9 9 8
1633937672.636 47 34 28 15 13 12 6
1633937672.888 46 34 30 16 12 11 8
1633937673.137 46 34 28 16 10 12 5
1633937673.384 47 33 28 16 10 11 5
1633937673.635 47 33 26 16 13 13 7
1633937673.889 49 34 29 18 12 12 6
1633937674.134 45 33 28 15 11 13 8
1633937674.385 47 36 27 17 11 13 6
1633937674.635 47 33 29 16 11 10 6
1633937674.886 45 32 28 17 12 11 6
1633937675.137 48 33 27 16 10 10 6
1633937675.388 47 33 26 19 11 10 9
1633937675.638 46 35 28 15 11 11 5
1633937675.888 47 32 28 17 10 12 7
1633937676.136 48 36 28 16 12 12 8
1633937676.388 47 34 27 15 11 11 7
1633937676.636 48 34 28 17 11 10 6
1633937676.887 48 33 31 16 11 10 7
1633937677.135 46 33 28 19 11 11 7
1633937677.392 46 34 29 17 10 13 5
1633937677.639 46 34 29 16 14 10 5
1633937677.887 49 35 30 19 12 10 7
1633937678.137 44 33 28 16 13 12 6
1633937678.388 47 33 28 17 13 10 6
1633937678.639 48 35 30 14 12 13 6
1633937678.886 45 34 27 17 12 12 5
1633937679.141 48 34 28 17 13 12 6
1633937679.389 46 34 28 16 12 12 7
1633937679.636 44 34 28 17 14 11 7
1633937679.885 46 35 29 16 13 12 6
1633937680.136 46 32 28 17 14 11 4
1633937680.385 45 36 28 14 13 13 6
1633937680.636 48 35 29 19 11 10 7
1633937680.887 47 34 28 15 11 14 6
1633937681.137 47 33 27 16 11 13 5
1633937681.388 47 35 28 15 12 12 7
1633937681.641 46 33 28 17 12 11 7
1633937681.885 46 34 28 17 14 12 5
1633937682.137 50 33 28 16 13 11 6
1633937682.385 46 32 28 16 12 14 7
1633937682.636 47 33 29 17 12 11 6
1633937682.903 46 36 26 18 13 10 5
1633937683.135 46 35 30 17 12 12 6
1633937683.385 45 34 28 17 11 11 6
1633937683.645 45 33 30 17 12 13 8
1633937683.885 47 34 28 17 12 12 7
1633937684.135 47 34 29 17 12 11 7
1633937684.386 49 37 29 16 12 12 6
1633937684.653 46 33 28 15 14 16 7
1633937684.888 47 32 31 16 12 10 7
1633937685.137 46 35 29 16 12 11 6
1633937685.389 48 35 29 17 14 10 6
1633937685.636 46 33 30 16 12 12 5
1633937685.886 46 34 27 17 12 10 5
1633937686.142 49 34 27 17 12 11 9
1633937686.386 48 34 27 17 12 15 6
1633937686.637 45 33 29 15 14 13 7
1633937686.889 47 34 27 22 12 12 5
1633937687.135 46 37 30 17 11 12 5
1633937687.387 46 33 26 17 13 11 9
1633937687.641 50 35 31 15 13 10 7
1633937687.885 45 32 28 16 12 10 7
1633937688.154 48 35 28 16 12 12 7
1633937688.387 48 33 27 18 13 12 6
1633937688.636 48 34 29 17 12 11 7
1633937688.887 45 35 29 20 13 12 7
1633937689.141 46 32 29 17 13 11 9
1633937689.386 47 33 29 16 15 12 6
1633937689.639 47 33 26 17 14 10 5
1633937689.887 46 31 28 17 11 14 8
1633937690.136 48 33 28 18 11 12 8
1633937690.395 47 34 30 19 11 12 5
1633937690.637 47 33 27 18 13 10 7
1633937690.898 48 32 30 17 12 11 6
1633937691.137 48 33 29 17 11 10 7
1633937691.386 46 32 30 15 11 11 5
1633937691.647 47 35 28 16 12 10 5
1633937691.889 47 33 27 17 12 11 6
1633937692.136 48 34 30 16 11 11 6
1633937692.388 46 32 28 16 11 13 6
1633937692.640 47 34 29 15 12 10 6
1633937692.886 47 33 27 16 13 14 4
1633937693.139 49 34 28 16 10 13 6
1633937693.386 47 35 28 19 11 10 4
1633937693.636 46 33 26 16 11 10 6
1633937693.889 46 33 27 16 10 11 7
1633937694.136 48 34 28 15 10 12 6
1633937694.386 47 32 28 17 10 11 7
1633937694.639 47 32 29 16 11 12 6
1633937694.889 46 34 27 19 11 10 7
1633937695.137 47 33 26 15 12 10 6
1633937695.389 48 34 28 16 11 9 5
1633937695.637 47 35 28 16 12 12 7
1633937695.888 45 34 27 18 13 12 3
1633937696.139 48 36 27 18 10 11 7
1633937696.386 46 33 29 16 10 11 5
1633937696.636 46 34 30 17 11 13 4
1633937696.886 45 34 28 18 11 10 5
1633937697.139 45 32 28 18 12 10 5
1633937697.386 46 33 29 16 12 11 4
1633937697.638 47 34 28 16 9 12 5
1633937697.889 46 35 29 18 11 12 7
1633937698.138 47 34 29 16 9 12 8
1633937698.387 48 33 29 17 12 13 5
1633937698.637 47 34 27 17 10 11 6
1633937698.886 48 34 27 16 10 11 10
1633937699.137 44 36 30 16 11 9 6
1633937699.386 48 33 29 15 12 10 5
1633937699.636 49 33 28 18 10 11 7
1633937699.893 48 33 29 16 11 11 7
1633937700.136 46 34 29 16 11 9 7
1633937700.388 48 30 28 17 11 11 5
1633937700.652 47 33 29 17 11 12 6
1633937700.887 47 34 29 17 11 10 5
1633937701.139 48 34 28 17 11 11 4
1633937701.387 49 34 29 19 10 11 6
1633937701.636 46 34 29 20 13 12 9
1633937701.886 48 33 28 16 9 11 6
1633937702.137 47 33 27 15 12 9 6
1633937702.387 49 34 28 17 10 11 6
1633937702.636 45 34 28 17 11 10 4
1633937702.886 47 36 29 19 13 10 6
1633937703.136 46 33 27 17 13 11 7
1633937703.391 50 33 29 17 11 12 6
1633937703.637 46 34 27 17 13 10 8
1633937703.887 47 34 30 16 12 12 6
1633937704.137 46 34 27 17 9 10 7
1633937704.389 45 35 27 17 11 10 4
1633937704.636 46 33 28 20 11 11 5
1633937704.892 47 30 29 15 13 11 5
1633937705.136 47 32 27 18 12 10 7
1633937705.389 46 30 28 16 11 12 8
1633937705.639 48 35 29 16 10 12 7
1633937705.887 46 33 29 16 10 14 6
1633937706.137 47 35 28 16 12 11 7
1633937706.392 46 36 26 17 13 12 7
1633937706.636 46 34 30 18 12 12 6
1633937706.896 46 34 28 15 11 11 6
1633937707.140 46 34 30 16 12 13 6
1633937707.386 46 33 28 19 13 10 5
1633937707.644 46 33 27 16 12 12 7
1633937707.886 45 33 27 17 11 12 6
1633937708.137 48 34 28 16 10 14 4
1633937708.388 47 35 28 17 12 13 7
1633937708.652 46 33 28 16 11 10 7
1633937708.887 47 33 28 16 11 11 7
1633937709.140 48 33 29 17 11 12 6
1633937709.390 47 35 28 15 10 11 8
1633937709.646 47 34 30 17 11 10 8
1633937709.887 47 35 28 18 10 13 6
1633937710.137 46 34 31 16 10 13 8
1633937710.394 48 35 28 20 11 11 6
1633937710.637 47 32 29 18 11 12 6
1633937710.891 47 33 29 16 12 12 6
1633937711.138 46 35 30 18 12 11 5
1633937711.390 46 32 30 19 10 10 8
1633937711.639 46 34 28 17 10 11 6
1633937711.887 47 32 27 18 12 11 6
1633937712.141 48 33 29 20 10 11 5
1633937712.390 47 34 28 15 11 14 7
1633937712.637 46 35 28 18 10 11 7
1633937712.890 47 34 30 16 12 11 5
1633937713.141 47 34 29 18 12 12 6
1633937713.390 45 32 28 16 10 12 6
1633937713.638 48 32 27 17 12 10 7
1633937713.886 46 33 30 17 10 12 7
1633937714.138 46 35 30 17 9 11 5
1633937714.392 48 35 28 18 11 12 6
1633937714.637 48 33 29 17 12 12 8
1633937714.888 46 34 28 17 13 10 8
1633937715.138 47 36 28 16 11 11 6
1633937715.387 50 32 29 18 12 12 4
1633937715.645 46 34 27 18 12 10 8
1633937715.892 46 34 28 16 11 9 6
1633937716.141 48 34 26 17 12 11 5
1633937716.388 47 31 30 16 11 12 4
1633937716.640 47 31 28 17 12 12 6
1633937716.888 46 33 27 16 11 13 4
1633937717.140 47 32 29 15 11 11 8
1633937717.387 48 33 30 17 10 12 9
1633937717.637 46 33 28 15 12 11 7
1633937717.887 49 33 26 17 10 12 7
1633937718.139 47 34 28 17 11 12 7
1633937718.391 47 33 27 16 10 11 5
1633937718.640 46 33 28 17 11 11 5
1633937718.887 47 32 31 17 11 11 7
1633937719.139 46 34 27 16 12 10 5
1633937719.388 47 34 28 16 11 11 7
1633937719.642 46 34 29 17 11 12 5
1633937719.888 47 35 28 17 13 11 4
1633937720.137 47 33 30 16 11 11 8
1633937720.391 45 34 30 17 10 11 6
1633937720.638 48 32 30 17 11 13 5
1633937720.888 47 34 29 16 12 11 5
1633937721.144 48 34 27 16 11 12 7
1633937721.387 45 35 27 17 12 12 6
1633937721.638 47 33 30 17 14 14 6
1633937721.888 45 33 29 17 12 12 6
1633937722.140 48 35 27 17 13 11 6
1633937722.388 46 32 27 15 14 13 5
1633937722.638 47 33 28 16 11 11 7
1633937722.888 47 34 29 17 12 12 8
1633937723.137 47 34 27 17 12 12 5
1633937723.390 46 34 27 17 10 11 7
1633937723.637 47 35 29 16 11 14 8
1633937723.888 49 33 26 19 11 12 7
1633937724.139 46 34 26 17 14 13 7
1633937724.388 47 36 29 15 11 10 7
1633937724.638 48 35 29 18 12 13 6
1633937724.894 46 34 28 19 11 10 8
1633937725.137 46 34 29 15 12 11 6
1633937725.390 46 32 28 19 13 11 10
1633937725.640 44 34 29 17 12 12 7
1633937725.888 46 35 28 16 13 11 6
1633937726.138 46 34 29 16 12 13 6
1633937726.395 47 33 27 18 12 11 7
1633937726.637 46 36 28 17 11 12 6
1633937726.902 47 33 29 19 12 12 4
1633937727.138 47 34 28 16 12 10 7
1633937727.388 44 33 27 17 11 10 6
1633937727.643 46 34 29 16 11 10 7
1633937727.889 49 35 30 18 13 13 5
1633937728.139 48 34 28 17 11 11 8
1633937728.391 45 37 26 18 13 12 7
1633937728.639 46 33 27 16 13 9 5
1633937728.887 49 34 28 16 12 14 4
1633937729.139 48 32 30 15 12 11 7
1633937729.391 46 32 29 15 13 13 6
1633937729.639 45 35 28 17 10 10 6
1633937729.896 49 35 28 18 11 10 8
1633937730.138 49 32 30 16 13 11 6
1633937730.388 46 34 28 17 12 12 8
1633937730.653 46 32 28 16 12 12 6
1633937730.888 46 35 28 17 11 14 7
1633937731.139 46 35 31 16 14 14 6
1633937731.391 48 33 31 18 12 12 6
1633937731.641 48 33 28 17 11 11 5
1633937731.888 49 34 28 16 11 13 7
1633937732.141 47 34 28 17 12 11 9
1633937732.388 47 33 28 16 13 10 4
1633937732.640 46 33 28 16 12 11 5
1633937732.889 48 35 27 17 12 12 7
1633937733.139 49 36 26 16 12 11 5
1633937733.391 48 32 31 17 13 11 6
1633937733.638 47 34 28 16 10 10 6
1633937733.890 47 34 26 18 11 10 6
1633937734.142 47 34 28 19 13 11 6
1633937734.390 46 32 27 19 12 12 8
1633937734.641 46 31 29 18 11 12 6
1633937734.889 47 34 29 16 13 12 5
1633937735.139 46 35 29 15 11 11 7
1633937735.390 48 34 29 15 13 11 7
1633937735.643 48 33 31 17 13 10 5
1633937735.892 48 32 29 16 13 11 8
1633937736.141 47 35 29 17 14 12 7
1633937736.391 46 35 29 17 12 10 4
1633937736.638 47 34 28 19 11 11 7
1633937736.890 45 35 30 17 11 10 5
1633937737.139 46 33 30 16 11 11 5
1633937737.390 46 33 28 16 14 13 5
1633937737.640 47 36 29 15 11 10 7
1633937737.892 46 34 29 17 10 14 7
1633937738.138 46 34 27 18 10 12 5
1633937738.388 45 35 30 16 13 14 4
1633937738.638 47 34 27 16 10 13 6
1633937738.889 47 35 27 16 12 14 6
1633937739.139 46 35 28 17 14 12 5
1633937739.389 48 34 29 17 12 11 7
1633937739.638 48 32 30 18 14 13 9
1633937739.893 47 34 27 16 11 13 6
1633937740.144 48 35 27 17 12 12 6
1633937740.389 47 32 31 16 10 11 8
1633937740.642 45 35 28 16 12 11 5
1633937740.889 46 34 28 16 10 13 8
1633937741.138 48 35 28 17 10 13 5
1633937741.388 47 35 28 17 10 11 4
1633937741.639 49 33 26 16 13 11 7
1633937741.891 46 34 30 17 12 13 6
1633937742.141 46 32 28 16 10 10 7
1633937742.389 50 33 30 18 9 14 6
1633937742.639 48 34 29 16 12 12 7
1633937742.890 46 33 29 16 11 9 6
1633937743.141 46 32 28 16 12 13 10
1633937743.388 47 35 29 16 11 11 7
1633937743.646 47 34 30 16 10 10 7
1633937743.889 48 32 27 18 10 12 5
1633937744.138 46 32 27 16 10 10 6
1633937744.400 46 33 28 18 11 11 8
1633937744.640 44 34 27 17 11 11 7
1633937744.891 47 32 28 17 11 14 7
1633937745.142 48 34 28 16 12 11 5
1633937745.391 49 34 27 16 12 11 7
1633937745.639 47 36 28 19 12 13 5
1633937745.891 47 33 30 16 10 11 6
1633937746.145 50 34 27 17 10 10 7
1633937746.393 49 32 27 17 12 13 5
1633937746.639 46 34 27 17 13 12 7
1633937746.900 48 34 27 18 11 13 5
1633937747.138 47 32 28 19 12 11 6
1633937747.391 46 35 28 16 12 11 6
1633937747.641 47 33 30 18 12 14 7
1633937747.889 47 34 27 18 11 11 9
1633937748.142 46 33 31 18 11 15 6
1633937748.392 46 33 28 18 11 11 7
1633937748.640 48 34 26 18 11 11 5
1633937748.891 47 34 27 18 9 11 3
1633937749.141 46 34 29 18 11 11 6
1633937749.389 47 33 31 17 13 11 5
1633937749.643 46 34 28 15 10 10 6
1633937749.891 50 32 29 17 10 12 7
1633937750.140 47 34 27 17 13 11 6
1633937750.400 45 34 27 17 11 10 5
1633937750.641 48 32 28 18 14 13 8
1633937750.891 46 33 31 18 10 11 5
1633937751.141 48 32 30 17 12 12 6
1633937751.389 45 34 28 20 11 11 5
1633937751.640 46 33 28 17 10 11 8
1633937751.892 46 38 29 17 10 12 8
1633937752.141 48 34 30 16 12 12 6
1633937752.391 46 33 26 16 12 11 5
1633937752.643 46 34 29 19 12 12 5
1633937752.891 45 33 26 17 10 11 5
1633937753.143 46 32 28 18 11 13 5
1633937753.389 48 33 27 16 13 12 6
1633937753.640 45 33 29 16 10 10 4
1633937753.890 48 33 28 17 13 11 4
1633937754.140 49 35 27 19 11 12 5
1633937754.389 48 32 29 17 11 10 6
1633937754.639 45 32 28 15 11 11 5
1633937754.892 46 32 28 17 14 13 6
1633937755.141 48 34 29 16 10 11 5
1633937755.390 45 35 32 16 12 11 6
1633937755.641 45 33 27 17 12 10 5
1633937755.890 48 36 29 18 12 13 5
1633937756.141 46 35 28 17 12 10 5
1633937756.391 46 34 28 17 13 11 5
1633937756.641 46 32 28 17 12 14 6
1633937756.890 46 35 30 16 12 11 7
1633937757.143 46 33 30 19 13 12 6
1633937757.391 47 32 29 18 11 12 6
1633937757.642 48 33 27 17 12 12 10
1633937757.890 46 35 28 16 12 13 7
1633937758.140 46 35 27 19 11 11 4
1633937758.389 46 34 29 15 12 10 7
1633937758.641 46 33 29 17 12 9 5
1633937758.889 48 33 26 17 12 10 7
1633937759.140 46 35 27 16 11 13 5
1633937759.389 49 34 28 19 11 13 6
1633937759.640 48 35 31 18 11 11 6
1633937759.892 48 34 29 18 11 11 6
1633937760.139 49 34 28 18 11 14 5
1633937760.391 47 32 27 18 12 12 5
1633937760.639 46 33 28 17 12 12 5
1633937760.892 49 34 28 16 12 10 6
1633937761.139 46 35 28 18 14 13 6
1633937761.390 48 34 28 16 12 9 6
1633937761.640 47 32 31 17 11 11 7
1633937761.891 47 34 27 17 10 12 9
1633937762.139 46 33 29 16 11 10 5
1633937762.390 47 34 28 16 13 12 5
1633937762.641 49 32 30 16 13 10 6
1633937762.889 46 34 28 17 11 11 7
1633937763.143 44 34 27 17 11 15 7
1633937763.393 46 32 27 16 12 11 5
1633937763.640 47 33 26 17 13 11 11
1633937763.890 46 34 29 17 11 11 4
1633937764.143 46 34 29 17 11 8 6
1633937764.394 48 34 30 16 10 11 7
1633937764.640 47 31 26 17 13 12 9
1633937764.891 46 34 28 19 11 12 7
1633937765.140 46 33 27 17 12 13 6
1633937765.390 47 35 29 15 12 13 6
1633937765.642 44 34 27 18 12 11 6
1633937765.895 47 34 30 17 11 12 5
1633937766.141 47 34 29 16 10 10 8
1633937766.393 45 33 28 17 11 13 7
1633937766.648 48 33 28 17 10 12 7
1633937766.891 49 33 27 19 10 14 6
1633937767.149 45 34 29 16 11 12 8
1633937767.392 46 35 28 17 11 10 7
1633937767.640 48 33 29 17 11 13 6
1633937767.895 46 34 28 19 12 12 6
1633937768.141 47 32 26 18 12 12 7
1633937768.392 49 33 28 18 11 13 4
1633937768.650 47 36 27 21 12 13 6
1633937768.891 47 33 29 18 11 12 8
1633937769.142 48 33 31 16 11 12 8
1633937769.407 45 32 28 18 13 11 6
1633937769.641 48 34 27 17 13 13 5
1633937769.891 46 34 29 16 13 12 10
1633937770.144 45 32 29 18 12 11 4
1633937770.391 47 34 29 17 12 11 8
1633937770.658 45 34 28 17 12 11 5
1633937770.893 46 32 28 16 12 13 4
1633937771.144 48 33 31 16 11 12 6
1633937771.396 46 33 30 17 12 12 6
1633937771.640 45 32 27 18 11 12 6
1633937771.893 48 36 31 17 11 13 8
1633937772.143 46 36 28 17 11 10 6
1633937772.390 47 33 32 18 11 11 6
1633937772.644 47 33 27 17 13 10 5
1633937772.891 46 32 28 17 12 13 6
1633937773.140 46 34 28 17 13 13 5
1633937773.390 46 32 29 16 10 12 5
1633937773.644 48 33 28 18 13 11 7
1633937773.898 47 33 30 16 13 10 4
1633937774.146 46 34 27 18 10 9 6
1633937774.391 45 36 27 17 11 10 8
1633937774.642 47 34 27 16 15 11 7
1633937774.892 48 33 26 17 11 11 7
1633937775.141 47 33 28 16 11 12 6
1633937775.394 48 33 29 17 11 12 6
1633937775.643 47 34 27 17 10 12 7
1633937775.891 48 33 30 18 11 13 7
1633937776.140 47 34 28 16 11 11 5
1633937776.392 46 34 28 16 11 13 8
1633937776.642 45 33 28 17 13 12 8
1633937776.894 46 33 28 16 11 12 8
1633937777.141 47 33 28 17 10 14 5
1633937777.392 48 33 27 17 10 10 6
1633937777.644 47 35 29 19 12 11 5
1633937777.891 46 33 27 17 12 11 5
1633937778.142 47 34 30 16 11 12 4
1633937778.391 47 36 28 17 14 10 6
1633937778.643 48 34 29 16 12 11 5
1633937778.895 49 34 28 16 11 9 8
1633937779.140 46 34 28 16 12 11 8
1633937779.392 45 30 29 17 12 12 5
1633937779.641 48 34 27 16 13 13 8
1633937779.891 45 35 26 17 12 12 5
1633937780.142 46 34 29 16 10 11 6
1633937780.391 47 33 26 17 10 10 6
1633937780.641 45 33 27 18 13 11 8
1633937780.894 47 33 28 16 12 9 9
1633937781.141 47 33 27 18 10 12 6
1633937781.392 47 34 29 16 10 11 6
1633937781.641 47 33 30 17 12 13 6
1633937781.891 45 33 26 16 10 13 6
1633937782.141 46 33 31 19 11 15 9
1633937782.392 50 32 27 19 11 10 8
1633937782.641 46 34 27 17 10 10 4
1633937782.891 45 33 30 17 12 13 7
1633937783.141 47 32 27 16 10 12 6
1633937783.392 50 34 29 16 13 11 6
1633937783.644 47 34 29 18 13 13 5
1633937783.893 47 34 29 18 11 9 5
1633937784.141 45 33 27 18 14 11 7
1633937784.391 48 37 29 16 12 12 5
1633937784.641 47 32 28 18 13 12 6
1633937784.905 45 36 28 17 9 12 9
1633937785.141 48 34 28 16 12 11 10
1633937785.391 49 33 27 18 11 12 7
1633937785.647 46 35 28 19 12 10 8
1633937785.893 49 33 28 17 11 12 7
1633937786.142 45 33 27 17 12 12 6
1633937786.395 47 35 29 16 11 11 8
1633937786.642 48 33 26 18 13 13 6
1633937786.893 46 34 28 16 13 15 6
1633937787.143 48 34 28 17 11 12 7
1633937787.392 46 32 28 18 11 14 9
1633937787.643 48 33 30 17 11 11 6
1633937787.896 47 32 29 17 11 12 7
1633937788.142 48 34 28 17 12 12 7
1633937788.402 45 34 29 16 11 11 8
1633937788.643 47 34 30 17 12 12 6
1633937788.892 46 33 28 16 11 11 6
1633937789.147 46 32 30 16 10 13 8
1633937789.392 48 33 29 16 11 12 6
1633937789.648 49 32 28 17 11 12 6
1633937789.897 47 35 29 16 11 13 8
1633937790.142 50 36 28 16 10 12 8
1633937790.392 47 33 29 17 12 12 7
1633937790.645 45 34 30 17 12 12 5
1633937790.894 45 33 28 17 11 12 8
1633937791.144 47 33 29 19 10 13 6
1633937791.392 45 31 31 17 11 10 7
1633937791.642 46 33 29 16 12 10 6
1633937791.894 47 36 29 16 11 10 7
1633937792.147 45 33 28 18 15 11 5
1633937792.391 47 33 29 19 11 11 6
1633937792.643 45 34 30 16 11 12 6
1633937792.895 46 34 26 15 13 12 7
1633937793.143 45 35 28 17 12 15 9
1633937793.399 48 32 27 18 13 13 7
1633937793.645 46 33 29 18 11 13 7
1633937793.897 47 34 28 18 12 13 6
1633937794.146 46 34 29 17 12 12 5
1633937794.397 44 33 27 16 10 12 7
1633937794.649 47 32 27 16 12 12 6
1633937794.893 45 34 27 18 11 10 8
1633937795.157 48 35 30 17 12 11 8
1633937795.399 46 34 30 17 12 12 6
1633937795.643 47 33 28 17 11 13 9
1633937795.896 45 33 28 16 11 14 6
1633937796.142 48 33 29 16 13 12 7
1633937796.394 49 34 31 15 10 14 7
1633937796.643 46 33 30 17 9 12 4
1633937796.891 46 33 28 17 10 12 5
1633937797.145 48 33 28 17 11 11 6
1633937797.394 47 36 27 16 10 11 5
1633937797.641 48 34 28 17 10 11 7
1633937797.892 46 33 29 17 9 12 8
1633937798.143 46 35 27 17 12 13 9
1633937798.393 47 32 29 16 12 12 6
1633937798.642 47 33 27 16 10 12 6
1633937798.895 47 35 27 17 11 10 6
1633937799.143 48 33 29 16 10 10 6
1633937799.398 46 32 29 17 11 11 6
1633937799.642 48 33 29 17 11 11 8
1633937799.892 49 32 28 15 12 12 8
1633937800.144 46 34 28 18 12 10 6
1633937800.394 49 32 28 17 13 12 6
1633937800.642 47 34 27 18 10 13 7
1633937800.898 48 34 28 18 10 11 7
1633937801.145 46 34 31 17 11 11 8
1633937801.392 47 35 27 17 11 12 8
1633937801.644 47 32 30 17 15 13 7
1633937801.897 45 33 28 17 11 11 7
1633937802.142 47 36 30 16 10 11 7
1633937802.392 47 32 27 17 10 11 6
1633937802.644 46 33 26 17 11 12 5
1633937802.892 49 35 30 19 12 12 6
1633937803.143 49 34 31 17 11 15 4
1633937803.400 45 34 27 18 13 12 6
1633937803.642 45 31 27 17 10 11 9
1633937803.892 46 33 27 16 10 10 6
1633937804.145 48 34 26 17 11 11 7
1633937804.392 48 34 28 16 11 14 7
1633937804.642 46 33 28 17 11 11 8
1633937804.908 49 34 29 16 12 13 6
1633937805.143 48 35 28 17 11 14 8
1633937805.395 48 34 29 16 11 13 6
1633937805.646 48 34 29 17 14 12 6
1633937805.892 49 32 28 17 11 12 7
1633937806.142 46 33 29 17 13 13 6
1633937806.396 47 37 26 15 11 12 7
1633937806.643 46 34 30 15 12 13 5
1633937806.892 47 34 29 19 11 11 6
1633937807.144 47 34 27 17 11 10 6
1633937807.397 47 34 28 17 12 10 7
1633937807.642 48 35 28 16 11 13 6
1633937807.894 46 33 27 16 10 12 7
1633937808.144 48 35 28 17 12 12 8
1633937808.394 47 32 30 15 12 12 5
1633937808.649 46 34 31 16 13 11 5
1633937808.893 49 33 30 18 12 13 6
1633937809.145 49 34 31 18 11 10 7
1633937809.399 47 35 28 17 10 12 6
1633937809.643 45 32 31 16 11 11 7
1633937809.896 46 34 29 17 12 12 6
1633937810.146 47 33 27 17 9 11 6
1633937810.404 47 35 28 17 9 12 6
1633937810.646 46 34 29 17 12 12 4
1633937810.893 48 34 29 17 10 14 7
1633937811.146 47 35 27 17 10 12 7
1633937811.397 47 33 33 16 12 11 7
1633937811.644 47 33 27 18 13 12 6
1633937811.894 48 34 29 19 11 13 5
1633937812.143 47 32 29 17 12 13 7
1633937812.392 47 32 28 17 13 12 6
1633937812.644 49 33 28 16 9 12 5
1633937812.892 48 36 26 17 10 12 7
1633937813.144 47 33 28 15 10 12 8
1633937813.394 47 35 27 16 12 12 5
1633937813.644 46 34 29 15 11 13 10
1633937813.894 46 32 28 16 11 11 6
1633937814.144 47 37 27 17 11 12 4
1633937814.398 47 34 27 20 12 12 7
1633937814.643 48 34 29 18 11 12 7
1633937814.894 45 35 27 17 10 12 5
1633937815.147 46 35 30 16 12 15 7
1633937815.393 47 35 26 18 12 11 6
1633937815.643 45 35 28 17 10 13 5
1633937815.893 45 32 29 18 9 11 6
1633937816.142 46 34 29 17 11 14 4
1633937816.397 45 36 26 20 10 13 7
1633937816.645 45 34 28 17 12 10 7
1633937816.893 47 33 29 18 11 10 8
1633937817.144 47 33 27 17 11 12 7
1633937817.395 46 34 29 19 11 11 8
1633937817.645 46 34 26 16 12 14 6
1633937817.893 46 35 27 17 12 12 6
1633937818.143 47 34 29 17 11 11 7
1633937818.395 46 33 27 19 9 15 6
1633937818.643 45 33 27 17 10 12 6
1633937818.898 46 33 29 16 11 12 8
1633937819.143 45 34 26 18 14 13 7
1633937819.393 47 35 28 19 9 11 5
1633937819.643 47 34 27 19 11 12 7
1633937819.898 46 35 26 18 11 17 6
1633937820.143 43 35 27 16 12 10 5
1633937820.398 45 34 27 15 13 13 5
1633937820.643 46 32 28 17 13 11 8
1633937820.898 46 33 29 19 12 11 8
1633937821.146 46 33 28 19 12 13 9
1633937821.397 46 34 27 17 12 12 7
1633937821.645 46 35 30 16 14 11 9
1633937821.893 47 35 28 16 11 9 6
1633937822.147 47 36 26 16 12 11 6
1633937822.394 44 34 30 18 12 10 9
1633937822.645 46 33 31 18 11 9 7
1633937822.897 45 32 31 16 13 11 6
1633937823.143 46 34 30 17 11 13 6
1633937823.393 45 35 26 15 12 11 7
1633937823.644 46 34 29 16 11 13 9
1633937823.894 43 33 26 15 14 13 6
1633937824.144 48 35 27 17 11 12 6
1633937824.394 47 34 27 18 13 11 6
1633937824.644 46 35 28 17 11 12 6
1633937824.894 47 34 31 17 9 10 6
1633937825.143 48 33 28 17 12 11 7
1633937825.396 47 34 26 16 13 11 7
1633937825.643 47 34 28 17 11 12 5
1633937825.893 48 36 27 17 12 12 8
1633937826.150 46 34 30 18 11 10 7
1633937826.393 49 33 28 16 10 12 5
1633937826.647 47 35 28 17 12 11 6
1633937826.897 46 33 28 17 13 11 4
1633937827.144 47 35 28 17 11 12 7
1633937827.394 45 34 28 16 11 13 5
1633937827.644 48 33 28 17 14 12 8
1633937827.894 45 34 29 18 13 13 7
1633937828.145 47 36 28 17 12 13 6
1633937828.399 46 36 28 16 12 14 6
1633937828.644 46 33 27 17 11 11 7
1633937828.895 46 32 28 17 12 12 6
1633937829.145 45 33 28 16 13 11 6
1633937829.396 47 34 29 17 13 12 7
1633937829.651 47 34 27 19 12 12 6
1633937829.901 46 34 27 16 11 11 10
1633937830.145 47 34 29 17 11 13 7
1633937830.394 45 33 28 16 11 10 5
1633937830.644 45 34 27 17 10 11 6
1633937830.896 45 35 26 18 12 12 6
1633937831.146 47 34 30 17 11 12 8
1633937831.394 47 34 28 16 12 12 8
1633937831.649 45 34 26 15 10 12 7
1633937831.894 47 32 28 16 11 12 5
1633937832.160 50 34 27 16 11 12 5
1633937832.400 47 35 29 17 10 10 5
1633937832.645 47 34 29 15 11 13 8
1633937832.898 48 34 28 17 13 14 7
1633937833.145 46 35 30 15 12 13 6
1633937833.395 48 35 29 15 12 12 7
1633937833.647 48 35 28 20 12 12 8
1633937833.894 46 34 28 16 10 12 5
1633937834.145 49 33 28 15 11 10 7
1633937834.396 46 34 27 17 14 13 7
1633937834.645 46 35 28 17 11 11 5
1633937834.895 50 33 27 17 12 12 6
1633937835.148 50 33 30 16 12 10 6
1633937835.395 46 36 31 17 12 12 8
1633937835.644 48 33 30 17 14 12 9
1633937835.896 44 33 29 17 12 13 8
1633937836.144 47 34 29 16 12 11 8
1633937836.394 47 33 28 17 12 12 6
1633937836.645 45 33 27 16 12 11 5
1633937836.900 46 35 29 16 11 11 6
1633937837.150 46 34 27 18 12 10 8
1633937837.395 46 32 27 16 11 11 7
1633937837.647 46 33 30 16 12 12 6
1633937837.895 48 35 28 17 12 12 7
1633937838.147 47 34 27 18 11 10 7
1633937838.394 47 33 30 17 11 12 7
1633937838.644 49 34 28 18 11 12 6
1633937838.896 47 33 27 18 15 14 8
1633937839.145 47 32 28 17 12 9 6
1633937839.395 45 35 29 16 10 11 4
1633937839.644 47 35 26 16 13 11 8
1633937839.897 47 33 26 17 11 9 5
1633937840.144 46 35 27 16 10 13 7
1633937840.395 46 34 30 16 12 10 5
1633937840.645 48 33 28 19 12 12 6
1633937840.894 46 34 28 20 12 11 7
1633937841.145 49 35 27 18 13 11 8
1633937841.397 46 35 28 18 13 12 8
1633937841.644 47 34 27 16 11 13 6
1633937841.895 47 33 29 17 12 13 5
1633937842.147 46 33 27 17 13 11 6
1633937842.394 46 33 29 16 12 11 5
1633937842.654 46 36 26 16 11 11 5
1633937842.896 44 34 28 19 12 16 6
1633937843.146 47 33 27 17 15 11 6
1633937843.401 48 32 27 16 13 12 6
1633937843.645 47 34 28 21 12 12 6
1633937843.894 47 35 28 19 10 12 8
1633937844.146 46 34 30 17 13 12 9
1633937844.397 47 36 26 18 11 12 6
1633937844.644 48 32 27 17 12 11 6
1633937844.896 46 35 28 16 10 12 6
1633937845.145 48 35 29 16 12 10 6
1633937845.394 46 35 27 15 11 13 7
1633937845.644 47 32 29 17 11 10 8
1633937845.907 46 34 29 18 12 12 5
1633937846.144 47 33 27 17 11 13 8
1633937846.398 46 32 28 18 11 12 8
1633937846.648 46 34 30 17 12 11 6
1633937846.895 46 35 26 18 10 12 5
1633937847.158 46 36 27 16 14 11 6
1633937847.395 47 37 28 17 15 11 7
1633937847.647 49 33 28 16 14 13 7
1633937847.896 47 33 28 16 12 11 7
1633937848.145 46 35 27 22 13 12 6
1633937848.396 44 32 31 18 12 12 5
1633937848.647 46 33 28 16 11 12 8
1633937848.907 45 35 28 17 10 14 9
1633937849.144 46 35 28 18 11 11 6
1633937849.397 45 33 29 16 11 14 7
1633937849.648 50 36 29 17 10 12 7
1633937849.895 44 35 30 15 13 11 6
1633937850.149 46 33 26 17 12 12 6
1633937850.399 47 33 29 16 12 12 6
1633937850.647 47 36 29 16 13 11 8
1633937850.900 47 35 27 17 15 12 9
1633937851.147 46 33 26 16 13 12 6
1633937851.401 45 34 28 16 11 12 3
1633937851.653 46 34 27 16 14 13 7
1633937851.895 44 32 29 17 13 13 8
1633937852.148 48 33 28 17 13 11 7
1633937852.394 46 32 27 16 11 11 9
1633937852.651 48 32 29 17 13 11 6
1633937852.897 46 35 28 17 13 11 9
1633937853.146 45 32 29 18 10 12 6
1633937853.402 46 34 29 17 12 9 4
1633937853.645 47 34 28 17 12 14 7
1633937853.895 48 35 29 19 12 10 8
1633937854.148 46 34 28 17 10 11 8
1633937854.395 47 34 30 18 11 12 6
1633937854.646 46 34 27 19 12 12 7
1633937854.898 45 33 31 16 11 12 6
1633937855.145 47 33 28 17 12 12 6
1633937855.398 46 33 28 15 11 12 6
1633937855.648 47 33 31 17 11 11 4
1633937855.895 45 33 29 17 12 12 8
1633937856.149 48 38 28 17 12 10 8
1633937856.400 45 32 28 16 14 12 7
1633937856.646 47 34 29 16 11 12 8
1633937856.897 47 32 27 17 11 12 7
1633937857.145 46 33 28 16 12 12 7
1633937857.397 45 35 28 16 11 10 10
1633937857.647 47 33 26 16 12 12 6
1633937857.899 47 34 27 19 13 13 5
1633937858.148 48 32 27 18 11 12 7
1633937858.399 48 34 28 16 13 11 5
1633937858.646 45 32 27 16 13 12 7
1633937858.897 47 33 29 16 12 11 7
1633937859.145 46 33 29 16 13 10 8
1633937859.397 46 37 29 17 12 14 7
1633937859.646 46 33 28 17 12 14 7
1633937859.898 45 33 30 17 12 12 6
1633937860.149 46 32 27 16 13 11 6
1633937860.395 45 32 29 18 11 10 7
1633937860.648 47 36 27 18 12 12 6
1633937860.899 46 32 28 17 13 12 5
1633937861.145 47 33 29 17 13 11 8
1633937861.400 46 31 26 15 10 12 6
1633937861.648 47 35 26 15 12 10 8
1633937861.897 47 33 30 16 11 10 5
1633937862.149 47 36 26 18 10 12 5
1633937862.397 45 33 28 16 12 11 5
1633937862.646 47 33 30 15 12 13 6
1633937862.897 47 35 26 16 13 11 8
1633937863.145 47 33 28 16 11 12 7
1633937863.395 46 33 28 18 12 9 7
1633937863.646 48 35 27 19 13 11 7
1633937863.897 46 36 30 17 11 11 7
1633937864.147 46 32 27 16 14 15 5
1633937864.397 47 36 28 18 14 12 10
1633937864.646 46 34 27 16 12 12 6
1633937864.897 47 34 29 20 12 12 7
1633937865.147 47 35 29 16 11 12 7
1633937865.401 46 34 26 17 10 11 7
1633937865.647 48 33 27 17 10 12 6
1633937865.896 46 34 29 16 12 14 6
1633937866.145 45 34 28 16 10 13 8
1633937866.395 47 34 28 16 12 12 7
1633937866.652 47 33 28 16 10 11 6
1633937866.896 45 33 29 18 12 13 6
1633937867.150 48 36 28 15 11 11 5
1633937867.404 48 34 28 16 11 12 5
1633937867.646 45 33 27 16 12 12 5
1633937867.901 46 33 29 18 13 11 8
1633937868.146 46 33 29 17 12 12 6
1633937868.396 47 33 27 18 11 11 8
1633937868.650 47 34 30 19 11 11 7
1633937868.900 45 34 29 16 10 12 6
1633937869.146 47 34 28 17 12 12 7
1633937869.398 46 37 26 17 13 12 9
1633937869.650 47 36 27 16 11 12 9
1633937869.897 45 34 28 20 12 11 7
1633937870.146 45 34 27 20 11 12 8
1633937870.402 47 36 25 18 12 13 7
1633937870.647 47 36 29 17 13 14 6
1633937870.898 47 34 26 17 14 11 7
1633937871.148 48 33 27 17 11 11 8
1633937871.397 47 34 27 21 11 12 7
1633937871.653 48 34 26 16 14 14 5
1633937871.897 47 34 27 17 12 13 7
1633937872.146 46 34 29 19 14 12 6
1633937872.397 44 35 29 17 12 9 6
1633937872.647 46 33 27 17 11 13 6
1633937872.897 45 37 28 17 10 12 7
1633937873.160 45 31 28 18 10 14 6
1633937873.401 44 34 28 17 12 10 6
1633937873.647 45 35 28 19 11 12 4
1633937873.896 46 33 27 16 11 13 6
1633937874.152 46 33 29 17 11 12 7
1633937874.396 49 33 30 16 12 10 6
1633937874.648 47 32 30 17 12 11 9
1633937874.897 46 36 28 19 12 11 7
1633937875.147 46 34 27 16 13 13 7
1633937875.401 48 35 29 18 12 13 7
1633937875.647 48 35 29 16 12 12 8
1633937875.902 48 34 28 18 11 14 7
1633937876.147 46 33 28 16 11 11 6
1633937876.396 47 33 29 17 12 12 7
1633937876.648 46 36 28 19 12 11 5
1633937876.898 47 33 26 17 12 11 5
1633937877.150 45 33 27 17 12 12 6
1633937877.398 45 35 28 18 12 10 6
1633937877.646 46 36 28 17 12 12 6
1633937877.897 47 33 28 19 12 11 5
1633937878.148 45 35 29 16 13 12 7
1633937878.398 47 33 29 14 11 11 5
1633937878.651 48 34 28 18 12 16 5
1633937878.900 46 34 32 16 13 12 6
1633937879.147 46 33 26 17 12 13 6
1633937879.398 47 32 27 18 13 10 6
1633937879.650 47 33 27 18 12 10 5
1633937879.898 48 34 27 16 12 11 6
1633937880.147 46 33 28 15 12 12 7
1633937880.399 46 33 28 16 13 9 7
1633937880.650 48 32 26 16 11 13 6
1633937880.900 47 33 27 15 12 13 6
1633937881.150 46 33 27 17 13 12 6
1633937881.402 46 35 26 17 12 12 7
1633937881.648 47 35 28 16 10 11 7
1633937881.900 46 33 27 15 12 11 6
1633937882.154 49 33 26 18 13 12 6
1633937882.397 46 35 30 16 13 11 7
1633937882.647 48 35 30 16 11 12 6
1633937882.903 47 34 28 17 12 12 7
1633937883.147 46 34 28 18 12 11 6
1633937883.397 47 32 27 17 13 10 8
1633937883.651 45 35 27 18 12 11 4
1633937883.899 47 33 27 18 11 13 5
1633937884.148 46 33 25 17 11 11 6
1633937884.399 48 35 26 16 12 14 8
1633937884.648 45 34 27 18 11 13 8
1633937884.897 45 35 29 17 10 11 8
1633937885.147 46 34 30 15 13 12 6
1633937885.401 47 34 29 16 12 13 5
1633937885.647 47 34 27 17 13 11 7
1633937885.899 47 35 27 18 11 10 7
1633937886.148 47 35 31 16 11 13 6
1633937886.398 47 34 27 15 10 11 9
1633937886.659 50 36 29 16 11 11 6
1633937886.897 48 35 26 17 11 13 5
1633937887.149 47 34 29 18 10 13 6
1633937887.399 46 35 27 19 13 10 8
1633937887.648 48 32 28 16 11 11 6
1633937887.899 46 33 28 16 11 11 7
1633937888.148 46 35 28 16 12 10 7
1633937888.400 47 32 29 15 12 11 7
1633937888.649 47 33 28 18 10 12 7
1633937888.899 46 35 28 15 11 13 6
1633937889.149 44 35 30 17 13 13 6
1633937889.398 47 34 28 16 11 11 5
1633937889.649 45 36 29 18 10 11 4
1633937889.899 46 35 28 16 11 11 6
1633937890.148 45 35 29 16 12 12 6
1633937890.401 47 33 27 15 11 11 6
1633937890.654 46 35 27 17 11 10 6
1633937890.898 47 34 28 16 14 11 6
1633937891.152 46 32 28 16 11 12 6
1633937891.397 48 33 27 17 12 12 5
1633937891.650 48 34 28 16 12 14 6
1633937891.900 46 33 30 18 12 12 7
1633937892.150 47 35 28 17 11 12 7
1633937892.398 45 35 27 17 11 11 7
1633937892.648 44 34 28 16 13 15 6
1633937892.900 47 33 28 18 13 12 7
1633937893.150 45 33 28 16 12 13 4
1633937893.401 46 33 28 16 11 12 6
1633937893.651 49 34 29 16 12 11 8
1633937893.901 46 36 28 16 13 11 6
1633937894.150 47 35 28 16 11 10 9
1633937894.403 46 35 29 17 11 13 6
1633937894.660 46 35 27 20 10 12 7
1633937894.903 50 34 29 18 12 13 6
1633937895.149 46 32 29 17 10 12 5
1633937895.399 47 37 27 17 13 11 7
1633937895.654 44 32 28 16 12 10 6
1633937895.898 45 34 28 17 12 11 7
1633937896.148 48 34 28 17 11 11 6
1633937896.399 46 34 27 16 12 11 7
1633937896.647 46 35 27 16 13 12 6
1633937896.902 46 32 29 16 13 11 6
1633937897.149 45 34 28 20 13 13 7
1633937897.399 46 35 28 17 13 10 5
1633937897.652 46 34 31 17 13 12 7
1633937897.898 46 35 29 16 11 14 7
1633937898.148 47 34 28 15 11 14 6
1633937898.647 49 36 29 18 11 12 6
1633937898.898 47 33 26 18 11 11 8
1633937899.149 50 33 29 16 11 12 6
1633937899.398 47 34 28 17 11 12 8
1633937899.650 49 34 29 17 13 12 9
1633937899.901 48 35 30 16 13 11 7
1633937900.149 46 35 30 16 11 13 6
1633937900.401 49 35 28 17 12 12 6
1633937900.651 44 33 28 16 12 12 7
1633937900.899 46 34 28 17 11 11 6
1633937901.151 46 34 28 17 13 13 7
1633937901.400 46 34 28 16 10 13 6
1633937901.650 47 37 29 17 13 10 10
1633937901.900 48 33 26 18 13 10 7
1633937902.150 49 33 29 16 13 11 6
1633937902.400 47 34 31 16 10 11 6
1633937902.650 49 36 28 18 10 13 4
1633937902.898 48 33 29 17 12 11 6
1633937903.150 47 32 28 15 13 12 4
1633937903.399 47 32 27 16 12 13 8
1633937903.648 48 34 30 17 13 10 7
1633937903.900 45 33 28 17 10 11 6
1633937904.148 48 35 26 18 13 12 8
1633937904.401 48 34 28 15 13 15 5
1633937904.649 47 35 28 16 12 13 8
1633937904.900 47 34 27 17 13 12 8
1633937905.149 47 32 30 16 12 12 6
1633937905.405 46 33 27 17 12 12 5
1633937905.651 47 36 28 16 11 16 6
1633937905.900 47 34 29 16 12 14 6
1633937906.149 47 33 27 16 13 14 5
1633937906.399 45 32 27 16 11 13 7
1633937906.651 46 34 27 17 12 10 9
1633937906.899 48 37 27 19 12 13 7
1633937907.151 46 35 26 18 12 11 7
1633937907.400 49 35 27 16 12 10 9
1633937907.654 45 34 25 16 14 12 8
1633937907.900 47 33 29 16 11 12 9
1633937908.151 46 33 28 18 11 11 6
1633937908.400 49 33 29 16 14 12 6
1633937908.650 47 36 26 16 14 13 6
1633937908.899 46 33 30 16 12 13 7
1633937909.150 46 34 26 17 11 11 7
1633937909.402 49 35 28 17 13 10 5
1633937909.650 46 34 31 16 14 12 5
1633937909.899 49 35 28 17 12 9 7
1633937910.154 47 34 28 17 13 11 9
1633937910.400 50 34 27 17 13 12 6
1633937910.649 47 33 26 18 14 11 6
1633937910.900 48 33 28 18 12 12 6
1633937911.150 45 33 28 16 12 15 7
1633937911.400 45 33 27 16 11 11 6
1633937911.649 48 32 28 16 12 11 5
1633937911.900 50 33 27 15 11 12 6
1633937912.150 47 34 28 16 13 10 7
1633937912.400 46 35 27 16 10 10 4
1633937912.651 47 32 26 16 10 11 7
1633937912.900 46 34 28 17 13 10 5
1633937913.151 47 33 29 17 12 13 6
1633937913.398 48 32 26 16 15 12 7
1633937913.648 47 34 30 16 14 11 7
1633937913.903 45 32 27 17 11 11 5
1633937914.148 47 34 28 16 11 13 5
1633937914.399 46 34 28 19 15 11 6
1633937914.654 47 35 27 16 13 12 6
1633937914.899 44 36 29 18 10 11 6
1633937915.151 46 35 29 16 11 11 7
1633937915.400 46 35 27 19 11 13 6
1633937915.649 49 35 26 16 13 12 7
1633937915.909 47 35 27 19 10 13 6
1633937916.150 47 35 27 16 11 12 6
1633937916.400 49 34 26 15 11 12 6
1633937916.651 46 32 28 17 14 10 5
1633937916.899 47 32 28 17 12 12 7
1633937917.151 46 34 27 17 11 10 8
1633937917.403 45 34 27 16 12 13 6
1633937917.651 49 33 30 16 13 12 7
1633937917.901 48 34 28 19 14 11 7
1633937918.151 46 35 29 16 12 13 7
1633937918.398 48 35 27 16 11 11 6
1633937918.659 47 33 28 16 13 11 7
1633937918.900 47 34 26 17 12 14 5
1633937919.150 48 34 27 18 15 13 7
1633937919.405 47 34 26 17 12 15 8
1633937919.649 46 33 27 14 12 11 6
1633937919.901 48 32 28 17 12 13 6
1633937920.152 47 33 28 19 11 14 7
1633937920.400 48 34 32 17 12 11 6
1633937920.656 48 35 29 15 13 13 6
1633937920.900 46 34 27 16 12 14 7
1633937921.152 46 34 27 15 15 11 6
1633937921.402 45 33 29 16 14 14 5
1633937921.653 46 35 29 16 15 10 5
1633937921.900 45 34 28 16 13 12 6
1633937922.151 48 34 28 16 11 12 5
1633937922.399 44 32 29 17 12 11 5
1633937922.650 46 36 28 16 13 12 9
1633937922.903 47 33 27 16 13 10 9
1633937923.150 48 34 27 18 11 12 5
1633937923.400 46 34 29 17 11 13 7
1633937923.652 48 35 28 17 14 13 6
1633937923.902 48 35 28 17 14 12 4
1633937924.151 47 34 28 18 10 11 7
1633937924.405 47 37 26 17 11 11 4
1633937924.651 47 35 26 17 12 13 5
1633937924.900 46 34 28 19 13 12 5
1633937925.153 47 34 27 16 11 10 9
1633937925.401 45 34 28 17 13 12 7
1633937925.650 45 32 30 16 13 11 4
1633937925.902 46 37 29 20 13 12 8
1633937926.150 46 35 27 16 11 12 8
1633937926.402 47 33 28 16 11 12 5
1633937926.654 49 32 29 18 11 12 6
1633937926.900 48 33 28 17 11 12 6
1633937927.151 48 35 27 16 11 11 7
1633937927.400 46 35 28 16 11 12 6
1633937927.650 47 34 29 17 12 12 5
1633937927.901 46 34 27 17 14 12 6
1633937928.153 45 33 27 16 13 13 7
1633937928.399 47 34 26 17 11 12 6
1633937928.650 46 33 28 16 13 12 6
1633937928.901 46 33 28 19 12 12 6
1633937929.150 46 33 26 17 11 14 6
1633937929.400 47 33 30 17 14 14 7
1633937929.650 48 34 28 19 14 10 7
1633937929.901 46 36 27 17 12 12 6
1633937930.152 47 37 28 19 13 12 6
1633937930.402 47 34 28 18 13 14 5
1633937930.650 47 34 29 17 12 11 5
1633937930.900 47 33 26 18 13 11 6
1633937931.150 46 34 28 16 14 11 4
1633937931.400 46 34 28 17 11 12 6
1633937931.652 45 35 29 20 11 12 6
1633937931.899 46 33 29 16 12 11 8
1633937932.151 48 36 28 18 12 11 7
1633937932.400 46 33 30 17 13 12 7
1633937932.652 47 35 30 18 12 11 6
1633937932.900 47 34 29 18 13 13 8
1633937933.151 47 33 28 17 12 14 7
1633937933.407 45 33 28 17 14 11 7
1633937933.649 46 35 29 18 13 11 7
1633937933.902 46 32 27 17 11 12 6
1633937934.153 46 32 26 17 12 11 4
1633937934.403 45 35 27 17 11 13 5
1633937934.655 47 34 26 18 11 12 9
1633937934.901 46 32 28 16 11 12 7
1633937935.150 46 35 28 17 10 15 6
1633937935.401 46 33 28 17 12 11 7
1633937935.656 46 35 28 16 12 10 7
1633937935.900 46 35 26 18 13 13 6
1633937936.153 47 33 27 17 11 12 7
1633937936.401 45 34 28 17 12 11 7
1633937936.650 46 32 30 17 13 11 5
1633937936.904 47 32 28 18 13 12 4
1633937937.151 47 34 27 18 11 12 9
1633937937.400 48 34 29 19 13 11 6
1633937937.653 48 35 27 17 12 14 7
1633937937.899 48 33 29 16 12 11 7
1633937938.168 46 33 27 18 13 12 7
1633937938.402 48 33 28 17 13 12 8
1633937938.653 44 34 26 20 10 12 5
1633937938.902 45 35 27 17 11 10 7
1633937939.157 47 33 27 17 11 10 6
1633937939.400 45 33 26 18 13 12 5
1633937939.653 46 34 29 16 11 13 11
1633937939.901 44 33 28 16 13 12 7
1633937940.151 46 35 29 15 13 11 6
1633937940.402 47 36 27 17 11 12 10
1633937940.651 48 34 26 15 13 11 6
1633937940.905 47 32 28 17 13 16 8
1633937941.151 46 33 29 17 11 11 9
1633937941.401 45 32 28 18 13 13 7
1633937941.656 47 35 27 18 10 12 5
1633937941.903 46 35 29 16 11 13 7
1633937942.157 47 34 29 16 12 13 7
1633937942.401 48 34 27 17 14 14 6
1633937942.658 47 34 26 16 13 12 7
1633937942.900 47 36 28 17 13 13 5
1633937943.151 48 34 27 15 13 14 6
1633937943.401 47 34 26 19 12 12 7
1633937943.654 47 35 27 16 12 11 6
1633937943.905 47 33 27 16 11 12 6
1633937944.156 45 34 27 16 11 12 5
1633937944.402 45 32 28 18 10 11 6
1633937944.651 47 34 28 16 12 12 7
1633937944.902 47 33 29 18 12 12 5
1633937945.151 45 35 26 17 12 13 7
1633937945.401 46 34 27 18 13 14 7
1633937945.650 45 34 28 18 13 13 5
1633937945.903 48 37 28 17 11 12 9
1633937946.152 47 33 27 16 14 12 6
1633937946.400 46 33 28 17 12 14 7
1633937946.652 46 34 28 17 13 11 7
1633937946.901 44 33 28 18 14 12 7
1633937947.153 46 32 27 17 15 12 7
1633937947.405 45 35 28 17 12 11 7
1633937947.652 48 34 30 16 13 13 6
1633937947.904 44 33 31 16 12 13 5
1633937948.155 47 35 31 15 12 12 7
1633937948.402 47 37 29 18 10 12 6
1633937948.651 47 33 29 18 12 14 8
1633937948.902 44 33 28 16 11 10 5
1633937949.152 47 35 28 16 15 12 7
1633937949.401 46 33 28 15 13 13 8
1633937949.651 45 33 26 17 14 11 8
1633937949.901 43 34 29 16 11 12 5
1633937950.151 46 34 32 16 12 13 8
1633937950.402 46 32 28 16 14 14 6
1633937950.651 45 33 28 17 14 11 9
1633937950.901 48 33 29 17 12 12 8
1633937951.150 47 34 28 18 13 11 8
1633937951.400 48 36 28 16 14 12 6
1633937951.652 48 34 28 16 14 14 7
1633937951.905 46 33 28 18 13 10 6
1633937952.150 46 35 28 17 10 12 7
1633937952.402 47 32 28 17 13 13 7
1633937952.654 48 36 27 19 13 14 5
1633937952.901 48 35 30 16 12 10 7
1633937953.151 45 33 30 16 14 13 5
1633937953.407 46 34 30 18 14 10 8
1633937953.650 48 35 26 16 12 11 7
1633937953.904 45 34 30 16 13 11 7
1633937954.157 46 32 32 17 15 12 5
1633937954.402 47 37 29 17 13 14 8
1633937954.654 48 32 31 16 12 12 6
1633937954.902 46 34 29 18 14 13 7
1633937955.152 45 35 27 16 13 14 6
1633937955.404 46 35 32 16 11 12 6
1633937955.651 47 34 28 15 10 13 6
1633937955.902 47 34 26 18 13 11 6
1633937956.157 47 33 29 18 11 11 7
1633937956.401 46 34 28 15 14 13 9
1633937956.652 49 34 29 18 13 10 8
1633937956.901 47 32 29 17 13 11 9
1633937957.152 47 34 28 18 12 11 7
1633937957.403 48 32 29 16 12 14 6
1633937957.652 47 33 31 17 13 10 7
1633937957.902 43 33 28 17 10 12 6
1633937958.153 46 33 28 17 15 11 8
1633937958.403 45 33 29 17 11 12 8
1633937958.655 46 32 28 17 13 11 8
1633937958.901 46 34 31 16 13 11 9
1633937959.151 47 33 29 17 12 12 6
1633937959.402 45 35 27 18 12 11 7
1633937959.652 47 32 27 19 12 10 5
1633937959.904 45 33 28 17 11 13 6
1633937960.153 47 36 28 18 11 11 6
1633937960.402 48 32 29 16 12 12 7
1633937960.652 46 33 29 17 12 12 6
1633937960.901 47 33 29 18 14 13 6
1633937961.153 47 34 27 18 12 12 7
1633937961.403 45 35 29 17 13 12 7
1633937961.653 48 34 31 17 12 13 5
1633937961.901 47 35 26 18 11 10 6
1633937962.153 45 33 27 17 12 13 7
1633937962.402 46 36 29 16 13 14 8
1633937962.652 46 33 30 17 10 12 8
1633937962.903 47 34 28 19 13 14 5
1633937963.151 45 33 29 17 11 14 7
1633937963.404 48 35 28 17 12 11 6
1633937963.653 47 34 27 18 11 13 6
1633937963.901 45 36 28 17 11 12 8
1633937964.152 46 35 27 17 12 11 6
1633937964.403 45 33 28 18 12 11 7
1633937964.651 46 35 27 18 14 14 6
1633937964.905 47 35 30 18 11 13 8
1633937965.153 46 34 28 18 12 11 7
1633937965.401 45 34 29 16 12 11 7
1633937965.651 45 34 29 18 13 13 9
1633937965.902 47 34 27 18 10 10 10
1633937966.152 45 33 29 16 14 12 5
1633937966.402 46 33 27 17 12 14 6
1633937966.653 45 31 30 18 10 13 8
1633937966.902 46 34 28 18 10 13 7
1633937967.151 45 35 27 17 12 10 5
1633937967.403 48 34 30 17 14 11 8
1633937967.653 46 33 29 17 11 10 6
1633937967.903 51 35 31 19 13 13 6
1633937968.151 48 33 29 16 14 11 6
1633937968.403 48 34 30 19 11 11 5
1633937968.651 47 32 30 18 12 11 5
1633937968.902 47 34 27 17 13 11 8
1633937969.153 46 34 31 17 13 11 5
1633937969.402 45 34 28 17 12 12 8
1633937969.651 47 32 28 17 11 11 8
1633937969.904 46 33 31 16 13 14 8
1633937970.151 48 33 29 18 13 13 8
1633937970.403 45 32 27 17 14 11 6
1633937970.652 48 34 29 16 12 12 9
1633937970.902 46 33 29 19 13 11 6
1633937971.163 46 35 28 16 11 12 7
1633937971.402 48 33 27 17 12 12 6
1633937971.653 48 35 27 17 12 11 6
1633937971.909 46 32 27 17 12 12 9
1633937972.152 47 34 28 18 12 11 6
1633937972.402 45 36 28 17 12 12 7
1633937972.676 45 33 26 18 12 12 5
1633937972.903 46 33 30 17 13 13 7
1633937973.152 46 36 28 19 11 11 6
1633937973.403 47 36 29 18 11 11 4
1633937973.652 46 31 28 18 13 13 9
1633937973.902 47 32 27 16 14 11 7
1633937974.152 47 35 29 18 10 11 4
1633937974.409 48 35 27 16 13 13 4
1633937974.653 47 36 27 16 13 12 7
1633937974.903 46 33 28 18 15 12 6
1633937975.154 46 33 28 17 14 13 4
1633937975.402 46 30 27 17 13 12 6
1633937975.655 47 34 27 19 13 10 8
1633937975.906 47 33 30 18 14 11 4
1633937976.154 46 34 28 19 12 10 6
1633937976.403 49 35 29 18 12 11 7
1633937976.654 46 34 28 17 12 14 8
1633937976.903 46 34 28 18 10 12 7
1633937977.156 47 34 28 16 9 12 7
1633937977.406 47 34 29 17 12 12 7
1633937977.653 45 33 30 16 12 13 10
1633937977.903 48 33 29 17 11 12 6
1633937978.156 45 34 27 17 12 11 6
1633937978.402 46 32 30 17 11 11 8
1633937978.654 50 34 29 17 11 11 8
1633937978.907 47 33 28 17 13 13 6
1633937979.152 48 33 29 17 12 8 6
1633937979.410 46 34 28 15 11 11 9
1633937979.653 47 34 28 18 14 10 6
1633937979.904 46 32 31 17 12 11 7
1633937980.158 46 33 29 17 13 11 5
1633937980.402 46 32 27 17 12 11 6
1633937980.655 48 34 27 16 15 10 7
1633937980.906 47 34 28 16 12 15 6
1633937981.153 45 33 30 17 13 11 7
1633937981.407 46 32 26 17 12 12 5
1633937981.652 45 34 28 18 11 12 4
1633937981.904 46 34 26 17 11 11 6
1633937982.156 48 33 27 17 12 14 7
1633937982.404 46 34 26 17 13 11 8
1633937982.653 47 33 27 16 12 11 6
1633937982.905 49 32 30 17 13 10 8
1633937983.152 46 33 28 18 13 13 5
1633937983.402 46 33 28 18 16 11 7
1633937983.653 46 34 27 18 13 11 8
1633937983.905 46 32 28 18 13 12 6
1633937984.156 47 32 28 16 12 10 6
1633937984.405 46 36 29 17 13 9 4
1633937984.654 47 32 27 17 10 12 5
1633937984.903 46 35 26 15 11 10 5
1633937985.159 47 35 26 17 11 12 6
1633937985.403 47 33 26 18 12 11 9
1633937985.657 49 33 28 17 13 10 6
1633937985.908 45 35 27 17 11 11 9
1633937986.153 46 34 28 17 12 12 5
1633937986.403 48 35 27 16 12 11 6
1633937986.656 46 33 26 16 10 12 5
1633937986.902 49 32 28 15 11 12 6
1633937987.153 47 35 29 17 13 10 7
1633937987.404 48 34 27 17 12 12 6
1633937987.655 46 32 32 15 13 11 5
1633937987.903 48 33 31 17 12 11 6
1633937988.155 49 35 28 16 13 12 8
1633937988.405 51 33 28 16 16 11 7
1633937988.654 45 32 27 18 13 12 7
1633937988.904 47 34 29 19 13 12 6
1633937989.154 46 35 29 16 13 12 6
1633937989.404 47 34 30 19 13 11 6
1633937989.653 48 33 26 17 11 11 6
1633937989.903 46 34 28 16 13 12 7
1633937990.153 46 35 29 17 12 11 9
1633937990.405 47 33 26 17 12 10 5
1633937990.654 46 35 28 17 13 11 6
1633937990.903 46 35 26 16 12 11 8
1633937991.153 46 33 27 19 12 12 5
1633937991.405 47 32 29 15 13 12 3
1633937991.654 47 34 28 18 11 11 5
1633937991.920 44 35 28 16 10 11 5
1633937992.155 48 35 27 15 12 12 6
1633937992.403 49 33 27 17 13 11 7
1633937992.653 46 34 29 16 12 13 7
1633937992.908 46 37 30 16 13 11 6
1633937993.154 48 34 27 17 11 10 5
1633937993.409 49 34 29 16 13 12 4
1633937993.653 45 33 28 16 13 11 7
1633937993.904 46 35 26 18 12 12 6
1633937994.155 46 34 28 17 14 11 6
1633937994.403 50 32 27 18 13 12 6
1633937994.654 48 37 29 18 12 11 7
1633937994.904 48 33 26 18 12 11 5
1633937995.153 46 32 32 17 14 10 5
1633937995.405 46 35 29 19 14 10 7
1633937995.662 46 35 29 15 12 10 5
1633937995.903 48 34 31 17 13 14 7
1633937996.154 47 35 26 17 10 12 5
1633937996.405 47 33 27 16 11 12 7
1633937996.654 46 33 27 16 11 12 7
1633937996.904 47 33 29 17 13 10 3
1633937997.153 49 33 27 18 14 10 6
1633937997.403 47 37 28 17 13 11 5
1633937997.656 48 35 29 16 12 12 6
1633937997.904 48 35 29 19 15 11 7
1633937998.154 48 34 29 17 13 12 6
1633937998.411 46 32 28 19 12 13 6
1633937998.654 48 32 29 16 12 11 6
1633937998.906 49 34 28 16 12 11 6
1633937999.156 46 36 28 17 12 12 7
1633937999.405 47 34 28 16 12 12 5
1633937999.654 47 33 29 17 12 11 5
1633937999.905 46 33 27 16 11 12 7
1633938000.154 47 34 29 19 13 11 7
1633938000.409 49 33 28 17 11 13 5
1633938000.654 50 34 31 17 14 14 6
1633938000.905 47 34 28 17 13 12 6
1633938001.156 47 34 28 18 13 15 7
1633938001.405 47 35 30 15 14 12 5
1633938001.683 48 35 28 20 13 10 6
1633938001.905 48 34 28 18 11 12 5
1633938002.155 49 34 29 17 13 13 6
1633938002.405 48 37 26 16 15 12 4
1633938002.656 46 34 29 17 9 11 6
1633938002.908 48 34 29 17 13 12 6
1633938003.156 47 34 28 17 12 12 7
1633938003.406 45 33 27 20 11 12 7
1633938003.656 48 33 26 17 11 12 5
1633938003.905 47 33 30 16 15 11 5
1633938004.155 46 35 28 17 12 12 5
1633938004.403 46 33 27 17 11 10 7
1633938004.657 46 34 29 16 11 11 7
1633938004.904 47 35 27 17 12 10 10
1633938005.157 46 35 27 18 12 12 6
1633938005.406 47 33 27 16 11 12 5
1633938005.654 48 34 27 18 13 13 5
1633938005.906 49 33 29 20 11 14 6
1633938006.155 45 33 29 15 11 12 6
1633938006.404 48 34 28 15 12 11 5
1633938006.657 46 34 27 19 12 13 6
1633938006.906 45 33 28 17 11 12 7
1633938007.154 46 36 29 16 13 12 7
1633938007.405 47 34 28 20 12 11 7
1633938007.655 47 34 29 18 13 13 7
1633938007.906 46 33 30 20 12 14 6
1633938008.157 46 32 28 17 13 13 5
1633938008.405 46 34 30 18 14 11 9
1633938008.654 47 33 29 16 13 12 5
1633938008.904 46 33 31 18 13 14 5
1633938009.155 48 34 28 19 14 11 5
1633938009.405 48 33 31 17 12 11 6
1633938009.654 44 34 27 16 13 13 8
1633938009.905 46 33 29 19 14 10 5
1633938010.156 47 34 28 17 14 11 8
1633938010.405 48 36 27 19 11 12 6
1633938010.656 47 32 27 16 12 11 6
1633938010.907 47 33 28 17 13 11 6
1633938011.156 48 34 27 18 12 11 6
1633938011.407 45 35 29 18 12 11 5
1633938011.655 46 34 28 18 11 10 6
1633938011.906 49 34 27 19 12 10 6
1633938012.156 47 34 27 17 13 10 5
1633938012.404 47 33 29 17 11 12 6
1633938012.655 48 34 28 17 13 12 6
1633938012.905 51 32 29 18 13 13 6
1633938013.156 45 32 28 19 13 12 8
1633938013.406 47 34 29 18 13 13 7
1633938013.654 46 34 27 16 12 12 6
1633938013.904 48 33 27 18 13 13 4
1633938014.155 46 33 28 19 13 10 6
1633938014.405 47 35 31 19 12 10 8
1633938014.655 45 34 28 16 12 11 6
1633938014.904 46 35 27 19 13 13 6
1633938015.155 46 34 26 16 10 11 5
1633938015.405 48 33 28 18 12 9 5
1633938015.655 49 33 29 16 13 12 8
1633938015.907 46 34 27 17 15 12 6
1633938016.155 46 35 28 16 11 11 4
1633938016.406 45 35 28 18 12 13 6
1633938016.656 48 34 27 19 12 12 8
1633938016.907 47 33 26 18 13 13 9
1633938017.154 49 34 30 17 13 12 7
1633938017.406 48 32 26 19 14 11 5
1633938017.657 47 35 26 18 12 13 5
1633938017.905 46 33 28 16 14 11 6
1633938018.158 44 33 28 17 13 12 9
1633938018.415 46 33 28 16 11 12 7
1633938018.654 45 32 25 18 13 11 7
1633938018.912 46 35 27 17 12 11 9
1633938019.158 47 34 29 16 12 13 5
1633938019.404 49 33 30 18 12 12 6
1633938019.657 47 34 27 17 13 10 5
1633938019.909 47 34 28 17 13 11 4
1633938020.156 47 36 28 17 13 13 7
1633938020.408 47 33 29 20 13 10 7
1633938020.657 45 33 27 18 13 13 4
1633938020.904 46 35 27 16 12 9 6
1633938021.160 47 34 29 21 14 8 8
1633938021.407 48 35 29 17 12 11 6
1633938021.656 51 31 29 18 13 9 7
1633938021.907 48 34 28 17 14 10 7
1633938022.156 45 34 29 17 12 11 4
1633938022.405 47 33 28 17 12 14 4
1633938022.655 46 34 29 17 12 14 6
1633938022.908 47 33 30 17 11 11 7
1633938023.155 48 34 30 18 12 13 6
1633938023.408 45 35 26 15 14 12 4
1633938023.658 46 32 28 18 12 13 6
1633938023.905 46 33 28 16 12 11 5
1633938024.158 47 33 29 19 15 13 5
1633938024.406 48 33 27 16 12 13 4
1633938024.656 47 34 28 16 12 11 7
1633938024.909 48 32 28 17 11 14 7
1633938025.155 46 34 27 17 10 12 4
1633938025.405 46 33 27 17 13 11 7
1633938025.657 46 33 29 16 11 10 6
1633938025.905 50 33 26 15 11 13 5
1633938026.157 46 34 27 18 13 11 6
1633938026.406 47 33 27 16 12 11 7
1633938026.656 47 31 30 16 12 12 5
1633938026.906 48 35 27 17 11 12 8
1633938027.156 48 33 26 17 11 10 6
1633938027.405 48 32 28 15 11 11 6
1633938027.657 48 33 25 18 13 11 8
1633938027.907 49 33 29 17 13 11 5
1633938028.156 48 34 29 17 12 10 7
1633938028.408 49 32 26 17 11 12 6
1633938028.656 47 33 29 18 10 11 8
1633938028.905 47 35 28 16 10 11 7
1633938029.157 48 32 27 16 13 11 6
1633938029.406 47 32 29 16 12 14 5
1633938029.656 44 33 27 17 11 10 7
1633938029.913 47 32 27 17 13 16 6
1633938030.155 45 35 29 17 11 11 5
1633938030.407 45 35 28 15 11 11 7
1633938030.658 47 35 28 16 13 12 6
1633938030.905 45 32 31 16 13 14 6
1633938031.156 46 34 27 18 14 10 5
1633938031.406 48 34 30 16 14 12 7
1633938031.659 47 34 27 18 14 13 6
1633938031.908 46 33 25 17 13 13 7
1633938032.155 48 34 28 18 12 11 8
1633938032.406 48 36 29 17 13 12 5
1633938032.655 46 34 30 17 11 11 7
1633938032.908 48 33 30 17 15 13 6
1633938033.156 47 32 28 17 13 11 5
1633938033.407 46 32 27 18 11 13 6
1633938033.657 49 34 29 17 12 11 4
1633938033.908 44 35 28 17 11 9 7
1633938034.155 46 33 27 16 13 10 7
1633938034.407 46 35 28 17 13 14 5
1633938034.656 46 33 28 18 11 12 6
1633938034.906 48 34 27 16 13 11 5
1633938035.157 46 35 28 16 15 11 3
1633938035.405 48 32 28 18 14 13 7
1633938035.655 46 34 27 18 13 12 6
1633938035.907 48 33 29 15 12 11 7
1633938036.157 47 33 28 17 13 12 7
1633938036.406 46 33 27 17 12 10 7
1633938036.671 48 32 28 17 14 10 7
1633938036.906 48 32 27 16 14 10 4
1633938037.155 46 32 27 17 11 11 5
1633938037.422 46 31 27 17 14 10 5
1633938037.656 47 35 30 18 12 11 8
1633938037.906 45 33 28 17 12 11 7
1633938038.158 48 33 29 17 11 11 5
1633938038.406 48 33 27 18 11 11 6
1633938038.661 47 31 32 20 12 11 7
1633938038.912 48 34 29 16 10 10 7
1633938039.156 46 33 27 17 14 13 5
1633938039.414 47 35 28 17 14 9 6
1633938039.661 47 34 27 17 12 11 6
1633938039.907 48 34 28 16 13 14 5
1633938040.156 51 32 27 18 12 11 5
1633938040.412 48 34 28 17 12 8 5
1633938040.656 47 31 26 18 11 13 5
1633938040.910 48 34 27 17 14 13 6
1633938041.160 46 34 27 17 12 12 5
1633938041.406 48 37 27 16 12 13 7
1633938041.658 47 34 29 17 13 13 9
1633938041.910 47 33 28 17 12 16 6
1633938042.158 45 33 25 17 12 12 7
1633938042.411 47 33 28 19 11 13 5
1633938042.658 47 33 28 17 11 13 6
1633938042.906 46 33 29 16 13 12 6
1633938043.165 47 37 30 19 12 13 7
1633938043.408 47 33 28 18 11 12 5
1633938043.657 47 33 29 17 11 11 6
1633938043.909 47 33 28 18 15 11 9
1633938044.157 46 33 28 17 12 11 5
1633938044.422 49 30 27 19 13 11 7
1633938044.661 48 35 28 18 12 11 5
1633938044.908 48 35 29 16 11 12 5
1633938045.164 48 33 26 16 14 10 8
1633938045.409 46 35 25 17 12 12 6
1633938045.658 47 35 28 16 13 11 6
1633938045.910 48 32 27 17 12 12 4
1633938046.157 47 33 30 17 12 11 7
1633938046.412 48 34 29 18 11 11 3
1633938046.658 49 34 27 17 11 12 6
1633938046.906 47 34 28 18 12 12 6
1633938047.160 46 33 29 19 10 13 4
1633938047.407 47 32 29 15 13 12 5
1633938047.656 46 33 27 17 11 12 5
1633938047.908 48 36 28 19 13 12 5
1633938048.158 46 33 30 19 13 13 7
1633938048.410 47 37 29 15 14 12 6
1633938048.659 48 34 28 17 12 11 6
1633938048.908 46 33 26 17 12 11 4
1633938049.156 47 33 28 16 11 13 8
1633938049.409 46 34 26 17 12 12 5
1633938049.657 46 34 29 17 12 11 6
1633938049.908 47 32 27 18 13 13 7
1633938050.160 45 32 29 17 12 13 7
1633938050.408 47 35 26 17 11 12 5
1633938050.657 48 35 28 20 12 9 7
1633938050.907 46 34 26 18 12 12 4
1633938051.159 46 33 28 15 12 12 6
1633938051.406 45 35 28 16 13 11 4
1633938051.659 45 34 28 16 13 11 8
1633938051.909 48 33 28 17 11 12 5
1633938052.157 46 33 27 18 13 12 7
1633938052.410 47 32 27 16 13 12 5
1633938052.657 46 34 28 16 13 12 8
1633938052.906 46 34 26 18 14 10 5
1633938053.160 46 33 28 18 11 12 4
1633938053.410 44 35 29 18 12 11 8
1633938053.657 45 32 29 18 13 11 7
1633938053.911 47 33 27 18 14 13 5
1633938054.158 48 33 26 16 12 10 5
1633938054.410 49 35 29 17 13 12 7
1633938054.658 45 36 29 17 12 11 4
1633938054.907 49 32 27 17 12 10 5
1633938055.157 47 34 28 16 11 13 6
1633938055.406 46 33 27 19 11 11 7
1633938055.657 46 34 27 17 14 11 6
1633938055.910 46 33 28 16 13 12 4
1633938056.159 46 35 27 15 10 14 5
1633938056.408 46 32 27 17 11 11 7
1633938056.657 44 36 27 19 11 10 5
1633938056.908 46 32 26 17 13 13 8
1633938057.156 48 32 29 16 12 13 7
1633938057.407 48 35 27 18 14 11 7
1633938057.670 47 32 30 17 11 11 9
1633938057.907 47 35 27 17 13 11 9
1633938058.157 47 34 27 19 13 10 4
1633938058.412 46 33 27 17 11 12 6
1633938058.659 45 33 28 17 12 12 6
1633938058.907 46 33 27 17 11 9 5
1633938059.158 47 33 26 18 11 13 7
1633938059.413 47 35 27 16 13 11 5
1633938059.660 46 32 27 18 12 12 6
1633938059.907 47 32 29 17 12 11 7
1633938060.162 46 34 30 18 11 11 7
1633938060.409 48 35 29 16 11 13 5
1633938060.657 46 32 28 17 11 12 8
1633938060.910 46 32 27 16 13 11 6
1633938061.160 47 32 27 17 11 11 7
1633938061.408 45 36 28 18 13 13 7
1633938061.660 48 33 28 16 13 12 5
1633938061.908 46 33 28 17 14 11 7
1633938062.157 46 33 29 18 10 12 4
1633938062.408 46 33 28 16 11 10 5
1633938062.658 47 34 30 16 13 13 8
1633938062.908 46 35 29 18 11 12 6
1633938063.159 49 35 29 17 11 13 5
1633938063.408 48 34 28 16 11 11 7
1633938063.661 48 35 27 19 14 9 6
1633938063.911 48 33 26 20 12 11 5
1633938064.157 46 32 27 16 11 12 8
1633938064.409 49 33 28 18 12 12 6
1633938064.661 45 35 30 15 12 12 5
1633938064.908 46 34 28 16 11 12 8
1633938065.172 46 32 28 16 12 14 6
1633938065.408 48 34 27 17 13 11 7
1633938065.661 45 34 29 20 13 10 7
1633938065.911 46 33 27 17 13 12 8
1633938066.159 49 32 28 17 12 13 8
1633938066.410 47 34 27 17 12 10 5
1633938066.660 45 36 31 17 12 12 5
1633938066.908 47 35 27 17 13 11 6
1633938067.157 45 36 29 17 13 12 7
1633938067.409 48 33 26 19 13 10 6
1633938067.657 47 36 27 17 12 13 5
1633938067.913 47 32 27 18 11 10 5
1633938068.160 45 33 28 18 12 15 5
1633938068.408 47 33 30 16 13 14 8
1633938068.662 45 35 28 17 14 11 5
1633938068.907 48 33 29 19 13 13 5
1633938069.166 47 35 29 16 15 12 7
1633938069.412 47 33 25 17 12 10 6
1633938069.659 49 33 26 17 13 11 6
1633938069.908 45 34 29 18 12 11 6
1633938070.159 44 34 27 16 13 11 5
1633938070.410 46 33 28 17 12 10 7
1633938070.661 46 32 31 16 12 12 6
1633938070.911 46 33 26 16 13 11 6
1633938071.161 47 36 29 19 12 13 5
1633938071.409 45 37 29 16 11 10 6
1633938071.659 45 33 27 18 13 14 7
1633938071.908 46 34 29 17 14 11 6
1633938072.157 48 33 26 17 12 11 7
1633938072.408 47 32 26 17 12 11 6
1633938072.660 49 32 29 16 13 11 7
1633938072.909 45 34 29 17 12 12 5
1633938073.159 46 34 28 16 12 13 7
1633938073.411 47 31 28 19 11 11 7
1633938073.659 46 33 29 17 13 11 5
1633938073.909 46 35 32 16 13 11 6
1633938074.160 49 34 27 20 12 12 5
1633938074.408 47 33 28 17 11 11 6
1633938074.659 49 35 29 16 10 11 7
1633938074.908 50 36 28 16 12 11 4
1633938075.159 47 32 29 17 12 12 6
1633938075.408 45 32 28 16 14 10 7
1633938075.658 46 33 27 16 12 13 6
1633938075.909 47 35 26 19 12 9 9
1633938076.158 47 35 27 20 12 13 7
1633938076.411 49 32 27 16 13 13 7
1633938076.658 46 32 27 18 12 12 4
1633938076.908 47 33 29 16 14 13 6
1633938077.159 46 34 31 17 13 11 7
1633938077.409 46 33 28 17 14 14 5
1633938077.659 48 32 29 18 12 10 6
1633938077.914 45 35 27 17 12 14 6
1633938078.160 45 32 29 20 15 11 5
1633938078.408 45 32 27 16 13 12 5
1633938078.660 46 33 26 16 14 12 6
1633938078.908 46 34 27 18 12 11 3
1633938079.159 45 35 28 19 11 11 5
1633938079.421 47 35 27 18 11 12 4
1633938079.661 48 33 30 17 11 11 4
1633938079.909 47 35 28 16 11 12 5
1633938080.159 48 33 30 17 11 13 6
1633938080.411 47 34 28 17 13 12 6
1633938080.658 49 35 27 18 12 14 5
1633938080.909 47 34 27 20 12 12 5
1633938081.164 46 33 28 17 11 13 8
1633938081.409 46 33 28 17 13 11 8
1633938081.674 49 35 27 16 14 11 8
1633938081.910 45 34 28 17 13 12 5
1633938082.159 45 33 28 18 12 14 7
1633938082.415 46 33 29 19 12 12 7
1633938082.662 46 33 28 17 13 11 6
1633938082.909 49 34 27 16 14 15 5
1633938083.168 46 34 27 17 16 12 5
1633938083.410 47 33 28 16 12 11 7
1633938083.658 48 34 27 18 13 13 6
1633938083.909 47 34 26 17 15 12 6
1633938084.160 46 33 27 18 13 12 6
1633938084.410 46 34 29 18 10 12 7
1633938084.663 46 32 29 16 14 10 6
1633938084.910 47 34 28 18 13 13 6
1633938085.159 49 34 28 16 11 12 6
1633938085.434 47 35 28 16 14 12 7
1633938085.661 48 34 27 19 12 13 6
1633938085.909 46 35 28 18 12 16 7
1633938086.162 46 32 27 19 10 11 6
1633938086.411 47 35 28 17 12 14 6
1633938086.659 44 33 26 16 12 11 5
1633938086.915 46 34 30 16 12 13 6
1633938087.159 48 34 29 17 12 12 5
1633938087.412 45 35 28 19 12 10 4
1633938087.666 46 34 30 16 13 11 7
1633938087.908 47 32 27 16 11 13 6
1633938088.160 46 33 28 18 13 12 7
1633938088.409 46 34 28 17 12 12 5
1633938088.661 46 36 28 17 11 11 5
1633938088.911 47 34 28 18 14 12 6
1633938089.161 46 33 28 18 12 12 7
1633938089.411 46 33 29 16 12 10 7
1633938089.660 46 34 28 18 12 12 7
1633938089.910 47 32 27 17 11 12 5
1633938090.161 47 32 27 16 12 12 5
1633938090.410 47 35 27 17 12 12 7
1633938090.659 45 33 30 16 13 13 6
1633938090.909 45 34 28 17 11 13 6
1633938091.159 47 32 28 18 11 12 6
1633938091.414 48 33 26 17 12 11 6
1633938091.665 45 34 29 16 13 12 5
1633938091.909 46 35 27 19 12 15 5
1633938092.162 47 34 28 20 10 14 4
1633938092.412 48 33 30 17 10 11 6
1633938092.659 46 34 25 18 11 12 7
1633938092.910 45 33 28 18 13 13 6
1633938093.162 46 33 27 18 13 12 7
1633938093.410 46 32 28 18 12 11 6
1633938093.659 45 32 28 17 12 12 7
1633938093.912 47 34 27 17 14 12 6
1633938094.159 46 31 27 18 15 13 5
1633938094.413 45 34 26 16 15 11 6
1633938094.661 47 36 28 17 12 10 5
1633938094.910 47 34 28 15 12 14 5
1633938095.161 46 32 27 17 10 11 8
1633938095.410 46 35 29 15 13 12 5
1633938095.662 48 33 28 18 12 13 5
1633938095.910 47 34 28 18 14 13 6
1633938096.159 45 34 29 17 13 11 6
1633938096.410 44 34 27 17 12 11 6
1633938096.661 48 33 27 17 11 11 7
1633938096.909 46 33 28 18 13 13 5
1633938097.159 51 35 27 18 12 11 8
1633938097.410 46 36 30 17 12 11 6
1633938097.662 44 34 27 17 14 15 10
1633938097.911 49 36 28 18 14 12 7
1633938098.161 46 33 28 18 14 12 6
1633938098.409 49 34 28 17 11 13 5
1633938098.659 45 35 27 17 13 12 4
1633938098.910 45 32 27 17 12 9 6
1633938099.160 46 36 28 17 12 12 6
1633938099.411 46 35 27 17 11 10 9
1633938099.659 48 34 26 16 14 11 5
1633938099.910 47 34 30 17 12 10 6
1633938100.162 45 32 29 18 12 12 6
1633938100.410 51 37 27 18 12 12 7
1633938100.659 48 34 28 16 11 13 6
1633938100.914 48 33 28 17 11 11 5
1633938101.159 48 33 27 18 12 12 6
1633938101.410 45 33 28 17 14 14 5
1633938101.663 47 34 27 17 12 10 8
1633938101.910 50 35 29 17 12 11 7
1633938102.161 47 33 29 15 14 11 7
1633938102.412 46 33 27 18 13 13 5
1633938102.660 47 35 32 17 14 12 5
1633938102.917 46 32 30 18 15 11 7
1633938103.166 46 34 28 19 13 11 5
1633938103.410 46 36 28 16 13 12 5
1633938103.663 45 33 27 15 11 16 4
1633938103.912 46 34 30 18 11 11 5
1633938104.161 46 35 29 17 12 13 7
1633938104.410 45 36 28 16 13 12 9
1633938104.662 44 33 28 17 13 11 5
1633938104.912 47 36 30 17 12 11 9
1633938105.161 46 34 27 18 12 12 6
1633938105.410 46 34 28 18 10 14 6
1633938105.664 47 35 30 15 11 12 6
1633938105.911 46 33 28 16 11 13 6
1633938106.160 46 34 29 18 12 11 7
1633938106.411 45 34 26 21 11 12 7
1633938106.660 47 33 29 17 10 13 5
1633938106.910 47 37 28 18 11 14 6
1633938107.161 47 36 28 17 13 11 4
1633938107.411 47 34 27 16 11 13 6
1633938107.660 46 35 28 18 13 12 5
1633938107.911 45 34 26 17 11 16 7
1633938108.164 46 37 29 16 12 15 7
1633938108.410 45 35 29 18 13 11 7
1633938108.662 49 33 27 20 11 13 7
1633938108.910 46 33 27 18 12 11 4
1633938109.160 47 33 26 16 11 11 4
1633938109.411 46 33 28 15 10 12 8
1633938109.663 49 33 27 16 11 14 7
1633938109.917 45 33 29 17 10 12 5
1633938110.161 46 32 26 18 11 13 7
1633938110.411 46 33 27 17 13 11 6
1633938110.661 46 34 30 17 12 11 6
1633938110.910 46 32 28 17 11 12 7
1633938111.162 45 33 27 17 12 13 6
1633938111.412 46 36 27 19 11 11 6
1633938111.660 47 34 27 17 14 10 5
1633938111.911 46 35 27 17 10 12 4
1633938112.166 45 37 26 16 13 11 6
1633938112.411 46 33 29 19 12 13 7
1633938112.663 46 34 29 16 14 15 6
1633938112.913 45 34 31 16 12 12 7
1633938113.160 46 33 29 18 13 12 7
1633938113.410 47 35 27 18 12 10 5
1633938113.664 45 33 28 16 12 13 8
1633938113.911 46 33 31 17 12 13 7
1633938114.161 47 36 27 18 14 12 7
1633938114.412 49 36 28 18 13 13 7
1633938114.663 46 34 27 16 11 12 8
1633938114.911 48 32 27 18 14 13 6
1633938115.162 46 34 27 16 12 12 6
1633938115.411 46 33 26 17 12 12 7
1633938115.662 45 34 29 17 11 12 6
1633938115.912 46 35 27 18 10 12 6
1633938116.161 45 33 29 17 12 12 6
1633938116.413 45 36 26 17 12 14 5
1633938116.661 45 32 27 17 13 13 7
1633938116.910 45 33 26 18 12 11 8
1633938117.160 46 33 27 15 12 14 5
1633938117.411 50 34 28 16 11 11 7
1633938117.660 46 34 27 18 11 11 6
1633938117.911 47 34 28 17 9 11 6
1633938118.161 44 33 31 17 11 12 7
1633938118.411 46 34 28 15 13 12 4
1633938118.680 46 33 30 17 11 10 6
1633938118.913 48 34 27 18 12 11 7
1633938119.161 46 33 28 17 12 15 7
1633938119.416 47 37 28 18 11 13 5
1633938119.661 46 35 29 19 12 12 6
1633938119.911 46 34 27 17 12 13 6
1633938120.161 49 33 28 18 12 12 5
1633938120.410 47 33 29 18 11 11 6
1633938120.661 49 35 28 17 11 11 6
1633938120.924 47 33 27 17 12 12 7
1633938121.161 44 34 28 15 12 13 8
1633938121.411 47 34 26 19 11 13 7
1633938121.665 46 34 26 14 11 13 8
1633938121.910 48 33 27 16 11 10 8
1633938122.164 49 36 25 17 13 12 5
1633938122.413 47 35 28 16 12 13 6
1633938122.660 46 34 29 16 11 11 4
1633938122.912 47 34 28 16 11 11 6
1633938123.161 48 34 28 16 11 14 6
1633938123.412 47 33 27 17 12 13 7
1633938123.662 46 34 28 17 12 13 7
1633938123.913 48 35 28 17 11 15 7
1633938124.164 45 34 26 18 11 10 6
1633938124.412 47 35 29 16 13 10 6
1633938124.661 47 33 30 16 11 13 6
1633938124.912 47 34 29 18 12 12 7
1633938125.163 47 33 27 16 12 11 6
1633938125.416 48 34 29 16 12 12 6
1633938125.663 46 34 28 16 13 14 5
1633938125.912 47 32 29 16 12 11 5
1633938126.162 48 34 29 17 13 10 6
1633938126.412 44 33 28 14 14 11 3
1633938126.661 46 35 26 17 13 14 6
1633938126.913 48 37 30 17 11 14 5
1633938127.162 49 36 30 17 11 13 5
1633938127.411 48 33 29 18 12 12 6
1633938127.672 52 34 30 17 13 16 7
1633938127.913 46 34 26 17 12 10 5
1633938128.163 47 34 28 17 10 11 6
1633938128.413 47 35 30 17 11 12 7
1633938128.662 46 33 28 15 12 15 5
1633938128.912 47 37 27 16 14 11 5
1633938129.164 45 36 28 18 12 12 6
1633938129.412 48 34 28 17 11 12 6
1633938129.666 47 34 29 18 10 10 6
1633938129.911 46 32 28 18 10 13 6
1633938130.161 47 34 28 18 12 10 4
1633938130.413 46 36 29 19 12 11 5
1633938130.662 46 33 28 17 11 14 6
1633938130.911 46 34 26 15 12 9 5
1633938131.166 45 32 27 17 11 11 7
1633938131.412 47 36 28 17 11 13 5
1633938131.661 47 34 28 17 11 10 5
1633938131.912 46 35 25 18 11 9 4
1633938132.163 47 36 28 17 12 12 7
1633938132.412 45 35 29 16 10 11 6
1633938132.662 49 37 27 16 12 15 7
1633938132.913 45 36 29 15 10 13 6
1633938133.163 46 33 28 19 13 10 6
1633938133.413 46 36 28 17 11 13 7
1633938133.663 44 35 29 18 12 11 7
1633938133.913 46 34 29 19 11 13 6
1633938134.163 47 32 29 17 10 12 5
1633938134.413 49 33 27 19 13 12 7
1633938134.661 47 31 27 19 11 13 5
1633938134.911 48 32 27 17 13 11 6
1633938135.162 46 33 28 17 12 11 5
1633938135.414 47 35 28 18 12 13 6
1633938135.664 46 36 27 18 12 14 7
1633938135.913 48 34 27 18 12 14 6
1633938136.163 47 36 26 18 12 12 6
1633938136.412 47 34 26 17 13 12 6
1633938136.661 48 34 28 16 11 12 6
1633938136.913 46 37 27 18 12 14 6
1633938137.165 46 32 26 17 12 12 6
1633938137.411 46 34 25 16 10 14 6
1633938137.663 45 34 26 18 12 13 7
1633938137.913 47 34 28 17 12 12 8
1633938138.164 46 35 26 16 11 12 8
1633938138.413 44 37 28 17 11 12 5
1633938138.664 46 33 25 16 11 12 3
1633938138.913 48 36 27 17 14 13 5
1633938139.163 47 33 28 16 13 13 6
1633938139.411 46 33 27 17 11 11 7
1633938139.684 46 34 26 17 13 13 8
1633938139.911 48 32 27 17 13 12 5
1633938140.165 48 33 28 16 14 12 7
1633938140.415 46 34 27 21 12 12 6
1633938140.672 48 34 28 18 12 12 5
1633938140.916 48 35 30 16 12 13 6
1633938141.162 45 34 29 18 12 14 4
1633938141.413 48 33 29 18 12 12 6
1633938141.663 47 34 28 16 12 13 6
1633938141.912 47 34 28 17 11 12 7
1633938142.163 47 34 26 17 14 13 7
1633938142.412 47 33 30 20 12 16 7
1633938142.664 46 35 28 19 12 13 5
1633938142.916 47 33 28 16 10 12 8
1633938143.162 47 33 28 18 13 14 6
1633938143.416 46 35 28 17 11 12 5
1633938143.665 47 34 28 16 12 13 6
1633938143.915 45 35 28 16 11 12 6
1633938144.164 46 33 29 15 11 14 8
1633938144.412 48 35 27 19 12 12 7
1633938144.663 48 34 29 16 14 12 5
1633938144.916 46 33 29 18 13 15 6
1633938145.162 45 33 26 18 9 15 6
1633938145.416 45 34 28 17 10 14 5
1633938145.664 48 33 31 17 12 13 7
1633938145.913 48 34 29 16 11 12 6
1633938146.167 47 33 29 18 10 11 6
1633938146.413 45 34 28 17 11 13 7
1633938146.662 47 33 30 18 12 13 6
1633938146.915 47 34 29 16 11 11 5
1633938147.166 46 34 28 20 11 9 7
1633938147.413 47 34 30 17 9 10 5
1633938147.664 47 33 31 19 10 11 7
1633938147.914 46 33 29 16 12 11 6
1633938148.162 46 35 28 16 10 13 7
1633938148.416 50 33 28 17 12 12 6
1633938148.665 46 37 26 16 10 11 7
1633938148.914 49 34 27 17 12 12 7
1633938149.164 47 35 28 20 11 12 7
1633938149.414 46 35 28 18 12 11 6
1633938149.666 46 33 27 18 13 14 5
1633938149.916 47 35 27 17 11 15 9
1633938150.163 46 32 29 17 13 12 8
1633938150.415 46 34 28 18 10 14 6
1633938150.669 46 34 27 16 12 12 6
1633938150.914 47 34 27 18 10 11 7
1633938151.164 47 33 27 20 15 12 6
1633938151.414 45 33 27 18 12 12 5
1633938151.663 46 33 29 18 12 13 6
1633938151.912 47 36 30 20 11 11 7
1633938152.165 47 33 28 19 11 11 6
1633938152.416 48 33 27 19 12 12 6
1633938152.664 46 33 29 18 11 11 7
1633938152.912 47 33 29 18 9 12 6
1633938153.164 45 35 28 16 11 12 6
1633938153.414 46 35 28 19 12 13 3
1633938153.664 48 32 26 17 11 13 6
1633938153.914 46 35 27 18 12 12 4
1633938154.168 46 34 28 17 13 11 6
1633938154.412 47 36 28 19 11 11 5
1633938154.664 45 33 27 17 10 14 5
1633938154.913 48 34 27 18 12 12 6
1633938155.165 47 36 26 20 11 12 6
1633938155.413 47 34 28 21 12 12 6
1633938155.665 46 34 29 17 9 12 6
1633938155.916 46 32 30 19 12 13 6
1633938156.166 47 35 26 17 12 10 6
1633938156.416 50 32 29 20 13 12 6
1633938156.664 46 34 27 18 11 12 6
1633938156.915 46 33 29 18 10 12 5
1633938157.163 46 32 26 18 12 11 7
1633938157.416 45 33 28 18 13 13 4
1633938157.665 47 35 26 19 12 11 6
1633938157.913 47 33 29 18 12 12 6
1633938158.163 47 32 27 16 12 11 8
1633938158.415 47 32 29 18 11 12 6
1633938158.665 46 35 26 17 11 11 6
1633938158.914 48 33 26 17 13 10 5
1633938159.164 45 36 27 18 14 11 6
1633938159.415 45 33 30 18 11 12 8
1633938159.668 47 34 27 17 13 12 7
1633938159.916 48 33 28 17 13 11 5
1633938160.166 46 33 27 17 10 12 6
1633938160.413 47 34 29 17 13 12 6
1633938160.682 47 35 28 17 15 12 5
1633938160.913 48 34 26 16 12 11 5
1633938161.164 45 35 26 17 13 12 6
1633938161.414 46 34 29 17 13 12 10
1633938161.663 46 34 26 21 12 13 6
1633938161.913 48 36 27 16 13 12 5
1633938162.169 47 33 27 18 14 12 5
1633938162.414 47 34 28 17 12 13 6
1633938162.663 47 35 26 17 10 14 7
1633938162.913 47 33 27 18 13 14 6
1633938163.164 44 32 28 16 13 13 6
1633938163.415 45 32 27 18 14 13 5
1633938163.667 45 33 27 18 9 12 5
1633938163.914 46 35 28 16 11 14 4
1633938164.166 45 32 27 17 12 12 7
1633938164.417 47 32 28 17 13 14 5
1633938164.664 46 33 30 16 12 14 5
1633938164.913 46 36 29 18 10 12 5
1633938165.163 46 33 28 17 11 12 6
1633938165.414 47 32 28 15 9 12 5
1633938165.670 46 34 29 18 10 13 6
1633938165.914 46 35 28 16 12 12 5
1633938166.164 46 33 29 17 11 12 7
1633938166.415 46 33 27 18 13 13 7
1633938166.664 47 35 27 16 12 13 7
1633938166.915 47 33 29 16 13 13 6
1633938167.169 49 37 29 18 10 12 9
1633938167.413 48 32 27 17 10 12 5
1633938167.663 46 33 27 19 12 14 4
1633938167.914 48 33 26 17 11 10 8
1633938168.163 47 35 27 19 10 11 7
1633938168.415 46 33 26 18 11 13 6
1633938168.663 47 33 28 17 12 11 5
1633938168.915 45 33 27 18 11 13 6
1633938169.164 46 32 29 17 12 10 6
