1633935986.490 49 33 28 19 13 10 6
1633935991.827 47 34 27 21 11 10 4
1633935991.828 49 32 26 18 13 9 4
1633935991.828 47 32 26 18 13 9 4
1633935991.829 46 32 28 19 14 9 5
1633935991.830 48 33 26 18 13 11 6
1633935991.830 46 33 30 20 13 11 5
1633935991.831 46 33 28 21 14 10 6
1633935991.832 46 32 26 18 12 10 7
1633935991.833 47 33 27 18 12 10 5
1633935991.834 45 35 28 18 12 13 5
1633935991.835 47 34 28 18 16 10 6
1633935991.835 46 31 28 20 12 10 5
1633935991.836 48 30 27 18 13 12 7
1633935991.836 45 33 27 19 14 10 8
1633935991.837 45 33 28 19 13 11 6
1633935991.837 47 31 27 19 13 11 6
1633935991.838 49 34 28 19 11 11 4
1633935991.838 46 33 31 19 11 10 8
1633935991.839 48 34 28 21 11 13 5
1633935991.839 48 32 28 19 13 9 6
1633935991.993 47 32 27 18 12 10 8
1633935992.241 46 31 29 18 11 9 7
1633935992.492 48 33 28 19 10 11 7
1633935992.741 47 32 27 21 12 12 9
1633935992.989 46 33 26 18 12 10 7
1633935993.240 50 33 30 20 12 10 5
1633935993.489 48 34 28 21 16 10 6
1633935993.742 46 32 27 18 12 11 7
1633935993.994 47 31 27 20 13 10 7
1633935994.240 48 32 27 18 12 9 8
1633935994.490 47 31 26 18 12 10 7
1633935994.742 49 32 32 20 13 11 10
1633935994.990 47 32 28 19 14 14 7
1633935995.240 48 33 27 20 12 11 11
1633935995.489 48 33 26 18 13 12 6
1633935995.742 50 34 28 18 12 11 7
1633935995.990 50 32 30 19 12 12 6
1633935996.245 46 36 28 18 12 10 6
1633935996.492 48 34 27 18 13 12 7
1633935996.741 48 32 28 17 15 11 8
1633935996.991 46 34 27 19 13 11 7
1633935997.240 47 35 26 18 12 11 4
1633935997.492 46 33 28 19 12 12 7
1633935997.744 45 33 27 21 13 9 4
1633935997.990 47 32 25 19 12 10 8
1633935998.240 46 32 26 20 12 9 5
1633935998.490 46 33 29 19 13 12 6
1633935998.742 45 35 28 21 14 11 7
1633935998.991 49 33 29 18 11 12 7
1633935999.239 48 33 27 19 12 11 7
1633935999.491 46 32 29 19 13 10 7
1633935999.741 46 32 27 19 15 11 6
1633935999.990 47 33 27 20 12 10 6
1633936000.244 46 34 28 20 13 10 6
1633936000.493 47 31 26 19 12 8 6
1633936000.739 49 32 28 18 11 12 6
1633936000.993 46 31 29 18 12 10 7
1633936001.253 47 31 27 19 13 9 5
1633936001.490 46 33 28 18 12 11 6
1633936001.740 47 34 27 19 11 10 7
1633936001.992 47 33 28 21 13 11 6
1633936002.240 48 32 28 19 13 10 8
1633936002.490 48 32 28 20 13 9 5
1633936002.742 49 33 26 18 15 10 7
1633936002.992 46 33 27 20 12 9 6
1633936003.243 48 33 26 19 13 10 9
1633936003.490 46 33 26 20 11 10 6
1633936003.741 48 31 28 20 11 9 6
1633936003.993 48 31 27 20 14 10 9
1633936004.240 46 32 27 22 10 9 7
1633936004.492 45 30 28 19 12 11 6
1633936004.747 47 35 28 18 13 10 7
1633936004.990 47 32 28 20 11 11 7
1633936005.241 46 32 25 20 12 9 7
1633936005.492 48 33 26 20 13 12 7
1633936005.740 47 32 28 20 12 13 7
1633936005.995 48 32 26 19 12 10 5
1633936006.242 47 31 27 18 12 10 7
1633936006.492 47 34 31 20 12 10 6
1633936006.742 46 33 28 19 13 10 6
1633936006.991 47 31 28 19 12 10 6
1633936007.242 45 36 27 19 13 11 5
1633936007.491 45 32 26 18 11 12 7
1633936007.741 45 33 27 18 14 10 9
1633936007.993 46 33 27 21 12 11 5
1633936008.245 46 32 29 20 12 11 6
1633936008.494 48 32 27 18 13 10 7
1633936008.741 47 33 28 19 12 10 5
1633936008.990 49 33 28 18 11 12 5
1633936009.242 48 32 27 20 13 9 6
1633936009.491 48 31 28 18 14 10 5
1633936009.743 50 31 32 22 11 11 5
1633936009.997 47 33 27 19 11 11 6
1633936010.241 46 32 28 19 12 12 6
1633936010.492 48 32 29 17 14 11 5
1633936010.740 50 33 29 17 13 12 6
1633936010.994 48 32 26 20 13 12 7
1633936011.241 46 33 27 19 13 9 8
1633936011.494 49 33 27 17 14 10 4
1633936011.742 48 32 28 18 13 12 6
1633936011.991 48 33 29 19 13 10 5
1633936012.243 45 33 27 16 11 10 5
1633936012.491 48 32 28 19 15 9 7
1633936012.741 47 32 28 20 13 9 8
1633936012.998 46 33 29 18 14 11 5
1633936013.241 48 32 29 17 14 11 6
1633936013.491 45 32 27 20 13 10 6
1633936013.742 46 32 26 19 14 10 8
1633936013.991 46 32 27 19 13 12 8
1633936014.244 47 33 27 19 13 12 7
1633936014.490 48 31 28 20 13 9 7
1633936014.744 48 34 27 21 12 12 6
1633936014.990 48 31 27 19 13 11 8
1633936015.241 46 32 28 20 11 11 6
1633936015.492 49 33 28 20 14 10 6
1633936015.742 48 30 28 19 13 11 6
1633936015.995 48 33 27 20 16 8 7
1633936016.242 45 33 27 21 11 10 7
1633936016.492 49 33 28 20 14 11 5
1633936016.743 47 33 26 20 13 10 7
1633936016.994 48 34 29 19 12 9 5
1633936017.241 45 31 28 18 13 9 6
1633936017.492 44 34 26 18 15 9 5
1633936017.749 46 32 26 21 11 10 5
1633936017.991 48 32 29 19 12 12 7
1633936018.241 47 32 27 23 12 12 7
1633936018.492 45 34 28 19 11 9 6
1633936018.742 46 34 29 19 11 11 9
1633936018.993 48 32 29 19 13 10 6
1633936019.243 49 34 29 19 11 10 6
1633936019.491 49 37 28 18 12 10 6
1633936019.744 47 33 30 18 13 9 8
1633936019.992 47 31 27 19 11 14 6
1633936020.242 46 33 28 20 12 11 7
1633936020.493 48 33 29 16 12 10 7
1633936020.742 52 32 26 18 10 13 9
1633936020.992 48 32 29 21 13 9 7
1633936021.245 47 33 29 20 14 11 6
1633936021.492 46 35 26 20 13 12 7
1633936021.743 46 35 27 21 13 11 8
1633936021.991 49 33 28 18 12 8 8
1633936022.242 48 34 29 17 12 10 6
1633936022.509 47 33 27 19 17 10 7
1633936022.742 49 33 31 19 12 10 8
1633936022.992 47 32 27 19 12 11 6
1633936023.242 48 33 28 21 11 10 5
1633936023.495 46 33 27 19 11 10 6
1633936023.747 47 32 29 21 13 10 7
1633936023.992 46 31 28 20 13 12 4
1633936024.246 48 32 28 18 13 11 7
1633936024.492 47 33 28 20 13 11 5
1633936024.745 46 32 27 18 16 10 6
1633936024.993 47 34 27 17 12 11 6
1633936025.242 46 33 27 18 10 12 7
1633936025.505 51 33 27 18 11 9 5
1633936025.741 47 32 29 18 12 12 7
1633936025.996 46 35 27 19 13 12 7
1633936026.242 45 32 28 19 14 11 5
1633936026.492 46 33 27 19 13 10 6
1633936026.743 49 32 29 19 14 11 6
1633936026.992 48 34 29 20 11 10 6
1633936027.244 50 34 27 20 11 11 7
1633936027.492 47 34 25 20 10 9 6
1633936027.748 47 33 27 20 11 9 6
1633936027.994 48 32 29 19 14 10 6
1633936028.242 46 31 28 21 15 12 6
1633936028.511 46 35 29 17 14 12 7
1633936028.746 47 32 28 19 12 9 8
1633936028.993 49 32 28 19 12 10 5
1633936029.247 46 33 28 21 14 9 6
1633936029.492 47 33 27 19 12 12 6
1633936029.742 48 32 29 21 12 10 6
1633936030.000 49 33 29 21 13 9 5
1633936030.244 46 32 27 20 14 9 6
1633936030.496 46 33 27 19 12 10 6
1633936030.748 47 32 27 20 10 11 6
1633936030.994 48 33 31 18 12 10 5
1633936031.243 47 35 28 19 12 10 6
1633936031.494 46 30 27 19 10 10 6
1633936031.746 48 33 29 20 12 8 7
1633936031.993 49 32 28 19 11 9 5
1633936032.242 46 33 29 21 9 11 7
1633936032.493 48 33 30 20 11 10 7
1633936032.743 48 34 26 20 11 7 5
1633936032.992 46 32 28 18 12 11 8
1633936033.242 47 34 29 18 10 12 5
1633936033.494 49 32 27 19 11 10 7
1633936033.742 47 35 28 18 13 9 6
1633936033.996 47 31 28 20 11 9 5
1633936034.243 47 31 27 21 12 9 6
1633936034.493 45 34 29 18 9 10 6
1633936034.743 48 34 28 20 10 10 6
1633936034.993 47 32 28 18 9 11 8
1633936035.242 46 33 28 19 13 11 8
1633936035.494 49 34 28 17 12 12 6
1633936035.743 45 34 27 20 13 10 7
1633936035.994 49 31 29 18 12 12 7
1633936036.244 47 33 27 20 10 10 8
1633936036.493 46 31 27 18 10 10 5
1633936036.743 48 31 26 20 15 11 6
1633936036.994 47 33 28 19 14 11 6
1633936037.243 47 33 26 20 15 11 5
1633936037.493 47 35 29 20 12 14 10
1633936037.742 47 32 27 19 13 10 4
1633936037.993 47 35 27 18 13 9 9
1633936038.243 46 31 28 19 15 9 7
1633936038.494 47 33 29 19 12 12 7
1633936038.742 46 34 28 20 12 9 8
1633936038.993 47 33 28 20 13 11 5
1633936039.247 47 33 28 18 13 10 5
1633936039.498 46 31 28 19 12 10 5
1633936039.743 46 31 28 18 12 11 6
1633936039.992 47 32 29 19 12 12 6
1633936040.245 45 35 29 21 13 11 7
1633936040.492 48 31 28 18 11 10 7
1633936040.745 47 31 27 19 14 10 7
1633936040.992 47 34 27 19 13 12 7
1633936041.244 47 34 30 18 11 9 10
1633936041.498 46 34 26 17 11 10 6
1633936041.743 47 31 27 21 10 8 6
1633936041.992 49 31 29 19 10 9 6
1633936042.242 47 34 29 19 10 11 8
1633936042.494 48 32 26 20 14 10 5
1633936042.743 46 32 26 18 11 9 6
1633936042.993 47 30 28 18 11 10 6
1633936043.245 46 32 28 19 12 11 4
1633936043.493 46 32 28 20 11 10 6
1633936043.748 46 31 29 21 9 11 7
1633936043.995 49 33 26 22 12 11 6
1633936044.250 47 31 27 20 11 10 6
1633936044.492 48 32 27 17 11 10 5
1633936044.744 51 35 28 19 12 10 4
1633936044.992 48 32 27 19 12 9 7
1633936045.243 46 34 28 20 9 9 6
1633936045.492 47 33 28 21 10 12 7
1633936045.742 47 31 28 19 10 10 7
1633936045.993 46 32 29 20 12 9 6
1633936046.244 45 34 28 21 11 12 5
1633936046.494 48 33 27 21 12 10 8
1633936046.743 47 35 30 21 10 11 6
1633936046.994 50 31 30 19 11 8 5
1633936047.243 46 32 28 21 11 11 5
1633936047.493 45 33 26 22 10 11 6
1633936047.743 47 32 26 20 9 10 6
1633936047.993 46 32 28 18 9 9 5
1633936048.244 48 30 29 19 11 11 6
1633936048.493 49 32 29 20 9 9 6
1633936048.744 46 32 28 21 11 9 4
1633936049.000 48 33 30 19 9 10 6
1633936049.243 48 32 29 18 11 12 4
1633936049.493 46 34 27 18 9 11 7
1633936049.744 47 32 28 19 11 9 7
1633936049.995 48 31 27 19 12 11 6
1633936050.243 46 31 29 19 10 10 5
1633936050.493 46 32 27 18 9 11 6
1633936050.744 46 32 27 20 9 10 6
1633936051.001 47 33 29 18 10 11 7
1633936051.244 48 33 27 19 10 11 5
1633936051.494 47 35 29 18 10 10 6
1633936051.746 47 32 28 18 10 10 6
1633936051.994 46 33 29 20 10 11 7
1633936052.243 45 34 29 19 13 12 4
1633936052.497 49 33 29 18 9 10 7
1633936052.745 47 32 28 17 10 10 6
1633936052.994 47 31 27 20 9 12 7
1633936053.244 47 31 27 19 10 10 7
1633936053.497 48 31 27 19 10 11 5
1633936053.744 50 31 27 20 10 11 8
1633936053.994 48 34 28 18 11 9 6
1633936054.244 47 32 28 19 9 12 5
1633936054.494 47 33 29 21 10 10 4
1633936054.747 48 32 28 19 9 10 6
1633936054.994 48 31 25 18 10 10 5
1633936055.246 47 31 27 19 11 9 8
1633936055.494 47 32 30 19 10 10 6
1633936055.745 48 32 27 18 10 10 6
1633936055.996 46 33 26 20 12 10 3
1633936056.244 46 30 27 19 10 9 6
1633936056.494 47 32 28 19 11 10 6
1633936056.747 48 33 28 18 9 11 5
1633936056.993 47 33 30 20 11 13 7
1633936057.244 45 33 27 18 10 10 6
1633936057.494 46 31 26 17 12 10 6
1633936057.744 47 34 29 18 10 10 5
1633936057.999 47 32 26 19 9 10 9
1633936058.245 49 33 26 19 10 10 6
1633936058.502 47 35 26 19 10 9 4
1633936058.744 48 33 29 18 13 9 7
1633936058.996 48 32 27 20 13 11 7
1633936059.246 49 32 26 20 10 11 6
1633936059.493 47 34 27 20 11 10 7
1633936059.746 50 35 29 19 13 9 7
1633936059.995 46 32 28 17 12 10 6
1633936060.248 47 28 28 18 16 12 8
1633936060.494 49 33 27 17 10 10 4
1633936060.744 45 31 27 21 13 11 5
1633936060.994 48 32 27 17 12 11 5
1633936061.245 47 34 27 20 13 9 5
1633936061.494 47 30 27 20 12 11 6
1633936061.743 46 32 27 19 12 11 7
1633936061.996 46 32 29 19 12 10 6
1633936062.243 48 31 28 19 11 10 4
1633936062.496 47 33 28 20 13 10 5
1633936062.744 47 34 28 18 14 11 6
1633936062.994 46 32 27 20 13 10 6
1633936063.250 47 32 27 19 13 9 6
1633936063.494 46 32 30 20 11 11 9
1633936063.744 47 33 28 18 12 10 7
1633936063.994 47 31 28 19 13 10 6
1633936064.247 45 35 29 19 11 9 5
1633936064.497 48 32 27 20 14 11 5
1633936064.745 47 31 29 20 14 9 7
1633936064.994 50 31 27 18 13 9 7
1633936065.251 47 33 28 17 13 9 7
1633936065.498 47 33 29 19 11 8 5
1633936065.745 46 32 29 18 12 12 6
1633936065.999 49 32 29 18 12 10 8
1633936066.243 46 32 27 19 12 13 6
1633936066.494 46 32 28 19 15 10 6
1633936066.745 46 32 29 18 12 11 7
1633936066.995 47 32 28 20 11 12 7
1633936067.250 48 32 27 20 12 10 5
1633936067.494 48 34 28 18 12 9 6
1633936067.745 47 31 27 18 11 9 8
1633936067.994 48 31 28 20 12 12 6
1633936068.244 47 34 26 22 11 10 6
1633936068.495 46 33 27 18 12 10 4
1633936068.745 47 34 29 18 13 10 4
1633936068.994 49 32 27 17 12 9 5
1633936069.251 47 34 27 18 12 12 6
1633936069.497 45 31 28 21 13 11 6
1633936069.749 47 33 27 17 16 10 4
1633936069.994 47 32 27 18 13 9 6
1633936070.249 47 31 28 20 12 10 6
1633936070.496 46 32 28 22 12 10 5
1633936070.747 48 32 29 19 13 11 6
1633936070.999 48 32 27 20 13 14 7
1633936071.249 48 33 27 18 13 10 8
1633936071.506 48 31 27 19 14 10 5
1633936071.748 50 31 27 17 12 10 7
1633936071.996 44 32 27 20 13 9 6
1633936072.245 47 33 31 19 11 11 7
1633936072.502 48 32 28 18 12 11 8
1633936072.745 49 34 27 20 11 8 6
1633936072.998 48 34 28 18 12 10 4
1633936073.246 47 33 27 19 12 10 7
1633936073.497 48 34 29 17 12 8 7
1633936073.747 47 31 27 19 11 10 5
1633936073.994 48 32 26 19 14 11 7
1633936074.251 49 33 29 19 12 9 3
1633936074.497 49 33 27 19 11 9 7
1633936074.747 48 32 28 18 11 11 5
1633936074.999 46 32 27 19 13 10 5
1633936075.246 47 33 27 19 13 12 6
1633936075.496 46 32 28 18 14 8 6
1633936075.747 46 33 29 19 12 12 8
1633936075.995 48 31 28 18 12 13 5
1633936076.246 47 32 28 19 11 10 6
1633936076.494 47 31 28 19 14 11 7
1633936076.746 48 33 27 18 11 11 8
1633936076.995 48 32 27 18 13 10 7
1633936077.245 46 30 26 18 12 11 7
1633936077.495 50 35 28 18 13 11 5
1633936077.744 47 32 27 19 11 10 6
1633936078.001 48 32 32 18 14 9 8
1633936078.246 47 34 27 18 12 9 5
1633936078.499 47 32 27 18 13 11 4
1633936078.745 46 33 26 18 12 10 5
1633936078.994 46 34 28 20 11 14 5
1633936079.246 48 32 27 19 13 10 5
1633936079.500 47 30 28 21 11 12 6
1633936079.744 48 31 28 18 14 12 7
1633936079.996 48 32 28 19 15 10 5
1633936080.249 47 32 31 18 12 11 7
1633936080.496 46 33 27 17 13 10 5
1633936080.745 47 31 28 19 12 11 7
1633936080.995 46 33 25 20 13 10 5
1633936081.245 46 33 28 21 13 10 7
1633936081.496 49 32 27 18 11 9 6
1633936081.746 47 34 26 18 13 10 6
1633936081.997 45 33 28 17 12 13 7
1633936082.245 45 31 28 19 12 10 7
1633936082.497 46 33 28 18 12 14 6
1633936082.745 46 30 28 18 14 11 6
1633936082.995 47 31 28 19 13 12 6
1633936083.244 49 32 28 19 12 9 5
1633936083.498 46 33 28 18 13 10 6
1633936083.745 47 32 28 19 12 7 7
1633936083.996 48 32 29 17 13 10 5
1633936084.253 49 33 28 19 13 9 7
1633936084.498 45 31 29 17 11 10 4
1633936084.750 45 33 26 21 12 11 8
1633936084.996 48 32 27 18 12 12 8
1633936085.247 47 32 26 18 15 9 5
1633936085.496 46 31 27 18 12 9 10
1633936085.745 47 32 28 18 13 11 5
1633936086.000 49 31 28 18 14 11 5
1633936086.247 47 32 26 20 13 9 8
1633936086.501 46 31 29 21 12 10 7
1633936086.749 46 32 28 18 13 10 5
1633936086.998 45 32 28 20 14 10 7
1633936087.249 47 32 30 19 12 11 8
1633936087.498 48 34 29 17 13 11 9
1633936087.749 49 31 29 18 12 10 5
1633936087.996 46 33 27 20 12 10 5
1633936088.246 47 33 29 19 13 10 7
1633936088.497 49 33 27 20 13 10 7
1633936088.745 49 31 26 18 15 10 7
1633936088.996 46 32 28 19 13 12 5
1633936089.247 47 32 27 19 12 12 6
1633936089.496 47 31 26 19 13 10 7
1633936089.746 48 33 25 20 15 8 7
1633936089.997 44 36 29 18 12 10 9
1633936090.246 49 33 27 18 12 9 7
1633936090.495 46 32 26 20 13 10 6
1633936090.745 48 34 28 18 12 11 5
1633936090.997 46 33 27 18 14 8 5
1633936091.245 46 31 28 18 13 11 6
1633936091.497 47 35 28 18 12 9 5
1633936091.748 47 31 29 20 13 10 6
1633936092.004 48 33 26 19 12 11 6
1633936092.247 48 33 28 18 13 10 5
1633936092.496 46 31 28 21 13 9 4
1633936092.746 49 32 27 18 13 10 5
1633936093.000 46 33 25 22 12 10 6
1633936093.247 46 34 27 21 14 11 5
1633936093.498 48 35 27 19 13 12 6
1633936093.749 46 31 29 19 13 12 5
1633936093.996 49 35 30 18 12 11 8
1633936094.254 47 32 27 20 13 11 7
1633936094.504 45 32 28 18 11 9 6
1633936094.748 47 33 27 19 13 11 6
1633936095.000 47 36 27 18 12 11 5
1633936095.247 46 34 28 18 12 11 5
1633936095.498 50 32 26 19 13 10 5
1633936095.745 48 32 28 18 12 11 6
1633936095.997 46 31 28 20 11 10 6
1633936096.246 48 33 30 19 14 11 4
1633936096.497 47 31 28 17 12 10 6
1633936096.745 45 34 28 19 13 11 5
1633936096.996 45 32 27 18 12 9 5
1633936097.247 47 32 25 17 16 11 4
1633936097.496 46 33 28 19 12 10 5
1633936097.746 47 31 26 18 13 11 6
1633936097.998 47 34 28 19 10 12 7
1633936098.246 49 33 26 17 12 12 5
1633936098.498 47 31 30 20 11 11 7
1633936098.747 49 30 28 19 11 12 8
1633936098.997 47 31 30 21 12 12 6
1633936099.246 47 32 28 18 15 12 6
1633936099.496 47 33 30 20 11 9 5
1633936099.750 46 32 29 18 11 12 5
1633936099.997 48 31 30 19 12 12 8
1633936100.246 49 34 27 18 12 9 6
1633936100.497 48 33 27 19 11 9 6
1633936100.752 48 31 28 20 15 14 6
1633936100.996 46 31 27 20 14 14 7
1633936101.248 48 33 27 20 11 10 6
1633936101.497 47 31 29 19 13 11 5
1633936101.752 48 32 28 20 14 12 5
1633936101.997 47 33 28 21 13 11 6
1633936102.247 50 31 28 18 12 12 6
1633936102.497 48 32 26 18 13 10 6
1633936102.748 48 31 27 20 13 9 6
1633936102.999 47 32 28 19 12 9 6
1633936103.248 48 34 28 18 13 11 6
1633936103.497 50 30 27 19 13 10 5
1633936103.749 47 31 28 21 14 10 10
1633936103.999 48 32 29 19 12 13 10
1633936104.248 49 31 28 19 12 9 6
1633936104.496 47 31 28 20 12 9 6
1633936104.746 48 31 27 20 14 10 3
1633936104.997 47 33 29 18 15 10 5
1633936105.250 47 33 28 19 15 10 6
1633936105.509 49 34 25 20 14 10 6
1633936105.749 47 32 27 20 15 9 6
1633936105.998 46 34 28 20 13 11 5
1633936106.248 45 34 27 18 11 12 7
1633936106.498 48 31 27 19 16 11 7
1633936106.747 51 32 27 20 13 11 9
1633936106.998 47 32 28 19 13 11 7
1633936107.251 50 36 29 18 15 10 6
1633936107.497 49 33 27 18 11 9 6
1633936107.748 47 32 28 16 14 12 4
1633936107.997 48 34 28 17 13 10 8
1633936108.247 48 33 26 19 15 10 7
1633936108.498 45 32 28 17 13 11 5
1633936108.746 50 35 28 19 13 12 5
1633936108.999 46 31 26 19 11 11 6
1633936109.247 49 34 26 19 14 8 7
1633936109.497 50 35 30 18 11 9 8
1633936109.750 47 33 28 18 12 9 5
1633936109.998 46 31 29 20 14 13 6
1633936110.248 48 31 26 18 12 12 6
1633936110.498 46 32 29 19 14 10 7
1633936110.747 48 33 27 18 13 10 6
1633936110.997 47 33 26 18 13 11 7
1633936111.252 48 32 28 21 14 11 6
1633936111.497 47 33 28 18 13 11 7
1633936111.747 50 32 30 19 15 10 6
1633936112.002 46 31 28 18 13 10 7
1633936112.247 47 31 29 19 13 10 8
1633936112.513 46 32 30 18 14 12 8
1633936112.750 49 32 29 18 13 13 8
1633936112.996 48 32 28 18 14 8 5
1633936113.254 47 33 29 18 13 10 7
1633936113.497 47 32 28 19 13 10 5
1633936113.747 48 33 29 20 13 11 6
1633936114.023 49 34 27 19 13 12 6
1633936114.251 46 33 28 17 14 10 5
1633936114.496 45 32 28 19 14 10 5
1633936114.751 49 34 27 21 14 9 6
1633936114.997 50 34 27 18 12 14 5
1633936115.249 46 31 25 18 13 11 5
1633936115.497 45 32 30 18 13 10 5
1633936115.752 46 31 29 21 14 10 6
1633936116.001 49 34 26 19 13 11 5
1633936116.248 47 32 26 20 11 11 8
1633936116.498 47 32 30 18 12 10 5
1633936116.750 45 32 28 18 12 11 8
1633936116.999 46 33 28 18 12 10 5
1633936117.247 47 32 31 18 12 11 7
1633936117.498 47 33 29 20 14 11 6
1633936117.748 47 32 29 19 12 10 6
1633936117.997 49 33 28 19 15 11 4
1633936118.249 46 33 26 18 12 15 6
1633936118.501 47 34 28 18 14 10 9
1633936118.749 46 33 29 20 12 10 7
1633936118.998 48 33 25 16 12 10 6
1633936119.247 48 33 28 18 12 10 7
1633936119.498 48 33 27 20 13 11 5
1633936119.749 48 32 27 19 13 9 6
1633936119.998 46 34 28 17 12 11 4
1633936120.248 45 31 28 19 12 10 7
1633936120.498 47 32 25 22 14 11 6
1633936120.750 49 31 28 19 11 14 5
1633936121.000 48 33 27 18 14 11 7
1633936121.248 48 32 29 16 14 14 7
1633936121.497 49 31 28 19 13 12 7
1633936121.748 47 33 28 19 14 12 6
1633936121.998 48 34 28 17 13 11 7
1633936122.250 45 31 29 17 13 12 5
1633936122.503 48 32 28 20 13 11 4
1633936122.747 47 32 27 18 12 12 5
1633936123.002 48 31 30 19 14 12 7
1633936123.247 51 31 29 19 12 12 6
1633936123.498 47 32 27 17 14 10 6
1633936123.747 46 33 27 18 15 12 6
1633936124.001 49 33 29 18 13 10 6
1633936124.248 48 32 29 18 14 14 6
1633936124.498 49 31 26 17 12 10 5
1633936124.748 46 32 29 18 12 11 6
1633936124.999 46 31 27 20 12 10 7
1633936125.249 48 33 28 20 11 10 6
1633936125.497 46 32 28 18 12 10 7
1633936125.748 46 35 30 19 14 10 8
1633936125.998 47 32 28 18 12 10 9
1633936126.248 48 32 29 19 12 9 6
1633936126.499 47 34 31 19 13 10 6
1633936126.748 45 33 28 18 12 11 6
1633936126.998 47 35 29 18 11 11 6
1633936127.249 48 33 29 21 12 10 7
1633936127.498 47 31 27 18 12 10 5
1633936127.747 48 32 28 18 14 9 7
1633936127.998 47 33 28 18 14 10 7
1633936128.248 47 31 27 19 14 10 6
1633936128.499 46 34 30 19 12 11 7
1633936128.748 50 32 26 19 12 9 4
1633936128.998 48 34 29 17 13 10 6
1633936129.250 46 33 29 19 12 10 6
1633936129.498 48 33 30 18 11 12 7
1633936129.750 48 33 28 17 12 11 6
1633936130.000 47 34 27 19 15 12 8
1633936130.248 47 34 27 18 12 12 9
1633936130.498 48 33 28 17 13 11 6
1633936130.750 47 33 31 19 13 12 6
1633936130.998 50 33 27 21 12 11 6
1633936131.248 48 32 28 18 11 10 5
1633936131.499 47 33 29 17 11 10 5
1633936131.748 47 32 28 18 13 12 5
1633936131.999 47 31 31 19 12 10 6
1633936132.247 48 31 26 20 13 11 6
1633936132.501 48 33 29 19 12 11 5
1633936132.750 47 33 27 18 15 11 7
1633936132.998 51 35 27 19 11 11 6
1633936133.249 45 32 29 20 12 12 5
1633936133.501 46 33 28 17 14 10 6
1633936133.750 47 31 30 18 13 13 9
1633936134.001 48 34 27 18 13 12 6
1633936134.249 48 32 29 18 14 12 7
1633936134.500 48 32 29 21 15 11 7
1633936134.753 47 34 29 20 12 11 6
1633936135.001 48 34 29 20 14 10 6
1633936135.254 47 32 29 17 12 12 6
1633936135.499 46 34 27 20 12 12 7
1633936135.750 47 33 27 18 15 10 8
1633936135.999 47 34 29 19 11 12 5
1633936136.249 48 32 29 20 13 11 6
1633936136.498 49 32 27 22 11 12 7
1633936136.750 47 30 30 20 12 12 5
1633936137.004 48 32 28 19 12 12 6
1633936137.249 50 31 27 18 16 10 10
1633936137.502 49 33 27 20 12 12 5
1633936137.754 48 33 27 20 11 11 6
1633936137.999 46 33 30 18 12 11 7
1633936138.252 47 33 27 18 13 12 5
1633936138.499 48 33 29 19 12 10 8
1633936138.748 47 34 28 17 10 9 6
1633936139.003 46 32 27 18 12 12 5
1633936139.248 47 33 26 19 12 11 4
1633936139.500 47 32 26 20 11 12 5
1633936139.755 46 35 26 19 12 10 5
1633936139.999 49 30 27 19 12 9 6
1633936140.251 46 34 30 20 14 10 5
1633936140.501 47 32 29 19 12 11 5
1633936140.749 46 32 26 19 12 12 7
1633936141.002 50 32 27 18 12 12 6
1633936141.250 47 33 27 20 12 9 8
1633936141.500 48 34 26 19 12 10 5
1633936141.765 47 32 27 18 14 11 7
1633936142.001 48 31 25 18 13 9 6
1633936142.249 47 32 28 19 12 12 7
1633936142.502 48 31 29 20 14 9 8
1633936142.750 47 34 27 18 12 10 7
1633936142.998 46 32 28 19 13 11 8
1633936143.257 47 32 28 20 12 10 6
1633936143.499 48 32 31 20 12 13 5
1633936143.748 46 32 26 21 12 10 6
1633936144.006 48 35 27 20 13 10 8
1633936144.251 44 34 27 19 12 10 5
1633936144.498 46 34 30 18 13 10 7
1633936144.757 47 33 27 20 15 12 9
1633936144.999 47 33 28 20 13 9 5
1633936145.252 47 33 29 22 14 11 8
1633936145.502 47 32 26 17 14 11 6
1633936145.750 48 32 29 18 13 13 7
1633936146.000 47 36 29 20 12 12 6
1633936146.253 49 33 29 21 15 11 5
1633936146.500 47 32 28 18 12 10 4
1633936146.749 48 32 27 20 11 11 7
1633936146.999 47 35 28 20 12 14 6
1633936147.249 48 31 28 20 13 12 8
1633936147.500 46 32 26 20 12 9 6
1633936147.749 46 33 29 20 12 11 5
1633936148.001 46 31 27 19 12 12 7
1633936148.250 48 33 28 19 13 10 6
1633936148.501 49 31 28 20 12 10 5
1633936148.749 47 33 26 20 12 11 7
1633936149.001 48 33 28 18 12 11 8
1633936149.250 47 33 28 21 13 12 5
1633936149.500 48 34 28 19 11 10 5
1633936149.749 48 32 29 19 15 10 7
1633936149.999 46 31 28 18 11 10 5
1633936150.251 46 33 28 22 13 10 9
1633936150.501 45 34 30 19 13 11 8
1633936150.750 46 33 27 18 13 9 7
1633936151.000 48 31 30 20 12 9 9
1633936151.249 48 32 28 19 11 12 6
1633936151.500 48 32 29 21 13 11 4
1633936151.749 46 33 28 20 13 12 11
1633936152.000 46 32 28 18 12 12 5
1633936152.253 46 32 29 20 12 11 6
1633936152.504 49 30 29 21 13 11 5
1633936152.750 45 31 29 19 14 11 7
1633936153.001 48 31 27 18 12 10 7
1633936153.259 47 32 27 18 12 11 6
1633936153.500 46 35 29 20 13 15 6
1633936153.753 47 32 28 18 10 11 7
1633936154.000 48 31 30 19 14 11 8
1633936154.250 48 35 28 19 13 12 5
1633936154.500 47 35 27 20 14 14 7
1633936154.764 49 32 28 21 14 9 7
1633936155.001 46 33 27 19 14 15 6
1633936155.251 47 32 28 17 12 11 6
1633936155.501 46 33 26 18 12 9 8
1633936155.752 48 31 28 20 13 11 6
1633936156.000 47 32 29 19 13 11 7
1633936156.251 48 32 26 20 14 12 5
1633936156.501 47 31 28 22 13 11 7
1633936156.750 49 34 26 20 12 11 5
1633936157.001 49 32 27 20 14 10 6
1633936157.253 49 32 27 20 12 10 5
1633936157.499 46 33 27 19 12 10 6
1633936157.750 48 32 29 20 12 11 9
1633936158.000 48 33 27 21 12 10 7
1633936158.250 47 34 27 20 13 11 6
1633936158.501 48 32 27 17 11 10 5
1633936158.753 50 34 29 18 14 13 9
1633936159.002 49 31 28 18 11 10 5
1633936159.255 47 34 29 18 14 11 6
1633936159.500 46 36 28 18 12 11 7
1633936159.752 48 33 27 18 13 11 6
1633936160.003 48 34 26 21 13 10 6
1633936160.250 47 34 28 20 12 10 7
1633936160.499 49 31 29 20 12 11 7
1633936160.750 47 32 27 17 14 11 5
1633936161.002 48 32 26 19 15 10 5
1633936161.250 48 32 26 19 13 10 7
1633936161.502 48 32 28 20 13 12 7
1633936161.750 47 34 26 20 12 11 7
1633936162.012 46 34 28 20 11 10 6
1633936162.250 47 33 27 19 12 12 5
1633936162.501 48 32 30 19 15 13 6
1633936162.749 47 34 28 19 14 11 6
1633936163.000 48 33 26 20 12 12 6
1633936163.250 46 33 26 21 14 10 8
1633936163.501 46 34 28 19 12 11 7
1633936163.750 47 34 28 19 13 11 7
1633936164.000 47 33 27 20 13 9 8
1633936164.251 46 34 28 20 13 12 5
1633936164.501 47 32 27 19 12 11 7
1633936164.751 47 34 26 19 12 10 9
1633936165.010 46 31 28 20 12 9 7
1633936165.251 48 32 27 22 13 13 5
1633936165.500 46 31 27 20 12 12 7
1633936165.749 46 34 28 18 12 12 5
1633936166.006 47 33 29 19 13 9 4
1633936166.250 46 34 29 21 13 12 7
1633936166.500 48 31 27 21 14 13 5
1633936166.750 49 31 28 22 12 12 8
1633936167.002 46 34 27 19 15 10 6
1633936167.250 45 34 29 22 14 12 8
1633936167.501 47 32 29 21 13 12 6
1633936167.750 46 33 30 20 13 10 7
1633936168.000 47 34 31 18 14 12 5
1633936168.251 46 35 28 23 11 11 7
1633936168.503 47 33 28 20 14 9 8
1633936168.751 47 31 26 22 13 15 7
1633936169.003 46 34 29 18 14 11 7
1633936169.254 48 32 28 20 14 10 4
1633936169.503 46 33 28 19 12 10 7
1633936169.750 48 32 27 20 11 11 7
1633936170.002 47 33 27 18 12 11 7
1633936170.251 47 35 30 18 12 11 8
1633936170.501 47 34 28 21 15 10 5
1633936170.751 47 34 28 19 13 10 8
1633936171.002 48 34 27 20 13 9 5
1633936171.250 46 33 30 18 13 10 6
1633936171.500 49 31 26 20 14 11 8
1633936171.754 47 32 28 18 14 12 6
1633936172.001 45 33 30 19 16 11 7
1633936172.252 45 31 29 17 12 10 5
1633936172.508 46 33 26 20 13 9 5
1633936172.751 48 34 27 17 12 10 7
1633936173.002 50 31 27 18 14 11 6
1633936173.261 50 32 27 19 14 12 6
1633936173.500 48 33 27 17 12 10 6
1633936173.751 46 33 27 18 13 11 8
1633936174.007 49 32 28 20 11 9 7
1633936174.252 49 33 29 19 13 11 7
1633936174.510 47 32 28 20 12 11 6
1633936174.752 46 33 28 18 12 11 7
1633936175.007 48 33 27 19 13 14 7
1633936175.251 46 33 28 20 12 11 6
1633936175.502 44 33 30 20 11 11 6
1633936175.751 48 31 29 21 11 9 6
1633936176.004 48 33 28 21 15 10 7
1633936176.256 45 32 27 18 11 10 6
1633936176.504 48 31 28 20 14 11 7
1633936176.755 47 30 29 18 12 11 9
1633936177.000 51 31 26 18 12 14 7
1633936177.253 46 34 29 18 13 11 5
1633936177.504 47 33 28 21 13 10 4
1633936177.756 46 34 27 20 12 12 3
1633936178.003 45 33 26 20 12 12 5
1633936178.251 47 31 30 18 12 10 8
1633936178.500 48 32 27 21 14 12 5
1633936178.752 47 33 28 21 13 10 6
1633936179.005 46 32 27 19 11 13 6
1633936179.253 47 32 29 19 11 10 7
1633936179.508 46 32 27 18 13 13 7
1633936179.751 47 33 25 19 14 10 5
1633936180.001 47 33 28 19 14 10 7
1633936180.254 47 33 27 19 12 12 7
1633936180.503 47 34 26 22 12 11 7
1633936180.753 47 34 27 19 10 11 6
1633936181.001 47 34 31 21 12 12 7
1633936181.260 47 33 27 20 15 11 7
1633936181.504 47 33 26 20 14 10 8
1633936181.751 47 34 29 20 15 13 5
1633936182.001 48 33 27 20 13 12 5
1633936182.251 46 33 29 20 13 12 7
1633936182.505 48 34 27 18 11 9 6
1633936182.756 48 33 28 18 14 10 5
1633936183.002 48 33 27 18 14 10 5
1633936183.252 47 32 26 19 13 10 5
1633936183.509 49 32 28 20 12 10 4
1633936183.756 50 32 29 19 13 9 6
1633936184.003 48 33 28 20 13 12 5
1633936184.252 45 32 28 21 10 11 8
1633936184.503 47 34 29 19 11 11 6
1633936184.755 46 33 27 20 13 9 6
1633936185.004 49 32 27 20 13 12 5
1633936185.252 48 32 27 19 13 13 6
1633936185.504 48 33 26 19 10 11 5
1633936185.752 46 33 27 18 12 12 7
1633936186.004 46 33 27 21 12 10 9
1633936186.251 46 31 26 22 13 11 5
1633936186.503 49 33 28 21 14 9 5
1633936186.757 47 33 28 19 13 11 5
1633936187.008 46 33 27 19 11 10 7
1633936187.255 49 33 26 19 14 12 5
1633936187.503 48 33 26 18 11 10 5
1633936187.753 48 31 28 19 12 10 8
1633936188.002 46 33 29 20 13 9 7
1633936188.254 48 31 29 19 13 8 9
1633936188.507 46 32 28 19 12 9 10
1633936188.751 45 33 29 18 13 11 6
1633936189.003 47 32 28 18 12 13 7
1633936189.252 48 34 29 19 14 11 7
1633936189.501 47 33 27 19 14 10 7
1633936189.751 47 34 28 21 14 10 7
1633936190.005 48 35 27 19 11 12 7
1633936190.252 46 34 28 19 11 9 7
1633936190.503 48 34 28 19 14 11 7
1633936190.752 46 32 29 20 13 12 5
1633936191.002 51 34 28 19 13 10 5
1633936191.251 46 32 27 19 14 11 9
1633936191.502 47 31 28 19 13 10 8
1633936191.751 45 33 28 19 13 10 6
1633936192.001 49 32 30 18 13 11 6
1633936192.251 48 31 27 19 12 11 6
1633936192.502 51 31 26 18 16 10 5
1633936192.751 49 34 28 18 13 10 7
1633936193.002 47 33 28 22 15 11 4
1633936193.253 47 33 27 21 13 9 10
1633936193.501 50 35 26 17 14 11 7
1633936193.752 48 32 28 19 13 11 5
1633936194.002 48 33 29 18 14 9 8
1633936194.254 51 30 27 19 12 8 8
1633936194.501 46 35 27 19 13 10 8
1633936194.752 46 32 30 20 12 10 7
1633936195.003 47 32 28 17 13 10 6
1633936195.256 46 34 30 17 13 11 6
1633936195.502 47 33 27 17 13 9 5
1633936195.752 49 35 27 19 15 9 8
1633936196.003 47 33 28 20 15 10 5
1633936196.253 47 31 32 19 14 10 6
1633936196.504 46 33 26 17 13 9 6
1633936196.754 46 32 29 18 13 10 6
1633936197.011 47 33 27 20 14 11 5
1633936197.254 48 33 27 17 12 11 8
1633936197.505 48 33 29 20 11 12 4
1633936197.754 47 35 26 17 12 9 7
1633936198.003 48 34 28 17 12 9 7
1633936198.254 48 35 29 18 13 8 4
1633936198.502 45 34 28 19 12 12 7
1633936198.753 47 30 28 19 13 12 6
1633936199.003 48 31 29 18 13 11 8
1633936199.253 47 34 28 19 17 9 7
1633936199.502 45 32 27 20 12 11 6
1633936199.751 46 33 28 17 13 10 8
1633936200.004 46 34 29 19 14 9 5
1633936200.253 48 31 27 21 13 11 6
1633936200.503 48 34 27 20 14 14 6
1633936200.757 46 31 30 23 14 10 8
1633936201.005 48 32 29 20 15 11 5
1633936201.256 49 31 29 20 12 11 6
1633936201.506 46 32 28 20 12 10 6
1633936201.752 48 34 27 18 12 11 6
1633936202.010 50 33 30 19 11 10 7
1633936202.252 45 33 27 18 14 11 7
1633936202.505 48 33 28 19 13 12 6
1633936202.754 46 32 27 18 11 10 6
1633936203.003 48 32 30 17 13 12 6
1633936203.252 48 32 28 20 12 10 7
1633936203.507 47 32 28 19 15 11 7
1633936203.754 48 34 27 19 14 11 7
1633936204.002 48 33 29 19 14 12 7
1633936204.256 49 34 27 18 13 10 7
1633936204.502 48 33 27 18 13 10 9
1633936204.756 49 34 27 18 12 11 6
1633936205.002 47 31 30 21 12 10 6
1633936205.253 47 32 26 19 12 10 7
1633936205.504 45 32 29 18 13 11 7
1633936205.754 47 32 29 18 13 10 5
1633936206.006 49 36 28 18 14 11 7
1633936206.258 49 32 31 19 14 11 5
1633936206.507 49 34 26 18 14 10 6
1633936206.753 45 31 29 17 14 12 6
1633936207.003 46 33 29 19 12 11 7
1633936207.256 49 32 31 19 12 10 8
1633936207.502 47 32 29 18 11 10 5
1633936207.755 50 32 29 17 13 9 6
1633936208.004 47 32 29 18 11 13 5
1633936208.258 45 32 28 19 12 9 6
1633936208.503 48 32 29 18 12 10 7
1633936208.754 47 34 28 21 15 9 8
1633936209.004 46 33 27 19 13 12 4
1633936209.253 47 32 29 18 11 12 8
1633936209.503 46 32 31 20 13 11 7
1633936209.752 48 32 28 18 13 10 7
1633936210.002 47 34 27 20 12 10 7
1633936210.252 47 34 29 18 13 12 5
1633936210.502 49 33 26 19 13 12 5
1633936210.757 45 34 27 20 12 10 6
1633936211.003 47 32 28 19 13 11 7
1633936211.266 49 33 27 19 11 11 7
1633936211.504 45 30 29 20 13 11 6
1633936211.755 48 31 24 19 12 11 9
1633936212.004 47 32 27 21 13 12 6
1633936212.254 47 31 28 18 11 12 6
1633936212.504 49 33 27 19 10 11 4
1633936212.753 48 34 27 21 11 12 5
1633936213.004 48 35 30 19 13 11 6
1633936213.254 50 32 27 19 14 11 9
1633936213.510 47 33 30 20 12 13 5
1633936213.763 48 30 25 20 12 12 5
1633936214.003 48 32 25 19 9 12 7
1633936214.253 49 31 27 19 12 9 6
1633936214.509 47 32 27 20 11 10 7
1633936214.756 46 32 26 20 13 12 9
1633936215.003 47 33 29 20 13 13 7
1633936215.256 48 33 26 17 12 13 6
1633936215.504 49 31 29 18 13 11 6
1633936215.755 45 32 28 19 12 10 5
1633936216.008 47 32 26 19 13 9 6
1633936216.258 46 33 28 19 13 10 5
1633936216.506 47 35 26 19 12 10 5
1633936216.754 49 32 28 19 13 9 10
1633936217.012 47 35 28 19 12 9 8
1633936217.253 48 32 26 17 13 9 7
1633936217.505 45 32 29 16 14 11 6
1633936217.753 48 32 27 19 13 9 6
1633936218.004 48 32 26 20 12 11 6
1633936218.254 48 33 28 17 12 10 7
1633936218.505 45 33 28 17 11 11 6
1633936218.754 47 36 27 19 13 12 6
1633936219.008 47 32 28 19 13 10 8
1633936219.256 49 32 26 18 13 13 6
1633936219.504 47 31 27 17 15 12 7
1633936219.754 50 33 26 18 12 13 6
1633936220.003 49 32 27 16 12 12 5
1633936220.253 45 31 28 17 12 12 6
1633936220.504 49 33 28 17 15 12 6
1633936220.754 47 31 27 18 14 11 6
1633936221.007 46 33 27 20 13 13 8
1633936221.255 50 32 30 19 13 10 4
1633936221.506 48 32 27 19 12 9 7
1633936221.754 48 33 27 18 13 7 7
1633936222.004 47 35 26 18 13 9 5
1633936222.257 46 32 27 18 12 12 5
1633936222.506 46 33 28 18 13 11 5
1633936222.756 48 33 26 18 13 10 6
1633936223.008 47 32 26 22 13 9 7
1633936223.256 46 34 27 17 12 11 5
1633936223.506 49 33 27 19 13 11 8
1633936223.759 48 31 27 20 13 9 10
1633936224.007 48 34 29 17 14 10 8
1633936224.262 47 32 29 20 12 12 4
1633936224.504 46 29 28 18 13 10 5
1633936224.757 49 31 28 17 11 10 5
1633936225.004 48 33 27 21 12 11 5
1633936225.255 47 32 27 19 12 10 5
1633936225.505 47 31 29 17 12 12 8
1633936225.754 49 35 28 20 12 11 6
1633936226.005 48 33 32 19 12 11 5
1633936226.255 48 33 29 18 14 9 6
1633936226.506 49 32 28 18 12 9 7
1633936226.754 46 33 26 18 11 11 7
1633936227.004 48 31 28 18 12 8 7
1633936227.255 47 32 27 17 12 10 6
1633936227.504 48 33 28 19 13 12 8
1633936227.754 47 31 27 20 11 10 8
1633936228.004 48 31 29 19 14 10 7
1633936228.254 48 32 29 17 11 12 7
1633936228.505 48 32 27 18 13 10 6
1633936228.756 44 31 30 18 12 13 6
1633936229.005 46 34 28 18 13 13 5
1633936229.255 46 33 31 18 14 12 5
1633936229.505 46 33 26 18 12 11 8
1633936229.754 46 32 29 18 12 9 6
1633936230.004 49 31 28 17 12 10 5
1633936230.257 47 33 29 19 12 10 7
1633936230.504 49 34 30 19 12 12 6
1633936230.756 48 33 27 19 12 10 6
1633936231.008 48 33 29 18 12 11 6
1633936231.256 47 31 30 17 12 9 5
1633936231.508 46 32 27 19 11 8 6
1633936231.756 46 32 28 17 12 12 6
1633936232.008 47 31 29 19 13 13 5
1633936232.254 45 33 27 19 13 11 6
1633936232.504 50 31 29 19 12 10 8
1633936232.754 47 33 28 17 12 9 6
1633936233.005 46 32 28 20 12 10 8
1633936233.255 47 32 29 18 13 9 6
1633936233.510 47 33 27 19 13 10 8
1633936233.764 48 32 29 17 12 12 6
1633936234.010 48 33 26 19 11 11 8
1633936234.257 45 30 30 17 12 11 5
1633936234.506 48 33 31 18 12 10 6
1633936234.761 47 36 30 17 16 10 7
1633936235.008 50 33 26 19 11 10 6
1633936235.261 48 33 28 17 11 9 6
1633936235.508 48 33 28 19 14 13 6
1633936235.756 48 32 29 19 13 9 6
1633936236.009 47 33 27 17 11 11 7
1633936236.259 46 33 26 18 11 13 6
1633936236.506 47 31 28 20 12 11 4
1633936236.757 46 33 27 18 14 10 7
1633936237.005 47 30 28 19 13 12 6
1633936237.257 47 32 28 19 10 10 5
1633936237.513 47 31 30 19 11 10 6
1633936237.754 47 34 26 20 13 10 6
1633936238.007 45 34 26 19 14 10 7
1633936238.259 47 32 28 20 11 10 5
1633936238.507 47 35 30 20 12 12 5
1633936238.755 48 33 28 19 14 12 6
1633936239.004 49 31 26 19 12 10 8
1633936239.254 50 33 29 21 13 9 5
1633936239.508 47 31 29 16 12 10 6
1633936239.754 48 33 30 18 13 9 7
1633936240.004 47 36 28 18 11 10 9
1633936240.265 46 33 28 22 14 11 8
1633936240.505 47 34 30 20 11 11 7
1633936240.757 47 34 29 20 11 12 7
1633936241.005 47 33 28 19 12 10 7
1633936241.256 48 33 27 19 14 10 6
1633936241.510 47 33 29 19 13 12 6
1633936241.755 49 31 30 17 14 10 8
1633936242.008 47 32 30 18 15 11 6
1633936242.256 48 34 26 19 13 12 7
1633936242.507 47 31 26 19 12 9 5
1633936242.755 48 32 27 20 13 11 5
1633936243.015 46 32 27 19 14 9 6
1633936243.255 48 33 28 21 15 11 5
1633936243.504 48 33 28 19 15 11 6
1633936243.761 46 31 28 19 12 10 7
1633936244.004 46 33 27 18 12 10 5
1633936244.255 47 32 27 18 12 11 7
1633936244.506 49 33 26 19 13 11 6
1633936244.754 48 33 27 18 13 13 6
1633936245.004 50 31 30 19 11 11 6
1633936245.258 49 32 27 18 12 11 5
1633936245.505 48 32 26 18 11 10 7
1633936245.756 49 33 26 18 12 11 7
1633936246.005 48 32 29 19 13 11 6
1633936246.256 47 32 29 19 13 12 8
1633936246.505 48 32 28 19 12 10 5
1633936246.754 47 32 32 19 12 11 7
1633936247.009 48 34 27 20 13 10 3
1633936247.257 49 32 26 19 14 12 5
1633936247.505 47 33 28 19 14 10 7
1633936247.754 49 31 27 21 13 9 5
1633936248.005 48 33 27 20 11 11 6
1633936248.258 47 33 28 19 12 10 4
1633936248.506 46 31 29 21 13 11 6
1633936248.760 45 33 28 19 13 8 7
1633936249.004 46 32 27 19 13 9 6
1633936249.255 48 32 28 18 12 12 7
1633936249.507 48 34 27 18 12 10 6
1633936249.757 48 35 27 20 11 9 5
1633936250.006 48 33 28 18 13 11 8
1633936250.257 46 32 29 20 13 10 6
1633936250.505 48 31 28 18 11 10 5
1633936250.755 49 32 30 19 13 11 5
1633936251.005 49 32 30 21 13 10 7
1633936251.258 47 33 27 19 12 15 4
1633936251.506 47 33 28 18 12 13 5
1633936251.755 48 34 28 17 12 10 7
1633936252.013 48 35 26 20 12 10 6
1633936252.257 50 33 28 20 12 9 5
1633936252.513 48 34 28 18 12 12 6
1633936252.756 48 30 29 18 13 12 7
1633936253.008 48 31 28 20 12 13 5
1633936253.260 47 32 30 20 12 11 6
1633936253.509 47 32 30 18 13 10 7
1633936253.757 46 33 28 18 14 10 8
1633936254.008 47 32 28 18 13 10 8
1633936254.259 46 31 27 19 12 10 6
1633936254.508 48 31 28 19 12 12 8
1633936254.755 47 32 27 18 12 12 6
1633936255.017 48 29 27 19 13 12 6
1633936255.260 48 33 27 19 14 11 6
1633936255.508 46 32 28 22 12 11 7
1633936255.757 48 32 27 19 11 13 4
1633936256.009 50 33 28 19 12 12 8
1633936256.256 50 33 28 20 12 12 7
1633936256.507 47 33 27 18 14 12 5
1633936256.757 47 33 28 18 15 12 7
1633936257.006 52 32 27 17 13 11 11
1633936257.257 48 32 26 19 14 9 6
1633936257.508 47 34 27 18 12 11 7
1633936257.756 48 33 26 18 12 11 8
1633936258.014 47 32 27 18 10 11 8
1633936258.258 45 32 26 18 12 13 7
1633936258.507 47 34 27 18 11 11 7
1633936258.757 47 32 27 19 12 12 7
1633936259.007 46 32 28 18 11 11 8
1633936259.257 47 34 26 19 13 12 8
1633936259.513 47 32 26 17 11 11 9
1633936259.762 47 33 27 17 12 11 6
1633936260.007 47 31 27 18 12 11 6
1633936260.260 45 33 29 19 12 9 4
1633936260.507 45 33 25 19 12 10 7
1633936260.756 47 31 25 18 12 9 5
1633936261.017 51 34 26 17 16 9 7
1633936261.259 46 32 28 20 12 7 5
1633936261.510 47 33 28 20 13 9 4
1633936261.758 46 30 28 19 11 11 5
1633936262.008 49 30 26 18 12 11 5
1633936262.257 46 35 26 17 10 11 6
1633936262.507 46 32 29 19 12 10 5
1633936262.757 46 30 30 19 13 11 7
1633936263.007 50 31 28 18 13 9 6
1633936263.259 47 32 28 19 13 10 7
1633936263.508 45 33 30 19 14 11 5
1633936263.761 48 30 28 19 12 10 5
1633936264.006 49 31 28 21 12 8 6
1633936264.257 48 32 27 18 14 11 5
1633936264.506 47 32 27 19 14 11 7
1633936264.757 47 34 28 20 11 10 8
1633936265.007 47 33 27 20 11 10 6
1633936265.257 49 33 29 20 15 9 7
1633936265.508 47 33 27 19 12 9 6
1633936265.758 51 35 29 18 12 14 8
1633936266.008 47 31 28 19 13 11 5
1633936266.260 48 33 27 19 13 8 8
1633936266.507 48 33 28 19 12 11 6
1633936266.759 47 31 30 18 12 14 5
1633936267.007 49 31 27 19 11 11 6
1633936267.257 47 33 26 19 12 11 5
1633936267.507 47 34 28 19 11 11 5
1633936267.759 49 31 27 19 13 15 7
1633936268.009 48 31 27 19 14 11 5
1633936268.257 47 31 27 19 12 10 9
1633936268.506 47 32 29 21 11 13 5
1633936268.758 46 34 31 21 12 11 7
1633936269.006 47 32 28 19 13 11 6
1633936269.259 47 32 28 21 12 12 7
1633936269.507 50 34 29 19 14 9 5
1633936269.756 46 32 27 18 13 9 5
1633936270.008 49 32 27 17 14 9 6
1633936270.257 47 33 26 22 13 9 6
1633936270.506 48 31 27 20 12 11 6
1633936270.756 49 32 28 19 12 11 8
1633936271.007 46 33 28 22 13 10 8
1633936271.257 47 31 27 19 12 11 5
1633936271.510 47 31 29 17 11 11 5
1633936271.757 47 32 29 18 12 11 4
1633936272.006 47 33 28 17 12 8 6
1633936272.256 46 31 27 21 13 11 6
1633936272.509 46 34 26 18 12 11 5
1633936272.756 47 34 28 18 14 10 6
1633936273.006 48 33 28 19 12 10 6
1633936273.264 48 32 28 17 12 11 4
1633936273.508 47 31 27 17 13 11 8
1633936273.759 49 32 27 18 13 10 5
1633936274.008 49 31 28 21 12 9 7
1633936274.257 48 33 31 17 13 9 5
1633936274.507 48 31 28 18 11 12 7
1633936274.762 48 32 27 18 15 10 7
1633936275.006 48 33 27 18 12 10 7
1633936275.257 46 33 26 19 16 10 5
1633936275.508 45 35 29 17 11 10 9
1633936275.757 47 31 28 19 13 11 7
1633936276.010 45 32 28 19 12 10 5
1633936276.257 46 32 28 17 13 12 7
1633936276.510 48 33 29 20 12 13 4
1633936276.757 47 34 29 17 14 11 7
1633936277.008 50 32 29 17 14 10 6
1633936277.258 48 33 28 19 11 10 7
1633936277.506 46 31 28 18 12 11 7
1633936277.759 48 33 27 19 13 11 6
1633936278.010 47 32 28 17 12 11 6
1633936278.262 48 32 28 18 12 12 4
1633936278.511 47 33 27 20 12 11 5
1633936278.760 48 32 28 19 12 11 6
1633936279.011 48 32 27 19 13 12 5
1633936279.260 45 31 27 21 14 12 6
1633936279.510 46 32 26 16 14 12 6
1633936279.758 48 33 29 17 12 12 6
1633936280.014 46 31 29 24 13 10 6
1633936280.257 46 33 28 18 12 10 7
1633936280.509 46 33 27 22 12 11 8
1633936280.759 47 31 27 17 12 11 7
1633936281.008 47 31 27 19 12 11 6
1633936281.260 49 32 28 18 11 11 7
1633936281.508 49 34 28 19 14 12 6
1633936281.762 47 32 28 20 13 9 6
1633936282.010 47 32 27 19 12 12 7
1633936282.260 45 32 29 19 13 13 8
1633936282.510 48 33 26 20 12 12 6
1633936282.758 46 32 27 18 12 11 8
1633936283.007 47 34 27 20 15 9 5
1633936283.260 47 34 27 20 11 13 3
1633936283.508 49 33 28 20 13 11 5
1633936283.758 45 34 26 21 10 10 7
1633936284.009 46 31 28 17 13 12 5
1633936284.259 47 30 26 20 16 10 4
1633936284.508 49 35 27 18 14 11 6
1633936284.759 47 32 27 19 10 11 5
1633936285.009 49 31 30 18 13 9 6
1633936285.259 48 33 30 20 13 12 7
1633936285.509 46 34 28 20 13 12 6
1633936285.758 47 33 27 18 12 11 6
1633936286.011 49 32 27 19 12 10 8
1633936286.259 46 32 28 20 11 11 5
1633936286.509 49 31 27 21 13 10 8
1633936286.766 50 33 29 21 13 10 8
1633936287.008 48 35 28 18 14 10 6
1633936287.263 49 33 27 18 11 10 5
1633936287.508 48 32 28 17 11 10 6
1633936287.757 47 33 27 21 12 11 7
1633936288.013 47 34 26 19 11 11 8
1633936288.261 47 31 27 19 12 13 5
1633936288.508 47 32 27 21 11 11 5
1633936288.761 46 33 30 18 12 11 5
1633936289.008 47 32 30 20 14 13 5
1633936289.261 49 33 28 19 14 12 5
1633936289.507 47 31 28 19 12 10 5
1633936289.759 50 33 25 17 12 11 8
1633936290.011 49 32 26 20 12 11 7
1633936290.258 46 31 28 20 12 12 5
1633936290.525 47 32 26 19 10 12 5
1633936290.760 47 33 26 20 14 11 8
1633936291.007 49 34 30 19 12 9 6
1633936291.258 47 33 28 20 12 11 7
1633936291.508 49 34 26 18 13 11 5
1633936291.758 48 32 31 22 13 10 6
1633936292.008 47 33 26 20 11 12 7
1633936292.261 48 34 28 19 10 10 7
1633936292.509 47 33 26 18 13 8 6
1633936292.765 49 34 27 20 11 11 8
1633936293.009 47 33 27 21 12 9 6
1633936293.258 47 30 31 19 12 11 7
1633936293.508 46 32 27 18 13 11 6
1633936293.762 48 31 29 19 11 12 6
1633936294.008 48 34 29 20 13 10 5
1633936294.262 46 31 28 20 12 12 5
1633936294.507 46 32 27 19 13 9 7
1633936294.758 47 33 27 21 12 10 5
1633936295.010 48 32 30 19 14 12 5
1633936295.260 49 32 26 19 13 11 4
1633936295.509 46 32 28 19 12 11 7
1633936295.763 48 31 28 20 15 9 8
1633936296.008 47 32 26 20 12 9 6
1633936296.259 48 34 28 21 12 10 7
1633936296.510 48 32 30 22 12 9 6
1633936296.758 48 31 25 21 12 11 6
1633936297.010 47 34 28 20 12 12 7
1633936297.265 46 32 24 17 13 11 4
1633936297.509 46 34 27 20 11 12 6
1633936297.758 48 34 26 18 13 10 7
1633936298.010 47 30 27 18 14 13 5
1633936298.258 46 32 27 20 11 10 5
1633936298.509 47 33 28 21 10 11 6
1633936298.761 47 31 27 18 11 9 5
1633936299.009 49 35 28 18 12 10 8
1633936299.260 49 31 27 19 13 9 6
1633936299.509 47 34 27 19 11 10 9
1633936299.764 47 34 26 18 11 9 6
1633936300.008 47 31 26 19 11 10 9
1633936300.259 47 32 27 20 12 10 6
1633936300.510 46 33 30 19 15 9 8
1633936300.760 48 34 30 18 12 10 6
1633936301.011 50 32 26 19 12 10 5
1633936301.260 48 33 28 17 13 10 5
1633936301.510 49 33 27 22 16 9 5
1633936301.760 48 32 32 17 14 8 9
1633936302.013 46 32 27 21 14 10 8
1633936302.261 45 32 31 20 11 9 7
1633936302.510 47 34 27 17 13 11 7
1633936302.763 49 33 28 18 13 10 6
1633936303.009 47 32 27 18 11 10 7
1633936303.264 47 33 28 21 12 11 6
1633936303.510 46 33 27 18 13 11 5
1633936303.759 46 33 27 18 12 10 7
1633936304.011 48 31 29 17 10 10 7
1633936304.260 48 33 28 17 14 10 8
1633936304.509 47 34 28 19 15 11 6
1633936304.780 47 34 26 18 13 13 7
1633936305.009 47 35 26 20 12 10 5
1633936305.258 47 33 28 19 12 11 6
1633936305.509 50 31 29 18 13 10 5
1633936305.760 46 32 27 20 10 10 5
1633936306.014 49 33 31 17 13 10 6
1633936306.262 49 32 27 18 12 10 6
1633936306.510 50 33 27 19 14 9 5
1633936306.762 48 32 29 20 14 10 6
1633936307.010 48 31 25 19 13 12 6
1633936307.259 47 32 28 19 12 8 6
1633936307.510 48 33 28 18 12 11 6
1633936307.759 47 33 27 20 12 10 6
1633936308.009 48 35 29 20 11 10 5
1633936308.258 47 35 25 16 14 9 6
1633936308.511 48 32 28 18 11 10 6
1633936308.759 46 31 27 17 12 12 6
1633936309.012 46 33 27 18 12 11 7
1633936309.260 48 32 29 18 13 10 7
1633936309.516 47 32 27 18 11 12 7
1633936309.760 50 34 28 20 14 12 6
1633936310.009 47 33 27 21 11 9 7
1633936310.259 47 34 30 20 12 9 7
1633936310.509 46 30 25 18 10 12 7
1633936310.760 47 32 28 22 15 12 5
1633936311.011 46 33 27 19 13 10 9
1633936311.259 47 31 26 20 13 13 5
1633936311.509 47 30 26 19 12 10 6
1633936311.763 49 32 27 20 13 9 7
1633936312.011 49 31 28 19 13 13 9
1633936312.259 47 33 29 18 13 10 7
1633936312.515 47 31 26 17 12 10 6
1633936312.759 48 32 29 19 11 12 6
1633936313.012 49 32 27 20 11 10 9
1633936313.260 47 32 27 19 13 11 7
1633936313.508 47 31 29 20 12 11 7
1633936313.758 47 31 29 19 12 10 8
1633936314.009 48 32 28 20 14 11 5
1633936314.258 47 33 26 18 12 11 6
1633936314.509 48 34 28 20 13 10 6
1633936314.760 48 34 30 20 14 11 6
1633936315.009 46 35 30 18 12 12 6
1633936315.259 47 32 29 19 12 10 7
1633936315.511 47 34 25 19 10 11 6
1633936315.761 47 36 28 19 12 11 8
1633936316.010 45 31 28 19 11 11 7
1633936316.260 46 34 28 17 12 10 7
1633936316.510 47 34 26 19 11 12 5
1633936316.760 47 32 29 18 13 13 8
1633936317.012 49 35 27 17 13 10 6
1633936317.261 47 32 27 18 11 12 7
1633936317.512 49 32 27 20 14 12 4
1633936317.759 49 32 28 16 12 11 8
1633936318.011 48 34 27 17 12 10 7
1633936318.262 47 32 28 17 10 10 9
1633936318.510 48 33 27 19 12 11 7
1633936318.760 48 33 27 18 12 12 7
1633936319.011 48 33 28 18 13 9 6
1633936319.261 47 32 30 18 13 12 6
1633936319.510 46 31 27 20 12 11 5
1633936319.759 45 33 28 17 11 11 6
1633936320.012 47 33 27 19 16 10 6
1633936320.264 45 32 28 19 13 11 8
1633936320.516 48 35 28 19 13 12 6
1633936320.760 46 32 28 19 12 12 7
1633936321.010 47 34 28 18 13 10 8
1633936321.259 48 33 28 18 11 10 8
1633936321.510 49 35 26 18 9 11 6
1633936321.761 47 32 30 20 11 10 7
1633936322.011 48 33 29 19 13 12 7
1633936322.264 46 32 26 17 12 11 5
1633936322.509 47 32 26 18 11 10 7
1633936322.761 45 32 27 20 12 10 7
1633936323.011 47 34 26 19 13 11 6
1633936323.260 48 33 28 17 11 10 7
1633936323.514 46 33 31 18 15 10 5
1633936323.759 47 36 27 19 12 11 7
1633936324.009 48 32 27 18 13 11 6
1633936324.264 49 32 29 18 14 11 8
1633936324.510 51 33 29 18 12 12 6
1633936324.760 46 33 29 20 12 10 7
1633936325.016 47 33 27 19 13 11 7
1633936325.262 46 31 28 19 10 11 7
1633936325.511 49 33 27 20 14 10 6
1633936325.761 47 31 26 17 15 11 5
1633936326.015 46 33 28 20 13 13 6
1633936326.263 50 33 28 19 16 11 6
1633936326.511 49 32 27 19 11 11 6
1633936326.768 49 33 29 20 11 10 5
1633936327.010 49 33 29 18 13 11 7
1633936327.265 50 32 27 18 12 10 7
1633936327.513 48 33 29 19 12 10 7
1633936327.761 50 32 26 19 12 9 7
1633936328.013 48 31 30 20 13 10 7
1633936328.260 49 33 28 20 16 10 7
1633936328.511 47 33 27 22 13 13 5
1633936328.764 47 35 29 17 12 10 7
1633936329.010 49 31 27 17 12 11 8
1633936329.264 49 32 27 20 11 11 8
1633936329.511 47 33 27 17 13 9 7
1633936329.764 45 32 27 18 13 9 7
1633936330.011 46 33 29 18 12 9 6
1633936330.262 48 33 27 20 12 11 5
1633936330.510 47 33 27 18 13 11 9
1633936330.761 47 33 31 19 13 11 6
1633936331.010 47 32 26 18 12 10 6
1633936331.261 47 31 28 19 13 9 6
1633936331.511 49 31 28 19 12 8 7
1633936331.762 50 31 26 18 13 8 6
1633936332.014 47 34 30 18 12 10 7
1633936332.264 48 34 28 19 12 10 6
1633936332.512 46 34 28 18 12 10 6
1633936332.762 46 32 27 16 12 10 7
1633936333.011 46 33 26 16 10 11 6
1633936333.260 45 33 26 19 12 9 6
1633936333.516 47 32 29 20 13 10 5
1633936333.760 48 32 28 16 12 11 9
1633936334.012 47 31 28 18 9 11 7
1633936334.260 47 34 27 17 14 9 6
1633936334.512 46 32 29 18 11 10 6
1633936334.761 47 32 29 21 11 10 4
1633936335.010 47 34 28 18 12 12 10
1633936335.261 48 34 27 16 14 9 7
1633936335.511 48 33 30 16 13 12 5
1633936335.761 46 35 30 17 11 11 7
1633936336.010 47 32 26 18 15 12 9
1633936336.262 46 33 26 17 13 14 6
1633936336.511 46 32 26 17 11 13 8
1633936336.762 47 32 28 18 13 13 6
1633936337.010 47 32 28 21 12 11 6
1633936337.260 49 32 27 19 12 11 6
1633936337.512 48 33 29 19 12 11 7
1633936337.763 47 32 25 20 12 11 5
1633936338.010 48 31 27 19 13 11 5
1633936338.261 49 33 28 19 12 12 9
1633936338.511 46 34 30 19 12 10 6
1633936338.760 46 33 28 18 12 10 8
1633936339.011 51 31 28 20 12 10 7
1633936339.261 48 33 27 18 12 11 8
1633936339.511 49 34 26 18 14 11 7
1633936339.760 50 32 28 19 10 10 7
1633936340.012 47 33 29 18 12 12 9
1633936340.262 47 33 27 19 13 11 6
1633936340.511 48 35 26 16 12 12 9
1633936340.762 47 33 27 18 11 12 7
1633936341.011 48 35 25 19 12 11 6
1633936341.265 48 32 26 19 12 12 6
1633936341.510 47 32 26 16 13 11 6
1633936341.760 47 32 28 19 11 12 7
1633936342.012 46 31 27 17 12 12 8
1633936342.261 48 33 29 18 12 10 9
1633936342.511 45 32 26 20 12 11 5
1633936342.760 48 32 29 17 12 9 8
1633936343.019 47 34 26 19 14 10 5
1633936343.260 47 33 27 18 13 9 7
1633936343.512 51 33 27 19 12 10 5
1633936343.764 45 32 27 19 16 9 6
1633936344.010 46 33 28 18 13 12 8
1633936344.261 47 33 27 18 13 10 5
1633936344.511 47 32 27 19 14 10 4
1633936344.761 47 32 27 19 12 11 5
1633936345.012 48 33 28 20 13 11 6
1633936345.262 46 34 27 18 11 13 7
1633936345.511 47 31 27 18 11 9 5
1633936345.765 49 35 26 19 12 9 5
1633936346.014 46 31 26 18 14 10 7
1633936346.265 46 34 27 18 15 9 6
1633936346.512 46 32 28 18 14 10 7
1633936346.763 47 34 29 18 11 11 5
1633936347.014 46 32 28 19 12 10 7
1633936347.263 48 33 28 21 14 11 7
1633936347.512 46 33 29 18 11 9 5
1633936347.765 50 31 28 20 13 10 7
1633936348.011 48 32 28 20 11 12 6
1633936348.261 49 34 27 18 13 9 6
1633936348.523 48 33 29 19 15 9 6
1633936348.761 46 32 29 18 15 9 7
1633936349.015 50 32 27 18 11 10 6
1633936349.263 49 33 28 17 14 11 7
1633936349.513 46 33 27 18 12 15 5
1633936349.764 48 33 26 20 15 11 7
1633936350.012 47 31 27 18 14 11 8
1633936350.261 49 32 27 19 14 10 5
1633936350.517 46 32 27 20 12 12 6
1633936350.761 46 33 28 21 12 12 6
1633936351.011 48 33 28 19 10 13 5
1633936351.264 47 31 25 18 12 11 8
1633936351.512 46 33 28 18 14 10 6
1633936351.763 50 32 28 20 11 10 8
1633936352.011 48 34 26 19 13 10 9
1633936352.261 48 32 28 19 12 10 6
1633936352.512 48 30 26 19 12 12 6
1633936352.765 48 33 28 18 12 9 6
1633936353.012 48 34 26 19 13 11 7
1633936353.262 48 33 28 21 11 11 5
1633936353.512 48 33 28 20 13 9 7
1633936353.762 47 35 28 17 13 11 7
1633936354.017 47 33 30 19 12 12 4
1633936354.261 49 33 26 19 13 9 7
1633936354.511 49 34 29 20 13 10 5
1633936354.761 48 32 27 19 12 11 4
1633936355.013 50 34 29 19 12 12 6
1633936355.264 48 31 29 19 12 10 4
1633936355.512 46 32 27 19 12 10 7
1633936355.762 46 34 24 19 12 12 4
1633936356.016 47 32 28 17 14 11 4
1633936356.263 47 32 25 18 13 8 7
1633936356.514 45 34 27 20 13 11 7
1633936356.763 50 31 29 18 13 12 7
1633936357.016 47 33 27 19 13 12 8
1633936357.264 46 32 27 18 13 12 5
1633936357.515 47 33 27 21 14 10 6
1633936357.763 47 34 28 20 13 12 5
1633936358.012 50 31 26 20 12 11 8
1633936358.261 47 34 27 17 11 11 8
1633936358.528 46 32 28 20 14 11 8
1633936358.762 47 35 27 20 12 11 6
1633936359.014 49 32 28 18 15 10 6
1633936359.268 47 34 27 19 13 12 6
1633936359.512 46 34 26 18 11 9 7
1633936359.764 48 31 28 17 12 11 7
1633936360.012 47 32 27 19 13 12 5
1633936360.264 46 33 27 22 16 11 7
1633936360.513 48 32 27 17 11 10 10
1633936360.764 48 32 28 19 14 11 9
1633936361.013 46 34 29 18 12 12 7
1633936361.262 46 34 26 18 11 12 9
1633936361.512 47 33 29 17 16 9 5
1633936361.762 46 33 29 20 14 12 9
1633936362.012 46 32 28 17 13 10 5
1633936362.263 47 33 27 20 11 11 6
1633936362.514 46 35 28 19 12 10 5
1633936362.766 46 33 27 18 13 10 7
1633936363.020 47 32 27 22 14 11 5
1633936363.262 46 33 28 21 12 9 8
1633936363.513 47 34 27 19 14 9 8
1633936363.770 46 35 30 18 12 13 6
1633936364.012 46 33 28 19 12 10 5
1633936364.264 48 34 27 18 13 10 6
1633936364.513 46 34 28 18 12 10 5
1633936364.762 46 34 32 18 14 10 6
1633936365.012 49 32 27 19 13 11 7
1633936365.262 48 33 29 19 11 10 8
1633936365.512 48 34 30 20 14 10 9
1633936365.764 49 32 27 18 13 11 5
1633936366.015 48 32 29 18 14 9 5
1633936366.262 46 32 27 17 13 13 6
1633936366.517 48 34 28 17 13 10 8
1633936366.767 49 32 27 17 12 10 7
1633936367.012 49 32 27 21 15 9 6
1633936367.275 46 32 27 18 12 11 9
1633936367.513 49 32 29 18 13 9 8
1633936367.769 45 32 28 19 13 9 6
1633936368.013 46 33 27 21 11 10 7
1633936368.263 49 34 27 20 13 10 8
1633936368.523 46 33 26 20 14 10 6
1633936368.762 47 33 30 18 13 13 9
1633936369.016 47 37 29 19 14 12 6
1633936369.266 48 33 27 18 13 12 7
1633936369.514 48 33 26 18 14 11 4
1633936369.767 46 33 29 21 12 9 6
1633936370.014 47 33 26 18 15 10 7
1633936370.269 47 32 27 20 14 11 6
1633936370.513 49 33 28 19 13 10 11
1633936370.766 48 33 27 19 12 9 7
1633936371.016 47 34 30 20 14 9 8
1633936371.262 46 32 26 19 12 12 5
1633936371.513 46 33 26 18 13 11 8
1633936371.764 48 31 29 18 13 13 8
1633936372.012 47 34 30 19 13 9 5
1633936372.264 47 34 27 20 12 10 7
1633936372.515 47 32 29 20 14 11 6
1633936372.762 46 34 29 20 13 10 6
1633936373.015 46 33 29 17 13 11 5
1633936373.263 48 33 29 19 14 10 8
1633936373.515 49 34 28 19 12 9 7
1633936373.766 46 34 28 19 13 13 5
1633936374.014 46 33 29 20 13 9 6
1633936374.264 47 34 27 18 13 10 6
1633936374.513 46 34 28 19 12 9 8
1633936374.765 47 33 26 19 12 10 8
1633936375.013 48 33 27 19 12 10 7
1633936375.267 48 34 28 20 11 10 5
1633936375.516 47 32 27 20 13 11 6
1633936375.764 49 31 26 19 11 10 6
1633936376.013 47 35 28 19 13 14 6
1633936376.263 47 33 28 20 14 13 10
1633936376.514 46 31 29 18 13 10 7
1633936376.766 49 32 27 19 12 9 8
1633936377.014 50 34 28 19 12 10 5
1633936377.263 46 33 27 21 12 11 4
1633936377.512 48 33 28 20 13 9 6
1633936377.765 47 33 28 19 14 9 6
1633936378.013 48 34 27 19 12 12 5
1633936378.263 48 33 28 18 13 11 8
1633936378.517 48 32 27 19 13 11 5
1633936378.766 48 33 28 18 13 10 7
1633936379.012 47 32 28 20 12 10 4
1633936379.262 47 33 28 21 11 10 6
1633936379.514 47 32 28 21 11 9 4
1633936379.763 48 32 26 20 13 11 6
1633936380.014 49 34 27 18 13 10 7
1633936380.266 49 32 27 17 15 14 9
1633936380.514 47 32 30 18 14 10 5
1633936380.764 45 34 29 20 10 11 8
1633936381.015 47 32 29 19 12 10 10
1633936381.263 48 33 28 20 13 11 6
1633936381.514 49 32 26 21 13 13 6
1633936381.763 49 33 29 18 11 12 8
1633936382.013 48 34 32 19 12 10 8
1633936382.263 48 33 29 19 13 11 5
1633936382.513 47 32 27 20 11 11 7
1633936382.763 48 30 28 19 11 11 5
1633936383.015 47 31 26 19 14 10 6
1633936383.263 48 34 27 19 13 9 5
1633936383.513 47 32 26 19 12 11 7
1633936383.766 47 32 29 19 11 12 5
1633936384.013 47 36 26 18 12 11 6
1633936384.263 48 35 27 19 13 11 8
1633936384.514 45 32 29 19 13 9 6
1633936384.765 48 33 26 18 14 11 7
1633936385.014 46 30 29 21 13 10 9
1633936385.266 46 31 26 22 12 13 6
1633936385.514 47 34 30 20 16 12 7
1633936385.764 47 35 27 19 12 9 7
1633936386.016 48 32 29 18 13 10 7
1633936386.263 48 33 26 19 14 10 5
1633936386.513 48 32 29 21 13 9 7
1633936386.767 46 34 29 19 14 11 6
1633936387.014 47 33 27 21 15 10 7
1633936387.270 47 35 27 17 13 9 5
1633936387.515 46 33 26 19 13 9 5
1633936387.764 47 33 27 17 12 10 7
1633936388.020 48 32 26 18 12 9 7
1633936388.264 47 33 28 19 16 11 6
1633936388.515 48 31 29 18 14 11 6
1633936388.767 46 32 28 19 12 11 9
1633936389.014 45 34 27 17 14 9 6
1633936389.266 45 34 28 20 14 11 6
1633936389.514 49 35 28 20 13 11 7
1633936389.765 47 31 27 19 13 12 4
1633936390.014 50 32 27 21 15 13 7
1633936390.264 48 33 29 19 12 12 10
1633936390.514 47 34 29 21 13 12 5
1633936390.765 48 34 26 18 13 10 7
1633936391.014 48 34 27 18 14 9 10
1633936391.266 48 31 26 20 14 13 5
1633936391.519 47 32 28 18 13 12 7
1633936391.763 47 33 28 20 15 11 4
1633936392.019 45 32 27 19 13 12 4
1633936392.266 50 31 25 18 13 12 6
1633936392.513 45 30 27 17 12 11 6
1633936392.765 47 34 28 19 15 14 8
1633936393.020 48 34 27 17 13 12 8
1633936393.263 46 32 29 17 14 12 5
1633936393.515 49 34 29 20 12 12 8
1633936393.764 47 33 27 17 12 11 7
1633936394.013 49 32 27 18 14 12 6
1633936394.268 46 34 27 17 14 12 7
1633936394.514 49 33 27 18 13 10 5
1633936394.764 47 33 27 17 15 11 6
1633936395.015 47 33 28 18 14 10 4
1633936395.288 50 31 28 17 12 12 6
1633936395.514 48 32 26 18 13 11 6
1633936395.766 46 33 28 18 13 11 8
1633936396.014 47 33 27 18 14 11 8
1633936396.268 46 34 30 18 11 11 5
1633936396.519 48 33 25 21 17 10 5
1633936396.766 47 33 27 19 13 10 9
1633936397.017 48 34 25 18 12 13 6
1633936397.268 49 32 28 18 13 11 7
1633936397.515 47 33 27 19 16 10 5
1633936397.766 46 34 28 18 12 11 5
1633936398.014 47 33 28 20 11 10 6
1633936398.269 48 34 27 18 14 11 5
1633936398.516 48 34 25 18 12 12 6
1633936398.765 47 33 28 20 13 11 7
1633936399.015 45 33 27 18 13 11 6
1633936399.265 47 32 27 19 12 9 10
1633936399.515 47 34 27 17 12 11 7
1633936399.770 48 31 27 19 12 11 6
1633936400.016 47 34 28 19 11 9 5
1633936400.267 47 33 30 17 14 10 7
1633936400.516 47 34 26 18 12 10 6
1633936400.768 46 30 27 18 13 10 7
1633936401.015 48 32 28 20 14 12 5
1633936401.264 47 30 28 20 13 10 4
1633936401.515 47 34 28 21 13 9 7
1633936401.765 45 32 28 18 15 12 7
1633936402.014 48 31 29 18 12 9 5
1633936402.266 49 33 30 19 12 11 6
1633936402.520 50 32 30 17 14 12 6
1633936402.765 48 30 27 19 13 12 4
1633936403.015 50 34 29 15 12 8 5
1633936403.264 47 35 29 19 11 10 7
1633936403.515 50 34 31 17 12 10 7
1633936403.766 48 37 27 16 12 12 9
1633936404.014 49 33 27 18 12 9 6
1633936404.269 47 33 26 16 13 9 5
1633936404.514 47 35 29 17 13 10 5
1633936404.764 45 34 29 17 14 11 5
1633936405.015 48 35 28 18 13 12 6
1633936405.266 47 31 27 17 13 10 9
1633936405.515 48 31 29 18 13 10 8
1633936405.765 50 32 28 19 12 9 6
1633936406.014 48 31 26 20 12 11 7
1633936406.265 46 34 27 18 14 12 7
1633936406.516 47 35 26 20 10 10 6
1633936406.765 47 33 30 18 12 8 5
1633936407.015 47 33 28 19 14 9 8
1633936407.272 47 34 27 18 12 10 6
1633936407.515 47 31 25 18 14 9 6
1633936407.766 48 31 28 20 13 9 6
1633936408.021 48 34 28 19 14 11 5
1633936408.265 46 31 31 20 13 9 8
1633936408.518 48 31 28 20 13 10 7
1633936408.769 48 31 29 18 12 10 6
1633936409.016 48 33 27 16 11 10 5
1633936409.268 49 34 28 19 13 10 7
1633936409.519 47 31 27 19 14 10 10
1633936409.767 47 31 28 16 10 11 6
1633936410.016 48 30 27 18 12 10 8
1633936410.267 48 33 26 17 15 11 7
1633936410.516 45 32 28 16 13 11 6
1633936410.767 49 34 28 19 13 13 6
1633936411.016 46 33 27 20 12 11 6
1633936411.268 47 34 26 19 14 13 7
1633936411.523 48 33 30 20 13 12 7
1633936411.766 46 30 28 19 11 11 6
1633936412.015 47 33 28 16 11 11 7
1633936412.266 46 33 28 16 13 12 7
1633936412.516 48 33 26 18 13 13 6
1633936412.767 46 33 26 18 16 12 6
1633936413.017 47 32 26 21 14 12 6
1633936413.267 49 33 28 19 15 11 8
1633936413.516 47 33 27 20 14 10 6
1633936413.766 50 32 27 18 13 10 5
1633936414.016 46 34 26 18 13 11 8
1633936414.265 47 32 27 17 14 14 7
1633936414.518 48 33 28 19 13 10 8
1633936414.767 48 32 29 16 13 12 9
1633936415.015 46 34 27 17 11 10 6
1633936415.265 48 32 27 18 13 11 6
1633936415.515 45 33 29 18 12 12 6
1633936415.768 49 33 26 19 13 9 6
1633936416.017 47 32 28 17 15 11 7
1633936416.271 48 33 26 20 14 7 7
1633936416.517 47 31 30 21 13 14 7
1633936416.767 48 34 28 18 14 11 6
1633936417.016 47 33 29 18 12 11 7
1633936417.270 46 35 29 19 12 11 5
1633936417.518 46 32 28 19 13 11 9
1633936417.766 48 30 29 21 15 11 6
1633936418.017 48 34 29 19 13 12 7
1633936418.271 50 33 27 17 14 12 6
1633936418.515 48 31 28 20 12 10 8
1633936418.767 48 31 26 19 15 12 6
1633936419.016 46 31 26 18 12 8 5
1633936419.269 48 32 28 19 12 10 8
1633936419.516 46 31 29 20 13 11 6
1633936419.765 48 32 27 17 13 10 6
1633936420.015 48 33 28 19 13 12 4
1633936420.266 49 33 28 19 15 10 4
1633936420.516 48 31 28 18 12 11 6
1633936420.766 47 33 29 17 15 10 9
1633936421.017 51 31 27 18 14 11 8
1633936421.265 47 34 27 18 15 10 5
1633936421.519 46 33 27 18 12 12 6
1633936421.768 48 31 26 20 11 9 9
1633936422.016 47 32 28 19 13 11 7
1633936422.266 47 32 27 20 11 12 5
1633936422.527 46 33 27 17 14 12 7
1633936422.765 46 32 28 17 14 10 7
1633936423.016 47 33 26 18 12 9 7
1633936423.266 49 33 28 18 12 10 7
1633936423.517 48 34 28 17 12 10 6
1633936423.766 49 33 27 19 13 11 8
1633936424.017 47 32 27 19 12 11 8
1633936424.270 49 35 26 18 12 13 7
1633936424.517 46 32 28 19 15 12 5
1633936424.767 47 32 30 16 12 12 5
1633936425.017 50 34 30 19 10 12 8
1633936425.267 48 34 30 20 12 12 6
1633936425.517 48 34 28 19 14 13 6
1633936425.773 48 34 27 17 14 10 8
1633936426.016 46 32 29 18 15 12 7
1633936426.266 47 33 27 18 14 15 5
1633936426.517 48 31 28 18 13 13 6
1633936426.768 47 32 27 17 14 12 7
1633936427.017 47 34 29 19 15 11 5
1633936427.267 47 33 28 19 12 11 8
1633936427.516 48 33 28 20 13 11 8
1633936427.768 46 32 28 19 12 10 6
1633936428.017 47 35 27 20 12 12 5
1633936428.266 46 31 31 18 12 12 7
1633936428.517 46 32 28 20 13 11 6
1633936428.768 47 32 26 19 12 12 6
1633936429.017 45 33 27 21 13 12 6
1633936429.267 48 34 28 19 14 10 6
1633936429.518 49 34 29 21 14 13 7
1633936429.767 48 31 29 19 13 10 7
1633936430.021 48 32 29 23 13 11 6
1633936430.275 47 33 27 19 13 11 7
1633936430.519 46 32 28 20 14 11 7
1633936430.770 48 32 27 21 13 11 7
1633936431.016 47 33 27 19 12 10 6
1633936431.267 49 33 28 18 14 11 7
1633936431.517 47 32 27 20 13 10 7
1633936431.775 46 34 28 20 15 13 7
1633936432.018 47 31 27 19 13 11 4
1633936432.267 47 32 29 17 14 12 7
1633936432.517 47 33 25 18 13 11 6
1633936432.767 48 31 29 20 13 10 7
1633936433.018 49 33 27 19 11 11 6
1633936433.270 47 33 28 18 12 12 7
1633936433.518 46 34 29 18 14 13 6
1633936433.768 46 33 27 19 13 12 8
1633936434.017 46 31 27 20 12 12 5
1633936434.274 46 34 26 19 15 10 7
1633936434.516 47 33 28 19 13 12 8
1633936434.766 47 35 28 19 13 12 7
1633936435.016 48 34 28 18 14 11 5
1633936435.269 46 32 27 17 10 12 5
1633936435.520 47 32 27 19 13 12 9
1633936435.766 48 32 28 18 13 11 4
1633936436.016 45 32 27 17 14 12 4
1633936436.267 48 33 28 18 13 11 6
1633936436.517 46 34 28 16 13 13 6
1633936436.767 47 34 26 17 12 12 8
1633936437.019 48 33 26 19 13 10 6
1633936437.269 47 34 27 17 12 10 5
1633936437.518 47 33 26 18 15 11 7
1633936437.768 49 32 26 17 14 10 5
1633936438.016 49 34 28 18 12 11 5
1633936438.267 46 34 28 17 15 10 7
1633936438.518 46 30 27 18 15 12 7
1633936438.770 46 31 29 19 14 10 5
1633936439.016 48 34 28 20 13 8 7
1633936439.268 48 34 28 21 15 11 7
1633936439.516 46 34 29 18 14 14 7
1633936439.768 48 35 27 17 13 13 7
1633936440.022 48 32 28 17 11 11 6
1633936440.266 48 31 30 20 14 11 5
1633936440.518 47 33 29 19 13 12 6
1633936440.769 48 34 26 18 14 12 5
1633936441.018 47 33 30 18 13 12 7
1633936441.267 47 33 30 19 13 11 7
1633936441.518 46 34 27 18 14 12 8
1633936441.768 47 34 28 17 12 11 10
1633936442.018 47 32 30 17 13 12 6
1633936442.268 46 32 29 19 11 11 3
1633936442.517 46 32 27 18 14 12 7
1633936442.767 47 34 28 17 12 13 7
1633936443.018 48 34 28 18 14 12 9
1633936443.267 48 33 28 17 16 10 5
1633936443.519 46 31 26 19 13 12 5
1633936443.767 48 34 26 18 13 12 6
1633936444.021 50 32 25 18 13 11 5
1633936444.270 48 32 26 19 14 10 6
1633936444.522 48 34 28 19 12 12 4
1633936444.768 47 33 27 18 13 10 6
1633936445.021 47 33 28 18 12 13 6
1633936445.268 46 32 27 20 14 12 7
1633936445.521 46 32 27 20 13 12 7
1633936445.768 48 33 27 18 12 10 6
1633936446.020 47 34 28 18 14 12 7
1633936446.267 49 33 29 18 13 10 6
1633936446.518 46 35 29 18 13 11 5
1633936446.767 46 34 27 19 15 10 5
1633936447.017 46 36 26 19 14 12 6
1633936447.267 47 31 28 18 12 11 6
1633936447.517 47 30 28 17 12 10 7
1633936447.768 48 33 28 17 13 11 6
1633936448.018 48 33 27 18 15 11 4
1633936448.273 46 33 28 17 13 11 5
1633936448.518 47 34 27 18 12 12 6
1633936448.768 46 33 27 20 12 9 7
1633936449.020 47 33 27 20 12 13 7
1633936449.267 47 33 27 18 14 9 7
1633936449.523 46 32 28 18 14 10 7
1633936449.769 49 32 27 18 14 11 6
1633936450.018 48 33 28 18 14 11 8
1633936450.270 48 36 29 20 13 12 5
1633936450.520 50 31 28 20 14 10 5
1633936450.768 47 34 28 17 14 10 5
1633936451.020 48 31 27 19 12 12 6
1633936451.270 49 34 29 18 14 13 7
1633936451.518 46 34 26 18 15 13 7
1633936451.767 48 34 26 17 13 13 6
1633936452.018 47 33 28 20 11 12 6
1633936452.269 46 32 26 17 14 13 5
1633936452.519 47 33 28 21 13 9 6
1633936452.770 46 34 27 20 13 9 6
1633936453.018 48 34 29 17 13 12 9
1633936453.267 48 32 27 18 14 12 7
1633936453.520 48 36 27 18 12 12 7
1633936453.767 49 31 28 17 13 12 5
1633936454.019 48 35 27 18 12 11 5
1633936454.267 47 31 29 18 13 13 5
1633936454.518 48 34 26 17 15 12 6
1633936454.769 49 34 27 20 15 10 6
1633936455.022 48 33 26 19 14 12 6
1633936455.268 47 32 28 17 13 13 6
1633936455.519 47 34 28 17 12 13 7
1633936455.773 48 32 27 20 12 13 10
1633936456.017 48 33 27 21 13 13 7
1633936456.268 47 33 31 18 14 12 9
1633936456.521 47 33 29 18 11 10 6
1633936456.767 46 32 26 18 15 11 7
1633936457.018 50 34 28 18 16 11 5
1633936457.272 49 33 29 18 15 11 8
1633936457.518 46 32 27 19 14 11 5
1633936457.768 47 32 26 19 14 13 7
1633936458.017 48 32 26 18 13 11 7
1633936458.272 48 33 28 17 12 13 8
1633936458.519 48 33 28 21 14 10 8
1633936458.771 49 34 27 19 14 11 9
1633936459.028 47 34 29 18 15 12 8
1633936459.269 48 32 27 20 13 13 7
1633936459.519 49 31 27 18 13 12 8
1633936459.768 45 33 27 18 14 13 6
1633936460.020 51 33 29 17 12 13 6
1633936460.270 48 32 28 17 14 11 6
1633936460.521 49 30 27 19 13 12 6
1633936460.770 49 34 27 19 13 12 5
1633936461.019 46 36 26 19 15 12 8
1633936461.270 47 31 26 19 13 12 6
1633936461.517 46 34 26 19 12 11 6
1633936461.770 46 33 29 18 13 11 4
1633936462.020 50 33 29 17 13 10 5
1633936462.269 47 33 28 19 12 11 5
1633936462.533 48 32 28 18 12 11 8
1633936462.770 50 31 31 20 13 11 5
1633936463.018 48 32 27 18 14 11 8
1633936463.273 46 34 26 18 14 10 6
1633936463.518 47 33 29 17 12 12 5
1633936463.768 46 32 28 17 14 10 6
1633936464.020 48 33 28 18 14 10 6
1633936464.269 46 33 27 19 15 11 8
1633936464.520 47 31 28 16 14 12 6
1633936464.776 45 32 28 17 14 10 7
1633936465.018 47 30 26 19 13 10 5
1633936465.269 47 34 28 19 12 11 6
1633936465.522 48 32 29 20 14 10 10
1633936465.768 48 32 27 17 12 10 5
1633936466.021 48 32 26 18 12 10 6
1633936466.271 47 31 28 18 13 10 4
1633936466.526 47 36 28 19 11 12 8
1633936466.769 51 33 28 19 12 10 8
1633936467.020 47 33 26 19 15 11 7
1633936467.275 45 32 27 20 14 10 6
1633936467.523 49 34 25 19 13 11 7
1633936467.769 48 33 28 18 13 10 6
1633936468.024 47 34 28 18 14 12 6
1633936468.270 47 33 29 18 13 12 5
1633936468.530 45 34 27 19 11 8 7
1633936468.771 48 33 27 18 14 10 7
1633936469.018 48 31 27 18 14 9 7
1633936469.276 47 33 27 19 14 10 7
1633936469.518 48 33 27 19 14 9 7
1633936469.769 48 35 28 18 15 9 7
1633936470.022 48 32 29 19 13 10 8
1633936470.270 47 33 28 18 14 11 6
1633936470.525 50 33 27 19 12 10 6
1633936470.772 48 33 28 16 13 10 7
1633936471.027 49 34 28 17 12 12 9
1633936471.272 45 35 28 17 14 10 6
1633936471.518 47 34 27 18 12 12 6
1633936471.770 47 31 27 19 12 10 6
1633936472.020 50 31 28 18 14 11 7
1633936472.269 49 33 28 18 12 11 6
1633936472.520 48 31 27 18 11 11 4
1633936472.768 50 30 28 17 13 9 7
1633936473.019 48 31 29 17 13 10 5
1633936473.270 46 33 27 19 14 12 9
1633936473.520 47 33 28 19 13 12 5
1633936473.768 47 36 27 20 12 9 5
1633936474.020 46 32 28 21 16 9 6
1633936474.270 49 32 27 19 13 9 5
1633936474.520 48 33 30 21 14 12 8
1633936474.773 46 31 31 17 15 12 6
1633936475.023 45 33 30 18 15 12 6
1633936475.271 48 34 28 18 14 9 6
1633936475.524 46 33 27 20 12 10 6
1633936475.769 46 33 29 19 15 12 7
1633936476.021 48 33 27 18 13 11 7
1633936476.270 47 33 28 19 13 12 6
1633936476.520 48 34 28 18 13 12 5
1633936476.771 46 32 27 17 13 11 8
1633936477.021 48 32 28 20 14 12 6
1633936477.269 48 33 28 19 14 12 6
1633936477.521 46 32 27 19 16 11 6
1633936477.770 47 33 27 20 14 11 6
1633936478.021 48 32 26 20 13 11 5
1633936478.271 50 32 28 19 12 10 6
1633936478.522 45 33 27 19 13 11 6
1633936478.772 48 34 27 18 13 13 4
1633936479.021 48 32 28 20 12 12 4
1633936479.272 47 32 28 18 13 10 8
1633936479.521 46 33 28 18 14 14 7
1633936479.770 47 32 27 20 14 12 7
1633936480.020 48 32 26 20 12 11 5
1633936480.270 46 34 27 19 14 12 6
1633936480.520 48 33 28 20 13 11 9
1633936480.772 48 32 28 19 12 13 5
1633936481.019 49 32 28 19 14 10 6
1633936481.271 47 32 28 18 13 9 4
1633936481.520 47 34 28 20 13 11 5
1633936481.769 48 32 28 18 13 12 7
1633936482.022 46 33 27 21 11 12 7
1633936482.270 46 32 28 19 13 11 7
1633936482.520 50 33 27 19 11 12 6
1633936482.771 45 32 27 19 12 13 5
1633936483.022 49 34 30 21 13 11 6
1633936483.269 45 32 30 20 16 11 6
1633936483.520 45 31 28 18 13 11 7
1633936483.774 48 31 27 20 14 13 7
1633936484.025 46 33 29 17 15 11 6
1633936484.270 46 32 27 19 14 10 7
1633936484.521 47 33 28 17 17 11 6
1633936484.769 48 34 29 21 12 12 8
1633936485.023 45 31 26 19 14 11 5
1633936485.270 48 33 29 19 13 11 5
1633936485.521 47 34 28 18 13 9 7
1633936485.770 47 32 29 19 13 13 6
1633936486.019 47 31 29 19 14 9 6
1633936486.270 49 33 27 20 14 11 7
1633936486.522 46 33 29 17 12 11 10
1633936486.769 49 35 28 19 14 9 5
1633936487.024 46 34 27 19 13 9 7
1633936487.275 48 34 29 19 12 13 8
1633936487.521 46 33 28 18 15 10 6
1633936487.770 47 35 27 17 14 11 5
1633936488.020 49 32 27 19 13 11 7
1633936488.269 46 35 26 19 13 11 5
1633936488.522 45 34 27 17 13 12 6
1633936488.771 46 30 28 20 12 10 7
1633936489.021 46 34 27 20 13 10 4
1633936489.275 46 32 26 20 14 12 7
1633936489.521 47 32 29 19 13 11 5
1633936489.771 49 32 28 18 13 12 6
1633936490.021 48 35 25 18 15 9 7
1633936490.269 47 32 27 17 15 13 4
1633936490.522 48 31 26 20 13 10 5
1633936490.770 46 30 26 19 11 10 6
1633936491.021 47 33 27 17 13 12 4
1633936491.272 46 31 28 19 12 10 8
1633936491.521 47 34 26 18 16 10 6
1633936491.770 45 34 28 18 12 9 7
1633936492.032 47 34 28 17 13 11 7
1633936492.270 46 34 27 18 15 11 8
1633936492.522 48 34 26 19 13 11 6
1633936492.774 45 33 28 19 13 10 6
1633936493.021 45 33 27 20 14 12 9
1633936493.272 47 32 27 18 13 12 5
1633936493.525 47 33 26 19 14 10 6
1633936493.770 45 32 27 19 14 12 5
1633936494.020 46 33 27 17 12 10 8
1633936494.273 47 33 25 20 13 11 5
1633936494.520 48 31 28 18 13 10 6
1633936494.774 46 35 26 20 13 12 7
1633936495.024 49 31 27 18 15 12 6
1633936495.272 48 32 28 16 15 11 7
1633936495.520 46 33 28 17 15 12 7
1633936495.774 49 32 27 20 14 12 4
1633936496.023 47 32 29 18 15 10 6
1633936496.271 47 32 27 19 14 12 6
1633936496.520 46 33 27 17 13 10 7
1633936496.771 47 30 28 19 15 13 7
1633936497.020 46 31 28 17 14 12 7
1633936497.270 48 32 26 19 12 12 4
1633936497.523 47 32 28 17 12 10 8
1633936497.770 47 33 29 17 15 11 6
1633936498.020 46 30 27 17 14 11 5
1633936498.275 47 34 28 18 13 10 6
1633936498.521 46 31 27 17 14 11 6
1633936498.771 48 33 27 17 15 11 7
1633936499.028 47 32 26 19 11 10 6
1633936499.270 49 33 27 20 13 13 6
1633936499.523 48 33 27 20 13 10 5
1633936499.771 47 31 27 18 12 13 5
1633936500.020 47 33 28 19 15 10 6
1633936500.272 49 31 28 20 13 12 6
1633936500.523 46 33 29 18 14 12 6
1633936500.772 47 30 29 17 15 12 8
1633936501.020 48 33 31 18 13 11 7
1633936501.278 49 31 28 19 13 12 8
1633936501.520 49 31 30 17 14 8 8
1633936501.771 47 33 26 16 13 13 8
1633936502.022 46 30 27 19 15 11 6
1633936502.275 46 33 30 17 14 11 7
1633936502.520 49 34 27 19 12 12 6
1633936502.779 46 33 27 20 13 12 6
1633936503.020 48 34 30 19 15 11 8
1633936503.272 48 32 28 18 15 10 6
1633936503.526 47 31 28 19 14 10 4
1633936503.771 48 32 27 17 13 11 4
1633936504.026 47 31 28 17 14 12 6
1633936504.276 49 37 28 20 12 11 5
1633936504.520 48 32 28 19 13 11 6
1633936504.786 47 32 25 19 15 9 8
1633936505.025 45 31 25 18 15 12 6
1633936505.286 47 33 27 21 11 10 7
1633936505.525 47 36 28 20 14 11 7
1633936505.772 48 33 28 18 15 12 7
1633936506.027 49 34 28 20 14 10 8
1633936506.277 47 32 26 18 13 10 7
1633936506.523 49 33 32 18 12 10 8
1633936506.775 47 32 28 18 15 11 7
1633936507.021 46 31 28 19 12 14 6
1633936507.272 47 31 28 20 11 13 6
1633936507.524 50 32 28 19 12 11 5
1633936507.772 48 33 27 19 13 13 7
1633936508.024 46 33 28 20 14 12 3
1633936508.272 47 34 30 21 11 13 8
1633936508.526 49 34 27 21 14 10 4
1633936508.774 49 31 27 19 14 13 7
1633936509.022 47 34 29 19 11 13 5
1633936509.273 48 33 27 18 14 14 7
1633936509.521 49 31 26 20 13 12 5
1633936509.774 47 32 27 18 16 11 6
1633936510.023 48 34 27 19 12 11 6
1633936510.271 48 33 26 19 13 14 6
1633936510.527 47 30 27 18 12 10 6
1633936510.771 47 35 29 20 12 13 6
1633936511.022 48 31 27 19 12 11 7
1633936511.272 46 34 28 21 17 10 7
1633936511.521 46 33 27 19 14 13 6
1633936511.774 48 31 27 21 12 10 6
1633936512.022 50 33 28 17 14 10 5
1633936512.272 47 31 29 21 13 12 6
1633936512.522 49 32 27 18 14 14 5
1633936512.774 46 31 28 18 12 10 6
1633936513.025 47 32 27 17 15 10 4
1633936513.272 46 32 27 19 11 12 3
1633936513.521 47 33 27 20 13 11 6
1633936513.771 49 34 27 20 12 10 6
1633936514.024 47 33 27 20 14 10 8
1633936514.272 48 34 27 20 13 11 5
1633936514.523 48 32 29 20 12 11 5
1633936514.772 48 32 29 19 13 9 6
1633936515.026 46 31 28 17 13 10 7
1633936515.274 47 33 28 18 12 10 6
1633936515.523 47 32 26 18 12 11 7
1633936515.771 48 38 33 19 14 9 5
1633936516.023 46 32 26 19 14 11 6
1633936516.272 46 33 27 20 13 10 7
1633936516.521 47 33 32 18 14 12 8
1633936516.774 47 33 28 17 10 10 5
1633936517.023 45 32 25 18 13 8 7
1633936517.273 46 33 27 18 14 11 6
1633936517.523 48 32 27 21 13 10 6
1633936517.774 48 31 28 20 12 12 6
1633936518.021 46 32 29 21 12 12 8
1633936518.273 48 32 27 18 14 11 6
1633936518.523 46 31 29 19 14 13 6
1633936518.772 48 32 29 18 12 11 7
1633936519.024 48 32 28 18 14 11 10
1633936519.272 47 31 27 17 13 12 5
1633936519.523 48 33 28 19 12 10 6
1633936519.773 48 32 29 18 10 9 6
1633936520.022 48 32 26 18 13 13 7
1633936520.274 47 33 28 18 12 10 6
1633936520.525 46 33 28 18 12 12 7
1633936520.771 49 32 28 18 14 12 6
1633936521.026 47 31 29 20 13 11 9
1633936521.273 49 34 27 21 14 10 6
1633936521.522 46 32 27 17 14 12 6
1633936521.774 48 30 27 19 12 14 5
1633936522.026 48 31 27 18 11 11 7
1633936522.272 46 32 28 18 13 9 5
1633936522.523 48 33 28 18 14 8 8
1633936522.775 48 31 28 18 13 10 5
1633936523.023 47 32 28 18 12 10 7
1633936523.275 47 32 26 19 14 12 6
1633936523.523 47 29 26 18 13 11 7
1633936523.773 47 32 29 18 14 10 6
1633936524.025 46 34 26 19 14 10 7
1633936524.272 45 31 27 19 12 11 4
1633936524.521 47 31 28 17 13 10 8
1633936524.776 45 32 27 18 11 12 7
1633936525.022 46 32 28 19 14 9 5
1633936525.272 45 32 26 17 14 10 7
1633936525.521 47 32 26 18 13 13 5
1633936525.772 47 32 26 18 13 10 9
1633936526.024 48 35 29 19 12 10 5
1633936526.272 48 32 27 18 15 11 6
1633936526.522 48 34 28 18 14 13 8
1633936526.776 48 32 29 19 13 11 7
1633936527.022 48 33 28 17 13 11 5
1633936527.272 48 32 27 18 13 12 5
1633936527.524 46 31 29 18 14 12 6
1633936527.772 47 32 28 17 13 11 8
1633936528.023 46 32 28 19 13 12 5
1633936528.272 47 34 28 19 15 12 5
1633936528.522 45 32 28 19 12 10 5
1633936528.784 48 33 27 19 12 12 6
1633936529.022 47 32 27 19 13 12 6
1633936529.273 46 34 27 20 14 12 8
1633936529.522 47 33 28 18 14 11 5
1633936529.772 48 33 29 18 13 12 7
1633936530.023 46 32 27 17 11 12 6
1633936530.277 49 31 28 20 15 12 5
1633936530.522 48 32 28 19 14 13 8
1633936530.773 48 32 26 20 15 13 6
1633936531.027 49 32 28 18 14 10 5
1633936531.274 47 32 25 17 14 10 4
1633936531.523 46 33 26 17 13 9 6
1633936531.772 48 33 28 18 14 10 4
1633936532.024 47 33 25 19 12 9 6
1633936532.272 47 31 27 17 12 13 5
1633936532.522 46 34 27 19 12 12 5
1633936532.772 44 32 27 17 12 11 5
1633936533.029 47 35 27 19 13 9 5
1633936533.272 48 33 25 18 13 11 5
1633936533.525 48 32 28 16 13 11 6
1633936533.775 47 32 27 18 14 12 8
1633936534.028 48 31 28 18 13 10 7
1633936534.275 46 32 27 19 14 12 5
1633936534.522 45 36 27 20 14 12 8
1633936534.772 47 32 26 20 12 11 7
1633936535.022 46 32 26 18 16 9 5
1633936535.273 49 31 27 19 12 10 5
1633936535.522 47 34 28 17 14 11 5
1633936535.772 46 33 26 19 13 13 5
1633936536.023 47 30 27 19 13 11 6
1633936536.272 47 32 27 19 13 11 4
1633936536.529 47 34 27 17 13 10 5
1633936536.773 47 34 27 17 13 9 7
1633936537.024 47 33 28 19 11 12 4
1633936537.273 47 32 28 19 14 11 7
1633936537.524 47 31 28 17 15 10 7
1633936537.774 48 31 26 18 13 11 5
1633936538.024 46 31 28 18 12 12 7
1633936538.274 46 30 28 20 13 13 6
1633936538.524 46 33 28 18 11 10 4
1633936538.774 46 33 27 18 14 10 6
1633936539.023 46 33 28 18 12 12 7
